 ==========================================================================================
 =========                __  ___                         ____  ______            =========
 ======                  /  |/  /___ _______________     / __ \/ ____/               ======
 ====                   / /|_/ / __ `/ ___/ ___/ __ \   / / / / /                      ====
 ===                   / /  / / /_/ / /__/ /  / /_/ /  / /_/ / /___                     ===
 ==                   /_/  /_/\__,_/\___/_/   \____/   \___\_\____/                      ==
 ===                                                                1.0.4                ===
 =====     An electronic structure theory software for large-scale applications       =====
 ======                                 See license.txt for license info             ======
 =========                                                                        =========
 ==========================================================================================
                                                                                           
                           * * * * * * * * * * * * * * * * * * * *                        
                           *            Developed by             *                        
                           *             U. Bozkaya              *                        
                           *                                     *                        
                           *       With contributions from:      *                        
                           *         B. Ermis, Y. Alagoz,        *                        
                           *         A. Unal, and A. K. Uyar     *                        
                           *         Git Version: deab493        *                        
                           *       Latest Revision: 2026-03-23   *                        
                           * * * * * * * * * * * * * * * * * * * *                        


 Run date: Wed Mar 25 10:33:43 2026
 
 Hostname: ub32 

 ## MacroQC input file ##
 ******************************************************************************************
$set_molecule
0 1
N       0.7159675324    -1.2070860714     0.0001871153
C      -1.3860316646    -0.0001659314     0.0204905483
C       1.3698823135    -0.0226536056     0.0008486332
C      -0.6884883853     1.2069619429     0.0048548372
C       0.7045246351     1.1991897722     0.0003474512
C      -0.6361568291    -1.1697461540     0.0047250567
C      -2.8800239472    -0.0370022319    -0.0123207932
C       2.8682939746    -0.0639289804    -0.0048024783
H      -1.2208356677     2.1544574742    -0.0034387393
H       1.2574958680     2.1327011114    -0.0064056763
H      -1.1139424569    -2.1459127849    -0.0053738872
H      -3.2336304409    -0.0176388801    -1.0477896961
H      -3.2608015212    -0.9416240950     0.4734721480
H      -3.3025823026     0.8204816684     0.5219333778
H       3.2300443920    -1.0971368642     0.0068478351
H       3.2563562316     0.4230507061    -0.9047947067
H       3.2641225877     0.4452952923     0.8793800071
$end_molecule


$set_globals
   basis cc-pvdz
  method mp2
  reference rhf
  jobtype energy
  memory 30000
$end_globals


$set_scf
  e_convergence 1.0e-8
  d_convergence 1.0e-6
  guess sad
  solvation true
$end_scf


$set_solvation
  cds_type smd
  radius_type smd
  solvent_params mn21
  dielectric_params mn21 #sm8
  sasa_type numeric
  solvent water
  num_ang_points 100
  charge_type iao_mulliken #iao_lowdin, mulliken, lowdin
  coulomb_radii smd
$end_solvation

$set_dfocc
solvation true
$end_dfocc

 ******************************************************************************************


	-Geometry before Center-of-Mass shift (ang): 
	 Number     Atom               X                    Y                       Z  
	 ---------------------------------------------------------------------------------------
           1     N             0.7159675324         -1.2070860714           0.0001871153  
           2     C            -1.3860316646         -0.0001659314           0.0204905483  
           3     C             1.3698823135         -0.0226536056           0.0008486332  
           4     C            -0.6884883853          1.2069619429           0.0048548372  
           5     C             0.7045246351          1.1991897722           0.0003474512  
           6     C            -0.6361568291         -1.1697461540           0.0047250567  
           7     C            -2.8800239472         -0.0370022319          -0.0123207932  
           8     C             2.8682939746         -0.0639289804          -0.0048024783  
           9     H            -1.2208356677          2.1544574742          -0.0034387393  
          10     H             1.2574958680          2.1327011114          -0.0064056763  
          11     H            -1.1139424569         -2.1459127849          -0.0053738872  
          12     H            -3.2336304409         -0.0176388801          -1.0477896961  
          13     H            -3.2608015212         -0.9416240950           0.4734721480  
          14     H            -3.3025823026          0.8204816684           0.5219333778  
          15     H             3.2300443920         -1.0971368642           0.0068478351  
          16     H             3.2563562316          0.4230507061          -0.9047947067  
          17     H             3.2641225877          0.4452952923           0.8793800071  



	-Geometry after Center-of-Mass shift (ang): 
	 Atom               X                    Y                       Z  
	 -------------------------------------------------------------------
     N           0.7055337590         -1.1906160281          -0.0006113608  
     C          -1.3964654380          0.0163041119           0.0196920722  
     C           1.3594485401         -0.0061835623           0.0000501571  
     C          -0.6989221587          1.2234319862           0.0040563611  
     C           0.6940908617          1.2156598155          -0.0004510249  
     C          -0.6465906025         -1.1532761107           0.0039265806  
     C          -2.8904577206         -0.0205321886          -0.0131192693  
     C           2.8578602012         -0.0474589371          -0.0056009544  
     H          -1.2312694411          2.1709275175          -0.0042372154  
     H           1.2470620946          2.1491711547          -0.0072041524  
     H          -1.1243762303         -2.1294427416          -0.0061723633  
     H          -3.2440642143         -0.0011688368          -1.0485881722  
     H          -3.2712352946         -0.9251540517           0.4726736719  
     H          -3.3130160760          0.8369517117           0.5211349017  
     H           3.2196106186         -1.0806668209           0.0060493590  
     H           3.2459224582          0.4395207494          -0.9055931828  
     H           3.2536888143          0.4617653356           0.8785815310  


	-Geometry after Center-of-Mass shift (bohr): 
	 Atom               X                    Y                       Z  
	 -------------------------------------------------------------------
     N           1.3332655767         -2.2499382138          -0.0011553046  
     C          -2.6389372216          0.0308103061           0.0372126232  
     C           2.5689854224         -0.0116852393           0.0000947831  
     C          -1.3207714630          2.3119513870           0.0076654115  
     C           1.3116416347          2.2972641129          -0.0008523136  
     C          -1.2218791541         -2.1793759963           0.0074201619  
     C          -5.4621734692         -0.0388002133          -0.0247918260  
     C           5.4005730850         -0.0896843934          -0.0105842699  
     H          -2.3267620304          4.1024584462          -0.0080071767  
     H           2.3566058202          4.0613448790          -0.0136138751  
     H          -2.1247631373         -4.0240635815          -0.0116640763  
     H          -6.1303928985         -0.0022087815          -1.9815444639  
     H          -6.1817387988         -1.7482877817           0.8932237865  
     H          -6.2606930330          1.5816095153           0.9848022385  
     H           6.0841822997         -2.0421643244           0.0114316317  
     H           6.1339044704          0.8305738427          -1.7113230967  
     H           6.1485807564          0.8726100184           1.6602784724  


    Rotational Constants: A =     0.18349  B =     0.04969  C =      0.03969 [cm^-1] 
    Rotor Type: SYMMETRIC 

	-Nuclear Dipole Moment: (e a0)  
	 X:  -1.14358   Y:  1.80518   Z:  -0.08752   Total:  2.13872 

	-Nuclear Dipole Moment: (D)  
	 X:  -2.90670   Y:  4.58832   Z:  -0.22244   Total:  5.43609 


    Nuclear repulsion energy (V_NN)              : 344.171448730891 
   =====================================================
   Charge                : 0 
   Multiplicity          : 1 
   Number of Atoms       : 17 
   Number of Ghost Atoms : 0 
   Number of Electrons   : 58 
   Number of alpha occupied orbitals (NoccA)  : 29 
   Number of beta occupied orbitals (NoccB)   : 29 
   Number of singly occupied orbitals (Nsocc) : 0 
   Number of doubly occupied orbitals (Ndocc) : 29 
   =====================================================



  ## GLOBALS Options ##

  | TYPE         | KEY                      | INPUT? | VALUE              | DEFAULT            
  |--------------|--------------------------|--------|--------------------|--------------------
  | BOOL         | ERI_DISK                 | NO     | FALSE              | FALSE              
  | BOOL         | FREEZE_CORE              | NO     | TRUE               | TRUE               
  | BOOL         | MOL_FRAG                 | NO     | FALSE              | FALSE              
  | BOOL         | NOCOM                    | NO     | FALSE              | FALSE              
  | BOOL         | NOREORIENT               | NO     | TRUE               | TRUE               
  | BOOL         | PUREAM                   | NO     | TRUE               | TRUE               
  | BOOL         | ML                       | NO     | FALSE              | FALSE              
  | BOOL         | READ_PDB                 | NO     | FALSE              | FALSE              
  | BOOL         | TEST_MODE                | NO     | FALSE              | FALSE              
  | INT          | DERIVE_LEVEL             | NO     | 0                  | 0                  
  | INT          | FINDIF_POINTS            | NO     | 3                  | 3                  
  | INT          | MEMORY                   | YES    | 30000              | 2000               
  | INT          | NUM_THREADS              | NO     | 1                  | 1                  
  | INT          | NUM_FROZEN_DOCC          | NO     | 0                  | 0                  
  | INT          | NUM_FROZEN_VIR           | NO     | 0                  | 0                  
  | INT          | PRINT_LEVEL              | NO     | 0                  | 0                  
  | STRING       | AUX_BASIS_CORR           | NO     | CC-PVDZ-RI         | CC-PVDZ-RI         
  | STRING       | AUX_BASIS_SCF            | NO     | CC-PVDZ-JKFIT      | CC-PVDZ-JKFIT      
  | STRING       | BASIS                    | YES    | CC-PVDZ            | CC-PVDZ            
  | STRING       | BASIS2                   | NO     | MINAO              | MINAO              
  | STRING       | DERIVE_TYPE              | NO     | ANALYTIC           | ANALYTIC           
  | STRING       | FINDIF_METHOD            | NO     | GRAD               | GRAD               
  | STRING       | GEOM_UNITS               | NO     | ANG                | ANG                
  | STRING       | JOBTYPE                  | YES    | ENERGY             | ENERGY             
  | STRING       | METHOD                   | YES    | MP2                | SCF                
  | STRING       | REFERENCE                | YES    | RHF                | RHF                
  | STRING       | OUTFILE_MODE             | NO     | NEW                | NEW                
  | DOUBLE       | STEP_BOHR                | NO     | 0.05               | 0.05               
  | STR_ARRAY    | MOLECULE_GEOM_FROM       | NO     | [input]            | [input]            
  | DOUBLE_ARRAY | ELECTRIC_STRENGTH        | NO     | [0.001;0.001;0.001]| [0.001;0.001;0.001]
  | STRING       | ELECTRIC_FIELD           | NO     | NONE               | NONE               
  | STRING       | ALIGN_TWO_ATOMS          | NO     | NONE               | NONE               
  | INT_ARRAY    | TWO_ATOMS                | NO     | [0]                | [0]                



  ## INTS Options ##

  | TYPE         | KEY                      | INPUT? | VALUE              | DEFAULT            
  |--------------|--------------------------|--------|--------------------|--------------------
  | DOUBLE       | BOYS_CUTOFF              | NO     | 1e-15              | 1e-15              
  | DOUBLE       | BOYS_ZERO                | NO     | 1e-06              | 1e-06              
  | DOUBLE       | DELTA_X                  | NO     | 0.1                | 0.1                
  | DOUBLE       | INTEGRAL_CUTOFF          | NO     | 1e-10              | 1e-10              
  | DOUBLE       | X_MAX                    | NO     | 30.0               | 30.0               
  | INT          | BOYS_MAXITER             | NO     | 10000              | 10000              
  | INT          | MAX_AM                   | NO     | 7                  | 7                  
  | INT          | MAX_AM_AUX               | NO     | 7                  | 7                  
  | INT          | PRINT_LEVEL              | NO     | 0                  | 0                  
  | INT          | TAYLOR_ORDER             | NO     | 6                  | 6                  
  | STRING       | 3INDEX_ALGORITHM         | NO     | AUTO               | AUTO               
  | STRING       | BOYS_METHOD              | NO     | GHP                | GHP                
  | STRING       | ERI_ALGORITHM            | NO     | MD4                | MD4                


	Initializing Liboeprop (by U. Bozkaya) ...

	*=================================================================*
	*                  SCF                                            *
	*   Developed by U. Bozkaya & Y. Alagoz                           *
	*   Latest revision Feb 16, 2021                                  *
	*=================================================================*



  ## SCF Options ##

  | TYPE         | KEY                      | INPUT? | VALUE              | DEFAULT            
  |--------------|--------------------------|--------|--------------------|--------------------
  | BOOL         | DIIS_DAMP                | NO     | FALSE              | FALSE              
  | BOOL         | DIE_IF_NOT_CONVERGED     | NO     | TRUE               | TRUE               
  | BOOL         | DO_DF                    | NO     | TRUE               | TRUE               
  | BOOL         | DIIS                     | NO     | TRUE               | TRUE               
  | BOOL         | FOCK_DAMP                | NO     | FALSE              | FALSE              
  | BOOL         | GUESS_MIX                | NO     | FALSE              | FALSE              
  | BOOL         | GUESS_PREVIOUS           | NO     | FALSE              | FALSE              
  | BOOL         | LOCAL                    | NO     | FALSE              | FALSE              
  | BOOL         | RETRY                    | NO     | TRUE               | TRUE               
  | DOUBLE       | CUTOFF                   | NO     | 1e-10              | 1e-10              
  | DOUBLE       | D_CONVERGENCE            | YES    | 1e-06              | 1e-06              
  | DOUBLE       | DAMP_PARAM               | NO     | 0.02               | 0.02               
  | DOUBLE       | E_CONVERGENCE            | YES    | 1e-08              | 1e-08              
  | DOUBLE       | FOCK_DAMP_PERC           | NO     | 20.0               | 20.0               
  | DOUBLE       | MIN_OVERLAP_EIGVAL       | NO     | 1e-06              | 1e-06              
  | DOUBLE       | LOCAL_CONVERGENCE        | NO     | 1e-08              | 1e-08              
  | DOUBLE       | QC_GUESS_E_CONVERGENCE   | NO     | 0.0001             | 0.0001             
  | DOUBLE       | QC_GUESS_D_CONVERGENCE   | NO     | 0.005              | 0.005              
  | INT          | MAX_DIIS                 | NO     | 6                  | 6                  
  | INT          | MIN_DIIS                 | NO     | 2                  | 2                  
  | INT          | PRINT_LEVEL              | NO     | 0                  | 0                  
  | INT          | SCF_MAXITER              | NO     | 50                 | 50                 
  | INT          | LOCAL_MAXITER            | NO     | 50                 | 50                 
  | STRING       | DIIS_ALGORITHM           | NO     | DISK               | DISK               
  | STRING       | GUESS                    | YES    | SAD                | SAD                
  | BOOL         | MO_WRITE                 | NO     | FALSE              | FALSE              
  | BOOL         | FOCK_WRITE               | NO     | FALSE              | FALSE              
  | STRING       | ORTH_TYPE                | NO     | CANONICAL          | CANONICAL          
  | STRING       | ROHF_CANONIC_TYPE        | NO     | GUEST              | GUEST              
  | STRING       | ERI                      | NO     | INCORE             | INCORE             
  | STRING       | SCF_ALGORITHM            | NO     | ROOTHAAN           | ROOTHAAN           
  | STRING       | LOCAL_TYPE               | NO     | BOYS               | BOYS               
  | BOOL         | SAD_FRAC_OCC             | NO     | TRUE               | TRUE               
  | BOOL         | SAD_SPIN_AVERAGE         | NO     | TRUE               | TRUE               
  | DOUBLE       | SAD_E_CONVERGENCE        | NO     | 1e-05              | 1e-05              
  | DOUBLE       | SAD_D_CONVERGENCE        | NO     | 1e-05              | 1e-05              
  | INT          | SAD_MAXITER              | NO     | 50                 | 50                 
  | BOOL         | NIE                      | NO     | FALSE              | FALSE              
  | BOOL         | SAD_DIIS                 | NO     | TRUE               | TRUE               
  | INT          | SAD_MAX_DIIS             | NO     | 6                  | 6                  
  | INT          | SAD_MIN_DIIS             | NO     | 2                  | 2                  
  | INT          | SAD_PRINT                | NO     | 0                  | 0                  
  | STRING       | SAD_AUX_BASIS            | NO     | SAD-FIT            | SAD-FIT            
  | DOUBLE       | SAD_CHOLESKY_TOLERANCE   | NO     | 1e-07              | 1e-07              
  | BOOL         | SOLVATION                | YES    | TRUE               | FALSE              
  | BOOL         | BYPASS                   | NO     | FALSE              | FALSE              
  | STRING       | IAO_TYPE                 | NO     | STANDARD2013       | STANDARD2013       
  | BOOL         | USE_IAOS                 | NO     | FALSE              | FALSE              

	Initializing libdiis ...
	Initializing libmolint 1.1 ...
 CC-PVDZ primary basis set file will be read for the N atom...
 CC-PVDZ primary basis set file will be read for the C atom...
 CC-PVDZ primary basis set file will be read for the H atom...
 Nmaxthread: 24 
 Nshell: 75 
 Lmax:  2 
 Npmax:  8 
 Nao: 157 
 Ndocc: 29 
 Nsocc:  0 
 NoccA: 29 
 NoccB: 29 
 Primary basis set info has been read.

 CC-PVDZ-JKFIT aux basis set file will be read for the N atom...
 CC-PVDZ-JKFIT aux basis set file will be read for the C atom...
 CC-PVDZ-JKFIT aux basis set file will be read for the H atom...
 Nshell_aux: 273 
 Naux: 767 
 Aux basis set info has been read.

 orth_type: CANONICAL 
 Cpu time for S ints :       0.0300 s
 Wall time for S ints:       0.0387 s

 Using canonical orthogonalization. 
 Minimum eigenvalue in the overlap matrix is:   5.6245E-04 

 Cpu time for T ints :       0.2500 s
 Wall time for T ints:       0.0620 s
 Cpu time for V ints :       1.0200 s
 Wall time for V ints:       0.4365 s
 Cpu time for Metric ints :       1.4500 s
 Wall time for Metric ints:       0.4386 s
 3-Index Algorithm: AUTO 

 Calling fortran integrals: ringing... 
 Done with fintegrals.

 Cpu time for 3-index ints :       5.3900 s
 Wall time for 3-index ints:       1.7007 s
 Cpu time for df-factors :       0.5400 s
 Wall time for df-factors:       0.1659 s


 Puream (True=1, False=0) : 1
 Number of AO             : 157
 Number of MO             : 157
 Number of Aux Functions  : 767
 Charge                   : 0
 Multiplicity             : 1
 Alpha OCC                : 29
 Beta OCC                 : 29
 Nuclear Repulsion Energy : 344.17144873
 Energy Treshold          : 1.0e-08
 Density Treshold         : 1.0e-06
 Iteration Limit          : 50
 Guess                    : SAD
 Guess Mix                : false
 Diis                     : true
 Diis Damping             : false
 Diis Damp Parameter      : 0.02
 Diis Algorithm           : DISK
 Cutoff Treshold          : 1.0e-10
 Density Fitting          : true
 Reference                : RHF
 Die If Not Converged     : true
 Print Level              : 0
 ERI Algorithm            : INCORE
 SCF Algorithm            : ROOTHAAN




  ## SOLVATION Options ##

  | TYPE         | KEY                      | INPUT? | VALUE              | DEFAULT            
  |--------------|--------------------------|--------|--------------------|--------------------
  | INT          | NUM_Z_POINTS             | NO     | 90                 | 90                 
  | INT          | NUM_ANG_POINTS           | YES    | 100                | 100                
  | STRING       | SASA_TYPE                | YES    | NUMERIC            | NUMERIC            
  | STRING       | CHARGE_TYPE              | YES    | IAO_MULLIKEN       | IAO_MULLIKEN       
  | STRING       | CDS_TYPE                 | YES    | SMD                | SMD                
  | STRING       | SOLVENT                  | YES    | WATER              | WATER              
  | STRING       | SOLVENT_PARAMS           | YES    | MN21               | SM8                
  | STRING       | DIELECTRIC_PARAMS        | YES    | MN21               | MN21               
  | STRING       | COULOMB_RADII            | YES    | SMD                | SMD                
  | DOUBLE       | COVALENT_VW_CONST        | NO     | 0.76               | 0.76               
  | DOUBLE       | SOLVENT_RADIUS           | NO     | 0.4                | 0.4                
  | STRING       | RADIUS_TYPE              | YES    | SMD                | SMD                
  | DOUBLE       | GB_DIJ                   | NO     | 3.7                | 3.7                
  | DOUBLE       | GB_SIJ                   | NO     | 0.75               | 0.75               
  | DOUBLE       | GB_CIJ                   | NO     | 0.0                | 0.0                
  | DOUBLE       | F_PWSASA                 | NO     | 0.4535             | 0.4535             
  | DOUBLE       | SCALE_VDW                | NO     | 1.0                | 1.0                
  | DOUBLE       | SCALE_CR                 | NO     | 1.0                | 1.0                



 Sasa Type                  : NUMERIC 
 Charge Type                : IAO_MULLIKEN 
 CDS Type                   : SMD 
 Radius Type                : SMD 
 Solvent                    : WATER 
 Solvent Parameters         : MN21 
 Dielectric Parameters      : MN21 
 Coulomb Radii Parameters   : SMD 
 GB d_ij parameter          : 3.7000000000 
 GB S_ij parameter          : 0.7500000000 
 GB C_ij parameter          : 0.0000000000 
 Sclae_vdw parameter        : 1.0000000000 
 Number of z-points         : 90 
 Number of angular points   : 100 
 Number of SASA grid points : 17902 
 Solvent Dielectric Constant: 78.3553000000 

 VDW Radii:
	  1 N :       1.5500  ang
	  2 C :       1.7000  ang
	  3 C :       1.7000  ang
	  4 C :       1.7000  ang
	  5 C :       1.7000  ang
	  6 C :       1.7000  ang
	  7 C :       1.7000  ang
	  8 C :       1.7000  ang
	  9 H :       1.2000  ang
	 10 H :       1.2000  ang
	 11 H :       1.2000  ang
	 12 H :       1.2000  ang
	 13 H :       1.2000  ang
	 14 H :       1.2000  ang
	 15 H :       1.2000  ang
	 16 H :       1.2000  ang
	 17 H :       1.2000  ang

	 Computing SASA... 

 Atomic SASA values:
	  1 N :      12.9936  ang^2
	  2 C :       5.1821  ang^2
	  3 C :       6.1293  ang^2
	  4 C :       9.9741  ang^2
	  5 C :      10.0019  ang^2
	  6 C :      11.1411  ang^2
	  7 C :       9.2621  ang^2
	  8 C :       9.3488  ang^2
	  9 H :      12.1010  ang^2
	 10 H :      12.4137  ang^2
	 11 H :      12.0920  ang^2
	 12 H :      12.8270  ang^2
	 13 H :      11.7883  ang^2
	 14 H :      11.8854  ang^2
	 15 H :      12.1603  ang^2
	 16 H :      12.6545  ang^2
	 17 H :      12.6257  ang^2

	*Total SASA (angs^2): 184.5807858982 


 Coulomb Radii:
	  1 N :       1.8900  ang
	  2 C :       1.8500  ang
	  3 C :       1.8500  ang
	  4 C :       1.8500  ang
	  5 C :       1.8500  ang
	  6 C :       1.8500  ang
	  7 C :       1.8500  ang
	  8 C :       1.8500  ang
	  9 H :       1.2000  ang
	 10 H :       1.2000  ang
	 11 H :       1.2000  ang
	 12 H :       1.2000  ang
	 13 H :       1.2000  ang
	 14 H :       1.2000  ang
	 15 H :       1.2000  ang
	 16 H :       1.2000  ang
	 17 H :       1.2000  ang
 Solvent Alpha                       : 1.1700000000 

 ## Effective Born Radius (bohr) ##
   0   4.7080240571 
   1   4.8474528625 
   2   4.7941262914 
   3   4.6703651511 
   4   4.6689969713 
   5   4.6251257794 
   6   4.1232411055 
   7   4.1051143702 
   8   3.3334137800 
   9   3.3365900753 
  10   3.3478157860 
  11   3.1933618988 
  12   3.2393410156 
  13   3.2344170378 
  14   3.2639780249 
  15   3.2123422705 
  16   3.2129905273 

 Effective Born Radii:
	  1 N :       2.4914  ang
	  2 C :       2.5652  ang
	  3 C :       2.5369  ang
	  4 C :       2.4715  ang
	  5 C :       2.4707  ang
	  6 C :       2.4475  ang
	  7 C :       2.1819  ang
	  8 C :       2.1723  ang
	  9 H :       1.7640  ang
	 10 H :       1.7656  ang
	 11 H :       1.7716  ang
	 12 H :       1.6899  ang
	 13 H :       1.7142  ang
	 14 H :       1.7116  ang
	 15 H :       1.7272  ang
	 16 H :       1.6999  ang
	 17 H :       1.7002  ang


 Coulomb Integrals:
	  1  1 :       0.2124  bohr^-1
	  1  2 :       0.1606  bohr^-1
	  1  3 :       0.1910  bohr^-1
	  1  4 :       0.1517  bohr^-1
	  1  5 :       0.1628  bohr^-1
	  1  6 :       0.1938  bohr^-1
	  1  7 :       0.1285  bohr^-1
	  1  8 :       0.1677  bohr^-1
	  1  9 :       0.1291  bohr^-1
	  1 10 :       0.1434  bohr^-1
	  1 11 :       0.1915  bohr^-1
	  1 12 :       0.1201  bohr^-1
	  1 13 :       0.1260  bohr^-1
	  1 14 :       0.1136  bohr^-1
	  1 15 :       0.1742  bohr^-1
	  1 16 :       0.1516  bohr^-1
	  1 17 :       0.1513  bohr^-1
	  2  1 :       0.1606  bohr^-1
	  2  2 :       0.2063  bohr^-1
	  2  3 :       0.1506  bohr^-1
	  2  4 :       0.1897  bohr^-1
	  2  5 :       0.1613  bohr^-1
	  2  6 :       0.1906  bohr^-1
	  2  7 :       0.1964  bohr^-1
	  2  8 :       0.1171  bohr^-1
	  2  9 :       0.1860  bohr^-1
	  2 10 :       0.1424  bohr^-1
	  2 11 :       0.1857  bohr^-1
	  2 12 :       0.1893  bohr^-1
	  2 13 :       0.1880  bohr^-1
	  2 14 :       0.1882  bohr^-1
	  2 15 :       0.1089  bohr^-1
	  2 16 :       0.1088  bohr^-1
	  2 17 :       0.1088  bohr^-1
	  3  1 :       0.1910  bohr^-1
	  3  2 :       0.1506  bohr^-1
	  3  3 :       0.2086  bohr^-1
	  3  4 :       0.1622  bohr^-1
	  3  5 :       0.1907  bohr^-1
	  3  6 :       0.1652  bohr^-1
	  3  7 :       0.1173  bohr^-1
	  3  8 :       0.1974  bohr^-1
	  3  9 :       0.1430  bohr^-1
	  3 10 :       0.1866  bohr^-1
	  3 11 :       0.1465  bohr^-1
	  3 12 :       0.1095  bohr^-1
	  3 13 :       0.1090  bohr^-1
	  3 14 :       0.1083  bohr^-1
	  3 15 :       0.1881  bohr^-1
	  3 16 :       0.1893  bohr^-1
	  3 17 :       0.1893  bohr^-1
	  4  1 :       0.1517  bohr^-1
	  4  2 :       0.1897  bohr^-1
	  4  3 :       0.1622  bohr^-1
	  4  4 :       0.2141  bohr^-1
	  4  5 :       0.1927  bohr^-1
	  4  6 :       0.1645  bohr^-1
	  4  7 :       0.1651  bohr^-1
	  4  8 :       0.1288  bohr^-1
	  4  9 :       0.2313  bohr^-1
	  4 10 :       0.1881  bohr^-1
	  4 11 :       0.1436  bohr^-1
	  4 12 :       0.1567  bohr^-1
	  4 13 :       0.1441  bohr^-1
	  4 14 :       0.1681  bohr^-1
	  4 15 :       0.1133  bohr^-1
	  4 16 :       0.1233  bohr^-1
	  4 17 :       0.1234  bohr^-1
	  5  1 :       0.1628  bohr^-1
	  5  2 :       0.1613  bohr^-1
	  5  3 :       0.1907  bohr^-1
	  5  4 :       0.1927  bohr^-1
	  5  5 :       0.2142  bohr^-1
	  5  6 :       0.1544  bohr^-1
	  5  7 :       0.1283  bohr^-1
	  5  8 :       0.1658  bohr^-1
	  5  9 :       0.1884  bohr^-1
	  5 10 :       0.2313  bohr^-1
	  5 11 :       0.1311  bohr^-1
	  5 12 :       0.1202  bohr^-1
	  5 13 :       0.1137  bohr^-1
	  5 14 :       0.1249  bohr^-1
	  5 15 :       0.1430  bohr^-1
	  5 16 :       0.1637  bohr^-1
	  5 17 :       0.1639  bohr^-1
	  6  1 :       0.1938  bohr^-1
	  6  2 :       0.1906  bohr^-1
	  6  3 :       0.1652  bohr^-1
	  6  4 :       0.1645  bohr^-1
	  6  5 :       0.1544  bohr^-1
	  6  6 :       0.2162  bohr^-1
	  6  7 :       0.1657  bohr^-1
	  6  8 :       0.1316  bohr^-1
	  6  9 :       0.1440  bohr^-1
	  6 10 :       0.1313  bohr^-1
	  6 11 :       0.2318  bohr^-1
	  6 12 :       0.1564  bohr^-1
	  6 13 :       0.1690  bohr^-1
	  6 14 :       0.1448  bohr^-1
	  6 15 :       0.1300  bohr^-1
	  6 16 :       0.1190  bohr^-1
	  6 17 :       0.1188  bohr^-1
	  7  1 :       0.1285  bohr^-1
	  7  2 :       0.1964  bohr^-1
	  7  3 :       0.1173  bohr^-1
	  7  4 :       0.1651  bohr^-1
	  7  5 :       0.1283  bohr^-1
	  7  6 :       0.1657  bohr^-1
	  7  7 :       0.2425  bohr^-1
	  7  8 :       0.0911  bohr^-1
	  7  9 :       0.1689  bohr^-1
	  7 10 :       0.1112  bohr^-1
	  7 11 :       0.1687  bohr^-1
	  7 12 :       0.2474  bohr^-1
	  7 13 :       0.2460  bohr^-1
	  7 14 :       0.2461  bohr^-1
	  7 15 :       0.0851  bohr^-1
	  7 16 :       0.0849  bohr^-1
	  7 17 :       0.0847  bohr^-1
	  8  1 :       0.1677  bohr^-1
	  8  2 :       0.1171  bohr^-1
	  8  3 :       0.1974  bohr^-1
	  8  4 :       0.1288  bohr^-1
	  8  5 :       0.1658  bohr^-1
	  8  6 :       0.1316  bohr^-1
	  8  7 :       0.0911  bohr^-1
	  8  8 :       0.2436  bohr^-1
	  8  9 :       0.1116  bohr^-1
	  8 10 :       0.1700  bohr^-1
	  8 11 :       0.1151  bohr^-1
	  8 12 :       0.0852  bohr^-1
	  8 13 :       0.0850  bohr^-1
	  8 14 :       0.0844  bohr^-1
	  8 15 :       0.2457  bohr^-1
	  8 16 :       0.2473  bohr^-1
	  8 17 :       0.2472  bohr^-1
	  9  1 :       0.1291  bohr^-1
	  9  2 :       0.1860  bohr^-1
	  9  3 :       0.1430  bohr^-1
	  9  4 :       0.2313  bohr^-1
	  9  5 :       0.1884  bohr^-1
	  9  6 :       0.1440  bohr^-1
	  9  7 :       0.1689  bohr^-1
	  9  8 :       0.1116  bohr^-1
	  9  9 :       0.3000  bohr^-1
	  9 10 :       0.1874  bohr^-1
	  9 11 :       0.1210  bohr^-1
	  9 12 :       0.1590  bohr^-1
	  9 13 :       0.1374  bohr^-1
	  9 14 :       0.1860  bohr^-1
	  9 15 :       0.0957  bohr^-1
	  9 16 :       0.1076  bohr^-1
	  9 17 :       0.1076  bohr^-1
	 10  1 :       0.1434  bohr^-1
	 10  2 :       0.1424  bohr^-1
	 10  3 :       0.1866  bohr^-1
	 10  4 :       0.1881  bohr^-1
	 10  5 :       0.2313  bohr^-1
	 10  6 :       0.1313  bohr^-1
	 10  7 :       0.1112  bohr^-1
	 10  8 :       0.1700  bohr^-1
	 10  9 :       0.1874  bohr^-1
	 10 10 :       0.2997  bohr^-1
	 10 11 :       0.1073  bohr^-1
	 10 12 :       0.1035  bohr^-1
	 10 13 :       0.0961  bohr^-1
	 10 14 :       0.1099  bohr^-1
	 10 15 :       0.1358  bohr^-1
	 10 16 :       0.1743  bohr^-1
	 10 17 :       0.1748  bohr^-1
	 11  1 :       0.1915  bohr^-1
	 11  2 :       0.1857  bohr^-1
	 11  3 :       0.1465  bohr^-1
	 11  4 :       0.1436  bohr^-1
	 11  5 :       0.1311  bohr^-1
	 11  6 :       0.2318  bohr^-1
	 11  7 :       0.1687  bohr^-1
	 11  8 :       0.1151  bohr^-1
	 11  9 :       0.1210  bohr^-1
	 11 10 :       0.1073  bohr^-1
	 11 11 :       0.2987  bohr^-1
	 11 12 :       0.1573  bohr^-1
	 11 13 :       0.1868  bohr^-1
	 11 14 :       0.1378  bohr^-1
	 11 15 :       0.1169  bohr^-1
	 11 16 :       0.1022  bohr^-1
	 11 17 :       0.1020  bohr^-1
	 12  1 :       0.1201  bohr^-1
	 12  2 :       0.1893  bohr^-1
	 12  3 :       0.1095  bohr^-1
	 12  4 :       0.1567  bohr^-1
	 12  5 :       0.1202  bohr^-1
	 12  6 :       0.1564  bohr^-1
	 12  7 :       0.2474  bohr^-1
	 12  8 :       0.0852  bohr^-1
	 12  9 :       0.1590  bohr^-1
	 12 10 :       0.1035  bohr^-1
	 12 11 :       0.1573  bohr^-1
	 12 12 :       0.3131  bohr^-1
	 12 13 :       0.2293  bohr^-1
	 12 14 :       0.2294  bohr^-1
	 12 15 :       0.0797  bohr^-1
	 12 16 :       0.0813  bohr^-1
	 12 17 :       0.0779  bohr^-1
	 13  1 :       0.1260  bohr^-1
	 13  2 :       0.1880  bohr^-1
	 13  3 :       0.1090  bohr^-1
	 13  4 :       0.1441  bohr^-1
	 13  5 :       0.1137  bohr^-1
	 13  6 :       0.1690  bohr^-1
	 13  7 :       0.2460  bohr^-1
	 13  8 :       0.0850  bohr^-1
	 13  9 :       0.1374  bohr^-1
	 13 10 :       0.0961  bohr^-1
	 13 11 :       0.1868  bohr^-1
	 13 12 :       0.2293  bohr^-1
	 13 13 :       0.3087  bohr^-1
	 13 14 :       0.2296  bohr^-1
	 13 15 :       0.0812  bohr^-1
	 13 16 :       0.0778  bohr^-1
	 13 17 :       0.0791  bohr^-1
	 14  1 :       0.1136  bohr^-1
	 14  2 :       0.1882  bohr^-1
	 14  3 :       0.1083  bohr^-1
	 14  4 :       0.1681  bohr^-1
	 14  5 :       0.1249  bohr^-1
	 14  6 :       0.1448  bohr^-1
	 14  7 :       0.2461  bohr^-1
	 14  8 :       0.0844  bohr^-1
	 14  9 :       0.1860  bohr^-1
	 14 10 :       0.1099  bohr^-1
	 14 11 :       0.1378  bohr^-1
	 14 12 :       0.2294  bohr^-1
	 14 13 :       0.2296  bohr^-1
	 14 14 :       0.3092  bohr^-1
	 14 15 :       0.0775  bohr^-1
	 14 16 :       0.0787  bohr^-1
	 14 17 :       0.0803  bohr^-1
	 15  1 :       0.1742  bohr^-1
	 15  2 :       0.1089  bohr^-1
	 15  3 :       0.1881  bohr^-1
	 15  4 :       0.1133  bohr^-1
	 15  5 :       0.1430  bohr^-1
	 15  6 :       0.1300  bohr^-1
	 15  7 :       0.0851  bohr^-1
	 15  8 :       0.2457  bohr^-1
	 15  9 :       0.0957  bohr^-1
	 15 10 :       0.1358  bohr^-1
	 15 11 :       0.1169  bohr^-1
	 15 12 :       0.0797  bohr^-1
	 15 13 :       0.0812  bohr^-1
	 15 14 :       0.0775  bohr^-1
	 15 15 :       0.3064  bohr^-1
	 15 16 :       0.2290  bohr^-1
	 15 17 :       0.2290  bohr^-1
	 16  1 :       0.1516  bohr^-1
	 16  2 :       0.1088  bohr^-1
	 16  3 :       0.1893  bohr^-1
	 16  4 :       0.1233  bohr^-1
	 16  5 :       0.1637  bohr^-1
	 16  6 :       0.1190  bohr^-1
	 16  7 :       0.0849  bohr^-1
	 16  8 :       0.2473  bohr^-1
	 16  9 :       0.1076  bohr^-1
	 16 10 :       0.1743  bohr^-1
	 16 11 :       0.1022  bohr^-1
	 16 12 :       0.0813  bohr^-1
	 16 13 :       0.0778  bohr^-1
	 16 14 :       0.0787  bohr^-1
	 16 15 :       0.2290  bohr^-1
	 16 16 :       0.3113  bohr^-1
	 16 17 :       0.2292  bohr^-1
	 17  1 :       0.1513  bohr^-1
	 17  2 :       0.1088  bohr^-1
	 17  3 :       0.1893  bohr^-1
	 17  4 :       0.1234  bohr^-1
	 17  5 :       0.1639  bohr^-1
	 17  6 :       0.1188  bohr^-1
	 17  7 :       0.0847  bohr^-1
	 17  8 :       0.2472  bohr^-1
	 17  9 :       0.1076  bohr^-1
	 17 10 :       0.1748  bohr^-1
	 17 11 :       0.1020  bohr^-1
	 17 12 :       0.0779  bohr^-1
	 17 13 :       0.0791  bohr^-1
	 17 14 :       0.0803  bohr^-1
	 17 15 :       0.2290  bohr^-1
	 17 16 :       0.2292  bohr^-1
	 17 17 :       0.3112  bohr^-1
    ===> SCF Iteration Started <===

     Iter. |                   Energy |       Delta E |          Drms |
    -------|--------------------------|---------------|---------------|
         1 |      -324.07739993134851 |    -3.241e+02 |     1.329e-02 |
         2 |      -324.63111874700689 |    -5.537e-01 |     2.639e-03 | DIIS
         3 |      -324.77630278012850 |    -1.452e-01 |     6.876e-04 | DIIS
         4 |      -324.79279404820795 |    -1.649e-02 |     3.835e-04 | DIIS
         5 |      -324.79425062861537 |    -1.457e-03 |     5.724e-05 | DIIS
         6 |      -324.79440316919249 |    -1.525e-04 |     1.956e-05 | DIIS
         7 |      -324.79440692788660 |    -3.759e-06 |     1.500e-05 | DIIS
         8 |      -324.79440827633050 |    -1.348e-06 |     2.141e-06 | DIIS
         9 |      -324.79440828116003 |    -4.830e-09 |     1.104e-06 | DIIS
        10 |      -324.79440824501887 |     3.614e-08 |     1.849e-06 | DIIS
        11 |      -324.79440809696530 |     1.481e-07 |     9.340e-07 | DIIS
        12 |      -324.79440804832370 |     4.864e-08 |     1.178e-07 | DIIS
        13 |      -324.79440800072337 |     4.760e-08 |     5.009e-08 | DIIS
        14 |      -324.79440797716939 |     2.355e-08 |     2.630e-08 | DIIS
        15 |      -324.79440797302289 |     4.147e-09 |     1.064e-08 | DIIS


	-Alpha Occupied Orbital Energies (au):  
	 1: -15.5328729329 	 2: -11.2470565144 	 3: -11.2421906838 	 4: -11.2266525631 	 5: -11.2147481419 
	 6: -11.2097624229 	 7: -11.2092479197 	 8: -11.1989675880 	 9: -1.2184839694 	10: -1.0702630034 
	11: -1.0325161060 	12: -0.9576965096 	13: -0.8823395691 	14: -0.8274432496 	15: -0.7743109820 
	16: -0.6507957327 	17: -0.6403226906 	18: -0.5996271501 	19: -0.5638537001 	20: -0.5492364044 
	21: -0.5456863365 	22: -0.5293878341 	23: -0.5156914992 	24: -0.4971152527 	25: -0.4739649904 
	26: -0.4688952000 	27: -0.3803467344 	28: -0.3420690426 	29: -0.2959910015 
	-Alpha Virtual Orbital Energies (au):  
	30: 0.1430097872 	31: 0.1625542546 	32: 0.1991894636 	33: 0.2100919600 	34: 0.2326343313 
	35: 0.2489035549 	36: 0.2659314352 	37: 0.2764917206 	38: 0.2867413058 	39: 0.2909117730 
	40: 0.2970999937 	41: 0.3766614238 	42: 0.3903737182 	43: 0.4079593320 	44: 0.4355089766 
	45: 0.4781787973 	46: 0.4828101836 	47: 0.5405986178 	48: 0.5612627699 	49: 0.5949088771 
	50: 0.6323576069 	51: 0.6546882678 	52: 0.6608950066 	53: 0.6726682470 	54: 0.6952506305 
	55: 0.7037052530 	56: 0.7320813164 	57: 0.7344512666 	58: 0.7469927056 	59: 0.7594727139 
	60: 0.7775516394 	61: 0.8092391459 	62: 0.8128259302 	63: 0.8263497672 	64: 0.8575300487 
	65: 0.8741917497 	66: 0.8779310999 	67: 0.8837567309 	68: 0.8919023917 	69: 0.9031350957 
	70: 0.9076226607 	71: 0.9109719824 	72: 0.9406729673 	73: 0.9532018050 	74: 0.9987311292 
	75: 0.9993159804 	76: 1.0171344845 	77: 1.0542487588 	78: 1.1159571263 	79: 1.1379063064 
	80: 1.1707298572 	81: 1.1748644646 	82: 1.1811474564 	83: 1.1891943971 	84: 1.2087198700 
	85: 1.2449876021 	86: 1.2614890091 	87: 1.2924871680 	88: 1.3162073321 	89: 1.3319740052 
	90: 1.3787470080 	91: 1.3986833237 	92: 1.4123250697 	93: 1.4693874866 	94: 1.5490889470 
	95: 1.5791037100 	96: 1.5937956000 	97: 1.6196212501 	98: 1.6225337368 	99: 1.6848147089 
	100: 1.6915930161 	101: 1.6960818053 	102: 1.7098013088 	103: 1.7528480947 	104: 1.7623927299 
	105: 1.7877298526 	106: 1.7946664199 	107: 1.8684197944 	108: 1.8889002452 	109: 1.8983616813 
	110: 1.9011538708 	111: 1.9189586139 	112: 1.9238659858 	113: 1.9264861815 	114: 1.9361809212 
	115: 1.9676674614 	116: 1.9742285169 	117: 1.9840397852 	118: 2.0045158083 	119: 2.0205340131 
	120: 2.0300107122 	121: 2.0787178844 	122: 2.1071647747 	123: 2.1250669130 	124: 2.1590881975 
	125: 2.2068898301 	126: 2.2179878044 	127: 2.2482987804 	128: 2.2666473684 	129: 2.2808296955 
	130: 2.2861374120 	131: 2.3054500763 	132: 2.3339570330 	133: 2.3560626929 	134: 2.4096677795 
	135: 2.4277925093 	136: 2.4693473515 	137: 2.5237866148 	138: 2.5614603185 	139: 2.5760387954 
	140: 2.6784704543 	141: 2.7048449407 	142: 2.7189962610 	143: 2.7512718187 	144: 2.7558052765 
	145: 2.7686454816 	146: 2.7897513416 	147: 2.8101544672 	148: 2.8441803654 	149: 2.8889136869 
	150: 2.9266252345 	151: 2.9340635960 	152: 3.0524526387 	153: 3.0921511408 	154: 3.1798415332 
	155: 3.2421415537 	156: 3.2860800094 	157: 3.7846237785 


	-Mulliken Population Analysis for SCF:
	 1: -0.3846509191 	 2: -0.3311552493 	 3: 0.0226645421 	 4: 0.0881523326 	 5: -0.0657805744 
	 6: 0.2073955717 	 7: 0.0836226962 	 8: 0.0514853813 	 9: 0.0238207743 	10: 0.0200699380 
	11: 0.0237956971 	12: 0.0533573677 	13: 0.0376811142 	14: 0.0350417550 	15: 0.0469979478 
	16: 0.0440576699 	17: 0.0434439548 

	-Lowdin Population Analysis for SCF:  
	 1: -0.0219915301 	 2: -0.0774512179 	 3: -0.0276724017 	 4: 0.0120362725 	 5: -0.0596603833 
	 6: -0.0120255718 	 7: -0.0331826958 	 8: -0.0399388361 	 9: 0.0302132009 	10: 0.0282956495 
	11: 0.0204459320 	12: 0.0314098143 	13: 0.0293080615 	14: 0.0277184627 	15: 0.0327825424 
	16: 0.0299857389 	17: 0.0297269619 

	-Electronic Dipole Moment: (e a0)  
	 X:  0.73213   Y:  -1.07966   Z:  0.06636   Total:  1.30617 

	-Electronic Dipole Moment: (D)  
	 X:  1.86088   Y:  -2.74423   Z:  0.16868   Total:  3.31996 

	-Total Dipole Moment: (e a0)  
	 X:  -0.41146   Y:  0.72552   Z:  -0.02116   Total:  0.83434 

	-Total Dipole Moment: (D)  
	 X:  -1.04583   Y:  1.84409   Z:  -0.05377   Total:  2.12068 



	Initializing Liboeprop (by U. Bozkaya) ...


	-Mulliken Population Analysis for SCF-IAO:
	 1: -0.3272729473 	 2: -0.0307466342 	 3: 0.1744959935 	 4: -0.1013891095 	 5: -0.1955045738 
	 6: 0.0146230802 	 7: -0.3587089276 	 8: -0.3700659833 	 9: 0.1387947634 	10: 0.1390410580 
	11: 0.1360499781 	12: 0.1309356877 	13: 0.1268327482 	14: 0.1248184228 	15: 0.1421657033 
	16: 0.1282444243 	17: 0.1278869684 

	-Lowdin Population Analysis for SCF-IAO:  
	 1: -0.3272729473 	 2: -0.0307466342 	 3: 0.1744959935 	 4: -0.1013891095 	 5: -0.1955045738 
	 6: 0.0146230802 	 7: -0.3587089276 	 8: -0.3700659833 	 9: 0.1387947634 	10: 0.1390410580 
	11: 0.1360499781 	12: 0.1309356877 	13: 0.1268327482 	14: 0.1248184228 	15: 0.1421657033 
	16: 0.1282444243 	17: 0.1278869684 

	Initializing Liblocal (by U. Bozkaya) ...
  ==> Pipek-Mezey Localizer <==

    Convergence =   1.000E-08
    Maxiter     =          50

    Iteration                   Metric       Residual
    PM    0   1.7094538505082117E+01              -
    PM    1   3.1601101268706710E+01   8.486080E-01
    PM    2   3.6398289579348450E+01   1.518045E-01
    PM    3   3.6626752061699676E+01   6.276737E-03
    PM    4   3.6645307140365404E+01   5.065991E-04
    PM    5   3.6649541026624327E+01   1.155369E-04
    PM    6   3.6651098994390580E+01   4.250988E-05
    PM    7   3.6651816339568192E+01   1.957227E-05
    PM    8   3.6651989050796381E+01   4.712215E-06
    PM    9   3.6652056274390958E+01   1.834105E-06
    PM   10   3.6652075644762625E+01   5.284934E-07
    PM   11   3.6652083933255931E+01   2.261398E-07
    PM   12   3.6652087632736823E+01   1.009351E-07
    PM   13   3.6652089323631159E+01   4.613364E-08
    PM   14   3.6652089780844953E+01   1.247443E-08
    PM   15   3.6652090018086831E+01   6.472806E-09

    PM Localizer converged.



	*Molecular contr. to CDS energy:       0.0000  kcal/mol
	*Total CDS energy:       2.1703  kcal/mol
	*SCF::Polarization Free Energy (au)      : -0.0041856287 
	*SCF::Polarization Free Energy (kcal/mol):      -2.6265 
	*SCF::CDS Free Energy (au)      : 0.0034585355 
	*SCF::CDS Free Energy (kcal/mol):       2.1703 
	*SCF::Total Solvation Free Energy (au)      : -0.0007270931 
	*SCF::Total Solvation Free Energy (kcal/mol):      -0.4563 
 CC-PVDZ primary basis set file will be read for the N atom...
 CC-PVDZ primary basis set file will be read for the C atom...
 CC-PVDZ primary basis set file will be read for the H atom...
 Nmaxthread: 24 
 Nshell: 75 
 Lmax:  2 
 Npmax:  8 
 Nao: 157 
 Ndocc: 29 
 Nsocc:  0 
 NoccA: 29 
 NoccB: 29 
 Primary basis set info has been read.

 CC-PVDZ-JKFIT aux basis set file will be read for the N atom...
 CC-PVDZ-JKFIT aux basis set file will be read for the C atom...
 CC-PVDZ-JKFIT aux basis set file will be read for the H atom...
 Nshell_aux: 273 
 Naux: 767 
 Aux basis set info has been read.


	*Total SCF Energy: -324.79440797302289

 Cpu time for SCF :       2.0872 minutes
 Wall time for SCF:       0.9485 minutes


	MO spaces... 

	 FC   OCC   VIR   FV 
	----------------------
	  8   21   128    0


	Libtrans is initialized (by U. Bozkaya) ...

 ============================================================================== 
 ============================================================================== 
 ============================================================================== 

                       DF-MP2   
              Program Written by Ugur Bozkaya
              Latest Revision May 2, 2021

 ============================================================================== 
 ============================================================================== 
 ============================================================================== 

	For this residual convergence, default PCG convergence is:     1.00e-07
    Warning: "PCG_CONVERGENCE" option is changed to     1.00e-07


  ## DFOCC Options ##

  | TYPE         | KEY                      | INPUT? | VALUE              | DEFAULT            
  |--------------|--------------------------|--------|--------------------|--------------------
  | BOOL         | EOM                      | NO     | FALSE              | FALSE              
  | BOOL         | EOM_MP2                  | NO     | FALSE              | FALSE              
  | BOOL         | EOM_MP3                  | NO     | FALSE              | FALSE              
  | BOOL         | EOM_MP2_5                | NO     | FALSE              | FALSE              
  | BOOL         | EOM_LCCD                 | NO     | FALSE              | FALSE              
  | BOOL         | LOW_MEM_MP2              | NO     | FALSE              | FALSE              
  | BOOL         | LOW_MEM_MP3              | NO     | FALSE              | FALSE              
  | BOOL         | CD_PRESCREEN             | NO     | FALSE              | FALSE              
  | DOUBLE       | CIS_E_CONV               | NO     | 1e-06              | 1e-06              
  | DOUBLE       | CIS_R_CONV               | NO     | 1e-06              | 1e-06              
  | DOUBLE       | CIS_RES_PRECONDITION_TOL | NO     | 0.0001             | 0.0001             
  | DOUBLE       | DAVIDSON_TOLERANCE       | NO     | 1e-06              | 1e-06              
  | DOUBLE       | E3_SCALE                 | NO     | 0.25               | 0.25               
  | DOUBLE       | E_CONVERGENCE            | NO     | 1e-06              | 1e-06              
  | DOUBLE       | JK_MEMORY                | NO     | 1000000000.0       | 1000000000.0       
  | DOUBLE       | LEVEL_SHIFT              | NO     | 0.02               | 0.02               
  | DOUBLE       | MAX_MOGRAD_CONVERGENCE   | NO     | 0.001              | 0.001              
  | DOUBLE       | MO_STEP_MAX              | NO     | 0.5                | 0.5                
  | DOUBLE       | MP2_OS_SCALE             | NO     | 1.2                | 1.2                
  | DOUBLE       | MP2_SOS_SCALE            | NO     | 1.3                | 1.3                
  | DOUBLE       | MP2_SOS_SCALE2           | NO     | 1.2                | 1.2                
  | DOUBLE       | MP2_SS_SCALE             | NO     | 0.3333333333333333 | 0.3333333333333333 
  | DOUBLE       | OCC_PERCENTAGE           | NO     | 99.0               | 99.0               
  | DOUBLE       | OCC_TOLERANCE            | NO     | 1e-05              | 1e-05              
  | DOUBLE       | OO_SCALE                 | NO     | 0.01               | 0.01               
  | DOUBLE       | PCG_CONVERGENCE          | NO     | 1e-06              | 1e-06              
  | DOUBLE       | R_CONVERGENCE            | NO     | 1e-05              | 1e-05              
  | DOUBLE       | REG_PARAM                | NO     | 0.4                | 0.4                
  | DOUBLE       | KAPPA_REG_PARAM          | NO     | 1.1                | 1.1                
  | DOUBLE       | RMS_MOGRAD_CONVERGENCE   | NO     | 1e-06              | 1e-06              
  | DOUBLE       | SCG_TOLERANCE            | NO     | 1e-06              | 1e-06              
  | DOUBLE       | SCHMIDT_ADD_RES_TOL      | NO     | 0.001              | 0.001              
  | INT          | ACTIVE_NAT_ORBS          | NO     | 2                  | 2                  
  | INT          | CC_DIIS_MAX_VECS         | NO     | 6                  | 6                  
  | INT          | CC_DIIS_MIN_VECS         | NO     | 2                  | 2                  
  | INT          | CC_MAXITER               | NO     | 50                 | 50                 
  | INT          | CUTOFF                   | NO     | 8                  | 8                  
  | INT          | EXCITATION_RANGE         | NO     | 2                  | 2                  
  | INT          | FOLLOW_ROOT              | NO     | 1                  | 1                  
  | INT          | INTEGRAL_CUTOFF          | NO     | 9                  | 9                  
  | INT          | MAX_VECS                 | NO     | 50                 | 50                 
  | INT          | MO_DIIS_NUM_VECS         | NO     | 6                  | 6                  
  | INT          | MO_MAXITER               | NO     | 50                 | 50                 
  | INT          | NUM_ROOTS                | NO     | 4                  | 4                  
  | INT          | PCG_MAXITER              | NO     | 50                 | 50                 
  | INT          | PRINT_LEVEL              | NO     | 0                  | 0                  
  | INT          | VECS_PER_ROOT            | NO     | 1                  | 1                  
  | STRING       | CC_LAMBDA                | NO     | FALSE              | FALSE              
  | STRING       | CHOLESKY                 | NO     | FALSE              | FALSE              
  | STRING       | CIS_ALGORITHM            | NO     | MO_BASIS           | MO_BASIS           
  | STRING       | CIS_GUESS_COEFF          | NO     | MIX                | MIX                
  | STRING       | COMPUT_S2                | NO     | FALSE              | FALSE              
  | STRING       | DIAG_METHOD              | NO     | DAVIDSON           | DAVIDSON           
  | STRING       | DO_DIIS                  | NO     | TRUE               | TRUE               
  | STRING       | DO_LEVEL_SHIFT           | NO     | TRUE               | TRUE               
  | STRING       | DO_SCS                   | NO     | FALSE              | FALSE              
  | STRING       | DO_SOS                   | NO     | FALSE              | FALSE              
  | STRING       | EKT_IP                   | NO     | FALSE              | FALSE              
  | STRING       | FREEZE_CORE              | NO     | TRUE               | TRUE               
  | STRING       | HESS_TYPE                | NO     | HF                 | HF                 
  | STRING       | JK_TYPE                  | NO     | DIRECT             | DIRECT             
  | STRING       | LINEQ_SOLVER             | NO     | CDGESV             | CDGESV             
  | STRING       | MO_READ                  | NO     | FALSE              | FALSE              
  | STRING       | MO_WRITE                 | NO     | FALSE              | FALSE              
  | STRING       | MP2_AMP_TYPE             | NO     | DIRECT             | DIRECT             
  | STRING       | NAT_ORBS                 | NO     | FALSE              | FALSE              
  | STRING       | NBO                      | NO     | TRUE               | TRUE               
  | STRING       | OCC_ORBS_PRINT           | NO     | FALSE              | FALSE              
  | STRING       | OEPROP                   | NO     | FALSE              | FALSE              
  | STRING       | OPT_METHOD               | NO     | QNR                | QNR                
  | STRING       | ORB_RESP_SOLVER          | NO     | PCG                | PCG                
  | STRING       | ORTH_TYPE                | NO     | MGS                | MGS                
  | STRING       | PCG_BETA_TYPE            | NO     | FLETCHER_REEVES    | FLETCHER_REEVES    
  | STRING       | PPL_TYPE                 | NO     | AUTO               | AUTO               
  | STRING       | PRINT_CI_VECS            | NO     | FALSE              | FALSE              
  | STRING       | QCHF                     | NO     | FALSE              | FALSE              
  | STRING       | READ_SCF_3INDEX          | NO     | TRUE               | TRUE               
  | STRING       | REGULARIZATION           | NO     | FALSE              | FALSE              
  | STRING       | REG_TYPE                 | NO     | NORMAL             | NORMAL             
  | STRING       | SCS_TYPE                 | NO     | SCS                | SCS                
  | STRING       | SOS_TYPE                 | NO     | SOS                | SOS                
  | STRING       | TRIPLES_IABC_TYPE        | NO     | DISK               | DISK               
  | STRING       | UNIT_GUESS_TYPE          | NO     | GEN                | GEN                
  | STRING       | EKT_NEGATIVE_OCC         | NO     | ABS                | ABS                
  | BOOL         | SOLVATION                | YES    | TRUE               | FALSE              

	MO spaces... 

	 FC   OCC   VIR   FV 
	----------------------
	  8   21   128    0
 CC-PVDZ primary basis set file will be read for the N atom...
 CC-PVDZ primary basis set file will be read for the C atom...
 CC-PVDZ primary basis set file will be read for the H atom...
 Nmaxthread: 24 
 Nshell: 75 
 Lmax:  2 
 Npmax:  8 
 Nao: 157 
 Ndocc: 29 
 Nsocc:  0 
 NoccA: 29 
 NoccB: 29 
 Primary basis set info has been read.

 CC-PVDZ-RI aux basis set file will be read for the N atom...
 CC-PVDZ-RI aux basis set file will be read for the C atom...
 CC-PVDZ-RI aux basis set file will be read for the H atom...
 Nshell_aux: 198 
 Naux: 574 
 Aux basis set info has been read.

 Cpu time for Metric ints :       0.4100 s
 Wall time for Metric ints:       0.2242 s
 3-Index Algorithm: AUTO 

 Calling fortran integrals: ringing... 
 Done with fintegrals.

 Cpu time for 3-index ints :       5.0000 s
 Wall time for 3-index ints:       1.8128 s
 Cpu time for df-factors :       0.6700 s
 Wall time for df-factors:       0.1962 s
 CC-PVDZ primary basis set file will be read for the N atom...
 CC-PVDZ primary basis set file will be read for the C atom...
 CC-PVDZ primary basis set file will be read for the H atom...
 Nmaxthread: 24 
 Nshell: 75 
 Lmax:  2 
 Npmax:  8 
 Nao: 157 
 Ndocc: 29 
 Nsocc:  0 
 NoccA: 29 
 NoccB: 29 
 Primary basis set info has been read.

 CC-PVDZ-JKFIT aux basis set file will be read for the N atom...
 CC-PVDZ-JKFIT aux basis set file will be read for the C atom...
 CC-PVDZ-JKFIT aux basis set file will be read for the H atom...
 Nshell_aux: 273 
 Naux: 767 
 Aux basis set info has been read.

	Reading DF integrals from disk ...
 Cpu time for Metric ints :       1.9200 s
 Wall time for Metric ints:       0.8070 s
	Number of basis functions in the DF-HF basis: 767
	Number of basis functions in the DF-CC basis: 574

	Available memory                      :  30000.00 MB 
	Minimum required memory for amplitudes:    173.41 MB 
	Memory requirement for B-CC (Q|mu nu) :    113.19 MB 
	Memory requirement for B-CC (Q|ab)    :     75.24 MB 
	Memory requirement for DF-CC int trans:    205.47 MB 

	Computing DF-MP2 energy using SCF MOs (Canonical DF-MP2)... 
	======================================================================= 
	Nuclear Repulsion Energy (a.u.)    :   344.17144219469719
	DF-HF Energy (a.u.)                :  -324.79440797302289
	REF Energy (a.u.)                  :  -324.79440797302289
	DF-MP2 Correlation Energy (a.u.)   :    -1.10840371475427
	DF-MP2 Total Energy (a.u.)         :  -325.90281168777716
	======================================================================= 

	*Total MP2 Energy: -325.90281168777716

	Computing unrelaxed response density matrices...
	Number of independent-pairs: 3712
	Computing the generalized Fock matrix (GFM)...
	Computing the orbital gradient...
	Forming effective orbital gradient...
	Solving orbital Z-vector equations...

	            PCG Solver 
	   ------------------------------ 
	Iter     RMS Z Vector        RMS Residual  
	----    ---------------    ---------------
	  1         1.18e-03         7.76e-04
	  2         6.61e-04         5.96e-04
	  3         4.17e-04         2.51e-04
	  4         1.84e-04         1.08e-04
	  5         4.67e-05         2.22e-05
	  6         1.18e-05         9.14e-06
	  7         3.88e-06         2.77e-06
	  8         1.12e-06         8.75e-07
	  9         3.75e-07         2.87e-07
	 10         1.20e-07         8.01e-08
	 11         4.27e-08         1.63e-08

	Computing the relaxed PDMs and GFM...
	Compute solv. is starting ...

	Initializing Liboeprop (by U. Bozkaya) ...


	-Mulliken Population Analysis for MP2-IAO:
	 1: -0.0468403963 	 2: 0.1554282409 	 3: 0.1990318377 	 4: -0.1174462440 	 5: -0.0579388874 
	 6: -0.0138528276 	 7: -0.2199527219 	 8: -0.2322947007 	 9: 0.0655995662 	10: 0.0780841624 
	11: 0.0643880046 	12: 0.0748641429 	13: 0.0725083815 	14: 0.0732199957 	15: 0.0808269584 
	16: 0.0675275964 	17: 0.0675132726 

	-Lowdin Population Analysis for MP2-IAO:  
	 1: -0.0468403963 	 2: 0.1554282409 	 3: 0.1990318377 	 4: -0.1174462440 	 5: -0.0579388874 
	 6: -0.0138528276 	 7: -0.2199527219 	 8: -0.2322947007 	 9: 0.0655995662 	10: 0.0780841624 
	11: 0.0643880046 	12: 0.0748641429 	13: 0.0725083815 	14: 0.0732199957 	15: 0.0808269584 
	16: 0.0675275964 	17: 0.0675132726 


  ## SOLVATION Options ##

  | TYPE         | KEY                      | INPUT? | VALUE              | DEFAULT            
  |--------------|--------------------------|--------|--------------------|--------------------
  | INT          | NUM_Z_POINTS             | NO     | 90                 | 90                 
  | INT          | NUM_ANG_POINTS           | YES    | 100                | 100                
  | STRING       | SASA_TYPE                | YES    | NUMERIC            | NUMERIC            
  | STRING       | CHARGE_TYPE              | YES    | IAO_MULLIKEN       | IAO_MULLIKEN       
  | STRING       | CDS_TYPE                 | YES    | SMD                | SMD                
  | STRING       | SOLVENT                  | YES    | WATER              | WATER              
  | STRING       | SOLVENT_PARAMS           | YES    | MN21               | SM8                
  | STRING       | DIELECTRIC_PARAMS        | YES    | MN21               | MN21               
  | STRING       | COULOMB_RADII            | YES    | SMD                | SMD                
  | DOUBLE       | COVALENT_VW_CONST        | NO     | 0.76               | 0.76               
  | DOUBLE       | SOLVENT_RADIUS           | NO     | 0.4                | 0.4                
  | STRING       | RADIUS_TYPE              | YES    | SMD                | SMD                
  | DOUBLE       | GB_DIJ                   | NO     | 3.7                | 3.7                
  | DOUBLE       | GB_SIJ                   | NO     | 0.75               | 0.75               
  | DOUBLE       | GB_CIJ                   | NO     | 0.0                | 0.0                
  | DOUBLE       | F_PWSASA                 | NO     | 0.4535             | 0.4535             
  | DOUBLE       | SCALE_VDW                | NO     | 1.0                | 1.0                
  | DOUBLE       | SCALE_CR                 | NO     | 1.0                | 1.0                



 Sasa Type                  : NUMERIC 
 Charge Type                : IAO_MULLIKEN 
 CDS Type                   : SMD 
 Radius Type                : SMD 
 Solvent                    : WATER 
 Solvent Parameters         : MN21 
 Dielectric Parameters      : MN21 
 Coulomb Radii Parameters   : SMD 
 GB d_ij parameter          : 3.7000000000 
 GB S_ij parameter          : 0.7500000000 
 GB C_ij parameter          : 0.0000000000 
 Sclae_vdw parameter        : 1.0000000000 
 Number of z-points         : 90 
 Number of angular points   : 100 
 Number of SASA grid points : 17902 
 Solvent Dielectric Constant: 78.3553000000 

 VDW Radii:
	  1 N :       1.5500  ang
	  2 C :       1.7000  ang
	  3 C :       1.7000  ang
	  4 C :       1.7000  ang
	  5 C :       1.7000  ang
	  6 C :       1.7000  ang
	  7 C :       1.7000  ang
	  8 C :       1.7000  ang
	  9 H :       1.2000  ang
	 10 H :       1.2000  ang
	 11 H :       1.2000  ang
	 12 H :       1.2000  ang
	 13 H :       1.2000  ang
	 14 H :       1.2000  ang
	 15 H :       1.2000  ang
	 16 H :       1.2000  ang
	 17 H :       1.2000  ang

	 Computing SASA... 

 Atomic SASA values:
	  1 N :      12.9936  ang^2
	  2 C :       5.1821  ang^2
	  3 C :       6.1293  ang^2
	  4 C :       9.9741  ang^2
	  5 C :      10.0019  ang^2
	  6 C :      11.1411  ang^2
	  7 C :       9.2621  ang^2
	  8 C :       9.3488  ang^2
	  9 H :      12.1010  ang^2
	 10 H :      12.4137  ang^2
	 11 H :      12.0920  ang^2
	 12 H :      12.8270  ang^2
	 13 H :      11.7883  ang^2
	 14 H :      11.8854  ang^2
	 15 H :      12.1603  ang^2
	 16 H :      12.6545  ang^2
	 17 H :      12.6257  ang^2

	*Total SASA (angs^2): 184.5807858982 


 Coulomb Radii:
	  1 N :       1.8900  ang
	  2 C :       1.8500  ang
	  3 C :       1.8500  ang
	  4 C :       1.8500  ang
	  5 C :       1.8500  ang
	  6 C :       1.8500  ang
	  7 C :       1.8500  ang
	  8 C :       1.8500  ang
	  9 H :       1.2000  ang
	 10 H :       1.2000  ang
	 11 H :       1.2000  ang
	 12 H :       1.2000  ang
	 13 H :       1.2000  ang
	 14 H :       1.2000  ang
	 15 H :       1.2000  ang
	 16 H :       1.2000  ang
	 17 H :       1.2000  ang
 Solvent Alpha                       : 1.1700000000 

 ## Effective Born Radius (bohr) ##
   0   4.7080240571 
   1   4.8474528625 
   2   4.7941262914 
   3   4.6703651511 
   4   4.6689969713 
   5   4.6251257794 
   6   4.1232411055 
   7   4.1051143702 
   8   3.3334137800 
   9   3.3365900753 
  10   3.3478157860 
  11   3.1933618988 
  12   3.2393410156 
  13   3.2344170378 
  14   3.2639780249 
  15   3.2123422705 
  16   3.2129905273 

 Effective Born Radii:
	  1 N :       2.4914  ang
	  2 C :       2.5652  ang
	  3 C :       2.5369  ang
	  4 C :       2.4715  ang
	  5 C :       2.4707  ang
	  6 C :       2.4475  ang
	  7 C :       2.1819  ang
	  8 C :       2.1723  ang
	  9 H :       1.7640  ang
	 10 H :       1.7656  ang
	 11 H :       1.7716  ang
	 12 H :       1.6899  ang
	 13 H :       1.7142  ang
	 14 H :       1.7116  ang
	 15 H :       1.7272  ang
	 16 H :       1.6999  ang
	 17 H :       1.7002  ang


 Coulomb Integrals:
	  1  1 :       0.2124  bohr^-1
	  1  2 :       0.1606  bohr^-1
	  1  3 :       0.1910  bohr^-1
	  1  4 :       0.1517  bohr^-1
	  1  5 :       0.1628  bohr^-1
	  1  6 :       0.1938  bohr^-1
	  1  7 :       0.1285  bohr^-1
	  1  8 :       0.1677  bohr^-1
	  1  9 :       0.1291  bohr^-1
	  1 10 :       0.1434  bohr^-1
	  1 11 :       0.1915  bohr^-1
	  1 12 :       0.1201  bohr^-1
	  1 13 :       0.1260  bohr^-1
	  1 14 :       0.1136  bohr^-1
	  1 15 :       0.1742  bohr^-1
	  1 16 :       0.1516  bohr^-1
	  1 17 :       0.1513  bohr^-1
	  2  1 :       0.1606  bohr^-1
	  2  2 :       0.2063  bohr^-1
	  2  3 :       0.1506  bohr^-1
	  2  4 :       0.1897  bohr^-1
	  2  5 :       0.1613  bohr^-1
	  2  6 :       0.1906  bohr^-1
	  2  7 :       0.1964  bohr^-1
	  2  8 :       0.1171  bohr^-1
	  2  9 :       0.1860  bohr^-1
	  2 10 :       0.1424  bohr^-1
	  2 11 :       0.1857  bohr^-1
	  2 12 :       0.1893  bohr^-1
	  2 13 :       0.1880  bohr^-1
	  2 14 :       0.1882  bohr^-1
	  2 15 :       0.1089  bohr^-1
	  2 16 :       0.1088  bohr^-1
	  2 17 :       0.1088  bohr^-1
	  3  1 :       0.1910  bohr^-1
	  3  2 :       0.1506  bohr^-1
	  3  3 :       0.2086  bohr^-1
	  3  4 :       0.1622  bohr^-1
	  3  5 :       0.1907  bohr^-1
	  3  6 :       0.1652  bohr^-1
	  3  7 :       0.1173  bohr^-1
	  3  8 :       0.1974  bohr^-1
	  3  9 :       0.1430  bohr^-1
	  3 10 :       0.1866  bohr^-1
	  3 11 :       0.1465  bohr^-1
	  3 12 :       0.1095  bohr^-1
	  3 13 :       0.1090  bohr^-1
	  3 14 :       0.1083  bohr^-1
	  3 15 :       0.1881  bohr^-1
	  3 16 :       0.1893  bohr^-1
	  3 17 :       0.1893  bohr^-1
	  4  1 :       0.1517  bohr^-1
	  4  2 :       0.1897  bohr^-1
	  4  3 :       0.1622  bohr^-1
	  4  4 :       0.2141  bohr^-1
	  4  5 :       0.1927  bohr^-1
	  4  6 :       0.1645  bohr^-1
	  4  7 :       0.1651  bohr^-1
	  4  8 :       0.1288  bohr^-1
	  4  9 :       0.2313  bohr^-1
	  4 10 :       0.1881  bohr^-1
	  4 11 :       0.1436  bohr^-1
	  4 12 :       0.1567  bohr^-1
	  4 13 :       0.1441  bohr^-1
	  4 14 :       0.1681  bohr^-1
	  4 15 :       0.1133  bohr^-1
	  4 16 :       0.1233  bohr^-1
	  4 17 :       0.1234  bohr^-1
	  5  1 :       0.1628  bohr^-1
	  5  2 :       0.1613  bohr^-1
	  5  3 :       0.1907  bohr^-1
	  5  4 :       0.1927  bohr^-1
	  5  5 :       0.2142  bohr^-1
	  5  6 :       0.1544  bohr^-1
	  5  7 :       0.1283  bohr^-1
	  5  8 :       0.1658  bohr^-1
	  5  9 :       0.1884  bohr^-1
	  5 10 :       0.2313  bohr^-1
	  5 11 :       0.1311  bohr^-1
	  5 12 :       0.1202  bohr^-1
	  5 13 :       0.1137  bohr^-1
	  5 14 :       0.1249  bohr^-1
	  5 15 :       0.1430  bohr^-1
	  5 16 :       0.1637  bohr^-1
	  5 17 :       0.1639  bohr^-1
	  6  1 :       0.1938  bohr^-1
	  6  2 :       0.1906  bohr^-1
	  6  3 :       0.1652  bohr^-1
	  6  4 :       0.1645  bohr^-1
	  6  5 :       0.1544  bohr^-1
	  6  6 :       0.2162  bohr^-1
	  6  7 :       0.1657  bohr^-1
	  6  8 :       0.1316  bohr^-1
	  6  9 :       0.1440  bohr^-1
	  6 10 :       0.1313  bohr^-1
	  6 11 :       0.2318  bohr^-1
	  6 12 :       0.1564  bohr^-1
	  6 13 :       0.1690  bohr^-1
	  6 14 :       0.1448  bohr^-1
	  6 15 :       0.1300  bohr^-1
	  6 16 :       0.1190  bohr^-1
	  6 17 :       0.1188  bohr^-1
	  7  1 :       0.1285  bohr^-1
	  7  2 :       0.1964  bohr^-1
	  7  3 :       0.1173  bohr^-1
	  7  4 :       0.1651  bohr^-1
	  7  5 :       0.1283  bohr^-1
	  7  6 :       0.1657  bohr^-1
	  7  7 :       0.2425  bohr^-1
	  7  8 :       0.0911  bohr^-1
	  7  9 :       0.1689  bohr^-1
	  7 10 :       0.1112  bohr^-1
	  7 11 :       0.1687  bohr^-1
	  7 12 :       0.2474  bohr^-1
	  7 13 :       0.2460  bohr^-1
	  7 14 :       0.2461  bohr^-1
	  7 15 :       0.0851  bohr^-1
	  7 16 :       0.0849  bohr^-1
	  7 17 :       0.0847  bohr^-1
	  8  1 :       0.1677  bohr^-1
	  8  2 :       0.1171  bohr^-1
	  8  3 :       0.1974  bohr^-1
	  8  4 :       0.1288  bohr^-1
	  8  5 :       0.1658  bohr^-1
	  8  6 :       0.1316  bohr^-1
	  8  7 :       0.0911  bohr^-1
	  8  8 :       0.2436  bohr^-1
	  8  9 :       0.1116  bohr^-1
	  8 10 :       0.1700  bohr^-1
	  8 11 :       0.1151  bohr^-1
	  8 12 :       0.0852  bohr^-1
	  8 13 :       0.0850  bohr^-1
	  8 14 :       0.0844  bohr^-1
	  8 15 :       0.2457  bohr^-1
	  8 16 :       0.2473  bohr^-1
	  8 17 :       0.2472  bohr^-1
	  9  1 :       0.1291  bohr^-1
	  9  2 :       0.1860  bohr^-1
	  9  3 :       0.1430  bohr^-1
	  9  4 :       0.2313  bohr^-1
	  9  5 :       0.1884  bohr^-1
	  9  6 :       0.1440  bohr^-1
	  9  7 :       0.1689  bohr^-1
	  9  8 :       0.1116  bohr^-1
	  9  9 :       0.3000  bohr^-1
	  9 10 :       0.1874  bohr^-1
	  9 11 :       0.1210  bohr^-1
	  9 12 :       0.1590  bohr^-1
	  9 13 :       0.1374  bohr^-1
	  9 14 :       0.1860  bohr^-1
	  9 15 :       0.0957  bohr^-1
	  9 16 :       0.1076  bohr^-1
	  9 17 :       0.1076  bohr^-1
	 10  1 :       0.1434  bohr^-1
	 10  2 :       0.1424  bohr^-1
	 10  3 :       0.1866  bohr^-1
	 10  4 :       0.1881  bohr^-1
	 10  5 :       0.2313  bohr^-1
	 10  6 :       0.1313  bohr^-1
	 10  7 :       0.1112  bohr^-1
	 10  8 :       0.1700  bohr^-1
	 10  9 :       0.1874  bohr^-1
	 10 10 :       0.2997  bohr^-1
	 10 11 :       0.1073  bohr^-1
	 10 12 :       0.1035  bohr^-1
	 10 13 :       0.0961  bohr^-1
	 10 14 :       0.1099  bohr^-1
	 10 15 :       0.1358  bohr^-1
	 10 16 :       0.1743  bohr^-1
	 10 17 :       0.1748  bohr^-1
	 11  1 :       0.1915  bohr^-1
	 11  2 :       0.1857  bohr^-1
	 11  3 :       0.1465  bohr^-1
	 11  4 :       0.1436  bohr^-1
	 11  5 :       0.1311  bohr^-1
	 11  6 :       0.2318  bohr^-1
	 11  7 :       0.1687  bohr^-1
	 11  8 :       0.1151  bohr^-1
	 11  9 :       0.1210  bohr^-1
	 11 10 :       0.1073  bohr^-1
	 11 11 :       0.2987  bohr^-1
	 11 12 :       0.1573  bohr^-1
	 11 13 :       0.1868  bohr^-1
	 11 14 :       0.1378  bohr^-1
	 11 15 :       0.1169  bohr^-1
	 11 16 :       0.1022  bohr^-1
	 11 17 :       0.1020  bohr^-1
	 12  1 :       0.1201  bohr^-1
	 12  2 :       0.1893  bohr^-1
	 12  3 :       0.1095  bohr^-1
	 12  4 :       0.1567  bohr^-1
	 12  5 :       0.1202  bohr^-1
	 12  6 :       0.1564  bohr^-1
	 12  7 :       0.2474  bohr^-1
	 12  8 :       0.0852  bohr^-1
	 12  9 :       0.1590  bohr^-1
	 12 10 :       0.1035  bohr^-1
	 12 11 :       0.1573  bohr^-1
	 12 12 :       0.3131  bohr^-1
	 12 13 :       0.2293  bohr^-1
	 12 14 :       0.2294  bohr^-1
	 12 15 :       0.0797  bohr^-1
	 12 16 :       0.0813  bohr^-1
	 12 17 :       0.0779  bohr^-1
	 13  1 :       0.1260  bohr^-1
	 13  2 :       0.1880  bohr^-1
	 13  3 :       0.1090  bohr^-1
	 13  4 :       0.1441  bohr^-1
	 13  5 :       0.1137  bohr^-1
	 13  6 :       0.1690  bohr^-1
	 13  7 :       0.2460  bohr^-1
	 13  8 :       0.0850  bohr^-1
	 13  9 :       0.1374  bohr^-1
	 13 10 :       0.0961  bohr^-1
	 13 11 :       0.1868  bohr^-1
	 13 12 :       0.2293  bohr^-1
	 13 13 :       0.3087  bohr^-1
	 13 14 :       0.2296  bohr^-1
	 13 15 :       0.0812  bohr^-1
	 13 16 :       0.0778  bohr^-1
	 13 17 :       0.0791  bohr^-1
	 14  1 :       0.1136  bohr^-1
	 14  2 :       0.1882  bohr^-1
	 14  3 :       0.1083  bohr^-1
	 14  4 :       0.1681  bohr^-1
	 14  5 :       0.1249  bohr^-1
	 14  6 :       0.1448  bohr^-1
	 14  7 :       0.2461  bohr^-1
	 14  8 :       0.0844  bohr^-1
	 14  9 :       0.1860  bohr^-1
	 14 10 :       0.1099  bohr^-1
	 14 11 :       0.1378  bohr^-1
	 14 12 :       0.2294  bohr^-1
	 14 13 :       0.2296  bohr^-1
	 14 14 :       0.3092  bohr^-1
	 14 15 :       0.0775  bohr^-1
	 14 16 :       0.0787  bohr^-1
	 14 17 :       0.0803  bohr^-1
	 15  1 :       0.1742  bohr^-1
	 15  2 :       0.1089  bohr^-1
	 15  3 :       0.1881  bohr^-1
	 15  4 :       0.1133  bohr^-1
	 15  5 :       0.1430  bohr^-1
	 15  6 :       0.1300  bohr^-1
	 15  7 :       0.0851  bohr^-1
	 15  8 :       0.2457  bohr^-1
	 15  9 :       0.0957  bohr^-1
	 15 10 :       0.1358  bohr^-1
	 15 11 :       0.1169  bohr^-1
	 15 12 :       0.0797  bohr^-1
	 15 13 :       0.0812  bohr^-1
	 15 14 :       0.0775  bohr^-1
	 15 15 :       0.3064  bohr^-1
	 15 16 :       0.2290  bohr^-1
	 15 17 :       0.2290  bohr^-1
	 16  1 :       0.1516  bohr^-1
	 16  2 :       0.1088  bohr^-1
	 16  3 :       0.1893  bohr^-1
	 16  4 :       0.1233  bohr^-1
	 16  5 :       0.1637  bohr^-1
	 16  6 :       0.1190  bohr^-1
	 16  7 :       0.0849  bohr^-1
	 16  8 :       0.2473  bohr^-1
	 16  9 :       0.1076  bohr^-1
	 16 10 :       0.1743  bohr^-1
	 16 11 :       0.1022  bohr^-1
	 16 12 :       0.0813  bohr^-1
	 16 13 :       0.0778  bohr^-1
	 16 14 :       0.0787  bohr^-1
	 16 15 :       0.2290  bohr^-1
	 16 16 :       0.3113  bohr^-1
	 16 17 :       0.2292  bohr^-1
	 17  1 :       0.1513  bohr^-1
	 17  2 :       0.1088  bohr^-1
	 17  3 :       0.1893  bohr^-1
	 17  4 :       0.1234  bohr^-1
	 17  5 :       0.1639  bohr^-1
	 17  6 :       0.1188  bohr^-1
	 17  7 :       0.0847  bohr^-1
	 17  8 :       0.2472  bohr^-1
	 17  9 :       0.1076  bohr^-1
	 17 10 :       0.1748  bohr^-1
	 17 11 :       0.1020  bohr^-1
	 17 12 :       0.0779  bohr^-1
	 17 13 :       0.0791  bohr^-1
	 17 14 :       0.0803  bohr^-1
	 17 15 :       0.2290  bohr^-1
	 17 16 :       0.2292  bohr^-1
	 17 17 :       0.3112  bohr^-1


	*Molecular contr. to CDS energy:       0.0000  kcal/mol
	*Total CDS energy:       2.1703  kcal/mol
	*MP2::Polarization Free Energy (au)      : -0.0075747282 
	*MP2::Polarization Free Energy (kcal/mol):      -4.7532 
	*MP2::CDS Free Energy (au)      : 0.0034585355 
	*MP2::CDS Free Energy (kcal/mol):       2.1703 
	*MP2::Total Solvation Free Energy (au)      : -0.0041161926 
	*MP2::Total Solvation Free Energy (kcal/mol):      -2.5829 
	GB-MP2 Total Energy (a.u.)         :  -325.90692788040815

	*Total GB-MP2 Energy: -325.90281168777716


 Cpu time for MacroQC :       2.9805 minutes
 Wall time for MacroQC:       1.2510 minutes


 ******************************************************************************************
	 MacroQC terminates normally:) 
 ****************************************************************************************** 

