 ==========================================================================================
 =========                __  ___                         ____  ______            =========
 ======                  /  |/  /___ _______________     / __ \/ ____/               ======
 ====                   / /|_/ / __ `/ ___/ ___/ __ \   / / / / /                      ====
 ===                   / /  / / /_/ / /__/ /  / /_/ /  / /_/ / /___                     ===
 ==                   /_/  /_/\__,_/\___/_/   \____/   \___\_\____/                      ==
 ===                                                                1.0.4                ===
 =====     An electronic structure theory software for large-scale applications       =====
 ======                                 See license.txt for license info             ======
 =========                                                                        =========
 ==========================================================================================
                                                                                           
                           * * * * * * * * * * * * * * * * * * * *                        
                           *            Developed by             *                        
                           *             U. Bozkaya              *                        
                           *                                     *                        
                           *       With contributions from:      *                        
                           *         B. Ermis, Y. Alagoz,        *                        
                           *         A. Unal, and A. K. Uyar     *                        
                           *         Git Version: deab493        *                        
                           *       Latest Revision: 2026-03-23   *                        
                           * * * * * * * * * * * * * * * * * * * *                        


 Run date: Wed Mar 25 10:22:49 2026
 
 Hostname: ub32 

 ## MacroQC input file ##
 ******************************************************************************************
$set_molecule
0 1
N      -0.2439856564    -1.2104834195    -0.0000027890
C      -0.8766015735    -0.0131748363    -0.0000067651
C      -0.1891299816     1.1975785473    -0.0000023387
C      -2.3756443131    -0.0272955870     0.0000042253
C       1.2028179721     1.1792526854     0.0000005968
C       1.8673056572    -0.0407784041     0.0000018872
C       1.1071307442    -1.1976552810     0.0000007253
H      -0.7253120101     2.1408665734    -0.0000006913
H      -2.7585203519     0.4779690794    -0.8921056479
H      -2.7558978008    -1.0539056955    -0.0001108106
H      -2.7585001622     0.4777672233     0.8922363541
H       1.7631160525     2.1096251702     0.0000021184
H       2.9500144748    -0.0900092154     0.0000050419
H       1.5777283601    -2.1764919446     0.0000031740
$end_molecule


$set_globals
   basis cc-pvdz
  method mp2
  reference rhf
  jobtype energy
  memory 30000
$end_globals


$set_scf
  e_convergence 1.0e-8
  d_convergence 1.0e-6
  guess sad
  solvation true
$end_scf


$set_solvation
  cds_type smd
  radius_type smd
  solvent_params mn21
  dielectric_params mn21 #sm8
  sasa_type numeric
  solvent water
  num_ang_points 100
  charge_type iao_mulliken #iao_lowdin, mulliken, lowdin
  coulomb_radii smd
$end_solvation

$set_dfocc
solvation true
$end_dfocc

 ******************************************************************************************


	-Geometry before Center-of-Mass shift (ang): 
	 Number     Atom               X                    Y                       Z  
	 ---------------------------------------------------------------------------------------
           1     N            -0.2439856564         -1.2104834195          -0.0000027890  
           2     C            -0.8766015735         -0.0131748363          -0.0000067651  
           3     C            -0.1891299816          1.1975785473          -0.0000023387  
           4     C            -2.3756443131         -0.0272955870           0.0000042253  
           5     C             1.2028179721          1.1792526854           0.0000005968  
           6     C             1.8673056572         -0.0407784041           0.0000018872  
           7     C             1.1071307442         -1.1976552810           0.0000007253  
           8     H            -0.7253120101          2.1408665734          -0.0000006913  
           9     H            -2.7585203519          0.4779690794          -0.8921056479  
          10     H            -2.7558978008         -1.0539056955          -0.0001108106  
          11     H            -2.7585001622          0.4777672233           0.8922363541  
          12     H             1.7631160525          2.1096251702           0.0000021184  
          13     H             2.9500144748         -0.0900092154           0.0000050419  
          14     H             1.5777283601         -2.1764919446           0.0000031740  



	-Geometry after Center-of-Mass shift (ang): 
	 Atom               X                    Y                       Z  
	 -------------------------------------------------------------------
     N          -0.2728433635         -1.1903369662          -0.0000024740  
     C          -0.9054592806          0.0069716170          -0.0000064501  
     C          -0.2179876887          1.2177250006          -0.0000020237  
     C          -2.4045020202         -0.0071491337           0.0000045403  
     C           1.1739602650          1.1993991387           0.0000009118  
     C           1.8384479501         -0.0206319508           0.0000022022  
     C           1.0782730371         -1.1775088277           0.0000010403  
     H          -0.7541697172          2.1610130267          -0.0000003763  
     H          -2.7873780590          0.4981155327          -0.8921053329  
     H          -2.7847555079         -1.0337592422          -0.0001104956  
     H          -2.7873578693          0.4979136766           0.8922366691  
     H           1.7342583454          2.1297716235           0.0000024334  
     H           2.9211567677         -0.0698627621           0.0000053569  
     H           1.5488706530         -2.1563454913           0.0000034890  


	-Geometry after Center-of-Mass shift (bohr): 
	 Atom               X                    Y                       Z  
	 -------------------------------------------------------------------
     N          -0.5155992321         -2.2494108632          -0.0000046751  
     C          -1.7110700581          0.0131744467          -0.0000121889  
     C          -0.4119370303          2.3011667472          -0.0000038242  
     C          -4.5438502863         -0.0135099048           0.0000085800  
     C           2.2184633830          2.2665358872           0.0000017231  
     C           3.4741631216         -0.0389887365           0.0000041616  
     C           2.0376407286         -2.2251691947           0.0000019659  
     H          -1.4251742176          4.0837227740          -0.0000007111  
     H          -5.2673811396          0.9413019356          -1.6858347542  
     H          -5.2624252363         -1.9535218475          -0.0002088064  
     H          -5.2673429866          0.9409204828           1.6860829437  
     H           3.2772733036          4.0246850781           0.0000045985  
     H           5.5201862605         -0.1320214868           0.0000101231  
     H           2.9269413380         -4.0749024105           0.0000065933  


    Rotational Constants: A =     0.19010  B =     0.08798  C =      0.06084 [cm^-1] 
    Rotor Type: ASYMMETRIC 

	-Nuclear Dipole Moment: (e a0)  
	 X:  -2.72666   Y:  1.90356   Z:  0.00003   Total:  3.32539 

	-Nuclear Dipole Moment: (D)  
	 X:  -6.93047   Y:  4.83838   Z:  0.00008   Total:  8.45230 


    Nuclear repulsion energy (V_NN)              : 272.591287300056 
   =====================================================
   Charge                : 0 
   Multiplicity          : 1 
   Number of Atoms       : 14 
   Number of Ghost Atoms : 0 
   Number of Electrons   : 50 
   Number of alpha occupied orbitals (NoccA)  : 25 
   Number of beta occupied orbitals (NoccB)   : 25 
   Number of singly occupied orbitals (Nsocc) : 0 
   Number of doubly occupied orbitals (Ndocc) : 25 
   =====================================================



  ## GLOBALS Options ##

  | TYPE         | KEY                      | INPUT? | VALUE              | DEFAULT            
  |--------------|--------------------------|--------|--------------------|--------------------
  | BOOL         | ERI_DISK                 | NO     | FALSE              | FALSE              
  | BOOL         | FREEZE_CORE              | NO     | TRUE               | TRUE               
  | BOOL         | MOL_FRAG                 | NO     | FALSE              | FALSE              
  | BOOL         | NOCOM                    | NO     | FALSE              | FALSE              
  | BOOL         | NOREORIENT               | NO     | TRUE               | TRUE               
  | BOOL         | PUREAM                   | NO     | TRUE               | TRUE               
  | BOOL         | ML                       | NO     | FALSE              | FALSE              
  | BOOL         | READ_PDB                 | NO     | FALSE              | FALSE              
  | BOOL         | TEST_MODE                | NO     | FALSE              | FALSE              
  | INT          | DERIVE_LEVEL             | NO     | 0                  | 0                  
  | INT          | FINDIF_POINTS            | NO     | 3                  | 3                  
  | INT          | MEMORY                   | YES    | 30000              | 2000               
  | INT          | NUM_THREADS              | NO     | 1                  | 1                  
  | INT          | NUM_FROZEN_DOCC          | NO     | 0                  | 0                  
  | INT          | NUM_FROZEN_VIR           | NO     | 0                  | 0                  
  | INT          | PRINT_LEVEL              | NO     | 0                  | 0                  
  | STRING       | AUX_BASIS_CORR           | NO     | CC-PVDZ-RI         | CC-PVDZ-RI         
  | STRING       | AUX_BASIS_SCF            | NO     | CC-PVDZ-JKFIT      | CC-PVDZ-JKFIT      
  | STRING       | BASIS                    | YES    | CC-PVDZ            | CC-PVDZ            
  | STRING       | BASIS2                   | NO     | MINAO              | MINAO              
  | STRING       | DERIVE_TYPE              | NO     | ANALYTIC           | ANALYTIC           
  | STRING       | FINDIF_METHOD            | NO     | GRAD               | GRAD               
  | STRING       | GEOM_UNITS               | NO     | ANG                | ANG                
  | STRING       | JOBTYPE                  | YES    | ENERGY             | ENERGY             
  | STRING       | METHOD                   | YES    | MP2                | SCF                
  | STRING       | REFERENCE                | YES    | RHF                | RHF                
  | STRING       | OUTFILE_MODE             | NO     | NEW                | NEW                
  | DOUBLE       | STEP_BOHR                | NO     | 0.05               | 0.05               
  | STR_ARRAY    | MOLECULE_GEOM_FROM       | NO     | [input]            | [input]            
  | DOUBLE_ARRAY | ELECTRIC_STRENGTH        | NO     | [0.001;0.001;0.001]| [0.001;0.001;0.001]
  | STRING       | ELECTRIC_FIELD           | NO     | NONE               | NONE               
  | STRING       | ALIGN_TWO_ATOMS          | NO     | NONE               | NONE               
  | INT_ARRAY    | TWO_ATOMS                | NO     | [0]                | [0]                



  ## INTS Options ##

  | TYPE         | KEY                      | INPUT? | VALUE              | DEFAULT            
  |--------------|--------------------------|--------|--------------------|--------------------
  | DOUBLE       | BOYS_CUTOFF              | NO     | 1e-15              | 1e-15              
  | DOUBLE       | BOYS_ZERO                | NO     | 1e-06              | 1e-06              
  | DOUBLE       | DELTA_X                  | NO     | 0.1                | 0.1                
  | DOUBLE       | INTEGRAL_CUTOFF          | NO     | 1e-10              | 1e-10              
  | DOUBLE       | X_MAX                    | NO     | 30.0               | 30.0               
  | INT          | BOYS_MAXITER             | NO     | 10000              | 10000              
  | INT          | MAX_AM                   | NO     | 7                  | 7                  
  | INT          | MAX_AM_AUX               | NO     | 7                  | 7                  
  | INT          | PRINT_LEVEL              | NO     | 0                  | 0                  
  | INT          | TAYLOR_ORDER             | NO     | 6                  | 6                  
  | STRING       | 3INDEX_ALGORITHM         | NO     | AUTO               | AUTO               
  | STRING       | BOYS_METHOD              | NO     | GHP                | GHP                
  | STRING       | ERI_ALGORITHM            | NO     | MD4                | MD4                


	Initializing Liboeprop (by U. Bozkaya) ...

	*=================================================================*
	*                  SCF                                            *
	*   Developed by U. Bozkaya & Y. Alagoz                           *
	*   Latest revision Feb 16, 2021                                  *
	*=================================================================*



  ## SCF Options ##

  | TYPE         | KEY                      | INPUT? | VALUE              | DEFAULT            
  |--------------|--------------------------|--------|--------------------|--------------------
  | BOOL         | DIIS_DAMP                | NO     | FALSE              | FALSE              
  | BOOL         | DIE_IF_NOT_CONVERGED     | NO     | TRUE               | TRUE               
  | BOOL         | DO_DF                    | NO     | TRUE               | TRUE               
  | BOOL         | DIIS                     | NO     | TRUE               | TRUE               
  | BOOL         | FOCK_DAMP                | NO     | FALSE              | FALSE              
  | BOOL         | GUESS_MIX                | NO     | FALSE              | FALSE              
  | BOOL         | GUESS_PREVIOUS           | NO     | FALSE              | FALSE              
  | BOOL         | LOCAL                    | NO     | FALSE              | FALSE              
  | BOOL         | RETRY                    | NO     | TRUE               | TRUE               
  | DOUBLE       | CUTOFF                   | NO     | 1e-10              | 1e-10              
  | DOUBLE       | D_CONVERGENCE            | YES    | 1e-06              | 1e-06              
  | DOUBLE       | DAMP_PARAM               | NO     | 0.02               | 0.02               
  | DOUBLE       | E_CONVERGENCE            | YES    | 1e-08              | 1e-08              
  | DOUBLE       | FOCK_DAMP_PERC           | NO     | 20.0               | 20.0               
  | DOUBLE       | MIN_OVERLAP_EIGVAL       | NO     | 1e-06              | 1e-06              
  | DOUBLE       | LOCAL_CONVERGENCE        | NO     | 1e-08              | 1e-08              
  | DOUBLE       | QC_GUESS_E_CONVERGENCE   | NO     | 0.0001             | 0.0001             
  | DOUBLE       | QC_GUESS_D_CONVERGENCE   | NO     | 0.005              | 0.005              
  | INT          | MAX_DIIS                 | NO     | 6                  | 6                  
  | INT          | MIN_DIIS                 | NO     | 2                  | 2                  
  | INT          | PRINT_LEVEL              | NO     | 0                  | 0                  
  | INT          | SCF_MAXITER              | NO     | 50                 | 50                 
  | INT          | LOCAL_MAXITER            | NO     | 50                 | 50                 
  | STRING       | DIIS_ALGORITHM           | NO     | DISK               | DISK               
  | STRING       | GUESS                    | YES    | SAD                | SAD                
  | BOOL         | MO_WRITE                 | NO     | FALSE              | FALSE              
  | BOOL         | FOCK_WRITE               | NO     | FALSE              | FALSE              
  | STRING       | ORTH_TYPE                | NO     | CANONICAL          | CANONICAL          
  | STRING       | ROHF_CANONIC_TYPE        | NO     | GUEST              | GUEST              
  | STRING       | ERI                      | NO     | INCORE             | INCORE             
  | STRING       | SCF_ALGORITHM            | NO     | ROOTHAAN           | ROOTHAAN           
  | STRING       | LOCAL_TYPE               | NO     | BOYS               | BOYS               
  | BOOL         | SAD_FRAC_OCC             | NO     | TRUE               | TRUE               
  | BOOL         | SAD_SPIN_AVERAGE         | NO     | TRUE               | TRUE               
  | DOUBLE       | SAD_E_CONVERGENCE        | NO     | 1e-05              | 1e-05              
  | DOUBLE       | SAD_D_CONVERGENCE        | NO     | 1e-05              | 1e-05              
  | INT          | SAD_MAXITER              | NO     | 50                 | 50                 
  | BOOL         | NIE                      | NO     | FALSE              | FALSE              
  | BOOL         | SAD_DIIS                 | NO     | TRUE               | TRUE               
  | INT          | SAD_MAX_DIIS             | NO     | 6                  | 6                  
  | INT          | SAD_MIN_DIIS             | NO     | 2                  | 2                  
  | INT          | SAD_PRINT                | NO     | 0                  | 0                  
  | STRING       | SAD_AUX_BASIS            | NO     | SAD-FIT            | SAD-FIT            
  | DOUBLE       | SAD_CHOLESKY_TOLERANCE   | NO     | 1e-07              | 1e-07              
  | BOOL         | SOLVATION                | YES    | TRUE               | FALSE              
  | BOOL         | BYPASS                   | NO     | FALSE              | FALSE              
  | STRING       | IAO_TYPE                 | NO     | STANDARD2013       | STANDARD2013       
  | BOOL         | USE_IAOS                 | NO     | FALSE              | FALSE              

	Initializing libdiis ...
	Initializing libmolint 1.1 ...
 CC-PVDZ primary basis set file will be read for the N atom...
 CC-PVDZ primary basis set file will be read for the C atom...
 CC-PVDZ primary basis set file will be read for the H atom...
 Nmaxthread: 24 
 Nshell: 63 
 Lmax:  2 
 Npmax:  8 
 Nao: 133 
 Ndocc: 25 
 Nsocc:  0 
 NoccA: 25 
 NoccB: 25 
 Primary basis set info has been read.

 CC-PVDZ-JKFIT aux basis set file will be read for the N atom...
 CC-PVDZ-JKFIT aux basis set file will be read for the C atom...
 CC-PVDZ-JKFIT aux basis set file will be read for the H atom...
 Nshell_aux: 231 
 Naux: 651 
 Aux basis set info has been read.

 orth_type: CANONICAL 
 Cpu time for S ints :       0.0200 s
 Wall time for S ints:       0.0224 s

 Using canonical orthogonalization. 
 Minimum eigenvalue in the overlap matrix is:   6.6405E-04 

 Cpu time for T ints :       0.0900 s
 Wall time for T ints:       0.0249 s
 Cpu time for V ints :       0.9300 s
 Wall time for V ints:       0.3479 s
 Cpu time for Metric ints :       1.0300 s
 Wall time for Metric ints:       0.2577 s
 3-Index Algorithm: AUTO 

 Calling fortran integrals: ringing... 
 Done with fintegrals.

 Cpu time for 3-index ints :       4.3400 s
 Wall time for 3-index ints:       1.2863 s
 Cpu time for df-factors :       0.3400 s
 Wall time for df-factors:       0.1110 s


 Puream (True=1, False=0) : 1
 Number of AO             : 133
 Number of MO             : 133
 Number of Aux Functions  : 651
 Charge                   : 0
 Multiplicity             : 1
 Alpha OCC                : 25
 Beta OCC                 : 25
 Nuclear Repulsion Energy : 272.59128730
 Energy Treshold          : 1.0e-08
 Density Treshold         : 1.0e-06
 Iteration Limit          : 50
 Guess                    : SAD
 Guess Mix                : false
 Diis                     : true
 Diis Damping             : false
 Diis Damp Parameter      : 0.02
 Diis Algorithm           : DISK
 Cutoff Treshold          : 1.0e-10
 Density Fitting          : true
 Reference                : RHF
 Die If Not Converged     : true
 Print Level              : 0
 ERI Algorithm            : INCORE
 SCF Algorithm            : ROOTHAAN




  ## SOLVATION Options ##

  | TYPE         | KEY                      | INPUT? | VALUE              | DEFAULT            
  |--------------|--------------------------|--------|--------------------|--------------------
  | INT          | NUM_Z_POINTS             | NO     | 90                 | 90                 
  | INT          | NUM_ANG_POINTS           | YES    | 100                | 100                
  | STRING       | SASA_TYPE                | YES    | NUMERIC            | NUMERIC            
  | STRING       | CHARGE_TYPE              | YES    | IAO_MULLIKEN       | IAO_MULLIKEN       
  | STRING       | CDS_TYPE                 | YES    | SMD                | SMD                
  | STRING       | SOLVENT                  | YES    | WATER              | WATER              
  | STRING       | SOLVENT_PARAMS           | YES    | MN21               | SM8                
  | STRING       | DIELECTRIC_PARAMS        | YES    | MN21               | MN21               
  | STRING       | COULOMB_RADII            | YES    | SMD                | SMD                
  | DOUBLE       | COVALENT_VW_CONST        | NO     | 0.76               | 0.76               
  | DOUBLE       | SOLVENT_RADIUS           | NO     | 0.4                | 0.4                
  | STRING       | RADIUS_TYPE              | YES    | SMD                | SMD                
  | DOUBLE       | GB_DIJ                   | NO     | 3.7                | 3.7                
  | DOUBLE       | GB_SIJ                   | NO     | 0.75               | 0.75               
  | DOUBLE       | GB_CIJ                   | NO     | 0.0                | 0.0                
  | DOUBLE       | F_PWSASA                 | NO     | 0.4535             | 0.4535             
  | DOUBLE       | SCALE_VDW                | NO     | 1.0                | 1.0                
  | DOUBLE       | SCALE_CR                 | NO     | 1.0                | 1.0                



 Sasa Type                  : NUMERIC 
 Charge Type                : IAO_MULLIKEN 
 CDS Type                   : SMD 
 Radius Type                : SMD 
 Solvent                    : WATER 
 Solvent Parameters         : MN21 
 Dielectric Parameters      : MN21 
 Coulomb Radii Parameters   : SMD 
 GB d_ij parameter          : 3.7000000000 
 GB S_ij parameter          : 0.7500000000 
 GB C_ij parameter          : 0.0000000000 
 Sclae_vdw parameter        : 1.0000000000 
 Number of z-points         : 90 
 Number of angular points   : 100 
 Number of SASA grid points : 17902 
 Solvent Dielectric Constant: 78.3553000000 

 VDW Radii:
	  1 N :       1.5500  ang
	  2 C :       1.7000  ang
	  3 C :       1.7000  ang
	  4 C :       1.7000  ang
	  5 C :       1.7000  ang
	  6 C :       1.7000  ang
	  7 C :       1.7000  ang
	  8 H :       1.2000  ang
	  9 H :       1.2000  ang
	 10 H :       1.2000  ang
	 11 H :       1.2000  ang
	 12 H :       1.2000  ang
	 13 H :       1.2000  ang
	 14 H :       1.2000  ang

	 Computing SASA... 

 Atomic SASA values:
	  1 N :      12.9749  ang^2
	  2 C :       6.1727  ang^2
	  3 C :       9.9183  ang^2
	  4 C :       9.3023  ang^2
	  5 C :      10.7758  ang^2
	  6 C :      10.8316  ang^2
	  7 C :      11.9336  ang^2
	  8 H :      12.3724  ang^2
	  9 H :      12.6455  ang^2
	 10 H :      12.1172  ang^2
	 11 H :      12.6455  ang^2
	 12 H :      13.1037  ang^2
	 13 H :      13.0534  ang^2
	 14 H :      13.0390  ang^2

	*Total SASA (angs^2): 160.8858857487 


 Coulomb Radii:
	  1 N :       1.8900  ang
	  2 C :       1.8500  ang
	  3 C :       1.8500  ang
	  4 C :       1.8500  ang
	  5 C :       1.8500  ang
	  6 C :       1.8500  ang
	  7 C :       1.8500  ang
	  8 H :       1.2000  ang
	  9 H :       1.2000  ang
	 10 H :       1.2000  ang
	 11 H :       1.2000  ang
	 12 H :       1.2000  ang
	 13 H :       1.2000  ang
	 14 H :       1.2000  ang
 Solvent Alpha                       : 1.1700000000 

 ## Effective Born Radius (bohr) ##
   0   4.6441919732 
   1   4.7546158217 
   2   4.6070657727 
   3   4.0958524028 
   4   4.4317698818 
   5   4.4038461302 
   6   4.3894960681 
   7   3.3211074790 
   8   3.2082498511 
   9   3.2594389462 
  10   3.2082398852 
  11   3.1878944758 
  12   3.1814805787 
  13   3.2014755372 

 Effective Born Radii:
	  1 N :       2.4576  ang
	  2 C :       2.5160  ang
	  3 C :       2.4380  ang
	  4 C :       2.1674  ang
	  5 C :       2.3452  ang
	  6 C :       2.3304  ang
	  7 C :       2.3228  ang
	  8 H :       1.7575  ang
	  9 H :       1.6977  ang
	 10 H :       1.7248  ang
	 11 H :       1.6977  ang
	 12 H :       1.6870  ang
	 13 H :       1.6836  ang
	 14 H :       1.6941  ang


 Coulomb Integrals:
	  1  1 :       0.2153  bohr^-1
	  1  2 :       0.1927  bohr^-1
	  1  3 :       0.1640  bohr^-1
	  1  4 :       0.1683  bohr^-1
	  1  5 :       0.1540  bohr^-1
	  1  6 :       0.1659  bohr^-1
	  1  7 :       0.1991  bohr^-1
	  1  8 :       0.1436  bohr^-1
	  1  9 :       0.1518  bohr^-1
	  1 10 :       0.1748  bohr^-1
	  1 11 :       0.1518  bohr^-1
	  1 12 :       0.1299  bohr^-1
	  1 13 :       0.1445  bohr^-1
	  1 14 :       0.1944  bohr^-1
	  2  1 :       0.1927  bohr^-1
	  2  2 :       0.2103  bohr^-1
	  2  3 :       0.1923  bohr^-1
	  2  4 :       0.1982  bohr^-1
	  2  5 :       0.1650  bohr^-1
	  2  6 :       0.1549  bohr^-1
	  2  7 :       0.1681  bohr^-1
	  2  8 :       0.1872  bohr^-1
	  2  9 :       0.1898  bohr^-1
	  2 10 :       0.1886  bohr^-1
	  2 11 :       0.1898  bohr^-1
	  2 12 :       0.1439  bohr^-1
	  2 13 :       0.1310  bohr^-1
	  2 14 :       0.1475  bohr^-1
	  3  1 :       0.1640  bohr^-1
	  3  2 :       0.1923  bohr^-1
	  3  3 :       0.2171  bohr^-1
	  3  4 :       0.1664  bohr^-1
	  3  5 :       0.1978  bohr^-1
	  3  6 :       0.1667  bohr^-1
	  3  7 :       0.1568  bohr^-1
	  3  8 :       0.2331  bohr^-1
	  3  9 :       0.1642  bohr^-1
	  3 10 :       0.1433  bohr^-1
	  3 11 :       0.1642  bohr^-1
	  3 12 :       0.1910  bohr^-1
	  3 13 :       0.1444  bohr^-1
	  3 14 :       0.1319  bohr^-1
	  4  1 :       0.1683  bohr^-1
	  4  2 :       0.1982  bohr^-1
	  4  3 :       0.1664  bohr^-1
	  4  4 :       0.2441  bohr^-1
	  4  5 :       0.1297  bohr^-1
	  4  6 :       0.1185  bohr^-1
	  4  7 :       0.1325  bohr^-1
	  4  8 :       0.1701  bohr^-1
	  4  9 :       0.2476  bohr^-1
	  4 10 :       0.2460  bohr^-1
	  4 11 :       0.2476  bohr^-1
	  4 12 :       0.1117  bohr^-1
	  4 13 :       0.0986  bohr^-1
	  4 14 :       0.1153  bohr^-1
	  5  1 :       0.1540  bohr^-1
	  5  2 :       0.1650  bohr^-1
	  5  3 :       0.1978  bohr^-1
	  5  4 :       0.1297  bohr^-1
	  5  5 :       0.2256  bohr^-1
	  5  6 :       0.2015  bohr^-1
	  5  7 :       0.1693  bohr^-1
	  5  8 :       0.1909  bohr^-1
	  5  9 :       0.1239  bohr^-1
	  5 10 :       0.1137  bohr^-1
	  5 11 :       0.1239  bohr^-1
	  5 12 :       0.2408  bohr^-1
	  5 13 :       0.1928  bohr^-1
	  5 14 :       0.1455  bohr^-1
	  6  1 :       0.1659  bohr^-1
	  6  2 :       0.1549  bohr^-1
	  6  3 :       0.1667  bohr^-1
	  6  4 :       0.1185  bohr^-1
	  6  5 :       0.2015  bohr^-1
	  6  6 :       0.2271  bohr^-1
	  6  7 :       0.2024  bohr^-1
	  6  8 :       0.1446  bohr^-1
	  6  9 :       0.1096  bohr^-1
	  6 10 :       0.1096  bohr^-1
	  6 11 :       0.1096  bohr^-1
	  6 12 :       0.1933  bohr^-1
	  6 13 :       0.2417  bohr^-1
	  6 14 :       0.1930  bohr^-1
	  7  1 :       0.1991  bohr^-1
	  7  2 :       0.1681  bohr^-1
	  7  3 :       0.1568  bohr^-1
	  7  4 :       0.1325  bohr^-1
	  7  5 :       0.1693  bohr^-1
	  7  6 :       0.2024  bohr^-1
	  7  7 :       0.2278  bohr^-1
	  7  8 :       0.1320  bohr^-1
	  7  9 :       0.1194  bohr^-1
	  7 10 :       0.1306  bohr^-1
	  7 11 :       0.1194  bohr^-1
	  7 12 :       0.1459  bohr^-1
	  7 13 :       0.1937  bohr^-1
	  7 14 :       0.2413  bohr^-1
	  8  1 :       0.1436  bohr^-1
	  8  2 :       0.1872  bohr^-1
	  8  3 :       0.2331  bohr^-1
	  8  4 :       0.1701  bohr^-1
	  8  5 :       0.1909  bohr^-1
	  8  6 :       0.1446  bohr^-1
	  8  7 :       0.1320  bohr^-1
	  8  8 :       0.3011  bohr^-1
	  8  9 :       0.1746  bohr^-1
	  8 10 :       0.1358  bohr^-1
	  8 11 :       0.1746  bohr^-1
	  8 12 :       0.1885  bohr^-1
	  8 13 :       0.1213  bohr^-1
	  8 14 :       0.1074  bohr^-1
	  9  1 :       0.1518  bohr^-1
	  9  2 :       0.1898  bohr^-1
	  9  3 :       0.1642  bohr^-1
	  9  4 :       0.2476  bohr^-1
	  9  5 :       0.1239  bohr^-1
	  9  6 :       0.1096  bohr^-1
	  9  7 :       0.1194  bohr^-1
	  9  8 :       0.1746  bohr^-1
	  9  9 :       0.3117  bohr^-1
	  9 10 :       0.2291  bohr^-1
	  9 11 :       0.2294  bohr^-1
	  9 12 :       0.1076  bohr^-1
	  9 13 :       0.0910  bohr^-1
	  9 14 :       0.1021  bohr^-1
	 10  1 :       0.1748  bohr^-1
	 10  2 :       0.1886  bohr^-1
	 10  3 :       0.1433  bohr^-1
	 10  4 :       0.2460  bohr^-1
	 10  5 :       0.1137  bohr^-1
	 10  6 :       0.1096  bohr^-1
	 10  7 :       0.1306  bohr^-1
	 10  8 :       0.1358  bohr^-1
	 10  9 :       0.2291  bohr^-1
	 10 10 :       0.3068  bohr^-1
	 10 11 :       0.2291  bohr^-1
	 10 12 :       0.0957  bohr^-1
	 10 13 :       0.0913  bohr^-1
	 10 14 :       0.1169  bohr^-1
	 11  1 :       0.1518  bohr^-1
	 11  2 :       0.1898  bohr^-1
	 11  3 :       0.1642  bohr^-1
	 11  4 :       0.2476  bohr^-1
	 11  5 :       0.1239  bohr^-1
	 11  6 :       0.1096  bohr^-1
	 11  7 :       0.1194  bohr^-1
	 11  8 :       0.1746  bohr^-1
	 11  9 :       0.2294  bohr^-1
	 11 10 :       0.2291  bohr^-1
	 11 11 :       0.3117  bohr^-1
	 11 12 :       0.1076  bohr^-1
	 11 13 :       0.0910  bohr^-1
	 11 14 :       0.1021  bohr^-1
	 12  1 :       0.1299  bohr^-1
	 12  2 :       0.1439  bohr^-1
	 12  3 :       0.1910  bohr^-1
	 12  4 :       0.1117  bohr^-1
	 12  5 :       0.2408  bohr^-1
	 12  6 :       0.1933  bohr^-1
	 12  7 :       0.1459  bohr^-1
	 12  8 :       0.1885  bohr^-1
	 12  9 :       0.1076  bohr^-1
	 12 10 :       0.0957  bohr^-1
	 12 11 :       0.1076  bohr^-1
	 12 12 :       0.3137  bohr^-1
	 12 13 :       0.1893  bohr^-1
	 12 14 :       0.1217  bohr^-1
	 13  1 :       0.1445  bohr^-1
	 13  2 :       0.1310  bohr^-1
	 13  3 :       0.1444  bohr^-1
	 13  4 :       0.0986  bohr^-1
	 13  5 :       0.1928  bohr^-1
	 13  6 :       0.2417  bohr^-1
	 13  7 :       0.1937  bohr^-1
	 13  8 :       0.1213  bohr^-1
	 13  9 :       0.0910  bohr^-1
	 13 10 :       0.0913  bohr^-1
	 13 11 :       0.0910  bohr^-1
	 13 12 :       0.1893  bohr^-1
	 13 13 :       0.3143  bohr^-1
	 13 14 :       0.1893  bohr^-1
	 14  1 :       0.1944  bohr^-1
	 14  2 :       0.1475  bohr^-1
	 14  3 :       0.1319  bohr^-1
	 14  4 :       0.1153  bohr^-1
	 14  5 :       0.1455  bohr^-1
	 14  6 :       0.1930  bohr^-1
	 14  7 :       0.2413  bohr^-1
	 14  8 :       0.1074  bohr^-1
	 14  9 :       0.1021  bohr^-1
	 14 10 :       0.1169  bohr^-1
	 14 11 :       0.1021  bohr^-1
	 14 12 :       0.1217  bohr^-1
	 14 13 :       0.1893  bohr^-1
	 14 14 :       0.3124  bohr^-1
    ===> SCF Iteration Started <===

     Iter. |                   Energy |       Delta E |          Drms |
    -------|--------------------------|---------------|---------------|
         1 |      -285.06025308686691 |    -2.851e+02 |     1.492e-02 |
         2 |      -285.62486081941694 |    -5.646e-01 |     3.869e-03 | DIIS
         3 |      -285.74048108019389 |    -1.156e-01 |     1.479e-03 | DIIS
         4 |      -285.75452736418566 |    -1.405e-02 |     2.638e-04 | DIIS
         5 |      -285.75574385418139 |    -1.216e-03 |     1.588e-04 | DIIS
         6 |      -285.75588849893489 |    -1.446e-04 |     3.246e-05 | DIIS
         7 |      -285.75589455150777 |    -6.053e-06 |     1.323e-05 | DIIS
         8 |      -285.75589422918830 |     3.223e-07 |     3.985e-06 | DIIS
         9 |      -285.75589411928757 |     1.099e-07 |     9.946e-07 | DIIS
        10 |      -285.75589361433134 |     5.050e-07 |     1.483e-06 | DIIS
        11 |      -285.75589337526191 |     2.391e-07 |     6.483e-07 | DIIS
        12 |      -285.75589325203083 |     1.232e-07 |     2.176e-07 | DIIS
        13 |      -285.75589318556052 |     6.647e-08 |     1.128e-07 | DIIS
        14 |      -285.75589317404177 |     1.152e-08 |     3.557e-08 | DIIS
        15 |      -285.75589316434258 |     9.699e-09 |     8.263e-09 | DIIS


	-Alpha Occupied Orbital Energies (au):  
	 1: -15.5373862780 	 2: -11.2560668975 	 3: -11.2504970710 	 4: -11.2360392579 	 5: -11.2141418668 
	 6: -11.2134915347 	 7: -11.2046346698 	 8: -1.2242866485 	 9: -1.0590737017 	10: -1.0321039274 
	11: -0.9272463129 	12: -0.8305853741 	13: -0.7937515101 	14: -0.6729266713 	15: -0.6383344345 
	16: -0.6135039933 	17: -0.5614866455 	18: -0.5587571046 	19: -0.5422074449 	20: -0.5044465803 
	21: -0.4898476147 	22: -0.4802853101 	23: -0.3866603136 	24: -0.3497965140 	25: -0.3104836909 

	-Alpha Virtual Orbital Energies (au):  
	26: 0.1422099366 	27: 0.1567710558 	28: 0.1980633683 	29: 0.2160229808 	30: 0.2348641219 
	31: 0.2603558441 	32: 0.2740129314 	33: 0.2786502813 	34: 0.2836769007 	35: 0.3759778741 
	36: 0.3886103210 	37: 0.4139830736 	38: 0.4615537901 	39: 0.4786832051 	40: 0.4958483027 
	41: 0.5972695843 	42: 0.6077349433 	43: 0.6482740987 	44: 0.6513095498 	45: 0.6656712929 
	46: 0.6743812347 	47: 0.7110170649 	48: 0.7284536560 	49: 0.7315342967 	50: 0.7415484484 
	51: 0.7557829852 	52: 0.7633938053 	53: 0.8022568769 	54: 0.8279623258 	55: 0.8476729905 
	56: 0.8499362408 	57: 0.8656732801 	58: 0.8866095582 	59: 0.8922401746 	60: 0.8990763238 
	61: 0.9444095619 	62: 0.9805066527 	63: 0.9838593608 	64: 1.0137386086 	65: 1.0647968916 
	66: 1.0982549859 	67: 1.1193683675 	68: 1.1563054418 	69: 1.1666175331 	70: 1.1743066473 
	71: 1.1933143173 	72: 1.2070960541 	73: 1.2326355115 	74: 1.2405959001 	75: 1.2675716932 
	76: 1.3136099551 	77: 1.3359820653 	78: 1.3746301337 	79: 1.4312329068 	80: 1.4343023677 
	81: 1.4740341750 	82: 1.5790422872 	83: 1.6185397513 	84: 1.6764139559 	85: 1.6817307002 
	86: 1.6840732372 	87: 1.7479458117 	88: 1.7521472969 	89: 1.7736942793 	90: 1.7826350290 
	91: 1.8537323854 	92: 1.8883545694 	93: 1.8992395295 	94: 1.9020428152 	95: 1.9179213166 
	96: 1.9203464546 	97: 1.9268510331 	98: 1.9486303263 	99: 1.9828670656 	100: 2.0063667836 
	101: 2.0140489162 	102: 2.0190183492 	103: 2.0914683666 	104: 2.1243575519 	105: 2.1427059364 
	106: 2.1796582932 	107: 2.1987499083 	108: 2.2182014397 	109: 2.2531059184 	110: 2.2792358730 
	111: 2.2859434163 	112: 2.2964339444 	113: 2.3208655841 	114: 2.3546297897 	115: 2.4479783426 
	116: 2.4595415585 	117: 2.5663075687 	118: 2.6792167508 	119: 2.6864482587 	120: 2.7202379726 
	121: 2.7337552808 	122: 2.7628357241 	123: 2.7642486272 	124: 2.8019544983 	125: 2.8753569416 
	126: 2.8833309918 	127: 2.9211904187 	128: 3.0428726680 	129: 3.0620607017 	130: 3.2207551572 
	131: 3.2568779789 	132: 3.2744671750 	133: 3.8787803678 


	-Mulliken Population Analysis for SCF:
	 1: -0.3851352634 	 2: 0.0279348706 	 3: -0.0701576309 	 4: 0.0518469375 	 5: 0.0715409332 
	 6: -0.1268507401 	 7: 0.1796355606 	 8: 0.0156626477 	 9: 0.0456927877 	10: 0.0486308415 
	11: 0.0456987402 	12: 0.0317505826 	13: 0.0260747651 	14: 0.0376749675 

	-Lowdin Population Analysis for SCF:  
	 1: -0.0280960505 	 2: -0.0186256882 	 3: -0.0615922266 	 4: -0.0386905512 	 5: 0.0201840588 
	 6: -0.0732078262 	 7: -0.0058892329 	 8: 0.0263636164 	 9: 0.0310249507 	10: 0.0335062736 
	11: 0.0310271659 	12: 0.0312194459 	13: 0.0287416693 	14: 0.0240343951 

	-Electronic Dipole Moment: (e a0)  
	 X:  3.00210   Y:  -1.18370   Z:  -0.00002   Total:  3.22704 

	-Electronic Dipole Moment: (D)  
	 X:  7.63058   Y:  -3.00866   Z:  -0.00006   Total:  8.20231 

	-Total Dipole Moment: (e a0)  
	 X:  0.27544   Y:  0.71986   Z:  0.00001   Total:  0.77076 

	-Total Dipole Moment: (D)  
	 X:  0.70011   Y:  1.82971   Z:  0.00002   Total:  1.95908 



	Initializing Liboeprop (by U. Bozkaya) ...


	-Mulliken Population Analysis for SCF-IAO:
	 1: -0.3340162909 	 2: 0.1846591943 	 3: -0.1976728616 	 4: -0.3703708943 	 5: -0.0804885643 
	 6: -0.1981835131 	 7: 0.0291037448 	 8: 0.1361844155 	 9: 0.1296629920 	10: 0.1432767004 
	11: 0.1296666863 	12: 0.1420390239 	13: 0.1424239909 	14: 0.1439076159 

	-Lowdin Population Analysis for SCF-IAO:  
	 1: -0.3340162909 	 2: 0.1846591943 	 3: -0.1976728616 	 4: -0.3703708943 	 5: -0.0804885643 
	 6: -0.1981835131 	 7: 0.0291037448 	 8: 0.1361844155 	 9: 0.1296629920 	10: 0.1432767004 
	11: 0.1296666863 	12: 0.1420390239 	13: 0.1424239909 	14: 0.1439076159 

	Initializing Liblocal (by U. Bozkaya) ...
  ==> Pipek-Mezey Localizer <==

    Convergence =   1.000E-08
    Maxiter     =          50

    Iteration                   Metric       Residual
    PM    0   1.5522716580577038E+01              -
    PM    1   2.8505055339936295E+01   8.363445E-01
    PM    2   3.1233262000054530E+01   9.570957E-02
    PM    3   3.1308485852826998E+01   2.408453E-03
    PM    4   3.1311944000664692E+01   1.104540E-04
    PM    5   3.1312562228691036E+01   1.974416E-05
    PM    6   3.1312643320242810E+01   2.589745E-06
    PM    7   3.1312673229526624E+01   9.551823E-07
    PM    8   3.1312682349576676E+01   2.912575E-07
    PM    9   3.1312683983661419E+01   5.218604E-08
    PM   10   3.1312684470980532E+01   1.556299E-08
    PM   11   3.1312684591379025E+01   3.845039E-09

    PM Localizer converged.



	*Molecular contr. to CDS energy:       0.0000  kcal/mol
	*Total CDS energy:       1.7166  kcal/mol
	*SCF::Polarization Free Energy (au)      : -0.0045878915 
	*SCF::Polarization Free Energy (kcal/mol):      -2.8789 
	*SCF::CDS Free Energy (au)      : 0.0027356525 
	*SCF::CDS Free Energy (kcal/mol):       1.7166 
	*SCF::Total Solvation Free Energy (au)      : -0.0018522389 
	*SCF::Total Solvation Free Energy (kcal/mol):      -1.1623 
 CC-PVDZ primary basis set file will be read for the N atom...
 CC-PVDZ primary basis set file will be read for the C atom...
 CC-PVDZ primary basis set file will be read for the H atom...
 Nmaxthread: 24 
 Nshell: 63 
 Lmax:  2 
 Npmax:  8 
 Nao: 133 
 Ndocc: 25 
 Nsocc:  0 
 NoccA: 25 
 NoccB: 25 
 Primary basis set info has been read.

 CC-PVDZ-JKFIT aux basis set file will be read for the N atom...
 CC-PVDZ-JKFIT aux basis set file will be read for the C atom...
 CC-PVDZ-JKFIT aux basis set file will be read for the H atom...
 Nshell_aux: 231 
 Naux: 651 
 Aux basis set info has been read.


	*Total SCF Energy: -285.75589316434258

 Cpu time for SCF :       1.7280 minutes
 Wall time for SCF:       0.7083 minutes


	MO spaces... 

	 FC   OCC   VIR   FV 
	----------------------
	  7   18   108    0


	Libtrans is initialized (by U. Bozkaya) ...

 ============================================================================== 
 ============================================================================== 
 ============================================================================== 

                       DF-MP2   
              Program Written by Ugur Bozkaya
              Latest Revision May 2, 2021

 ============================================================================== 
 ============================================================================== 
 ============================================================================== 

	For this residual convergence, default PCG convergence is:     1.00e-07
    Warning: "PCG_CONVERGENCE" option is changed to     1.00e-07


  ## DFOCC Options ##

  | TYPE         | KEY                      | INPUT? | VALUE              | DEFAULT            
  |--------------|--------------------------|--------|--------------------|--------------------
  | BOOL         | EOM                      | NO     | FALSE              | FALSE              
  | BOOL         | EOM_MP2                  | NO     | FALSE              | FALSE              
  | BOOL         | EOM_MP3                  | NO     | FALSE              | FALSE              
  | BOOL         | EOM_MP2_5                | NO     | FALSE              | FALSE              
  | BOOL         | EOM_LCCD                 | NO     | FALSE              | FALSE              
  | BOOL         | LOW_MEM_MP2              | NO     | FALSE              | FALSE              
  | BOOL         | LOW_MEM_MP3              | NO     | FALSE              | FALSE              
  | BOOL         | CD_PRESCREEN             | NO     | FALSE              | FALSE              
  | DOUBLE       | CIS_E_CONV               | NO     | 1e-06              | 1e-06              
  | DOUBLE       | CIS_R_CONV               | NO     | 1e-06              | 1e-06              
  | DOUBLE       | CIS_RES_PRECONDITION_TOL | NO     | 0.0001             | 0.0001             
  | DOUBLE       | DAVIDSON_TOLERANCE       | NO     | 1e-06              | 1e-06              
  | DOUBLE       | E3_SCALE                 | NO     | 0.25               | 0.25               
  | DOUBLE       | E_CONVERGENCE            | NO     | 1e-06              | 1e-06              
  | DOUBLE       | JK_MEMORY                | NO     | 1000000000.0       | 1000000000.0       
  | DOUBLE       | LEVEL_SHIFT              | NO     | 0.02               | 0.02               
  | DOUBLE       | MAX_MOGRAD_CONVERGENCE   | NO     | 0.001              | 0.001              
  | DOUBLE       | MO_STEP_MAX              | NO     | 0.5                | 0.5                
  | DOUBLE       | MP2_OS_SCALE             | NO     | 1.2                | 1.2                
  | DOUBLE       | MP2_SOS_SCALE            | NO     | 1.3                | 1.3                
  | DOUBLE       | MP2_SOS_SCALE2           | NO     | 1.2                | 1.2                
  | DOUBLE       | MP2_SS_SCALE             | NO     | 0.3333333333333333 | 0.3333333333333333 
  | DOUBLE       | OCC_PERCENTAGE           | NO     | 99.0               | 99.0               
  | DOUBLE       | OCC_TOLERANCE            | NO     | 1e-05              | 1e-05              
  | DOUBLE       | OO_SCALE                 | NO     | 0.01               | 0.01               
  | DOUBLE       | PCG_CONVERGENCE          | NO     | 1e-06              | 1e-06              
  | DOUBLE       | R_CONVERGENCE            | NO     | 1e-05              | 1e-05              
  | DOUBLE       | REG_PARAM                | NO     | 0.4                | 0.4                
  | DOUBLE       | KAPPA_REG_PARAM          | NO     | 1.1                | 1.1                
  | DOUBLE       | RMS_MOGRAD_CONVERGENCE   | NO     | 1e-06              | 1e-06              
  | DOUBLE       | SCG_TOLERANCE            | NO     | 1e-06              | 1e-06              
  | DOUBLE       | SCHMIDT_ADD_RES_TOL      | NO     | 0.001              | 0.001              
  | INT          | ACTIVE_NAT_ORBS          | NO     | 2                  | 2                  
  | INT          | CC_DIIS_MAX_VECS         | NO     | 6                  | 6                  
  | INT          | CC_DIIS_MIN_VECS         | NO     | 2                  | 2                  
  | INT          | CC_MAXITER               | NO     | 50                 | 50                 
  | INT          | CUTOFF                   | NO     | 8                  | 8                  
  | INT          | EXCITATION_RANGE         | NO     | 2                  | 2                  
  | INT          | FOLLOW_ROOT              | NO     | 1                  | 1                  
  | INT          | INTEGRAL_CUTOFF          | NO     | 9                  | 9                  
  | INT          | MAX_VECS                 | NO     | 50                 | 50                 
  | INT          | MO_DIIS_NUM_VECS         | NO     | 6                  | 6                  
  | INT          | MO_MAXITER               | NO     | 50                 | 50                 
  | INT          | NUM_ROOTS                | NO     | 4                  | 4                  
  | INT          | PCG_MAXITER              | NO     | 50                 | 50                 
  | INT          | PRINT_LEVEL              | NO     | 0                  | 0                  
  | INT          | VECS_PER_ROOT            | NO     | 1                  | 1                  
  | STRING       | CC_LAMBDA                | NO     | FALSE              | FALSE              
  | STRING       | CHOLESKY                 | NO     | FALSE              | FALSE              
  | STRING       | CIS_ALGORITHM            | NO     | MO_BASIS           | MO_BASIS           
  | STRING       | CIS_GUESS_COEFF          | NO     | MIX                | MIX                
  | STRING       | COMPUT_S2                | NO     | FALSE              | FALSE              
  | STRING       | DIAG_METHOD              | NO     | DAVIDSON           | DAVIDSON           
  | STRING       | DO_DIIS                  | NO     | TRUE               | TRUE               
  | STRING       | DO_LEVEL_SHIFT           | NO     | TRUE               | TRUE               
  | STRING       | DO_SCS                   | NO     | FALSE              | FALSE              
  | STRING       | DO_SOS                   | NO     | FALSE              | FALSE              
  | STRING       | EKT_IP                   | NO     | FALSE              | FALSE              
  | STRING       | FREEZE_CORE              | NO     | TRUE               | TRUE               
  | STRING       | HESS_TYPE                | NO     | HF                 | HF                 
  | STRING       | JK_TYPE                  | NO     | DIRECT             | DIRECT             
  | STRING       | LINEQ_SOLVER             | NO     | CDGESV             | CDGESV             
  | STRING       | MO_READ                  | NO     | FALSE              | FALSE              
  | STRING       | MO_WRITE                 | NO     | FALSE              | FALSE              
  | STRING       | MP2_AMP_TYPE             | NO     | DIRECT             | DIRECT             
  | STRING       | NAT_ORBS                 | NO     | FALSE              | FALSE              
  | STRING       | NBO                      | NO     | TRUE               | TRUE               
  | STRING       | OCC_ORBS_PRINT           | NO     | FALSE              | FALSE              
  | STRING       | OEPROP                   | NO     | FALSE              | FALSE              
  | STRING       | OPT_METHOD               | NO     | QNR                | QNR                
  | STRING       | ORB_RESP_SOLVER          | NO     | PCG                | PCG                
  | STRING       | ORTH_TYPE                | NO     | MGS                | MGS                
  | STRING       | PCG_BETA_TYPE            | NO     | FLETCHER_REEVES    | FLETCHER_REEVES    
  | STRING       | PPL_TYPE                 | NO     | AUTO               | AUTO               
  | STRING       | PRINT_CI_VECS            | NO     | FALSE              | FALSE              
  | STRING       | QCHF                     | NO     | FALSE              | FALSE              
  | STRING       | READ_SCF_3INDEX          | NO     | TRUE               | TRUE               
  | STRING       | REGULARIZATION           | NO     | FALSE              | FALSE              
  | STRING       | REG_TYPE                 | NO     | NORMAL             | NORMAL             
  | STRING       | SCS_TYPE                 | NO     | SCS                | SCS                
  | STRING       | SOS_TYPE                 | NO     | SOS                | SOS                
  | STRING       | TRIPLES_IABC_TYPE        | NO     | DISK               | DISK               
  | STRING       | UNIT_GUESS_TYPE          | NO     | GEN                | GEN                
  | STRING       | EKT_NEGATIVE_OCC         | NO     | ABS                | ABS                
  | BOOL         | SOLVATION                | YES    | TRUE               | FALSE              

	MO spaces... 

	 FC   OCC   VIR   FV 
	----------------------
	  7   18   108    0
 CC-PVDZ primary basis set file will be read for the N atom...
 CC-PVDZ primary basis set file will be read for the C atom...
 CC-PVDZ primary basis set file will be read for the H atom...
 Nmaxthread: 24 
 Nshell: 63 
 Lmax:  2 
 Npmax:  8 
 Nao: 133 
 Ndocc: 25 
 Nsocc:  0 
 NoccA: 25 
 NoccB: 25 
 Primary basis set info has been read.

 CC-PVDZ-RI aux basis set file will be read for the N atom...
 CC-PVDZ-RI aux basis set file will be read for the C atom...
 CC-PVDZ-RI aux basis set file will be read for the H atom...
 Nshell_aux: 168 
 Naux: 490 
 Aux basis set info has been read.

 Cpu time for Metric ints :       0.3300 s
 Wall time for Metric ints:       0.1688 s
 3-Index Algorithm: AUTO 

 Calling fortran integrals: ringing... 
 Done with fintegrals.

 Cpu time for 3-index ints :       4.3000 s
 Wall time for 3-index ints:       1.2514 s
 Cpu time for df-factors :       0.3800 s
 Wall time for df-factors:       0.1093 s
 CC-PVDZ primary basis set file will be read for the N atom...
 CC-PVDZ primary basis set file will be read for the C atom...
 CC-PVDZ primary basis set file will be read for the H atom...
 Nmaxthread: 24 
 Nshell: 63 
 Lmax:  2 
 Npmax:  8 
 Nao: 133 
 Ndocc: 25 
 Nsocc:  0 
 NoccA: 25 
 NoccB: 25 
 Primary basis set info has been read.

 CC-PVDZ-JKFIT aux basis set file will be read for the N atom...
 CC-PVDZ-JKFIT aux basis set file will be read for the C atom...
 CC-PVDZ-JKFIT aux basis set file will be read for the H atom...
 Nshell_aux: 231 
 Naux: 651 
 Aux basis set info has been read.

	Reading DF integrals from disk ...
 Cpu time for Metric ints :       1.2800 s
 Wall time for Metric ints:       0.4499 s
	Number of basis functions in the DF-HF basis: 651
	Number of basis functions in the DF-CC basis: 490

	Available memory                      :  30000.00 MB 
	Minimum required memory for amplitudes:     90.70 MB 
	Memory requirement for B-CC (Q|mu nu) :     69.34 MB 
	Memory requirement for B-CC (Q|ab)    :     45.72 MB 
	Memory requirement for DF-CC int trans:    125.65 MB 

	Computing DF-MP2 energy using SCF MOs (Canonical DF-MP2)... 
	======================================================================= 
	Nuclear Repulsion Energy (a.u.)    :   272.59128003285196
	DF-HF Energy (a.u.)                :  -285.75589316434258
	REF Energy (a.u.)                  :  -285.75589316434258
	DF-MP2 Correlation Energy (a.u.)   :    -0.96010780320314
	DF-MP2 Total Energy (a.u.)         :  -286.71600096754571
	======================================================================= 

	*Total MP2 Energy: -286.71600096754571

	Computing unrelaxed response density matrices...
	Number of independent-pairs: 2700
	Computing the generalized Fock matrix (GFM)...
	Computing the orbital gradient...
	Forming effective orbital gradient...
	Solving orbital Z-vector equations...

	            PCG Solver 
	   ------------------------------ 
	Iter     RMS Z Vector        RMS Residual  
	----    ---------------    ---------------
	  1         1.42e-03         9.66e-04
	  2         7.61e-04         7.12e-04
	  3         5.22e-04         2.57e-04
	  4         2.10e-04         1.02e-04
	  5         4.16e-05         3.07e-05
	  6         1.81e-05         1.38e-05
	  7         5.99e-06         3.88e-06
	  8         1.51e-06         9.57e-07
	  9         4.64e-07         3.10e-07
	 10         1.61e-07         1.36e-07
	 11         1.09e-07         4.71e-08
	 12         4.02e-08         2.02e-08

	Computing the relaxed PDMs and GFM...
	Compute solv. is starting ...

	Initializing Liboeprop (by U. Bozkaya) ...


	-Mulliken Population Analysis for MP2-IAO:
	 1: -0.0352496534 	 2: 0.2399164021 	 3: -0.0398236038 	 4: -0.2371040468 	 5: -0.1038760427 
	 6: -0.0832207458 	 7: -0.0079487662 	 8: 0.0817376712 	 9: 0.0764697531 	10: 0.0876595483 
	11: 0.0764710330 	12: 0.0663462245 	13: 0.0760981130 	14: 0.0691861993 

	-Lowdin Population Analysis for MP2-IAO:  
	 1: -0.0352496534 	 2: 0.2399164021 	 3: -0.0398236038 	 4: -0.2371040468 	 5: -0.1038760427 
	 6: -0.0832207458 	 7: -0.0079487662 	 8: 0.0817376712 	 9: 0.0764697531 	10: 0.0876595483 
	11: 0.0764710330 	12: 0.0663462245 	13: 0.0760981130 	14: 0.0691861993 


  ## SOLVATION Options ##

  | TYPE         | KEY                      | INPUT? | VALUE              | DEFAULT            
  |--------------|--------------------------|--------|--------------------|--------------------
  | INT          | NUM_Z_POINTS             | NO     | 90                 | 90                 
  | INT          | NUM_ANG_POINTS           | YES    | 100                | 100                
  | STRING       | SASA_TYPE                | YES    | NUMERIC            | NUMERIC            
  | STRING       | CHARGE_TYPE              | YES    | IAO_MULLIKEN       | IAO_MULLIKEN       
  | STRING       | CDS_TYPE                 | YES    | SMD                | SMD                
  | STRING       | SOLVENT                  | YES    | WATER              | WATER              
  | STRING       | SOLVENT_PARAMS           | YES    | MN21               | SM8                
  | STRING       | DIELECTRIC_PARAMS        | YES    | MN21               | MN21               
  | STRING       | COULOMB_RADII            | YES    | SMD                | SMD                
  | DOUBLE       | COVALENT_VW_CONST        | NO     | 0.76               | 0.76               
  | DOUBLE       | SOLVENT_RADIUS           | NO     | 0.4                | 0.4                
  | STRING       | RADIUS_TYPE              | YES    | SMD                | SMD                
  | DOUBLE       | GB_DIJ                   | NO     | 3.7                | 3.7                
  | DOUBLE       | GB_SIJ                   | NO     | 0.75               | 0.75               
  | DOUBLE       | GB_CIJ                   | NO     | 0.0                | 0.0                
  | DOUBLE       | F_PWSASA                 | NO     | 0.4535             | 0.4535             
  | DOUBLE       | SCALE_VDW                | NO     | 1.0                | 1.0                
  | DOUBLE       | SCALE_CR                 | NO     | 1.0                | 1.0                



 Sasa Type                  : NUMERIC 
 Charge Type                : IAO_MULLIKEN 
 CDS Type                   : SMD 
 Radius Type                : SMD 
 Solvent                    : WATER 
 Solvent Parameters         : MN21 
 Dielectric Parameters      : MN21 
 Coulomb Radii Parameters   : SMD 
 GB d_ij parameter          : 3.7000000000 
 GB S_ij parameter          : 0.7500000000 
 GB C_ij parameter          : 0.0000000000 
 Sclae_vdw parameter        : 1.0000000000 
 Number of z-points         : 90 
 Number of angular points   : 100 
 Number of SASA grid points : 17902 
 Solvent Dielectric Constant: 78.3553000000 

 VDW Radii:
	  1 N :       1.5500  ang
	  2 C :       1.7000  ang
	  3 C :       1.7000  ang
	  4 C :       1.7000  ang
	  5 C :       1.7000  ang
	  6 C :       1.7000  ang
	  7 C :       1.7000  ang
	  8 H :       1.2000  ang
	  9 H :       1.2000  ang
	 10 H :       1.2000  ang
	 11 H :       1.2000  ang
	 12 H :       1.2000  ang
	 13 H :       1.2000  ang
	 14 H :       1.2000  ang

	 Computing SASA... 

 Atomic SASA values:
	  1 N :      12.9749  ang^2
	  2 C :       6.1727  ang^2
	  3 C :       9.9183  ang^2
	  4 C :       9.3023  ang^2
	  5 C :      10.7758  ang^2
	  6 C :      10.8316  ang^2
	  7 C :      11.9336  ang^2
	  8 H :      12.3724  ang^2
	  9 H :      12.6455  ang^2
	 10 H :      12.1172  ang^2
	 11 H :      12.6455  ang^2
	 12 H :      13.1037  ang^2
	 13 H :      13.0534  ang^2
	 14 H :      13.0390  ang^2

	*Total SASA (angs^2): 160.8858857487 


 Coulomb Radii:
	  1 N :       1.8900  ang
	  2 C :       1.8500  ang
	  3 C :       1.8500  ang
	  4 C :       1.8500  ang
	  5 C :       1.8500  ang
	  6 C :       1.8500  ang
	  7 C :       1.8500  ang
	  8 H :       1.2000  ang
	  9 H :       1.2000  ang
	 10 H :       1.2000  ang
	 11 H :       1.2000  ang
	 12 H :       1.2000  ang
	 13 H :       1.2000  ang
	 14 H :       1.2000  ang
 Solvent Alpha                       : 1.1700000000 

 ## Effective Born Radius (bohr) ##
   0   4.6441919732 
   1   4.7546158217 
   2   4.6070657727 
   3   4.0958524028 
   4   4.4317698818 
   5   4.4038461302 
   6   4.3894960681 
   7   3.3211074790 
   8   3.2082498511 
   9   3.2594389462 
  10   3.2082398852 
  11   3.1878944758 
  12   3.1814805787 
  13   3.2014755372 

 Effective Born Radii:
	  1 N :       2.4576  ang
	  2 C :       2.5160  ang
	  3 C :       2.4380  ang
	  4 C :       2.1674  ang
	  5 C :       2.3452  ang
	  6 C :       2.3304  ang
	  7 C :       2.3228  ang
	  8 H :       1.7575  ang
	  9 H :       1.6977  ang
	 10 H :       1.7248  ang
	 11 H :       1.6977  ang
	 12 H :       1.6870  ang
	 13 H :       1.6836  ang
	 14 H :       1.6941  ang


 Coulomb Integrals:
	  1  1 :       0.2153  bohr^-1
	  1  2 :       0.1927  bohr^-1
	  1  3 :       0.1640  bohr^-1
	  1  4 :       0.1683  bohr^-1
	  1  5 :       0.1540  bohr^-1
	  1  6 :       0.1659  bohr^-1
	  1  7 :       0.1991  bohr^-1
	  1  8 :       0.1436  bohr^-1
	  1  9 :       0.1518  bohr^-1
	  1 10 :       0.1748  bohr^-1
	  1 11 :       0.1518  bohr^-1
	  1 12 :       0.1299  bohr^-1
	  1 13 :       0.1445  bohr^-1
	  1 14 :       0.1944  bohr^-1
	  2  1 :       0.1927  bohr^-1
	  2  2 :       0.2103  bohr^-1
	  2  3 :       0.1923  bohr^-1
	  2  4 :       0.1982  bohr^-1
	  2  5 :       0.1650  bohr^-1
	  2  6 :       0.1549  bohr^-1
	  2  7 :       0.1681  bohr^-1
	  2  8 :       0.1872  bohr^-1
	  2  9 :       0.1898  bohr^-1
	  2 10 :       0.1886  bohr^-1
	  2 11 :       0.1898  bohr^-1
	  2 12 :       0.1439  bohr^-1
	  2 13 :       0.1310  bohr^-1
	  2 14 :       0.1475  bohr^-1
	  3  1 :       0.1640  bohr^-1
	  3  2 :       0.1923  bohr^-1
	  3  3 :       0.2171  bohr^-1
	  3  4 :       0.1664  bohr^-1
	  3  5 :       0.1978  bohr^-1
	  3  6 :       0.1667  bohr^-1
	  3  7 :       0.1568  bohr^-1
	  3  8 :       0.2331  bohr^-1
	  3  9 :       0.1642  bohr^-1
	  3 10 :       0.1433  bohr^-1
	  3 11 :       0.1642  bohr^-1
	  3 12 :       0.1910  bohr^-1
	  3 13 :       0.1444  bohr^-1
	  3 14 :       0.1319  bohr^-1
	  4  1 :       0.1683  bohr^-1
	  4  2 :       0.1982  bohr^-1
	  4  3 :       0.1664  bohr^-1
	  4  4 :       0.2441  bohr^-1
	  4  5 :       0.1297  bohr^-1
	  4  6 :       0.1185  bohr^-1
	  4  7 :       0.1325  bohr^-1
	  4  8 :       0.1701  bohr^-1
	  4  9 :       0.2476  bohr^-1
	  4 10 :       0.2460  bohr^-1
	  4 11 :       0.2476  bohr^-1
	  4 12 :       0.1117  bohr^-1
	  4 13 :       0.0986  bohr^-1
	  4 14 :       0.1153  bohr^-1
	  5  1 :       0.1540  bohr^-1
	  5  2 :       0.1650  bohr^-1
	  5  3 :       0.1978  bohr^-1
	  5  4 :       0.1297  bohr^-1
	  5  5 :       0.2256  bohr^-1
	  5  6 :       0.2015  bohr^-1
	  5  7 :       0.1693  bohr^-1
	  5  8 :       0.1909  bohr^-1
	  5  9 :       0.1239  bohr^-1
	  5 10 :       0.1137  bohr^-1
	  5 11 :       0.1239  bohr^-1
	  5 12 :       0.2408  bohr^-1
	  5 13 :       0.1928  bohr^-1
	  5 14 :       0.1455  bohr^-1
	  6  1 :       0.1659  bohr^-1
	  6  2 :       0.1549  bohr^-1
	  6  3 :       0.1667  bohr^-1
	  6  4 :       0.1185  bohr^-1
	  6  5 :       0.2015  bohr^-1
	  6  6 :       0.2271  bohr^-1
	  6  7 :       0.2024  bohr^-1
	  6  8 :       0.1446  bohr^-1
	  6  9 :       0.1096  bohr^-1
	  6 10 :       0.1096  bohr^-1
	  6 11 :       0.1096  bohr^-1
	  6 12 :       0.1933  bohr^-1
	  6 13 :       0.2417  bohr^-1
	  6 14 :       0.1930  bohr^-1
	  7  1 :       0.1991  bohr^-1
	  7  2 :       0.1681  bohr^-1
	  7  3 :       0.1568  bohr^-1
	  7  4 :       0.1325  bohr^-1
	  7  5 :       0.1693  bohr^-1
	  7  6 :       0.2024  bohr^-1
	  7  7 :       0.2278  bohr^-1
	  7  8 :       0.1320  bohr^-1
	  7  9 :       0.1194  bohr^-1
	  7 10 :       0.1306  bohr^-1
	  7 11 :       0.1194  bohr^-1
	  7 12 :       0.1459  bohr^-1
	  7 13 :       0.1937  bohr^-1
	  7 14 :       0.2413  bohr^-1
	  8  1 :       0.1436  bohr^-1
	  8  2 :       0.1872  bohr^-1
	  8  3 :       0.2331  bohr^-1
	  8  4 :       0.1701  bohr^-1
	  8  5 :       0.1909  bohr^-1
	  8  6 :       0.1446  bohr^-1
	  8  7 :       0.1320  bohr^-1
	  8  8 :       0.3011  bohr^-1
	  8  9 :       0.1746  bohr^-1
	  8 10 :       0.1358  bohr^-1
	  8 11 :       0.1746  bohr^-1
	  8 12 :       0.1885  bohr^-1
	  8 13 :       0.1213  bohr^-1
	  8 14 :       0.1074  bohr^-1
	  9  1 :       0.1518  bohr^-1
	  9  2 :       0.1898  bohr^-1
	  9  3 :       0.1642  bohr^-1
	  9  4 :       0.2476  bohr^-1
	  9  5 :       0.1239  bohr^-1
	  9  6 :       0.1096  bohr^-1
	  9  7 :       0.1194  bohr^-1
	  9  8 :       0.1746  bohr^-1
	  9  9 :       0.3117  bohr^-1
	  9 10 :       0.2291  bohr^-1
	  9 11 :       0.2294  bohr^-1
	  9 12 :       0.1076  bohr^-1
	  9 13 :       0.0910  bohr^-1
	  9 14 :       0.1021  bohr^-1
	 10  1 :       0.1748  bohr^-1
	 10  2 :       0.1886  bohr^-1
	 10  3 :       0.1433  bohr^-1
	 10  4 :       0.2460  bohr^-1
	 10  5 :       0.1137  bohr^-1
	 10  6 :       0.1096  bohr^-1
	 10  7 :       0.1306  bohr^-1
	 10  8 :       0.1358  bohr^-1
	 10  9 :       0.2291  bohr^-1
	 10 10 :       0.3068  bohr^-1
	 10 11 :       0.2291  bohr^-1
	 10 12 :       0.0957  bohr^-1
	 10 13 :       0.0913  bohr^-1
	 10 14 :       0.1169  bohr^-1
	 11  1 :       0.1518  bohr^-1
	 11  2 :       0.1898  bohr^-1
	 11  3 :       0.1642  bohr^-1
	 11  4 :       0.2476  bohr^-1
	 11  5 :       0.1239  bohr^-1
	 11  6 :       0.1096  bohr^-1
	 11  7 :       0.1194  bohr^-1
	 11  8 :       0.1746  bohr^-1
	 11  9 :       0.2294  bohr^-1
	 11 10 :       0.2291  bohr^-1
	 11 11 :       0.3117  bohr^-1
	 11 12 :       0.1076  bohr^-1
	 11 13 :       0.0910  bohr^-1
	 11 14 :       0.1021  bohr^-1
	 12  1 :       0.1299  bohr^-1
	 12  2 :       0.1439  bohr^-1
	 12  3 :       0.1910  bohr^-1
	 12  4 :       0.1117  bohr^-1
	 12  5 :       0.2408  bohr^-1
	 12  6 :       0.1933  bohr^-1
	 12  7 :       0.1459  bohr^-1
	 12  8 :       0.1885  bohr^-1
	 12  9 :       0.1076  bohr^-1
	 12 10 :       0.0957  bohr^-1
	 12 11 :       0.1076  bohr^-1
	 12 12 :       0.3137  bohr^-1
	 12 13 :       0.1893  bohr^-1
	 12 14 :       0.1217  bohr^-1
	 13  1 :       0.1445  bohr^-1
	 13  2 :       0.1310  bohr^-1
	 13  3 :       0.1444  bohr^-1
	 13  4 :       0.0986  bohr^-1
	 13  5 :       0.1928  bohr^-1
	 13  6 :       0.2417  bohr^-1
	 13  7 :       0.1937  bohr^-1
	 13  8 :       0.1213  bohr^-1
	 13  9 :       0.0910  bohr^-1
	 13 10 :       0.0913  bohr^-1
	 13 11 :       0.0910  bohr^-1
	 13 12 :       0.1893  bohr^-1
	 13 13 :       0.3143  bohr^-1
	 13 14 :       0.1893  bohr^-1
	 14  1 :       0.1944  bohr^-1
	 14  2 :       0.1475  bohr^-1
	 14  3 :       0.1319  bohr^-1
	 14  4 :       0.1153  bohr^-1
	 14  5 :       0.1455  bohr^-1
	 14  6 :       0.1930  bohr^-1
	 14  7 :       0.2413  bohr^-1
	 14  8 :       0.1074  bohr^-1
	 14  9 :       0.1021  bohr^-1
	 14 10 :       0.1169  bohr^-1
	 14 11 :       0.1021  bohr^-1
	 14 12 :       0.1217  bohr^-1
	 14 13 :       0.1893  bohr^-1
	 14 14 :       0.3124  bohr^-1


	*Molecular contr. to CDS energy:       0.0000  kcal/mol
	*Total CDS energy:       1.7166  kcal/mol
	*MP2::Polarization Free Energy (au)      : -0.0063643182 
	*MP2::Polarization Free Energy (kcal/mol):      -3.9937 
	*MP2::CDS Free Energy (au)      : 0.0027356525 
	*MP2::CDS Free Energy (kcal/mol):       1.7166 
	*MP2::Total Solvation Free Energy (au)      : -0.0036286657 
	*MP2::Total Solvation Free Energy (kcal/mol):      -2.2770 
	GB-MP2 Total Energy (a.u.)         :  -286.71962963319982

	*Total GB-MP2 Energy: -286.71600096754571


 Cpu time for MacroQC :       2.3380 minutes
 Wall time for MacroQC:       0.9121 minutes


 ******************************************************************************************
	 MacroQC terminates normally:) 
 ****************************************************************************************** 

