 ==========================================================================================
 =========                __  ___                         ____  ______            =========
 ======                  /  |/  /___ _______________     / __ \/ ____/               ======
 ====                   / /|_/ / __ `/ ___/ ___/ __ \   / / / / /                      ====
 ===                   / /  / / /_/ / /__/ /  / /_/ /  / /_/ / /___                     ===
 ==                   /_/  /_/\__,_/\___/_/   \____/   \___\_\____/                      ==
 ===                                                                1.0.4                ===
 =====     An electronic structure theory software for large-scale applications       =====
 ======                                 See license.txt for license info             ======
 =========                                                                        =========
 ==========================================================================================
                                                                                           
                           * * * * * * * * * * * * * * * * * * * *                        
                           *            Developed by             *                        
                           *             U. Bozkaya              *                        
                           *                                     *                        
                           *       With contributions from:      *                        
                           *         B. Ermis, Y. Alagoz,        *                        
                           *         A. Unal, and A. K. Uyar     *                        
                           *         Git Version: deab493        *                        
                           *       Latest Revision: 2026-03-23   *                        
                           * * * * * * * * * * * * * * * * * * * *                        


 Run date: Wed Mar 25 09:35:47 2026
 
 Hostname: ub8 

 ## MacroQC input file ##
 ******************************************************************************************
$set_molecule
0 1
N       1.1678979997    -1.2426048249    -0.0001501975
C      -0.8912807814     0.0190077247     0.0011431355
C      -0.1564586045     1.2035279095     0.0011949345
C      -2.3956693945     0.0166723838    -0.0012979415
C      -0.1634529722    -1.1706910307     0.0013861684
C       1.2284198201     1.1491093550    -0.0002779191
C       1.8458437389    -0.0968507403    -0.0012855455
H      -0.6662341293     2.1596207008     0.0031800032
H      -2.7913072815     0.4896964289    -0.9025439759
H      -2.7875564025    -0.9987350484     0.0413905271
H      -2.7943731275     0.5666163682     0.8533660024
H      -0.6904611366    -2.1199788881     0.0030793389
H       1.8230081885     2.0526228023    -0.0000214272
H       2.9272270522    -0.1762622014    -0.0025760797
$end_molecule


$set_globals
   basis cc-pvdz
  method mp2
  reference rhf
  jobtype energy
  memory 30000
$end_globals


$set_scf
  e_convergence 1.0e-8
  d_convergence 1.0e-6
  guess sad
  solvation true
$end_scf


$set_solvation
  cds_type smd
  radius_type smd
  solvent_params mn21
  dielectric_params mn21 #sm8
  sasa_type numeric
  solvent water
  num_ang_points 100
  charge_type iao_mulliken #iao_lowdin, mulliken, lowdin
  coulomb_radii smd
$end_solvation

$set_dfocc
solvation true
$end_dfocc

 ******************************************************************************************


	-Geometry before Center-of-Mass shift (ang): 
	 Number     Atom               X                    Y                       Z  
	 ---------------------------------------------------------------------------------------
           1     N             1.1678979997         -1.2426048249          -0.0001501975  
           2     C            -0.8912807814          0.0190077247           0.0011431355  
           3     C            -0.1564586045          1.2035279095           0.0011949345  
           4     C            -2.3956693945          0.0166723838          -0.0012979415  
           5     C            -0.1634529722         -1.1706910307           0.0013861684  
           6     C             1.2284198201          1.1491093550          -0.0002779191  
           7     C             1.8458437389         -0.0968507403          -0.0012855455  
           8     H            -0.6662341293          2.1596207008           0.0031800032  
           9     H            -2.7913072815          0.4896964289          -0.9025439759  
          10     H            -2.7875564025         -0.9987350484           0.0413905271  
          11     H            -2.7943731275          0.5666163682           0.8533660024  
          12     H            -0.6904611366         -2.1199788881           0.0030793389  
          13     H             1.8230081885          2.0526228023          -0.0000214272  
          14     H             2.9272270522         -0.1762622014          -0.0025760797  



	-Geometry after Center-of-Mass shift (ang): 
	 Atom               X                    Y                       Z  
	 -------------------------------------------------------------------
     N           1.1147663110         -1.2215216318          -0.0001941795  
     C          -0.9444124701          0.0400909178           0.0010991535  
     C          -0.2095902932          1.2246111026           0.0011509525  
     C          -2.4488010832          0.0377555769          -0.0013419235  
     C          -0.2165846609         -1.1496078376           0.0013421864  
     C           1.1752881314          1.1701925481          -0.0003219011  
     C           1.7927120502         -0.0757675472          -0.0013295275  
     H          -0.7193658180          2.1807038939           0.0031360212  
     H          -2.8444389702          0.5107796220          -0.9025879579  
     H          -2.8406880912         -0.9776518553           0.0413465451  
     H          -2.8475048162          0.5876995613           0.8533220204  
     H          -0.7435928253         -2.0988956950           0.0030353569  
     H           1.7698764998          2.0737059954          -0.0000654092  
     H           2.8740953635         -0.1551790083          -0.0026200617  


	-Geometry after Center-of-Mass shift (bohr): 
	 Atom               X                    Y                       Z  
	 -------------------------------------------------------------------
     N           2.1066030218         -2.3083413404          -0.0003669460  
     C          -1.7846809179          0.0757608548           0.0020770992  
     C          -0.3960682526          2.3141795942           0.0021749851  
     C          -4.6275633829          0.0713477001          -0.0025358678  
     C          -0.4092856920         -2.1724439647           0.0025363648  
     C           2.2209726869          2.2113434300          -0.0006083048  
     C           3.3877347968         -0.1431799134          -0.0025124428  
     H          -1.3594043800          4.1209331202           0.0059262213  
     H          -5.3752106342          0.9652335961          -1.7056440445  
     H          -5.3681225001         -1.8474942525           0.0781336465  
     H          -5.3810042435          1.1105912150           1.6125449155  
     H          -1.4051867886         -3.9663380294           0.0057359933  
     H           3.3445818606          3.9187363961          -0.0001236054  
     H           5.4312530955         -0.2932458261          -0.0049511990  


    Rotational Constants: A =     0.19172  B =     0.08647  C =      0.06026 [cm^-1] 
    Rotor Type: ASYMMETRIC 

	-Nuclear Dipole Moment: (e a0)  
	 X:  -5.02022   Y:  1.99207   Z:  -0.00416   Total:  5.40101 

	-Nuclear Dipole Moment: (D)  
	 X:  -12.76012   Y:  5.06334   Z:  -0.01056   Total:  13.72801 


    Nuclear repulsion energy (V_NN)              : 272.732503642703 
   =====================================================
   Charge                : 0 
   Multiplicity          : 1 
   Number of Atoms       : 14 
   Number of Ghost Atoms : 0 
   Number of Electrons   : 50 
   Number of alpha occupied orbitals (NoccA)  : 25 
   Number of beta occupied orbitals (NoccB)   : 25 
   Number of singly occupied orbitals (Nsocc) : 0 
   Number of doubly occupied orbitals (Ndocc) : 25 
   =====================================================



  ## GLOBALS Options ##

  | TYPE         | KEY                      | INPUT? | VALUE              | DEFAULT            
  |--------------|--------------------------|--------|--------------------|--------------------
  | BOOL         | ERI_DISK                 | NO     | FALSE              | FALSE              
  | BOOL         | FREEZE_CORE              | NO     | TRUE               | TRUE               
  | BOOL         | MOL_FRAG                 | NO     | FALSE              | FALSE              
  | BOOL         | NOCOM                    | NO     | FALSE              | FALSE              
  | BOOL         | NOREORIENT               | NO     | TRUE               | TRUE               
  | BOOL         | PUREAM                   | NO     | TRUE               | TRUE               
  | BOOL         | ML                       | NO     | FALSE              | FALSE              
  | BOOL         | READ_PDB                 | NO     | FALSE              | FALSE              
  | BOOL         | TEST_MODE                | NO     | FALSE              | FALSE              
  | INT          | DERIVE_LEVEL             | NO     | 0                  | 0                  
  | INT          | FINDIF_POINTS            | NO     | 3                  | 3                  
  | INT          | MEMORY                   | YES    | 30000              | 2000               
  | INT          | NUM_THREADS              | NO     | 1                  | 1                  
  | INT          | NUM_FROZEN_DOCC          | NO     | 0                  | 0                  
  | INT          | NUM_FROZEN_VIR           | NO     | 0                  | 0                  
  | INT          | PRINT_LEVEL              | NO     | 0                  | 0                  
  | STRING       | AUX_BASIS_CORR           | NO     | CC-PVDZ-RI         | CC-PVDZ-RI         
  | STRING       | AUX_BASIS_SCF            | NO     | CC-PVDZ-JKFIT      | CC-PVDZ-JKFIT      
  | STRING       | BASIS                    | YES    | CC-PVDZ            | CC-PVDZ            
  | STRING       | BASIS2                   | NO     | MINAO              | MINAO              
  | STRING       | DERIVE_TYPE              | NO     | ANALYTIC           | ANALYTIC           
  | STRING       | FINDIF_METHOD            | NO     | GRAD               | GRAD               
  | STRING       | GEOM_UNITS               | NO     | ANG                | ANG                
  | STRING       | JOBTYPE                  | YES    | ENERGY             | ENERGY             
  | STRING       | METHOD                   | YES    | MP2                | SCF                
  | STRING       | REFERENCE                | YES    | RHF                | RHF                
  | STRING       | OUTFILE_MODE             | NO     | NEW                | NEW                
  | DOUBLE       | STEP_BOHR                | NO     | 0.05               | 0.05               
  | STR_ARRAY    | MOLECULE_GEOM_FROM       | NO     | [input]            | [input]            
  | DOUBLE_ARRAY | ELECTRIC_STRENGTH        | NO     | [0.001;0.001;0.001]| [0.001;0.001;0.001]
  | STRING       | ELECTRIC_FIELD           | NO     | NONE               | NONE               
  | STRING       | ALIGN_TWO_ATOMS          | NO     | NONE               | NONE               
  | INT_ARRAY    | TWO_ATOMS                | NO     | [0]                | [0]                



  ## INTS Options ##

  | TYPE         | KEY                      | INPUT? | VALUE              | DEFAULT            
  |--------------|--------------------------|--------|--------------------|--------------------
  | DOUBLE       | BOYS_CUTOFF              | NO     | 1e-15              | 1e-15              
  | DOUBLE       | BOYS_ZERO                | NO     | 1e-06              | 1e-06              
  | DOUBLE       | DELTA_X                  | NO     | 0.1                | 0.1                
  | DOUBLE       | INTEGRAL_CUTOFF          | NO     | 1e-10              | 1e-10              
  | DOUBLE       | X_MAX                    | NO     | 30.0               | 30.0               
  | INT          | BOYS_MAXITER             | NO     | 10000              | 10000              
  | INT          | MAX_AM                   | NO     | 7                  | 7                  
  | INT          | MAX_AM_AUX               | NO     | 7                  | 7                  
  | INT          | PRINT_LEVEL              | NO     | 0                  | 0                  
  | INT          | TAYLOR_ORDER             | NO     | 6                  | 6                  
  | STRING       | 3INDEX_ALGORITHM         | NO     | AUTO               | AUTO               
  | STRING       | BOYS_METHOD              | NO     | GHP                | GHP                
  | STRING       | ERI_ALGORITHM            | NO     | MD4                | MD4                


	Initializing Liboeprop (by U. Bozkaya) ...

	*=================================================================*
	*                  SCF                                            *
	*   Developed by U. Bozkaya & Y. Alagoz                           *
	*   Latest revision Feb 16, 2021                                  *
	*=================================================================*



  ## SCF Options ##

  | TYPE         | KEY                      | INPUT? | VALUE              | DEFAULT            
  |--------------|--------------------------|--------|--------------------|--------------------
  | BOOL         | DIIS_DAMP                | NO     | FALSE              | FALSE              
  | BOOL         | DIE_IF_NOT_CONVERGED     | NO     | TRUE               | TRUE               
  | BOOL         | DO_DF                    | NO     | TRUE               | TRUE               
  | BOOL         | DIIS                     | NO     | TRUE               | TRUE               
  | BOOL         | FOCK_DAMP                | NO     | FALSE              | FALSE              
  | BOOL         | GUESS_MIX                | NO     | FALSE              | FALSE              
  | BOOL         | GUESS_PREVIOUS           | NO     | FALSE              | FALSE              
  | BOOL         | LOCAL                    | NO     | FALSE              | FALSE              
  | BOOL         | RETRY                    | NO     | TRUE               | TRUE               
  | DOUBLE       | CUTOFF                   | NO     | 1e-10              | 1e-10              
  | DOUBLE       | D_CONVERGENCE            | YES    | 1e-06              | 1e-06              
  | DOUBLE       | DAMP_PARAM               | NO     | 0.02               | 0.02               
  | DOUBLE       | E_CONVERGENCE            | YES    | 1e-08              | 1e-08              
  | DOUBLE       | FOCK_DAMP_PERC           | NO     | 20.0               | 20.0               
  | DOUBLE       | MIN_OVERLAP_EIGVAL       | NO     | 1e-06              | 1e-06              
  | DOUBLE       | LOCAL_CONVERGENCE        | NO     | 1e-08              | 1e-08              
  | DOUBLE       | QC_GUESS_E_CONVERGENCE   | NO     | 0.0001             | 0.0001             
  | DOUBLE       | QC_GUESS_D_CONVERGENCE   | NO     | 0.005              | 0.005              
  | INT          | MAX_DIIS                 | NO     | 6                  | 6                  
  | INT          | MIN_DIIS                 | NO     | 2                  | 2                  
  | INT          | PRINT_LEVEL              | NO     | 0                  | 0                  
  | INT          | SCF_MAXITER              | NO     | 50                 | 50                 
  | INT          | LOCAL_MAXITER            | NO     | 50                 | 50                 
  | STRING       | DIIS_ALGORITHM           | NO     | DISK               | DISK               
  | STRING       | GUESS                    | YES    | SAD                | SAD                
  | BOOL         | MO_WRITE                 | NO     | FALSE              | FALSE              
  | BOOL         | FOCK_WRITE               | NO     | FALSE              | FALSE              
  | STRING       | ORTH_TYPE                | NO     | CANONICAL          | CANONICAL          
  | STRING       | ROHF_CANONIC_TYPE        | NO     | GUEST              | GUEST              
  | STRING       | ERI                      | NO     | INCORE             | INCORE             
  | STRING       | SCF_ALGORITHM            | NO     | ROOTHAAN           | ROOTHAAN           
  | STRING       | LOCAL_TYPE               | NO     | BOYS               | BOYS               
  | BOOL         | SAD_FRAC_OCC             | NO     | TRUE               | TRUE               
  | BOOL         | SAD_SPIN_AVERAGE         | NO     | TRUE               | TRUE               
  | DOUBLE       | SAD_E_CONVERGENCE        | NO     | 1e-05              | 1e-05              
  | DOUBLE       | SAD_D_CONVERGENCE        | NO     | 1e-05              | 1e-05              
  | INT          | SAD_MAXITER              | NO     | 50                 | 50                 
  | BOOL         | NIE                      | NO     | FALSE              | FALSE              
  | BOOL         | SAD_DIIS                 | NO     | TRUE               | TRUE               
  | INT          | SAD_MAX_DIIS             | NO     | 6                  | 6                  
  | INT          | SAD_MIN_DIIS             | NO     | 2                  | 2                  
  | INT          | SAD_PRINT                | NO     | 0                  | 0                  
  | STRING       | SAD_AUX_BASIS            | NO     | SAD-FIT            | SAD-FIT            
  | DOUBLE       | SAD_CHOLESKY_TOLERANCE   | NO     | 1e-07              | 1e-07              
  | BOOL         | SOLVATION                | YES    | TRUE               | FALSE              
  | BOOL         | BYPASS                   | NO     | FALSE              | FALSE              
  | STRING       | IAO_TYPE                 | NO     | STANDARD2013       | STANDARD2013       
  | BOOL         | USE_IAOS                 | NO     | FALSE              | FALSE              

	Initializing libdiis ...
	Initializing libmolint 1.1 ...
 CC-PVDZ primary basis set file will be read for the N atom...
 CC-PVDZ primary basis set file will be read for the C atom...
 CC-PVDZ primary basis set file will be read for the H atom...
 Nmaxthread: 32 
 Nshell: 63 
 Lmax:  2 
 Npmax:  8 
 Nao: 133 
 Ndocc: 25 
 Nsocc:  0 
 NoccA: 25 
 NoccB: 25 
 Primary basis set info has been read.

 CC-PVDZ-JKFIT aux basis set file will be read for the N atom...
 CC-PVDZ-JKFIT aux basis set file will be read for the C atom...
 CC-PVDZ-JKFIT aux basis set file will be read for the H atom...
 Nshell_aux: 231 
 Naux: 651 
 Aux basis set info has been read.

 orth_type: CANONICAL 
 Cpu time for S ints :       0.0400 s
 Wall time for S ints:       0.0324 s

 Using canonical orthogonalization. 
 Minimum eigenvalue in the overlap matrix is:   6.6756E-04 

 Cpu time for T ints :       0.1800 s
 Wall time for T ints:       0.0466 s
 Cpu time for V ints :       0.9200 s
 Wall time for V ints:       0.3434 s
 Cpu time for Metric ints :       1.4500 s
 Wall time for Metric ints:       0.5026 s
 3-Index Algorithm: AUTO 

 Calling fortran integrals: ringing... 
 Done with fintegrals.

 Cpu time for 3-index ints :       6.0100 s
 Wall time for 3-index ints:       1.7900 s
 Cpu time for df-factors :       1.0300 s
 Wall time for df-factors:       0.2773 s


 Puream (True=1, False=0) : 1
 Number of AO             : 133
 Number of MO             : 133
 Number of Aux Functions  : 651
 Charge                   : 0
 Multiplicity             : 1
 Alpha OCC                : 25
 Beta OCC                 : 25
 Nuclear Repulsion Energy : 272.73250364
 Energy Treshold          : 1.0e-08
 Density Treshold         : 1.0e-06
 Iteration Limit          : 50
 Guess                    : SAD
 Guess Mix                : false
 Diis                     : true
 Diis Damping             : false
 Diis Damp Parameter      : 0.02
 Diis Algorithm           : DISK
 Cutoff Treshold          : 1.0e-10
 Density Fitting          : true
 Reference                : RHF
 Die If Not Converged     : true
 Print Level              : 0
 ERI Algorithm            : INCORE
 SCF Algorithm            : ROOTHAAN




  ## SOLVATION Options ##

  | TYPE         | KEY                      | INPUT? | VALUE              | DEFAULT            
  |--------------|--------------------------|--------|--------------------|--------------------
  | INT          | NUM_Z_POINTS             | NO     | 90                 | 90                 
  | INT          | NUM_ANG_POINTS           | YES    | 100                | 100                
  | STRING       | SASA_TYPE                | YES    | NUMERIC            | NUMERIC            
  | STRING       | CHARGE_TYPE              | YES    | IAO_MULLIKEN       | IAO_MULLIKEN       
  | STRING       | CDS_TYPE                 | YES    | SMD                | SMD                
  | STRING       | SOLVENT                  | YES    | WATER              | WATER              
  | STRING       | SOLVENT_PARAMS           | YES    | MN21               | SM8                
  | STRING       | DIELECTRIC_PARAMS        | YES    | MN21               | MN21               
  | STRING       | COULOMB_RADII            | YES    | SMD                | SMD                
  | DOUBLE       | COVALENT_VW_CONST        | NO     | 0.76               | 0.76               
  | DOUBLE       | SOLVENT_RADIUS           | NO     | 0.4                | 0.4                
  | STRING       | RADIUS_TYPE              | YES    | SMD                | SMD                
  | DOUBLE       | GB_DIJ                   | NO     | 3.7                | 3.7                
  | DOUBLE       | GB_SIJ                   | NO     | 0.75               | 0.75               
  | DOUBLE       | GB_CIJ                   | NO     | 0.0                | 0.0                
  | DOUBLE       | F_PWSASA                 | NO     | 0.4535             | 0.4535             
  | DOUBLE       | SCALE_VDW                | NO     | 1.0                | 1.0                
  | DOUBLE       | SCALE_CR                 | NO     | 1.0                | 1.0                



 Sasa Type                  : NUMERIC 
 Charge Type                : IAO_MULLIKEN 
 CDS Type                   : SMD 
 Radius Type                : SMD 
 Solvent                    : WATER 
 Solvent Parameters         : MN21 
 Dielectric Parameters      : MN21 
 Coulomb Radii Parameters   : SMD 
 GB d_ij parameter          : 3.7000000000 
 GB S_ij parameter          : 0.7500000000 
 GB C_ij parameter          : 0.0000000000 
 Sclae_vdw parameter        : 1.0000000000 
 Number of z-points         : 90 
 Number of angular points   : 100 
 Number of SASA grid points : 17902 
 Solvent Dielectric Constant: 78.3553000000 

 VDW Radii:
	  1 N :       1.5500  ang
	  2 C :       1.7000  ang
	  3 C :       1.7000  ang
	  4 C :       1.7000  ang
	  5 C :       1.7000  ang
	  6 C :       1.7000  ang
	  7 C :       1.7000  ang
	  8 H :       1.2000  ang
	  9 H :       1.2000  ang
	 10 H :       1.2000  ang
	 11 H :       1.2000  ang
	 12 H :       1.2000  ang
	 13 H :       1.2000  ang
	 14 H :       1.2000  ang

	 Computing SASA... 

 Atomic SASA values:
	  1 N :      14.1707  ang^2
	  2 C :       5.2687  ang^2
	  3 C :      10.0793  ang^2
	  4 C :       9.2249  ang^2
	  5 C :      11.3547  ang^2
	  6 C :      10.8408  ang^2
	  7 C :      11.8903  ang^2
	  8 H :      12.4334  ang^2
	  9 H :      12.7695  ang^2
	 10 H :      11.2582  ang^2
	 11 H :      12.6796  ang^2
	 12 H :      11.6284  ang^2
	 13 H :      13.0247  ang^2
	 14 H :      13.0283  ang^2

	*Total SASA (angs^2): 159.6515637873 


 Coulomb Radii:
	  1 N :       1.8900  ang
	  2 C :       1.8500  ang
	  3 C :       1.8500  ang
	  4 C :       1.8500  ang
	  5 C :       1.8500  ang
	  6 C :       1.8500  ang
	  7 C :       1.8500  ang
	  8 H :       1.2000  ang
	  9 H :       1.2000  ang
	 10 H :       1.2000  ang
	 11 H :       1.2000  ang
	 12 H :       1.2000  ang
	 13 H :       1.2000  ang
	 14 H :       1.2000  ang
 Solvent Alpha                       : 1.1700000000 

 ## Effective Born Radius (bohr) ##
   0   4.4521918982 
   1   4.8110538282 
   2   4.6022134797 
   3   4.1126047002 
   4   4.5554949364 
   5   4.4297207559 
   6   4.3593827497 
   7   3.3150165142 
   8   3.1897749262 
   9   3.2570074247 
  10   3.1942446400 
  11   3.3517184214 
  12   3.1931415339 
  13   3.1972099972 

 Effective Born Radii:
	  1 N :       2.3560  ang
	  2 C :       2.5459  ang
	  3 C :       2.4354  ang
	  4 C :       2.1763  ang
	  5 C :       2.4107  ang
	  6 C :       2.3441  ang
	  7 C :       2.3069  ang
	  8 H :       1.7542  ang
	  9 H :       1.6880  ang
	 10 H :       1.7235  ang
	 11 H :       1.6903  ang
	 12 H :       1.7737  ang
	 13 H :       1.6897  ang
	 14 H :       1.6919  ang


 Coulomb Integrals:
	  1  1 :       0.2246  bohr^-1
	  1  2 :       0.1637  bohr^-1
	  1  3 :       0.1546  bohr^-1
	  1  4 :       0.1295  bohr^-1
	  1  5 :       0.2001  bohr^-1
	  1  6 :       0.1682  bohr^-1
	  1  7 :       0.2037  bohr^-1
	  1  8 :       0.1303  bohr^-1
	  1  9 :       0.1167  bohr^-1
	  1 10 :       0.1278  bohr^-1
	  1 11 :       0.1162  bohr^-1
	  1 12 :       0.1945  bohr^-1
	  1 13 :       0.1460  bohr^-1
	  1 14 :       0.1969  bohr^-1
	  2  1 :       0.1637  bohr^-1
	  2  2 :       0.2079  bohr^-1
	  2  3 :       0.1915  bohr^-1
	  2  4 :       0.1969  bohr^-1
	  2  5 :       0.1922  bohr^-1
	  2  6 :       0.1644  bohr^-1
	  2  7 :       0.1550  bohr^-1
	  2  8 :       0.1870  bohr^-1
	  2  9 :       0.1888  bohr^-1
	  2 10 :       0.1879  bohr^-1
	  2 11 :       0.1887  bohr^-1
	  2 12 :       0.1866  bohr^-1
	  2 13 :       0.1435  bohr^-1
	  2 14 :       0.1309  bohr^-1
	  3  1 :       0.1546  bohr^-1
	  3  2 :       0.1915  bohr^-1
	  3  3 :       0.2173  bohr^-1
	  3  4 :       0.1653  bohr^-1
	  3  5 :       0.1660  bohr^-1
	  3  6 :       0.1981  bohr^-1
	  3  7 :       0.1676  bohr^-1
	  3  8 :       0.2334  bohr^-1
	  3  9 :       0.1621  bohr^-1
	  3 10 :       0.1428  bohr^-1
	  3 11 :       0.1632  bohr^-1
	  3 12 :       0.1443  bohr^-1
	  3 13 :       0.1910  bohr^-1
	  3 14 :       0.1448  bohr^-1
	  4  1 :       0.1295  bohr^-1
	  4  2 :       0.1969  bohr^-1
	  4  3 :       0.1653  bohr^-1
	  4  4 :       0.2432  bohr^-1
	  4  5 :       0.1660  bohr^-1
	  4  6 :       0.1291  bohr^-1
	  4  7 :       0.1186  bohr^-1
	  4  8 :       0.1689  bohr^-1
	  4  9 :       0.2479  bohr^-1
	  4 10 :       0.2459  bohr^-1
	  4 11 :       0.2478  bohr^-1
	  4 12 :       0.1694  bohr^-1
	  4 13 :       0.1111  bohr^-1
	  4 14 :       0.0986  bohr^-1
	  5  1 :       0.2001  bohr^-1
	  5  2 :       0.1922  bohr^-1
	  5  3 :       0.1660  bohr^-1
	  5  4 :       0.1660  bohr^-1
	  5  5 :       0.2195  bohr^-1
	  5  6 :       0.1574  bohr^-1
	  5  7 :       0.1716  bohr^-1
	  5  8 :       0.1446  bohr^-1
	  5  9 :       0.1496  bohr^-1
	  5 10 :       0.1711  bohr^-1
	  5 11 :       0.1486  bohr^-1
	  5 12 :       0.2332  bohr^-1
	  5 13 :       0.1327  bohr^-1
	  5 14 :       0.1493  bohr^-1
	  6  1 :       0.1682  bohr^-1
	  6  2 :       0.1644  bohr^-1
	  6  3 :       0.1981  bohr^-1
	  6  4 :       0.1291  bohr^-1
	  6  5 :       0.1574  bohr^-1
	  6  6 :       0.2257  bohr^-1
	  6  7 :       0.2023  bohr^-1
	  6  8 :       0.1914  bohr^-1
	  6  9 :       0.1227  bohr^-1
	  6 10 :       0.1135  bohr^-1
	  6 11 :       0.1231  bohr^-1
	  6 12 :       0.1323  bohr^-1
	  6 13 :       0.2409  bohr^-1
	  6 14 :       0.1928  bohr^-1
	  7  1 :       0.2037  bohr^-1
	  7  2 :       0.1550  bohr^-1
	  7  3 :       0.1676  bohr^-1
	  7  4 :       0.1186  bohr^-1
	  7  5 :       0.1716  bohr^-1
	  7  6 :       0.2023  bohr^-1
	  7  7 :       0.2294  bohr^-1
	  7  8 :       0.1451  bohr^-1
	  7  9 :       0.1092  bohr^-1
	  7 10 :       0.1100  bohr^-1
	  7 11 :       0.1091  bohr^-1
	  7 12 :       0.1493  bohr^-1
	  7 13 :       0.1939  bohr^-1
	  7 14 :       0.2422  bohr^-1
	  8  1 :       0.1303  bohr^-1
	  8  2 :       0.1870  bohr^-1
	  8  3 :       0.2334  bohr^-1
	  8  4 :       0.1689  bohr^-1
	  8  5 :       0.1446  bohr^-1
	  8  6 :       0.1914  bohr^-1
	  8  7 :       0.1451  bohr^-1
	  8  8 :       0.3017  bohr^-1
	  8  9 :       0.1714  bohr^-1
	  8 10 :       0.1353  bohr^-1
	  8 11 :       0.1740  bohr^-1
	  8 12 :       0.1216  bohr^-1
	  8 13 :       0.1884  bohr^-1
	  8 14 :       0.1216  bohr^-1
	  9  1 :       0.1167  bohr^-1
	  9  2 :       0.1888  bohr^-1
	  9  3 :       0.1621  bohr^-1
	  9  4 :       0.2479  bohr^-1
	  9  5 :       0.1496  bohr^-1
	  9  6 :       0.1227  bohr^-1
	  9  7 :       0.1092  bohr^-1
	  9  8 :       0.1714  bohr^-1
	  9  9 :       0.3135  bohr^-1
	  9 10 :       0.2302  bohr^-1
	  9 11 :       0.2316  bohr^-1
	  9 12 :       0.1465  bohr^-1
	  9 13 :       0.1062  bohr^-1
	  9 14 :       0.0907  bohr^-1
	 10  1 :       0.1278  bohr^-1
	 10  2 :       0.1879  bohr^-1
	 10  3 :       0.1428  bohr^-1
	 10  4 :       0.2459  bohr^-1
	 10  5 :       0.1711  bohr^-1
	 10  6 :       0.1135  bohr^-1
	 10  7 :       0.1100  bohr^-1
	 10  8 :       0.1353  bohr^-1
	 10  9 :       0.2302  bohr^-1
	 10 10 :       0.3070  bohr^-1
	 10 11 :       0.2300  bohr^-1
	 10 12 :       0.1931  bohr^-1
	 10 13 :       0.0954  bohr^-1
	 10 14 :       0.0915  bohr^-1
	 11  1 :       0.1162  bohr^-1
	 11  2 :       0.1887  bohr^-1
	 11  3 :       0.1632  bohr^-1
	 11  4 :       0.2478  bohr^-1
	 11  5 :       0.1486  bohr^-1
	 11  6 :       0.1231  bohr^-1
	 11  7 :       0.1091  bohr^-1
	 11  8 :       0.1740  bohr^-1
	 11  9 :       0.2316  bohr^-1
	 11 10 :       0.2300  bohr^-1
	 11 11 :       0.3131  bohr^-1
	 11 12 :       0.1448  bohr^-1
	 11 13 :       0.1068  bohr^-1
	 11 14 :       0.0906  bohr^-1
	 12  1 :       0.1945  bohr^-1
	 12  2 :       0.1866  bohr^-1
	 12  3 :       0.1443  bohr^-1
	 12  4 :       0.1694  bohr^-1
	 12  5 :       0.2332  bohr^-1
	 12  6 :       0.1323  bohr^-1
	 12  7 :       0.1493  bohr^-1
	 12  8 :       0.1216  bohr^-1
	 12  9 :       0.1465  bohr^-1
	 12 10 :       0.1931  bohr^-1
	 12 11 :       0.1448  bohr^-1
	 12 12 :       0.2984  bohr^-1
	 12 13 :       0.1078  bohr^-1
	 12 14 :       0.1264  bohr^-1
	 13  1 :       0.1460  bohr^-1
	 13  2 :       0.1435  bohr^-1
	 13  3 :       0.1910  bohr^-1
	 13  4 :       0.1111  bohr^-1
	 13  5 :       0.1327  bohr^-1
	 13  6 :       0.2409  bohr^-1
	 13  7 :       0.1939  bohr^-1
	 13  8 :       0.1884  bohr^-1
	 13  9 :       0.1062  bohr^-1
	 13 10 :       0.0954  bohr^-1
	 13 11 :       0.1068  bohr^-1
	 13 12 :       0.1078  bohr^-1
	 13 13 :       0.3132  bohr^-1
	 13 14 :       0.1897  bohr^-1
	 14  1 :       0.1969  bohr^-1
	 14  2 :       0.1309  bohr^-1
	 14  3 :       0.1448  bohr^-1
	 14  4 :       0.0986  bohr^-1
	 14  5 :       0.1493  bohr^-1
	 14  6 :       0.1928  bohr^-1
	 14  7 :       0.2422  bohr^-1
	 14  8 :       0.1216  bohr^-1
	 14  9 :       0.0907  bohr^-1
	 14 10 :       0.0915  bohr^-1
	 14 11 :       0.0906  bohr^-1
	 14 12 :       0.1264  bohr^-1
	 14 13 :       0.1897  bohr^-1
	 14 14 :       0.3128  bohr^-1
    ===> SCF Iteration Started <===

     Iter. |                   Energy |       Delta E |          Drms |
    -------|--------------------------|---------------|---------------|
         1 |      -285.14618705526163 |    -2.851e+02 |     1.387e-02 |
         2 |      -285.62974016994929 |    -4.836e-01 |     4.110e-03 | DIIS
         3 |      -285.74001146687704 |    -1.103e-01 |     8.975e-04 | DIIS
         4 |      -285.75326237720367 |    -1.325e-02 |     4.175e-04 | DIIS
         5 |      -285.75446088514593 |    -1.199e-03 |     9.984e-05 | DIIS
         6 |      -285.75457181092656 |    -1.109e-04 |     3.469e-05 | DIIS
         7 |      -285.75457667854505 |    -4.868e-06 |     1.335e-05 | DIIS
         8 |      -285.75457600641789 |     6.721e-07 |     6.833e-06 | DIIS
         9 |      -285.75457643804293 |    -4.316e-07 |     3.119e-06 | DIIS
        10 |      -285.75457594530008 |     4.927e-07 |     1.684e-06 | DIIS
        11 |      -285.75457588880852 |     5.649e-08 |     4.574e-07 | DIIS
        12 |      -285.75457580098714 |     8.782e-08 |     2.601e-07 | DIIS
        13 |      -285.75457578553892 |     1.545e-08 |     1.490e-07 | DIIS
        14 |      -285.75457577471627 |     1.082e-08 |     1.861e-08 | DIIS
        15 |      -285.75457577193345 |     2.783e-09 |     1.426e-08 | DIIS


	-Alpha Occupied Orbital Energies (au):  
	 1: -15.5387980167 	 2: -11.2465244840 	 3: -11.2452725481 	 4: -11.2309740855 	 5: -11.2245173929 
	 6: -11.2179058002 	 7: -11.2152366114 	 8: -1.2321646836 	 9: -1.0764486107 	10: -1.0239227762 
	11: -0.9266992697 	12: -0.8328538437 	13: -0.8023815004 	14: -0.6837478519 	15: -0.6440051871 
	16: -0.6075724661 	17: -0.5621195805 	18: -0.5527072592 	19: -0.5449137571 	20: -0.5259021147 
	21: -0.5003283356 	22: -0.4833919654 	23: -0.3846074464 	24: -0.3497135565 	25: -0.3105089724 

	-Alpha Virtual Orbital Energies (au):  
	26: 0.1396258265 	27: 0.1594173174 	28: 0.1950279009 	29: 0.2142350860 	30: 0.2372530589 
	31: 0.2514840721 	32: 0.2713634610 	33: 0.2740239367 	34: 0.2957286833 	35: 0.3776746283 
	36: 0.3815736243 	37: 0.4126478175 	38: 0.4647392532 	39: 0.4889908391 	40: 0.5197907366 
	41: 0.5474032849 	42: 0.5765568464 	43: 0.6162360430 	44: 0.6601857827 	45: 0.6777825364 
	46: 0.6837872764 	47: 0.7210681341 	48: 0.7316619762 	49: 0.7386040617 	50: 0.7454169516 
	51: 0.7699488247 	52: 0.7809950317 	53: 0.8093346293 	54: 0.8236493520 	55: 0.8273229032 
	56: 0.8643429274 	57: 0.8823375995 	58: 0.8862893429 	59: 0.8914903878 	60: 0.8992401537 
	61: 0.9423214613 	62: 0.9850090663 	63: 0.9940576122 	64: 1.0021318268 	65: 1.0530532902 
	66: 1.0981758323 	67: 1.1268175093 	68: 1.1638424611 	69: 1.1662459805 	70: 1.1716972797 
	71: 1.2093268924 	72: 1.2164276016 	73: 1.2371175151 	74: 1.2830963669 	75: 1.2877902906 
	76: 1.3253008092 	77: 1.3437222043 	78: 1.3593871946 	79: 1.4222831681 	80: 1.4355998320 
	81: 1.4930133985 	82: 1.5608106965 	83: 1.5712603102 	84: 1.6046759230 	85: 1.6798962814 
	86: 1.6862256800 	87: 1.7421838803 	88: 1.7535243881 	89: 1.7607342549 	90: 1.7858784974 
	91: 1.8480739948 	92: 1.8660303156 	93: 1.8929723895 	94: 1.9011149883 	95: 1.9101516715 
	96: 1.9246060730 	97: 1.9528086505 	98: 1.9679706136 	99: 1.9845378400 	100: 1.9965870940 
	101: 2.0155716530 	102: 2.0210797638 	103: 2.0511794350 	104: 2.1113114523 	105: 2.1721458465 
	106: 2.1812843134 	107: 2.1925868312 	108: 2.2255343499 	109: 2.2544810239 	110: 2.2799621156 
	111: 2.2874679274 	112: 2.3370716638 	113: 2.3571749332 	114: 2.4047172859 	115: 2.4566590420 
	116: 2.4994946143 	117: 2.5204961215 	118: 2.5706148777 	119: 2.6662864667 	120: 2.7347627272 
	121: 2.7640761046 	122: 2.7655876043 	123: 2.7823370984 	124: 2.8234686090 	125: 2.8758037820 
	126: 2.8827329313 	127: 2.9392672315 	128: 3.0780494124 	129: 3.1322035995 	130: 3.2115338141 
	131: 3.2428508643 	132: 3.2877094768 	133: 3.8324915241 


	-Mulliken Population Analysis for SCF:
	 1: -0.3436034981 	 2: -0.3421726254 	 3: 0.0961078437 	 4: 0.0806315697 	 5: 0.2147444368 
	 6: -0.1162485663 	 7: 0.1731166772 	 8: 0.0172480240 	 9: 0.0491957755 	10: 0.0341078755 
	11: 0.0475186468 	12: 0.0261836672 	13: 0.0264611090 	14: 0.0367090646 

	-Lowdin Population Analysis for SCF:  
	 1: 0.0007360956 	 2: -0.0639443973 	 3: 0.0108769480 	 4: -0.0339582922 	 5: -0.0239201691 
	 6: -0.0562393837 	 7: -0.0242104963 	 8: 0.0281040564 	 9: 0.0311840209 	10: 0.0288974029 
	11: 0.0307288130 	12: 0.0201119141 	13: 0.0291114909 	14: 0.0225219969 

	-Electronic Dipole Moment: (e a0)  
	 X:  4.46219   Y:  -1.21957   Z:  0.00282   Total:  4.62585 

	-Electronic Dipole Moment: (D)  
	 X:  11.34175   Y:  -3.09984   Z:  0.00718   Total:  11.75773 

	-Total Dipole Moment: (e a0)  
	 X:  -0.55803   Y:  0.77250   Z:  -0.00133   Total:  0.95297 

	-Total Dipole Moment: (D)  
	 X:  -1.41837   Y:  1.96350   Z:  -0.00338   Total:  2.42222 



	Initializing Liboeprop (by U. Bozkaya) ...


	-Mulliken Population Analysis for SCF-IAO:
	 1: -0.3052131389 	 2: -0.0196014886 	 3: -0.1043009711 	 4: -0.3673137817 	 5: 0.0111315896 
	 6: -0.1810828502 	 7: 0.0158603184 	 8: 0.1374549214 	 9: 0.1321357010 	10: 0.1293185484 
	11: 0.1316382902 	12: 0.1345716507 	13: 0.1435269438 	14: 0.1420716313 

	-Lowdin Population Analysis for SCF-IAO:  
	 1: -0.3052131389 	 2: -0.0196014886 	 3: -0.1043009711 	 4: -0.3673137817 	 5: 0.0111315896 
	 6: -0.1810828502 	 7: 0.0158603184 	 8: 0.1374549214 	 9: 0.1321357010 	10: 0.1293185484 
	11: 0.1316382902 	12: 0.1345716507 	13: 0.1435269438 	14: 0.1420716313 

	Initializing Liblocal (by U. Bozkaya) ...
  ==> Pipek-Mezey Localizer <==

    Convergence =   1.000E-08
    Maxiter     =          50

    Iteration                   Metric       Residual
    PM    0   1.5899581419928813E+01              -
    PM    1   2.8514007128035956E+01   7.933810E-01
    PM    2   3.1227772352050728E+01   9.517306E-02
    PM    3   3.1286168507763694E+01   1.870007E-03
    PM    4   3.1287088301544021E+01   2.939937E-05
    PM    5   3.1287202077824769E+01   3.636525E-06
    PM    6   3.1287229104949088E+01   8.638396E-07
    PM    7   3.1287245963135252E+01   5.388200E-07
    PM    8   3.1287255356793562E+01   3.002392E-07
    PM    9   3.1287258606372305E+01   1.038627E-07
    PM   10   3.1287260325065940E+01   5.493270E-08
    PM   11   3.1287261095881561E+01   2.463672E-08
    PM   12   3.1287261472053729E+01   1.202317E-08
    PM   13   3.1287261655435447E+01   5.861226E-09

    PM Localizer converged.



	*Molecular contr. to CDS energy:       0.0000  kcal/mol
	*Total CDS energy:       1.6775  kcal/mol
	*SCF::Polarization Free Energy (au)      : -0.0045694204 
	*SCF::Polarization Free Energy (kcal/mol):      -2.8674 
	*SCF::CDS Free Energy (au)      : 0.0026732000 
	*SCF::CDS Free Energy (kcal/mol):       1.6775 
	*SCF::Total Solvation Free Energy (au)      : -0.0018962205 
	*SCF::Total Solvation Free Energy (kcal/mol):      -1.1899 
 CC-PVDZ primary basis set file will be read for the N atom...
 CC-PVDZ primary basis set file will be read for the C atom...
 CC-PVDZ primary basis set file will be read for the H atom...
 Nmaxthread: 32 
 Nshell: 63 
 Lmax:  2 
 Npmax:  8 
 Nao: 133 
 Ndocc: 25 
 Nsocc:  0 
 NoccA: 25 
 NoccB: 25 
 Primary basis set info has been read.

 CC-PVDZ-JKFIT aux basis set file will be read for the N atom...
 CC-PVDZ-JKFIT aux basis set file will be read for the C atom...
 CC-PVDZ-JKFIT aux basis set file will be read for the H atom...
 Nshell_aux: 231 
 Naux: 651 
 Aux basis set info has been read.


	*Total SCF Energy: -285.75457577193345

 Cpu time for SCF :       1.7305 minutes
 Wall time for SCF:       0.6813 minutes


	MO spaces... 

	 FC   OCC   VIR   FV 
	----------------------
	  7   18   108    0


	Libtrans is initialized (by U. Bozkaya) ...

 ============================================================================== 
 ============================================================================== 
 ============================================================================== 

                       DF-MP2   
              Program Written by Ugur Bozkaya
              Latest Revision May 2, 2021

 ============================================================================== 
 ============================================================================== 
 ============================================================================== 

	For this residual convergence, default PCG convergence is:     1.00e-07
    Warning: "PCG_CONVERGENCE" option is changed to     1.00e-07


  ## DFOCC Options ##

  | TYPE         | KEY                      | INPUT? | VALUE              | DEFAULT            
  |--------------|--------------------------|--------|--------------------|--------------------
  | BOOL         | EOM                      | NO     | FALSE              | FALSE              
  | BOOL         | EOM_MP2                  | NO     | FALSE              | FALSE              
  | BOOL         | EOM_MP3                  | NO     | FALSE              | FALSE              
  | BOOL         | EOM_MP2_5                | NO     | FALSE              | FALSE              
  | BOOL         | EOM_LCCD                 | NO     | FALSE              | FALSE              
  | BOOL         | LOW_MEM_MP2              | NO     | FALSE              | FALSE              
  | BOOL         | LOW_MEM_MP3              | NO     | FALSE              | FALSE              
  | BOOL         | CD_PRESCREEN             | NO     | FALSE              | FALSE              
  | DOUBLE       | CIS_E_CONV               | NO     | 1e-06              | 1e-06              
  | DOUBLE       | CIS_R_CONV               | NO     | 1e-06              | 1e-06              
  | DOUBLE       | CIS_RES_PRECONDITION_TOL | NO     | 0.0001             | 0.0001             
  | DOUBLE       | DAVIDSON_TOLERANCE       | NO     | 1e-06              | 1e-06              
  | DOUBLE       | E3_SCALE                 | NO     | 0.25               | 0.25               
  | DOUBLE       | E_CONVERGENCE            | NO     | 1e-06              | 1e-06              
  | DOUBLE       | JK_MEMORY                | NO     | 1000000000.0       | 1000000000.0       
  | DOUBLE       | LEVEL_SHIFT              | NO     | 0.02               | 0.02               
  | DOUBLE       | MAX_MOGRAD_CONVERGENCE   | NO     | 0.001              | 0.001              
  | DOUBLE       | MO_STEP_MAX              | NO     | 0.5                | 0.5                
  | DOUBLE       | MP2_OS_SCALE             | NO     | 1.2                | 1.2                
  | DOUBLE       | MP2_SOS_SCALE            | NO     | 1.3                | 1.3                
  | DOUBLE       | MP2_SOS_SCALE2           | NO     | 1.2                | 1.2                
  | DOUBLE       | MP2_SS_SCALE             | NO     | 0.3333333333333333 | 0.3333333333333333 
  | DOUBLE       | OCC_PERCENTAGE           | NO     | 99.0               | 99.0               
  | DOUBLE       | OCC_TOLERANCE            | NO     | 1e-05              | 1e-05              
  | DOUBLE       | OO_SCALE                 | NO     | 0.01               | 0.01               
  | DOUBLE       | PCG_CONVERGENCE          | NO     | 1e-06              | 1e-06              
  | DOUBLE       | R_CONVERGENCE            | NO     | 1e-05              | 1e-05              
  | DOUBLE       | REG_PARAM                | NO     | 0.4                | 0.4                
  | DOUBLE       | KAPPA_REG_PARAM          | NO     | 1.1                | 1.1                
  | DOUBLE       | RMS_MOGRAD_CONVERGENCE   | NO     | 1e-06              | 1e-06              
  | DOUBLE       | SCG_TOLERANCE            | NO     | 1e-06              | 1e-06              
  | DOUBLE       | SCHMIDT_ADD_RES_TOL      | NO     | 0.001              | 0.001              
  | INT          | ACTIVE_NAT_ORBS          | NO     | 2                  | 2                  
  | INT          | CC_DIIS_MAX_VECS         | NO     | 6                  | 6                  
  | INT          | CC_DIIS_MIN_VECS         | NO     | 2                  | 2                  
  | INT          | CC_MAXITER               | NO     | 50                 | 50                 
  | INT          | CUTOFF                   | NO     | 8                  | 8                  
  | INT          | EXCITATION_RANGE         | NO     | 2                  | 2                  
  | INT          | FOLLOW_ROOT              | NO     | 1                  | 1                  
  | INT          | INTEGRAL_CUTOFF          | NO     | 9                  | 9                  
  | INT          | MAX_VECS                 | NO     | 50                 | 50                 
  | INT          | MO_DIIS_NUM_VECS         | NO     | 6                  | 6                  
  | INT          | MO_MAXITER               | NO     | 50                 | 50                 
  | INT          | NUM_ROOTS                | NO     | 4                  | 4                  
  | INT          | PCG_MAXITER              | NO     | 50                 | 50                 
  | INT          | PRINT_LEVEL              | NO     | 0                  | 0                  
  | INT          | VECS_PER_ROOT            | NO     | 1                  | 1                  
  | STRING       | CC_LAMBDA                | NO     | FALSE              | FALSE              
  | STRING       | CHOLESKY                 | NO     | FALSE              | FALSE              
  | STRING       | CIS_ALGORITHM            | NO     | MO_BASIS           | MO_BASIS           
  | STRING       | CIS_GUESS_COEFF          | NO     | MIX                | MIX                
  | STRING       | COMPUT_S2                | NO     | FALSE              | FALSE              
  | STRING       | DIAG_METHOD              | NO     | DAVIDSON           | DAVIDSON           
  | STRING       | DO_DIIS                  | NO     | TRUE               | TRUE               
  | STRING       | DO_LEVEL_SHIFT           | NO     | TRUE               | TRUE               
  | STRING       | DO_SCS                   | NO     | FALSE              | FALSE              
  | STRING       | DO_SOS                   | NO     | FALSE              | FALSE              
  | STRING       | EKT_IP                   | NO     | FALSE              | FALSE              
  | STRING       | FREEZE_CORE              | NO     | TRUE               | TRUE               
  | STRING       | HESS_TYPE                | NO     | HF                 | HF                 
  | STRING       | JK_TYPE                  | NO     | DIRECT             | DIRECT             
  | STRING       | LINEQ_SOLVER             | NO     | CDGESV             | CDGESV             
  | STRING       | MO_READ                  | NO     | FALSE              | FALSE              
  | STRING       | MO_WRITE                 | NO     | FALSE              | FALSE              
  | STRING       | MP2_AMP_TYPE             | NO     | DIRECT             | DIRECT             
  | STRING       | NAT_ORBS                 | NO     | FALSE              | FALSE              
  | STRING       | NBO                      | NO     | TRUE               | TRUE               
  | STRING       | OCC_ORBS_PRINT           | NO     | FALSE              | FALSE              
  | STRING       | OEPROP                   | NO     | FALSE              | FALSE              
  | STRING       | OPT_METHOD               | NO     | QNR                | QNR                
  | STRING       | ORB_RESP_SOLVER          | NO     | PCG                | PCG                
  | STRING       | ORTH_TYPE                | NO     | MGS                | MGS                
  | STRING       | PCG_BETA_TYPE            | NO     | FLETCHER_REEVES    | FLETCHER_REEVES    
  | STRING       | PPL_TYPE                 | NO     | AUTO               | AUTO               
  | STRING       | PRINT_CI_VECS            | NO     | FALSE              | FALSE              
  | STRING       | QCHF                     | NO     | FALSE              | FALSE              
  | STRING       | READ_SCF_3INDEX          | NO     | TRUE               | TRUE               
  | STRING       | REGULARIZATION           | NO     | FALSE              | FALSE              
  | STRING       | REG_TYPE                 | NO     | NORMAL             | NORMAL             
  | STRING       | SCS_TYPE                 | NO     | SCS                | SCS                
  | STRING       | SOS_TYPE                 | NO     | SOS                | SOS                
  | STRING       | TRIPLES_IABC_TYPE        | NO     | DISK               | DISK               
  | STRING       | UNIT_GUESS_TYPE          | NO     | GEN                | GEN                
  | STRING       | EKT_NEGATIVE_OCC         | NO     | ABS                | ABS                
  | BOOL         | SOLVATION                | YES    | TRUE               | FALSE              

	MO spaces... 

	 FC   OCC   VIR   FV 
	----------------------
	  7   18   108    0
 CC-PVDZ primary basis set file will be read for the N atom...
 CC-PVDZ primary basis set file will be read for the C atom...
 CC-PVDZ primary basis set file will be read for the H atom...
 Nmaxthread: 32 
 Nshell: 63 
 Lmax:  2 
 Npmax:  8 
 Nao: 133 
 Ndocc: 25 
 Nsocc:  0 
 NoccA: 25 
 NoccB: 25 
 Primary basis set info has been read.

 CC-PVDZ-RI aux basis set file will be read for the N atom...
 CC-PVDZ-RI aux basis set file will be read for the C atom...
 CC-PVDZ-RI aux basis set file will be read for the H atom...
 Nshell_aux: 168 
 Naux: 490 
 Aux basis set info has been read.

 Cpu time for Metric ints :       0.3900 s
 Wall time for Metric ints:       0.2116 s
 3-Index Algorithm: AUTO 

 Calling fortran integrals: ringing... 
 Done with fintegrals.

 Cpu time for 3-index ints :       3.6000 s
 Wall time for 3-index ints:       1.2806 s
 Cpu time for df-factors :       0.3000 s
 Wall time for df-factors:       0.0865 s
 CC-PVDZ primary basis set file will be read for the N atom...
 CC-PVDZ primary basis set file will be read for the C atom...
 CC-PVDZ primary basis set file will be read for the H atom...
 Nmaxthread: 32 
 Nshell: 63 
 Lmax:  2 
 Npmax:  8 
 Nao: 133 
 Ndocc: 25 
 Nsocc:  0 
 NoccA: 25 
 NoccB: 25 
 Primary basis set info has been read.

 CC-PVDZ-JKFIT aux basis set file will be read for the N atom...
 CC-PVDZ-JKFIT aux basis set file will be read for the C atom...
 CC-PVDZ-JKFIT aux basis set file will be read for the H atom...
 Nshell_aux: 231 
 Naux: 651 
 Aux basis set info has been read.

	Reading DF integrals from disk ...
 Cpu time for Metric ints :       1.1600 s
 Wall time for Metric ints:       0.3206 s
	Number of basis functions in the DF-HF basis: 651
	Number of basis functions in the DF-CC basis: 490

	Available memory                      :  30000.00 MB 
	Minimum required memory for amplitudes:     90.70 MB 
	Memory requirement for B-CC (Q|mu nu) :     69.34 MB 
	Memory requirement for B-CC (Q|ab)    :     45.72 MB 
	Memory requirement for DF-CC int trans:    125.65 MB 

	Computing DF-MP2 energy using SCF MOs (Canonical DF-MP2)... 
	======================================================================= 
	Nuclear Repulsion Energy (a.u.)    :   272.73250186015593
	DF-HF Energy (a.u.)                :  -285.75457577193345
	REF Energy (a.u.)                  :  -285.75457577193345
	DF-MP2 Correlation Energy (a.u.)   :    -0.95918205253067
	DF-MP2 Total Energy (a.u.)         :  -286.71375782446410
	======================================================================= 

	*Total MP2 Energy: -286.71375782446410

	Computing unrelaxed response density matrices...
	Number of independent-pairs: 2700
	Computing the generalized Fock matrix (GFM)...
	Computing the orbital gradient...
	Forming effective orbital gradient...
	Solving orbital Z-vector equations...

	            PCG Solver 
	   ------------------------------ 
	Iter     RMS Z Vector        RMS Residual  
	----    ---------------    ---------------
	  1         1.28e-03         8.32e-04
	  2         7.87e-04         6.51e-04
	  3         4.41e-04         2.63e-04
	  4         1.94e-04         9.26e-05
	  5         3.62e-05         2.38e-05
	  6         1.25e-05         1.01e-05
	  7         4.23e-06         3.26e-06
	  8         1.28e-06         9.34e-07
	  9         4.10e-07         3.24e-07
	 10         1.56e-07         1.03e-07
	 11         8.82e-08         3.77e-08

	Computing the relaxed PDMs and GFM...
	Compute solv. is starting ...

	Initializing Liboeprop (by U. Bozkaya) ...


	-Mulliken Population Analysis for MP2-IAO:
	 1: -0.0498136310 	 2: 0.1908128557 	 3: -0.0958371566 	 4: -0.2351505486 	 5: 0.0113571456 
	 6: -0.0593457791 	 7: -0.0305929325 	 8: 0.0712523614 	 9: 0.0840377655 	10: 0.0821483518 
	11: 0.0839767712 	12: 0.0695397628 	13: 0.0784987670 	14: 0.0648735226 

	-Lowdin Population Analysis for MP2-IAO:  
	 1: -0.0498136310 	 2: 0.1908128557 	 3: -0.0958371566 	 4: -0.2351505486 	 5: 0.0113571456 
	 6: -0.0593457791 	 7: -0.0305929325 	 8: 0.0712523614 	 9: 0.0840377655 	10: 0.0821483518 
	11: 0.0839767712 	12: 0.0695397628 	13: 0.0784987670 	14: 0.0648735226 


  ## SOLVATION Options ##

  | TYPE         | KEY                      | INPUT? | VALUE              | DEFAULT            
  |--------------|--------------------------|--------|--------------------|--------------------
  | INT          | NUM_Z_POINTS             | NO     | 90                 | 90                 
  | INT          | NUM_ANG_POINTS           | YES    | 100                | 100                
  | STRING       | SASA_TYPE                | YES    | NUMERIC            | NUMERIC            
  | STRING       | CHARGE_TYPE              | YES    | IAO_MULLIKEN       | IAO_MULLIKEN       
  | STRING       | CDS_TYPE                 | YES    | SMD                | SMD                
  | STRING       | SOLVENT                  | YES    | WATER              | WATER              
  | STRING       | SOLVENT_PARAMS           | YES    | MN21               | SM8                
  | STRING       | DIELECTRIC_PARAMS        | YES    | MN21               | MN21               
  | STRING       | COULOMB_RADII            | YES    | SMD                | SMD                
  | DOUBLE       | COVALENT_VW_CONST        | NO     | 0.76               | 0.76               
  | DOUBLE       | SOLVENT_RADIUS           | NO     | 0.4                | 0.4                
  | STRING       | RADIUS_TYPE              | YES    | SMD                | SMD                
  | DOUBLE       | GB_DIJ                   | NO     | 3.7                | 3.7                
  | DOUBLE       | GB_SIJ                   | NO     | 0.75               | 0.75               
  | DOUBLE       | GB_CIJ                   | NO     | 0.0                | 0.0                
  | DOUBLE       | F_PWSASA                 | NO     | 0.4535             | 0.4535             
  | DOUBLE       | SCALE_VDW                | NO     | 1.0                | 1.0                
  | DOUBLE       | SCALE_CR                 | NO     | 1.0                | 1.0                



 Sasa Type                  : NUMERIC 
 Charge Type                : IAO_MULLIKEN 
 CDS Type                   : SMD 
 Radius Type                : SMD 
 Solvent                    : WATER 
 Solvent Parameters         : MN21 
 Dielectric Parameters      : MN21 
 Coulomb Radii Parameters   : SMD 
 GB d_ij parameter          : 3.7000000000 
 GB S_ij parameter          : 0.7500000000 
 GB C_ij parameter          : 0.0000000000 
 Sclae_vdw parameter        : 1.0000000000 
 Number of z-points         : 90 
 Number of angular points   : 100 
 Number of SASA grid points : 17902 
 Solvent Dielectric Constant: 78.3553000000 

 VDW Radii:
	  1 N :       1.5500  ang
	  2 C :       1.7000  ang
	  3 C :       1.7000  ang
	  4 C :       1.7000  ang
	  5 C :       1.7000  ang
	  6 C :       1.7000  ang
	  7 C :       1.7000  ang
	  8 H :       1.2000  ang
	  9 H :       1.2000  ang
	 10 H :       1.2000  ang
	 11 H :       1.2000  ang
	 12 H :       1.2000  ang
	 13 H :       1.2000  ang
	 14 H :       1.2000  ang

	 Computing SASA... 

 Atomic SASA values:
	  1 N :      14.1707  ang^2
	  2 C :       5.2687  ang^2
	  3 C :      10.0793  ang^2
	  4 C :       9.2249  ang^2
	  5 C :      11.3547  ang^2
	  6 C :      10.8408  ang^2
	  7 C :      11.8903  ang^2
	  8 H :      12.4334  ang^2
	  9 H :      12.7695  ang^2
	 10 H :      11.2582  ang^2
	 11 H :      12.6796  ang^2
	 12 H :      11.6284  ang^2
	 13 H :      13.0247  ang^2
	 14 H :      13.0283  ang^2

	*Total SASA (angs^2): 159.6515637873 


 Coulomb Radii:
	  1 N :       1.8900  ang
	  2 C :       1.8500  ang
	  3 C :       1.8500  ang
	  4 C :       1.8500  ang
	  5 C :       1.8500  ang
	  6 C :       1.8500  ang
	  7 C :       1.8500  ang
	  8 H :       1.2000  ang
	  9 H :       1.2000  ang
	 10 H :       1.2000  ang
	 11 H :       1.2000  ang
	 12 H :       1.2000  ang
	 13 H :       1.2000  ang
	 14 H :       1.2000  ang
 Solvent Alpha                       : 1.1700000000 

 ## Effective Born Radius (bohr) ##
   0   4.4521918982 
   1   4.8110538282 
   2   4.6022134797 
   3   4.1126047002 
   4   4.5554949364 
   5   4.4297207559 
   6   4.3593827497 
   7   3.3150165142 
   8   3.1897749262 
   9   3.2570074247 
  10   3.1942446400 
  11   3.3517184214 
  12   3.1931415339 
  13   3.1972099972 

 Effective Born Radii:
	  1 N :       2.3560  ang
	  2 C :       2.5459  ang
	  3 C :       2.4354  ang
	  4 C :       2.1763  ang
	  5 C :       2.4107  ang
	  6 C :       2.3441  ang
	  7 C :       2.3069  ang
	  8 H :       1.7542  ang
	  9 H :       1.6880  ang
	 10 H :       1.7235  ang
	 11 H :       1.6903  ang
	 12 H :       1.7737  ang
	 13 H :       1.6897  ang
	 14 H :       1.6919  ang


 Coulomb Integrals:
	  1  1 :       0.2246  bohr^-1
	  1  2 :       0.1637  bohr^-1
	  1  3 :       0.1546  bohr^-1
	  1  4 :       0.1295  bohr^-1
	  1  5 :       0.2001  bohr^-1
	  1  6 :       0.1682  bohr^-1
	  1  7 :       0.2037  bohr^-1
	  1  8 :       0.1303  bohr^-1
	  1  9 :       0.1167  bohr^-1
	  1 10 :       0.1278  bohr^-1
	  1 11 :       0.1162  bohr^-1
	  1 12 :       0.1945  bohr^-1
	  1 13 :       0.1460  bohr^-1
	  1 14 :       0.1969  bohr^-1
	  2  1 :       0.1637  bohr^-1
	  2  2 :       0.2079  bohr^-1
	  2  3 :       0.1915  bohr^-1
	  2  4 :       0.1969  bohr^-1
	  2  5 :       0.1922  bohr^-1
	  2  6 :       0.1644  bohr^-1
	  2  7 :       0.1550  bohr^-1
	  2  8 :       0.1870  bohr^-1
	  2  9 :       0.1888  bohr^-1
	  2 10 :       0.1879  bohr^-1
	  2 11 :       0.1887  bohr^-1
	  2 12 :       0.1866  bohr^-1
	  2 13 :       0.1435  bohr^-1
	  2 14 :       0.1309  bohr^-1
	  3  1 :       0.1546  bohr^-1
	  3  2 :       0.1915  bohr^-1
	  3  3 :       0.2173  bohr^-1
	  3  4 :       0.1653  bohr^-1
	  3  5 :       0.1660  bohr^-1
	  3  6 :       0.1981  bohr^-1
	  3  7 :       0.1676  bohr^-1
	  3  8 :       0.2334  bohr^-1
	  3  9 :       0.1621  bohr^-1
	  3 10 :       0.1428  bohr^-1
	  3 11 :       0.1632  bohr^-1
	  3 12 :       0.1443  bohr^-1
	  3 13 :       0.1910  bohr^-1
	  3 14 :       0.1448  bohr^-1
	  4  1 :       0.1295  bohr^-1
	  4  2 :       0.1969  bohr^-1
	  4  3 :       0.1653  bohr^-1
	  4  4 :       0.2432  bohr^-1
	  4  5 :       0.1660  bohr^-1
	  4  6 :       0.1291  bohr^-1
	  4  7 :       0.1186  bohr^-1
	  4  8 :       0.1689  bohr^-1
	  4  9 :       0.2479  bohr^-1
	  4 10 :       0.2459  bohr^-1
	  4 11 :       0.2478  bohr^-1
	  4 12 :       0.1694  bohr^-1
	  4 13 :       0.1111  bohr^-1
	  4 14 :       0.0986  bohr^-1
	  5  1 :       0.2001  bohr^-1
	  5  2 :       0.1922  bohr^-1
	  5  3 :       0.1660  bohr^-1
	  5  4 :       0.1660  bohr^-1
	  5  5 :       0.2195  bohr^-1
	  5  6 :       0.1574  bohr^-1
	  5  7 :       0.1716  bohr^-1
	  5  8 :       0.1446  bohr^-1
	  5  9 :       0.1496  bohr^-1
	  5 10 :       0.1711  bohr^-1
	  5 11 :       0.1486  bohr^-1
	  5 12 :       0.2332  bohr^-1
	  5 13 :       0.1327  bohr^-1
	  5 14 :       0.1493  bohr^-1
	  6  1 :       0.1682  bohr^-1
	  6  2 :       0.1644  bohr^-1
	  6  3 :       0.1981  bohr^-1
	  6  4 :       0.1291  bohr^-1
	  6  5 :       0.1574  bohr^-1
	  6  6 :       0.2257  bohr^-1
	  6  7 :       0.2023  bohr^-1
	  6  8 :       0.1914  bohr^-1
	  6  9 :       0.1227  bohr^-1
	  6 10 :       0.1135  bohr^-1
	  6 11 :       0.1231  bohr^-1
	  6 12 :       0.1323  bohr^-1
	  6 13 :       0.2409  bohr^-1
	  6 14 :       0.1928  bohr^-1
	  7  1 :       0.2037  bohr^-1
	  7  2 :       0.1550  bohr^-1
	  7  3 :       0.1676  bohr^-1
	  7  4 :       0.1186  bohr^-1
	  7  5 :       0.1716  bohr^-1
	  7  6 :       0.2023  bohr^-1
	  7  7 :       0.2294  bohr^-1
	  7  8 :       0.1451  bohr^-1
	  7  9 :       0.1092  bohr^-1
	  7 10 :       0.1100  bohr^-1
	  7 11 :       0.1091  bohr^-1
	  7 12 :       0.1493  bohr^-1
	  7 13 :       0.1939  bohr^-1
	  7 14 :       0.2422  bohr^-1
	  8  1 :       0.1303  bohr^-1
	  8  2 :       0.1870  bohr^-1
	  8  3 :       0.2334  bohr^-1
	  8  4 :       0.1689  bohr^-1
	  8  5 :       0.1446  bohr^-1
	  8  6 :       0.1914  bohr^-1
	  8  7 :       0.1451  bohr^-1
	  8  8 :       0.3017  bohr^-1
	  8  9 :       0.1714  bohr^-1
	  8 10 :       0.1353  bohr^-1
	  8 11 :       0.1740  bohr^-1
	  8 12 :       0.1216  bohr^-1
	  8 13 :       0.1884  bohr^-1
	  8 14 :       0.1216  bohr^-1
	  9  1 :       0.1167  bohr^-1
	  9  2 :       0.1888  bohr^-1
	  9  3 :       0.1621  bohr^-1
	  9  4 :       0.2479  bohr^-1
	  9  5 :       0.1496  bohr^-1
	  9  6 :       0.1227  bohr^-1
	  9  7 :       0.1092  bohr^-1
	  9  8 :       0.1714  bohr^-1
	  9  9 :       0.3135  bohr^-1
	  9 10 :       0.2302  bohr^-1
	  9 11 :       0.2316  bohr^-1
	  9 12 :       0.1465  bohr^-1
	  9 13 :       0.1062  bohr^-1
	  9 14 :       0.0907  bohr^-1
	 10  1 :       0.1278  bohr^-1
	 10  2 :       0.1879  bohr^-1
	 10  3 :       0.1428  bohr^-1
	 10  4 :       0.2459  bohr^-1
	 10  5 :       0.1711  bohr^-1
	 10  6 :       0.1135  bohr^-1
	 10  7 :       0.1100  bohr^-1
	 10  8 :       0.1353  bohr^-1
	 10  9 :       0.2302  bohr^-1
	 10 10 :       0.3070  bohr^-1
	 10 11 :       0.2300  bohr^-1
	 10 12 :       0.1931  bohr^-1
	 10 13 :       0.0954  bohr^-1
	 10 14 :       0.0915  bohr^-1
	 11  1 :       0.1162  bohr^-1
	 11  2 :       0.1887  bohr^-1
	 11  3 :       0.1632  bohr^-1
	 11  4 :       0.2478  bohr^-1
	 11  5 :       0.1486  bohr^-1
	 11  6 :       0.1231  bohr^-1
	 11  7 :       0.1091  bohr^-1
	 11  8 :       0.1740  bohr^-1
	 11  9 :       0.2316  bohr^-1
	 11 10 :       0.2300  bohr^-1
	 11 11 :       0.3131  bohr^-1
	 11 12 :       0.1448  bohr^-1
	 11 13 :       0.1068  bohr^-1
	 11 14 :       0.0906  bohr^-1
	 12  1 :       0.1945  bohr^-1
	 12  2 :       0.1866  bohr^-1
	 12  3 :       0.1443  bohr^-1
	 12  4 :       0.1694  bohr^-1
	 12  5 :       0.2332  bohr^-1
	 12  6 :       0.1323  bohr^-1
	 12  7 :       0.1493  bohr^-1
	 12  8 :       0.1216  bohr^-1
	 12  9 :       0.1465  bohr^-1
	 12 10 :       0.1931  bohr^-1
	 12 11 :       0.1448  bohr^-1
	 12 12 :       0.2984  bohr^-1
	 12 13 :       0.1078  bohr^-1
	 12 14 :       0.1264  bohr^-1
	 13  1 :       0.1460  bohr^-1
	 13  2 :       0.1435  bohr^-1
	 13  3 :       0.1910  bohr^-1
	 13  4 :       0.1111  bohr^-1
	 13  5 :       0.1327  bohr^-1
	 13  6 :       0.2409  bohr^-1
	 13  7 :       0.1939  bohr^-1
	 13  8 :       0.1884  bohr^-1
	 13  9 :       0.1062  bohr^-1
	 13 10 :       0.0954  bohr^-1
	 13 11 :       0.1068  bohr^-1
	 13 12 :       0.1078  bohr^-1
	 13 13 :       0.3132  bohr^-1
	 13 14 :       0.1897  bohr^-1
	 14  1 :       0.1969  bohr^-1
	 14  2 :       0.1309  bohr^-1
	 14  3 :       0.1448  bohr^-1
	 14  4 :       0.0986  bohr^-1
	 14  5 :       0.1493  bohr^-1
	 14  6 :       0.1928  bohr^-1
	 14  7 :       0.2422  bohr^-1
	 14  8 :       0.1216  bohr^-1
	 14  9 :       0.0907  bohr^-1
	 14 10 :       0.0915  bohr^-1
	 14 11 :       0.0906  bohr^-1
	 14 12 :       0.1264  bohr^-1
	 14 13 :       0.1897  bohr^-1
	 14 14 :       0.3128  bohr^-1


	*Molecular contr. to CDS energy:       0.0000  kcal/mol
	*Total CDS energy:       1.6775  kcal/mol
	*MP2::Polarization Free Energy (au)      : -0.0063475652 
	*MP2::Polarization Free Energy (kcal/mol):      -3.9832 
	*MP2::CDS Free Energy (au)      : 0.0026732000 
	*MP2::CDS Free Energy (kcal/mol):       1.6775 
	*MP2::Total Solvation Free Energy (au)      : -0.0036743652 
	*MP2::Total Solvation Free Energy (kcal/mol):      -2.3057 
	GB-MP2 Total Energy (a.u.)         :  -286.71743218969874

	*Total GB-MP2 Energy: -286.71375782446410


 Cpu time for MacroQC :       2.2738 minutes
 Wall time for MacroQC:       0.8673 minutes


 ******************************************************************************************
	 MacroQC terminates normally:) 
 ****************************************************************************************** 

