 ==========================================================================================
 =========                __  ___                         ____  ______            =========
 ======                  /  |/  /___ _______________     / __ \/ ____/               ======
 ====                   / /|_/ / __ `/ ___/ ___/ __ \   / / / / /                      ====
 ===                   / /  / / /_/ / /__/ /  / /_/ /  / /_/ / /___                     ===
 ==                   /_/  /_/\__,_/\___/_/   \____/   \___\_\____/                      ==
 ===                                                                1.0.4                ===
 =====     An electronic structure theory software for large-scale applications       =====
 ======                                 See license.txt for license info             ======
 =========                                                                        =========
 ==========================================================================================
                                                                                           
                           * * * * * * * * * * * * * * * * * * * *                        
                           *            Developed by             *                        
                           *             U. Bozkaya              *                        
                           *                                     *                        
                           *       With contributions from:      *                        
                           *         B. Ermis, Y. Alagoz,        *                        
                           *         A. Unal, and A. K. Uyar     *                        
                           *         Git Version: deab493        *                        
                           *       Latest Revision: 2026-03-23   *                        
                           * * * * * * * * * * * * * * * * * * * *                        


 Run date: Wed Mar 25 09:36:07 2026
 
 Hostname: ub2 

 ## MacroQC input file ##
 ******************************************************************************************
$set_molecule
0 1
N      -0.7505154796     0.0000001529    -0.1224384166
C       0.7065659562     0.0000002335     0.0176573954
H       1.0792342161     0.0000113332     1.0505497050
H       1.1161939525     0.8770353362    -0.4847658028
H       1.1161906986    -0.8770483986    -0.4847447242
H      -1.1487040759     0.8108235864     0.3350430550
H      -1.1487021716    -0.8108243284     0.3350423107
$end_molecule


$set_globals
   basis cc-pvdz
  method mp2
  reference rhf
  jobtype energy
  memory 30000
$end_globals


$set_scf
  e_convergence 1.0e-8
  d_convergence 1.0e-6
  guess sad
  solvation true
$end_scf


$set_solvation
  cds_type smd
  radius_type smd
  solvent_params mn21
  dielectric_params mn21
  sasa_type numeric
  solvent water
  num_ang_points 100
  charge_type iao_mulliken
  coulomb_radii smd
$end_solvation

$set_dfocc
solvation true
$end_dfocc

 ******************************************************************************************


	-Geometry before Center-of-Mass shift (ang): 
	 Number     Atom               X                    Y                       Z  
	 ---------------------------------------------------------------------------------------
           1     N            -0.7505154796          0.0000001529          -0.1224384166  
           2     C             0.7065659562          0.0000002335           0.0176573954  
           3     H             1.0792342161          0.0000113332           1.0505497050  
           4     H             1.1161939525          0.8770353362          -0.4847658028  
           5     H             1.1161906986         -0.8770483986          -0.4847447242  
           6     H            -1.1487040759          0.8108235864           0.3350430550  
           7     H            -1.1487021716         -0.8108243284           0.3350423107  



	-Geometry after Center-of-Mass shift (ang): 
	 Atom               X                    Y                       Z  
	 -------------------------------------------------------------------
     N          -0.7180247576          0.0000000739          -0.0984187477  
     C           0.7390566782          0.0000001545           0.0416770643  
     H           1.1117249381          0.0000112542           1.0745693739  
     H           1.1486846745          0.8770352572          -0.4607461339  
     H           1.1486814206         -0.8770484776          -0.4607250553  
     H          -1.1162133539          0.8108235074           0.3590627239  
     H          -1.1162114496         -0.8108244074           0.3590619796  


	-Geometry after Center-of-Mass shift (bohr): 
	 Atom               X                    Y                       Z  
	 -------------------------------------------------------------------
     N          -1.3568701432          0.0000001396          -0.1859844787  
     C           1.3966147129          0.0000002920           0.0787582373  
     H           2.1008556598          0.0000212673           2.0306418195  
     H           2.1706994392          1.6573564385          -0.8706840064  
     H           2.1706932903         -1.6573814214          -0.8706441736  
     H          -2.1093375365          1.5322343651           0.6785302101  
     H          -2.1093339379         -1.5322360658           0.6785288035  


    Rotational Constants: A =     3.47041  B =     0.75941  C =      0.73002 [cm^-1] 
    Rotor Type: ASYMMETRIC 

	-Nuclear Dipole Moment: (e a0)  
	 X:  1.10517   Y:  -0.00000   Z:  0.81703   Total:  1.37439 

	-Nuclear Dipole Moment: (D)  
	 X:  2.80907   Y:  -0.00001   Z:  2.07668   Total:  3.49335 


    Nuclear repulsion energy (V_NN)              : 42.007554509389 
   =====================================================
   Charge                : 0 
   Multiplicity          : 1 
   Number of Atoms       : 7 
   Number of Ghost Atoms : 0 
   Number of Electrons   : 18 
   Number of alpha occupied orbitals (NoccA)  : 9 
   Number of beta occupied orbitals (NoccB)   : 9 
   Number of singly occupied orbitals (Nsocc) : 0 
   Number of doubly occupied orbitals (Ndocc) : 9 
   =====================================================



  ## GLOBALS Options ##

  | TYPE         | KEY                      | INPUT? | VALUE              | DEFAULT            
  |--------------|--------------------------|--------|--------------------|--------------------
  | BOOL         | ERI_DISK                 | NO     | FALSE              | FALSE              
  | BOOL         | FREEZE_CORE              | NO     | TRUE               | TRUE               
  | BOOL         | MOL_FRAG                 | NO     | FALSE              | FALSE              
  | BOOL         | NOCOM                    | NO     | FALSE              | FALSE              
  | BOOL         | NOREORIENT               | NO     | TRUE               | TRUE               
  | BOOL         | PUREAM                   | NO     | TRUE               | TRUE               
  | BOOL         | ML                       | NO     | FALSE              | FALSE              
  | BOOL         | READ_PDB                 | NO     | FALSE              | FALSE              
  | BOOL         | TEST_MODE                | NO     | FALSE              | FALSE              
  | INT          | DERIVE_LEVEL             | NO     | 0                  | 0                  
  | INT          | FINDIF_POINTS            | NO     | 3                  | 3                  
  | INT          | MEMORY                   | YES    | 30000              | 2000               
  | INT          | NUM_THREADS              | NO     | 1                  | 1                  
  | INT          | NUM_FROZEN_DOCC          | NO     | 0                  | 0                  
  | INT          | NUM_FROZEN_VIR           | NO     | 0                  | 0                  
  | INT          | PRINT_LEVEL              | NO     | 0                  | 0                  
  | STRING       | AUX_BASIS_CORR           | NO     | CC-PVDZ-RI         | CC-PVDZ-RI         
  | STRING       | AUX_BASIS_SCF            | NO     | CC-PVDZ-JKFIT      | CC-PVDZ-JKFIT      
  | STRING       | BASIS                    | YES    | CC-PVDZ            | CC-PVDZ            
  | STRING       | BASIS2                   | NO     | MINAO              | MINAO              
  | STRING       | DERIVE_TYPE              | NO     | ANALYTIC           | ANALYTIC           
  | STRING       | FINDIF_METHOD            | NO     | GRAD               | GRAD               
  | STRING       | GEOM_UNITS               | NO     | ANG                | ANG                
  | STRING       | JOBTYPE                  | YES    | ENERGY             | ENERGY             
  | STRING       | METHOD                   | YES    | MP2                | SCF                
  | STRING       | REFERENCE                | YES    | RHF                | RHF                
  | STRING       | OUTFILE_MODE             | NO     | NEW                | NEW                
  | DOUBLE       | STEP_BOHR                | NO     | 0.05               | 0.05               
  | STR_ARRAY    | MOLECULE_GEOM_FROM       | NO     | [input]            | [input]            
  | DOUBLE_ARRAY | ELECTRIC_STRENGTH        | NO     | [0.001;0.001;0.001]| [0.001;0.001;0.001]
  | STRING       | ELECTRIC_FIELD           | NO     | NONE               | NONE               
  | STRING       | ALIGN_TWO_ATOMS          | NO     | NONE               | NONE               
  | INT_ARRAY    | TWO_ATOMS                | NO     | [0]                | [0]                



  ## INTS Options ##

  | TYPE         | KEY                      | INPUT? | VALUE              | DEFAULT            
  |--------------|--------------------------|--------|--------------------|--------------------
  | DOUBLE       | BOYS_CUTOFF              | NO     | 1e-15              | 1e-15              
  | DOUBLE       | BOYS_ZERO                | NO     | 1e-06              | 1e-06              
  | DOUBLE       | DELTA_X                  | NO     | 0.1                | 0.1                
  | DOUBLE       | INTEGRAL_CUTOFF          | NO     | 1e-10              | 1e-10              
  | DOUBLE       | X_MAX                    | NO     | 30.0               | 30.0               
  | INT          | BOYS_MAXITER             | NO     | 10000              | 10000              
  | INT          | MAX_AM                   | NO     | 7                  | 7                  
  | INT          | MAX_AM_AUX               | NO     | 7                  | 7                  
  | INT          | PRINT_LEVEL              | NO     | 0                  | 0                  
  | INT          | TAYLOR_ORDER             | NO     | 6                  | 6                  
  | STRING       | 3INDEX_ALGORITHM         | NO     | AUTO               | AUTO               
  | STRING       | BOYS_METHOD              | NO     | GHP                | GHP                
  | STRING       | ERI_ALGORITHM            | NO     | MD4                | MD4                


	Initializing Liboeprop (by U. Bozkaya) ...

	*=================================================================*
	*                  SCF                                            *
	*   Developed by U. Bozkaya & Y. Alagoz                           *
	*   Latest revision Feb 16, 2021                                  *
	*=================================================================*



  ## SCF Options ##

  | TYPE         | KEY                      | INPUT? | VALUE              | DEFAULT            
  |--------------|--------------------------|--------|--------------------|--------------------
  | BOOL         | DIIS_DAMP                | NO     | FALSE              | FALSE              
  | BOOL         | DIE_IF_NOT_CONVERGED     | NO     | TRUE               | TRUE               
  | BOOL         | DO_DF                    | NO     | TRUE               | TRUE               
  | BOOL         | DIIS                     | NO     | TRUE               | TRUE               
  | BOOL         | FOCK_DAMP                | NO     | FALSE              | FALSE              
  | BOOL         | GUESS_MIX                | NO     | FALSE              | FALSE              
  | BOOL         | GUESS_PREVIOUS           | NO     | FALSE              | FALSE              
  | BOOL         | LOCAL                    | NO     | FALSE              | FALSE              
  | BOOL         | RETRY                    | NO     | TRUE               | TRUE               
  | DOUBLE       | CUTOFF                   | NO     | 1e-10              | 1e-10              
  | DOUBLE       | D_CONVERGENCE            | YES    | 1e-06              | 1e-06              
  | DOUBLE       | DAMP_PARAM               | NO     | 0.02               | 0.02               
  | DOUBLE       | E_CONVERGENCE            | YES    | 1e-08              | 1e-08              
  | DOUBLE       | FOCK_DAMP_PERC           | NO     | 20.0               | 20.0               
  | DOUBLE       | MIN_OVERLAP_EIGVAL       | NO     | 1e-06              | 1e-06              
  | DOUBLE       | LOCAL_CONVERGENCE        | NO     | 1e-08              | 1e-08              
  | DOUBLE       | QC_GUESS_E_CONVERGENCE   | NO     | 0.0001             | 0.0001             
  | DOUBLE       | QC_GUESS_D_CONVERGENCE   | NO     | 0.005              | 0.005              
  | INT          | MAX_DIIS                 | NO     | 6                  | 6                  
  | INT          | MIN_DIIS                 | NO     | 2                  | 2                  
  | INT          | PRINT_LEVEL              | NO     | 0                  | 0                  
  | INT          | SCF_MAXITER              | NO     | 50                 | 50                 
  | INT          | LOCAL_MAXITER            | NO     | 50                 | 50                 
  | STRING       | DIIS_ALGORITHM           | NO     | DISK               | DISK               
  | STRING       | GUESS                    | YES    | SAD                | SAD                
  | BOOL         | MO_WRITE                 | NO     | FALSE              | FALSE              
  | BOOL         | FOCK_WRITE               | NO     | FALSE              | FALSE              
  | STRING       | ORTH_TYPE                | NO     | CANONICAL          | CANONICAL          
  | STRING       | ROHF_CANONIC_TYPE        | NO     | GUEST              | GUEST              
  | STRING       | ERI                      | NO     | INCORE             | INCORE             
  | STRING       | SCF_ALGORITHM            | NO     | ROOTHAAN           | ROOTHAAN           
  | STRING       | LOCAL_TYPE               | NO     | BOYS               | BOYS               
  | BOOL         | SAD_FRAC_OCC             | NO     | TRUE               | TRUE               
  | BOOL         | SAD_SPIN_AVERAGE         | NO     | TRUE               | TRUE               
  | DOUBLE       | SAD_E_CONVERGENCE        | NO     | 1e-05              | 1e-05              
  | DOUBLE       | SAD_D_CONVERGENCE        | NO     | 1e-05              | 1e-05              
  | INT          | SAD_MAXITER              | NO     | 50                 | 50                 
  | BOOL         | NIE                      | NO     | FALSE              | FALSE              
  | BOOL         | SAD_DIIS                 | NO     | TRUE               | TRUE               
  | INT          | SAD_MAX_DIIS             | NO     | 6                  | 6                  
  | INT          | SAD_MIN_DIIS             | NO     | 2                  | 2                  
  | INT          | SAD_PRINT                | NO     | 0                  | 0                  
  | STRING       | SAD_AUX_BASIS            | NO     | SAD-FIT            | SAD-FIT            
  | DOUBLE       | SAD_CHOLESKY_TOLERANCE   | NO     | 1e-07              | 1e-07              
  | BOOL         | SOLVATION                | YES    | TRUE               | FALSE              
  | BOOL         | BYPASS                   | NO     | FALSE              | FALSE              
  | STRING       | IAO_TYPE                 | NO     | STANDARD2013       | STANDARD2013       
  | BOOL         | USE_IAOS                 | NO     | FALSE              | FALSE              

	Initializing libdiis ...
	Initializing libmolint 1.1 ...
 CC-PVDZ primary basis set file will be read for the N atom...
 CC-PVDZ primary basis set file will be read for the C atom...
 CC-PVDZ primary basis set file will be read for the H atom...
 Nmaxthread: 12 
 Nshell: 27 
 Lmax:  2 
 Npmax:  8 
 Nao: 53 
 Ndocc:  9 
 Nsocc:  0 
 NoccA:  9 
 NoccB:  9 
 Primary basis set info has been read.

 CC-PVDZ-JKFIT aux basis set file will be read for the N atom...
 CC-PVDZ-JKFIT aux basis set file will be read for the C atom...
 CC-PVDZ-JKFIT aux basis set file will be read for the H atom...
 Nshell_aux: 93 
 Naux: 255 
 Aux basis set info has been read.

 orth_type: CANONICAL 
 Cpu time for S ints :       0.0000 s
 Wall time for S ints:       0.0045 s

 Using canonical orthogonalization. 
 Minimum eigenvalue in the overlap matrix is:   1.1376E-02 

 Cpu time for T ints :       0.0300 s
 Wall time for T ints:       0.0090 s
 Cpu time for V ints :       0.1900 s
 Wall time for V ints:       0.0494 s
 Cpu time for Metric ints :       0.3100 s
 Wall time for Metric ints:       0.0788 s
 3-Index Algorithm: AUTO 

 Calling fortran integrals: ringing... 
 Done with fintegrals.

 Cpu time for 3-index ints :       0.7300 s
 Wall time for 3-index ints:       0.1827 s
 Cpu time for df-factors :       0.0400 s
 Wall time for df-factors:       0.0087 s


 Puream (True=1, False=0) : 1
 Number of AO             : 53
 Number of MO             : 53
 Number of Aux Functions  : 255
 Charge                   : 0
 Multiplicity             : 1
 Alpha OCC                : 9
 Beta OCC                 : 9
 Nuclear Repulsion Energy : 42.00755451
 Energy Treshold          : 1.0e-08
 Density Treshold         : 1.0e-06
 Iteration Limit          : 50
 Guess                    : SAD
 Guess Mix                : false
 Diis                     : true
 Diis Damping             : false
 Diis Damp Parameter      : 0.02
 Diis Algorithm           : DISK
 Cutoff Treshold          : 1.0e-10
 Density Fitting          : true
 Reference                : RHF
 Die If Not Converged     : true
 Print Level              : 0
 ERI Algorithm            : INCORE
 SCF Algorithm            : ROOTHAAN




  ## SOLVATION Options ##

  | TYPE         | KEY                      | INPUT? | VALUE              | DEFAULT            
  |--------------|--------------------------|--------|--------------------|--------------------
  | INT          | NUM_Z_POINTS             | NO     | 90                 | 90                 
  | INT          | NUM_ANG_POINTS           | YES    | 100                | 100                
  | STRING       | SASA_TYPE                | YES    | NUMERIC            | NUMERIC            
  | STRING       | CHARGE_TYPE              | YES    | IAO_MULLIKEN       | IAO_MULLIKEN       
  | STRING       | CDS_TYPE                 | YES    | SMD                | SMD                
  | STRING       | SOLVENT                  | YES    | WATER              | WATER              
  | STRING       | SOLVENT_PARAMS           | YES    | MN21               | SM8                
  | STRING       | DIELECTRIC_PARAMS        | YES    | MN21               | MN21               
  | STRING       | COULOMB_RADII            | YES    | SMD                | SMD                
  | DOUBLE       | COVALENT_VW_CONST        | NO     | 0.76               | 0.76               
  | DOUBLE       | SOLVENT_RADIUS           | NO     | 0.4                | 0.4                
  | STRING       | RADIUS_TYPE              | YES    | SMD                | SMD                
  | DOUBLE       | GB_DIJ                   | NO     | 3.7                | 3.7                
  | DOUBLE       | GB_SIJ                   | NO     | 0.75               | 0.75               
  | DOUBLE       | GB_CIJ                   | NO     | 0.0                | 0.0                
  | DOUBLE       | F_PWSASA                 | NO     | 0.4535             | 0.4535             
  | DOUBLE       | SCALE_VDW                | NO     | 1.0                | 1.0                
  | DOUBLE       | SCALE_CR                 | NO     | 1.0                | 1.0                



 Sasa Type                  : NUMERIC 
 Charge Type                : IAO_MULLIKEN 
 CDS Type                   : SMD 
 Radius Type                : SMD 
 Solvent                    : WATER 
 Solvent Parameters         : MN21 
 Dielectric Parameters      : MN21 
 Coulomb Radii Parameters   : SMD 
 GB d_ij parameter          : 3.7000000000 
 GB S_ij parameter          : 0.7500000000 
 GB C_ij parameter          : 0.0000000000 
 Sclae_vdw parameter        : 1.0000000000 
 Number of z-points         : 90 
 Number of angular points   : 100 
 Number of SASA grid points : 17902 
 Solvent Dielectric Constant: 78.3553000000 

 VDW Radii:
	  1 N :       1.5500  ang
	  2 C :       1.7000  ang
	  3 H :       1.2000  ang
	  4 H :       1.2000  ang
	  5 H :       1.2000  ang
	  6 H :       1.2000  ang
	  7 H :       1.2000  ang

	 Computing SASA... 

 Atomic SASA values:
	  1 N :      12.1474  ang^2
	  2 C :      10.8532  ang^2
	  3 H :      13.1271  ang^2
	  4 H :      12.9672  ang^2
	  5 H :      12.9690  ang^2
	  6 H :      14.0130  ang^2
	  7 H :      14.0130  ang^2

	*Total SASA (angs^2): 90.0898829591 


 Coulomb Radii:
	  1 N :       1.8900  ang
	  2 C :       1.8500  ang
	  3 H :       1.2000  ang
	  4 H :       1.2000  ang
	  5 H :       1.2000  ang
	  6 H :       1.2000  ang
	  7 H :       1.2000  ang
 Solvent Alpha                       : 1.1700000000 

 ## Effective Born Radius (bohr) ##
   0   3.8340436367 
   1   3.7400341762 
   2   3.0552097003 
   3   3.0628264554 
   4   3.0628277102 
   5   3.0180186956 
   6   3.0180198414 

 Effective Born Radii:
	  1 N :       2.0289  ang
	  2 C :       1.9791  ang
	  3 H :       1.6167  ang
	  4 H :       1.6208  ang
	  5 H :       1.6208  ang
	  6 H :       1.5971  ang
	  7 H :       1.5971  ang


 Coulomb Integrals:
	  1  1 :       0.2608  bohr^-1
	  1  2 :       0.2232  bohr^-1
	  1  3 :       0.2008  bohr^-1
	  1  4 :       0.2048  bohr^-1
	  1  5 :       0.2048  bohr^-1
	  1  6 :       0.2646  bohr^-1
	  1  7 :       0.2646  bohr^-1
	  2  1 :       0.2232  bohr^-1
	  2  2 :       0.2674  bohr^-1
	  2  3 :       0.2615  bohr^-1
	  2  4 :       0.2616  bohr^-1
	  2  5 :       0.2616  bohr^-1
	  2  6 :       0.2091  bohr^-1
	  2  7 :       0.2091  bohr^-1
	  3  1 :       0.2008  bohr^-1
	  3  2 :       0.2615  bohr^-1
	  3  3 :       0.3273  bohr^-1
	  3  4 :       0.2361  bohr^-1
	  3  5 :       0.2361  bohr^-1
	  3  6 :       0.1933  bohr^-1
	  3  7 :       0.1933  bohr^-1
	  4  1 :       0.2048  bohr^-1
	  4  2 :       0.2616  bohr^-1
	  4  3 :       0.2361  bohr^-1
	  4  4 :       0.3265  bohr^-1
	  4  5 :       0.2369  bohr^-1
	  4  6 :       0.1970  bohr^-1
	  4  7 :       0.1699  bohr^-1
	  5  1 :       0.2048  bohr^-1
	  5  2 :       0.2616  bohr^-1
	  5  3 :       0.2361  bohr^-1
	  5  4 :       0.2369  bohr^-1
	  5  5 :       0.3265  bohr^-1
	  5  6 :       0.1699  bohr^-1
	  5  7 :       0.1970  bohr^-1
	  6  1 :       0.2646  bohr^-1
	  6  2 :       0.2091  bohr^-1
	  6  3 :       0.1933  bohr^-1
	  6  4 :       0.1970  bohr^-1
	  6  5 :       0.1699  bohr^-1
	  6  6 :       0.3313  bohr^-1
	  6  7 :       0.2478  bohr^-1
	  7  1 :       0.2646  bohr^-1
	  7  2 :       0.2091  bohr^-1
	  7  3 :       0.1933  bohr^-1
	  7  4 :       0.1699  bohr^-1
	  7  5 :       0.1970  bohr^-1
	  7  6 :       0.2478  bohr^-1
	  7  7 :       0.3313  bohr^-1
    ===> SCF Iteration Started <===

     Iter. |                   Energy |       Delta E |          Drms |
    -------|--------------------------|---------------|---------------|
         1 |       -94.63727872572471 |    -9.464e+01 |     2.116e-02 |
         2 |       -95.14170913445068 |    -5.044e-01 |     4.448e-03 | DIIS
         3 |       -95.20662343399854 |    -6.491e-02 |     1.053e-03 | DIIS
         4 |       -95.22078045732434 |    -1.416e-02 |     4.502e-04 | DIIS
         5 |       -95.22150679705493 |    -7.263e-04 |     1.213e-04 | DIIS
         6 |       -95.22153024475782 |    -2.345e-05 |     3.762e-05 | DIIS
         7 |       -95.22153112322647 |    -8.785e-07 |     1.116e-05 | DIIS
         8 |       -95.22153113182870 |    -8.602e-09 |     3.590e-06 | DIIS
         9 |       -95.22153108523042 |     4.660e-08 |     1.330e-06 | DIIS
        10 |       -95.22153107248513 |     1.275e-08 |     2.688e-07 | DIIS
        11 |       -95.22153107622182 |    -3.737e-09 |     5.015e-08 | DIIS


	-Alpha Occupied Orbital Energies (au):  
	 1: -15.5177555693 	 2: -11.2265374497 	 3: -1.1443988226 	 4: -0.8733774596 	 5: -0.6359133957 
	 6: -0.5784241356 	 7: -0.5318124040 	 8: -0.4932612387 	 9: -0.3659899262 
	-Alpha Virtual Orbital Energies (au):  
	10: 0.1981009183 	11: 0.2389104007 	12: 0.2573609911 	13: 0.2805731061 	14: 0.3007175132 
	15: 0.4066885097 	16: 0.6219118076 	17: 0.6554436771 	18: 0.7070699514 	19: 0.7845740486 
	20: 0.8448083046 	21: 0.8999420417 	22: 0.9053686664 	23: 0.9304891737 	24: 1.0296185716 
	25: 1.0684916655 	26: 1.0978563997 	27: 1.1754998454 	28: 1.2585856130 	29: 1.2664595858 
	30: 1.5107048690 	31: 1.5542465848 	32: 1.6812102821 	33: 1.6936197118 	34: 1.8921022996 
	35: 1.9126105902 	36: 1.9171582668 	37: 1.9353615683 	38: 2.0042184776 	39: 2.0711414363 
	40: 2.1113055845 	41: 2.2246230253 	42: 2.2609145846 	43: 2.3276197786 	44: 2.4532217354 
	45: 2.5388418030 	46: 2.7009124186 	47: 2.7094376926 	48: 2.7636933446 	49: 2.8153749201 
	50: 2.9661233533 	51: 3.0033731263 	52: 3.1800738331 	53: 3.4267994848 


	-Mulliken Population Analysis for SCF:
	 1: -0.3095851128 	 2: 0.0558319682 	 3: 0.0092668453 	 4: 0.0328599677 	 5: 0.0329247283 
	 6: 0.0908822228 	 7: 0.0878193804 

	-Lowdin Population Analysis for SCF:  
	 1: -0.0723608406 	 2: -0.0313321492 	 3: -0.0001876720 	 4: 0.0185895406 	 5: 0.0186147423 
	 6: 0.0340459508 	 7: 0.0326304281 

	-Electronic Dipole Moment: (e a0)  
	 X:  -1.01504   Y:  0.00333   Z:  -0.28967   Total:  1.05557 

	-Electronic Dipole Moment: (D)  
	 X:  -2.57998   Y:  0.00846   Z:  -0.73627   Total:  2.68300 

	-Total Dipole Moment: (e a0)  
	 X:  0.09013   Y:  0.00333   Z:  0.52736   Total:  0.53502 

	-Total Dipole Moment: (D)  
	 X:  0.22909   Y:  0.00845   Z:  1.34041   Total:  1.35987 



	Initializing Liboeprop (by U. Bozkaya) ...


	-Mulliken Population Analysis for SCF-IAO:
	 1: -0.5751201345 	 2: -0.2278369578 	 3: 0.0907588090 	 4: 0.1236797405 	 5: 0.1237332345 
	 6: 0.2336256881 	 7: 0.2312210179 

	-Lowdin Population Analysis for SCF-IAO:  
	 1: -0.5751201345 	 2: -0.2278369578 	 3: 0.0907588090 	 4: 0.1236797405 	 5: 0.1237332345 
	 6: 0.2336256881 	 7: 0.2312210179 

	Initializing Liblocal (by U. Bozkaya) ...
  ==> Pipek-Mezey Localizer <==

    Convergence =   1.000E-08
    Maxiter     =          50

    Iteration                   Metric       Residual
    PM    0   7.5425668115461795E+00              -
    PM    1   1.1218875581258720E+01   4.874082E-01
    PM    2   1.1576109572752882E+01   3.184223E-02
    PM    3   1.1579168758629857E+01   2.642672E-04
    PM    4   1.1579187516585938E+01   1.619974E-06
    PM    5   1.1579187640062692E+01   1.066368E-08
    PM    6   1.1579187640567389E+01   4.358654E-11

    PM Localizer converged.



	*Molecular contr. to CDS energy:       0.0000  kcal/mol
	*Total CDS energy:       1.0350  kcal/mol
	*SCF::Polarization Free Energy (au)      : -0.0024562572 
	*SCF::Polarization Free Energy (kcal/mol):      -1.5413 
	*SCF::CDS Free Energy (au)      : 0.0016493284 
	*SCF::CDS Free Energy (kcal/mol):       1.0350 
	*SCF::Total Solvation Free Energy (au)      : -0.0008069288 
	*SCF::Total Solvation Free Energy (kcal/mol):      -0.5064 
 CC-PVDZ primary basis set file will be read for the N atom...
 CC-PVDZ primary basis set file will be read for the C atom...
 CC-PVDZ primary basis set file will be read for the H atom...
 Nmaxthread: 12 
 Nshell: 27 
 Lmax:  2 
 Npmax:  8 
 Nao: 53 
 Ndocc:  9 
 Nsocc:  0 
 NoccA:  9 
 NoccB:  9 
 Primary basis set info has been read.

 CC-PVDZ-JKFIT aux basis set file will be read for the N atom...
 CC-PVDZ-JKFIT aux basis set file will be read for the C atom...
 CC-PVDZ-JKFIT aux basis set file will be read for the H atom...
 Nshell_aux: 93 
 Naux: 255 
 Aux basis set info has been read.


	*Total SCF Energy: -95.22153107622182

 Cpu time for SCF :       0.7123 minutes
 Wall time for SCF:       0.2182 minutes


	MO spaces... 

	 FC   OCC   VIR   FV 
	----------------------
	  2    7    44    0


	Libtrans is initialized (by U. Bozkaya) ...

 ============================================================================== 
 ============================================================================== 
 ============================================================================== 

                       DF-MP2   
              Program Written by Ugur Bozkaya
              Latest Revision May 2, 2021

 ============================================================================== 
 ============================================================================== 
 ============================================================================== 

	For this residual convergence, default PCG convergence is:     1.00e-07
    Warning: "PCG_CONVERGENCE" option is changed to     1.00e-07


  ## DFOCC Options ##

  | TYPE         | KEY                      | INPUT? | VALUE              | DEFAULT            
  |--------------|--------------------------|--------|--------------------|--------------------
  | BOOL         | EOM                      | NO     | FALSE              | FALSE              
  | BOOL         | EOM_MP2                  | NO     | FALSE              | FALSE              
  | BOOL         | EOM_MP3                  | NO     | FALSE              | FALSE              
  | BOOL         | EOM_MP2_5                | NO     | FALSE              | FALSE              
  | BOOL         | EOM_LCCD                 | NO     | FALSE              | FALSE              
  | BOOL         | LOW_MEM_MP2              | NO     | FALSE              | FALSE              
  | BOOL         | LOW_MEM_MP3              | NO     | FALSE              | FALSE              
  | BOOL         | CD_PRESCREEN             | NO     | FALSE              | FALSE              
  | DOUBLE       | CIS_E_CONV               | NO     | 1e-06              | 1e-06              
  | DOUBLE       | CIS_R_CONV               | NO     | 1e-06              | 1e-06              
  | DOUBLE       | CIS_RES_PRECONDITION_TOL | NO     | 0.0001             | 0.0001             
  | DOUBLE       | DAVIDSON_TOLERANCE       | NO     | 1e-06              | 1e-06              
  | DOUBLE       | E3_SCALE                 | NO     | 0.25               | 0.25               
  | DOUBLE       | E_CONVERGENCE            | NO     | 1e-06              | 1e-06              
  | DOUBLE       | JK_MEMORY                | NO     | 1000000000.0       | 1000000000.0       
  | DOUBLE       | LEVEL_SHIFT              | NO     | 0.02               | 0.02               
  | DOUBLE       | MAX_MOGRAD_CONVERGENCE   | NO     | 0.001              | 0.001              
  | DOUBLE       | MO_STEP_MAX              | NO     | 0.5                | 0.5                
  | DOUBLE       | MP2_OS_SCALE             | NO     | 1.2                | 1.2                
  | DOUBLE       | MP2_SOS_SCALE            | NO     | 1.3                | 1.3                
  | DOUBLE       | MP2_SOS_SCALE2           | NO     | 1.2                | 1.2                
  | DOUBLE       | MP2_SS_SCALE             | NO     | 0.3333333333333333 | 0.3333333333333333 
  | DOUBLE       | OCC_PERCENTAGE           | NO     | 99.0               | 99.0               
  | DOUBLE       | OCC_TOLERANCE            | NO     | 1e-05              | 1e-05              
  | DOUBLE       | OO_SCALE                 | NO     | 0.01               | 0.01               
  | DOUBLE       | PCG_CONVERGENCE          | NO     | 1e-06              | 1e-06              
  | DOUBLE       | R_CONVERGENCE            | NO     | 1e-05              | 1e-05              
  | DOUBLE       | REG_PARAM                | NO     | 0.4                | 0.4                
  | DOUBLE       | KAPPA_REG_PARAM          | NO     | 1.1                | 1.1                
  | DOUBLE       | RMS_MOGRAD_CONVERGENCE   | NO     | 1e-06              | 1e-06              
  | DOUBLE       | SCG_TOLERANCE            | NO     | 1e-06              | 1e-06              
  | DOUBLE       | SCHMIDT_ADD_RES_TOL      | NO     | 0.001              | 0.001              
  | INT          | ACTIVE_NAT_ORBS          | NO     | 2                  | 2                  
  | INT          | CC_DIIS_MAX_VECS         | NO     | 6                  | 6                  
  | INT          | CC_DIIS_MIN_VECS         | NO     | 2                  | 2                  
  | INT          | CC_MAXITER               | NO     | 50                 | 50                 
  | INT          | CUTOFF                   | NO     | 8                  | 8                  
  | INT          | EXCITATION_RANGE         | NO     | 2                  | 2                  
  | INT          | FOLLOW_ROOT              | NO     | 1                  | 1                  
  | INT          | INTEGRAL_CUTOFF          | NO     | 9                  | 9                  
  | INT          | MAX_VECS                 | NO     | 50                 | 50                 
  | INT          | MO_DIIS_NUM_VECS         | NO     | 6                  | 6                  
  | INT          | MO_MAXITER               | NO     | 50                 | 50                 
  | INT          | NUM_ROOTS                | NO     | 4                  | 4                  
  | INT          | PCG_MAXITER              | NO     | 50                 | 50                 
  | INT          | PRINT_LEVEL              | NO     | 0                  | 0                  
  | INT          | VECS_PER_ROOT            | NO     | 1                  | 1                  
  | STRING       | CC_LAMBDA                | NO     | FALSE              | FALSE              
  | STRING       | CHOLESKY                 | NO     | FALSE              | FALSE              
  | STRING       | CIS_ALGORITHM            | NO     | MO_BASIS           | MO_BASIS           
  | STRING       | CIS_GUESS_COEFF          | NO     | MIX                | MIX                
  | STRING       | COMPUT_S2                | NO     | FALSE              | FALSE              
  | STRING       | DIAG_METHOD              | NO     | DAVIDSON           | DAVIDSON           
  | STRING       | DO_DIIS                  | NO     | TRUE               | TRUE               
  | STRING       | DO_LEVEL_SHIFT           | NO     | TRUE               | TRUE               
  | STRING       | DO_SCS                   | NO     | FALSE              | FALSE              
  | STRING       | DO_SOS                   | NO     | FALSE              | FALSE              
  | STRING       | EKT_IP                   | NO     | FALSE              | FALSE              
  | STRING       | FREEZE_CORE              | NO     | TRUE               | TRUE               
  | STRING       | HESS_TYPE                | NO     | HF                 | HF                 
  | STRING       | JK_TYPE                  | NO     | DIRECT             | DIRECT             
  | STRING       | LINEQ_SOLVER             | NO     | CDGESV             | CDGESV             
  | STRING       | MO_READ                  | NO     | FALSE              | FALSE              
  | STRING       | MO_WRITE                 | NO     | FALSE              | FALSE              
  | STRING       | MP2_AMP_TYPE             | NO     | DIRECT             | DIRECT             
  | STRING       | NAT_ORBS                 | NO     | FALSE              | FALSE              
  | STRING       | NBO                      | NO     | TRUE               | TRUE               
  | STRING       | OCC_ORBS_PRINT           | NO     | FALSE              | FALSE              
  | STRING       | OEPROP                   | NO     | FALSE              | FALSE              
  | STRING       | OPT_METHOD               | NO     | QNR                | QNR                
  | STRING       | ORB_RESP_SOLVER          | NO     | PCG                | PCG                
  | STRING       | ORTH_TYPE                | NO     | MGS                | MGS                
  | STRING       | PCG_BETA_TYPE            | NO     | FLETCHER_REEVES    | FLETCHER_REEVES    
  | STRING       | PPL_TYPE                 | NO     | AUTO               | AUTO               
  | STRING       | PRINT_CI_VECS            | NO     | FALSE              | FALSE              
  | STRING       | QCHF                     | NO     | FALSE              | FALSE              
  | STRING       | READ_SCF_3INDEX          | NO     | TRUE               | TRUE               
  | STRING       | REGULARIZATION           | NO     | FALSE              | FALSE              
  | STRING       | REG_TYPE                 | NO     | NORMAL             | NORMAL             
  | STRING       | SCS_TYPE                 | NO     | SCS                | SCS                
  | STRING       | SOS_TYPE                 | NO     | SOS                | SOS                
  | STRING       | TRIPLES_IABC_TYPE        | NO     | DISK               | DISK               
  | STRING       | UNIT_GUESS_TYPE          | NO     | GEN                | GEN                
  | STRING       | EKT_NEGATIVE_OCC         | NO     | ABS                | ABS                
  | BOOL         | SOLVATION                | YES    | TRUE               | FALSE              

	MO spaces... 

	 FC   OCC   VIR   FV 
	----------------------
	  2    7    44    0
 CC-PVDZ primary basis set file will be read for the N atom...
 CC-PVDZ primary basis set file will be read for the C atom...
 CC-PVDZ primary basis set file will be read for the H atom...
 Nmaxthread: 12 
 Nshell: 27 
 Lmax:  2 
 Npmax:  8 
 Nao: 53 
 Ndocc:  9 
 Nsocc:  0 
 NoccA:  9 
 NoccB:  9 
 Primary basis set info has been read.

 CC-PVDZ-RI aux basis set file will be read for the N atom...
 CC-PVDZ-RI aux basis set file will be read for the C atom...
 CC-PVDZ-RI aux basis set file will be read for the H atom...
 Nshell_aux: 66 
 Naux: 182 
 Aux basis set info has been read.

 Cpu time for Metric ints :       0.0300 s
 Wall time for Metric ints:       0.0229 s
 3-Index Algorithm: AUTO 

 Calling fortran integrals: ringing... 
 Done with fintegrals.

 Cpu time for 3-index ints :       0.4700 s
 Wall time for 3-index ints:       0.1177 s
 Cpu time for df-factors :       0.0100 s
 Wall time for df-factors:       0.0031 s
 CC-PVDZ primary basis set file will be read for the N atom...
 CC-PVDZ primary basis set file will be read for the C atom...
 CC-PVDZ primary basis set file will be read for the H atom...
 Nmaxthread: 12 
 Nshell: 27 
 Lmax:  2 
 Npmax:  8 
 Nao: 53 
 Ndocc:  9 
 Nsocc:  0 
 NoccA:  9 
 NoccB:  9 
 Primary basis set info has been read.

 CC-PVDZ-JKFIT aux basis set file will be read for the N atom...
 CC-PVDZ-JKFIT aux basis set file will be read for the C atom...
 CC-PVDZ-JKFIT aux basis set file will be read for the H atom...
 Nshell_aux: 93 
 Naux: 255 
 Aux basis set info has been read.

	Reading DF integrals from disk ...
 Cpu time for Metric ints :       0.2500 s
 Wall time for Metric ints:       0.0646 s
	Number of basis functions in the DF-HF basis: 255
	Number of basis functions in the DF-CC basis: 182

	Available memory                      :  30000.00 MB 
	Minimum required memory for amplitudes:      2.28 MB 
	Memory requirement for B-CC (Q|mu nu) :      4.09 MB 
	Memory requirement for B-CC (Q|ab)    :      2.82 MB 
	Memory requirement for DF-CC int trans:      7.49 MB 

	Computing DF-MP2 energy using SCF MOs (Canonical DF-MP2)... 
	======================================================================= 
	Nuclear Repulsion Energy (a.u.)    :    42.00756186115583
	DF-HF Energy (a.u.)                :   -95.22153107622182
	REF Energy (a.u.)                  :   -95.22153107622182
	DF-MP2 Correlation Energy (a.u.)   :    -0.32703742955426
	DF-MP2 Total Energy (a.u.)         :   -95.54856850577607
	======================================================================= 

	*Total MP2 Energy: -95.54856850577607

	Computing unrelaxed response density matrices...
	Number of independent-pairs: 396
	Computing the generalized Fock matrix (GFM)...
	Computing the orbital gradient...
	Forming effective orbital gradient...
	Solving orbital Z-vector equations...

	            PCG Solver 
	   ------------------------------ 
	Iter     RMS Z Vector        RMS Residual  
	----    ---------------    ---------------
	  1         1.39e-03         6.77e-04
	  2         3.90e-04         2.18e-04
	  3         8.62e-05         5.98e-05
	  4         4.66e-05         1.40e-05
	  5         6.06e-06         2.97e-06
	  6         1.09e-06         5.36e-07
	  7         2.46e-07         1.10e-07
	  8         4.89e-08         2.89e-08

	Computing the relaxed PDMs and GFM...
	Compute solv. is starting ...

	Initializing Liboeprop (by U. Bozkaya) ...


	-Mulliken Population Analysis for MP2-IAO:
	 1: -0.3803568593 	 2: -0.1186474931 	 3: 0.0505044856 	 4: 0.0903763233 	 5: 0.0904292383 
	 6: 0.1848010723 	 7: 0.1822985458 

	-Lowdin Population Analysis for MP2-IAO:  
	 1: -0.3803568593 	 2: -0.1186474931 	 3: 0.0505044856 	 4: 0.0903763233 	 5: 0.0904292383 
	 6: 0.1848010723 	 7: 0.1822985458 


  ## SOLVATION Options ##

  | TYPE         | KEY                      | INPUT? | VALUE              | DEFAULT            
  |--------------|--------------------------|--------|--------------------|--------------------
  | INT          | NUM_Z_POINTS             | NO     | 90                 | 90                 
  | INT          | NUM_ANG_POINTS           | YES    | 100                | 100                
  | STRING       | SASA_TYPE                | YES    | NUMERIC            | NUMERIC            
  | STRING       | CHARGE_TYPE              | YES    | IAO_MULLIKEN       | IAO_MULLIKEN       
  | STRING       | CDS_TYPE                 | YES    | SMD                | SMD                
  | STRING       | SOLVENT                  | YES    | WATER              | WATER              
  | STRING       | SOLVENT_PARAMS           | YES    | MN21               | SM8                
  | STRING       | DIELECTRIC_PARAMS        | YES    | MN21               | MN21               
  | STRING       | COULOMB_RADII            | YES    | SMD                | SMD                
  | DOUBLE       | COVALENT_VW_CONST        | NO     | 0.76               | 0.76               
  | DOUBLE       | SOLVENT_RADIUS           | NO     | 0.4                | 0.4                
  | STRING       | RADIUS_TYPE              | YES    | SMD                | SMD                
  | DOUBLE       | GB_DIJ                   | NO     | 3.7                | 3.7                
  | DOUBLE       | GB_SIJ                   | NO     | 0.75               | 0.75               
  | DOUBLE       | GB_CIJ                   | NO     | 0.0                | 0.0                
  | DOUBLE       | F_PWSASA                 | NO     | 0.4535             | 0.4535             
  | DOUBLE       | SCALE_VDW                | NO     | 1.0                | 1.0                
  | DOUBLE       | SCALE_CR                 | NO     | 1.0                | 1.0                



 Sasa Type                  : NUMERIC 
 Charge Type                : IAO_MULLIKEN 
 CDS Type                   : SMD 
 Radius Type                : SMD 
 Solvent                    : WATER 
 Solvent Parameters         : MN21 
 Dielectric Parameters      : MN21 
 Coulomb Radii Parameters   : SMD 
 GB d_ij parameter          : 3.7000000000 
 GB S_ij parameter          : 0.7500000000 
 GB C_ij parameter          : 0.0000000000 
 Sclae_vdw parameter        : 1.0000000000 
 Number of z-points         : 90 
 Number of angular points   : 100 
 Number of SASA grid points : 17902 
 Solvent Dielectric Constant: 78.3553000000 

 VDW Radii:
	  1 N :       1.5500  ang
	  2 C :       1.7000  ang
	  3 H :       1.2000  ang
	  4 H :       1.2000  ang
	  5 H :       1.2000  ang
	  6 H :       1.2000  ang
	  7 H :       1.2000  ang

	 Computing SASA... 

 Atomic SASA values:
	  1 N :      12.1474  ang^2
	  2 C :      10.8532  ang^2
	  3 H :      13.1271  ang^2
	  4 H :      12.9672  ang^2
	  5 H :      12.9690  ang^2
	  6 H :      14.0130  ang^2
	  7 H :      14.0130  ang^2

	*Total SASA (angs^2): 90.0898829591 


 Coulomb Radii:
	  1 N :       1.8900  ang
	  2 C :       1.8500  ang
	  3 H :       1.2000  ang
	  4 H :       1.2000  ang
	  5 H :       1.2000  ang
	  6 H :       1.2000  ang
	  7 H :       1.2000  ang
 Solvent Alpha                       : 1.1700000000 

 ## Effective Born Radius (bohr) ##
   0   3.8340436367 
   1   3.7400341762 
   2   3.0552097003 
   3   3.0628264554 
   4   3.0628277102 
   5   3.0180186956 
   6   3.0180198414 

 Effective Born Radii:
	  1 N :       2.0289  ang
	  2 C :       1.9791  ang
	  3 H :       1.6167  ang
	  4 H :       1.6208  ang
	  5 H :       1.6208  ang
	  6 H :       1.5971  ang
	  7 H :       1.5971  ang


 Coulomb Integrals:
	  1  1 :       0.2608  bohr^-1
	  1  2 :       0.2232  bohr^-1
	  1  3 :       0.2008  bohr^-1
	  1  4 :       0.2048  bohr^-1
	  1  5 :       0.2048  bohr^-1
	  1  6 :       0.2646  bohr^-1
	  1  7 :       0.2646  bohr^-1
	  2  1 :       0.2232  bohr^-1
	  2  2 :       0.2674  bohr^-1
	  2  3 :       0.2615  bohr^-1
	  2  4 :       0.2616  bohr^-1
	  2  5 :       0.2616  bohr^-1
	  2  6 :       0.2091  bohr^-1
	  2  7 :       0.2091  bohr^-1
	  3  1 :       0.2008  bohr^-1
	  3  2 :       0.2615  bohr^-1
	  3  3 :       0.3273  bohr^-1
	  3  4 :       0.2361  bohr^-1
	  3  5 :       0.2361  bohr^-1
	  3  6 :       0.1933  bohr^-1
	  3  7 :       0.1933  bohr^-1
	  4  1 :       0.2048  bohr^-1
	  4  2 :       0.2616  bohr^-1
	  4  3 :       0.2361  bohr^-1
	  4  4 :       0.3265  bohr^-1
	  4  5 :       0.2369  bohr^-1
	  4  6 :       0.1970  bohr^-1
	  4  7 :       0.1699  bohr^-1
	  5  1 :       0.2048  bohr^-1
	  5  2 :       0.2616  bohr^-1
	  5  3 :       0.2361  bohr^-1
	  5  4 :       0.2369  bohr^-1
	  5  5 :       0.3265  bohr^-1
	  5  6 :       0.1699  bohr^-1
	  5  7 :       0.1970  bohr^-1
	  6  1 :       0.2646  bohr^-1
	  6  2 :       0.2091  bohr^-1
	  6  3 :       0.1933  bohr^-1
	  6  4 :       0.1970  bohr^-1
	  6  5 :       0.1699  bohr^-1
	  6  6 :       0.3313  bohr^-1
	  6  7 :       0.2478  bohr^-1
	  7  1 :       0.2646  bohr^-1
	  7  2 :       0.2091  bohr^-1
	  7  3 :       0.1933  bohr^-1
	  7  4 :       0.1699  bohr^-1
	  7  5 :       0.1970  bohr^-1
	  7  6 :       0.2478  bohr^-1
	  7  7 :       0.3313  bohr^-1


	*Molecular contr. to CDS energy:       0.0000  kcal/mol
	*Total CDS energy:       1.0350  kcal/mol
	*MP2::Polarization Free Energy (au)      : -0.0020773551 
	*MP2::Polarization Free Energy (kcal/mol):      -1.3036 
	*MP2::CDS Free Energy (au)      : 0.0016493284 
	*MP2::CDS Free Energy (kcal/mol):       1.0350 
	*MP2::Total Solvation Free Energy (au)      : -0.0004280267 
	*MP2::Total Solvation Free Energy (kcal/mol):      -0.2686 
	GB-MP2 Total Energy (a.u.)         :   -95.54899653243523

	*Total GB-MP2 Energy: -95.54856850577607


 Cpu time for MacroQC :       0.8368 minutes
 Wall time for MacroQC:       0.2626 minutes


 ******************************************************************************************
	 MacroQC terminates normally:) 
 ****************************************************************************************** 

