 ==========================================================================================
 =========                __  ___                         ____  ______            =========
 ======                  /  |/  /___ _______________     / __ \/ ____/               ======
 ====                   / /|_/ / __ `/ ___/ ___/ __ \   / / / / /                      ====
 ===                   / /  / / /_/ / /__/ /  / /_/ /  / /_/ / /___                     ===
 ==                   /_/  /_/\__,_/\___/_/   \____/   \___\_\____/                      ==
 ===                                                                1.0.4                ===
 =====     An electronic structure theory software for large-scale applications       =====
 ======                                 See license.txt for license info             ======
 =========                                                                        =========
 ==========================================================================================
                                                                                           
                           * * * * * * * * * * * * * * * * * * * *                        
                           *            Developed by             *                        
                           *             U. Bozkaya              *                        
                           *                                     *                        
                           *       With contributions from:      *                        
                           *         B. Ermis, Y. Alagoz,        *                        
                           *         A. Unal, and A. K. Uyar     *                        
                           *         Git Version: deab493        *                        
                           *       Latest Revision: 2026-03-23   *                        
                           * * * * * * * * * * * * * * * * * * * *                        


 Run date: Wed Mar 25 08:53:51 2026
 
 Hostname: ub15 

 ## MacroQC input file ##
 ******************************************************************************************
$set_molecule
0 1
O       0.0017298098     1.3923037370    -0.2858352606
N      -0.0017029880    -1.3616182552     0.3213173423
C       1.2037556336    -0.7178987876    -0.1982809400
C      -1.2055699958    -0.7149606953    -0.1982971445
C       1.1772605216     0.7517037883     0.1952545412
C      -1.1753508085     0.7545649789     0.1952915336
H       1.2823937617    -0.7855700447    -1.2951722375
H       2.0838539864    -1.1975689068     0.2344580752
H      -2.0869281158    -1.1923422900     0.2344129219
H      -1.2844207769    -0.7824222081    -1.2952033952
H       1.2289391904     0.8376191959     1.2883938182
H       2.0197378868     1.2876515026    -0.2408528696
H      -2.0164506329     1.2927493996    -0.2407144077
H      -1.2266800433     0.8405197184     1.2884358752
H      -0.0029349246    -2.3481941820     0.0998949672
$end_molecule


$set_globals
   basis cc-pvdz
  method mp2
  reference rhf
  jobtype energy
  memory 30000
$end_globals


$set_scf
  e_convergence 1.0e-8
  d_convergence 1.0e-6
  guess sad
  solvation true
$end_scf


$set_solvation
  cds_type smd
  radius_type smd
  solvent_params mn21
  dielectric_params mn21
  sasa_type numeric
  solvent water
  num_ang_points 100
  charge_type iao_mulliken
  coulomb_radii smd
$end_solvation

$set_dfocc
solvation true
$end_dfocc

 ******************************************************************************************


	-Geometry before Center-of-Mass shift (ang): 
	 Number     Atom               X                    Y                       Z  
	 ---------------------------------------------------------------------------------------
           1     O             0.0017298098          1.3923037370          -0.2858352606  
           2     N            -0.0017029880         -1.3616182552           0.3213173423  
           3     C             1.2037556336         -0.7178987876          -0.1982809400  
           4     C            -1.2055699958         -0.7149606953          -0.1982971445  
           5     C             1.1772605216          0.7517037883           0.1952545412  
           6     C            -1.1753508085          0.7545649789           0.1952915336  
           7     H             1.2823937617         -0.7855700447          -1.2951722375  
           8     H             2.0838539864         -1.1975689068           0.2344580752  
           9     H            -2.0869281158         -1.1923422900           0.2344129219  
          10     H            -1.2844207769         -0.7824222081          -1.2952033952  
          11     H             1.2289391904          0.8376191959           1.2883938182  
          12     H             2.0197378868          1.2876515026          -0.2408528696  
          13     H            -2.0164506329          1.2927493996          -0.2407144077  
          14     H            -1.2266800433          0.8405197184           1.2884358752  
          15     H            -0.0029349246         -2.3481941820           0.0998949672  



	-Geometry after Center-of-Mass shift (ang): 
	 Atom               X                    Y                       Z  
	 -------------------------------------------------------------------
     O           0.0017016003          1.3691004937          -0.2850240009  
     N          -0.0017311975         -1.3848214985           0.3221286020  
     C           1.2037274241         -0.7411020309          -0.1974696803  
     C          -1.2055982053         -0.7381639386          -0.1974858848  
     C           1.1772323121          0.7285005450           0.1960658009  
     C          -1.1753790180          0.7313617356           0.1961027933  
     H           1.2823655522         -0.8087732880          -1.2943609778  
     H           2.0838257769         -1.2207721501           0.2352693349  
     H          -2.0869563253         -1.2155455333           0.2352241816  
     H          -1.2844489864         -0.8056254514          -1.2943921355  
     H           1.2289109809          0.8144159526           1.2892050779  
     H           2.0197096773          1.2644482593          -0.2400416099  
     H          -2.0164788424          1.2695461563          -0.2399031480  
     H          -1.2267082528          0.8173164751           1.2892471349  
     H          -0.0029631341         -2.3713974253           0.1007062269  


	-Geometry after Center-of-Mass shift (bohr): 
	 Atom               X                    Y                       Z  
	 -------------------------------------------------------------------
     O           0.0032155586          2.5872249713          -0.5386173008  
     N          -0.0032714891         -2.6169333649           0.6087348350  
     C           2.2747151613         -1.4004798695          -0.3731636138  
     C          -2.2782504253         -1.3949276797          -0.3731942358  
     C           2.2246466560          1.3766665122           0.3705106663  
     C          -2.2211444376          1.3820733789           0.3705805719  
     H           2.4233196864         -1.5283600120          -2.4459877554  
     H           3.9378600116         -2.3069250253           0.4445946088  
     H          -3.9437758906         -2.2970481510           0.4445092814  
     H          -2.4272568064         -1.5224114629          -2.4460466350  
     H           2.3223051865          1.5390231025           2.4362445169  
     H           3.8166981431          2.3894609098          -0.4536129013  
     H          -3.8105927499          2.3990945390          -0.4533512463  
     H          -2.3181426336          1.5445042957           2.4363239931  
     H          -0.0055995119         -4.4812916685           0.1903071880  


    Rotational Constants: A =     0.16389  B =     0.15483  C =      0.08931 [cm^-1] 
    Rotor Type: SYMMETRIC 

	-Nuclear Dipole Moment: (e a0)  
	 X:  -0.00256   Y:  -2.10469   Z:  0.07359   Total:  2.10598 

	-Nuclear Dipole Moment: (D)  
	 X:  -0.00650   Y:  -5.34960   Z:  0.18704   Total:  5.35287 


    Nuclear repulsion energy (V_NN)              : 263.361471644629 
   =====================================================
   Charge                : 0 
   Multiplicity          : 1 
   Number of Atoms       : 15 
   Number of Ghost Atoms : 0 
   Number of Electrons   : 48 
   Number of alpha occupied orbitals (NoccA)  : 24 
   Number of beta occupied orbitals (NoccB)   : 24 
   Number of singly occupied orbitals (Nsocc) : 0 
   Number of doubly occupied orbitals (Ndocc) : 24 
   =====================================================



  ## GLOBALS Options ##

  | TYPE         | KEY                      | INPUT? | VALUE              | DEFAULT            
  |--------------|--------------------------|--------|--------------------|--------------------
  | BOOL         | ERI_DISK                 | NO     | FALSE              | FALSE              
  | BOOL         | FREEZE_CORE              | NO     | TRUE               | TRUE               
  | BOOL         | MOL_FRAG                 | NO     | FALSE              | FALSE              
  | BOOL         | NOCOM                    | NO     | FALSE              | FALSE              
  | BOOL         | NOREORIENT               | NO     | TRUE               | TRUE               
  | BOOL         | PUREAM                   | NO     | TRUE               | TRUE               
  | BOOL         | ML                       | NO     | FALSE              | FALSE              
  | BOOL         | READ_PDB                 | NO     | FALSE              | FALSE              
  | BOOL         | TEST_MODE                | NO     | FALSE              | FALSE              
  | INT          | DERIVE_LEVEL             | NO     | 0                  | 0                  
  | INT          | FINDIF_POINTS            | NO     | 3                  | 3                  
  | INT          | MEMORY                   | YES    | 30000              | 2000               
  | INT          | NUM_THREADS              | NO     | 1                  | 1                  
  | INT          | NUM_FROZEN_DOCC          | NO     | 0                  | 0                  
  | INT          | NUM_FROZEN_VIR           | NO     | 0                  | 0                  
  | INT          | PRINT_LEVEL              | NO     | 0                  | 0                  
  | STRING       | AUX_BASIS_CORR           | NO     | CC-PVDZ-RI         | CC-PVDZ-RI         
  | STRING       | AUX_BASIS_SCF            | NO     | CC-PVDZ-JKFIT      | CC-PVDZ-JKFIT      
  | STRING       | BASIS                    | YES    | CC-PVDZ            | CC-PVDZ            
  | STRING       | BASIS2                   | NO     | MINAO              | MINAO              
  | STRING       | DERIVE_TYPE              | NO     | ANALYTIC           | ANALYTIC           
  | STRING       | FINDIF_METHOD            | NO     | GRAD               | GRAD               
  | STRING       | GEOM_UNITS               | NO     | ANG                | ANG                
  | STRING       | JOBTYPE                  | YES    | ENERGY             | ENERGY             
  | STRING       | METHOD                   | YES    | MP2                | SCF                
  | STRING       | REFERENCE                | YES    | RHF                | RHF                
  | STRING       | OUTFILE_MODE             | NO     | NEW                | NEW                
  | DOUBLE       | STEP_BOHR                | NO     | 0.05               | 0.05               
  | STR_ARRAY    | MOLECULE_GEOM_FROM       | NO     | [input]            | [input]            
  | DOUBLE_ARRAY | ELECTRIC_STRENGTH        | NO     | [0.001;0.001;0.001]| [0.001;0.001;0.001]
  | STRING       | ELECTRIC_FIELD           | NO     | NONE               | NONE               
  | STRING       | ALIGN_TWO_ATOMS          | NO     | NONE               | NONE               
  | INT_ARRAY    | TWO_ATOMS                | NO     | [0]                | [0]                



  ## INTS Options ##

  | TYPE         | KEY                      | INPUT? | VALUE              | DEFAULT            
  |--------------|--------------------------|--------|--------------------|--------------------
  | DOUBLE       | BOYS_CUTOFF              | NO     | 1e-15              | 1e-15              
  | DOUBLE       | BOYS_ZERO                | NO     | 1e-06              | 1e-06              
  | DOUBLE       | DELTA_X                  | NO     | 0.1                | 0.1                
  | DOUBLE       | INTEGRAL_CUTOFF          | NO     | 1e-10              | 1e-10              
  | DOUBLE       | X_MAX                    | NO     | 30.0               | 30.0               
  | INT          | BOYS_MAXITER             | NO     | 10000              | 10000              
  | INT          | MAX_AM                   | NO     | 7                  | 7                  
  | INT          | MAX_AM_AUX               | NO     | 7                  | 7                  
  | INT          | PRINT_LEVEL              | NO     | 0                  | 0                  
  | INT          | TAYLOR_ORDER             | NO     | 6                  | 6                  
  | STRING       | 3INDEX_ALGORITHM         | NO     | AUTO               | AUTO               
  | STRING       | BOYS_METHOD              | NO     | GHP                | GHP                
  | STRING       | ERI_ALGORITHM            | NO     | MD4                | MD4                


	Initializing Liboeprop (by U. Bozkaya) ...

	*=================================================================*
	*                  SCF                                            *
	*   Developed by U. Bozkaya & Y. Alagoz                           *
	*   Latest revision Feb 16, 2021                                  *
	*=================================================================*



  ## SCF Options ##

  | TYPE         | KEY                      | INPUT? | VALUE              | DEFAULT            
  |--------------|--------------------------|--------|--------------------|--------------------
  | BOOL         | DIIS_DAMP                | NO     | FALSE              | FALSE              
  | BOOL         | DIE_IF_NOT_CONVERGED     | NO     | TRUE               | TRUE               
  | BOOL         | DO_DF                    | NO     | TRUE               | TRUE               
  | BOOL         | DIIS                     | NO     | TRUE               | TRUE               
  | BOOL         | FOCK_DAMP                | NO     | FALSE              | FALSE              
  | BOOL         | GUESS_MIX                | NO     | FALSE              | FALSE              
  | BOOL         | GUESS_PREVIOUS           | NO     | FALSE              | FALSE              
  | BOOL         | LOCAL                    | NO     | FALSE              | FALSE              
  | BOOL         | RETRY                    | NO     | TRUE               | TRUE               
  | DOUBLE       | CUTOFF                   | NO     | 1e-10              | 1e-10              
  | DOUBLE       | D_CONVERGENCE            | YES    | 1e-06              | 1e-06              
  | DOUBLE       | DAMP_PARAM               | NO     | 0.02               | 0.02               
  | DOUBLE       | E_CONVERGENCE            | YES    | 1e-08              | 1e-08              
  | DOUBLE       | FOCK_DAMP_PERC           | NO     | 20.0               | 20.0               
  | DOUBLE       | MIN_OVERLAP_EIGVAL       | NO     | 1e-06              | 1e-06              
  | DOUBLE       | LOCAL_CONVERGENCE        | NO     | 1e-08              | 1e-08              
  | DOUBLE       | QC_GUESS_E_CONVERGENCE   | NO     | 0.0001             | 0.0001             
  | DOUBLE       | QC_GUESS_D_CONVERGENCE   | NO     | 0.005              | 0.005              
  | INT          | MAX_DIIS                 | NO     | 6                  | 6                  
  | INT          | MIN_DIIS                 | NO     | 2                  | 2                  
  | INT          | PRINT_LEVEL              | NO     | 0                  | 0                  
  | INT          | SCF_MAXITER              | NO     | 50                 | 50                 
  | INT          | LOCAL_MAXITER            | NO     | 50                 | 50                 
  | STRING       | DIIS_ALGORITHM           | NO     | DISK               | DISK               
  | STRING       | GUESS                    | YES    | SAD                | SAD                
  | BOOL         | MO_WRITE                 | NO     | FALSE              | FALSE              
  | BOOL         | FOCK_WRITE               | NO     | FALSE              | FALSE              
  | STRING       | ORTH_TYPE                | NO     | CANONICAL          | CANONICAL          
  | STRING       | ROHF_CANONIC_TYPE        | NO     | GUEST              | GUEST              
  | STRING       | ERI                      | NO     | INCORE             | INCORE             
  | STRING       | SCF_ALGORITHM            | NO     | ROOTHAAN           | ROOTHAAN           
  | STRING       | LOCAL_TYPE               | NO     | BOYS               | BOYS               
  | BOOL         | SAD_FRAC_OCC             | NO     | TRUE               | TRUE               
  | BOOL         | SAD_SPIN_AVERAGE         | NO     | TRUE               | TRUE               
  | DOUBLE       | SAD_E_CONVERGENCE        | NO     | 1e-05              | 1e-05              
  | DOUBLE       | SAD_D_CONVERGENCE        | NO     | 1e-05              | 1e-05              
  | INT          | SAD_MAXITER              | NO     | 50                 | 50                 
  | BOOL         | NIE                      | NO     | FALSE              | FALSE              
  | BOOL         | SAD_DIIS                 | NO     | TRUE               | TRUE               
  | INT          | SAD_MAX_DIIS             | NO     | 6                  | 6                  
  | INT          | SAD_MIN_DIIS             | NO     | 2                  | 2                  
  | INT          | SAD_PRINT                | NO     | 0                  | 0                  
  | STRING       | SAD_AUX_BASIS            | NO     | SAD-FIT            | SAD-FIT            
  | DOUBLE       | SAD_CHOLESKY_TOLERANCE   | NO     | 1e-07              | 1e-07              
  | BOOL         | SOLVATION                | YES    | TRUE               | FALSE              
  | BOOL         | BYPASS                   | NO     | FALSE              | FALSE              
  | STRING       | IAO_TYPE                 | NO     | STANDARD2013       | STANDARD2013       
  | BOOL         | USE_IAOS                 | NO     | FALSE              | FALSE              

	Initializing libdiis ...
	Initializing libmolint 1.1 ...
 CC-PVDZ primary basis set file will be read for the O atom...
 CC-PVDZ primary basis set file will be read for the N atom...
 CC-PVDZ primary basis set file will be read for the C atom...
 CC-PVDZ primary basis set file will be read for the H atom...
 Nmaxthread: 12 
 Nshell: 63 
 Lmax:  2 
 Npmax:  8 
 Nao: 129 
 Ndocc: 24 
 Nsocc:  0 
 NoccA: 24 
 NoccB: 24 
 Primary basis set info has been read.

 CC-PVDZ-JKFIT aux basis set file will be read for the O atom...
 CC-PVDZ-JKFIT aux basis set file will be read for the N atom...
 CC-PVDZ-JKFIT aux basis set file will be read for the C atom...
 CC-PVDZ-JKFIT aux basis set file will be read for the H atom...
 Nshell_aux: 225 
 Naux: 627 
 Aux basis set info has been read.

 orth_type: CANONICAL 
 Cpu time for S ints :       0.0300 s
 Wall time for S ints:       0.0245 s

 Using canonical orthogonalization. 
 Minimum eigenvalue in the overlap matrix is:   2.8307E-03 

 Cpu time for T ints :       0.2200 s
 Wall time for T ints:       0.0543 s
 Cpu time for V ints :       0.9500 s
 Wall time for V ints:       0.3782 s
 Cpu time for Metric ints :       1.2400 s
 Wall time for Metric ints:       0.3547 s
 3-Index Algorithm: AUTO 

 Calling fortran integrals: ringing... 
 Done with fintegrals.

 Cpu time for 3-index ints :       5.3600 s
 Wall time for 3-index ints:       1.8427 s
 Cpu time for df-factors :       0.7700 s
 Wall time for df-factors:       0.2105 s


 Puream (True=1, False=0) : 1
 Number of AO             : 129
 Number of MO             : 129
 Number of Aux Functions  : 627
 Charge                   : 0
 Multiplicity             : 1
 Alpha OCC                : 24
 Beta OCC                 : 24
 Nuclear Repulsion Energy : 263.36147164
 Energy Treshold          : 1.0e-08
 Density Treshold         : 1.0e-06
 Iteration Limit          : 50
 Guess                    : SAD
 Guess Mix                : false
 Diis                     : true
 Diis Damping             : false
 Diis Damp Parameter      : 0.02
 Diis Algorithm           : DISK
 Cutoff Treshold          : 1.0e-10
 Density Fitting          : true
 Reference                : RHF
 Die If Not Converged     : true
 Print Level              : 0
 ERI Algorithm            : INCORE
 SCF Algorithm            : ROOTHAAN




  ## SOLVATION Options ##

  | TYPE         | KEY                      | INPUT? | VALUE              | DEFAULT            
  |--------------|--------------------------|--------|--------------------|--------------------
  | INT          | NUM_Z_POINTS             | NO     | 90                 | 90                 
  | INT          | NUM_ANG_POINTS           | YES    | 100                | 100                
  | STRING       | SASA_TYPE                | YES    | NUMERIC            | NUMERIC            
  | STRING       | CHARGE_TYPE              | YES    | IAO_MULLIKEN       | IAO_MULLIKEN       
  | STRING       | CDS_TYPE                 | YES    | SMD                | SMD                
  | STRING       | SOLVENT                  | YES    | WATER              | WATER              
  | STRING       | SOLVENT_PARAMS           | YES    | MN21               | SM8                
  | STRING       | DIELECTRIC_PARAMS        | YES    | MN21               | MN21               
  | STRING       | COULOMB_RADII            | YES    | SMD                | SMD                
  | DOUBLE       | COVALENT_VW_CONST        | NO     | 0.76               | 0.76               
  | DOUBLE       | SOLVENT_RADIUS           | NO     | 0.4                | 0.4                
  | STRING       | RADIUS_TYPE              | YES    | SMD                | SMD                
  | DOUBLE       | GB_DIJ                   | NO     | 3.7                | 3.7                
  | DOUBLE       | GB_SIJ                   | NO     | 0.75               | 0.75               
  | DOUBLE       | GB_CIJ                   | NO     | 0.0                | 0.0                
  | DOUBLE       | F_PWSASA                 | NO     | 0.4535             | 0.4535             
  | DOUBLE       | SCALE_VDW                | NO     | 1.0                | 1.0                
  | DOUBLE       | SCALE_CR                 | NO     | 1.0                | 1.0                



 Sasa Type                  : NUMERIC 
 Charge Type                : IAO_MULLIKEN 
 CDS Type                   : SMD 
 Radius Type                : SMD 
 Solvent                    : WATER 
 Solvent Parameters         : MN21 
 Dielectric Parameters      : MN21 
 Coulomb Radii Parameters   : SMD 
 GB d_ij parameter          : 3.7000000000 
 GB S_ij parameter          : 0.7500000000 
 GB C_ij parameter          : 0.0000000000 
 Sclae_vdw parameter        : 1.0000000000 
 Number of z-points         : 90 
 Number of angular points   : 100 
 Number of SASA grid points : 17902 
 Solvent Dielectric Constant: 78.3553000000 

 VDW Radii:
	  1 O :       1.5200  ang
	  2 N :       1.5500  ang
	  3 C :       1.7000  ang
	  4 C :       1.7000  ang
	  5 C :       1.7000  ang
	  6 C :       1.7000  ang
	  7 H :       1.2000  ang
	  8 H :       1.2000  ang
	  9 H :       1.2000  ang
	 10 H :       1.2000  ang
	 11 H :       1.2000  ang
	 12 H :       1.2000  ang
	 13 H :       1.2000  ang
	 14 H :       1.2000  ang
	 15 H :       1.2000  ang

	 Computing SASA... 

 Atomic SASA values:
	  1 O :      14.1080  ang^2
	  2 N :       7.4710  ang^2
	  3 C :       4.4205  ang^2
	  4 C :       4.4236  ang^2
	  5 C :       4.9251  ang^2
	  6 C :       4.9251  ang^2
	  7 H :      11.9608  ang^2
	  8 H :      12.7461  ang^2
	  9 H :      12.7425  ang^2
	 10 H :      11.9662  ang^2
	 11 H :      11.6014  ang^2
	 12 H :      12.7174  ang^2
	 13 H :      12.7138  ang^2
	 14 H :      11.6014  ang^2
	 15 H :      13.1864  ang^2

	*Total SASA (angs^2): 151.5096322854 


 Coulomb Radii:
	  1 O :       1.5200  ang
	  2 N :       1.8900  ang
	  3 C :       1.8500  ang
	  4 C :       1.8500  ang
	  5 C :       1.8500  ang
	  6 C :       1.8500  ang
	  7 H :       1.2000  ang
	  8 H :       1.2000  ang
	  9 H :       1.2000  ang
	 10 H :       1.2000  ang
	 11 H :       1.2000  ang
	 12 H :       1.2000  ang
	 13 H :       1.2000  ang
	 14 H :       1.2000  ang
	 15 H :       1.2000  ang
 Solvent Alpha                       : 1.1700000000 

 ## Effective Born Radius (bohr) ##
   0   4.3736435173 
   1   4.6006151552 
   2   4.4721132670 
   3   4.4720942164 
   4   4.4090645407 
   5   4.4090847579 
   6   3.5604623104 
   7   3.3984403501 
   8   3.3984095416 
   9   3.5603773282 
  10   3.5010968216 
  11   3.2486386543 
  12   3.2486297608 
  13   3.5012357954 
  14   3.3949444449 

 Effective Born Radii:
	  1 O :       2.3144  ang
	  2 N :       2.4345  ang
	  3 C :       2.3665  ang
	  4 C :       2.3665  ang
	  5 C :       2.3332  ang
	  6 C :       2.3332  ang
	  7 H :       1.8841  ang
	  8 H :       1.7984  ang
	  9 H :       1.7984  ang
	 10 H :       1.8841  ang
	 11 H :       1.8527  ang
	 12 H :       1.7191  ang
	 13 H :       1.7191  ang
	 14 H :       1.8528  ang
	 15 H :       1.7965  ang


 Coulomb Integrals:
	  1  1 :       0.2286  bohr^-1
	  1  2 :       0.1540  bohr^-1
	  1  3 :       0.1674  bohr^-1
	  1  4 :       0.1674  bohr^-1
	  1  5 :       0.2014  bohr^-1
	  1  6 :       0.2014  bohr^-1
	  1  7 :       0.1660  bohr^-1
	  1  8 :       0.1450  bohr^-1
	  1  9 :       0.1450  bohr^-1
	  1 10 :       0.1660  bohr^-1
	  1 11 :       0.1924  bohr^-1
	  1 12 :       0.1986  bohr^-1
	  1 13 :       0.1986  bohr^-1
	  1 14 :       0.1924  bohr^-1
	  1 15 :       0.1331  bohr^-1
	  2  1 :       0.1540  bohr^-1
	  2  2 :       0.2174  bohr^-1
	  2  3 :       0.1952  bohr^-1
	  2  4 :       0.1952  bohr^-1
	  2  5 :       0.1660  bohr^-1
	  2  6 :       0.1660  bohr^-1
	  2  7 :       0.1860  bohr^-1
	  2  8 :       0.1904  bohr^-1
	  2  9 :       0.1904  bohr^-1
	  2 10 :       0.1860  bohr^-1
	  2 11 :       0.1657  bohr^-1
	  2 12 :       0.1444  bohr^-1
	  2 13 :       0.1444  bohr^-1
	  2 14 :       0.1657  bohr^-1
	  2 15 :       0.2337  bohr^-1
	  3  1 :       0.1674  bohr^-1
	  3  2 :       0.1952  bohr^-1
	  3  3 :       0.2236  bohr^-1
	  3  4 :       0.1670  bohr^-1
	  3  5 :       0.1966  bohr^-1
	  3  6 :       0.1546  bohr^-1
	  3  7 :       0.2286  bohr^-1
	  3  8 :       0.2335  bohr^-1
	  3  9 :       0.1450  bohr^-1
	  3 10 :       0.1653  bohr^-1
	  3 11 :       0.1880  bohr^-1
	  3 12 :       0.1911  bohr^-1
	  3 13 :       0.1324  bohr^-1
	  3 14 :       0.1477  bohr^-1
	  3 15 :       0.1938  bohr^-1
	  4  1 :       0.1674  bohr^-1
	  4  2 :       0.1952  bohr^-1
	  4  3 :       0.1670  bohr^-1
	  4  4 :       0.2236  bohr^-1
	  4  5 :       0.1546  bohr^-1
	  4  6 :       0.1966  bohr^-1
	  4  7 :       0.1653  bohr^-1
	  4  8 :       0.1450  bohr^-1
	  4  9 :       0.2335  bohr^-1
	  4 10 :       0.2286  bohr^-1
	  4 11 :       0.1477  bohr^-1
	  4 12 :       0.1324  bohr^-1
	  4 13 :       0.1911  bohr^-1
	  4 14 :       0.1880  bohr^-1
	  4 15 :       0.1938  bohr^-1
	  5  1 :       0.2014  bohr^-1
	  5  2 :       0.1660  bohr^-1
	  5  3 :       0.1966  bohr^-1
	  5  4 :       0.1546  bohr^-1
	  5  5 :       0.2268  bohr^-1
	  5  6 :       0.1702  bohr^-1
	  5  7 :       0.1882  bohr^-1
	  5  8 :       0.1902  bohr^-1
	  5  9 :       0.1319  bohr^-1
	  5 10 :       0.1472  bohr^-1
	  5 11 :       0.2317  bohr^-1
	  5 12 :       0.2393  bohr^-1
	  5 13 :       0.1489  bohr^-1
	  5 14 :       0.1692  bohr^-1
	  5 15 :       0.1464  bohr^-1
	  6  1 :       0.2014  bohr^-1
	  6  2 :       0.1660  bohr^-1
	  6  3 :       0.1546  bohr^-1
	  6  4 :       0.1966  bohr^-1
	  6  5 :       0.1702  bohr^-1
	  6  6 :       0.2268  bohr^-1
	  6  7 :       0.1472  bohr^-1
	  6  8 :       0.1319  bohr^-1
	  6  9 :       0.1902  bohr^-1
	  6 10 :       0.1882  bohr^-1
	  6 11 :       0.1692  bohr^-1
	  6 12 :       0.1489  bohr^-1
	  6 13 :       0.2393  bohr^-1
	  6 14 :       0.2317  bohr^-1
	  6 15 :       0.1464  bohr^-1
	  7  1 :       0.1660  bohr^-1
	  7  2 :       0.1860  bohr^-1
	  7  3 :       0.2286  bohr^-1
	  7  4 :       0.1653  bohr^-1
	  7  5 :       0.1882  bohr^-1
	  7  6 :       0.1472  bohr^-1
	  7  7 :       0.2809  bohr^-1
	  7  8 :       0.2200  bohr^-1
	  7  9 :       0.1367  bohr^-1
	  7 10 :       0.1790  bohr^-1
	  7 11 :       0.1595  bohr^-1
	  7 12 :       0.1880  bohr^-1
	  7 13 :       0.1278  bohr^-1
	  7 14 :       0.1297  bohr^-1
	  7 15 :       0.1856  bohr^-1
	  8  1 :       0.1450  bohr^-1
	  8  2 :       0.1904  bohr^-1
	  8  3 :       0.2335  bohr^-1
	  8  4 :       0.1450  bohr^-1
	  8  5 :       0.1902  bohr^-1
	  8  6 :       0.1319  bohr^-1
	  8  7 :       0.2200  bohr^-1
	  8  8 :       0.2943  bohr^-1
	  8  9 :       0.1242  bohr^-1
	  8 10 :       0.1367  bohr^-1
	  8 11 :       0.1867  bohr^-1
	  8 12 :       0.1851  bohr^-1
	  8 13 :       0.1088  bohr^-1
	  8 14 :       0.1279  bohr^-1
	  8 15 :       0.1907  bohr^-1
	  9  1 :       0.1450  bohr^-1
	  9  2 :       0.1904  bohr^-1
	  9  3 :       0.1450  bohr^-1
	  9  4 :       0.2335  bohr^-1
	  9  5 :       0.1319  bohr^-1
	  9  6 :       0.1902  bohr^-1
	  9  7 :       0.1367  bohr^-1
	  9  8 :       0.1242  bohr^-1
	  9  9 :       0.2943  bohr^-1
	  9 10 :       0.2200  bohr^-1
	  9 11 :       0.1279  bohr^-1
	  9 12 :       0.1088  bohr^-1
	  9 13 :       0.1851  bohr^-1
	  9 14 :       0.1867  bohr^-1
	  9 15 :       0.1907  bohr^-1
	 10  1 :       0.1660  bohr^-1
	 10  2 :       0.1860  bohr^-1
	 10  3 :       0.1653  bohr^-1
	 10  4 :       0.2286  bohr^-1
	 10  5 :       0.1472  bohr^-1
	 10  6 :       0.1882  bohr^-1
	 10  7 :       0.1790  bohr^-1
	 10  8 :       0.1367  bohr^-1
	 10  9 :       0.2200  bohr^-1
	 10 10 :       0.2809  bohr^-1
	 10 11 :       0.1297  bohr^-1
	 10 12 :       0.1278  bohr^-1
	 10 13 :       0.1880  bohr^-1
	 10 14 :       0.1595  bohr^-1
	 10 15 :       0.1856  bohr^-1
	 11  1 :       0.1924  bohr^-1
	 11  2 :       0.1657  bohr^-1
	 11  3 :       0.1880  bohr^-1
	 11  4 :       0.1477  bohr^-1
	 11  5 :       0.2317  bohr^-1
	 11  6 :       0.1692  bohr^-1
	 11  7 :       0.1595  bohr^-1
	 11  8 :       0.1867  bohr^-1
	 11  9 :       0.1279  bohr^-1
	 11 10 :       0.1297  bohr^-1
	 11 11 :       0.2856  bohr^-1
	 11 12 :       0.2236  bohr^-1
	 11 13 :       0.1408  bohr^-1
	 11 14 :       0.1852  bohr^-1
	 11 15 :       0.1403  bohr^-1
	 12  1 :       0.1986  bohr^-1
	 12  2 :       0.1444  bohr^-1
	 12  3 :       0.1911  bohr^-1
	 12  4 :       0.1324  bohr^-1
	 12  5 :       0.2393  bohr^-1
	 12  6 :       0.1489  bohr^-1
	 12  7 :       0.1880  bohr^-1
	 12  8 :       0.1851  bohr^-1
	 12  9 :       0.1088  bohr^-1
	 12 10 :       0.1278  bohr^-1
	 12 11 :       0.2236  bohr^-1
	 12 12 :       0.3078  bohr^-1
	 12 13 :       0.1285  bohr^-1
	 12 14 :       0.1408  bohr^-1
	 12 15 :       0.1244  bohr^-1
	 13  1 :       0.1986  bohr^-1
	 13  2 :       0.1444  bohr^-1
	 13  3 :       0.1324  bohr^-1
	 13  4 :       0.1911  bohr^-1
	 13  5 :       0.1489  bohr^-1
	 13  6 :       0.2393  bohr^-1
	 13  7 :       0.1278  bohr^-1
	 13  8 :       0.1088  bohr^-1
	 13  9 :       0.1851  bohr^-1
	 13 10 :       0.1880  bohr^-1
	 13 11 :       0.1408  bohr^-1
	 13 12 :       0.1285  bohr^-1
	 13 13 :       0.3078  bohr^-1
	 13 14 :       0.2236  bohr^-1
	 13 15 :       0.1244  bohr^-1
	 14  1 :       0.1924  bohr^-1
	 14  2 :       0.1657  bohr^-1
	 14  3 :       0.1477  bohr^-1
	 14  4 :       0.1880  bohr^-1
	 14  5 :       0.1692  bohr^-1
	 14  6 :       0.2317  bohr^-1
	 14  7 :       0.1297  bohr^-1
	 14  8 :       0.1279  bohr^-1
	 14  9 :       0.1867  bohr^-1
	 14 10 :       0.1595  bohr^-1
	 14 11 :       0.1852  bohr^-1
	 14 12 :       0.1408  bohr^-1
	 14 13 :       0.2236  bohr^-1
	 14 14 :       0.2856  bohr^-1
	 14 15 :       0.1403  bohr^-1
	 15  1 :       0.1331  bohr^-1
	 15  2 :       0.2337  bohr^-1
	 15  3 :       0.1938  bohr^-1
	 15  4 :       0.1938  bohr^-1
	 15  5 :       0.1464  bohr^-1
	 15  6 :       0.1464  bohr^-1
	 15  7 :       0.1856  bohr^-1
	 15  8 :       0.1907  bohr^-1
	 15  9 :       0.1907  bohr^-1
	 15 10 :       0.1856  bohr^-1
	 15 11 :       0.1403  bohr^-1
	 15 12 :       0.1244  bohr^-1
	 15 13 :       0.1244  bohr^-1
	 15 14 :       0.1403  bohr^-1
	 15 15 :       0.2946  bohr^-1
    ===> SCF Iteration Started <===

     Iter. |                   Energy |       Delta E |          Drms |
    -------|--------------------------|---------------|---------------|
         1 |      -285.55084251821523 |    -2.856e+02 |     1.256e-02 |
         2 |      -285.89118101418791 |    -3.403e-01 |     2.400e-03 | DIIS
         3 |      -285.99865938382385 |    -1.075e-01 |     1.629e-03 | DIIS
         4 |      -286.01682878453977 |    -1.817e-02 |     3.083e-04 | DIIS
         5 |      -286.01875780619167 |    -1.929e-03 |     6.261e-05 | DIIS
         6 |      -286.01880340949134 |    -4.560e-05 |     1.288e-05 | DIIS
         7 |      -286.01880279221820 |     6.173e-07 |     7.295e-06 | DIIS
         8 |      -286.01880201335945 |     7.789e-07 |     1.817e-06 | DIIS
         9 |      -286.01880146693685 |     5.464e-07 |     6.507e-07 | DIIS
        10 |      -286.01880128955503 |     1.774e-07 |     3.222e-07 | DIIS
        11 |      -286.01880129387342 |    -4.318e-09 |     1.444e-07 | DIIS


	-Alpha Occupied Orbital Energies (au):  
	 1: -20.5220292237 	 2: -15.5192915672 	 3: -11.2462909136 	 4: -11.2457081384 	 5: -11.2261066412 
	 6: -11.2257140111 	 7: -1.3445294379 	 8: -1.1782572856 	 9: -1.0077438610 	10: -0.9016067540 
	11: -0.8447385331 	12: -0.7499303934 	13: -0.6751225743 	14: -0.6110364897 	15: -0.6096860744 
	16: -0.5751120440 	17: -0.5732670457 	18: -0.5549185687 	19: -0.5170709813 	20: -0.4725620092 
	21: -0.4623548367 	22: -0.4258977904 	23: -0.3861504927 	24: -0.3425170468 
	-Alpha Virtual Orbital Energies (au):  
	25: 0.1981758396 	26: 0.2258384798 	27: 0.2267482739 	28: 0.2452797134 	29: 0.2697232062 
	30: 0.2737793290 	31: 0.2780352125 	32: 0.2900832369 	33: 0.3142986191 	34: 0.3398001592 
	35: 0.3948516944 	36: 0.4193686379 	37: 0.4217424374 	38: 0.4303161477 	39: 0.4761769536 
	40: 0.6398620064 	41: 0.6453336195 	42: 0.6655279913 	43: 0.6716526714 	44: 0.7064923752 
	45: 0.7220177329 	46: 0.7533310703 	47: 0.7932922299 	48: 0.8249028546 	49: 0.8378244991 
	50: 0.8450068541 	51: 0.8771648768 	52: 0.8787789860 	53: 0.8955184223 	54: 0.9008786083 
	55: 0.9027401279 	56: 0.9288156370 	57: 0.9338136756 	58: 0.9406747540 	59: 0.9562525074 
	60: 1.0700753637 	61: 1.0720761913 	62: 1.1008753137 	63: 1.1209434353 	64: 1.1521432719 
	65: 1.1704840364 	66: 1.2119621565 	67: 1.3379541920 	68: 1.3453686737 	69: 1.4329501714 
	70: 1.4679342746 	71: 1.4948247432 	72: 1.4963911912 	73: 1.5102971745 	74: 1.5225324809 
	75: 1.5635936677 	76: 1.6735727273 	77: 1.6993477184 	78: 1.7394528575 	79: 1.7661535529 
	80: 1.7879799480 	81: 1.8230680877 	82: 1.8798859751 	83: 1.8810259114 	84: 1.8975583396 
	85: 1.9030890715 	86: 1.9296762530 	87: 1.9415352395 	88: 1.9471695470 	89: 1.9585875239 
	90: 1.9684762328 	91: 1.9975058085 	92: 2.0285169286 	93: 2.0425305014 	94: 2.0455451289 
	95: 2.0785168788 	96: 2.1202546876 	97: 2.1530788294 	98: 2.1787291277 	99: 2.2114495943 
	100: 2.2470841897 	101: 2.2547915333 	102: 2.3044651786 	103: 2.3225602243 	104: 2.3273329753 
	105: 2.3604358190 	106: 2.4156585826 	107: 2.4261514314 	108: 2.5050041345 	109: 2.5515761892 
	110: 2.5908210622 	111: 2.6273945434 	112: 2.6804720000 	113: 2.7217868722 	114: 2.7670179826 
	115: 2.7879126917 	116: 2.8006332074 	117: 2.8423508701 	118: 2.8833563502 	119: 2.9321070836 
	120: 2.9426721493 	121: 2.9957990594 	122: 3.0520157516 	123: 3.0849836265 	124: 3.3645405819 
	125: 3.3906968876 	126: 3.4328701033 	127: 3.4638880188 	128: 3.6686199717 	129: 3.7347091295 



	-Mulliken Population Analysis for SCF:
	 1: -0.4946173108 	 2: -0.3743507926 	 3: 0.0856065501 	 4: 0.0766461221 	 5: 0.2219983859 
	 6: 0.2212481114 	 7: 0.0102216375 	 8: 0.0224173990 	 9: 0.0254523310 	10: 0.0139914704 
	11: 0.0183637834 	12: 0.0301528712 	13: 0.0307245473 	14: 0.0180100830 	15: 0.0941348111 


	-Lowdin Population Analysis for SCF:  
	 1: -0.0831415832 	 2: -0.0374916455 	 3: -0.0203211578 	 4: -0.0230905883 	 5: 0.0191322497 
	 6: 0.0184369755 	 7: 0.0002237126 	 8: 0.0184419688 	 9: 0.0194478903 	10: 0.0015498135 
	11: 0.0073135487 	12: 0.0198091282 	13: 0.0200097203 	14: 0.0071035648 	15: 0.0325764023 


	-Electronic Dipole Moment: (e a0)  
	 X:  0.00098   Y:  1.46854   Z:  -0.12296   Total:  1.47368 

	-Electronic Dipole Moment: (D)  
	 X:  0.00248   Y:  3.73266   Z:  -0.31253   Total:  3.74573 

	-Total Dipole Moment: (e a0)  
	 X:  -0.00158   Y:  -0.63615   Z:  -0.04937   Total:  0.63806 

	-Total Dipole Moment: (D)  
	 X:  -0.00402   Y:  -1.61693   Z:  -0.12549   Total:  1.62180 



	Initializing Liboeprop (by U. Bozkaya) ...


	-Mulliken Population Analysis for SCF-IAO:
	 1: -0.4617983742 	 2: -0.4492032930 	 3: -0.1042940371 	 4: -0.1093640431 	 5: 0.0107865970 
	 6: 0.0098866921 	 7: 0.0844819619 	 8: 0.1186362115 	 9: 0.1203937203 	10: 0.0866899611 
	11: 0.1016494961 	12: 0.1286579212 	13: 0.1290331515 	14: 0.1013551151 	15: 0.2332681748 


	-Lowdin Population Analysis for SCF-IAO:  
	 1: -0.4617983742 	 2: -0.4492032930 	 3: -0.1042940371 	 4: -0.1093640431 	 5: 0.0107865970 
	 6: 0.0098866921 	 7: 0.0844819619 	 8: 0.1186362115 	 9: 0.1203937203 	10: 0.0866899611 
	11: 0.1016494961 	12: 0.1286579212 	13: 0.1290331515 	14: 0.1013551151 	15: 0.2332681748 


	Initializing Liblocal (by U. Bozkaya) ...
  ==> Pipek-Mezey Localizer <==

    Convergence =   1.000E-08
    Maxiter     =          50

    Iteration                   Metric       Residual
    PM    0   1.3582920810516557E+01              -
    PM    1   2.6401697755931814E+01   9.437423E-01
    PM    2   3.0177084341912629E+01   1.429979E-01
    PM    3   3.0245374456023825E+01   2.262979E-03
    PM    4   3.0246168795962230E+01   2.626319E-05
    PM    5   3.0246177364567515E+01   2.832956E-07
    PM    6   3.0246177497033649E+01   4.379599E-09

    PM Localizer converged.



	*Molecular contr. to CDS energy:       0.0000  kcal/mol
	*Total CDS energy:       0.1323  kcal/mol
	*SCF::Polarization Free Energy (au)      : -0.0058661227 
	*SCF::Polarization Free Energy (kcal/mol):      -3.6810 
	*SCF::CDS Free Energy (au)      : 0.0002108040 
	*SCF::CDS Free Energy (kcal/mol):       0.1323 
	*SCF::Total Solvation Free Energy (au)      : -0.0056553186 
	*SCF::Total Solvation Free Energy (kcal/mol):      -3.5488 
 CC-PVDZ primary basis set file will be read for the O atom...
 CC-PVDZ primary basis set file will be read for the N atom...
 CC-PVDZ primary basis set file will be read for the C atom...
 CC-PVDZ primary basis set file will be read for the H atom...
 Nmaxthread: 12 
 Nshell: 63 
 Lmax:  2 
 Npmax:  8 
 Nao: 129 
 Ndocc: 24 
 Nsocc:  0 
 NoccA: 24 
 NoccB: 24 
 Primary basis set info has been read.

 CC-PVDZ-JKFIT aux basis set file will be read for the O atom...
 CC-PVDZ-JKFIT aux basis set file will be read for the N atom...
 CC-PVDZ-JKFIT aux basis set file will be read for the C atom...
 CC-PVDZ-JKFIT aux basis set file will be read for the H atom...
 Nshell_aux: 225 
 Naux: 627 
 Aux basis set info has been read.


	*Total SCF Energy: -286.01880129387342

 Cpu time for SCF :       1.2875 minutes
 Wall time for SCF:       0.5108 minutes


	MO spaces... 

	 FC   OCC   VIR   FV 
	----------------------
	  6   18   105    0


	Libtrans is initialized (by U. Bozkaya) ...

 ============================================================================== 
 ============================================================================== 
 ============================================================================== 

                       DF-MP2   
              Program Written by Ugur Bozkaya
              Latest Revision May 2, 2021

 ============================================================================== 
 ============================================================================== 
 ============================================================================== 

	For this residual convergence, default PCG convergence is:     1.00e-07
    Warning: "PCG_CONVERGENCE" option is changed to     1.00e-07


  ## DFOCC Options ##

  | TYPE         | KEY                      | INPUT? | VALUE              | DEFAULT            
  |--------------|--------------------------|--------|--------------------|--------------------
  | BOOL         | EOM                      | NO     | FALSE              | FALSE              
  | BOOL         | EOM_MP2                  | NO     | FALSE              | FALSE              
  | BOOL         | EOM_MP3                  | NO     | FALSE              | FALSE              
  | BOOL         | EOM_MP2_5                | NO     | FALSE              | FALSE              
  | BOOL         | EOM_LCCD                 | NO     | FALSE              | FALSE              
  | BOOL         | LOW_MEM_MP2              | NO     | FALSE              | FALSE              
  | BOOL         | LOW_MEM_MP3              | NO     | FALSE              | FALSE              
  | BOOL         | CD_PRESCREEN             | NO     | FALSE              | FALSE              
  | DOUBLE       | CIS_E_CONV               | NO     | 1e-06              | 1e-06              
  | DOUBLE       | CIS_R_CONV               | NO     | 1e-06              | 1e-06              
  | DOUBLE       | CIS_RES_PRECONDITION_TOL | NO     | 0.0001             | 0.0001             
  | DOUBLE       | DAVIDSON_TOLERANCE       | NO     | 1e-06              | 1e-06              
  | DOUBLE       | E3_SCALE                 | NO     | 0.25               | 0.25               
  | DOUBLE       | E_CONVERGENCE            | NO     | 1e-06              | 1e-06              
  | DOUBLE       | JK_MEMORY                | NO     | 1000000000.0       | 1000000000.0       
  | DOUBLE       | LEVEL_SHIFT              | NO     | 0.02               | 0.02               
  | DOUBLE       | MAX_MOGRAD_CONVERGENCE   | NO     | 0.001              | 0.001              
  | DOUBLE       | MO_STEP_MAX              | NO     | 0.5                | 0.5                
  | DOUBLE       | MP2_OS_SCALE             | NO     | 1.2                | 1.2                
  | DOUBLE       | MP2_SOS_SCALE            | NO     | 1.3                | 1.3                
  | DOUBLE       | MP2_SOS_SCALE2           | NO     | 1.2                | 1.2                
  | DOUBLE       | MP2_SS_SCALE             | NO     | 0.3333333333333333 | 0.3333333333333333 
  | DOUBLE       | OCC_PERCENTAGE           | NO     | 99.0               | 99.0               
  | DOUBLE       | OCC_TOLERANCE            | NO     | 1e-05              | 1e-05              
  | DOUBLE       | OO_SCALE                 | NO     | 0.01               | 0.01               
  | DOUBLE       | PCG_CONVERGENCE          | NO     | 1e-06              | 1e-06              
  | DOUBLE       | R_CONVERGENCE            | NO     | 1e-05              | 1e-05              
  | DOUBLE       | REG_PARAM                | NO     | 0.4                | 0.4                
  | DOUBLE       | KAPPA_REG_PARAM          | NO     | 1.1                | 1.1                
  | DOUBLE       | RMS_MOGRAD_CONVERGENCE   | NO     | 1e-06              | 1e-06              
  | DOUBLE       | SCG_TOLERANCE            | NO     | 1e-06              | 1e-06              
  | DOUBLE       | SCHMIDT_ADD_RES_TOL      | NO     | 0.001              | 0.001              
  | INT          | ACTIVE_NAT_ORBS          | NO     | 2                  | 2                  
  | INT          | CC_DIIS_MAX_VECS         | NO     | 6                  | 6                  
  | INT          | CC_DIIS_MIN_VECS         | NO     | 2                  | 2                  
  | INT          | CC_MAXITER               | NO     | 50                 | 50                 
  | INT          | CUTOFF                   | NO     | 8                  | 8                  
  | INT          | EXCITATION_RANGE         | NO     | 2                  | 2                  
  | INT          | FOLLOW_ROOT              | NO     | 1                  | 1                  
  | INT          | INTEGRAL_CUTOFF          | NO     | 9                  | 9                  
  | INT          | MAX_VECS                 | NO     | 50                 | 50                 
  | INT          | MO_DIIS_NUM_VECS         | NO     | 6                  | 6                  
  | INT          | MO_MAXITER               | NO     | 50                 | 50                 
  | INT          | NUM_ROOTS                | NO     | 4                  | 4                  
  | INT          | PCG_MAXITER              | NO     | 50                 | 50                 
  | INT          | PRINT_LEVEL              | NO     | 0                  | 0                  
  | INT          | VECS_PER_ROOT            | NO     | 1                  | 1                  
  | STRING       | CC_LAMBDA                | NO     | FALSE              | FALSE              
  | STRING       | CHOLESKY                 | NO     | FALSE              | FALSE              
  | STRING       | CIS_ALGORITHM            | NO     | MO_BASIS           | MO_BASIS           
  | STRING       | CIS_GUESS_COEFF          | NO     | MIX                | MIX                
  | STRING       | COMPUT_S2                | NO     | FALSE              | FALSE              
  | STRING       | DIAG_METHOD              | NO     | DAVIDSON           | DAVIDSON           
  | STRING       | DO_DIIS                  | NO     | TRUE               | TRUE               
  | STRING       | DO_LEVEL_SHIFT           | NO     | TRUE               | TRUE               
  | STRING       | DO_SCS                   | NO     | FALSE              | FALSE              
  | STRING       | DO_SOS                   | NO     | FALSE              | FALSE              
  | STRING       | EKT_IP                   | NO     | FALSE              | FALSE              
  | STRING       | FREEZE_CORE              | NO     | TRUE               | TRUE               
  | STRING       | HESS_TYPE                | NO     | HF                 | HF                 
  | STRING       | JK_TYPE                  | NO     | DIRECT             | DIRECT             
  | STRING       | LINEQ_SOLVER             | NO     | CDGESV             | CDGESV             
  | STRING       | MO_READ                  | NO     | FALSE              | FALSE              
  | STRING       | MO_WRITE                 | NO     | FALSE              | FALSE              
  | STRING       | MP2_AMP_TYPE             | NO     | DIRECT             | DIRECT             
  | STRING       | NAT_ORBS                 | NO     | FALSE              | FALSE              
  | STRING       | NBO                      | NO     | TRUE               | TRUE               
  | STRING       | OCC_ORBS_PRINT           | NO     | FALSE              | FALSE              
  | STRING       | OEPROP                   | NO     | FALSE              | FALSE              
  | STRING       | OPT_METHOD               | NO     | QNR                | QNR                
  | STRING       | ORB_RESP_SOLVER          | NO     | PCG                | PCG                
  | STRING       | ORTH_TYPE                | NO     | MGS                | MGS                
  | STRING       | PCG_BETA_TYPE            | NO     | FLETCHER_REEVES    | FLETCHER_REEVES    
  | STRING       | PPL_TYPE                 | NO     | AUTO               | AUTO               
  | STRING       | PRINT_CI_VECS            | NO     | FALSE              | FALSE              
  | STRING       | QCHF                     | NO     | FALSE              | FALSE              
  | STRING       | READ_SCF_3INDEX          | NO     | TRUE               | TRUE               
  | STRING       | REGULARIZATION           | NO     | FALSE              | FALSE              
  | STRING       | REG_TYPE                 | NO     | NORMAL             | NORMAL             
  | STRING       | SCS_TYPE                 | NO     | SCS                | SCS                
  | STRING       | SOS_TYPE                 | NO     | SOS                | SOS                
  | STRING       | TRIPLES_IABC_TYPE        | NO     | DISK               | DISK               
  | STRING       | UNIT_GUESS_TYPE          | NO     | GEN                | GEN                
  | STRING       | EKT_NEGATIVE_OCC         | NO     | ABS                | ABS                
  | BOOL         | SOLVATION                | YES    | TRUE               | FALSE              

	MO spaces... 

	 FC   OCC   VIR   FV 
	----------------------
	  6   18   105    0
 CC-PVDZ primary basis set file will be read for the O atom...
 CC-PVDZ primary basis set file will be read for the N atom...
 CC-PVDZ primary basis set file will be read for the C atom...
 CC-PVDZ primary basis set file will be read for the H atom...
 Nmaxthread: 12 
 Nshell: 63 
 Lmax:  2 
 Npmax:  8 
 Nao: 129 
 Ndocc: 24 
 Nsocc:  0 
 NoccA: 24 
 NoccB: 24 
 Primary basis set info has been read.

 CC-PVDZ-RI aux basis set file will be read for the O atom...
 CC-PVDZ-RI aux basis set file will be read for the N atom...
 CC-PVDZ-RI aux basis set file will be read for the C atom...
 CC-PVDZ-RI aux basis set file will be read for the H atom...
 Nshell_aux: 162 
 Naux: 462 
 Aux basis set info has been read.

 Cpu time for Metric ints :       0.2200 s
 Wall time for Metric ints:       0.1292 s
 3-Index Algorithm: AUTO 

 Calling fortran integrals: ringing... 
 Done with fintegrals.

 Cpu time for 3-index ints :       3.5200 s
 Wall time for 3-index ints:       1.3085 s
 Cpu time for df-factors :       0.3500 s
 Wall time for df-factors:       0.1006 s
 CC-PVDZ primary basis set file will be read for the O atom...
 CC-PVDZ primary basis set file will be read for the N atom...
 CC-PVDZ primary basis set file will be read for the C atom...
 CC-PVDZ primary basis set file will be read for the H atom...
 Nmaxthread: 12 
 Nshell: 63 
 Lmax:  2 
 Npmax:  8 
 Nao: 129 
 Ndocc: 24 
 Nsocc:  0 
 NoccA: 24 
 NoccB: 24 
 Primary basis set info has been read.

 CC-PVDZ-JKFIT aux basis set file will be read for the O atom...
 CC-PVDZ-JKFIT aux basis set file will be read for the N atom...
 CC-PVDZ-JKFIT aux basis set file will be read for the C atom...
 CC-PVDZ-JKFIT aux basis set file will be read for the H atom...
 Nshell_aux: 225 
 Naux: 627 
 Aux basis set info has been read.

	Reading DF integrals from disk ...
 Cpu time for Metric ints :       1.0900 s
 Wall time for Metric ints:       0.3703 s
	Number of basis functions in the DF-HF basis: 627
	Number of basis functions in the DF-CC basis: 462

	Available memory                      :  30000.00 MB 
	Minimum required memory for amplitudes:     85.73 MB 
	Memory requirement for B-CC (Q|mu nu) :     61.51 MB 
	Memory requirement for B-CC (Q|ab)    :     40.75 MB 
	Memory requirement for DF-CC int trans:    111.57 MB 

	Computing DF-MP2 energy using SCF MOs (Canonical DF-MP2)... 
	======================================================================= 
	Nuclear Repulsion Energy (a.u.)    :   263.36145069408587
	DF-HF Energy (a.u.)                :  -286.01880129387342
	REF Energy (a.u.)                  :  -286.01880129387342
	DF-MP2 Correlation Energy (a.u.)   :    -0.91729318481432
	DF-MP2 Total Energy (a.u.)         :  -286.93609447868772
	======================================================================= 

	*Total MP2 Energy: -286.93609447868772

	Computing unrelaxed response density matrices...
	Number of independent-pairs: 2520
	Computing the generalized Fock matrix (GFM)...
	Computing the orbital gradient...
	Forming effective orbital gradient...
	Solving orbital Z-vector equations...

	            PCG Solver 
	   ------------------------------ 
	Iter     RMS Z Vector        RMS Residual  
	----    ---------------    ---------------
	  1         1.34e-03         7.18e-04
	  2         4.14e-04         2.88e-04
	  3         9.84e-05         6.57e-05
	  4         3.07e-05         2.14e-05
	  5         7.73e-06         6.39e-06
	  6         2.40e-06         1.87e-06
	  7         8.21e-07         3.49e-07
	  8         1.60e-07         9.90e-08
	  9         3.67e-08         2.90e-08

	Computing the relaxed PDMs and GFM...
	Compute solv. is starting ...

	Initializing Liboeprop (by U. Bozkaya) ...


	-Mulliken Population Analysis for MP2-IAO:
	 1: -0.2125683771 	 2: -0.2278419724 	 3: 0.0031249437 	 4: -0.0019057383 	 5: 0.1019916762 
	 6: 0.1012074346 	 7: 0.0197726199 	 8: 0.0513860807 	 9: 0.0531150874 	10: 0.0219439754 
	11: 0.0359049003 	12: 0.0615472961 	13: 0.0619618309 	14: 0.0356085070 	15: 0.1582245041 


	-Lowdin Population Analysis for MP2-IAO:  
	 1: -0.2125683771 	 2: -0.2278419724 	 3: 0.0031249437 	 4: -0.0019057383 	 5: 0.1019916762 
	 6: 0.1012074346 	 7: 0.0197726199 	 8: 0.0513860807 	 9: 0.0531150874 	10: 0.0219439754 
	11: 0.0359049003 	12: 0.0615472961 	13: 0.0619618309 	14: 0.0356085070 	15: 0.1582245041 



  ## SOLVATION Options ##

  | TYPE         | KEY                      | INPUT? | VALUE              | DEFAULT            
  |--------------|--------------------------|--------|--------------------|--------------------
  | INT          | NUM_Z_POINTS             | NO     | 90                 | 90                 
  | INT          | NUM_ANG_POINTS           | YES    | 100                | 100                
  | STRING       | SASA_TYPE                | YES    | NUMERIC            | NUMERIC            
  | STRING       | CHARGE_TYPE              | YES    | IAO_MULLIKEN       | IAO_MULLIKEN       
  | STRING       | CDS_TYPE                 | YES    | SMD                | SMD                
  | STRING       | SOLVENT                  | YES    | WATER              | WATER              
  | STRING       | SOLVENT_PARAMS           | YES    | MN21               | SM8                
  | STRING       | DIELECTRIC_PARAMS        | YES    | MN21               | MN21               
  | STRING       | COULOMB_RADII            | YES    | SMD                | SMD                
  | DOUBLE       | COVALENT_VW_CONST        | NO     | 0.76               | 0.76               
  | DOUBLE       | SOLVENT_RADIUS           | NO     | 0.4                | 0.4                
  | STRING       | RADIUS_TYPE              | YES    | SMD                | SMD                
  | DOUBLE       | GB_DIJ                   | NO     | 3.7                | 3.7                
  | DOUBLE       | GB_SIJ                   | NO     | 0.75               | 0.75               
  | DOUBLE       | GB_CIJ                   | NO     | 0.0                | 0.0                
  | DOUBLE       | F_PWSASA                 | NO     | 0.4535             | 0.4535             
  | DOUBLE       | SCALE_VDW                | NO     | 1.0                | 1.0                
  | DOUBLE       | SCALE_CR                 | NO     | 1.0                | 1.0                



 Sasa Type                  : NUMERIC 
 Charge Type                : IAO_MULLIKEN 
 CDS Type                   : SMD 
 Radius Type                : SMD 
 Solvent                    : WATER 
 Solvent Parameters         : MN21 
 Dielectric Parameters      : MN21 
 Coulomb Radii Parameters   : SMD 
 GB d_ij parameter          : 3.7000000000 
 GB S_ij parameter          : 0.7500000000 
 GB C_ij parameter          : 0.0000000000 
 Sclae_vdw parameter        : 1.0000000000 
 Number of z-points         : 90 
 Number of angular points   : 100 
 Number of SASA grid points : 17902 
 Solvent Dielectric Constant: 78.3553000000 

 VDW Radii:
	  1 O :       1.5200  ang
	  2 N :       1.5500  ang
	  3 C :       1.7000  ang
	  4 C :       1.7000  ang
	  5 C :       1.7000  ang
	  6 C :       1.7000  ang
	  7 H :       1.2000  ang
	  8 H :       1.2000  ang
	  9 H :       1.2000  ang
	 10 H :       1.2000  ang
	 11 H :       1.2000  ang
	 12 H :       1.2000  ang
	 13 H :       1.2000  ang
	 14 H :       1.2000  ang
	 15 H :       1.2000  ang

	 Computing SASA... 

 Atomic SASA values:
	  1 O :      14.1080  ang^2
	  2 N :       7.4710  ang^2
	  3 C :       4.4205  ang^2
	  4 C :       4.4236  ang^2
	  5 C :       4.9251  ang^2
	  6 C :       4.9251  ang^2
	  7 H :      11.9608  ang^2
	  8 H :      12.7461  ang^2
	  9 H :      12.7425  ang^2
	 10 H :      11.9662  ang^2
	 11 H :      11.6014  ang^2
	 12 H :      12.7174  ang^2
	 13 H :      12.7138  ang^2
	 14 H :      11.6014  ang^2
	 15 H :      13.1864  ang^2

	*Total SASA (angs^2): 151.5096322854 


 Coulomb Radii:
	  1 O :       1.5200  ang
	  2 N :       1.8900  ang
	  3 C :       1.8500  ang
	  4 C :       1.8500  ang
	  5 C :       1.8500  ang
	  6 C :       1.8500  ang
	  7 H :       1.2000  ang
	  8 H :       1.2000  ang
	  9 H :       1.2000  ang
	 10 H :       1.2000  ang
	 11 H :       1.2000  ang
	 12 H :       1.2000  ang
	 13 H :       1.2000  ang
	 14 H :       1.2000  ang
	 15 H :       1.2000  ang
 Solvent Alpha                       : 1.1700000000 

 ## Effective Born Radius (bohr) ##
   0   4.3736435173 
   1   4.6006151552 
   2   4.4721132670 
   3   4.4720942164 
   4   4.4090645407 
   5   4.4090847579 
   6   3.5604623104 
   7   3.3984403501 
   8   3.3984095416 
   9   3.5603773282 
  10   3.5010968216 
  11   3.2486386543 
  12   3.2486297608 
  13   3.5012357954 
  14   3.3949444449 

 Effective Born Radii:
	  1 O :       2.3144  ang
	  2 N :       2.4345  ang
	  3 C :       2.3665  ang
	  4 C :       2.3665  ang
	  5 C :       2.3332  ang
	  6 C :       2.3332  ang
	  7 H :       1.8841  ang
	  8 H :       1.7984  ang
	  9 H :       1.7984  ang
	 10 H :       1.8841  ang
	 11 H :       1.8527  ang
	 12 H :       1.7191  ang
	 13 H :       1.7191  ang
	 14 H :       1.8528  ang
	 15 H :       1.7965  ang


 Coulomb Integrals:
	  1  1 :       0.2286  bohr^-1
	  1  2 :       0.1540  bohr^-1
	  1  3 :       0.1674  bohr^-1
	  1  4 :       0.1674  bohr^-1
	  1  5 :       0.2014  bohr^-1
	  1  6 :       0.2014  bohr^-1
	  1  7 :       0.1660  bohr^-1
	  1  8 :       0.1450  bohr^-1
	  1  9 :       0.1450  bohr^-1
	  1 10 :       0.1660  bohr^-1
	  1 11 :       0.1924  bohr^-1
	  1 12 :       0.1986  bohr^-1
	  1 13 :       0.1986  bohr^-1
	  1 14 :       0.1924  bohr^-1
	  1 15 :       0.1331  bohr^-1
	  2  1 :       0.1540  bohr^-1
	  2  2 :       0.2174  bohr^-1
	  2  3 :       0.1952  bohr^-1
	  2  4 :       0.1952  bohr^-1
	  2  5 :       0.1660  bohr^-1
	  2  6 :       0.1660  bohr^-1
	  2  7 :       0.1860  bohr^-1
	  2  8 :       0.1904  bohr^-1
	  2  9 :       0.1904  bohr^-1
	  2 10 :       0.1860  bohr^-1
	  2 11 :       0.1657  bohr^-1
	  2 12 :       0.1444  bohr^-1
	  2 13 :       0.1444  bohr^-1
	  2 14 :       0.1657  bohr^-1
	  2 15 :       0.2337  bohr^-1
	  3  1 :       0.1674  bohr^-1
	  3  2 :       0.1952  bohr^-1
	  3  3 :       0.2236  bohr^-1
	  3  4 :       0.1670  bohr^-1
	  3  5 :       0.1966  bohr^-1
	  3  6 :       0.1546  bohr^-1
	  3  7 :       0.2286  bohr^-1
	  3  8 :       0.2335  bohr^-1
	  3  9 :       0.1450  bohr^-1
	  3 10 :       0.1653  bohr^-1
	  3 11 :       0.1880  bohr^-1
	  3 12 :       0.1911  bohr^-1
	  3 13 :       0.1324  bohr^-1
	  3 14 :       0.1477  bohr^-1
	  3 15 :       0.1938  bohr^-1
	  4  1 :       0.1674  bohr^-1
	  4  2 :       0.1952  bohr^-1
	  4  3 :       0.1670  bohr^-1
	  4  4 :       0.2236  bohr^-1
	  4  5 :       0.1546  bohr^-1
	  4  6 :       0.1966  bohr^-1
	  4  7 :       0.1653  bohr^-1
	  4  8 :       0.1450  bohr^-1
	  4  9 :       0.2335  bohr^-1
	  4 10 :       0.2286  bohr^-1
	  4 11 :       0.1477  bohr^-1
	  4 12 :       0.1324  bohr^-1
	  4 13 :       0.1911  bohr^-1
	  4 14 :       0.1880  bohr^-1
	  4 15 :       0.1938  bohr^-1
	  5  1 :       0.2014  bohr^-1
	  5  2 :       0.1660  bohr^-1
	  5  3 :       0.1966  bohr^-1
	  5  4 :       0.1546  bohr^-1
	  5  5 :       0.2268  bohr^-1
	  5  6 :       0.1702  bohr^-1
	  5  7 :       0.1882  bohr^-1
	  5  8 :       0.1902  bohr^-1
	  5  9 :       0.1319  bohr^-1
	  5 10 :       0.1472  bohr^-1
	  5 11 :       0.2317  bohr^-1
	  5 12 :       0.2393  bohr^-1
	  5 13 :       0.1489  bohr^-1
	  5 14 :       0.1692  bohr^-1
	  5 15 :       0.1464  bohr^-1
	  6  1 :       0.2014  bohr^-1
	  6  2 :       0.1660  bohr^-1
	  6  3 :       0.1546  bohr^-1
	  6  4 :       0.1966  bohr^-1
	  6  5 :       0.1702  bohr^-1
	  6  6 :       0.2268  bohr^-1
	  6  7 :       0.1472  bohr^-1
	  6  8 :       0.1319  bohr^-1
	  6  9 :       0.1902  bohr^-1
	  6 10 :       0.1882  bohr^-1
	  6 11 :       0.1692  bohr^-1
	  6 12 :       0.1489  bohr^-1
	  6 13 :       0.2393  bohr^-1
	  6 14 :       0.2317  bohr^-1
	  6 15 :       0.1464  bohr^-1
	  7  1 :       0.1660  bohr^-1
	  7  2 :       0.1860  bohr^-1
	  7  3 :       0.2286  bohr^-1
	  7  4 :       0.1653  bohr^-1
	  7  5 :       0.1882  bohr^-1
	  7  6 :       0.1472  bohr^-1
	  7  7 :       0.2809  bohr^-1
	  7  8 :       0.2200  bohr^-1
	  7  9 :       0.1367  bohr^-1
	  7 10 :       0.1790  bohr^-1
	  7 11 :       0.1595  bohr^-1
	  7 12 :       0.1880  bohr^-1
	  7 13 :       0.1278  bohr^-1
	  7 14 :       0.1297  bohr^-1
	  7 15 :       0.1856  bohr^-1
	  8  1 :       0.1450  bohr^-1
	  8  2 :       0.1904  bohr^-1
	  8  3 :       0.2335  bohr^-1
	  8  4 :       0.1450  bohr^-1
	  8  5 :       0.1902  bohr^-1
	  8  6 :       0.1319  bohr^-1
	  8  7 :       0.2200  bohr^-1
	  8  8 :       0.2943  bohr^-1
	  8  9 :       0.1242  bohr^-1
	  8 10 :       0.1367  bohr^-1
	  8 11 :       0.1867  bohr^-1
	  8 12 :       0.1851  bohr^-1
	  8 13 :       0.1088  bohr^-1
	  8 14 :       0.1279  bohr^-1
	  8 15 :       0.1907  bohr^-1
	  9  1 :       0.1450  bohr^-1
	  9  2 :       0.1904  bohr^-1
	  9  3 :       0.1450  bohr^-1
	  9  4 :       0.2335  bohr^-1
	  9  5 :       0.1319  bohr^-1
	  9  6 :       0.1902  bohr^-1
	  9  7 :       0.1367  bohr^-1
	  9  8 :       0.1242  bohr^-1
	  9  9 :       0.2943  bohr^-1
	  9 10 :       0.2200  bohr^-1
	  9 11 :       0.1279  bohr^-1
	  9 12 :       0.1088  bohr^-1
	  9 13 :       0.1851  bohr^-1
	  9 14 :       0.1867  bohr^-1
	  9 15 :       0.1907  bohr^-1
	 10  1 :       0.1660  bohr^-1
	 10  2 :       0.1860  bohr^-1
	 10  3 :       0.1653  bohr^-1
	 10  4 :       0.2286  bohr^-1
	 10  5 :       0.1472  bohr^-1
	 10  6 :       0.1882  bohr^-1
	 10  7 :       0.1790  bohr^-1
	 10  8 :       0.1367  bohr^-1
	 10  9 :       0.2200  bohr^-1
	 10 10 :       0.2809  bohr^-1
	 10 11 :       0.1297  bohr^-1
	 10 12 :       0.1278  bohr^-1
	 10 13 :       0.1880  bohr^-1
	 10 14 :       0.1595  bohr^-1
	 10 15 :       0.1856  bohr^-1
	 11  1 :       0.1924  bohr^-1
	 11  2 :       0.1657  bohr^-1
	 11  3 :       0.1880  bohr^-1
	 11  4 :       0.1477  bohr^-1
	 11  5 :       0.2317  bohr^-1
	 11  6 :       0.1692  bohr^-1
	 11  7 :       0.1595  bohr^-1
	 11  8 :       0.1867  bohr^-1
	 11  9 :       0.1279  bohr^-1
	 11 10 :       0.1297  bohr^-1
	 11 11 :       0.2856  bohr^-1
	 11 12 :       0.2236  bohr^-1
	 11 13 :       0.1408  bohr^-1
	 11 14 :       0.1852  bohr^-1
	 11 15 :       0.1403  bohr^-1
	 12  1 :       0.1986  bohr^-1
	 12  2 :       0.1444  bohr^-1
	 12  3 :       0.1911  bohr^-1
	 12  4 :       0.1324  bohr^-1
	 12  5 :       0.2393  bohr^-1
	 12  6 :       0.1489  bohr^-1
	 12  7 :       0.1880  bohr^-1
	 12  8 :       0.1851  bohr^-1
	 12  9 :       0.1088  bohr^-1
	 12 10 :       0.1278  bohr^-1
	 12 11 :       0.2236  bohr^-1
	 12 12 :       0.3078  bohr^-1
	 12 13 :       0.1285  bohr^-1
	 12 14 :       0.1408  bohr^-1
	 12 15 :       0.1244  bohr^-1
	 13  1 :       0.1986  bohr^-1
	 13  2 :       0.1444  bohr^-1
	 13  3 :       0.1324  bohr^-1
	 13  4 :       0.1911  bohr^-1
	 13  5 :       0.1489  bohr^-1
	 13  6 :       0.2393  bohr^-1
	 13  7 :       0.1278  bohr^-1
	 13  8 :       0.1088  bohr^-1
	 13  9 :       0.1851  bohr^-1
	 13 10 :       0.1880  bohr^-1
	 13 11 :       0.1408  bohr^-1
	 13 12 :       0.1285  bohr^-1
	 13 13 :       0.3078  bohr^-1
	 13 14 :       0.2236  bohr^-1
	 13 15 :       0.1244  bohr^-1
	 14  1 :       0.1924  bohr^-1
	 14  2 :       0.1657  bohr^-1
	 14  3 :       0.1477  bohr^-1
	 14  4 :       0.1880  bohr^-1
	 14  5 :       0.1692  bohr^-1
	 14  6 :       0.2317  bohr^-1
	 14  7 :       0.1297  bohr^-1
	 14  8 :       0.1279  bohr^-1
	 14  9 :       0.1867  bohr^-1
	 14 10 :       0.1595  bohr^-1
	 14 11 :       0.1852  bohr^-1
	 14 12 :       0.1408  bohr^-1
	 14 13 :       0.2236  bohr^-1
	 14 14 :       0.2856  bohr^-1
	 14 15 :       0.1403  bohr^-1
	 15  1 :       0.1331  bohr^-1
	 15  2 :       0.2337  bohr^-1
	 15  3 :       0.1938  bohr^-1
	 15  4 :       0.1938  bohr^-1
	 15  5 :       0.1464  bohr^-1
	 15  6 :       0.1464  bohr^-1
	 15  7 :       0.1856  bohr^-1
	 15  8 :       0.1907  bohr^-1
	 15  9 :       0.1907  bohr^-1
	 15 10 :       0.1856  bohr^-1
	 15 11 :       0.1403  bohr^-1
	 15 12 :       0.1244  bohr^-1
	 15 13 :       0.1244  bohr^-1
	 15 14 :       0.1403  bohr^-1
	 15 15 :       0.2946  bohr^-1


	*Molecular contr. to CDS energy:       0.0000  kcal/mol
	*Total CDS energy:       0.1323  kcal/mol
	*MP2::Polarization Free Energy (au)      : -0.0068773990 
	*MP2::Polarization Free Energy (kcal/mol):      -4.3156 
	*MP2::CDS Free Energy (au)      : 0.0002108040 
	*MP2::CDS Free Energy (kcal/mol):       0.1323 
	*MP2::Total Solvation Free Energy (au)      : -0.0066665950 
	*MP2::Total Solvation Free Energy (kcal/mol):      -4.1834 
	GB-MP2 Total Energy (a.u.)         :  -286.94276107370530

	*Total GB-MP2 Energy: -286.93609447868772


 Cpu time for MacroQC :       1.7827 minutes
 Wall time for MacroQC:       0.6884 minutes


 ******************************************************************************************
	 MacroQC terminates normally:) 
 ****************************************************************************************** 

