 ==========================================================================================
 =========                __  ___                         ____  ______            =========
 ======                  /  |/  /___ _______________     / __ \/ ____/               ======
 ====                   / /|_/ / __ `/ ___/ ___/ __ \   / / / / /                      ====
 ===                   / /  / / /_/ / /__/ /  / /_/ /  / /_/ / /___                     ===
 ==                   /_/  /_/\__,_/\___/_/   \____/   \___\_\____/                      ==
 ===                                                                1.0.4                ===
 =====     An electronic structure theory software for large-scale applications       =====
 ======                                 See license.txt for license info             ======
 =========                                                                        =========
 ==========================================================================================
                                                                                           
                           * * * * * * * * * * * * * * * * * * * *                        
                           *            Developed by             *                        
                           *             U. Bozkaya              *                        
                           *                                     *                        
                           *       With contributions from:      *                        
                           *         B. Ermis, Y. Alagoz,        *                        
                           *         A. Unal, and A. K. Uyar     *                        
                           *         Git Version: deab493        *                        
                           *       Latest Revision: 2026-03-23   *                        
                           * * * * * * * * * * * * * * * * * * * *                        


 Run date: Wed Mar 25 08:11:47 2026
 
 Hostname: ub14 

 ## MacroQC input file ##
 ******************************************************************************************
$set_molecule
0 1
C       0.6620132950     0.0000000000     0.0000000000
C      -0.6620132950    -0.0000003931    -0.0000000000
H       1.2314402988     0.9205843151    -0.0000000000
H       1.2314402988    -0.9205843151     0.0000000000
H      -1.2314402988    -0.9205843151    -0.0000000000
H      -1.2314402988     0.9205843151     0.0000000000
$end_molecule


$set_globals
   basis cc-pvdz
  method mp2
  reference rhf
  jobtype energy
  memory 30000
$end_globals


$set_scf
  e_convergence 1.0e-8
  d_convergence 1.0e-6
  guess sad
  solvation true
$end_scf


$set_solvation
  cds_type smd
  radius_type smd
  solvent_params mn21
  dielectric_params mn21
  sasa_type numeric
  solvent water
  num_ang_points 100
  charge_type iao_mulliken
  coulomb_radii smd
$end_solvation

$set_dfocc
solvation true
$end_dfocc

 ******************************************************************************************


	-Geometry before Center-of-Mass shift (ang): 
	 Number     Atom               X                    Y                       Z  
	 ---------------------------------------------------------------------------------------
           1     C             0.6620132950          0.0000000000           0.0000000000  
           2     C            -0.6620132950         -0.0000003931          -0.0000000000  
           3     H             1.2314402988          0.9205843151          -0.0000000000  
           4     H             1.2314402988         -0.9205843151           0.0000000000  
           5     H            -1.2314402988         -0.9205843151          -0.0000000000  
           6     H            -1.2314402988          0.9205843151           0.0000000000  



	-Geometry after Center-of-Mass shift (ang): 
	 Atom               X                    Y                       Z  
	 -------------------------------------------------------------------
     C           0.6620132950          0.0000001683           0.0000000000  
     C          -0.6620132950         -0.0000002248          -0.0000000000  
     H           1.2314402988          0.9205844834          -0.0000000000  
     H           1.2314402988         -0.9205841468           0.0000000000  
     H          -1.2314402988         -0.9205841468          -0.0000000000  
     H          -1.2314402988          0.9205844834           0.0000000000  


	-Geometry after Center-of-Mass shift (bohr): 
	 Atom               X                    Y                       Z  
	 -------------------------------------------------------------------
     C           1.2510238190          0.0000003180           0.0000000000  
     C          -1.2510238190         -0.0000004248          -0.0000000000  
     H           2.3270849046          1.7396525489          -0.0000000000  
     H           2.3270849046         -1.7396519129           0.0000000000  
     H          -2.3270849046         -1.7396519129          -0.0000000000  
     H          -2.3270849046          1.7396525489           0.0000000000  


    Rotational Constants: A =     4.93428  B =     1.01359  C =      0.84087 [cm^-1] 
    Rotor Type: ASYMMETRIC 

	-Nuclear Dipole Moment: (e a0)  
	 X:  0.00000   Y:  0.00000   Z:  0.00000   Total:  0.00000 

	-Nuclear Dipole Moment: (D)  
	 X:  0.00000   Y:  0.00000   Z:  0.00000   Total:  0.00000 


    Nuclear repulsion energy (V_NN)              : 33.501972228372 
   =====================================================
   Charge                : 0 
   Multiplicity          : 1 
   Number of Atoms       : 6 
   Number of Ghost Atoms : 0 
   Number of Electrons   : 16 
   Number of alpha occupied orbitals (NoccA)  : 8 
   Number of beta occupied orbitals (NoccB)   : 8 
   Number of singly occupied orbitals (Nsocc) : 0 
   Number of doubly occupied orbitals (Ndocc) : 8 
   =====================================================



  ## GLOBALS Options ##

  | TYPE         | KEY                      | INPUT? | VALUE              | DEFAULT            
  |--------------|--------------------------|--------|--------------------|--------------------
  | BOOL         | ERI_DISK                 | NO     | FALSE              | FALSE              
  | BOOL         | FREEZE_CORE              | NO     | TRUE               | TRUE               
  | BOOL         | MOL_FRAG                 | NO     | FALSE              | FALSE              
  | BOOL         | NOCOM                    | NO     | FALSE              | FALSE              
  | BOOL         | NOREORIENT               | NO     | TRUE               | TRUE               
  | BOOL         | PUREAM                   | NO     | TRUE               | TRUE               
  | BOOL         | ML                       | NO     | FALSE              | FALSE              
  | BOOL         | READ_PDB                 | NO     | FALSE              | FALSE              
  | BOOL         | TEST_MODE                | NO     | FALSE              | FALSE              
  | INT          | DERIVE_LEVEL             | NO     | 0                  | 0                  
  | INT          | FINDIF_POINTS            | NO     | 3                  | 3                  
  | INT          | MEMORY                   | YES    | 30000              | 2000               
  | INT          | NUM_THREADS              | NO     | 1                  | 1                  
  | INT          | NUM_FROZEN_DOCC          | NO     | 0                  | 0                  
  | INT          | NUM_FROZEN_VIR           | NO     | 0                  | 0                  
  | INT          | PRINT_LEVEL              | NO     | 0                  | 0                  
  | STRING       | AUX_BASIS_CORR           | NO     | CC-PVDZ-RI         | CC-PVDZ-RI         
  | STRING       | AUX_BASIS_SCF            | NO     | CC-PVDZ-JKFIT      | CC-PVDZ-JKFIT      
  | STRING       | BASIS                    | YES    | CC-PVDZ            | CC-PVDZ            
  | STRING       | BASIS2                   | NO     | MINAO              | MINAO              
  | STRING       | DERIVE_TYPE              | NO     | ANALYTIC           | ANALYTIC           
  | STRING       | FINDIF_METHOD            | NO     | GRAD               | GRAD               
  | STRING       | GEOM_UNITS               | NO     | ANG                | ANG                
  | STRING       | JOBTYPE                  | YES    | ENERGY             | ENERGY             
  | STRING       | METHOD                   | YES    | MP2                | SCF                
  | STRING       | REFERENCE                | YES    | RHF                | RHF                
  | STRING       | OUTFILE_MODE             | NO     | NEW                | NEW                
  | DOUBLE       | STEP_BOHR                | NO     | 0.05               | 0.05               
  | STR_ARRAY    | MOLECULE_GEOM_FROM       | NO     | [input]            | [input]            
  | DOUBLE_ARRAY | ELECTRIC_STRENGTH        | NO     | [0.001;0.001;0.001]| [0.001;0.001;0.001]
  | STRING       | ELECTRIC_FIELD           | NO     | NONE               | NONE               
  | STRING       | ALIGN_TWO_ATOMS          | NO     | NONE               | NONE               
  | INT_ARRAY    | TWO_ATOMS                | NO     | [0]                | [0]                



  ## INTS Options ##

  | TYPE         | KEY                      | INPUT? | VALUE              | DEFAULT            
  |--------------|--------------------------|--------|--------------------|--------------------
  | DOUBLE       | BOYS_CUTOFF              | NO     | 1e-15              | 1e-15              
  | DOUBLE       | BOYS_ZERO                | NO     | 1e-06              | 1e-06              
  | DOUBLE       | DELTA_X                  | NO     | 0.1                | 0.1                
  | DOUBLE       | INTEGRAL_CUTOFF          | NO     | 1e-10              | 1e-10              
  | DOUBLE       | X_MAX                    | NO     | 30.0               | 30.0               
  | INT          | BOYS_MAXITER             | NO     | 10000              | 10000              
  | INT          | MAX_AM                   | NO     | 7                  | 7                  
  | INT          | MAX_AM_AUX               | NO     | 7                  | 7                  
  | INT          | PRINT_LEVEL              | NO     | 0                  | 0                  
  | INT          | TAYLOR_ORDER             | NO     | 6                  | 6                  
  | STRING       | 3INDEX_ALGORITHM         | NO     | AUTO               | AUTO               
  | STRING       | BOYS_METHOD              | NO     | GHP                | GHP                
  | STRING       | ERI_ALGORITHM            | NO     | MD4                | MD4                


	Initializing Liboeprop (by U. Bozkaya) ...

	*=================================================================*
	*                  SCF                                            *
	*   Developed by U. Bozkaya & Y. Alagoz                           *
	*   Latest revision Feb 16, 2021                                  *
	*=================================================================*



  ## SCF Options ##

  | TYPE         | KEY                      | INPUT? | VALUE              | DEFAULT            
  |--------------|--------------------------|--------|--------------------|--------------------
  | BOOL         | DIIS_DAMP                | NO     | FALSE              | FALSE              
  | BOOL         | DIE_IF_NOT_CONVERGED     | NO     | TRUE               | TRUE               
  | BOOL         | DO_DF                    | NO     | TRUE               | TRUE               
  | BOOL         | DIIS                     | NO     | TRUE               | TRUE               
  | BOOL         | FOCK_DAMP                | NO     | FALSE              | FALSE              
  | BOOL         | GUESS_MIX                | NO     | FALSE              | FALSE              
  | BOOL         | GUESS_PREVIOUS           | NO     | FALSE              | FALSE              
  | BOOL         | LOCAL                    | NO     | FALSE              | FALSE              
  | BOOL         | RETRY                    | NO     | TRUE               | TRUE               
  | DOUBLE       | CUTOFF                   | NO     | 1e-10              | 1e-10              
  | DOUBLE       | D_CONVERGENCE            | YES    | 1e-06              | 1e-06              
  | DOUBLE       | DAMP_PARAM               | NO     | 0.02               | 0.02               
  | DOUBLE       | E_CONVERGENCE            | YES    | 1e-08              | 1e-08              
  | DOUBLE       | FOCK_DAMP_PERC           | NO     | 20.0               | 20.0               
  | DOUBLE       | MIN_OVERLAP_EIGVAL       | NO     | 1e-06              | 1e-06              
  | DOUBLE       | LOCAL_CONVERGENCE        | NO     | 1e-08              | 1e-08              
  | DOUBLE       | QC_GUESS_E_CONVERGENCE   | NO     | 0.0001             | 0.0001             
  | DOUBLE       | QC_GUESS_D_CONVERGENCE   | NO     | 0.005              | 0.005              
  | INT          | MAX_DIIS                 | NO     | 6                  | 6                  
  | INT          | MIN_DIIS                 | NO     | 2                  | 2                  
  | INT          | PRINT_LEVEL              | NO     | 0                  | 0                  
  | INT          | SCF_MAXITER              | NO     | 50                 | 50                 
  | INT          | LOCAL_MAXITER            | NO     | 50                 | 50                 
  | STRING       | DIIS_ALGORITHM           | NO     | DISK               | DISK               
  | STRING       | GUESS                    | YES    | SAD                | SAD                
  | BOOL         | MO_WRITE                 | NO     | FALSE              | FALSE              
  | BOOL         | FOCK_WRITE               | NO     | FALSE              | FALSE              
  | STRING       | ORTH_TYPE                | NO     | CANONICAL          | CANONICAL          
  | STRING       | ROHF_CANONIC_TYPE        | NO     | GUEST              | GUEST              
  | STRING       | ERI                      | NO     | INCORE             | INCORE             
  | STRING       | SCF_ALGORITHM            | NO     | ROOTHAAN           | ROOTHAAN           
  | STRING       | LOCAL_TYPE               | NO     | BOYS               | BOYS               
  | BOOL         | SAD_FRAC_OCC             | NO     | TRUE               | TRUE               
  | BOOL         | SAD_SPIN_AVERAGE         | NO     | TRUE               | TRUE               
  | DOUBLE       | SAD_E_CONVERGENCE        | NO     | 1e-05              | 1e-05              
  | DOUBLE       | SAD_D_CONVERGENCE        | NO     | 1e-05              | 1e-05              
  | INT          | SAD_MAXITER              | NO     | 50                 | 50                 
  | BOOL         | NIE                      | NO     | FALSE              | FALSE              
  | BOOL         | SAD_DIIS                 | NO     | TRUE               | TRUE               
  | INT          | SAD_MAX_DIIS             | NO     | 6                  | 6                  
  | INT          | SAD_MIN_DIIS             | NO     | 2                  | 2                  
  | INT          | SAD_PRINT                | NO     | 0                  | 0                  
  | STRING       | SAD_AUX_BASIS            | NO     | SAD-FIT            | SAD-FIT            
  | DOUBLE       | SAD_CHOLESKY_TOLERANCE   | NO     | 1e-07              | 1e-07              
  | BOOL         | SOLVATION                | YES    | TRUE               | FALSE              
  | BOOL         | BYPASS                   | NO     | FALSE              | FALSE              
  | STRING       | IAO_TYPE                 | NO     | STANDARD2013       | STANDARD2013       
  | BOOL         | USE_IAOS                 | NO     | FALSE              | FALSE              

	Initializing libdiis ...
	Initializing libmolint 1.1 ...
 CC-PVDZ primary basis set file will be read for the C atom...
 CC-PVDZ primary basis set file will be read for the H atom...
 Nmaxthread: 12 
 Nshell: 24 
 Lmax:  2 
 Npmax:  8 
 Nao: 48 
 Ndocc:  8 
 Nsocc:  0 
 NoccA:  8 
 NoccB:  8 
 Primary basis set info has been read.

 CC-PVDZ-JKFIT aux basis set file will be read for the C atom...
 CC-PVDZ-JKFIT aux basis set file will be read for the H atom...
 Nshell_aux: 84 
 Naux: 232 
 Aux basis set info has been read.

 orth_type: CANONICAL 
 Cpu time for S ints :       0.0000 s
 Wall time for S ints:       0.0027 s

 Using canonical orthogonalization. 
 Minimum eigenvalue in the overlap matrix is:   4.6479E-03 

 Cpu time for T ints :       0.0100 s
 Wall time for T ints:       0.0041 s
 Cpu time for V ints :       0.1100 s
 Wall time for V ints:       0.0280 s
 Cpu time for Metric ints :       0.2300 s
 Wall time for Metric ints:       0.0619 s
 3-Index Algorithm: AUTO 

 Calling fortran integrals: ringing... 
 Done with fintegrals.

 Cpu time for 3-index ints :       0.5100 s
 Wall time for 3-index ints:       0.1266 s
 Cpu time for df-factors :       0.0100 s
 Wall time for df-factors:       0.0034 s


 Puream (True=1, False=0) : 1
 Number of AO             : 48
 Number of MO             : 48
 Number of Aux Functions  : 232
 Charge                   : 0
 Multiplicity             : 1
 Alpha OCC                : 8
 Beta OCC                 : 8
 Nuclear Repulsion Energy : 33.50197223
 Energy Treshold          : 1.0e-08
 Density Treshold         : 1.0e-06
 Iteration Limit          : 50
 Guess                    : SAD
 Guess Mix                : false
 Diis                     : true
 Diis Damping             : false
 Diis Damp Parameter      : 0.02
 Diis Algorithm           : DISK
 Cutoff Treshold          : 1.0e-10
 Density Fitting          : true
 Reference                : RHF
 Die If Not Converged     : true
 Print Level              : 0
 ERI Algorithm            : INCORE
 SCF Algorithm            : ROOTHAAN




  ## SOLVATION Options ##

  | TYPE         | KEY                      | INPUT? | VALUE              | DEFAULT            
  |--------------|--------------------------|--------|--------------------|--------------------
  | INT          | NUM_Z_POINTS             | NO     | 90                 | 90                 
  | INT          | NUM_ANG_POINTS           | YES    | 100                | 100                
  | STRING       | SASA_TYPE                | YES    | NUMERIC            | NUMERIC            
  | STRING       | CHARGE_TYPE              | YES    | IAO_MULLIKEN       | IAO_MULLIKEN       
  | STRING       | CDS_TYPE                 | YES    | SMD                | SMD                
  | STRING       | SOLVENT                  | YES    | WATER              | WATER              
  | STRING       | SOLVENT_PARAMS           | YES    | MN21               | SM8                
  | STRING       | DIELECTRIC_PARAMS        | YES    | MN21               | MN21               
  | STRING       | COULOMB_RADII            | YES    | SMD                | SMD                
  | DOUBLE       | COVALENT_VW_CONST        | NO     | 0.76               | 0.76               
  | DOUBLE       | SOLVENT_RADIUS           | NO     | 0.4                | 0.4                
  | STRING       | RADIUS_TYPE              | YES    | SMD                | SMD                
  | DOUBLE       | GB_DIJ                   | NO     | 3.7                | 3.7                
  | DOUBLE       | GB_SIJ                   | NO     | 0.75               | 0.75               
  | DOUBLE       | GB_CIJ                   | NO     | 0.0                | 0.0                
  | DOUBLE       | F_PWSASA                 | NO     | 0.4535             | 0.4535             
  | DOUBLE       | SCALE_VDW                | NO     | 1.0                | 1.0                
  | DOUBLE       | SCALE_CR                 | NO     | 1.0                | 1.0                



 Sasa Type                  : NUMERIC 
 Charge Type                : IAO_MULLIKEN 
 CDS Type                   : SMD 
 Radius Type                : SMD 
 Solvent                    : WATER 
 Solvent Parameters         : MN21 
 Dielectric Parameters      : MN21 
 Coulomb Radii Parameters   : SMD 
 GB d_ij parameter          : 3.7000000000 
 GB S_ij parameter          : 0.7500000000 
 GB C_ij parameter          : 0.0000000000 
 Sclae_vdw parameter        : 1.0000000000 
 Number of z-points         : 90 
 Number of angular points   : 100 
 Number of SASA grid points : 17902 
 Solvent Dielectric Constant: 78.3553000000 

 VDW Radii:
	  1 C :       1.7000  ang
	  2 C :       1.7000  ang
	  3 H :       1.2000  ang
	  4 H :       1.2000  ang
	  5 H :       1.2000  ang
	  6 H :       1.2000  ang

	 Computing SASA... 

 Atomic SASA values:
	  1 C :      17.6791  ang^2
	  2 C :      17.6791  ang^2
	  3 H :      13.0067  ang^2
	  4 H :      13.0067  ang^2
	  5 H :      13.0067  ang^2
	  6 H :      13.0067  ang^2

	*Total SASA (angs^2): 87.3848790265 


 Coulomb Radii:
	  1 C :       1.8500  ang
	  2 C :       1.8500  ang
	  3 H :       1.2000  ang
	  4 H :       1.2000  ang
	  5 H :       1.2000  ang
	  6 H :       1.2000  ang
 Solvent Alpha                       : 1.1700000000 

 ## Effective Born Radius (bohr) ##
   0   3.7141562821 
   1   3.7141562821 
   2   2.9092618387 
   3   2.9092618387 
   4   2.9092618387 
   5   2.9092618387 

 Effective Born Radii:
	  1 C :       1.9654  ang
	  2 C :       1.9654  ang
	  3 H :       1.5395  ang
	  4 H :       1.5395  ang
	  5 H :       1.5395  ang
	  6 H :       1.5395  ang


 Coulomb Integrals:
	  1  1 :       0.2692  bohr^-1
	  1  2 :       0.2327  bohr^-1
	  1  3 :       0.2681  bohr^-1
	  1  4 :       0.2681  bohr^-1
	  1  5 :       0.2081  bohr^-1
	  1  6 :       0.2081  bohr^-1
	  2  1 :       0.2327  bohr^-1
	  2  2 :       0.2692  bohr^-1
	  2  3 :       0.2081  bohr^-1
	  2  4 :       0.2081  bohr^-1
	  2  5 :       0.2681  bohr^-1
	  2  6 :       0.2681  bohr^-1
	  3  1 :       0.2681  bohr^-1
	  3  2 :       0.2081  bohr^-1
	  3  3 :       0.3437  bohr^-1
	  3  4 :       0.2367  bohr^-1
	  3  5 :       0.1652  bohr^-1
	  3  6 :       0.1965  bohr^-1
	  4  1 :       0.2681  bohr^-1
	  4  2 :       0.2081  bohr^-1
	  4  3 :       0.2367  bohr^-1
	  4  4 :       0.3437  bohr^-1
	  4  5 :       0.1965  bohr^-1
	  4  6 :       0.1652  bohr^-1
	  5  1 :       0.2081  bohr^-1
	  5  2 :       0.2681  bohr^-1
	  5  3 :       0.1652  bohr^-1
	  5  4 :       0.1965  bohr^-1
	  5  5 :       0.3437  bohr^-1
	  5  6 :       0.2367  bohr^-1
	  6  1 :       0.2081  bohr^-1
	  6  2 :       0.2681  bohr^-1
	  6  3 :       0.1965  bohr^-1
	  6  4 :       0.1652  bohr^-1
	  6  5 :       0.2367  bohr^-1
	  6  6 :       0.3437  bohr^-1
    ===> SCF Iteration Started <===

     Iter. |                   Energy |       Delta E |          Drms |
    -------|--------------------------|---------------|---------------|
         1 |       -77.34378058540162 |    -7.734e+01 |     2.313e-02 |
         2 |       -77.98700294493035 |    -6.432e-01 |     3.593e-03 | DIIS
         3 |       -78.03420608997128 |    -4.720e-02 |     9.168e-04 | DIIS
         4 |       -78.03976537151952 |    -5.559e-03 |     3.156e-04 | DIIS
         5 |       -78.04005246819641 |    -2.871e-04 |     6.734e-05 | DIIS
         6 |       -78.04005504727955 |    -2.579e-06 |     9.304e-06 | DIIS
         7 |       -78.04005521624590 |    -1.690e-07 |     1.725e-06 | DIIS
         8 |       -78.04005521771622 |    -1.470e-09 |     4.443e-07 | DIIS


	-Alpha Occupied Orbital Energies (au):  
	 1: -11.2179848376 	 2: -11.2162500051 	 3: -1.0178749085 	 4: -0.7731172549 	 5: -0.6230963548 
	 6: -0.5692521812 	 7: -0.4849466155 	 8: -0.3597345723 
	-Alpha Virtual Orbital Energies (au):  
	 9: 0.1848637085 	10: 0.2132729660 	11: 0.2412785792 	12: 0.2472860951 	13: 0.3088656192 
	14: 0.4713454164 	15: 0.5777095858 	16: 0.6162399476 	17: 0.6873812809 	18: 0.7137310471 
	19: 0.7929229899 	20: 0.8106068430 	21: 0.8634674994 	22: 0.9459698795 	23: 0.9853793024 
	24: 1.0131475435 	25: 1.1310182690 	26: 1.2402181445 	27: 1.2474074363 	28: 1.2674120711 
	29: 1.2957405200 	30: 1.5988802330 	31: 1.7401936664 	32: 1.7576553794 	33: 1.8192200705 
	34: 1.8569102460 	35: 1.8693604912 	36: 1.9166107696 	37: 1.9702750140 	38: 1.9846994086 
	39: 2.2336987187 	40: 2.2626165253 	41: 2.3730209803 	42: 2.4494569909 	43: 2.5161063994 
	44: 2.6525264328 	45: 2.7116066032 	46: 2.8263022122 	47: 3.1305469290 	48: 3.4138142557 



	-Mulliken Population Analysis for SCF:
	 1: -0.0949540913 	 2: -0.0949540913 	 3: 0.0474770483 	 4: 0.0474770430 	 5: 0.0474769531 
	 6: 0.0474771383 

	-Lowdin Population Analysis for SCF:  
	 1: -0.0461900327 	 2: -0.0461900327 	 3: 0.0230950240 	 4: 0.0230950088 	 5: 0.0230949392 
	 6: 0.0230950935 

	-Electronic Dipole Moment: (e a0)  
	 X:  0.00000   Y:  -0.00000   Z:  0.00000   Total:  0.00000 

	-Electronic Dipole Moment: (D)  
	 X:  0.00000   Y:  -0.00000   Z:  0.00000   Total:  0.00000 

	-Total Dipole Moment: (e a0)  
	 X:  0.00000   Y:  -0.00000   Z:  0.00000   Total:  0.00000 

	-Total Dipole Moment: (D)  
	 X:  0.00000   Y:  -0.00000   Z:  0.00000   Total:  0.00000 



	Initializing Liboeprop (by U. Bozkaya) ...


	-Mulliken Population Analysis for SCF-IAO:
	 1: -0.2731674324 	 2: -0.2731674324 	 3: 0.1366060164 	 4: 0.1366059678 	 5: 0.1366061994 
	 6: 0.1366057848 

	-Lowdin Population Analysis for SCF-IAO:  
	 1: -0.2731674324 	 2: -0.2731674324 	 3: 0.1366060164 	 4: 0.1366059678 	 5: 0.1366061994 
	 6: 0.1366057848 

	Initializing Liblocal (by U. Bozkaya) ...
  ==> Pipek-Mezey Localizer <==

    Convergence =   1.000E-08
    Maxiter     =          50

    Iteration                   Metric       Residual
    PM    0   5.9792757667556824E+00              -
    PM    1   9.8313801189395633E+00   6.442426E-01
    PM    2   1.0580647005977093E+01   7.621177E-02
    PM    3   1.0584778031036842E+01   3.904322E-04
    PM    4   1.0584816915829983E+01   3.673652E-06
    PM    5   1.0584817139713834E+01   2.115141E-08
    PM    6   1.0584817142139297E+01   2.291454E-10

    PM Localizer converged.



	*Molecular contr. to CDS energy:       0.0000  kcal/mol
	*Total CDS energy:       3.1959  kcal/mol
	*SCF::Polarization Free Energy (au)      : -0.0015294627 
	*SCF::Polarization Free Energy (kcal/mol):      -0.9598 
	*SCF::CDS Free Energy (au)      : 0.0050930186 
	*SCF::CDS Free Energy (kcal/mol):       3.1959 
	*SCF::Total Solvation Free Energy (au)      : 0.0035635559 
	*SCF::Total Solvation Free Energy (kcal/mol):       2.2362 
 CC-PVDZ primary basis set file will be read for the C atom...
 CC-PVDZ primary basis set file will be read for the H atom...
 Nmaxthread: 12 
 Nshell: 24 
 Lmax:  2 
 Npmax:  8 
 Nao: 48 
 Ndocc:  8 
 Nsocc:  0 
 NoccA:  8 
 NoccB:  8 
 Primary basis set info has been read.

 CC-PVDZ-JKFIT aux basis set file will be read for the C atom...
 CC-PVDZ-JKFIT aux basis set file will be read for the H atom...
 Nshell_aux: 84 
 Naux: 232 
 Aux basis set info has been read.


	*Total SCF Energy: -78.04005521771622

 Cpu time for SCF :       0.4557 minutes
 Wall time for SCF:       0.1236 minutes


	MO spaces... 

	 FC   OCC   VIR   FV 
	----------------------
	  2    6    40    0


	Libtrans is initialized (by U. Bozkaya) ...

 ============================================================================== 
 ============================================================================== 
 ============================================================================== 

                       DF-MP2   
              Program Written by Ugur Bozkaya
              Latest Revision May 2, 2021

 ============================================================================== 
 ============================================================================== 
 ============================================================================== 

	For this residual convergence, default PCG convergence is:     1.00e-07
    Warning: "PCG_CONVERGENCE" option is changed to     1.00e-07


  ## DFOCC Options ##

  | TYPE         | KEY                      | INPUT? | VALUE              | DEFAULT            
  |--------------|--------------------------|--------|--------------------|--------------------
  | BOOL         | EOM                      | NO     | FALSE              | FALSE              
  | BOOL         | EOM_MP2                  | NO     | FALSE              | FALSE              
  | BOOL         | EOM_MP3                  | NO     | FALSE              | FALSE              
  | BOOL         | EOM_MP2_5                | NO     | FALSE              | FALSE              
  | BOOL         | EOM_LCCD                 | NO     | FALSE              | FALSE              
  | BOOL         | LOW_MEM_MP2              | NO     | FALSE              | FALSE              
  | BOOL         | LOW_MEM_MP3              | NO     | FALSE              | FALSE              
  | BOOL         | CD_PRESCREEN             | NO     | FALSE              | FALSE              
  | DOUBLE       | CIS_E_CONV               | NO     | 1e-06              | 1e-06              
  | DOUBLE       | CIS_R_CONV               | NO     | 1e-06              | 1e-06              
  | DOUBLE       | CIS_RES_PRECONDITION_TOL | NO     | 0.0001             | 0.0001             
  | DOUBLE       | DAVIDSON_TOLERANCE       | NO     | 1e-06              | 1e-06              
  | DOUBLE       | E3_SCALE                 | NO     | 0.25               | 0.25               
  | DOUBLE       | E_CONVERGENCE            | NO     | 1e-06              | 1e-06              
  | DOUBLE       | JK_MEMORY                | NO     | 1000000000.0       | 1000000000.0       
  | DOUBLE       | LEVEL_SHIFT              | NO     | 0.02               | 0.02               
  | DOUBLE       | MAX_MOGRAD_CONVERGENCE   | NO     | 0.001              | 0.001              
  | DOUBLE       | MO_STEP_MAX              | NO     | 0.5                | 0.5                
  | DOUBLE       | MP2_OS_SCALE             | NO     | 1.2                | 1.2                
  | DOUBLE       | MP2_SOS_SCALE            | NO     | 1.3                | 1.3                
  | DOUBLE       | MP2_SOS_SCALE2           | NO     | 1.2                | 1.2                
  | DOUBLE       | MP2_SS_SCALE             | NO     | 0.3333333333333333 | 0.3333333333333333 
  | DOUBLE       | OCC_PERCENTAGE           | NO     | 99.0               | 99.0               
  | DOUBLE       | OCC_TOLERANCE            | NO     | 1e-05              | 1e-05              
  | DOUBLE       | OO_SCALE                 | NO     | 0.01               | 0.01               
  | DOUBLE       | PCG_CONVERGENCE          | NO     | 1e-06              | 1e-06              
  | DOUBLE       | R_CONVERGENCE            | NO     | 1e-05              | 1e-05              
  | DOUBLE       | REG_PARAM                | NO     | 0.4                | 0.4                
  | DOUBLE       | KAPPA_REG_PARAM          | NO     | 1.1                | 1.1                
  | DOUBLE       | RMS_MOGRAD_CONVERGENCE   | NO     | 1e-06              | 1e-06              
  | DOUBLE       | SCG_TOLERANCE            | NO     | 1e-06              | 1e-06              
  | DOUBLE       | SCHMIDT_ADD_RES_TOL      | NO     | 0.001              | 0.001              
  | INT          | ACTIVE_NAT_ORBS          | NO     | 2                  | 2                  
  | INT          | CC_DIIS_MAX_VECS         | NO     | 6                  | 6                  
  | INT          | CC_DIIS_MIN_VECS         | NO     | 2                  | 2                  
  | INT          | CC_MAXITER               | NO     | 50                 | 50                 
  | INT          | CUTOFF                   | NO     | 8                  | 8                  
  | INT          | EXCITATION_RANGE         | NO     | 2                  | 2                  
  | INT          | FOLLOW_ROOT              | NO     | 1                  | 1                  
  | INT          | INTEGRAL_CUTOFF          | NO     | 9                  | 9                  
  | INT          | MAX_VECS                 | NO     | 50                 | 50                 
  | INT          | MO_DIIS_NUM_VECS         | NO     | 6                  | 6                  
  | INT          | MO_MAXITER               | NO     | 50                 | 50                 
  | INT          | NUM_ROOTS                | NO     | 4                  | 4                  
  | INT          | PCG_MAXITER              | NO     | 50                 | 50                 
  | INT          | PRINT_LEVEL              | NO     | 0                  | 0                  
  | INT          | VECS_PER_ROOT            | NO     | 1                  | 1                  
  | STRING       | CC_LAMBDA                | NO     | FALSE              | FALSE              
  | STRING       | CHOLESKY                 | NO     | FALSE              | FALSE              
  | STRING       | CIS_ALGORITHM            | NO     | MO_BASIS           | MO_BASIS           
  | STRING       | CIS_GUESS_COEFF          | NO     | MIX                | MIX                
  | STRING       | COMPUT_S2                | NO     | FALSE              | FALSE              
  | STRING       | DIAG_METHOD              | NO     | DAVIDSON           | DAVIDSON           
  | STRING       | DO_DIIS                  | NO     | TRUE               | TRUE               
  | STRING       | DO_LEVEL_SHIFT           | NO     | TRUE               | TRUE               
  | STRING       | DO_SCS                   | NO     | FALSE              | FALSE              
  | STRING       | DO_SOS                   | NO     | FALSE              | FALSE              
  | STRING       | EKT_IP                   | NO     | FALSE              | FALSE              
  | STRING       | FREEZE_CORE              | NO     | TRUE               | TRUE               
  | STRING       | HESS_TYPE                | NO     | HF                 | HF                 
  | STRING       | JK_TYPE                  | NO     | DIRECT             | DIRECT             
  | STRING       | LINEQ_SOLVER             | NO     | CDGESV             | CDGESV             
  | STRING       | MO_READ                  | NO     | FALSE              | FALSE              
  | STRING       | MO_WRITE                 | NO     | FALSE              | FALSE              
  | STRING       | MP2_AMP_TYPE             | NO     | DIRECT             | DIRECT             
  | STRING       | NAT_ORBS                 | NO     | FALSE              | FALSE              
  | STRING       | NBO                      | NO     | TRUE               | TRUE               
  | STRING       | OCC_ORBS_PRINT           | NO     | FALSE              | FALSE              
  | STRING       | OEPROP                   | NO     | FALSE              | FALSE              
  | STRING       | OPT_METHOD               | NO     | QNR                | QNR                
  | STRING       | ORB_RESP_SOLVER          | NO     | PCG                | PCG                
  | STRING       | ORTH_TYPE                | NO     | MGS                | MGS                
  | STRING       | PCG_BETA_TYPE            | NO     | FLETCHER_REEVES    | FLETCHER_REEVES    
  | STRING       | PPL_TYPE                 | NO     | AUTO               | AUTO               
  | STRING       | PRINT_CI_VECS            | NO     | FALSE              | FALSE              
  | STRING       | QCHF                     | NO     | FALSE              | FALSE              
  | STRING       | READ_SCF_3INDEX          | NO     | TRUE               | TRUE               
  | STRING       | REGULARIZATION           | NO     | FALSE              | FALSE              
  | STRING       | REG_TYPE                 | NO     | NORMAL             | NORMAL             
  | STRING       | SCS_TYPE                 | NO     | SCS                | SCS                
  | STRING       | SOS_TYPE                 | NO     | SOS                | SOS                
  | STRING       | TRIPLES_IABC_TYPE        | NO     | DISK               | DISK               
  | STRING       | UNIT_GUESS_TYPE          | NO     | GEN                | GEN                
  | STRING       | EKT_NEGATIVE_OCC         | NO     | ABS                | ABS                
  | BOOL         | SOLVATION                | YES    | TRUE               | FALSE              

	MO spaces... 

	 FC   OCC   VIR   FV 
	----------------------
	  2    6    40    0
 CC-PVDZ primary basis set file will be read for the C atom...
 CC-PVDZ primary basis set file will be read for the H atom...
 Nmaxthread: 12 
 Nshell: 24 
 Lmax:  2 
 Npmax:  8 
 Nao: 48 
 Ndocc:  8 
 Nsocc:  0 
 NoccA:  8 
 NoccB:  8 
 Primary basis set info has been read.

 CC-PVDZ-RI aux basis set file will be read for the C atom...
 CC-PVDZ-RI aux basis set file will be read for the H atom...
 Nshell_aux: 60 
 Naux: 168 
 Aux basis set info has been read.

 Cpu time for Metric ints :       0.0700 s
 Wall time for Metric ints:       0.0183 s
 3-Index Algorithm: AUTO 

 Calling fortran integrals: ringing... 
 Done with fintegrals.

 Cpu time for 3-index ints :       0.2000 s
 Wall time for 3-index ints:       0.0507 s
 Cpu time for df-factors :       0.0100 s
 Wall time for df-factors:       0.0022 s
 CC-PVDZ primary basis set file will be read for the C atom...
 CC-PVDZ primary basis set file will be read for the H atom...
 Nmaxthread: 12 
 Nshell: 24 
 Lmax:  2 
 Npmax:  8 
 Nao: 48 
 Ndocc:  8 
 Nsocc:  0 
 NoccA:  8 
 NoccB:  8 
 Primary basis set info has been read.

 CC-PVDZ-JKFIT aux basis set file will be read for the C atom...
 CC-PVDZ-JKFIT aux basis set file will be read for the H atom...
 Nshell_aux: 84 
 Naux: 232 
 Aux basis set info has been read.

	Reading DF integrals from disk ...
 Cpu time for Metric ints :       0.2400 s
 Wall time for Metric ints:       0.0601 s
	Number of basis functions in the DF-HF basis: 232
	Number of basis functions in the DF-CC basis: 168

	Available memory                      :  30000.00 MB 
	Minimum required memory for amplitudes:      1.38 MB 
	Memory requirement for B-CC (Q|mu nu) :      3.10 MB 
	Memory requirement for B-CC (Q|ab)    :      2.15 MB 
	Memory requirement for DF-CC int trans:      5.68 MB 

	Computing DF-MP2 energy using SCF MOs (Canonical DF-MP2)... 
	======================================================================= 
	Nuclear Repulsion Energy (a.u.)    :    33.50198388785063
	DF-HF Energy (a.u.)                :   -78.04005521771622
	REF Energy (a.u.)                  :   -78.04005521771622
	DF-MP2 Correlation Energy (a.u.)   :    -0.27543064915575
	DF-MP2 Total Energy (a.u.)         :   -78.31548586687197
	======================================================================= 

	*Total MP2 Energy: -78.31548586687197

	Computing unrelaxed response density matrices...
	Number of independent-pairs: 320
	Computing the generalized Fock matrix (GFM)...
	Computing the orbital gradient...
	Forming effective orbital gradient...
	Solving orbital Z-vector equations...

	            PCG Solver 
	   ------------------------------ 
	Iter     RMS Z Vector        RMS Residual  
	----    ---------------    ---------------
	  1         1.16e-03         5.44e-04
	  2         2.80e-04         4.07e-05
	  3         1.79e-05         6.01e-06
	  4         2.42e-06         9.05e-07
	  5         2.74e-07         1.22e-07
	  6         3.80e-08         1.04e-08

	Computing the relaxed PDMs and GFM...
	Compute solv. is starting ...

	Initializing Liboeprop (by U. Bozkaya) ...


	-Mulliken Population Analysis for MP2-IAO:
	 1: -0.1727090311 	 2: -0.1727090311 	 3: 0.1067849882 	 4: 0.1067849254 	 5: 0.1067852039 
	 6: 0.1067847097 

	-Lowdin Population Analysis for MP2-IAO:  
	 1: -0.1727090311 	 2: -0.1727090311 	 3: 0.1067849882 	 4: 0.1067849254 	 5: 0.1067852039 
	 6: 0.1067847097 


  ## SOLVATION Options ##

  | TYPE         | KEY                      | INPUT? | VALUE              | DEFAULT            
  |--------------|--------------------------|--------|--------------------|--------------------
  | INT          | NUM_Z_POINTS             | NO     | 90                 | 90                 
  | INT          | NUM_ANG_POINTS           | YES    | 100                | 100                
  | STRING       | SASA_TYPE                | YES    | NUMERIC            | NUMERIC            
  | STRING       | CHARGE_TYPE              | YES    | IAO_MULLIKEN       | IAO_MULLIKEN       
  | STRING       | CDS_TYPE                 | YES    | SMD                | SMD                
  | STRING       | SOLVENT                  | YES    | WATER              | WATER              
  | STRING       | SOLVENT_PARAMS           | YES    | MN21               | SM8                
  | STRING       | DIELECTRIC_PARAMS        | YES    | MN21               | MN21               
  | STRING       | COULOMB_RADII            | YES    | SMD                | SMD                
  | DOUBLE       | COVALENT_VW_CONST        | NO     | 0.76               | 0.76               
  | DOUBLE       | SOLVENT_RADIUS           | NO     | 0.4                | 0.4                
  | STRING       | RADIUS_TYPE              | YES    | SMD                | SMD                
  | DOUBLE       | GB_DIJ                   | NO     | 3.7                | 3.7                
  | DOUBLE       | GB_SIJ                   | NO     | 0.75               | 0.75               
  | DOUBLE       | GB_CIJ                   | NO     | 0.0                | 0.0                
  | DOUBLE       | F_PWSASA                 | NO     | 0.4535             | 0.4535             
  | DOUBLE       | SCALE_VDW                | NO     | 1.0                | 1.0                
  | DOUBLE       | SCALE_CR                 | NO     | 1.0                | 1.0                



 Sasa Type                  : NUMERIC 
 Charge Type                : IAO_MULLIKEN 
 CDS Type                   : SMD 
 Radius Type                : SMD 
 Solvent                    : WATER 
 Solvent Parameters         : MN21 
 Dielectric Parameters      : MN21 
 Coulomb Radii Parameters   : SMD 
 GB d_ij parameter          : 3.7000000000 
 GB S_ij parameter          : 0.7500000000 
 GB C_ij parameter          : 0.0000000000 
 Sclae_vdw parameter        : 1.0000000000 
 Number of z-points         : 90 
 Number of angular points   : 100 
 Number of SASA grid points : 17902 
 Solvent Dielectric Constant: 78.3553000000 

 VDW Radii:
	  1 C :       1.7000  ang
	  2 C :       1.7000  ang
	  3 H :       1.2000  ang
	  4 H :       1.2000  ang
	  5 H :       1.2000  ang
	  6 H :       1.2000  ang

	 Computing SASA... 

 Atomic SASA values:
	  1 C :      17.6791  ang^2
	  2 C :      17.6791  ang^2
	  3 H :      13.0067  ang^2
	  4 H :      13.0067  ang^2
	  5 H :      13.0067  ang^2
	  6 H :      13.0067  ang^2

	*Total SASA (angs^2): 87.3848790265 


 Coulomb Radii:
	  1 C :       1.8500  ang
	  2 C :       1.8500  ang
	  3 H :       1.2000  ang
	  4 H :       1.2000  ang
	  5 H :       1.2000  ang
	  6 H :       1.2000  ang
 Solvent Alpha                       : 1.1700000000 

 ## Effective Born Radius (bohr) ##
   0   3.7141562821 
   1   3.7141562821 
   2   2.9092618387 
   3   2.9092618387 
   4   2.9092618387 
   5   2.9092618387 

 Effective Born Radii:
	  1 C :       1.9654  ang
	  2 C :       1.9654  ang
	  3 H :       1.5395  ang
	  4 H :       1.5395  ang
	  5 H :       1.5395  ang
	  6 H :       1.5395  ang


 Coulomb Integrals:
	  1  1 :       0.2692  bohr^-1
	  1  2 :       0.2327  bohr^-1
	  1  3 :       0.2681  bohr^-1
	  1  4 :       0.2681  bohr^-1
	  1  5 :       0.2081  bohr^-1
	  1  6 :       0.2081  bohr^-1
	  2  1 :       0.2327  bohr^-1
	  2  2 :       0.2692  bohr^-1
	  2  3 :       0.2081  bohr^-1
	  2  4 :       0.2081  bohr^-1
	  2  5 :       0.2681  bohr^-1
	  2  6 :       0.2681  bohr^-1
	  3  1 :       0.2681  bohr^-1
	  3  2 :       0.2081  bohr^-1
	  3  3 :       0.3437  bohr^-1
	  3  4 :       0.2367  bohr^-1
	  3  5 :       0.1652  bohr^-1
	  3  6 :       0.1965  bohr^-1
	  4  1 :       0.2681  bohr^-1
	  4  2 :       0.2081  bohr^-1
	  4  3 :       0.2367  bohr^-1
	  4  4 :       0.3437  bohr^-1
	  4  5 :       0.1965  bohr^-1
	  4  6 :       0.1652  bohr^-1
	  5  1 :       0.2081  bohr^-1
	  5  2 :       0.2681  bohr^-1
	  5  3 :       0.1652  bohr^-1
	  5  4 :       0.1965  bohr^-1
	  5  5 :       0.3437  bohr^-1
	  5  6 :       0.2367  bohr^-1
	  6  1 :       0.2081  bohr^-1
	  6  2 :       0.2681  bohr^-1
	  6  3 :       0.1965  bohr^-1
	  6  4 :       0.1652  bohr^-1
	  6  5 :       0.2367  bohr^-1
	  6  6 :       0.3437  bohr^-1


	*Molecular contr. to CDS energy:       0.0000  kcal/mol
	*Total CDS energy:       3.1959  kcal/mol
	*MP2::Polarization Free Energy (au)      : -0.0013169764 
	*MP2::Polarization Free Energy (kcal/mol):      -0.8264 
	*MP2::CDS Free Energy (au)      : 0.0050930186 
	*MP2::CDS Free Energy (kcal/mol):       3.1959 
	*MP2::Total Solvation Free Energy (au)      : 0.0037760422 
	*MP2::Total Solvation Free Energy (kcal/mol):       2.3695 
	GB-MP2 Total Energy (a.u.)         :   -78.31170982466043

	*Total GB-MP2 Energy: -78.31548586687197


 Cpu time for MacroQC :       0.5525 minutes
 Wall time for MacroQC:       0.1560 minutes


 ******************************************************************************************
	 MacroQC terminates normally:) 
 ****************************************************************************************** 

