 ==========================================================================================
 =========                __  ___                         ____  ______            =========
 ======                  /  |/  /___ _______________     / __ \/ ____/               ======
 ====                   / /|_/ / __ `/ ___/ ___/ __ \   / / / / /                      ====
 ===                   / /  / / /_/ / /__/ /  / /_/ /  / /_/ / /___                     ===
 ==                   /_/  /_/\__,_/\___/_/   \____/   \___\_\____/                      ==
 ===                                                                1.0.4                ===
 =====     An electronic structure theory software for large-scale applications       =====
 ======                                 See license.txt for license info             ======
 =========                                                                        =========
 ==========================================================================================
                                                                                           
                           * * * * * * * * * * * * * * * * * * * *                        
                           *            Developed by             *                        
                           *             U. Bozkaya              *                        
                           *                                     *                        
                           *       With contributions from:      *                        
                           *         B. Ermis, Y. Alagoz,        *                        
                           *         A. Unal, and A. K. Uyar     *                        
                           *         Git Version: deab493        *                        
                           *       Latest Revision: 2026-03-23   *                        
                           * * * * * * * * * * * * * * * * * * * *                        


 Run date: Wed Mar 25 11:18:47 2026
 
 Hostname: ub28 

 ## MacroQC input file ##
 ******************************************************************************************
$set_molecule
0 1
O       1.9684426682    -0.7357544224     0.0002046250
O       1.7222353042     1.4993266878    -0.0006093239
C      -0.2319490774     0.1221973324    -0.0002191834
C      -1.1011764564     1.2143285936     0.0001270416
C      -0.7506768942    -1.1737224110    -0.0004197202
C      -2.4732096312     1.0125636290     0.0004042204
C      -2.1246580837    -1.3716784384    -0.0002009445
C      -2.9869761798    -0.2804866950     0.0002357297
C       1.2319647395     0.3950899022    -0.0002714311
C       3.3914978231    -0.5509210011     0.0005091853
H      -0.6817507437     2.2102679741     0.0003085491
H      -0.0771649957    -2.0173299401    -0.0007027169
H      -3.1427905275     1.8622990828     0.0007413536
H      -2.5228070211    -2.3774879662    -0.0004143270
H      -4.0574752200    -0.4369838587     0.0004883318
H       3.7055127016    -0.0015404182     0.8864853463
H       3.7058568733    -0.0018511477    -0.8853803694
H       3.8162977133    -1.5501773188     0.0007220361
$end_molecule


$set_globals
   basis cc-pvdz
  method mp2
  reference rhf
  jobtype energy
  memory 30000
$end_globals


$set_scf
  e_convergence 1.0e-8
  d_convergence 1.0e-6
  guess sad
  solvation true
$end_scf


$set_solvation
  cds_type smd
  radius_type smd
  solvent_params mn21
  dielectric_params mn21
  sasa_type numeric
  solvent water
  num_ang_points 100
  charge_type iao_mulliken
  coulomb_radii smd
$end_solvation

$set_dfocc
solvation true
$end_dfocc

 ******************************************************************************************


	-Geometry before Center-of-Mass shift (ang): 
	 Number     Atom               X                    Y                       Z  
	 ---------------------------------------------------------------------------------------
           1     O             1.9684426682         -0.7357544224           0.0002046250  
           2     O             1.7222353042          1.4993266878          -0.0006093239  
           3     C            -0.2319490774          0.1221973324          -0.0002191834  
           4     C            -1.1011764564          1.2143285936           0.0001270416  
           5     C            -0.7506768942         -1.1737224110          -0.0004197202  
           6     C            -2.4732096312          1.0125636290           0.0004042204  
           7     C            -2.1246580837         -1.3716784384          -0.0002009445  
           8     C            -2.9869761798         -0.2804866950           0.0002357297  
           9     C             1.2319647395          0.3950899022          -0.0002714311  
          10     C             3.3914978231         -0.5509210011           0.0005091853  
          11     H            -0.6817507437          2.2102679741           0.0003085491  
          12     H            -0.0771649957         -2.0173299401          -0.0007027169  
          13     H            -3.1427905275          1.8622990828           0.0007413536  
          14     H            -2.5228070211         -2.3774879662          -0.0004143270  
          15     H            -4.0574752200         -0.4369838587           0.0004883318  
          16     H             3.7055127016         -0.0015404182           0.8864853463  
          17     H             3.7058568733         -0.0018511477          -0.8853803694  
          18     H             3.8162977133         -1.5501773188           0.0007220361  



	-Geometry after Center-of-Mass shift (ang): 
	 Atom               X                    Y                       Z  
	 -------------------------------------------------------------------
     O           1.9740185504         -0.7525922164           0.0002210051  
     O           1.7278111864          1.4824888938          -0.0005929438  
     C          -0.2263731952          0.1053595384          -0.0002028033  
     C          -1.0956005742          1.1974907996           0.0001434217  
     C          -0.7451010120         -1.1905602050          -0.0004033401  
     C          -2.4676337490          0.9957258350           0.0004206005  
     C          -2.1190822015         -1.3885162324          -0.0001845644  
     C          -2.9814002976         -0.2973244890           0.0002521098  
     C           1.2375406217          0.3782521082          -0.0002550510  
     C           3.3970737053         -0.5677587951           0.0005255654  
     H          -0.6761748615          2.1934301801           0.0003249292  
     H          -0.0715891135         -2.0341677341          -0.0006863368  
     H          -3.1372146453          1.8454612888           0.0007577337  
     H          -2.5172311389         -2.3943257602          -0.0003979469  
     H          -4.0518993378         -0.4538216527           0.0005047119  
     H           3.7110885838         -0.0183782122           0.8865017264  
     H           3.7114327555         -0.0186889417          -0.8853639893  
     H           3.8218735955         -1.5670151128           0.0007384162  


	-Geometry after Center-of-Mass shift (bohr): 
	 Atom               X                    Y                       Z  
	 -------------------------------------------------------------------
     O           3.7303544269         -1.4221931731           0.0004176391  
     O           3.2650899389          2.8014979934          -0.0011205014  
     C          -0.4277833410          0.1991006723          -0.0003832427  
     C          -2.0703850281          2.2629296491           0.0002710278  
     C          -1.4080368484         -2.2498327233          -0.0007622023  
     C          -4.6631519635          1.8816491243           0.0007948198  
     C          -4.0044849981         -2.6239153999          -0.0003487761  
     C          -5.6340300328         -0.5618618545           0.0004764185  
     C           2.3386128442          0.7147928909          -0.0004819765  
     C           6.4195389311         -1.0729086280           0.0009931747  
     H          -1.2777853011          4.1449823158           0.0006140272  
     H          -0.1352838180         -3.8440199106          -0.0012969885  
     H          -5.9284764763          3.4874164110           0.0014319092  
     H          -4.7568774469         -4.5246199418          -0.0007520106  
     H          -7.6569800363         -0.8575986333           0.0009537673  
     H           7.0129410507         -0.0347297877           1.6752454727  
     H           7.0135914410         -0.0353169813          -1.6730954611  
     H           7.2222943817         -2.9612293976           0.0013954044  


    Rotational Constants: A =     0.11815  B =     0.02811  C =      0.02281 [cm^-1] 
    Rotor Type: SYMMETRIC 

	-Nuclear Dipole Moment: (e a0)  
	 X:  0.75866   Y:  -2.29095   Z:  0.00223   Total:  2.41330 

	-Nuclear Dipole Moment: (D)  
	 X:  1.92831   Y:  -5.82303   Z:  0.00566   Total:  6.13401 


    Nuclear repulsion energy (V_NN)              : 490.031834815129 
   =====================================================
   Charge                : 0 
   Multiplicity          : 1 
   Number of Atoms       : 18 
   Number of Ghost Atoms : 0 
   Number of Electrons   : 72 
   Number of alpha occupied orbitals (NoccA)  : 36 
   Number of beta occupied orbitals (NoccB)   : 36 
   Number of singly occupied orbitals (Nsocc) : 0 
   Number of doubly occupied orbitals (Ndocc) : 36 
   =====================================================



  ## GLOBALS Options ##

  | TYPE         | KEY                      | INPUT? | VALUE              | DEFAULT            
  |--------------|--------------------------|--------|--------------------|--------------------
  | BOOL         | ERI_DISK                 | NO     | FALSE              | FALSE              
  | BOOL         | FREEZE_CORE              | NO     | TRUE               | TRUE               
  | BOOL         | MOL_FRAG                 | NO     | FALSE              | FALSE              
  | BOOL         | NOCOM                    | NO     | FALSE              | FALSE              
  | BOOL         | NOREORIENT               | NO     | TRUE               | TRUE               
  | BOOL         | PUREAM                   | NO     | TRUE               | TRUE               
  | BOOL         | ML                       | NO     | FALSE              | FALSE              
  | BOOL         | READ_PDB                 | NO     | FALSE              | FALSE              
  | BOOL         | TEST_MODE                | NO     | FALSE              | FALSE              
  | INT          | DERIVE_LEVEL             | NO     | 0                  | 0                  
  | INT          | FINDIF_POINTS            | NO     | 3                  | 3                  
  | INT          | MEMORY                   | YES    | 30000              | 2000               
  | INT          | NUM_THREADS              | NO     | 1                  | 1                  
  | INT          | NUM_FROZEN_DOCC          | NO     | 0                  | 0                  
  | INT          | NUM_FROZEN_VIR           | NO     | 0                  | 0                  
  | INT          | PRINT_LEVEL              | NO     | 0                  | 0                  
  | STRING       | AUX_BASIS_CORR           | NO     | CC-PVDZ-RI         | CC-PVDZ-RI         
  | STRING       | AUX_BASIS_SCF            | NO     | CC-PVDZ-JKFIT      | CC-PVDZ-JKFIT      
  | STRING       | BASIS                    | YES    | CC-PVDZ            | CC-PVDZ            
  | STRING       | BASIS2                   | NO     | MINAO              | MINAO              
  | STRING       | DERIVE_TYPE              | NO     | ANALYTIC           | ANALYTIC           
  | STRING       | FINDIF_METHOD            | NO     | GRAD               | GRAD               
  | STRING       | GEOM_UNITS               | NO     | ANG                | ANG                
  | STRING       | JOBTYPE                  | YES    | ENERGY             | ENERGY             
  | STRING       | METHOD                   | YES    | MP2                | SCF                
  | STRING       | REFERENCE                | YES    | RHF                | RHF                
  | STRING       | OUTFILE_MODE             | NO     | NEW                | NEW                
  | DOUBLE       | STEP_BOHR                | NO     | 0.05               | 0.05               
  | STR_ARRAY    | MOLECULE_GEOM_FROM       | NO     | [input]            | [input]            
  | DOUBLE_ARRAY | ELECTRIC_STRENGTH        | NO     | [0.001;0.001;0.001]| [0.001;0.001;0.001]
  | STRING       | ELECTRIC_FIELD           | NO     | NONE               | NONE               
  | STRING       | ALIGN_TWO_ATOMS          | NO     | NONE               | NONE               
  | INT_ARRAY    | TWO_ATOMS                | NO     | [0]                | [0]                



  ## INTS Options ##

  | TYPE         | KEY                      | INPUT? | VALUE              | DEFAULT            
  |--------------|--------------------------|--------|--------------------|--------------------
  | DOUBLE       | BOYS_CUTOFF              | NO     | 1e-15              | 1e-15              
  | DOUBLE       | BOYS_ZERO                | NO     | 1e-06              | 1e-06              
  | DOUBLE       | DELTA_X                  | NO     | 0.1                | 0.1                
  | DOUBLE       | INTEGRAL_CUTOFF          | NO     | 1e-10              | 1e-10              
  | DOUBLE       | X_MAX                    | NO     | 30.0               | 30.0               
  | INT          | BOYS_MAXITER             | NO     | 10000              | 10000              
  | INT          | MAX_AM                   | NO     | 7                  | 7                  
  | INT          | MAX_AM_AUX               | NO     | 7                  | 7                  
  | INT          | PRINT_LEVEL              | NO     | 0                  | 0                  
  | INT          | TAYLOR_ORDER             | NO     | 6                  | 6                  
  | STRING       | 3INDEX_ALGORITHM         | NO     | AUTO               | AUTO               
  | STRING       | BOYS_METHOD              | NO     | GHP                | GHP                
  | STRING       | ERI_ALGORITHM            | NO     | MD4                | MD4                


	Initializing Liboeprop (by U. Bozkaya) ...

	*=================================================================*
	*                  SCF                                            *
	*   Developed by U. Bozkaya & Y. Alagoz                           *
	*   Latest revision Feb 16, 2021                                  *
	*=================================================================*



  ## SCF Options ##

  | TYPE         | KEY                      | INPUT? | VALUE              | DEFAULT            
  |--------------|--------------------------|--------|--------------------|--------------------
  | BOOL         | DIIS_DAMP                | NO     | FALSE              | FALSE              
  | BOOL         | DIE_IF_NOT_CONVERGED     | NO     | TRUE               | TRUE               
  | BOOL         | DO_DF                    | NO     | TRUE               | TRUE               
  | BOOL         | DIIS                     | NO     | TRUE               | TRUE               
  | BOOL         | FOCK_DAMP                | NO     | FALSE              | FALSE              
  | BOOL         | GUESS_MIX                | NO     | FALSE              | FALSE              
  | BOOL         | GUESS_PREVIOUS           | NO     | FALSE              | FALSE              
  | BOOL         | LOCAL                    | NO     | FALSE              | FALSE              
  | BOOL         | RETRY                    | NO     | TRUE               | TRUE               
  | DOUBLE       | CUTOFF                   | NO     | 1e-10              | 1e-10              
  | DOUBLE       | D_CONVERGENCE            | YES    | 1e-06              | 1e-06              
  | DOUBLE       | DAMP_PARAM               | NO     | 0.02               | 0.02               
  | DOUBLE       | E_CONVERGENCE            | YES    | 1e-08              | 1e-08              
  | DOUBLE       | FOCK_DAMP_PERC           | NO     | 20.0               | 20.0               
  | DOUBLE       | MIN_OVERLAP_EIGVAL       | NO     | 1e-06              | 1e-06              
  | DOUBLE       | LOCAL_CONVERGENCE        | NO     | 1e-08              | 1e-08              
  | DOUBLE       | QC_GUESS_E_CONVERGENCE   | NO     | 0.0001             | 0.0001             
  | DOUBLE       | QC_GUESS_D_CONVERGENCE   | NO     | 0.005              | 0.005              
  | INT          | MAX_DIIS                 | NO     | 6                  | 6                  
  | INT          | MIN_DIIS                 | NO     | 2                  | 2                  
  | INT          | PRINT_LEVEL              | NO     | 0                  | 0                  
  | INT          | SCF_MAXITER              | NO     | 50                 | 50                 
  | INT          | LOCAL_MAXITER            | NO     | 50                 | 50                 
  | STRING       | DIIS_ALGORITHM           | NO     | DISK               | DISK               
  | STRING       | GUESS                    | YES    | SAD                | SAD                
  | BOOL         | MO_WRITE                 | NO     | FALSE              | FALSE              
  | BOOL         | FOCK_WRITE               | NO     | FALSE              | FALSE              
  | STRING       | ORTH_TYPE                | NO     | CANONICAL          | CANONICAL          
  | STRING       | ROHF_CANONIC_TYPE        | NO     | GUEST              | GUEST              
  | STRING       | ERI                      | NO     | INCORE             | INCORE             
  | STRING       | SCF_ALGORITHM            | NO     | ROOTHAAN           | ROOTHAAN           
  | STRING       | LOCAL_TYPE               | NO     | BOYS               | BOYS               
  | BOOL         | SAD_FRAC_OCC             | NO     | TRUE               | TRUE               
  | BOOL         | SAD_SPIN_AVERAGE         | NO     | TRUE               | TRUE               
  | DOUBLE       | SAD_E_CONVERGENCE        | NO     | 1e-05              | 1e-05              
  | DOUBLE       | SAD_D_CONVERGENCE        | NO     | 1e-05              | 1e-05              
  | INT          | SAD_MAXITER              | NO     | 50                 | 50                 
  | BOOL         | NIE                      | NO     | FALSE              | FALSE              
  | BOOL         | SAD_DIIS                 | NO     | TRUE               | TRUE               
  | INT          | SAD_MAX_DIIS             | NO     | 6                  | 6                  
  | INT          | SAD_MIN_DIIS             | NO     | 2                  | 2                  
  | INT          | SAD_PRINT                | NO     | 0                  | 0                  
  | STRING       | SAD_AUX_BASIS            | NO     | SAD-FIT            | SAD-FIT            
  | DOUBLE       | SAD_CHOLESKY_TOLERANCE   | NO     | 1e-07              | 1e-07              
  | BOOL         | SOLVATION                | YES    | TRUE               | FALSE              
  | BOOL         | BYPASS                   | NO     | FALSE              | FALSE              
  | STRING       | IAO_TYPE                 | NO     | STANDARD2013       | STANDARD2013       
  | BOOL         | USE_IAOS                 | NO     | FALSE              | FALSE              

	Initializing libdiis ...
	Initializing libmolint 1.1 ...
 CC-PVDZ primary basis set file will be read for the O atom...
 CC-PVDZ primary basis set file will be read for the C atom...
 CC-PVDZ primary basis set file will be read for the H atom...
 Nmaxthread: 24 
 Nshell: 84 
 Lmax:  2 
 Npmax:  8 
 Nao: 180 
 Ndocc: 36 
 Nsocc:  0 
 NoccA: 36 
 NoccB: 36 
 Primary basis set info has been read.

 CC-PVDZ-JKFIT aux basis set file will be read for the O atom...
 CC-PVDZ-JKFIT aux basis set file will be read for the C atom...
 CC-PVDZ-JKFIT aux basis set file will be read for the H atom...
 Nshell_aux: 312 
 Naux: 884 
 Aux basis set info has been read.

 orth_type: CANONICAL 
 Cpu time for S ints :       0.0900 s
 Wall time for S ints:       0.0891 s

 Using canonical orthogonalization. 
 Minimum eigenvalue in the overlap matrix is:   3.0929E-04 

 Cpu time for T ints :       0.3000 s
 Wall time for T ints:       0.0768 s
 Cpu time for V ints :       1.5600 s
 Wall time for V ints:       1.0254 s
 Cpu time for Metric ints :       2.1300 s
 Wall time for Metric ints:       0.7182 s
 3-Index Algorithm: AUTO 

 Calling fortran integrals: ringing... 
 Done with fintegrals.

 Cpu time for 3-index ints :      10.9000 s
 Wall time for 3-index ints:       3.7798 s
 Cpu time for df-factors :       2.4300 s
 Wall time for df-factors:       0.6410 s


 Puream (True=1, False=0) : 1
 Number of AO             : 180
 Number of MO             : 180
 Number of Aux Functions  : 884
 Charge                   : 0
 Multiplicity             : 1
 Alpha OCC                : 36
 Beta OCC                 : 36
 Nuclear Repulsion Energy : 490.03183482
 Energy Treshold          : 1.0e-08
 Density Treshold         : 1.0e-06
 Iteration Limit          : 50
 Guess                    : SAD
 Guess Mix                : false
 Diis                     : true
 Diis Damping             : false
 Diis Damp Parameter      : 0.02
 Diis Algorithm           : DISK
 Cutoff Treshold          : 1.0e-10
 Density Fitting          : true
 Reference                : RHF
 Die If Not Converged     : true
 Print Level              : 0
 ERI Algorithm            : INCORE
 SCF Algorithm            : ROOTHAAN




  ## SOLVATION Options ##

  | TYPE         | KEY                      | INPUT? | VALUE              | DEFAULT            
  |--------------|--------------------------|--------|--------------------|--------------------
  | INT          | NUM_Z_POINTS             | NO     | 90                 | 90                 
  | INT          | NUM_ANG_POINTS           | YES    | 100                | 100                
  | STRING       | SASA_TYPE                | YES    | NUMERIC            | NUMERIC            
  | STRING       | CHARGE_TYPE              | YES    | IAO_MULLIKEN       | IAO_MULLIKEN       
  | STRING       | CDS_TYPE                 | YES    | SMD                | SMD                
  | STRING       | SOLVENT                  | YES    | WATER              | WATER              
  | STRING       | SOLVENT_PARAMS           | YES    | MN21               | SM8                
  | STRING       | DIELECTRIC_PARAMS        | YES    | MN21               | MN21               
  | STRING       | COULOMB_RADII            | YES    | SMD                | SMD                
  | DOUBLE       | COVALENT_VW_CONST        | NO     | 0.76               | 0.76               
  | DOUBLE       | SOLVENT_RADIUS           | NO     | 0.4                | 0.4                
  | STRING       | RADIUS_TYPE              | YES    | SMD                | SMD                
  | DOUBLE       | GB_DIJ                   | NO     | 3.7                | 3.7                
  | DOUBLE       | GB_SIJ                   | NO     | 0.75               | 0.75               
  | DOUBLE       | GB_CIJ                   | NO     | 0.0                | 0.0                
  | DOUBLE       | F_PWSASA                 | NO     | 0.4535             | 0.4535             
  | DOUBLE       | SCALE_VDW                | NO     | 1.0                | 1.0                
  | DOUBLE       | SCALE_CR                 | NO     | 1.0                | 1.0                



 Sasa Type                  : NUMERIC 
 Charge Type                : IAO_MULLIKEN 
 CDS Type                   : SMD 
 Radius Type                : SMD 
 Solvent                    : WATER 
 Solvent Parameters         : MN21 
 Dielectric Parameters      : MN21 
 Coulomb Radii Parameters   : SMD 
 GB d_ij parameter          : 3.7000000000 
 GB S_ij parameter          : 0.7500000000 
 GB C_ij parameter          : 0.0000000000 
 Sclae_vdw parameter        : 1.0000000000 
 Number of z-points         : 90 
 Number of angular points   : 100 
 Number of SASA grid points : 17902 
 Solvent Dielectric Constant: 78.3553000000 

 VDW Radii:
	  1 O :       1.5200  ang
	  2 O :       1.5200  ang
	  3 C :       1.7000  ang
	  4 C :       1.7000  ang
	  5 C :       1.7000  ang
	  6 C :       1.7000  ang
	  7 C :       1.7000  ang
	  8 C :       1.7000  ang
	  9 C :       1.7000  ang
	 10 C :       1.7000  ang
	 11 H :       1.2000  ang
	 12 H :       1.2000  ang
	 13 H :       1.2000  ang
	 14 H :       1.2000  ang
	 15 H :       1.2000  ang
	 16 H :       1.2000  ang
	 17 H :       1.2000  ang
	 18 H :       1.2000  ang

	 Computing SASA... 

 Atomic SASA values:
	  1 O :       9.7374  ang^2
	  2 O :      20.1425  ang^2
	  3 C :       5.4049  ang^2
	  4 C :      10.0236  ang^2
	  5 C :       9.9803  ang^2
	  6 C :      10.7449  ang^2
	  7 C :      10.5746  ang^2
	  8 C :      10.7294  ang^2
	  9 C :       7.5595  ang^2
	 10 C :      10.4291  ang^2
	 11 H :      10.5682  ang^2
	 12 H :      10.2932  ang^2
	 13 H :      13.0498  ang^2
	 14 H :      12.9510  ang^2
	 15 H :      13.0390  ang^2
	 16 H :      11.8818  ang^2
	 17 H :      11.8764  ang^2
	 18 H :      12.9636  ang^2

	*Total SASA (angs^2): 201.9492135878 


 Coulomb Radii:
	  1 O :       1.5200  ang
	  2 O :       1.5200  ang
	  3 C :       1.8500  ang
	  4 C :       1.8500  ang
	  5 C :       1.8500  ang
	  6 C :       1.8500  ang
	  7 C :       1.8500  ang
	  8 C :       1.8500  ang
	  9 C :       1.8500  ang
	 10 C :       1.8500  ang
	 11 H :       1.2000  ang
	 12 H :       1.2000  ang
	 13 H :       1.2000  ang
	 14 H :       1.2000  ang
	 15 H :       1.2000  ang
	 16 H :       1.2000  ang
	 17 H :       1.2000  ang
	 18 H :       1.2000  ang
 Solvent Alpha                       : 1.1700000000 

 ## Effective Born Radius (bohr) ##
   0   4.2528653763 
   1   3.8441949298 
   2   4.9548151913 
   3   4.6616669358 
   4   4.6896318667 
   5   4.4484938991 
   6   4.4523889459 
   7   4.4212716542 
   8   4.5783920295 
   9   3.9011002874 
  10   3.4157770597 
  11   3.4384752717 
  12   3.1999182347 
  13   3.2030713227 
  14   3.1920349901 
  15   3.1198223224 
  16   3.1199595445 
  17   2.9965227000 

 Effective Born Radii:
	  1 O :       2.2505  ang
	  2 O :       2.0343  ang
	  3 C :       2.6220  ang
	  4 C :       2.4668  ang
	  5 C :       2.4816  ang
	  6 C :       2.3540  ang
	  7 C :       2.3561  ang
	  8 C :       2.3396  ang
	  9 C :       2.4228  ang
	 10 C :       2.0644  ang
	 11 H :       1.8076  ang
	 12 H :       1.8196  ang
	 13 H :       1.6933  ang
	 14 H :       1.6950  ang
	 15 H :       1.6892  ang
	 16 H :       1.6509  ang
	 17 H :       1.6510  ang
	 18 H :       1.5857  ang


 Coulomb Integrals:
	  1  1 :       0.2351  bohr^-1
	  1  2 :       0.1820  bohr^-1
	  1  3 :       0.1661  bohr^-1
	  1  4 :       0.1317  bohr^-1
	  1  5 :       0.1564  bohr^-1
	  1  6 :       0.1070  bohr^-1
	  1  7 :       0.1202  bohr^-1
	  1  8 :       0.1033  bohr^-1
	  1  9 :       0.2029  bohr^-1
	  1 10 :       0.2129  bohr^-1
	  1 11 :       0.1278  bohr^-1
	  1 12 :       0.1803  bohr^-1
	  1 13 :       0.0918  bohr^-1
	  1 14 :       0.1089  bohr^-1
	  1 15 :       0.0874  bohr^-1
	  1 16 :       0.1993  bohr^-1
	  1 17 :       0.1993  bohr^-1
	  1 18 :       0.2045  bohr^-1
	  2  1 :       0.1820  bohr^-1
	  2  2 :       0.2601  bohr^-1
	  2  3 :       0.1698  bohr^-1
	  2  4 :       0.1574  bohr^-1
	  2  5 :       0.1334  bohr^-1
	  2  6 :       0.1196  bohr^-1
	  2  7 :       0.1072  bohr^-1
	  2  8 :       0.1028  bohr^-1
	  2  9 :       0.2159  bohr^-1
	  2 10 :       0.1702  bohr^-1
	  2 11 :       0.1804  bohr^-1
	  2 12 :       0.1291  bohr^-1
	  2 13 :       0.1073  bohr^-1
	  2 14 :       0.0917  bohr^-1
	  2 15 :       0.0866  bohr^-1
	  2 16 :       0.1775  bohr^-1
	  2 17 :       0.1775  bohr^-1
	  2 18 :       0.1380  bohr^-1
	  3  1 :       0.1661  bohr^-1
	  3  2 :       0.1698  bohr^-1
	  3  3 :       0.2018  bohr^-1
	  3  4 :       0.1881  bohr^-1
	  3  5 :       0.1877  bohr^-1
	  3  6 :       0.1625  bohr^-1
	  3  7 :       0.1625  bohr^-1
	  3  8 :       0.1521  bohr^-1
	  3  9 :       0.1871  bohr^-1
	  3 10 :       0.1310  bohr^-1
	  3 11 :       0.1846  bohr^-1
	  3 12 :       0.1839  bohr^-1
	  3 13 :       0.1429  bohr^-1
	  3 14 :       0.1429  bohr^-1
	  3 15 :       0.1294  bohr^-1
	  3 16 :       0.1252  bohr^-1
	  3 17 :       0.1252  bohr^-1
	  3 18 :       0.1172  bohr^-1
	  4  1 :       0.1317  bohr^-1
	  4  2 :       0.1574  bohr^-1
	  4  3 :       0.1881  bohr^-1
	  4  4 :       0.2145  bohr^-1
	  4  5 :       0.1628  bohr^-1
	  4  6 :       0.1968  bohr^-1
	  4  7 :       0.1541  bohr^-1
	  4  8 :       0.1658  bohr^-1
	  4  9 :       0.1622  bohr^-1
	  4 10 :       0.1063  bohr^-1
	  4 11 :       0.2294  bohr^-1
	  4 12 :       0.1428  bohr^-1
	  4 13 :       0.1908  bohr^-1
	  4 14 :       0.1302  bohr^-1
	  4 15 :       0.1443  bohr^-1
	  4 16 :       0.1035  bohr^-1
	  4 17 :       0.1035  bohr^-1
	  4 18 :       0.0932  bohr^-1
	  5  1 :       0.1564  bohr^-1
	  5  2 :       0.1334  bohr^-1
	  5  3 :       0.1877  bohr^-1
	  5  4 :       0.1628  bohr^-1
	  5  5 :       0.2132  bohr^-1
	  5  6 :       0.1539  bohr^-1
	  5  7 :       0.1962  bohr^-1
	  5  8 :       0.1654  bohr^-1
	  5  9 :       0.1603  bohr^-1
	  5 10 :       0.1196  bohr^-1
	  5 11 :       0.1429  bohr^-1
	  5 12 :       0.2282  bohr^-1
	  5 13 :       0.1301  bohr^-1
	  5 14 :       0.1904  bohr^-1
	  5 15 :       0.1441  bohr^-1
	  5 16 :       0.1104  bohr^-1
	  5 17 :       0.1104  bohr^-1
	  5 18 :       0.1130  bohr^-1
	  6  1 :       0.1070  bohr^-1
	  6  2 :       0.1196  bohr^-1
	  6  3 :       0.1625  bohr^-1
	  6  4 :       0.1968  bohr^-1
	  6  5 :       0.1539  bohr^-1
	  6  6 :       0.2248  bohr^-1
	  6  7 :       0.1675  bohr^-1
	  6  8 :       0.2008  bohr^-1
	  6  9 :       0.1282  bohr^-1
	  6 10 :       0.0865  bohr^-1
	  6 11 :       0.1893  bohr^-1
	  6 12 :       0.1299  bohr^-1
	  6 13 :       0.2402  bohr^-1
	  6 14 :       0.1450  bohr^-1
	  6 15 :       0.1930  bohr^-1
	  6 16 :       0.0834  bohr^-1
	  6 17 :       0.0834  bohr^-1
	  6 18 :       0.0778  bohr^-1
	  7  1 :       0.1202  bohr^-1
	  7  2 :       0.1072  bohr^-1
	  7  3 :       0.1625  bohr^-1
	  7  4 :       0.1541  bohr^-1
	  7  5 :       0.1962  bohr^-1
	  7  6 :       0.1675  bohr^-1
	  7  7 :       0.2246  bohr^-1
	  7  8 :       0.2008  bohr^-1
	  7  9 :       0.1273  bohr^-1
	  7 10 :       0.0936  bohr^-1
	  7 11 :       0.1300  bohr^-1
	  7 12 :       0.1893  bohr^-1
	  7 13 :       0.1450  bohr^-1
	  7 14 :       0.2400  bohr^-1
	  7 15 :       0.1930  bohr^-1
	  7 16 :       0.0870  bohr^-1
	  7 17 :       0.0870  bohr^-1
	  7 18 :       0.0887  bohr^-1
	  8  1 :       0.1033  bohr^-1
	  8  2 :       0.1028  bohr^-1
	  8  3 :       0.1521  bohr^-1
	  8  4 :       0.1658  bohr^-1
	  8  5 :       0.1654  bohr^-1
	  8  6 :       0.2008  bohr^-1
	  8  7 :       0.2008  bohr^-1
	  8  8 :       0.2262  bohr^-1
	  8  9 :       0.1165  bohr^-1
	  8 10 :       0.0824  bohr^-1
	  8 11 :       0.1438  bohr^-1
	  8 12 :       0.1438  bohr^-1
	  8 13 :       0.1931  bohr^-1
	  8 14 :       0.1931  bohr^-1
	  8 15 :       0.2411  bohr^-1
	  8 16 :       0.0782  bohr^-1
	  8 17 :       0.0782  bohr^-1
	  8 18 :       0.0764  bohr^-1
	  9  1 :       0.2029  bohr^-1
	  9  2 :       0.2159  bohr^-1
	  9  3 :       0.1871  bohr^-1
	  9  4 :       0.1622  bohr^-1
	  9  5 :       0.1603  bohr^-1
	  9  6 :       0.1282  bohr^-1
	  9  7 :       0.1273  bohr^-1
	  9  8 :       0.1165  bohr^-1
	  9  9 :       0.2184  bohr^-1
	  9 10 :       0.1739  bohr^-1
	  9 11 :       0.1690  bohr^-1
	  9 12 :       0.1648  bohr^-1
	  9 13 :       0.1121  bohr^-1
	  9 14 :       0.1109  bohr^-1
	  9 15 :       0.0978  bohr^-1
	  9 16 :       0.1713  bohr^-1
	  9 17 :       0.1713  bohr^-1
	  9 18 :       0.1509  bohr^-1
	 10  1 :       0.2129  bohr^-1
	 10  2 :       0.1702  bohr^-1
	 10  3 :       0.1310  bohr^-1
	 10  4 :       0.1063  bohr^-1
	 10  5 :       0.1196  bohr^-1
	 10  6 :       0.0865  bohr^-1
	 10  7 :       0.0936  bohr^-1
	 10  8 :       0.0824  bohr^-1
	 10  9 :       0.1739  bohr^-1
	 10 10 :       0.2563  bohr^-1
	 10 11 :       0.1061  bohr^-1
	 10 12 :       0.1343  bohr^-1
	 10 13 :       0.0759  bohr^-1
	 10 14 :       0.0853  bohr^-1
	 10 15 :       0.0710  bohr^-1
	 10 16 :       0.2556  bohr^-1
	 10 17 :       0.2556  bohr^-1
	 10 18 :       0.2598  bohr^-1
	 11  1 :       0.1278  bohr^-1
	 11  2 :       0.1804  bohr^-1
	 11  3 :       0.1846  bohr^-1
	 11  4 :       0.2294  bohr^-1
	 11  5 :       0.1429  bohr^-1
	 11  6 :       0.1893  bohr^-1
	 11  7 :       0.1300  bohr^-1
	 11  8 :       0.1438  bohr^-1
	 11  9 :       0.1690  bohr^-1
	 11 10 :       0.1061  bohr^-1
	 11 11 :       0.2928  bohr^-1
	 11 12 :       0.1215  bohr^-1
	 11 13 :       0.1877  bohr^-1
	 11 14 :       0.1063  bohr^-1
	 11 15 :       0.1214  bohr^-1
	 11 16 :       0.1053  bohr^-1
	 11 17 :       0.1053  bohr^-1
	 11 18 :       0.0901  bohr^-1
	 12  1 :       0.1803  bohr^-1
	 12  2 :       0.1291  bohr^-1
	 12  3 :       0.1839  bohr^-1
	 12  4 :       0.1428  bohr^-1
	 12  5 :       0.2282  bohr^-1
	 12  6 :       0.1299  bohr^-1
	 12  7 :       0.1893  bohr^-1
	 12  8 :       0.1438  bohr^-1
	 12  9 :       0.1648  bohr^-1
	 12 10 :       0.1343  bohr^-1
	 12 11 :       0.1215  bohr^-1
	 12 12 :       0.2908  bohr^-1
	 12 13 :       0.1062  bohr^-1
	 12 14 :       0.1881  bohr^-1
	 12 15 :       0.1216  bohr^-1
	 12 16 :       0.1192  bohr^-1
	 12 17 :       0.1192  bohr^-1
	 12 18 :       0.1320  bohr^-1
	 13  1 :       0.0918  bohr^-1
	 13  2 :       0.1073  bohr^-1
	 13  3 :       0.1429  bohr^-1
	 13  4 :       0.1908  bohr^-1
	 13  5 :       0.1301  bohr^-1
	 13  6 :       0.2402  bohr^-1
	 13  7 :       0.1450  bohr^-1
	 13  8 :       0.1931  bohr^-1
	 13  9 :       0.1121  bohr^-1
	 13 10 :       0.0759  bohr^-1
	 13 11 :       0.1877  bohr^-1
	 13 12 :       0.1062  bohr^-1
	 13 13 :       0.3125  bohr^-1
	 13 14 :       0.1218  bohr^-1
	 13 15 :       0.1904  bohr^-1
	 13 16 :       0.0740  bohr^-1
	 13 17 :       0.0740  bohr^-1
	 13 18 :       0.0683  bohr^-1
	 14  1 :       0.1089  bohr^-1
	 14  2 :       0.0917  bohr^-1
	 14  3 :       0.1429  bohr^-1
	 14  4 :       0.1302  bohr^-1
	 14  5 :       0.1904  bohr^-1
	 14  6 :       0.1450  bohr^-1
	 14  7 :       0.2400  bohr^-1
	 14  8 :       0.1931  bohr^-1
	 14  9 :       0.1109  bohr^-1
	 14 10 :       0.0853  bohr^-1
	 14 11 :       0.1063  bohr^-1
	 14 12 :       0.1881  bohr^-1
	 14 13 :       0.1218  bohr^-1
	 14 14 :       0.3122  bohr^-1
	 14 15 :       0.1904  bohr^-1
	 14 16 :       0.0787  bohr^-1
	 14 17 :       0.0787  bohr^-1
	 14 18 :       0.0827  bohr^-1
	 15  1 :       0.0874  bohr^-1
	 15  2 :       0.0866  bohr^-1
	 15  3 :       0.1294  bohr^-1
	 15  4 :       0.1443  bohr^-1
	 15  5 :       0.1441  bohr^-1
	 15  6 :       0.1930  bohr^-1
	 15  7 :       0.1930  bohr^-1
	 15  8 :       0.2411  bohr^-1
	 15  9 :       0.0978  bohr^-1
	 15 10 :       0.0710  bohr^-1
	 15 11 :       0.1214  bohr^-1
	 15 12 :       0.1216  bohr^-1
	 15 13 :       0.1904  bohr^-1
	 15 14 :       0.1904  bohr^-1
	 15 15 :       0.3133  bohr^-1
	 15 16 :       0.0676  bohr^-1
	 15 17 :       0.0676  bohr^-1
	 15 18 :       0.0665  bohr^-1
	 16  1 :       0.1993  bohr^-1
	 16  2 :       0.1775  bohr^-1
	 16  3 :       0.1252  bohr^-1
	 16  4 :       0.1035  bohr^-1
	 16  5 :       0.1104  bohr^-1
	 16  6 :       0.0834  bohr^-1
	 16  7 :       0.0870  bohr^-1
	 16  8 :       0.0782  bohr^-1
	 16  9 :       0.1713  bohr^-1
	 16 10 :       0.2556  bohr^-1
	 16 11 :       0.1053  bohr^-1
	 16 12 :       0.1192  bohr^-1
	 16 13 :       0.0740  bohr^-1
	 16 14 :       0.0787  bohr^-1
	 16 15 :       0.0676  bohr^-1
	 16 16 :       0.3205  bohr^-1
	 16 17 :       0.2335  bohr^-1
	 16 18 :       0.2348  bohr^-1
	 17  1 :       0.1993  bohr^-1
	 17  2 :       0.1775  bohr^-1
	 17  3 :       0.1252  bohr^-1
	 17  4 :       0.1035  bohr^-1
	 17  5 :       0.1104  bohr^-1
	 17  6 :       0.0834  bohr^-1
	 17  7 :       0.0870  bohr^-1
	 17  8 :       0.0782  bohr^-1
	 17  9 :       0.1713  bohr^-1
	 17 10 :       0.2556  bohr^-1
	 17 11 :       0.1053  bohr^-1
	 17 12 :       0.1192  bohr^-1
	 17 13 :       0.0740  bohr^-1
	 17 14 :       0.0787  bohr^-1
	 17 15 :       0.0676  bohr^-1
	 17 16 :       0.2335  bohr^-1
	 17 17 :       0.3205  bohr^-1
	 17 18 :       0.2348  bohr^-1
	 18  1 :       0.2045  bohr^-1
	 18  2 :       0.1380  bohr^-1
	 18  3 :       0.1172  bohr^-1
	 18  4 :       0.0932  bohr^-1
	 18  5 :       0.1130  bohr^-1
	 18  6 :       0.0778  bohr^-1
	 18  7 :       0.0887  bohr^-1
	 18  8 :       0.0764  bohr^-1
	 18  9 :       0.1509  bohr^-1
	 18 10 :       0.2598  bohr^-1
	 18 11 :       0.0901  bohr^-1
	 18 12 :       0.1320  bohr^-1
	 18 13 :       0.0683  bohr^-1
	 18 14 :       0.0827  bohr^-1
	 18 15 :       0.0665  bohr^-1
	 18 16 :       0.2348  bohr^-1
	 18 17 :       0.2348  bohr^-1
	 18 18 :       0.3337  bohr^-1
    ===> SCF Iteration Started <===

     Iter. |                   Energy |       Delta E |          Drms |
    -------|--------------------------|---------------|---------------|
         1 |      -456.39276564768568 |    -4.564e+02 |     1.413e-02 |
         2 |      -457.18994704534236 |    -7.972e-01 |     2.449e-03 | DIIS
         3 |      -457.33210622317449 |    -1.422e-01 |     1.328e-03 | DIIS
         4 |      -457.38066431674702 |    -4.856e-02 |     4.609e-04 | DIIS
         5 |      -457.38415774968792 |    -3.493e-03 |     1.527e-04 | DIIS
         6 |      -457.38472116955916 |    -5.634e-04 |     5.581e-05 | DIIS
         7 |      -457.38476843814340 |    -4.727e-05 |     2.705e-05 | DIIS
         8 |      -457.38477519491778 |    -6.757e-06 |     2.234e-05 | DIIS
         9 |      -457.38477829873341 |    -3.104e-06 |     4.506e-06 | DIIS
        10 |      -457.38477837304549 |    -7.431e-08 |     1.738e-06 | DIIS
        11 |      -457.38477837246649 |     5.790e-10 |     7.489e-07 | DIIS


	-Alpha Occupied Orbital Energies (au):  
	 1: -20.5768434322 	 2: -20.5181669484 	 3: -11.3584712139 	 4: -11.2662434259 	 5: -11.2284897044 
	 6: -11.2279388794 	 7: -11.2267590091 	 8: -11.2249029732 	 9: -11.2203581546 	10: -11.2194322017 
	11: -1.4341715361 	12: -1.3316201541 	13: -1.1423495216 	14: -1.0244307889 	15: -1.0023133493 
	16: -0.9465760973 	17: -0.8381788713 	18: -0.8111910037 	19: -0.7510022485 	20: -0.7106561049 
	21: -0.6577558354 	22: -0.6436440840 	23: -0.6426700974 	24: -0.6052615429 	25: -0.6000642459 
	26: -0.5728220813 	27: -0.5564929273 	28: -0.5319095358 	29: -0.5039013728 	30: -0.4936936985 
	31: -0.4790793990 	32: -0.4743027253 	33: -0.4325493740 	34: -0.4202799345 	35: -0.3223538157 
	36: -0.3190987313 
	-Alpha Virtual Orbital Energies (au):  
	37: 0.1143979162 	38: 0.1536504508 	39: 0.1982756660 	40: 0.2126126544 	41: 0.2313894417 
	42: 0.2478060015 	43: 0.2561489721 	44: 0.2628097708 	45: 0.2758065215 	46: 0.2858421961 
	47: 0.2891959081 	48: 0.3253120394 	49: 0.3906932073 	50: 0.4338004653 	51: 0.4529337917 
	52: 0.4679873976 	53: 0.4722641671 	54: 0.4905368894 	55: 0.5150744673 	56: 0.5330751452 
	57: 0.6190582001 	58: 0.6305203428 	59: 0.6579253003 	60: 0.6625652574 	61: 0.6807316863 
	62: 0.6975759604 	63: 0.6982360097 	64: 0.7101141227 	65: 0.7205558330 	66: 0.7311699068 
	67: 0.7403365341 	68: 0.7435760676 	69: 0.7546374141 	70: 0.7831673901 	71: 0.7995808766 
	72: 0.8141947648 	73: 0.8262322722 	74: 0.8540576208 	75: 0.8541676135 	76: 0.8630689677 
	77: 0.8763407319 	78: 0.8822272363 	79: 0.9082576400 	80: 0.9148389605 	81: 0.9186751603 
	82: 0.9197113207 	83: 0.9389688912 	84: 0.9790115911 	85: 0.9966066131 	86: 1.0654675121 
	87: 1.0761373958 	88: 1.1217882137 	89: 1.1269696712 	90: 1.1291778894 	91: 1.1368668195 
	92: 1.1525009076 	93: 1.1789727137 	94: 1.2105954562 	95: 1.2290005897 	96: 1.2329306208 
	97: 1.2369284600 	98: 1.2432683006 	99: 1.2850624135 	100: 1.2865144075 	101: 1.3050524182 
	102: 1.3210109131 	103: 1.3333752801 	104: 1.3735660048 	105: 1.3997107095 	106: 1.4231331845 
	107: 1.4930033176 	108: 1.5188051508 	109: 1.5247384728 	110: 1.5458971826 	111: 1.5746713797 
	112: 1.6578730805 	113: 1.6626638186 	114: 1.6832724330 	115: 1.6866366736 	116: 1.7389825002 
	117: 1.7489248807 	118: 1.7602740568 	119: 1.7805476062 	120: 1.8016745264 	121: 1.8431841051 
	122: 1.8731047346 	123: 1.8855066001 	124: 1.8934765555 	125: 1.8947076130 	126: 1.9172318536 
	127: 1.9260475099 	128: 1.9317929727 	129: 1.9437542287 	130: 1.9627150241 	131: 1.9691513639 
	132: 1.9764293325 	133: 1.9967414428 	134: 2.0215582959 	135: 2.0727595435 	136: 2.0856495821 
	137: 2.0952099149 	138: 2.1370103004 	139: 2.1487672152 	140: 2.1504900572 	141: 2.1652551412 
	142: 2.1685627352 	143: 2.2242258793 	144: 2.2463459527 	145: 2.2655029652 	146: 2.2696248834 
	147: 2.2927549005 	148: 2.3130892607 	149: 2.3546826929 	150: 2.3683157959 	151: 2.3958329126 
	152: 2.4645517991 	153: 2.5001402454 	154: 2.5121140315 	155: 2.5413952737 	156: 2.6098780514 
	157: 2.7313667319 	158: 2.7371497114 	159: 2.7514541064 	160: 2.7732963206 	161: 2.7893231354 
	162: 2.7934944015 	163: 2.8127434012 	164: 2.9229409776 	165: 2.9767694112 	166: 2.9926590017 
	167: 3.0087440976 	168: 3.0884706389 	169: 3.1117332870 	170: 3.1792483133 	171: 3.2544686157 
	172: 3.2693150105 	173: 3.2925027258 	174: 3.3826387817 	175: 3.5587263858 	176: 3.5830523869 
	177: 3.7923936532 	178: 3.8793584728 	179: 3.9381614437 	180: 4.0563783287 


	-Mulliken Population Analysis for SCF:
	 1: -0.4625707270 	 2: -0.3842062062 	 3: -0.2681950013 	 4: 0.0666536141 	 5: 0.0484380235 
	 6: -0.0094669549 	 7: -0.0128609791 	 8: -0.0030872622 	 9: 0.5484816365 	10: 0.1738902996 
	11: 0.0393275772 	12: 0.0331056480 	13: 0.0282397758 	14: 0.0275040871 	15: 0.0290589370 
	16: 0.0470021894 	17: 0.0488705740 	18: 0.0498147684 

	-Lowdin Population Analysis for SCF:  
	 1: -0.0076880928 	 2: -0.1225724893 	 3: -0.0821817894 	 4: 0.0251022362 	 5: 0.0140874049 
	 6: -0.0314146292 	 7: -0.0344090919 	 8: -0.0006169922 	 9: -0.0334409920 	10: 0.0446964826 
	11: 0.0375909284 	12: 0.0331387702 	13: 0.0295159597 	14: 0.0289372943 	15: 0.0305554681 
	16: 0.0217160305 	17: 0.0224464146 	18: 0.0245370873 

	-Electronic Dipole Moment: (e a0)  
	 X:  -1.03795   Y:  1.54850   Z:  -0.00367   Total:  1.86419 

	-Electronic Dipole Moment: (D)  
	 X:  -2.63820   Y:  3.93589   Z:  -0.00933   Total:  4.73830 

	-Total Dipole Moment: (e a0)  
	 X:  -0.27929   Y:  -0.74246   Z:  -0.00144   Total:  0.79325 

	-Total Dipole Moment: (D)  
	 X:  -0.70989   Y:  -1.88714   Z:  -0.00367   Total:  2.01624 



	Initializing Liboeprop (by U. Bozkaya) ...


	-Mulliken Population Analysis for SCF-IAO:
	 1: -0.4292916788 	 2: -0.5427034458 	 3: -0.0766295278 	 4: -0.1017118291 	 5: -0.1085041677 
	 6: -0.1477052819 	 7: -0.1508636530 	 8: -0.1122141736 	 9: 0.6301660116 	10: -0.1317874118 
	11: 0.1641483263 	12: 0.1591299781 	13: 0.1427285331 	14: 0.1420105371 	15: 0.1439943077 
	16: 0.1369834935 	17: 0.1382680584 	18: 0.1443379237 

	-Lowdin Population Analysis for SCF-IAO:  
	 1: -0.4292916788 	 2: -0.5427034458 	 3: -0.0766295278 	 4: -0.1017118291 	 5: -0.1085041677 
	 6: -0.1477052819 	 7: -0.1508636530 	 8: -0.1122141736 	 9: 0.6301660116 	10: -0.1317874118 
	11: 0.1641483263 	12: 0.1591299781 	13: 0.1427285331 	14: 0.1420105371 	15: 0.1439943077 
	16: 0.1369834935 	17: 0.1382680584 	18: 0.1443379237 

	Initializing Liblocal (by U. Bozkaya) ...
  ==> Pipek-Mezey Localizer <==

    Convergence =   1.000E-08
    Maxiter     =          50

    Iteration                   Metric       Residual
    PM    0   1.9358782810504671E+01              -
    PM    1   3.8599573551685246E+01   9.939050E-01
    PM    2   4.3700651588077186E+01   1.321537E-01
    PM    3   4.3938555379188642E+01   5.443942E-03
    PM    4   4.3941799831495025E+01   7.384067E-05
    PM    5   4.3942046928792593E+01   5.623286E-06
    PM    6   4.3942165664031165E+01   2.702087E-06
    PM    7   4.3942229286877989E+01   1.447877E-06
    PM    8   4.3942265604006415E+01   8.264744E-07
    PM    9   4.3942288048416600E+01   5.107704E-07
    PM   10   4.3942298923103124E+01   2.474766E-07
    PM   11   4.3942302365664595E+01   7.834277E-08
    PM   12   4.3942304334939664E+01   4.481502E-08
    PM   13   4.3942305201725958E+01   1.972555E-08
    PM   14   4.3942305664842685E+01   1.053920E-08
    PM   15   4.3942305789924966E+01   2.846512E-09

    PM Localizer converged.



	*Molecular contr. to CDS energy:       0.0000  kcal/mol
	*Total CDS energy:       5.3853  kcal/mol
	*SCF::Polarization Free Energy (au)      : -0.0099317797 
	*SCF::Polarization Free Energy (kcal/mol):      -6.2323 
	*SCF::CDS Free Energy (au)      : 0.0085819948 
	*SCF::CDS Free Energy (kcal/mol):       5.3853 
	*SCF::Total Solvation Free Energy (au)      : -0.0013497849 
	*SCF::Total Solvation Free Energy (kcal/mol):      -0.8470 
 CC-PVDZ primary basis set file will be read for the O atom...
 CC-PVDZ primary basis set file will be read for the C atom...
 CC-PVDZ primary basis set file will be read for the H atom...
 Nmaxthread: 24 
 Nshell: 84 
 Lmax:  2 
 Npmax:  8 
 Nao: 180 
 Ndocc: 36 
 Nsocc:  0 
 NoccA: 36 
 NoccB: 36 
 Primary basis set info has been read.

 CC-PVDZ-JKFIT aux basis set file will be read for the O atom...
 CC-PVDZ-JKFIT aux basis set file will be read for the C atom...
 CC-PVDZ-JKFIT aux basis set file will be read for the H atom...
 Nshell_aux: 312 
 Naux: 884 
 Aux basis set info has been read.


	*Total SCF Energy: -457.38477837246649

 Cpu time for SCF :       1.6757 minutes
 Wall time for SCF:       0.6863 minutes


	MO spaces... 

	 FC   OCC   VIR   FV 
	----------------------
	 10   26   144    0


	Libtrans is initialized (by U. Bozkaya) ...

 ============================================================================== 
 ============================================================================== 
 ============================================================================== 

                       DF-MP2   
              Program Written by Ugur Bozkaya
              Latest Revision May 2, 2021

 ============================================================================== 
 ============================================================================== 
 ============================================================================== 

	For this residual convergence, default PCG convergence is:     1.00e-07
    Warning: "PCG_CONVERGENCE" option is changed to     1.00e-07


  ## DFOCC Options ##

  | TYPE         | KEY                      | INPUT? | VALUE              | DEFAULT            
  |--------------|--------------------------|--------|--------------------|--------------------
  | BOOL         | EOM                      | NO     | FALSE              | FALSE              
  | BOOL         | EOM_MP2                  | NO     | FALSE              | FALSE              
  | BOOL         | EOM_MP3                  | NO     | FALSE              | FALSE              
  | BOOL         | EOM_MP2_5                | NO     | FALSE              | FALSE              
  | BOOL         | EOM_LCCD                 | NO     | FALSE              | FALSE              
  | BOOL         | LOW_MEM_MP2              | NO     | FALSE              | FALSE              
  | BOOL         | LOW_MEM_MP3              | NO     | FALSE              | FALSE              
  | BOOL         | CD_PRESCREEN             | NO     | FALSE              | FALSE              
  | DOUBLE       | CIS_E_CONV               | NO     | 1e-06              | 1e-06              
  | DOUBLE       | CIS_R_CONV               | NO     | 1e-06              | 1e-06              
  | DOUBLE       | CIS_RES_PRECONDITION_TOL | NO     | 0.0001             | 0.0001             
  | DOUBLE       | DAVIDSON_TOLERANCE       | NO     | 1e-06              | 1e-06              
  | DOUBLE       | E3_SCALE                 | NO     | 0.25               | 0.25               
  | DOUBLE       | E_CONVERGENCE            | NO     | 1e-06              | 1e-06              
  | DOUBLE       | JK_MEMORY                | NO     | 1000000000.0       | 1000000000.0       
  | DOUBLE       | LEVEL_SHIFT              | NO     | 0.02               | 0.02               
  | DOUBLE       | MAX_MOGRAD_CONVERGENCE   | NO     | 0.001              | 0.001              
  | DOUBLE       | MO_STEP_MAX              | NO     | 0.5                | 0.5                
  | DOUBLE       | MP2_OS_SCALE             | NO     | 1.2                | 1.2                
  | DOUBLE       | MP2_SOS_SCALE            | NO     | 1.3                | 1.3                
  | DOUBLE       | MP2_SOS_SCALE2           | NO     | 1.2                | 1.2                
  | DOUBLE       | MP2_SS_SCALE             | NO     | 0.3333333333333333 | 0.3333333333333333 
  | DOUBLE       | OCC_PERCENTAGE           | NO     | 99.0               | 99.0               
  | DOUBLE       | OCC_TOLERANCE            | NO     | 1e-05              | 1e-05              
  | DOUBLE       | OO_SCALE                 | NO     | 0.01               | 0.01               
  | DOUBLE       | PCG_CONVERGENCE          | NO     | 1e-06              | 1e-06              
  | DOUBLE       | R_CONVERGENCE            | NO     | 1e-05              | 1e-05              
  | DOUBLE       | REG_PARAM                | NO     | 0.4                | 0.4                
  | DOUBLE       | KAPPA_REG_PARAM          | NO     | 1.1                | 1.1                
  | DOUBLE       | RMS_MOGRAD_CONVERGENCE   | NO     | 1e-06              | 1e-06              
  | DOUBLE       | SCG_TOLERANCE            | NO     | 1e-06              | 1e-06              
  | DOUBLE       | SCHMIDT_ADD_RES_TOL      | NO     | 0.001              | 0.001              
  | INT          | ACTIVE_NAT_ORBS          | NO     | 2                  | 2                  
  | INT          | CC_DIIS_MAX_VECS         | NO     | 6                  | 6                  
  | INT          | CC_DIIS_MIN_VECS         | NO     | 2                  | 2                  
  | INT          | CC_MAXITER               | NO     | 50                 | 50                 
  | INT          | CUTOFF                   | NO     | 8                  | 8                  
  | INT          | EXCITATION_RANGE         | NO     | 2                  | 2                  
  | INT          | FOLLOW_ROOT              | NO     | 1                  | 1                  
  | INT          | INTEGRAL_CUTOFF          | NO     | 9                  | 9                  
  | INT          | MAX_VECS                 | NO     | 50                 | 50                 
  | INT          | MO_DIIS_NUM_VECS         | NO     | 6                  | 6                  
  | INT          | MO_MAXITER               | NO     | 50                 | 50                 
  | INT          | NUM_ROOTS                | NO     | 4                  | 4                  
  | INT          | PCG_MAXITER              | NO     | 50                 | 50                 
  | INT          | PRINT_LEVEL              | NO     | 0                  | 0                  
  | INT          | VECS_PER_ROOT            | NO     | 1                  | 1                  
  | STRING       | CC_LAMBDA                | NO     | FALSE              | FALSE              
  | STRING       | CHOLESKY                 | NO     | FALSE              | FALSE              
  | STRING       | CIS_ALGORITHM            | NO     | MO_BASIS           | MO_BASIS           
  | STRING       | CIS_GUESS_COEFF          | NO     | MIX                | MIX                
  | STRING       | COMPUT_S2                | NO     | FALSE              | FALSE              
  | STRING       | DIAG_METHOD              | NO     | DAVIDSON           | DAVIDSON           
  | STRING       | DO_DIIS                  | NO     | TRUE               | TRUE               
  | STRING       | DO_LEVEL_SHIFT           | NO     | TRUE               | TRUE               
  | STRING       | DO_SCS                   | NO     | FALSE              | FALSE              
  | STRING       | DO_SOS                   | NO     | FALSE              | FALSE              
  | STRING       | EKT_IP                   | NO     | FALSE              | FALSE              
  | STRING       | FREEZE_CORE              | NO     | TRUE               | TRUE               
  | STRING       | HESS_TYPE                | NO     | HF                 | HF                 
  | STRING       | JK_TYPE                  | NO     | DIRECT             | DIRECT             
  | STRING       | LINEQ_SOLVER             | NO     | CDGESV             | CDGESV             
  | STRING       | MO_READ                  | NO     | FALSE              | FALSE              
  | STRING       | MO_WRITE                 | NO     | FALSE              | FALSE              
  | STRING       | MP2_AMP_TYPE             | NO     | DIRECT             | DIRECT             
  | STRING       | NAT_ORBS                 | NO     | FALSE              | FALSE              
  | STRING       | NBO                      | NO     | TRUE               | TRUE               
  | STRING       | OCC_ORBS_PRINT           | NO     | FALSE              | FALSE              
  | STRING       | OEPROP                   | NO     | FALSE              | FALSE              
  | STRING       | OPT_METHOD               | NO     | QNR                | QNR                
  | STRING       | ORB_RESP_SOLVER          | NO     | PCG                | PCG                
  | STRING       | ORTH_TYPE                | NO     | MGS                | MGS                
  | STRING       | PCG_BETA_TYPE            | NO     | FLETCHER_REEVES    | FLETCHER_REEVES    
  | STRING       | PPL_TYPE                 | NO     | AUTO               | AUTO               
  | STRING       | PRINT_CI_VECS            | NO     | FALSE              | FALSE              
  | STRING       | QCHF                     | NO     | FALSE              | FALSE              
  | STRING       | READ_SCF_3INDEX          | NO     | TRUE               | TRUE               
  | STRING       | REGULARIZATION           | NO     | FALSE              | FALSE              
  | STRING       | REG_TYPE                 | NO     | NORMAL             | NORMAL             
  | STRING       | SCS_TYPE                 | NO     | SCS                | SCS                
  | STRING       | SOS_TYPE                 | NO     | SOS                | SOS                
  | STRING       | TRIPLES_IABC_TYPE        | NO     | DISK               | DISK               
  | STRING       | UNIT_GUESS_TYPE          | NO     | GEN                | GEN                
  | STRING       | EKT_NEGATIVE_OCC         | NO     | ABS                | ABS                
  | BOOL         | SOLVATION                | YES    | TRUE               | FALSE              

	MO spaces... 

	 FC   OCC   VIR   FV 
	----------------------
	 10   26   144    0
 CC-PVDZ primary basis set file will be read for the O atom...
 CC-PVDZ primary basis set file will be read for the C atom...
 CC-PVDZ primary basis set file will be read for the H atom...
 Nmaxthread: 24 
 Nshell: 84 
 Lmax:  2 
 Npmax:  8 
 Nao: 180 
 Ndocc: 36 
 Nsocc:  0 
 NoccA: 36 
 NoccB: 36 
 Primary basis set info has been read.

 CC-PVDZ-RI aux basis set file will be read for the O atom...
 CC-PVDZ-RI aux basis set file will be read for the C atom...
 CC-PVDZ-RI aux basis set file will be read for the H atom...
 Nshell_aux: 228 
 Naux: 672 
 Aux basis set info has been read.

 Cpu time for Metric ints :       0.5300 s
 Wall time for Metric ints:       0.2737 s
 3-Index Algorithm: AUTO 

 Calling fortran integrals: ringing... 
 Done with fintegrals.

 Cpu time for 3-index ints :       6.5800 s
 Wall time for 3-index ints:       2.3385 s
 Cpu time for df-factors :       1.0800 s
 Wall time for df-factors:       0.2910 s
 CC-PVDZ primary basis set file will be read for the O atom...
 CC-PVDZ primary basis set file will be read for the C atom...
 CC-PVDZ primary basis set file will be read for the H atom...
 Nmaxthread: 24 
 Nshell: 84 
 Lmax:  2 
 Npmax:  8 
 Nao: 180 
 Ndocc: 36 
 Nsocc:  0 
 NoccA: 36 
 NoccB: 36 
 Primary basis set info has been read.

 CC-PVDZ-JKFIT aux basis set file will be read for the O atom...
 CC-PVDZ-JKFIT aux basis set file will be read for the C atom...
 CC-PVDZ-JKFIT aux basis set file will be read for the H atom...
 Nshell_aux: 312 
 Naux: 884 
 Aux basis set info has been read.

	Reading DF integrals from disk ...
 Cpu time for Metric ints :       1.3500 s
 Wall time for Metric ints:       0.4874 s
	Number of basis functions in the DF-HF basis: 884
	Number of basis functions in the DF-CC basis: 672

	Available memory                      :  30000.00 MB 
	Minimum required memory for amplitudes:    336.42 MB 
	Memory requirement for B-CC (Q|mu nu) :    174.18 MB 
	Memory requirement for B-CC (Q|ab)    :    111.48 MB 
	Memory requirement for DF-CC int trans:    313.53 MB 

	Computing DF-MP2 energy using SCF MOs (Canonical DF-MP2)... 
	======================================================================= 
	Nuclear Repulsion Energy (a.u.)    :   490.03183470244807
	DF-HF Energy (a.u.)                :  -457.38477837246649
	REF Energy (a.u.)                  :  -457.38477837246649
	DF-MP2 Correlation Energy (a.u.)   :    -1.41479169055276
	DF-MP2 Total Energy (a.u.)         :  -458.79957006301925
	======================================================================= 

	*Total MP2 Energy: -458.79957006301925

	Computing unrelaxed response density matrices...
	Number of independent-pairs: 5184
	Computing the generalized Fock matrix (GFM)...
	Computing the orbital gradient...
	Forming effective orbital gradient...
	Solving orbital Z-vector equations...

	            PCG Solver 
	   ------------------------------ 
	Iter     RMS Z Vector        RMS Residual  
	----    ---------------    ---------------
	  1         1.24e-03         1.02e-03
	  2         8.84e-04         6.73e-04
	  3         3.42e-04         2.24e-04
	  4         1.69e-04         1.47e-04
	  5         8.33e-05         4.82e-05
	  6         2.93e-05         2.12e-05
	  7         8.46e-06         5.28e-06
	  8         2.03e-06         1.92e-06
	  9         8.26e-07         7.18e-07
	 10         3.34e-07         2.37e-07
	 11         1.18e-07         7.44e-08
	 12         3.25e-08         3.05e-08

	Computing the relaxed PDMs and GFM...
	Compute solv. is starting ...

	Initializing Liboeprop (by U. Bozkaya) ...


	-Mulliken Population Analysis for MP2-IAO:
	 1: -0.1426212384 	 2: -0.2940680690 	 3: 0.2249730416 	 4: -0.0670436833 	 5: -0.0651799964 
	 6: -0.0658451316 	 7: -0.0642088603 	 8: -0.1848296494 	 9: 0.5186059421 	10: -0.0671790894 
	11: 0.0974724747 	12: 0.0979583343 	13: 0.0602894547 	14: 0.0608964986 	15: 0.0468014100 
	16: 0.0757710138 	17: 0.0771246842 	18: 0.0806324609 

	-Lowdin Population Analysis for MP2-IAO:  
	 1: -0.1426212384 	 2: -0.2940680690 	 3: 0.2249730416 	 4: -0.0670436833 	 5: -0.0651799964 
	 6: -0.0658451316 	 7: -0.0642088603 	 8: -0.1848296494 	 9: 0.5186059421 	10: -0.0671790894 
	11: 0.0974724747 	12: 0.0979583343 	13: 0.0602894547 	14: 0.0608964986 	15: 0.0468014100 
	16: 0.0757710138 	17: 0.0771246842 	18: 0.0806324609 


  ## SOLVATION Options ##

  | TYPE         | KEY                      | INPUT? | VALUE              | DEFAULT            
  |--------------|--------------------------|--------|--------------------|--------------------
  | INT          | NUM_Z_POINTS             | NO     | 90                 | 90                 
  | INT          | NUM_ANG_POINTS           | YES    | 100                | 100                
  | STRING       | SASA_TYPE                | YES    | NUMERIC            | NUMERIC            
  | STRING       | CHARGE_TYPE              | YES    | IAO_MULLIKEN       | IAO_MULLIKEN       
  | STRING       | CDS_TYPE                 | YES    | SMD                | SMD                
  | STRING       | SOLVENT                  | YES    | WATER              | WATER              
  | STRING       | SOLVENT_PARAMS           | YES    | MN21               | SM8                
  | STRING       | DIELECTRIC_PARAMS        | YES    | MN21               | MN21               
  | STRING       | COULOMB_RADII            | YES    | SMD                | SMD                
  | DOUBLE       | COVALENT_VW_CONST        | NO     | 0.76               | 0.76               
  | DOUBLE       | SOLVENT_RADIUS           | NO     | 0.4                | 0.4                
  | STRING       | RADIUS_TYPE              | YES    | SMD                | SMD                
  | DOUBLE       | GB_DIJ                   | NO     | 3.7                | 3.7                
  | DOUBLE       | GB_SIJ                   | NO     | 0.75               | 0.75               
  | DOUBLE       | GB_CIJ                   | NO     | 0.0                | 0.0                
  | DOUBLE       | F_PWSASA                 | NO     | 0.4535             | 0.4535             
  | DOUBLE       | SCALE_VDW                | NO     | 1.0                | 1.0                
  | DOUBLE       | SCALE_CR                 | NO     | 1.0                | 1.0                



 Sasa Type                  : NUMERIC 
 Charge Type                : IAO_MULLIKEN 
 CDS Type                   : SMD 
 Radius Type                : SMD 
 Solvent                    : WATER 
 Solvent Parameters         : MN21 
 Dielectric Parameters      : MN21 
 Coulomb Radii Parameters   : SMD 
 GB d_ij parameter          : 3.7000000000 
 GB S_ij parameter          : 0.7500000000 
 GB C_ij parameter          : 0.0000000000 
 Sclae_vdw parameter        : 1.0000000000 
 Number of z-points         : 90 
 Number of angular points   : 100 
 Number of SASA grid points : 17902 
 Solvent Dielectric Constant: 78.3553000000 

 VDW Radii:
	  1 O :       1.5200  ang
	  2 O :       1.5200  ang
	  3 C :       1.7000  ang
	  4 C :       1.7000  ang
	  5 C :       1.7000  ang
	  6 C :       1.7000  ang
	  7 C :       1.7000  ang
	  8 C :       1.7000  ang
	  9 C :       1.7000  ang
	 10 C :       1.7000  ang
	 11 H :       1.2000  ang
	 12 H :       1.2000  ang
	 13 H :       1.2000  ang
	 14 H :       1.2000  ang
	 15 H :       1.2000  ang
	 16 H :       1.2000  ang
	 17 H :       1.2000  ang
	 18 H :       1.2000  ang

	 Computing SASA... 

 Atomic SASA values:
	  1 O :       9.7374  ang^2
	  2 O :      20.1425  ang^2
	  3 C :       5.4049  ang^2
	  4 C :      10.0236  ang^2
	  5 C :       9.9803  ang^2
	  6 C :      10.7449  ang^2
	  7 C :      10.5746  ang^2
	  8 C :      10.7294  ang^2
	  9 C :       7.5595  ang^2
	 10 C :      10.4291  ang^2
	 11 H :      10.5682  ang^2
	 12 H :      10.2932  ang^2
	 13 H :      13.0498  ang^2
	 14 H :      12.9510  ang^2
	 15 H :      13.0390  ang^2
	 16 H :      11.8818  ang^2
	 17 H :      11.8764  ang^2
	 18 H :      12.9636  ang^2

	*Total SASA (angs^2): 201.9492135878 


 Coulomb Radii:
	  1 O :       1.5200  ang
	  2 O :       1.5200  ang
	  3 C :       1.8500  ang
	  4 C :       1.8500  ang
	  5 C :       1.8500  ang
	  6 C :       1.8500  ang
	  7 C :       1.8500  ang
	  8 C :       1.8500  ang
	  9 C :       1.8500  ang
	 10 C :       1.8500  ang
	 11 H :       1.2000  ang
	 12 H :       1.2000  ang
	 13 H :       1.2000  ang
	 14 H :       1.2000  ang
	 15 H :       1.2000  ang
	 16 H :       1.2000  ang
	 17 H :       1.2000  ang
	 18 H :       1.2000  ang
 Solvent Alpha                       : 1.1700000000 

 ## Effective Born Radius (bohr) ##
   0   4.2528653763 
   1   3.8441949298 
   2   4.9548151913 
   3   4.6616669358 
   4   4.6896318667 
   5   4.4484938991 
   6   4.4523889459 
   7   4.4212716542 
   8   4.5783920295 
   9   3.9011002874 
  10   3.4157770597 
  11   3.4384752717 
  12   3.1999182347 
  13   3.2030713227 
  14   3.1920349901 
  15   3.1198223224 
  16   3.1199595445 
  17   2.9965227000 

 Effective Born Radii:
	  1 O :       2.2505  ang
	  2 O :       2.0343  ang
	  3 C :       2.6220  ang
	  4 C :       2.4668  ang
	  5 C :       2.4816  ang
	  6 C :       2.3540  ang
	  7 C :       2.3561  ang
	  8 C :       2.3396  ang
	  9 C :       2.4228  ang
	 10 C :       2.0644  ang
	 11 H :       1.8076  ang
	 12 H :       1.8196  ang
	 13 H :       1.6933  ang
	 14 H :       1.6950  ang
	 15 H :       1.6892  ang
	 16 H :       1.6509  ang
	 17 H :       1.6510  ang
	 18 H :       1.5857  ang


 Coulomb Integrals:
	  1  1 :       0.2351  bohr^-1
	  1  2 :       0.1820  bohr^-1
	  1  3 :       0.1661  bohr^-1
	  1  4 :       0.1317  bohr^-1
	  1  5 :       0.1564  bohr^-1
	  1  6 :       0.1070  bohr^-1
	  1  7 :       0.1202  bohr^-1
	  1  8 :       0.1033  bohr^-1
	  1  9 :       0.2029  bohr^-1
	  1 10 :       0.2129  bohr^-1
	  1 11 :       0.1278  bohr^-1
	  1 12 :       0.1803  bohr^-1
	  1 13 :       0.0918  bohr^-1
	  1 14 :       0.1089  bohr^-1
	  1 15 :       0.0874  bohr^-1
	  1 16 :       0.1993  bohr^-1
	  1 17 :       0.1993  bohr^-1
	  1 18 :       0.2045  bohr^-1
	  2  1 :       0.1820  bohr^-1
	  2  2 :       0.2601  bohr^-1
	  2  3 :       0.1698  bohr^-1
	  2  4 :       0.1574  bohr^-1
	  2  5 :       0.1334  bohr^-1
	  2  6 :       0.1196  bohr^-1
	  2  7 :       0.1072  bohr^-1
	  2  8 :       0.1028  bohr^-1
	  2  9 :       0.2159  bohr^-1
	  2 10 :       0.1702  bohr^-1
	  2 11 :       0.1804  bohr^-1
	  2 12 :       0.1291  bohr^-1
	  2 13 :       0.1073  bohr^-1
	  2 14 :       0.0917  bohr^-1
	  2 15 :       0.0866  bohr^-1
	  2 16 :       0.1775  bohr^-1
	  2 17 :       0.1775  bohr^-1
	  2 18 :       0.1380  bohr^-1
	  3  1 :       0.1661  bohr^-1
	  3  2 :       0.1698  bohr^-1
	  3  3 :       0.2018  bohr^-1
	  3  4 :       0.1881  bohr^-1
	  3  5 :       0.1877  bohr^-1
	  3  6 :       0.1625  bohr^-1
	  3  7 :       0.1625  bohr^-1
	  3  8 :       0.1521  bohr^-1
	  3  9 :       0.1871  bohr^-1
	  3 10 :       0.1310  bohr^-1
	  3 11 :       0.1846  bohr^-1
	  3 12 :       0.1839  bohr^-1
	  3 13 :       0.1429  bohr^-1
	  3 14 :       0.1429  bohr^-1
	  3 15 :       0.1294  bohr^-1
	  3 16 :       0.1252  bohr^-1
	  3 17 :       0.1252  bohr^-1
	  3 18 :       0.1172  bohr^-1
	  4  1 :       0.1317  bohr^-1
	  4  2 :       0.1574  bohr^-1
	  4  3 :       0.1881  bohr^-1
	  4  4 :       0.2145  bohr^-1
	  4  5 :       0.1628  bohr^-1
	  4  6 :       0.1968  bohr^-1
	  4  7 :       0.1541  bohr^-1
	  4  8 :       0.1658  bohr^-1
	  4  9 :       0.1622  bohr^-1
	  4 10 :       0.1063  bohr^-1
	  4 11 :       0.2294  bohr^-1
	  4 12 :       0.1428  bohr^-1
	  4 13 :       0.1908  bohr^-1
	  4 14 :       0.1302  bohr^-1
	  4 15 :       0.1443  bohr^-1
	  4 16 :       0.1035  bohr^-1
	  4 17 :       0.1035  bohr^-1
	  4 18 :       0.0932  bohr^-1
	  5  1 :       0.1564  bohr^-1
	  5  2 :       0.1334  bohr^-1
	  5  3 :       0.1877  bohr^-1
	  5  4 :       0.1628  bohr^-1
	  5  5 :       0.2132  bohr^-1
	  5  6 :       0.1539  bohr^-1
	  5  7 :       0.1962  bohr^-1
	  5  8 :       0.1654  bohr^-1
	  5  9 :       0.1603  bohr^-1
	  5 10 :       0.1196  bohr^-1
	  5 11 :       0.1429  bohr^-1
	  5 12 :       0.2282  bohr^-1
	  5 13 :       0.1301  bohr^-1
	  5 14 :       0.1904  bohr^-1
	  5 15 :       0.1441  bohr^-1
	  5 16 :       0.1104  bohr^-1
	  5 17 :       0.1104  bohr^-1
	  5 18 :       0.1130  bohr^-1
	  6  1 :       0.1070  bohr^-1
	  6  2 :       0.1196  bohr^-1
	  6  3 :       0.1625  bohr^-1
	  6  4 :       0.1968  bohr^-1
	  6  5 :       0.1539  bohr^-1
	  6  6 :       0.2248  bohr^-1
	  6  7 :       0.1675  bohr^-1
	  6  8 :       0.2008  bohr^-1
	  6  9 :       0.1282  bohr^-1
	  6 10 :       0.0865  bohr^-1
	  6 11 :       0.1893  bohr^-1
	  6 12 :       0.1299  bohr^-1
	  6 13 :       0.2402  bohr^-1
	  6 14 :       0.1450  bohr^-1
	  6 15 :       0.1930  bohr^-1
	  6 16 :       0.0834  bohr^-1
	  6 17 :       0.0834  bohr^-1
	  6 18 :       0.0778  bohr^-1
	  7  1 :       0.1202  bohr^-1
	  7  2 :       0.1072  bohr^-1
	  7  3 :       0.1625  bohr^-1
	  7  4 :       0.1541  bohr^-1
	  7  5 :       0.1962  bohr^-1
	  7  6 :       0.1675  bohr^-1
	  7  7 :       0.2246  bohr^-1
	  7  8 :       0.2008  bohr^-1
	  7  9 :       0.1273  bohr^-1
	  7 10 :       0.0936  bohr^-1
	  7 11 :       0.1300  bohr^-1
	  7 12 :       0.1893  bohr^-1
	  7 13 :       0.1450  bohr^-1
	  7 14 :       0.2400  bohr^-1
	  7 15 :       0.1930  bohr^-1
	  7 16 :       0.0870  bohr^-1
	  7 17 :       0.0870  bohr^-1
	  7 18 :       0.0887  bohr^-1
	  8  1 :       0.1033  bohr^-1
	  8  2 :       0.1028  bohr^-1
	  8  3 :       0.1521  bohr^-1
	  8  4 :       0.1658  bohr^-1
	  8  5 :       0.1654  bohr^-1
	  8  6 :       0.2008  bohr^-1
	  8  7 :       0.2008  bohr^-1
	  8  8 :       0.2262  bohr^-1
	  8  9 :       0.1165  bohr^-1
	  8 10 :       0.0824  bohr^-1
	  8 11 :       0.1438  bohr^-1
	  8 12 :       0.1438  bohr^-1
	  8 13 :       0.1931  bohr^-1
	  8 14 :       0.1931  bohr^-1
	  8 15 :       0.2411  bohr^-1
	  8 16 :       0.0782  bohr^-1
	  8 17 :       0.0782  bohr^-1
	  8 18 :       0.0764  bohr^-1
	  9  1 :       0.2029  bohr^-1
	  9  2 :       0.2159  bohr^-1
	  9  3 :       0.1871  bohr^-1
	  9  4 :       0.1622  bohr^-1
	  9  5 :       0.1603  bohr^-1
	  9  6 :       0.1282  bohr^-1
	  9  7 :       0.1273  bohr^-1
	  9  8 :       0.1165  bohr^-1
	  9  9 :       0.2184  bohr^-1
	  9 10 :       0.1739  bohr^-1
	  9 11 :       0.1690  bohr^-1
	  9 12 :       0.1648  bohr^-1
	  9 13 :       0.1121  bohr^-1
	  9 14 :       0.1109  bohr^-1
	  9 15 :       0.0978  bohr^-1
	  9 16 :       0.1713  bohr^-1
	  9 17 :       0.1713  bohr^-1
	  9 18 :       0.1509  bohr^-1
	 10  1 :       0.2129  bohr^-1
	 10  2 :       0.1702  bohr^-1
	 10  3 :       0.1310  bohr^-1
	 10  4 :       0.1063  bohr^-1
	 10  5 :       0.1196  bohr^-1
	 10  6 :       0.0865  bohr^-1
	 10  7 :       0.0936  bohr^-1
	 10  8 :       0.0824  bohr^-1
	 10  9 :       0.1739  bohr^-1
	 10 10 :       0.2563  bohr^-1
	 10 11 :       0.1061  bohr^-1
	 10 12 :       0.1343  bohr^-1
	 10 13 :       0.0759  bohr^-1
	 10 14 :       0.0853  bohr^-1
	 10 15 :       0.0710  bohr^-1
	 10 16 :       0.2556  bohr^-1
	 10 17 :       0.2556  bohr^-1
	 10 18 :       0.2598  bohr^-1
	 11  1 :       0.1278  bohr^-1
	 11  2 :       0.1804  bohr^-1
	 11  3 :       0.1846  bohr^-1
	 11  4 :       0.2294  bohr^-1
	 11  5 :       0.1429  bohr^-1
	 11  6 :       0.1893  bohr^-1
	 11  7 :       0.1300  bohr^-1
	 11  8 :       0.1438  bohr^-1
	 11  9 :       0.1690  bohr^-1
	 11 10 :       0.1061  bohr^-1
	 11 11 :       0.2928  bohr^-1
	 11 12 :       0.1215  bohr^-1
	 11 13 :       0.1877  bohr^-1
	 11 14 :       0.1063  bohr^-1
	 11 15 :       0.1214  bohr^-1
	 11 16 :       0.1053  bohr^-1
	 11 17 :       0.1053  bohr^-1
	 11 18 :       0.0901  bohr^-1
	 12  1 :       0.1803  bohr^-1
	 12  2 :       0.1291  bohr^-1
	 12  3 :       0.1839  bohr^-1
	 12  4 :       0.1428  bohr^-1
	 12  5 :       0.2282  bohr^-1
	 12  6 :       0.1299  bohr^-1
	 12  7 :       0.1893  bohr^-1
	 12  8 :       0.1438  bohr^-1
	 12  9 :       0.1648  bohr^-1
	 12 10 :       0.1343  bohr^-1
	 12 11 :       0.1215  bohr^-1
	 12 12 :       0.2908  bohr^-1
	 12 13 :       0.1062  bohr^-1
	 12 14 :       0.1881  bohr^-1
	 12 15 :       0.1216  bohr^-1
	 12 16 :       0.1192  bohr^-1
	 12 17 :       0.1192  bohr^-1
	 12 18 :       0.1320  bohr^-1
	 13  1 :       0.0918  bohr^-1
	 13  2 :       0.1073  bohr^-1
	 13  3 :       0.1429  bohr^-1
	 13  4 :       0.1908  bohr^-1
	 13  5 :       0.1301  bohr^-1
	 13  6 :       0.2402  bohr^-1
	 13  7 :       0.1450  bohr^-1
	 13  8 :       0.1931  bohr^-1
	 13  9 :       0.1121  bohr^-1
	 13 10 :       0.0759  bohr^-1
	 13 11 :       0.1877  bohr^-1
	 13 12 :       0.1062  bohr^-1
	 13 13 :       0.3125  bohr^-1
	 13 14 :       0.1218  bohr^-1
	 13 15 :       0.1904  bohr^-1
	 13 16 :       0.0740  bohr^-1
	 13 17 :       0.0740  bohr^-1
	 13 18 :       0.0683  bohr^-1
	 14  1 :       0.1089  bohr^-1
	 14  2 :       0.0917  bohr^-1
	 14  3 :       0.1429  bohr^-1
	 14  4 :       0.1302  bohr^-1
	 14  5 :       0.1904  bohr^-1
	 14  6 :       0.1450  bohr^-1
	 14  7 :       0.2400  bohr^-1
	 14  8 :       0.1931  bohr^-1
	 14  9 :       0.1109  bohr^-1
	 14 10 :       0.0853  bohr^-1
	 14 11 :       0.1063  bohr^-1
	 14 12 :       0.1881  bohr^-1
	 14 13 :       0.1218  bohr^-1
	 14 14 :       0.3122  bohr^-1
	 14 15 :       0.1904  bohr^-1
	 14 16 :       0.0787  bohr^-1
	 14 17 :       0.0787  bohr^-1
	 14 18 :       0.0827  bohr^-1
	 15  1 :       0.0874  bohr^-1
	 15  2 :       0.0866  bohr^-1
	 15  3 :       0.1294  bohr^-1
	 15  4 :       0.1443  bohr^-1
	 15  5 :       0.1441  bohr^-1
	 15  6 :       0.1930  bohr^-1
	 15  7 :       0.1930  bohr^-1
	 15  8 :       0.2411  bohr^-1
	 15  9 :       0.0978  bohr^-1
	 15 10 :       0.0710  bohr^-1
	 15 11 :       0.1214  bohr^-1
	 15 12 :       0.1216  bohr^-1
	 15 13 :       0.1904  bohr^-1
	 15 14 :       0.1904  bohr^-1
	 15 15 :       0.3133  bohr^-1
	 15 16 :       0.0676  bohr^-1
	 15 17 :       0.0676  bohr^-1
	 15 18 :       0.0665  bohr^-1
	 16  1 :       0.1993  bohr^-1
	 16  2 :       0.1775  bohr^-1
	 16  3 :       0.1252  bohr^-1
	 16  4 :       0.1035  bohr^-1
	 16  5 :       0.1104  bohr^-1
	 16  6 :       0.0834  bohr^-1
	 16  7 :       0.0870  bohr^-1
	 16  8 :       0.0782  bohr^-1
	 16  9 :       0.1713  bohr^-1
	 16 10 :       0.2556  bohr^-1
	 16 11 :       0.1053  bohr^-1
	 16 12 :       0.1192  bohr^-1
	 16 13 :       0.0740  bohr^-1
	 16 14 :       0.0787  bohr^-1
	 16 15 :       0.0676  bohr^-1
	 16 16 :       0.3205  bohr^-1
	 16 17 :       0.2335  bohr^-1
	 16 18 :       0.2348  bohr^-1
	 17  1 :       0.1993  bohr^-1
	 17  2 :       0.1775  bohr^-1
	 17  3 :       0.1252  bohr^-1
	 17  4 :       0.1035  bohr^-1
	 17  5 :       0.1104  bohr^-1
	 17  6 :       0.0834  bohr^-1
	 17  7 :       0.0870  bohr^-1
	 17  8 :       0.0782  bohr^-1
	 17  9 :       0.1713  bohr^-1
	 17 10 :       0.2556  bohr^-1
	 17 11 :       0.1053  bohr^-1
	 17 12 :       0.1192  bohr^-1
	 17 13 :       0.0740  bohr^-1
	 17 14 :       0.0787  bohr^-1
	 17 15 :       0.0676  bohr^-1
	 17 16 :       0.2335  bohr^-1
	 17 17 :       0.3205  bohr^-1
	 17 18 :       0.2348  bohr^-1
	 18  1 :       0.2045  bohr^-1
	 18  2 :       0.1380  bohr^-1
	 18  3 :       0.1172  bohr^-1
	 18  4 :       0.0932  bohr^-1
	 18  5 :       0.1130  bohr^-1
	 18  6 :       0.0778  bohr^-1
	 18  7 :       0.0887  bohr^-1
	 18  8 :       0.0764  bohr^-1
	 18  9 :       0.1509  bohr^-1
	 18 10 :       0.2598  bohr^-1
	 18 11 :       0.0901  bohr^-1
	 18 12 :       0.1320  bohr^-1
	 18 13 :       0.0683  bohr^-1
	 18 14 :       0.0827  bohr^-1
	 18 15 :       0.0665  bohr^-1
	 18 16 :       0.2348  bohr^-1
	 18 17 :       0.2348  bohr^-1
	 18 18 :       0.3337  bohr^-1


	*Molecular contr. to CDS energy:       0.0000  kcal/mol
	*Total CDS energy:       5.3853  kcal/mol
	*MP2::Polarization Free Energy (au)      : -0.0190318669 
	*MP2::Polarization Free Energy (kcal/mol):     -11.9427 
	*MP2::CDS Free Energy (au)      : 0.0085819948 
	*MP2::CDS Free Energy (kcal/mol):       5.3853 
	*MP2::Total Solvation Free Energy (au)      : -0.0104498721 
	*MP2::Total Solvation Free Energy (kcal/mol):      -6.5574 
	GB-MP2 Total Energy (a.u.)         :  -458.81001993507465

	*Total GB-MP2 Energy: -458.79957006301925


 Cpu time for MacroQC :       2.6523 minutes
 Wall time for MacroQC:       1.0174 minutes


 ******************************************************************************************
	 MacroQC terminates normally:) 
 ****************************************************************************************** 

