 ==========================================================================================
 =========                __  ___                         ____  ______            =========
 ======                  /  |/  /___ _______________     / __ \/ ____/               ======
 ====                   / /|_/ / __ `/ ___/ ___/ __ \   / / / / /                      ====
 ===                   / /  / / /_/ / /__/ /  / /_/ /  / /_/ / /___                     ===
 ==                   /_/  /_/\__,_/\___/_/   \____/   \___\_\____/                      ==
 ===                                                                1.0.4                ===
 =====     An electronic structure theory software for large-scale applications       =====
 ======                                 See license.txt for license info             ======
 =========                                                                        =========
 ==========================================================================================
                                                                                           
                           * * * * * * * * * * * * * * * * * * * *                        
                           *            Developed by             *                        
                           *             U. Bozkaya              *                        
                           *                                     *                        
                           *       With contributions from:      *                        
                           *         B. Ermis, Y. Alagoz,        *                        
                           *         A. Unal, and A. K. Uyar     *                        
                           *         Git Version: deab493        *                        
                           *       Latest Revision: 2026-03-23   *                        
                           * * * * * * * * * * * * * * * * * * * *                        


 Run date: Wed Mar 25 09:58:15 2026
 
 Hostname: ub31 

 ## MacroQC input file ##
 ******************************************************************************************
$set_molecule
0 1
O       0.4744002674    -0.7269347335    -0.0000071893
O      -1.3036428023     0.6710969884    -0.0000089215
C       1.3718290275     0.3996437798    -0.0000001392
C      -0.8311770453    -0.4309249418     0.0000315404
H       2.3710882941    -0.0235987602    -0.0000574423
H       1.2138575664     1.0108588419     0.8866966986
H       1.2137848170     1.0109292299    -0.8866351362
H      -1.4087022917    -1.3638003788    -0.0000636409
$end_molecule


$set_globals
   basis cc-pvdz
  method mp2
  reference rhf
  jobtype energy
  memory 30000
$end_globals


$set_scf
  e_convergence 1.0e-8
  d_convergence 1.0e-6
  guess sad
  solvation true
$end_scf


$set_solvation
  cds_type smd
  radius_type smd
  solvent_params mn21
  dielectric_params mn21
  sasa_type numeric
  solvent water
  num_ang_points 100
  charge_type iao_mulliken
  coulomb_radii smd
$end_solvation

$set_dfocc
solvation true
$end_dfocc

 ******************************************************************************************


	-Geometry before Center-of-Mass shift (ang): 
	 Number     Atom               X                    Y                       Z  
	 ---------------------------------------------------------------------------------------
           1     O             0.4744002674         -0.7269347335          -0.0000071893  
           2     O            -1.3036428023          0.6710969884          -0.0000089215  
           3     C             1.3718290275          0.3996437798          -0.0000001392  
           4     C            -0.8311770453         -0.4309249418           0.0000315404  
           5     H             2.3710882941         -0.0235987602          -0.0000574423  
           6     H             1.2138575664          1.0108588419           0.8866966986  
           7     H             1.2137848170          1.0109292299          -0.8866351362  
           8     H            -1.4087022917         -1.3638003788          -0.0000636409  



	-Geometry after Center-of-Mass shift (ang): 
	 Atom               X                    Y                       Z  
	 -------------------------------------------------------------------
     O           0.5303686293         -0.7164527437          -0.0000081746  
     O          -1.2476744404          0.6815789782          -0.0000099068  
     C           1.4277973894          0.4101257696          -0.0000011245  
     C          -0.7752086834         -0.4204429520           0.0000305551  
     H           2.4270566560         -0.0131167704          -0.0000584276  
     H           1.2698259283          1.0213408317           0.8866957133  
     H           1.2697531789          1.0214112197          -0.8866361215  
     H          -1.3527339298         -1.3533183890          -0.0000646262  


	-Geometry after Center-of-Mass shift (bohr): 
	 Atom               X                    Y                       Z  
	 -------------------------------------------------------------------
     O           1.0022514550         -1.3538994675          -0.0000154477  
     O          -2.3577629860          1.2879976016          -0.0000187211  
     C           2.6981460287          0.7750253814          -0.0000021249  
     C          -1.4649321017         -0.7945220308           0.0000577408  
     H           4.5864723709         -0.0247871038          -0.0001104121  
     H           2.3996232315          1.9300544526           1.6756120548  
     H           2.3994857551          1.9301874666          -1.6754994425  
     H          -2.5562966479         -2.5574011158          -0.0001221258  


    Rotational Constants: A =     0.67614  B =     0.22759  C =      0.17591 [cm^-1] 
    Rotor Type: ASYMMETRIC 

	-Nuclear Dipole Moment: (e a0)  
	 X:  3.38448   Y:  0.63386   Z:  -0.00006   Total:  3.44332 

	-Nuclear Dipole Moment: (D)  
	 X:  8.60248   Y:  1.61111   Z:  -0.00015   Total:  8.75205 


    Nuclear repulsion energy (V_NN)              : 122.246526613715 
   =====================================================
   Charge                : 0 
   Multiplicity          : 1 
   Number of Atoms       : 8 
   Number of Ghost Atoms : 0 
   Number of Electrons   : 32 
   Number of alpha occupied orbitals (NoccA)  : 16 
   Number of beta occupied orbitals (NoccB)   : 16 
   Number of singly occupied orbitals (Nsocc) : 0 
   Number of doubly occupied orbitals (Ndocc) : 16 
   =====================================================



  ## GLOBALS Options ##

  | TYPE         | KEY                      | INPUT? | VALUE              | DEFAULT            
  |--------------|--------------------------|--------|--------------------|--------------------
  | BOOL         | ERI_DISK                 | NO     | FALSE              | FALSE              
  | BOOL         | FREEZE_CORE              | NO     | TRUE               | TRUE               
  | BOOL         | MOL_FRAG                 | NO     | FALSE              | FALSE              
  | BOOL         | NOCOM                    | NO     | FALSE              | FALSE              
  | BOOL         | NOREORIENT               | NO     | TRUE               | TRUE               
  | BOOL         | PUREAM                   | NO     | TRUE               | TRUE               
  | BOOL         | ML                       | NO     | FALSE              | FALSE              
  | BOOL         | READ_PDB                 | NO     | FALSE              | FALSE              
  | BOOL         | TEST_MODE                | NO     | FALSE              | FALSE              
  | INT          | DERIVE_LEVEL             | NO     | 0                  | 0                  
  | INT          | FINDIF_POINTS            | NO     | 3                  | 3                  
  | INT          | MEMORY                   | YES    | 30000              | 2000               
  | INT          | NUM_THREADS              | NO     | 1                  | 1                  
  | INT          | NUM_FROZEN_DOCC          | NO     | 0                  | 0                  
  | INT          | NUM_FROZEN_VIR           | NO     | 0                  | 0                  
  | INT          | PRINT_LEVEL              | NO     | 0                  | 0                  
  | STRING       | AUX_BASIS_CORR           | NO     | CC-PVDZ-RI         | CC-PVDZ-RI         
  | STRING       | AUX_BASIS_SCF            | NO     | CC-PVDZ-JKFIT      | CC-PVDZ-JKFIT      
  | STRING       | BASIS                    | YES    | CC-PVDZ            | CC-PVDZ            
  | STRING       | BASIS2                   | NO     | MINAO              | MINAO              
  | STRING       | DERIVE_TYPE              | NO     | ANALYTIC           | ANALYTIC           
  | STRING       | FINDIF_METHOD            | NO     | GRAD               | GRAD               
  | STRING       | GEOM_UNITS               | NO     | ANG                | ANG                
  | STRING       | JOBTYPE                  | YES    | ENERGY             | ENERGY             
  | STRING       | METHOD                   | YES    | MP2                | SCF                
  | STRING       | REFERENCE                | YES    | RHF                | RHF                
  | STRING       | OUTFILE_MODE             | NO     | NEW                | NEW                
  | DOUBLE       | STEP_BOHR                | NO     | 0.05               | 0.05               
  | STR_ARRAY    | MOLECULE_GEOM_FROM       | NO     | [input]            | [input]            
  | DOUBLE_ARRAY | ELECTRIC_STRENGTH        | NO     | [0.001;0.001;0.001]| [0.001;0.001;0.001]
  | STRING       | ELECTRIC_FIELD           | NO     | NONE               | NONE               
  | STRING       | ALIGN_TWO_ATOMS          | NO     | NONE               | NONE               
  | INT_ARRAY    | TWO_ATOMS                | NO     | [0]                | [0]                



  ## INTS Options ##

  | TYPE         | KEY                      | INPUT? | VALUE              | DEFAULT            
  |--------------|--------------------------|--------|--------------------|--------------------
  | DOUBLE       | BOYS_CUTOFF              | NO     | 1e-15              | 1e-15              
  | DOUBLE       | BOYS_ZERO                | NO     | 1e-06              | 1e-06              
  | DOUBLE       | DELTA_X                  | NO     | 0.1                | 0.1                
  | DOUBLE       | INTEGRAL_CUTOFF          | NO     | 1e-10              | 1e-10              
  | DOUBLE       | X_MAX                    | NO     | 30.0               | 30.0               
  | INT          | BOYS_MAXITER             | NO     | 10000              | 10000              
  | INT          | MAX_AM                   | NO     | 7                  | 7                  
  | INT          | MAX_AM_AUX               | NO     | 7                  | 7                  
  | INT          | PRINT_LEVEL              | NO     | 0                  | 0                  
  | INT          | TAYLOR_ORDER             | NO     | 6                  | 6                  
  | STRING       | 3INDEX_ALGORITHM         | NO     | AUTO               | AUTO               
  | STRING       | BOYS_METHOD              | NO     | GHP                | GHP                
  | STRING       | ERI_ALGORITHM            | NO     | MD4                | MD4                


	Initializing Liboeprop (by U. Bozkaya) ...

	*=================================================================*
	*                  SCF                                            *
	*   Developed by U. Bozkaya & Y. Alagoz                           *
	*   Latest revision Feb 16, 2021                                  *
	*=================================================================*



  ## SCF Options ##

  | TYPE         | KEY                      | INPUT? | VALUE              | DEFAULT            
  |--------------|--------------------------|--------|--------------------|--------------------
  | BOOL         | DIIS_DAMP                | NO     | FALSE              | FALSE              
  | BOOL         | DIE_IF_NOT_CONVERGED     | NO     | TRUE               | TRUE               
  | BOOL         | DO_DF                    | NO     | TRUE               | TRUE               
  | BOOL         | DIIS                     | NO     | TRUE               | TRUE               
  | BOOL         | FOCK_DAMP                | NO     | FALSE              | FALSE              
  | BOOL         | GUESS_MIX                | NO     | FALSE              | FALSE              
  | BOOL         | GUESS_PREVIOUS           | NO     | FALSE              | FALSE              
  | BOOL         | LOCAL                    | NO     | FALSE              | FALSE              
  | BOOL         | RETRY                    | NO     | TRUE               | TRUE               
  | DOUBLE       | CUTOFF                   | NO     | 1e-10              | 1e-10              
  | DOUBLE       | D_CONVERGENCE            | YES    | 1e-06              | 1e-06              
  | DOUBLE       | DAMP_PARAM               | NO     | 0.02               | 0.02               
  | DOUBLE       | E_CONVERGENCE            | YES    | 1e-08              | 1e-08              
  | DOUBLE       | FOCK_DAMP_PERC           | NO     | 20.0               | 20.0               
  | DOUBLE       | MIN_OVERLAP_EIGVAL       | NO     | 1e-06              | 1e-06              
  | DOUBLE       | LOCAL_CONVERGENCE        | NO     | 1e-08              | 1e-08              
  | DOUBLE       | QC_GUESS_E_CONVERGENCE   | NO     | 0.0001             | 0.0001             
  | DOUBLE       | QC_GUESS_D_CONVERGENCE   | NO     | 0.005              | 0.005              
  | INT          | MAX_DIIS                 | NO     | 6                  | 6                  
  | INT          | MIN_DIIS                 | NO     | 2                  | 2                  
  | INT          | PRINT_LEVEL              | NO     | 0                  | 0                  
  | INT          | SCF_MAXITER              | NO     | 50                 | 50                 
  | INT          | LOCAL_MAXITER            | NO     | 50                 | 50                 
  | STRING       | DIIS_ALGORITHM           | NO     | DISK               | DISK               
  | STRING       | GUESS                    | YES    | SAD                | SAD                
  | BOOL         | MO_WRITE                 | NO     | FALSE              | FALSE              
  | BOOL         | FOCK_WRITE               | NO     | FALSE              | FALSE              
  | STRING       | ORTH_TYPE                | NO     | CANONICAL          | CANONICAL          
  | STRING       | ROHF_CANONIC_TYPE        | NO     | GUEST              | GUEST              
  | STRING       | ERI                      | NO     | INCORE             | INCORE             
  | STRING       | SCF_ALGORITHM            | NO     | ROOTHAAN           | ROOTHAAN           
  | STRING       | LOCAL_TYPE               | NO     | BOYS               | BOYS               
  | BOOL         | SAD_FRAC_OCC             | NO     | TRUE               | TRUE               
  | BOOL         | SAD_SPIN_AVERAGE         | NO     | TRUE               | TRUE               
  | DOUBLE       | SAD_E_CONVERGENCE        | NO     | 1e-05              | 1e-05              
  | DOUBLE       | SAD_D_CONVERGENCE        | NO     | 1e-05              | 1e-05              
  | INT          | SAD_MAXITER              | NO     | 50                 | 50                 
  | BOOL         | NIE                      | NO     | FALSE              | FALSE              
  | BOOL         | SAD_DIIS                 | NO     | TRUE               | TRUE               
  | INT          | SAD_MAX_DIIS             | NO     | 6                  | 6                  
  | INT          | SAD_MIN_DIIS             | NO     | 2                  | 2                  
  | INT          | SAD_PRINT                | NO     | 0                  | 0                  
  | STRING       | SAD_AUX_BASIS            | NO     | SAD-FIT            | SAD-FIT            
  | DOUBLE       | SAD_CHOLESKY_TOLERANCE   | NO     | 1e-07              | 1e-07              
  | BOOL         | SOLVATION                | YES    | TRUE               | FALSE              
  | BOOL         | BYPASS                   | NO     | FALSE              | FALSE              
  | STRING       | IAO_TYPE                 | NO     | STANDARD2013       | STANDARD2013       
  | BOOL         | USE_IAOS                 | NO     | FALSE              | FALSE              

	Initializing libdiis ...
	Initializing libmolint 1.1 ...
 CC-PVDZ primary basis set file will be read for the O atom...
 CC-PVDZ primary basis set file will be read for the C atom...
 CC-PVDZ primary basis set file will be read for the H atom...
 Nmaxthread: 24 
 Nshell: 36 
 Lmax:  2 
 Npmax:  8 
 Nao: 76 
 Ndocc: 16 
 Nsocc:  0 
 NoccA: 16 
 NoccB: 16 
 Primary basis set info has been read.

 CC-PVDZ-JKFIT aux basis set file will be read for the O atom...
 CC-PVDZ-JKFIT aux basis set file will be read for the C atom...
 CC-PVDZ-JKFIT aux basis set file will be read for the H atom...
 Nshell_aux: 132 
 Naux: 372 
 Aux basis set info has been read.

 orth_type: CANONICAL 
 Cpu time for S ints :       0.0100 s
 Wall time for S ints:       0.0090 s

 Using canonical orthogonalization. 
 Minimum eigenvalue in the overlap matrix is:   1.2746E-02 

 Cpu time for T ints :       0.0900 s
 Wall time for T ints:       0.0205 s
 Cpu time for V ints :       0.4200 s
 Wall time for V ints:       0.1062 s
 Cpu time for Metric ints :       0.5300 s
 Wall time for Metric ints:       0.1422 s
 3-Index Algorithm: AUTO 

 Calling fortran integrals: ringing... 
 Done with fintegrals.

 Cpu time for 3-index ints :       1.2900 s
 Wall time for 3-index ints:       0.3297 s
 Cpu time for df-factors :       0.0600 s
 Wall time for df-factors:       0.0158 s


 Puream (True=1, False=0) : 1
 Number of AO             : 76
 Number of MO             : 76
 Number of Aux Functions  : 372
 Charge                   : 0
 Multiplicity             : 1
 Alpha OCC                : 16
 Beta OCC                 : 16
 Nuclear Repulsion Energy : 122.24652661
 Energy Treshold          : 1.0e-08
 Density Treshold         : 1.0e-06
 Iteration Limit          : 50
 Guess                    : SAD
 Guess Mix                : false
 Diis                     : true
 Diis Damping             : false
 Diis Damp Parameter      : 0.02
 Diis Algorithm           : DISK
 Cutoff Treshold          : 1.0e-10
 Density Fitting          : true
 Reference                : RHF
 Die If Not Converged     : true
 Print Level              : 0
 ERI Algorithm            : INCORE
 SCF Algorithm            : ROOTHAAN




  ## SOLVATION Options ##

  | TYPE         | KEY                      | INPUT? | VALUE              | DEFAULT            
  |--------------|--------------------------|--------|--------------------|--------------------
  | INT          | NUM_Z_POINTS             | NO     | 90                 | 90                 
  | INT          | NUM_ANG_POINTS           | YES    | 100                | 100                
  | STRING       | SASA_TYPE                | YES    | NUMERIC            | NUMERIC            
  | STRING       | CHARGE_TYPE              | YES    | IAO_MULLIKEN       | IAO_MULLIKEN       
  | STRING       | CDS_TYPE                 | YES    | SMD                | SMD                
  | STRING       | SOLVENT                  | YES    | WATER              | WATER              
  | STRING       | SOLVENT_PARAMS           | YES    | MN21               | SM8                
  | STRING       | DIELECTRIC_PARAMS        | YES    | MN21               | MN21               
  | STRING       | COULOMB_RADII            | YES    | SMD                | SMD                
  | DOUBLE       | COVALENT_VW_CONST        | NO     | 0.76               | 0.76               
  | DOUBLE       | SOLVENT_RADIUS           | NO     | 0.4                | 0.4                
  | STRING       | RADIUS_TYPE              | YES    | SMD                | SMD                
  | DOUBLE       | GB_DIJ                   | NO     | 3.7                | 3.7                
  | DOUBLE       | GB_SIJ                   | NO     | 0.75               | 0.75               
  | DOUBLE       | GB_CIJ                   | NO     | 0.0                | 0.0                
  | DOUBLE       | F_PWSASA                 | NO     | 0.4535             | 0.4535             
  | DOUBLE       | SCALE_VDW                | NO     | 1.0                | 1.0                
  | DOUBLE       | SCALE_CR                 | NO     | 1.0                | 1.0                



 Sasa Type                  : NUMERIC 
 Charge Type                : IAO_MULLIKEN 
 CDS Type                   : SMD 
 Radius Type                : SMD 
 Solvent                    : WATER 
 Solvent Parameters         : MN21 
 Dielectric Parameters      : MN21 
 Coulomb Radii Parameters   : SMD 
 GB d_ij parameter          : 3.7000000000 
 GB S_ij parameter          : 0.7500000000 
 GB C_ij parameter          : 0.0000000000 
 Sclae_vdw parameter        : 1.0000000000 
 Number of z-points         : 90 
 Number of angular points   : 100 
 Number of SASA grid points : 17902 
 Solvent Dielectric Constant: 78.3553000000 

 VDW Radii:
	  1 O :       1.5200  ang
	  2 O :       1.5200  ang
	  3 C :       1.7000  ang
	  4 C :       1.7000  ang
	  5 H :       1.2000  ang
	  6 H :       1.2000  ang
	  7 H :       1.2000  ang
	  8 H :       1.2000  ang

	 Computing SASA... 

 Atomic SASA values:
	  1 O :      13.7923  ang^2
	  2 O :      23.5091  ang^2
	  3 C :      10.4725  ang^2
	  4 C :      13.7972  ang^2
	  5 H :      12.9204  ang^2
	  6 H :      11.9734  ang^2
	  7 H :      11.9734  ang^2
	  8 H :      13.0858  ang^2

	*Total SASA (angs^2): 111.5240725380 


 Coulomb Radii:
	  1 O :       1.5200  ang
	  2 O :       1.5200  ang
	  3 C :       1.8500  ang
	  4 C :       1.8500  ang
	  5 H :       1.2000  ang
	  6 H :       1.2000  ang
	  7 H :       1.2000  ang
	  8 H :       1.2000  ang
 Solvent Alpha                       : 1.1700000000 

 ## Effective Born Radius (bohr) ##
   0   3.7336293345 
   1   3.4282158419 
   2   3.7969573452 
   3   3.8335442066 
   4   2.9574649568 
   5   3.0682773729 
   6   3.0682905854 
   7   2.8928872992 

 Effective Born Radii:
	  1 O :       1.9758  ang
	  2 O :       1.8141  ang
	  3 C :       2.0093  ang
	  4 C :       2.0286  ang
	  5 H :       1.5650  ang
	  6 H :       1.6237  ang
	  7 H :       1.6237  ang
	  8 H :       1.5309  ang


 Coulomb Integrals:
	  1  1 :       0.2678  bohr^-1
	  1  2 :       0.1925  bohr^-1
	  1  3 :       0.2252  bohr^-1
	  1  4 :       0.2289  bohr^-1
	  1  5 :       0.2116  bohr^-1
	  1  6 :       0.2064  bohr^-1
	  1  7 :       0.2064  bohr^-1
	  1  8 :       0.2147  bohr^-1
	  2  1 :       0.1925  bohr^-1
	  2  2 :       0.2917  bohr^-1
	  2  3 :       0.1729  bohr^-1
	  2  4 :       0.2428  bohr^-1
	  2  5 :       0.1379  bohr^-1
	  2  6 :       0.1788  bohr^-1
	  2  7 :       0.1788  bohr^-1
	  2  8 :       0.2159  bohr^-1
	  3  1 :       0.2252  bohr^-1
	  3  2 :       0.1729  bohr^-1
	  3  3 :       0.2634  bohr^-1
	  3  4 :       0.1830  bohr^-1
	  3  5 :       0.2639  bohr^-1
	  3  6 :       0.2600  bohr^-1
	  3  7 :       0.2600  bohr^-1
	  3  8 :       0.1526  bohr^-1
	  4  1 :       0.2289  bohr^-1
	  4  2 :       0.2428  bohr^-1
	  4  3 :       0.1830  bohr^-1
	  4  4 :       0.2609  bohr^-1
	  4  5 :       0.1545  bohr^-1
	  4  6 :       0.1774  bohr^-1
	  4  7 :       0.1774  bohr^-1
	  4  8 :       0.2646  bohr^-1
	  5  1 :       0.2116  bohr^-1
	  5  2 :       0.1379  bohr^-1
	  5  3 :       0.2639  bohr^-1
	  5  4 :       0.1545  bohr^-1
	  5  5 :       0.3381  bohr^-1
	  5  6 :       0.2365  bohr^-1
	  5  7 :       0.2365  bohr^-1
	  5  8 :       0.1304  bohr^-1
	  6  1 :       0.2064  bohr^-1
	  6  2 :       0.1788  bohr^-1
	  6  3 :       0.2600  bohr^-1
	  6  4 :       0.1774  bohr^-1
	  6  5 :       0.2365  bohr^-1
	  6  6 :       0.3259  bohr^-1
	  6  7 :       0.2354  bohr^-1
	  6  8 :       0.1420  bohr^-1
	  7  1 :       0.2064  bohr^-1
	  7  2 :       0.1788  bohr^-1
	  7  3 :       0.2600  bohr^-1
	  7  4 :       0.1774  bohr^-1
	  7  5 :       0.2365  bohr^-1
	  7  6 :       0.2354  bohr^-1
	  7  7 :       0.3259  bohr^-1
	  7  8 :       0.1420  bohr^-1
	  8  1 :       0.2147  bohr^-1
	  8  2 :       0.2159  bohr^-1
	  8  3 :       0.1526  bohr^-1
	  8  4 :       0.2646  bohr^-1
	  8  5 :       0.1304  bohr^-1
	  8  6 :       0.1420  bohr^-1
	  8  7 :       0.1420  bohr^-1
	  8  8 :       0.3457  bohr^-1
    ===> SCF Iteration Started <===

     Iter. |                   Energy |       Delta E |          Drms |
    -------|--------------------------|---------------|---------------|
         1 |      -226.90364049618921 |    -2.269e+02 |     1.615e-02 |
         2 |      -227.70681754721926 |    -8.032e-01 |     4.022e-03 | DIIS
         3 |      -227.76546602365767 |    -5.865e-02 |     2.151e-03 | DIIS
         4 |      -227.80401773784808 |    -3.855e-02 |     6.035e-04 | DIIS
         5 |      -227.80531620391179 |    -1.298e-03 |     2.393e-04 | DIIS
         6 |      -227.80551735025904 |    -2.011e-04 |     1.392e-04 | DIIS
         7 |      -227.80555770781262 |    -4.036e-05 |     7.509e-05 | DIIS
         8 |      -227.80556528472181 |    -7.577e-06 |     2.186e-05 | DIIS
         9 |      -227.80556543081542 |    -1.461e-07 |     5.937e-06 | DIIS
        10 |      -227.80556540036514 |     3.045e-08 |     1.246e-06 | DIIS
        11 |      -227.80556535915809 |     4.121e-08 |     2.322e-07 | DIIS
        12 |      -227.80556535523328 |     3.925e-09 |     1.631e-07 | DIIS


	-Alpha Occupied Orbital Energies (au):  
	 1: -20.5930985235 	 2: -20.5390993845 	 3: -11.3704700178 	 4: -11.2806863874 	 5: -1.4488405958 
	 6: -1.3515196963 	 7: -0.9716523046 	 8: -0.8001470779 	 9: -0.7169671997 	10: -0.6590789595 
	11: -0.6536877750 	12: -0.5758916578 	13: -0.5345764636 	14: -0.5162767384 	15: -0.4459801376 
	16: -0.4402136557 
	-Alpha Virtual Orbital Energies (au):  
	17: 0.1960997505 	18: 0.2051031370 	19: 0.2244265404 	20: 0.2594572673 	21: 0.2766553857 
	22: 0.3076734078 	23: 0.4218371229 	24: 0.4886931035 	25: 0.6109585991 	26: 0.6310574824 
	27: 0.6759829354 	28: 0.7003504491 	29: 0.7440968538 	30: 0.8514087892 	31: 0.8540307569 
	32: 0.8825517245 	33: 0.9016516974 	34: 0.9312903173 	35: 0.9698407501 	36: 1.0929179563 
	37: 1.1147083013 	38: 1.1317939581 	39: 1.2562785127 	40: 1.2672808074 	41: 1.3079969392 
	42: 1.3338315669 	43: 1.3970906256 	44: 1.4203773015 	45: 1.5340272481 	46: 1.5745558936 
	47: 1.6557400515 	48: 1.7265687061 	49: 1.7775148560 	50: 1.8352574239 	51: 1.8827598539 
	52: 1.9237169739 	53: 1.9459995779 	54: 1.9949622188 	55: 2.0060741782 	56: 2.0140682132 
	57: 2.0894693216 	58: 2.1988661967 	59: 2.3635308841 	60: 2.3672223461 	61: 2.4182482486 
	62: 2.5855913388 	63: 2.6765907461 	64: 2.7439540731 	65: 2.7695593226 	66: 2.7918554694 
	67: 2.9851246185 	68: 3.0831840347 	69: 3.2432479350 	70: 3.2709963134 	71: 3.3191916577 
	72: 3.5521094082 	73: 3.5889525980 	74: 3.7198237274 	75: 3.8710388357 	76: 3.9315024789 



	-Mulliken Population Analysis for SCF:
	 1: -0.4351254413 	 2: -0.3667286628 	 3: 0.1733974587 	 4: 0.4302603298 	 5: 0.0508143830 
	 6: 0.0487113614 	 7: 0.0487142895 	 8: 0.0499562817 

	-Lowdin Population Analysis for SCF:  
	 1: -0.0108127912 	 2: -0.1077933083 	 3: 0.0489941436 	 4: -0.0090019741 	 5: 0.0255722289 
	 6: 0.0219891478 	 7: 0.0219897769 	 8: 0.0090627764 

	-Electronic Dipole Moment: (e a0)  
	 X:  -2.73283   Y:  -1.02064   Z:  0.00009   Total:  2.91720 

	-Electronic Dipole Moment: (D)  
	 X:  -6.94615   Y:  -2.59422   Z:  0.00022   Total:  7.41478 

	-Total Dipole Moment: (e a0)  
	 X:  0.65165   Y:  -0.38679   Z:  0.00003   Total:  0.75779 

	-Total Dipole Moment: (D)  
	 X:  1.65633   Y:  -0.98311   Z:  0.00007   Total:  1.92612 



	Initializing Liboeprop (by U. Bozkaya) ...


	-Mulliken Population Analysis for SCF-IAO:
	 1: -0.4255165671 	 2: -0.5129180279 	 3: -0.1321973822 	 4: 0.5255825209 	 5: 0.1462526284 
	 6: 0.1371553836 	 7: 0.1371578105 	 8: 0.1247128055 

	-Lowdin Population Analysis for SCF-IAO:  
	 1: -0.4255165671 	 2: -0.5129180279 	 3: -0.1321973822 	 4: 0.5255825209 	 5: 0.1462526284 
	 6: 0.1371553836 	 7: 0.1371578105 	 8: 0.1247128055 

	Initializing Liblocal (by U. Bozkaya) ...
  ==> Pipek-Mezey Localizer <==

    Convergence =   1.000E-08
    Maxiter     =          50

    Iteration                   Metric       Residual
    PM    0   1.0644634223658294E+01              -
    PM    1   1.8195977599512347E+01   7.094037E-01
    PM    2   1.8867835435906084E+01   3.692343E-02
    PM    3   1.8893411932432006E+01   1.355561E-03
    PM    4   1.8893666545753195E+01   1.347630E-05
    PM    5   1.8893672201879784E+01   2.993663E-07
    PM    6   1.8893672440318330E+01   1.262002E-08
    PM    7   1.8893672450594412E+01   5.438901E-10

    PM Localizer converged.



	*Molecular contr. to CDS energy:       0.0000  kcal/mol
	*Total CDS energy:       4.8994  kcal/mol
	*SCF::Polarization Free Energy (au)      : -0.0112333219 
	*SCF::Polarization Free Energy (kcal/mol):      -7.0490 
	*SCF::CDS Free Energy (au)      : 0.0078077623 
	*SCF::CDS Free Energy (kcal/mol):       4.8994 
	*SCF::Total Solvation Free Energy (au)      : -0.0034255595 
	*SCF::Total Solvation Free Energy (kcal/mol):      -2.1496 
 CC-PVDZ primary basis set file will be read for the O atom...
 CC-PVDZ primary basis set file will be read for the C atom...
 CC-PVDZ primary basis set file will be read for the H atom...
 Nmaxthread: 24 
 Nshell: 36 
 Lmax:  2 
 Npmax:  8 
 Nao: 76 
 Ndocc: 16 
 Nsocc:  0 
 NoccA: 16 
 NoccB: 16 
 Primary basis set info has been read.

 CC-PVDZ-JKFIT aux basis set file will be read for the O atom...
 CC-PVDZ-JKFIT aux basis set file will be read for the C atom...
 CC-PVDZ-JKFIT aux basis set file will be read for the H atom...
 Nshell_aux: 132 
 Naux: 372 
 Aux basis set info has been read.


	*Total SCF Energy: -227.80556535523328

 Cpu time for SCF :       0.8958 minutes
 Wall time for SCF:       0.2838 minutes


	MO spaces... 

	 FC   OCC   VIR   FV 
	----------------------
	  4   12    60    0


	Libtrans is initialized (by U. Bozkaya) ...

 ============================================================================== 
 ============================================================================== 
 ============================================================================== 

                       DF-MP2   
              Program Written by Ugur Bozkaya
              Latest Revision May 2, 2021

 ============================================================================== 
 ============================================================================== 
 ============================================================================== 

	For this residual convergence, default PCG convergence is:     1.00e-07
    Warning: "PCG_CONVERGENCE" option is changed to     1.00e-07


  ## DFOCC Options ##

  | TYPE         | KEY                      | INPUT? | VALUE              | DEFAULT            
  |--------------|--------------------------|--------|--------------------|--------------------
  | BOOL         | EOM                      | NO     | FALSE              | FALSE              
  | BOOL         | EOM_MP2                  | NO     | FALSE              | FALSE              
  | BOOL         | EOM_MP3                  | NO     | FALSE              | FALSE              
  | BOOL         | EOM_MP2_5                | NO     | FALSE              | FALSE              
  | BOOL         | EOM_LCCD                 | NO     | FALSE              | FALSE              
  | BOOL         | LOW_MEM_MP2              | NO     | FALSE              | FALSE              
  | BOOL         | LOW_MEM_MP3              | NO     | FALSE              | FALSE              
  | BOOL         | CD_PRESCREEN             | NO     | FALSE              | FALSE              
  | DOUBLE       | CIS_E_CONV               | NO     | 1e-06              | 1e-06              
  | DOUBLE       | CIS_R_CONV               | NO     | 1e-06              | 1e-06              
  | DOUBLE       | CIS_RES_PRECONDITION_TOL | NO     | 0.0001             | 0.0001             
  | DOUBLE       | DAVIDSON_TOLERANCE       | NO     | 1e-06              | 1e-06              
  | DOUBLE       | E3_SCALE                 | NO     | 0.25               | 0.25               
  | DOUBLE       | E_CONVERGENCE            | NO     | 1e-06              | 1e-06              
  | DOUBLE       | JK_MEMORY                | NO     | 1000000000.0       | 1000000000.0       
  | DOUBLE       | LEVEL_SHIFT              | NO     | 0.02               | 0.02               
  | DOUBLE       | MAX_MOGRAD_CONVERGENCE   | NO     | 0.001              | 0.001              
  | DOUBLE       | MO_STEP_MAX              | NO     | 0.5                | 0.5                
  | DOUBLE       | MP2_OS_SCALE             | NO     | 1.2                | 1.2                
  | DOUBLE       | MP2_SOS_SCALE            | NO     | 1.3                | 1.3                
  | DOUBLE       | MP2_SOS_SCALE2           | NO     | 1.2                | 1.2                
  | DOUBLE       | MP2_SS_SCALE             | NO     | 0.3333333333333333 | 0.3333333333333333 
  | DOUBLE       | OCC_PERCENTAGE           | NO     | 99.0               | 99.0               
  | DOUBLE       | OCC_TOLERANCE            | NO     | 1e-05              | 1e-05              
  | DOUBLE       | OO_SCALE                 | NO     | 0.01               | 0.01               
  | DOUBLE       | PCG_CONVERGENCE          | NO     | 1e-06              | 1e-06              
  | DOUBLE       | R_CONVERGENCE            | NO     | 1e-05              | 1e-05              
  | DOUBLE       | REG_PARAM                | NO     | 0.4                | 0.4                
  | DOUBLE       | KAPPA_REG_PARAM          | NO     | 1.1                | 1.1                
  | DOUBLE       | RMS_MOGRAD_CONVERGENCE   | NO     | 1e-06              | 1e-06              
  | DOUBLE       | SCG_TOLERANCE            | NO     | 1e-06              | 1e-06              
  | DOUBLE       | SCHMIDT_ADD_RES_TOL      | NO     | 0.001              | 0.001              
  | INT          | ACTIVE_NAT_ORBS          | NO     | 2                  | 2                  
  | INT          | CC_DIIS_MAX_VECS         | NO     | 6                  | 6                  
  | INT          | CC_DIIS_MIN_VECS         | NO     | 2                  | 2                  
  | INT          | CC_MAXITER               | NO     | 50                 | 50                 
  | INT          | CUTOFF                   | NO     | 8                  | 8                  
  | INT          | EXCITATION_RANGE         | NO     | 2                  | 2                  
  | INT          | FOLLOW_ROOT              | NO     | 1                  | 1                  
  | INT          | INTEGRAL_CUTOFF          | NO     | 9                  | 9                  
  | INT          | MAX_VECS                 | NO     | 50                 | 50                 
  | INT          | MO_DIIS_NUM_VECS         | NO     | 6                  | 6                  
  | INT          | MO_MAXITER               | NO     | 50                 | 50                 
  | INT          | NUM_ROOTS                | NO     | 4                  | 4                  
  | INT          | PCG_MAXITER              | NO     | 50                 | 50                 
  | INT          | PRINT_LEVEL              | NO     | 0                  | 0                  
  | INT          | VECS_PER_ROOT            | NO     | 1                  | 1                  
  | STRING       | CC_LAMBDA                | NO     | FALSE              | FALSE              
  | STRING       | CHOLESKY                 | NO     | FALSE              | FALSE              
  | STRING       | CIS_ALGORITHM            | NO     | MO_BASIS           | MO_BASIS           
  | STRING       | CIS_GUESS_COEFF          | NO     | MIX                | MIX                
  | STRING       | COMPUT_S2                | NO     | FALSE              | FALSE              
  | STRING       | DIAG_METHOD              | NO     | DAVIDSON           | DAVIDSON           
  | STRING       | DO_DIIS                  | NO     | TRUE               | TRUE               
  | STRING       | DO_LEVEL_SHIFT           | NO     | TRUE               | TRUE               
  | STRING       | DO_SCS                   | NO     | FALSE              | FALSE              
  | STRING       | DO_SOS                   | NO     | FALSE              | FALSE              
  | STRING       | EKT_IP                   | NO     | FALSE              | FALSE              
  | STRING       | FREEZE_CORE              | NO     | TRUE               | TRUE               
  | STRING       | HESS_TYPE                | NO     | HF                 | HF                 
  | STRING       | JK_TYPE                  | NO     | DIRECT             | DIRECT             
  | STRING       | LINEQ_SOLVER             | NO     | CDGESV             | CDGESV             
  | STRING       | MO_READ                  | NO     | FALSE              | FALSE              
  | STRING       | MO_WRITE                 | NO     | FALSE              | FALSE              
  | STRING       | MP2_AMP_TYPE             | NO     | DIRECT             | DIRECT             
  | STRING       | NAT_ORBS                 | NO     | FALSE              | FALSE              
  | STRING       | NBO                      | NO     | TRUE               | TRUE               
  | STRING       | OCC_ORBS_PRINT           | NO     | FALSE              | FALSE              
  | STRING       | OEPROP                   | NO     | FALSE              | FALSE              
  | STRING       | OPT_METHOD               | NO     | QNR                | QNR                
  | STRING       | ORB_RESP_SOLVER          | NO     | PCG                | PCG                
  | STRING       | ORTH_TYPE                | NO     | MGS                | MGS                
  | STRING       | PCG_BETA_TYPE            | NO     | FLETCHER_REEVES    | FLETCHER_REEVES    
  | STRING       | PPL_TYPE                 | NO     | AUTO               | AUTO               
  | STRING       | PRINT_CI_VECS            | NO     | FALSE              | FALSE              
  | STRING       | QCHF                     | NO     | FALSE              | FALSE              
  | STRING       | READ_SCF_3INDEX          | NO     | TRUE               | TRUE               
  | STRING       | REGULARIZATION           | NO     | FALSE              | FALSE              
  | STRING       | REG_TYPE                 | NO     | NORMAL             | NORMAL             
  | STRING       | SCS_TYPE                 | NO     | SCS                | SCS                
  | STRING       | SOS_TYPE                 | NO     | SOS                | SOS                
  | STRING       | TRIPLES_IABC_TYPE        | NO     | DISK               | DISK               
  | STRING       | UNIT_GUESS_TYPE          | NO     | GEN                | GEN                
  | STRING       | EKT_NEGATIVE_OCC         | NO     | ABS                | ABS                
  | BOOL         | SOLVATION                | YES    | TRUE               | FALSE              

	MO spaces... 

	 FC   OCC   VIR   FV 
	----------------------
	  4   12    60    0
 CC-PVDZ primary basis set file will be read for the O atom...
 CC-PVDZ primary basis set file will be read for the C atom...
 CC-PVDZ primary basis set file will be read for the H atom...
 Nmaxthread: 24 
 Nshell: 36 
 Lmax:  2 
 Npmax:  8 
 Nao: 76 
 Ndocc: 16 
 Nsocc:  0 
 NoccA: 16 
 NoccB: 16 
 Primary basis set info has been read.

 CC-PVDZ-RI aux basis set file will be read for the O atom...
 CC-PVDZ-RI aux basis set file will be read for the C atom...
 CC-PVDZ-RI aux basis set file will be read for the H atom...
 Nshell_aux: 96 
 Naux: 280 
 Aux basis set info has been read.

 Cpu time for Metric ints :       0.1000 s
 Wall time for Metric ints:       0.0539 s
 3-Index Algorithm: AUTO 

 Calling fortran integrals: ringing... 
 Done with fintegrals.

 Cpu time for 3-index ints :       1.2600 s
 Wall time for 3-index ints:       0.3156 s
 Cpu time for df-factors :       0.0300 s
 Wall time for df-factors:       0.0077 s
 CC-PVDZ primary basis set file will be read for the O atom...
 CC-PVDZ primary basis set file will be read for the C atom...
 CC-PVDZ primary basis set file will be read for the H atom...
 Nmaxthread: 24 
 Nshell: 36 
 Lmax:  2 
 Npmax:  8 
 Nao: 76 
 Ndocc: 16 
 Nsocc:  0 
 NoccA: 16 
 NoccB: 16 
 Primary basis set info has been read.

 CC-PVDZ-JKFIT aux basis set file will be read for the O atom...
 CC-PVDZ-JKFIT aux basis set file will be read for the C atom...
 CC-PVDZ-JKFIT aux basis set file will be read for the H atom...
 Nshell_aux: 132 
 Naux: 372 
 Aux basis set info has been read.

	Reading DF integrals from disk ...
 Cpu time for Metric ints :       0.4400 s
 Wall time for Metric ints:       0.1115 s
	Number of basis functions in the DF-HF basis: 372
	Number of basis functions in the DF-CC basis: 280

	Available memory                      :  30000.00 MB 
	Minimum required memory for amplitudes:     12.44 MB 
	Memory requirement for B-CC (Q|mu nu) :     12.94 MB 
	Memory requirement for B-CC (Q|ab)    :      8.06 MB 
	Memory requirement for DF-CC int trans:     23.15 MB 

	Computing DF-MP2 energy using SCF MOs (Canonical DF-MP2)... 
	======================================================================= 
	Nuclear Repulsion Energy (a.u.)    :   122.24652162835015
	DF-HF Energy (a.u.)                :  -227.80556535523328
	REF Energy (a.u.)                  :  -227.80556535523328
	DF-MP2 Correlation Energy (a.u.)   :    -0.64064884317252
	DF-MP2 Total Energy (a.u.)         :  -228.44621419840581
	======================================================================= 

	*Total MP2 Energy: -228.44621419840581

	Computing unrelaxed response density matrices...
	Number of independent-pairs: 960
	Computing the generalized Fock matrix (GFM)...
	Computing the orbital gradient...
	Forming effective orbital gradient...
	Solving orbital Z-vector equations...

	            PCG Solver 
	   ------------------------------ 
	Iter     RMS Z Vector        RMS Residual  
	----    ---------------    ---------------
	  1         1.55e-03         1.49e-03
	  2         1.07e-03         7.05e-04
	  3         2.19e-04         1.68e-04
	  4         7.17e-05         8.98e-05
	  5         3.34e-05         1.87e-05
	  6         1.37e-05         5.27e-06
	  7         2.47e-06         1.56e-06
	  8         6.09e-07         3.63e-07
	  9         1.57e-07         6.52e-08
	 10         2.31e-08         1.50e-08

	Computing the relaxed PDMs and GFM...
	Compute solv. is starting ...

	Initializing Liboeprop (by U. Bozkaya) ...


	-Mulliken Population Analysis for MP2-IAO:
	 1: -0.1600596682 	 2: -0.2564160796 	 3: -0.0589081736 	 4: 0.3653757195 	 5: 0.0900020089 
	 6: 0.0846141532 	 7: 0.0846158047 	 8: 0.0270370992 

	-Lowdin Population Analysis for MP2-IAO:  
	 1: -0.1600596682 	 2: -0.2564160796 	 3: -0.0589081736 	 4: 0.3653757195 	 5: 0.0900020089 
	 6: 0.0846141532 	 7: 0.0846158047 	 8: 0.0270370992 


  ## SOLVATION Options ##

  | TYPE         | KEY                      | INPUT? | VALUE              | DEFAULT            
  |--------------|--------------------------|--------|--------------------|--------------------
  | INT          | NUM_Z_POINTS             | NO     | 90                 | 90                 
  | INT          | NUM_ANG_POINTS           | YES    | 100                | 100                
  | STRING       | SASA_TYPE                | YES    | NUMERIC            | NUMERIC            
  | STRING       | CHARGE_TYPE              | YES    | IAO_MULLIKEN       | IAO_MULLIKEN       
  | STRING       | CDS_TYPE                 | YES    | SMD                | SMD                
  | STRING       | SOLVENT                  | YES    | WATER              | WATER              
  | STRING       | SOLVENT_PARAMS           | YES    | MN21               | SM8                
  | STRING       | DIELECTRIC_PARAMS        | YES    | MN21               | MN21               
  | STRING       | COULOMB_RADII            | YES    | SMD                | SMD                
  | DOUBLE       | COVALENT_VW_CONST        | NO     | 0.76               | 0.76               
  | DOUBLE       | SOLVENT_RADIUS           | NO     | 0.4                | 0.4                
  | STRING       | RADIUS_TYPE              | YES    | SMD                | SMD                
  | DOUBLE       | GB_DIJ                   | NO     | 3.7                | 3.7                
  | DOUBLE       | GB_SIJ                   | NO     | 0.75               | 0.75               
  | DOUBLE       | GB_CIJ                   | NO     | 0.0                | 0.0                
  | DOUBLE       | F_PWSASA                 | NO     | 0.4535             | 0.4535             
  | DOUBLE       | SCALE_VDW                | NO     | 1.0                | 1.0                
  | DOUBLE       | SCALE_CR                 | NO     | 1.0                | 1.0                



 Sasa Type                  : NUMERIC 
 Charge Type                : IAO_MULLIKEN 
 CDS Type                   : SMD 
 Radius Type                : SMD 
 Solvent                    : WATER 
 Solvent Parameters         : MN21 
 Dielectric Parameters      : MN21 
 Coulomb Radii Parameters   : SMD 
 GB d_ij parameter          : 3.7000000000 
 GB S_ij parameter          : 0.7500000000 
 GB C_ij parameter          : 0.0000000000 
 Sclae_vdw parameter        : 1.0000000000 
 Number of z-points         : 90 
 Number of angular points   : 100 
 Number of SASA grid points : 17902 
 Solvent Dielectric Constant: 78.3553000000 

 VDW Radii:
	  1 O :       1.5200  ang
	  2 O :       1.5200  ang
	  3 C :       1.7000  ang
	  4 C :       1.7000  ang
	  5 H :       1.2000  ang
	  6 H :       1.2000  ang
	  7 H :       1.2000  ang
	  8 H :       1.2000  ang

	 Computing SASA... 

 Atomic SASA values:
	  1 O :      13.7923  ang^2
	  2 O :      23.5091  ang^2
	  3 C :      10.4725  ang^2
	  4 C :      13.7972  ang^2
	  5 H :      12.9204  ang^2
	  6 H :      11.9734  ang^2
	  7 H :      11.9734  ang^2
	  8 H :      13.0858  ang^2

	*Total SASA (angs^2): 111.5240725380 


 Coulomb Radii:
	  1 O :       1.5200  ang
	  2 O :       1.5200  ang
	  3 C :       1.8500  ang
	  4 C :       1.8500  ang
	  5 H :       1.2000  ang
	  6 H :       1.2000  ang
	  7 H :       1.2000  ang
	  8 H :       1.2000  ang
 Solvent Alpha                       : 1.1700000000 

 ## Effective Born Radius (bohr) ##
   0   3.7336293345 
   1   3.4282158419 
   2   3.7969573452 
   3   3.8335442066 
   4   2.9574649568 
   5   3.0682773729 
   6   3.0682905854 
   7   2.8928872992 

 Effective Born Radii:
	  1 O :       1.9758  ang
	  2 O :       1.8141  ang
	  3 C :       2.0093  ang
	  4 C :       2.0286  ang
	  5 H :       1.5650  ang
	  6 H :       1.6237  ang
	  7 H :       1.6237  ang
	  8 H :       1.5309  ang


 Coulomb Integrals:
	  1  1 :       0.2678  bohr^-1
	  1  2 :       0.1925  bohr^-1
	  1  3 :       0.2252  bohr^-1
	  1  4 :       0.2289  bohr^-1
	  1  5 :       0.2116  bohr^-1
	  1  6 :       0.2064  bohr^-1
	  1  7 :       0.2064  bohr^-1
	  1  8 :       0.2147  bohr^-1
	  2  1 :       0.1925  bohr^-1
	  2  2 :       0.2917  bohr^-1
	  2  3 :       0.1729  bohr^-1
	  2  4 :       0.2428  bohr^-1
	  2  5 :       0.1379  bohr^-1
	  2  6 :       0.1788  bohr^-1
	  2  7 :       0.1788  bohr^-1
	  2  8 :       0.2159  bohr^-1
	  3  1 :       0.2252  bohr^-1
	  3  2 :       0.1729  bohr^-1
	  3  3 :       0.2634  bohr^-1
	  3  4 :       0.1830  bohr^-1
	  3  5 :       0.2639  bohr^-1
	  3  6 :       0.2600  bohr^-1
	  3  7 :       0.2600  bohr^-1
	  3  8 :       0.1526  bohr^-1
	  4  1 :       0.2289  bohr^-1
	  4  2 :       0.2428  bohr^-1
	  4  3 :       0.1830  bohr^-1
	  4  4 :       0.2609  bohr^-1
	  4  5 :       0.1545  bohr^-1
	  4  6 :       0.1774  bohr^-1
	  4  7 :       0.1774  bohr^-1
	  4  8 :       0.2646  bohr^-1
	  5  1 :       0.2116  bohr^-1
	  5  2 :       0.1379  bohr^-1
	  5  3 :       0.2639  bohr^-1
	  5  4 :       0.1545  bohr^-1
	  5  5 :       0.3381  bohr^-1
	  5  6 :       0.2365  bohr^-1
	  5  7 :       0.2365  bohr^-1
	  5  8 :       0.1304  bohr^-1
	  6  1 :       0.2064  bohr^-1
	  6  2 :       0.1788  bohr^-1
	  6  3 :       0.2600  bohr^-1
	  6  4 :       0.1774  bohr^-1
	  6  5 :       0.2365  bohr^-1
	  6  6 :       0.3259  bohr^-1
	  6  7 :       0.2354  bohr^-1
	  6  8 :       0.1420  bohr^-1
	  7  1 :       0.2064  bohr^-1
	  7  2 :       0.1788  bohr^-1
	  7  3 :       0.2600  bohr^-1
	  7  4 :       0.1774  bohr^-1
	  7  5 :       0.2365  bohr^-1
	  7  6 :       0.2354  bohr^-1
	  7  7 :       0.3259  bohr^-1
	  7  8 :       0.1420  bohr^-1
	  8  1 :       0.2147  bohr^-1
	  8  2 :       0.2159  bohr^-1
	  8  3 :       0.1526  bohr^-1
	  8  4 :       0.2646  bohr^-1
	  8  5 :       0.1304  bohr^-1
	  8  6 :       0.1420  bohr^-1
	  8  7 :       0.1420  bohr^-1
	  8  8 :       0.3457  bohr^-1


	*Molecular contr. to CDS energy:       0.0000  kcal/mol
	*Total CDS energy:       4.8994  kcal/mol
	*MP2::Polarization Free Energy (au)      : -0.0058867839 
	*MP2::Polarization Free Energy (kcal/mol):      -3.6940 
	*MP2::CDS Free Energy (au)      : 0.0078077623 
	*MP2::CDS Free Energy (kcal/mol):       4.8994 
	*MP2::Total Solvation Free Energy (au)      : 0.0019209785 
	*MP2::Total Solvation Free Energy (kcal/mol):       1.2054 
	GB-MP2 Total Energy (a.u.)         :  -228.44429321990845

	*Total GB-MP2 Energy: -228.44621419840581


 Cpu time for MacroQC :       1.0780 minutes
 Wall time for MacroQC:       0.3464 minutes


 ******************************************************************************************
	 MacroQC terminates normally:) 
 ****************************************************************************************** 

