 ==========================================================================================
 =========                __  ___                         ____  ______            =========
 ======                  /  |/  /___ _______________     / __ \/ ____/               ======
 ====                   / /|_/ / __ `/ ___/ ___/ __ \   / / / / /                      ====
 ===                   / /  / / /_/ / /__/ /  / /_/ /  / /_/ / /___                     ===
 ==                   /_/  /_/\__,_/\___/_/   \____/   \___\_\____/                      ==
 ===                                                                1.0.4                ===
 =====     An electronic structure theory software for large-scale applications       =====
 ======                                 See license.txt for license info             ======
 =========                                                                        =========
 ==========================================================================================
                                                                                           
                           * * * * * * * * * * * * * * * * * * * *                        
                           *            Developed by             *                        
                           *             U. Bozkaya              *                        
                           *                                     *                        
                           *       With contributions from:      *                        
                           *         B. Ermis, Y. Alagoz,        *                        
                           *         A. Unal, and A. K. Uyar     *                        
                           *         Git Version: deab493        *                        
                           *       Latest Revision: 2026-03-23   *                        
                           * * * * * * * * * * * * * * * * * * * *                        


 Run date: Wed Mar 25 09:12:01 2026
 
 Hostname: ub9 

 ## MacroQC input file ##
 ******************************************************************************************
$set_molecule
0 1
C       0.9100708696     0.0000079339    -0.0118651522
C       0.1933786038     1.1973424457    -0.0096609345
C       0.1933882185    -1.1973380507    -0.0096593867
C       2.4168564545     0.0000042812     0.0100752861
C      -1.1963085762     1.2002504083     0.0020475878
C      -1.1962945293    -1.2002574056     0.0020466441
C      -1.8971579653    -0.0000049803     0.0092838253
H       0.7305527381     2.1380442347    -0.0199488503
H       0.7305705726    -2.1380361327    -0.0199484489
H       2.8226198878    -0.8823310147    -0.4851186669
H       2.8226129963     0.8828005786    -0.4842961493
H       2.7928649302    -0.0004821314     1.0364438666
H      -1.7319166003     2.1406472146     0.0017389051
H      -1.7318960940    -2.1406579340     0.0017352322
H      -2.9790068843    -0.0000126102     0.0157868924
$end_molecule


$set_globals
   basis cc-pvdz
  method mp2
  reference rhf
  jobtype energy
  memory 30000
$end_globals


$set_scf
  e_convergence 1.0e-8
  d_convergence 1.0e-6
  guess sad
  solvation true
$end_scf


$set_solvation
  cds_type smd
  radius_type smd
  solvent_params mn21
  dielectric_params mn21 #sm8
  sasa_type numeric
  solvent water
  num_ang_points 100
  charge_type iao_mulliken #iao_lowdin, mulliken, lowdin
  coulomb_radii smd
$end_solvation

$set_dfocc
solvation true
$end_dfocc

 ******************************************************************************************


	-Geometry before Center-of-Mass shift (ang): 
	 Number     Atom               X                    Y                       Z  
	 ---------------------------------------------------------------------------------------
           1     C             0.9100708696          0.0000079339          -0.0118651522  
           2     C             0.1933786038          1.1973424457          -0.0096609345  
           3     C             0.1933882185         -1.1973380507          -0.0096593867  
           4     C             2.4168564545          0.0000042812           0.0100752861  
           5     C            -1.1963085762          1.2002504083           0.0020475878  
           6     C            -1.1962945293         -1.2002574056           0.0020466441  
           7     C            -1.8971579653         -0.0000049803           0.0092838253  
           8     H             0.7305527381          2.1380442347          -0.0199488503  
           9     H             0.7305705726         -2.1380361327          -0.0199484489  
          10     H             2.8226198878         -0.8823310147          -0.4851186669  
          11     H             2.8226129963          0.8828005786          -0.4842961493  
          12     H             2.7928649302         -0.0004821314           1.0364438666  
          13     H            -1.7319166003          2.1406472146           0.0017389051  
          14     H            -1.7318960940         -2.1406579340           0.0017352322  
          15     H            -2.9790068843         -0.0000126102           0.0157868924  



	-Geometry after Center-of-Mass shift (ang): 
	 Atom               X                    Y                       Z  
	 -------------------------------------------------------------------
     C           0.9473211220          0.0000076343          -0.0113651690  
     C           0.2306288562          1.1973421461          -0.0091609513  
     C           0.2306384709         -1.1973383503          -0.0091594035  
     C           2.4541067069          0.0000039816           0.0105752693  
     C          -1.1590583238          1.2002501087           0.0025475710  
     C          -1.1590442769         -1.2002577052           0.0025466273  
     C          -1.8599077129         -0.0000052799           0.0097838085  
     H           0.7678029905          2.1380439351          -0.0194488671  
     H           0.7678208250         -2.1380364323          -0.0194484657  
     H           2.8598701402         -0.8823313143          -0.4846186837  
     H           2.8598632487          0.8828002790          -0.4837961661  
     H           2.8301151826         -0.0004824310           1.0369438498  
     H          -1.6946663479          2.1406469150           0.0022388883  
     H          -1.6946458416         -2.1406582336           0.0022352154  
     H          -2.9417566319         -0.0000129098           0.0162868756  


	-Geometry after Center-of-Mass shift (bohr): 
	 Atom               X                    Y                       Z  
	 -------------------------------------------------------------------
     C           1.7901774734          0.0000144268          -0.0214770567  
     C           0.4358253748          2.2626487347          -0.0173116890  
     C           0.4358435439         -2.2626415615          -0.0173087641  
     C           4.6375895586          0.0000075242           0.0199843627  
     C          -2.1903027955          2.2681439876           0.0048142115  
     C          -2.1902762507         -2.2681583427           0.0048124282  
     C          -3.5147161961         -0.0000099775           0.0184887186  
     H           1.4509373703          4.0403174816          -0.0367530322  
     H           1.4509710726         -4.0403033032          -0.0367522737  
     H           5.4043713193         -1.6673645358          -0.9157965874  
     H           5.4043582962          1.6682507509          -0.9142422544  
     H           5.3481425986         -0.0009116624           1.9595398836  
     H          -3.2024552716          4.0452364007           0.0042308857  
     H          -3.2024165203         -4.0452577896           0.0042239450  
     H          -5.5591143621         -0.0000243959           0.0307777344  


    Rotational Constants: A =     0.18614  B =     0.08433  C =      0.05867 [cm^-1] 
    Rotor Type: ASYMMETRIC 

	-Nuclear Dipole Moment: (e a0)  
	 X:  3.51964   Y:  -0.00003   Z:  0.04724   Total:  3.51996 

	-Nuclear Dipole Moment: (D)  
	 X:  8.94603   Y:  -0.00007   Z:  0.12008   Total:  8.94684 


    Nuclear repulsion energy (V_NN)              : 269.750892267953 
   =====================================================
   Charge                : 0 
   Multiplicity          : 1 
   Number of Atoms       : 15 
   Number of Ghost Atoms : 0 
   Number of Electrons   : 50 
   Number of alpha occupied orbitals (NoccA)  : 25 
   Number of beta occupied orbitals (NoccB)   : 25 
   Number of singly occupied orbitals (Nsocc) : 0 
   Number of doubly occupied orbitals (Ndocc) : 25 
   =====================================================



  ## GLOBALS Options ##

  | TYPE         | KEY                      | INPUT? | VALUE              | DEFAULT            
  |--------------|--------------------------|--------|--------------------|--------------------
  | BOOL         | ERI_DISK                 | NO     | FALSE              | FALSE              
  | BOOL         | FREEZE_CORE              | NO     | TRUE               | TRUE               
  | BOOL         | MOL_FRAG                 | NO     | FALSE              | FALSE              
  | BOOL         | NOCOM                    | NO     | FALSE              | FALSE              
  | BOOL         | NOREORIENT               | NO     | TRUE               | TRUE               
  | BOOL         | PUREAM                   | NO     | TRUE               | TRUE               
  | BOOL         | ML                       | NO     | FALSE              | FALSE              
  | BOOL         | READ_PDB                 | NO     | FALSE              | FALSE              
  | BOOL         | TEST_MODE                | NO     | FALSE              | FALSE              
  | INT          | DERIVE_LEVEL             | NO     | 0                  | 0                  
  | INT          | FINDIF_POINTS            | NO     | 3                  | 3                  
  | INT          | MEMORY                   | YES    | 30000              | 2000               
  | INT          | NUM_THREADS              | NO     | 1                  | 1                  
  | INT          | NUM_FROZEN_DOCC          | NO     | 0                  | 0                  
  | INT          | NUM_FROZEN_VIR           | NO     | 0                  | 0                  
  | INT          | PRINT_LEVEL              | NO     | 0                  | 0                  
  | STRING       | AUX_BASIS_CORR           | NO     | CC-PVDZ-RI         | CC-PVDZ-RI         
  | STRING       | AUX_BASIS_SCF            | NO     | CC-PVDZ-JKFIT      | CC-PVDZ-JKFIT      
  | STRING       | BASIS                    | YES    | CC-PVDZ            | CC-PVDZ            
  | STRING       | BASIS2                   | NO     | MINAO              | MINAO              
  | STRING       | DERIVE_TYPE              | NO     | ANALYTIC           | ANALYTIC           
  | STRING       | FINDIF_METHOD            | NO     | GRAD               | GRAD               
  | STRING       | GEOM_UNITS               | NO     | ANG                | ANG                
  | STRING       | JOBTYPE                  | YES    | ENERGY             | ENERGY             
  | STRING       | METHOD                   | YES    | MP2                | SCF                
  | STRING       | REFERENCE                | YES    | RHF                | RHF                
  | STRING       | OUTFILE_MODE             | NO     | NEW                | NEW                
  | DOUBLE       | STEP_BOHR                | NO     | 0.05               | 0.05               
  | STR_ARRAY    | MOLECULE_GEOM_FROM       | NO     | [input]            | [input]            
  | DOUBLE_ARRAY | ELECTRIC_STRENGTH        | NO     | [0.001;0.001;0.001]| [0.001;0.001;0.001]
  | STRING       | ELECTRIC_FIELD           | NO     | NONE               | NONE               
  | STRING       | ALIGN_TWO_ATOMS          | NO     | NONE               | NONE               
  | INT_ARRAY    | TWO_ATOMS                | NO     | [0]                | [0]                



  ## INTS Options ##

  | TYPE         | KEY                      | INPUT? | VALUE              | DEFAULT            
  |--------------|--------------------------|--------|--------------------|--------------------
  | DOUBLE       | BOYS_CUTOFF              | NO     | 1e-15              | 1e-15              
  | DOUBLE       | BOYS_ZERO                | NO     | 1e-06              | 1e-06              
  | DOUBLE       | DELTA_X                  | NO     | 0.1                | 0.1                
  | DOUBLE       | INTEGRAL_CUTOFF          | NO     | 1e-10              | 1e-10              
  | DOUBLE       | X_MAX                    | NO     | 30.0               | 30.0               
  | INT          | BOYS_MAXITER             | NO     | 10000              | 10000              
  | INT          | MAX_AM                   | NO     | 7                  | 7                  
  | INT          | MAX_AM_AUX               | NO     | 7                  | 7                  
  | INT          | PRINT_LEVEL              | NO     | 0                  | 0                  
  | INT          | TAYLOR_ORDER             | NO     | 6                  | 6                  
  | STRING       | 3INDEX_ALGORITHM         | NO     | AUTO               | AUTO               
  | STRING       | BOYS_METHOD              | NO     | GHP                | GHP                
  | STRING       | ERI_ALGORITHM            | NO     | MD4                | MD4                


	Initializing Liboeprop (by U. Bozkaya) ...

	*=================================================================*
	*                  SCF                                            *
	*   Developed by U. Bozkaya & Y. Alagoz                           *
	*   Latest revision Feb 16, 2021                                  *
	*=================================================================*



  ## SCF Options ##

  | TYPE         | KEY                      | INPUT? | VALUE              | DEFAULT            
  |--------------|--------------------------|--------|--------------------|--------------------
  | BOOL         | DIIS_DAMP                | NO     | FALSE              | FALSE              
  | BOOL         | DIE_IF_NOT_CONVERGED     | NO     | TRUE               | TRUE               
  | BOOL         | DO_DF                    | NO     | TRUE               | TRUE               
  | BOOL         | DIIS                     | NO     | TRUE               | TRUE               
  | BOOL         | FOCK_DAMP                | NO     | FALSE              | FALSE              
  | BOOL         | GUESS_MIX                | NO     | FALSE              | FALSE              
  | BOOL         | GUESS_PREVIOUS           | NO     | FALSE              | FALSE              
  | BOOL         | LOCAL                    | NO     | FALSE              | FALSE              
  | BOOL         | RETRY                    | NO     | TRUE               | TRUE               
  | DOUBLE       | CUTOFF                   | NO     | 1e-10              | 1e-10              
  | DOUBLE       | D_CONVERGENCE            | YES    | 1e-06              | 1e-06              
  | DOUBLE       | DAMP_PARAM               | NO     | 0.02               | 0.02               
  | DOUBLE       | E_CONVERGENCE            | YES    | 1e-08              | 1e-08              
  | DOUBLE       | FOCK_DAMP_PERC           | NO     | 20.0               | 20.0               
  | DOUBLE       | MIN_OVERLAP_EIGVAL       | NO     | 1e-06              | 1e-06              
  | DOUBLE       | LOCAL_CONVERGENCE        | NO     | 1e-08              | 1e-08              
  | DOUBLE       | QC_GUESS_E_CONVERGENCE   | NO     | 0.0001             | 0.0001             
  | DOUBLE       | QC_GUESS_D_CONVERGENCE   | NO     | 0.005              | 0.005              
  | INT          | MAX_DIIS                 | NO     | 6                  | 6                  
  | INT          | MIN_DIIS                 | NO     | 2                  | 2                  
  | INT          | PRINT_LEVEL              | NO     | 0                  | 0                  
  | INT          | SCF_MAXITER              | NO     | 50                 | 50                 
  | INT          | LOCAL_MAXITER            | NO     | 50                 | 50                 
  | STRING       | DIIS_ALGORITHM           | NO     | DISK               | DISK               
  | STRING       | GUESS                    | YES    | SAD                | SAD                
  | BOOL         | MO_WRITE                 | NO     | FALSE              | FALSE              
  | BOOL         | FOCK_WRITE               | NO     | FALSE              | FALSE              
  | STRING       | ORTH_TYPE                | NO     | CANONICAL          | CANONICAL          
  | STRING       | ROHF_CANONIC_TYPE        | NO     | GUEST              | GUEST              
  | STRING       | ERI                      | NO     | INCORE             | INCORE             
  | STRING       | SCF_ALGORITHM            | NO     | ROOTHAAN           | ROOTHAAN           
  | STRING       | LOCAL_TYPE               | NO     | BOYS               | BOYS               
  | BOOL         | SAD_FRAC_OCC             | NO     | TRUE               | TRUE               
  | BOOL         | SAD_SPIN_AVERAGE         | NO     | TRUE               | TRUE               
  | DOUBLE       | SAD_E_CONVERGENCE        | NO     | 1e-05              | 1e-05              
  | DOUBLE       | SAD_D_CONVERGENCE        | NO     | 1e-05              | 1e-05              
  | INT          | SAD_MAXITER              | NO     | 50                 | 50                 
  | BOOL         | NIE                      | NO     | FALSE              | FALSE              
  | BOOL         | SAD_DIIS                 | NO     | TRUE               | TRUE               
  | INT          | SAD_MAX_DIIS             | NO     | 6                  | 6                  
  | INT          | SAD_MIN_DIIS             | NO     | 2                  | 2                  
  | INT          | SAD_PRINT                | NO     | 0                  | 0                  
  | STRING       | SAD_AUX_BASIS            | NO     | SAD-FIT            | SAD-FIT            
  | DOUBLE       | SAD_CHOLESKY_TOLERANCE   | NO     | 1e-07              | 1e-07              
  | BOOL         | SOLVATION                | YES    | TRUE               | FALSE              
  | BOOL         | BYPASS                   | NO     | FALSE              | FALSE              
  | STRING       | IAO_TYPE                 | NO     | STANDARD2013       | STANDARD2013       
  | BOOL         | USE_IAOS                 | NO     | FALSE              | FALSE              

	Initializing libdiis ...
	Initializing libmolint 1.1 ...
 CC-PVDZ primary basis set file will be read for the C atom...
 CC-PVDZ primary basis set file will be read for the H atom...
 Nmaxthread: 16 
 Nshell: 66 
 Lmax:  2 
 Npmax:  8 
 Nao: 138 
 Ndocc: 25 
 Nsocc:  0 
 NoccA: 25 
 NoccB: 25 
 Primary basis set info has been read.

 CC-PVDZ-JKFIT aux basis set file will be read for the C atom...
 CC-PVDZ-JKFIT aux basis set file will be read for the H atom...
 Nshell_aux: 240 
 Naux: 674 
 Aux basis set info has been read.

 orth_type: CANONICAL 
 Cpu time for S ints :       0.0300 s
 Wall time for S ints:       0.0317 s

 Using canonical orthogonalization. 
 Minimum eigenvalue in the overlap matrix is:   3.0764E-04 

 Cpu time for T ints :       0.2900 s
 Wall time for T ints:       0.0719 s
 Cpu time for V ints :       0.9900 s
 Wall time for V ints:       0.4113 s
 Cpu time for Metric ints :       1.5100 s
 Wall time for Metric ints:       0.5034 s
 3-Index Algorithm: AUTO 

 Calling fortran integrals: ringing... 
 Done with fintegrals.

 Cpu time for 3-index ints :       5.8400 s
 Wall time for 3-index ints:       1.7570 s
 Cpu time for df-factors :       0.7200 s
 Wall time for df-factors:       0.1915 s


 Puream (True=1, False=0) : 1
 Number of AO             : 138
 Number of MO             : 138
 Number of Aux Functions  : 674
 Charge                   : 0
 Multiplicity             : 1
 Alpha OCC                : 25
 Beta OCC                 : 25
 Nuclear Repulsion Energy : 269.75089227
 Energy Treshold          : 1.0e-08
 Density Treshold         : 1.0e-06
 Iteration Limit          : 50
 Guess                    : SAD
 Guess Mix                : false
 Diis                     : true
 Diis Damping             : false
 Diis Damp Parameter      : 0.02
 Diis Algorithm           : DISK
 Cutoff Treshold          : 1.0e-10
 Density Fitting          : true
 Reference                : RHF
 Die If Not Converged     : true
 Print Level              : 0
 ERI Algorithm            : INCORE
 SCF Algorithm            : ROOTHAAN




  ## SOLVATION Options ##

  | TYPE         | KEY                      | INPUT? | VALUE              | DEFAULT            
  |--------------|--------------------------|--------|--------------------|--------------------
  | INT          | NUM_Z_POINTS             | NO     | 90                 | 90                 
  | INT          | NUM_ANG_POINTS           | YES    | 100                | 100                
  | STRING       | SASA_TYPE                | YES    | NUMERIC            | NUMERIC            
  | STRING       | CHARGE_TYPE              | YES    | IAO_MULLIKEN       | IAO_MULLIKEN       
  | STRING       | CDS_TYPE                 | YES    | SMD                | SMD                
  | STRING       | SOLVENT                  | YES    | WATER              | WATER              
  | STRING       | SOLVENT_PARAMS           | YES    | MN21               | SM8                
  | STRING       | DIELECTRIC_PARAMS        | YES    | MN21               | MN21               
  | STRING       | COULOMB_RADII            | YES    | SMD                | SMD                
  | DOUBLE       | COVALENT_VW_CONST        | NO     | 0.76               | 0.76               
  | DOUBLE       | SOLVENT_RADIUS           | NO     | 0.4                | 0.4                
  | STRING       | RADIUS_TYPE              | YES    | SMD                | SMD                
  | DOUBLE       | GB_DIJ                   | NO     | 3.7                | 3.7                
  | DOUBLE       | GB_SIJ                   | NO     | 0.75               | 0.75               
  | DOUBLE       | GB_CIJ                   | NO     | 0.0                | 0.0                
  | DOUBLE       | F_PWSASA                 | NO     | 0.4535             | 0.4535             
  | DOUBLE       | SCALE_VDW                | NO     | 1.0                | 1.0                
  | DOUBLE       | SCALE_CR                 | NO     | 1.0                | 1.0                



 Sasa Type                  : NUMERIC 
 Charge Type                : IAO_MULLIKEN 
 CDS Type                   : SMD 
 Radius Type                : SMD 
 Solvent                    : WATER 
 Solvent Parameters         : MN21 
 Dielectric Parameters      : MN21 
 Coulomb Radii Parameters   : SMD 
 GB d_ij parameter          : 3.7000000000 
 GB S_ij parameter          : 0.7500000000 
 GB C_ij parameter          : 0.0000000000 
 Sclae_vdw parameter        : 1.0000000000 
 Number of z-points         : 90 
 Number of angular points   : 100 
 Number of SASA grid points : 17902 
 Solvent Dielectric Constant: 78.3553000000 

 VDW Radii:
	  1 C :       1.7000  ang
	  2 C :       1.7000  ang
	  3 C :       1.7000  ang
	  4 C :       1.7000  ang
	  5 C :       1.7000  ang
	  6 C :       1.7000  ang
	  7 C :       1.7000  ang
	  8 H :       1.2000  ang
	  9 H :       1.2000  ang
	 10 H :       1.2000  ang
	 11 H :       1.2000  ang
	 12 H :       1.2000  ang
	 13 H :       1.2000  ang
	 14 H :       1.2000  ang
	 15 H :       1.2000  ang

	 Computing SASA... 

 Atomic SASA values:
	  1 C :       5.3121  ang^2
	  2 C :       9.9431  ang^2
	  3 C :       9.9431  ang^2
	  4 C :       9.1785  ang^2
	  5 C :      10.5994  ang^2
	  6 C :      10.5994  ang^2
	  7 C :      10.6427  ang^2
	  8 H :      11.8782  ang^2
	  9 H :      11.8800  ang^2
	 10 H :      11.7164  ang^2
	 11 H :      11.7164  ang^2
	 12 H :      12.8665  ang^2
	 13 H :      13.0283  ang^2
	 14 H :      13.0283  ang^2
	 15 H :      12.9438  ang^2

	*Total SASA (angs^2): 165.2761675958 


 Coulomb Radii:
	  1 C :       1.8500  ang
	  2 C :       1.8500  ang
	  3 C :       1.8500  ang
	  4 C :       1.8500  ang
	  5 C :       1.8500  ang
	  6 C :       1.8500  ang
	  7 C :       1.8500  ang
	  8 H :       1.2000  ang
	  9 H :       1.2000  ang
	 10 H :       1.2000  ang
	 11 H :       1.2000  ang
	 12 H :       1.2000  ang
	 13 H :       1.2000  ang
	 14 H :       1.2000  ang
	 15 H :       1.2000  ang
 Solvent Alpha                       : 1.1700000000 

 ## Effective Born Radius (bohr) ##
   0   4.8118060229 
   1   4.6082269585 
   2   4.6082265674 
   3   4.1136731807 
   4   4.4307092474 
   5   4.4307101542 
   6   4.4049788936 
   7   3.3369300170 
   8   3.3369139508 
   9   3.2317620044 
  10   3.2318276415 
  11   3.1822546367 
  12   3.1958602163 
  13   3.1958612844 
  14   3.1858293015 

 Effective Born Radii:
	  1 C :       2.5463  ang
	  2 C :       2.4386  ang
	  3 C :       2.4386  ang
	  4 C :       2.1769  ang
	  5 C :       2.3446  ang
	  6 C :       2.3446  ang
	  7 C :       2.3310  ang
	  8 H :       1.7658  ang
	  9 H :       1.7658  ang
	 10 H :       1.7102  ang
	 11 H :       1.7102  ang
	 12 H :       1.6840  ang
	 13 H :       1.6912  ang
	 14 H :       1.6912  ang
	 15 H :       1.6859  ang


 Coulomb Integrals:
	  1  1 :       0.2078  bohr^-1
	  1  2 :       0.1913  bohr^-1
	  1  3 :       0.1913  bohr^-1
	  1  4 :       0.1968  bohr^-1
	  1  5 :       0.1637  bohr^-1
	  1  6 :       0.1637  bohr^-1
	  1  7 :       0.1526  bohr^-1
	  1  8 :       0.1869  bohr^-1
	  1  9 :       0.1869  bohr^-1
	  1 10 :       0.1880  bohr^-1
	  1 11 :       0.1880  bohr^-1
	  1 12 :       0.1889  bohr^-1
	  1 13 :       0.1432  bohr^-1
	  1 14 :       0.1432  bohr^-1
	  1 15 :       0.1292  bohr^-1
	  2  1 :       0.1913  bohr^-1
	  2  2 :       0.2170  bohr^-1
	  2  3 :       0.1648  bohr^-1
	  2  4 :       0.1656  bohr^-1
	  2  5 :       0.1979  bohr^-1
	  2  6 :       0.1550  bohr^-1
	  2  7 :       0.1664  bohr^-1
	  2  8 :       0.2326  bohr^-1
	  2  9 :       0.1439  bohr^-1
	  2 10 :       0.1443  bohr^-1
	  2 11 :       0.1686  bohr^-1
	  2 12 :       0.1559  bohr^-1
	  2 13 :       0.1913  bohr^-1
	  2 14 :       0.1306  bohr^-1
	  2 15 :       0.1444  bohr^-1
	  3  1 :       0.1913  bohr^-1
	  3  2 :       0.1648  bohr^-1
	  3  3 :       0.2170  bohr^-1
	  3  4 :       0.1656  bohr^-1
	  3  5 :       0.1550  bohr^-1
	  3  6 :       0.1979  bohr^-1
	  3  7 :       0.1664  bohr^-1
	  3  8 :       0.1439  bohr^-1
	  3  9 :       0.2326  bohr^-1
	  3 10 :       0.1686  bohr^-1
	  3 11 :       0.1443  bohr^-1
	  3 12 :       0.1560  bohr^-1
	  3 13 :       0.1306  bohr^-1
	  3 14 :       0.1913  bohr^-1
	  3 15 :       0.1444  bohr^-1
	  4  1 :       0.1968  bohr^-1
	  4  2 :       0.1656  bohr^-1
	  4  3 :       0.1656  bohr^-1
	  4  4 :       0.2431  bohr^-1
	  4  5 :       0.1289  bohr^-1
	  4  6 :       0.1289  bohr^-1
	  4  7 :       0.1169  bohr^-1
	  4  8 :       0.1699  bohr^-1
	  4  9 :       0.1699  bohr^-1
	  4 10 :       0.2466  bohr^-1
	  4 11 :       0.2466  bohr^-1
	  4 12 :       0.2480  bohr^-1
	  4 13 :       0.1115  bohr^-1
	  4 14 :       0.1115  bohr^-1
	  4 15 :       0.0974  bohr^-1
	  5  1 :       0.1637  bohr^-1
	  5  2 :       0.1979  bohr^-1
	  5  3 :       0.1550  bohr^-1
	  5  4 :       0.1289  bohr^-1
	  5  5 :       0.2257  bohr^-1
	  5  6 :       0.1682  bohr^-1
	  5  7 :       0.2015  bohr^-1
	  5  8 :       0.1912  bohr^-1
	  5  9 :       0.1306  bohr^-1
	  5 10 :       0.1136  bohr^-1
	  5 11 :       0.1254  bohr^-1
	  5 12 :       0.1197  bohr^-1
	  5 13 :       0.2407  bohr^-1
	  5 14 :       0.1453  bohr^-1
	  5 15 :       0.1932  bohr^-1
	  6  1 :       0.1637  bohr^-1
	  6  2 :       0.1550  bohr^-1
	  6  3 :       0.1979  bohr^-1
	  6  4 :       0.1289  bohr^-1
	  6  5 :       0.1682  bohr^-1
	  6  6 :       0.2257  bohr^-1
	  6  7 :       0.2015  bohr^-1
	  6  8 :       0.1306  bohr^-1
	  6  9 :       0.1912  bohr^-1
	  6 10 :       0.1254  bohr^-1
	  6 11 :       0.1135  bohr^-1
	  6 12 :       0.1197  bohr^-1
	  6 13 :       0.1453  bohr^-1
	  6 14 :       0.2407  bohr^-1
	  6 15 :       0.1932  bohr^-1
	  7  1 :       0.1526  bohr^-1
	  7  2 :       0.1664  bohr^-1
	  7  3 :       0.1664  bohr^-1
	  7  4 :       0.1169  bohr^-1
	  7  5 :       0.2015  bohr^-1
	  7  6 :       0.2015  bohr^-1
	  7  7 :       0.2270  bohr^-1
	  7  8 :       0.1445  bohr^-1
	  7  9 :       0.1445  bohr^-1
	  7 10 :       0.1077  bohr^-1
	  7 11 :       0.1077  bohr^-1
	  7 12 :       0.1083  bohr^-1
	  7 13 :       0.1934  bohr^-1
	  7 14 :       0.1934  bohr^-1
	  7 15 :       0.2416  bohr^-1
	  8  1 :       0.1869  bohr^-1
	  8  2 :       0.2326  bohr^-1
	  8  3 :       0.1439  bohr^-1
	  8  4 :       0.1699  bohr^-1
	  8  5 :       0.1912  bohr^-1
	  8  6 :       0.1306  bohr^-1
	  8  7 :       0.1445  bohr^-1
	  8  8 :       0.2997  bohr^-1
	  8  9 :       0.1216  bohr^-1
	  8 10 :       0.1385  bohr^-1
	  8 11 :       0.1882  bohr^-1
	  8 12 :       0.1585  bohr^-1
	  8 13 :       0.1896  bohr^-1
	  8 14 :       0.1065  bohr^-1
	  8 15 :       0.1217  bohr^-1
	  9  1 :       0.1869  bohr^-1
	  9  2 :       0.1439  bohr^-1
	  9  3 :       0.2326  bohr^-1
	  9  4 :       0.1699  bohr^-1
	  9  5 :       0.1306  bohr^-1
	  9  6 :       0.1912  bohr^-1
	  9  7 :       0.1445  bohr^-1
	  9  8 :       0.1216  bohr^-1
	  9  9 :       0.2997  bohr^-1
	  9 10 :       0.1882  bohr^-1
	  9 11 :       0.1385  bohr^-1
	  9 12 :       0.1585  bohr^-1
	  9 13 :       0.1065  bohr^-1
	  9 14 :       0.1896  bohr^-1
	  9 15 :       0.1217  bohr^-1
	 10  1 :       0.1880  bohr^-1
	 10  2 :       0.1443  bohr^-1
	 10  3 :       0.1686  bohr^-1
	 10  4 :       0.2466  bohr^-1
	 10  5 :       0.1136  bohr^-1
	 10  6 :       0.1254  bohr^-1
	 10  7 :       0.1077  bohr^-1
	 10  8 :       0.1385  bohr^-1
	 10  9 :       0.1882  bohr^-1
	 10 10 :       0.3094  bohr^-1
	 10 11 :       0.2297  bohr^-1
	 10 12 :       0.2310  bohr^-1
	 10 13 :       0.0961  bohr^-1
	 10 14 :       0.1105  bohr^-1
	 10 15 :       0.0897  bohr^-1
	 11  1 :       0.1880  bohr^-1
	 11  2 :       0.1686  bohr^-1
	 11  3 :       0.1443  bohr^-1
	 11  4 :       0.2466  bohr^-1
	 11  5 :       0.1254  bohr^-1
	 11  6 :       0.1135  bohr^-1
	 11  7 :       0.1077  bohr^-1
	 11  8 :       0.1882  bohr^-1
	 11  9 :       0.1385  bohr^-1
	 11 10 :       0.2297  bohr^-1
	 11 11 :       0.3094  bohr^-1
	 11 12 :       0.2310  bohr^-1
	 11 13 :       0.1105  bohr^-1
	 11 14 :       0.0961  bohr^-1
	 11 15 :       0.0897  bohr^-1
	 12  1 :       0.1889  bohr^-1
	 12  2 :       0.1559  bohr^-1
	 12  3 :       0.1560  bohr^-1
	 12  4 :       0.2480  bohr^-1
	 12  5 :       0.1197  bohr^-1
	 12  6 :       0.1197  bohr^-1
	 12  7 :       0.1083  bohr^-1
	 12  8 :       0.1585  bohr^-1
	 12  9 :       0.1585  bohr^-1
	 12 10 :       0.2310  bohr^-1
	 12 11 :       0.2310  bohr^-1
	 12 12 :       0.3142  bohr^-1
	 12 13 :       0.1031  bohr^-1
	 12 14 :       0.1031  bohr^-1
	 12 15 :       0.0901  bohr^-1
	 13  1 :       0.1432  bohr^-1
	 13  2 :       0.1913  bohr^-1
	 13  3 :       0.1306  bohr^-1
	 13  4 :       0.1115  bohr^-1
	 13  5 :       0.2407  bohr^-1
	 13  6 :       0.1453  bohr^-1
	 13  7 :       0.1934  bohr^-1
	 13  8 :       0.1896  bohr^-1
	 13  9 :       0.1065  bohr^-1
	 13 10 :       0.0961  bohr^-1
	 13 11 :       0.1105  bohr^-1
	 13 12 :       0.1031  bohr^-1
	 13 13 :       0.3129  bohr^-1
	 13 14 :       0.1219  bohr^-1
	 13 15 :       0.1903  bohr^-1
	 14  1 :       0.1432  bohr^-1
	 14  2 :       0.1306  bohr^-1
	 14  3 :       0.1913  bohr^-1
	 14  4 :       0.1115  bohr^-1
	 14  5 :       0.1453  bohr^-1
	 14  6 :       0.2407  bohr^-1
	 14  7 :       0.1934  bohr^-1
	 14  8 :       0.1065  bohr^-1
	 14  9 :       0.1896  bohr^-1
	 14 10 :       0.1105  bohr^-1
	 14 11 :       0.0961  bohr^-1
	 14 12 :       0.1031  bohr^-1
	 14 13 :       0.1219  bohr^-1
	 14 14 :       0.3129  bohr^-1
	 14 15 :       0.1903  bohr^-1
	 15  1 :       0.1292  bohr^-1
	 15  2 :       0.1444  bohr^-1
	 15  3 :       0.1444  bohr^-1
	 15  4 :       0.0974  bohr^-1
	 15  5 :       0.1932  bohr^-1
	 15  6 :       0.1932  bohr^-1
	 15  7 :       0.2416  bohr^-1
	 15  8 :       0.1217  bohr^-1
	 15  9 :       0.1217  bohr^-1
	 15 10 :       0.0897  bohr^-1
	 15 11 :       0.0897  bohr^-1
	 15 12 :       0.0901  bohr^-1
	 15 13 :       0.1903  bohr^-1
	 15 14 :       0.1903  bohr^-1
	 15 15 :       0.3139  bohr^-1
    ===> SCF Iteration Started <===

     Iter. |                   Energy |       Delta E |          Drms |
    -------|--------------------------|---------------|---------------|
         1 |      -269.18022965875105 |    -2.692e+02 |     1.280e-02 |
         2 |      -269.61391255413594 |    -4.337e-01 |     3.639e-03 | DIIS
         3 |      -269.74248260678917 |    -1.286e-01 |     1.392e-03 | DIIS
         4 |      -269.75993832139272 |    -1.746e-02 |     4.390e-04 | DIIS
         5 |      -269.76115403411723 |    -1.216e-03 |     4.200e-05 | DIIS
         6 |      -269.76120031184473 |    -4.628e-05 |     1.811e-05 | DIIS
         7 |      -269.76120248556799 |    -2.174e-06 |     7.894e-06 | DIIS
         8 |      -269.76120355558919 |    -1.070e-06 |     1.818e-06 | DIIS
         9 |      -269.76120350572671 |     4.986e-08 |     4.884e-07 | DIIS
        10 |      -269.76120349322252 |     1.250e-08 |     3.774e-07 | DIIS
        11 |      -269.76120347956430 |     1.366e-08 |     1.315e-07 | DIIS
        12 |      -269.76120347348603 |     6.078e-09 |     6.088e-08 | DIIS


	-Alpha Occupied Orbital Energies (au):  
	 1: -11.2153389898 	 2: -11.2087040137 	 3: -11.2085253174 	 4: -11.2048884917 	 5: -11.2042869734 
	 6: -11.2041047444 	 7: -11.2034446692 	 8: -1.1265193906 	 9: -1.0179215005 	10: -0.9850188828 
	11: -0.9064183285 	12: -0.7973275075 	13: -0.7702995455 	14: -0.6649526659 	15: -0.6047421280 
	16: -0.6028782769 	17: -0.5547645961 	18: -0.5478755384 	19: -0.5385915902 	20: -0.5115032062 
	21: -0.4606668857 	22: -0.4582039585 	23: -0.4563542854 	24: -0.3060540482 	25: -0.2955400979 

	-Alpha Virtual Orbital Energies (au):  
	26: 0.1621211083 	27: 0.1651306071 	28: 0.1997994576 	29: 0.2172338971 	30: 0.2302111906 
	31: 0.2575003492 	32: 0.2651069794 	33: 0.2746216142 	34: 0.2961091360 	35: 0.3027838688 
	36: 0.3869082393 	37: 0.3899885282 	38: 0.4651903501 	39: 0.4750671904 	40: 0.4977298412 
	41: 0.5014448109 	42: 0.5653461521 	43: 0.6007882711 	44: 0.6362226433 	45: 0.6921516076 
	46: 0.6949001457 	47: 0.6964192861 	48: 0.7173035540 	49: 0.7412574814 	50: 0.7497144648 
	51: 0.7526424883 	52: 0.7564601969 	53: 0.7707692178 	54: 0.7787415379 	55: 0.7918951500 
	56: 0.8493192047 	57: 0.8501418136 	58: 0.8692890609 	59: 0.8697231186 	60: 0.8878985605 
	61: 0.9094568623 	62: 0.9105695193 	63: 0.9325016696 	64: 0.9372668402 	65: 0.9540477910 
	66: 0.9976726933 	67: 1.0168159218 	68: 1.0461608602 	69: 1.1304172872 	70: 1.1407851152 
	71: 1.1560515974 	72: 1.1604029641 	73: 1.1898381783 	74: 1.2395917489 	75: 1.2407127125 
	76: 1.2530276218 	77: 1.2552971626 	78: 1.2965107779 	79: 1.3082953836 	80: 1.3241552082 
	81: 1.3289391930 	82: 1.4127428768 	83: 1.5074063194 	84: 1.5210776035 	85: 1.5643557206 
	86: 1.5941045085 	87: 1.6666351318 	88: 1.7037852153 	89: 1.7330371766 	90: 1.7470870909 
	91: 1.7601066951 	92: 1.7909792630 	93: 1.8099506335 	94: 1.8609022310 	95: 1.8845268311 
	96: 1.8932849227 	97: 1.9134584876 	98: 1.9187564564 	99: 1.9264102870 	100: 1.9462399008 
	101: 1.9490681318 	102: 1.9672169691 	103: 1.9774474457 	104: 1.9918722575 	105: 2.0292475915 
	106: 2.0677181662 	107: 2.0760491462 	108: 2.1094004419 	109: 2.1496616299 	110: 2.1510372943 
	111: 2.1644651861 	112: 2.1756755489 	113: 2.1763633617 	114: 2.2681573929 	115: 2.2802574322 
	116: 2.2839427288 	117: 2.3115123053 	118: 2.3116263112 	119: 2.3198400798 	120: 2.4640372290 
	121: 2.4778345607 	122: 2.4820913009 	123: 2.5480623920 	124: 2.6268633963 	125: 2.7366170444 
	126: 2.7459888020 	127: 2.7692349947 	128: 2.7866592611 	129: 2.8081154144 	130: 2.8556084586 
	131: 2.8631104608 	132: 2.9879492440 	133: 3.0214592735 	134: 3.0247221241 	135: 3.1684806976 
	136: 3.1995251137 	137: 3.2999997051 	138: 3.9677933625 


	-Mulliken Population Analysis for SCF:
	 1: -0.2372490374 	 2: 0.0023117027 	 3: 0.0013991892 	 4: 0.0771116236 	 5: -0.0069323082 
	 6: -0.0069025323 	 7: -0.0307624099 	 8: 0.0062736411 	 9: 0.0069129176 	10: 0.0364683816 
	11: 0.0364721435 	12: 0.0532334965 	13: 0.0213962532 	14: 0.0213655971 	15: 0.0189013417 


	-Lowdin Population Analysis for SCF:  
	 1: -0.0320472721 	 2: -0.0316046452 	 3: -0.0318055863 	 4: -0.0350173388 	 5: -0.0225919193 
	 6: -0.0226003576 	 7: -0.0366912155 	 8: 0.0229425907 	 9: 0.0231853748 	10: 0.0276469809 
	11: 0.0276537054 	12: 0.0323724173 	13: 0.0266821833 	14: 0.0266676501 	15: 0.0252074322 


	-Electronic Dipole Moment: (e a0)  
	 X:  -3.38020   Y:  -0.00063   Z:  -0.03339   Total:  3.38037 

	-Electronic Dipole Moment: (D)  
	 X:  -8.59162   Y:  -0.00160   Z:  -0.08488   Total:  8.59204 

	-Total Dipole Moment: (e a0)  
	 X:  0.13944   Y:  -0.00066   Z:  0.01385   Total:  0.14012 

	-Total Dipole Moment: (D)  
	 X:  0.35441   Y:  -0.00168   Z:  0.03520   Total:  0.35616 



	Initializing Liboeprop (by U. Bozkaya) ...


	-Mulliken Population Analysis for SCF-IAO:
	 1: 0.0245799500 	 2: -0.1516635522 	 3: -0.1521474153 	 4: -0.3676868017 	 5: -0.1323513677 
	 6: -0.1323222933 	 7: -0.1495222650 	 8: 0.1300238709 	 9: 0.1304392651 	10: 0.1277574557 
	11: 0.1277700241 	12: 0.1329509296 	13: 0.1377590027 	14: 0.1377337798 	15: 0.1368499975 


	-Lowdin Population Analysis for SCF-IAO:  
	 1: 0.0245799500 	 2: -0.1516635522 	 3: -0.1521474153 	 4: -0.3676868017 	 5: -0.1323513677 
	 6: -0.1323222933 	 7: -0.1495222650 	 8: 0.1300238709 	 9: 0.1304392651 	10: 0.1277574557 
	11: 0.1277700241 	12: 0.1329509296 	13: 0.1377590027 	14: 0.1377337798 	15: 0.1368499975 


	Initializing Liblocal (by U. Bozkaya) ...
  ==> Pipek-Mezey Localizer <==

    Convergence =   1.000E-08
    Maxiter     =          50

    Iteration                   Metric       Residual
    PM    0   1.3399404207727224E+01              -
    PM    1   2.8700735636956161E+01   1.141941E+00
    PM    2   3.1854063541905841E+01   1.098692E-01
    PM    3   3.1943893367343843E+01   2.820043E-03
    PM    4   3.1945277077885493E+01   4.331690E-05
    PM    5   3.1945423422889117E+01   4.581115E-06
    PM    6   3.1945474737220351E+01   1.606312E-06
    PM    7   3.1945522861296183E+01   1.506444E-06
    PM    8   3.1945563758450689E+01   1.280216E-06
    PM    9   3.1945586471542970E+01   7.109936E-07
    PM   10   3.1945604457133303E+01   5.630070E-07
    PM   11   3.1945617411278501E+01   4.055063E-07
    PM   12   3.1945626708243957E+01   2.910248E-07
    PM   13   3.1945633985801368E+01   2.278108E-07
    PM   14   3.1945639101014759E+01   1.601225E-07
    PM   15   3.1945641907140235E+01   8.784064E-08
    PM   16   3.1945643992829012E+01   6.528868E-08
    PM   17   3.1945646186437557E+01   6.866691E-08
    PM   18   3.1945647689759330E+01   4.705874E-08
    PM   19   3.1945648574089219E+01   2.768233E-08
    PM   20   3.1945649358093412E+01   2.454181E-08
    PM   21   3.1945649778003510E+01   1.314452E-08
    PM   22   3.1945650096130979E+01   9.958397E-09

    PM Localizer converged.



	*Molecular contr. to CDS energy:       0.0000  kcal/mol
	*Total CDS energy:       3.1163  kcal/mol
	*SCF::Polarization Free Energy (au)      : -0.0036738003 
	*SCF::Polarization Free Energy (kcal/mol):      -2.3053 
	*SCF::CDS Free Energy (au)      : 0.0049661337 
	*SCF::CDS Free Energy (kcal/mol):       3.1163 
	*SCF::Total Solvation Free Energy (au)      : 0.0012923334 
	*SCF::Total Solvation Free Energy (kcal/mol):       0.8110 
 CC-PVDZ primary basis set file will be read for the C atom...
 CC-PVDZ primary basis set file will be read for the H atom...
 Nmaxthread: 16 
 Nshell: 66 
 Lmax:  2 
 Npmax:  8 
 Nao: 138 
 Ndocc: 25 
 Nsocc:  0 
 NoccA: 25 
 NoccB: 25 
 Primary basis set info has been read.

 CC-PVDZ-JKFIT aux basis set file will be read for the C atom...
 CC-PVDZ-JKFIT aux basis set file will be read for the H atom...
 Nshell_aux: 240 
 Naux: 674 
 Aux basis set info has been read.


	*Total SCF Energy: -269.76120347348603

 Cpu time for SCF :       1.5358 minutes
 Wall time for SCF:       0.6343 minutes


	MO spaces... 

	 FC   OCC   VIR   FV 
	----------------------
	  7   18   113    0


	Libtrans is initialized (by U. Bozkaya) ...

 ============================================================================== 
 ============================================================================== 
 ============================================================================== 

                       DF-MP2   
              Program Written by Ugur Bozkaya
              Latest Revision May 2, 2021

 ============================================================================== 
 ============================================================================== 
 ============================================================================== 

	For this residual convergence, default PCG convergence is:     1.00e-07
    Warning: "PCG_CONVERGENCE" option is changed to     1.00e-07


  ## DFOCC Options ##

  | TYPE         | KEY                      | INPUT? | VALUE              | DEFAULT            
  |--------------|--------------------------|--------|--------------------|--------------------
  | BOOL         | EOM                      | NO     | FALSE              | FALSE              
  | BOOL         | EOM_MP2                  | NO     | FALSE              | FALSE              
  | BOOL         | EOM_MP3                  | NO     | FALSE              | FALSE              
  | BOOL         | EOM_MP2_5                | NO     | FALSE              | FALSE              
  | BOOL         | EOM_LCCD                 | NO     | FALSE              | FALSE              
  | BOOL         | LOW_MEM_MP2              | NO     | FALSE              | FALSE              
  | BOOL         | LOW_MEM_MP3              | NO     | FALSE              | FALSE              
  | BOOL         | CD_PRESCREEN             | NO     | FALSE              | FALSE              
  | DOUBLE       | CIS_E_CONV               | NO     | 1e-06              | 1e-06              
  | DOUBLE       | CIS_R_CONV               | NO     | 1e-06              | 1e-06              
  | DOUBLE       | CIS_RES_PRECONDITION_TOL | NO     | 0.0001             | 0.0001             
  | DOUBLE       | DAVIDSON_TOLERANCE       | NO     | 1e-06              | 1e-06              
  | DOUBLE       | E3_SCALE                 | NO     | 0.25               | 0.25               
  | DOUBLE       | E_CONVERGENCE            | NO     | 1e-06              | 1e-06              
  | DOUBLE       | JK_MEMORY                | NO     | 1000000000.0       | 1000000000.0       
  | DOUBLE       | LEVEL_SHIFT              | NO     | 0.02               | 0.02               
  | DOUBLE       | MAX_MOGRAD_CONVERGENCE   | NO     | 0.001              | 0.001              
  | DOUBLE       | MO_STEP_MAX              | NO     | 0.5                | 0.5                
  | DOUBLE       | MP2_OS_SCALE             | NO     | 1.2                | 1.2                
  | DOUBLE       | MP2_SOS_SCALE            | NO     | 1.3                | 1.3                
  | DOUBLE       | MP2_SOS_SCALE2           | NO     | 1.2                | 1.2                
  | DOUBLE       | MP2_SS_SCALE             | NO     | 0.3333333333333333 | 0.3333333333333333 
  | DOUBLE       | OCC_PERCENTAGE           | NO     | 99.0               | 99.0               
  | DOUBLE       | OCC_TOLERANCE            | NO     | 1e-05              | 1e-05              
  | DOUBLE       | OO_SCALE                 | NO     | 0.01               | 0.01               
  | DOUBLE       | PCG_CONVERGENCE          | NO     | 1e-06              | 1e-06              
  | DOUBLE       | R_CONVERGENCE            | NO     | 1e-05              | 1e-05              
  | DOUBLE       | REG_PARAM                | NO     | 0.4                | 0.4                
  | DOUBLE       | KAPPA_REG_PARAM          | NO     | 1.1                | 1.1                
  | DOUBLE       | RMS_MOGRAD_CONVERGENCE   | NO     | 1e-06              | 1e-06              
  | DOUBLE       | SCG_TOLERANCE            | NO     | 1e-06              | 1e-06              
  | DOUBLE       | SCHMIDT_ADD_RES_TOL      | NO     | 0.001              | 0.001              
  | INT          | ACTIVE_NAT_ORBS          | NO     | 2                  | 2                  
  | INT          | CC_DIIS_MAX_VECS         | NO     | 6                  | 6                  
  | INT          | CC_DIIS_MIN_VECS         | NO     | 2                  | 2                  
  | INT          | CC_MAXITER               | NO     | 50                 | 50                 
  | INT          | CUTOFF                   | NO     | 8                  | 8                  
  | INT          | EXCITATION_RANGE         | NO     | 2                  | 2                  
  | INT          | FOLLOW_ROOT              | NO     | 1                  | 1                  
  | INT          | INTEGRAL_CUTOFF          | NO     | 9                  | 9                  
  | INT          | MAX_VECS                 | NO     | 50                 | 50                 
  | INT          | MO_DIIS_NUM_VECS         | NO     | 6                  | 6                  
  | INT          | MO_MAXITER               | NO     | 50                 | 50                 
  | INT          | NUM_ROOTS                | NO     | 4                  | 4                  
  | INT          | PCG_MAXITER              | NO     | 50                 | 50                 
  | INT          | PRINT_LEVEL              | NO     | 0                  | 0                  
  | INT          | VECS_PER_ROOT            | NO     | 1                  | 1                  
  | STRING       | CC_LAMBDA                | NO     | FALSE              | FALSE              
  | STRING       | CHOLESKY                 | NO     | FALSE              | FALSE              
  | STRING       | CIS_ALGORITHM            | NO     | MO_BASIS           | MO_BASIS           
  | STRING       | CIS_GUESS_COEFF          | NO     | MIX                | MIX                
  | STRING       | COMPUT_S2                | NO     | FALSE              | FALSE              
  | STRING       | DIAG_METHOD              | NO     | DAVIDSON           | DAVIDSON           
  | STRING       | DO_DIIS                  | NO     | TRUE               | TRUE               
  | STRING       | DO_LEVEL_SHIFT           | NO     | TRUE               | TRUE               
  | STRING       | DO_SCS                   | NO     | FALSE              | FALSE              
  | STRING       | DO_SOS                   | NO     | FALSE              | FALSE              
  | STRING       | EKT_IP                   | NO     | FALSE              | FALSE              
  | STRING       | FREEZE_CORE              | NO     | TRUE               | TRUE               
  | STRING       | HESS_TYPE                | NO     | HF                 | HF                 
  | STRING       | JK_TYPE                  | NO     | DIRECT             | DIRECT             
  | STRING       | LINEQ_SOLVER             | NO     | CDGESV             | CDGESV             
  | STRING       | MO_READ                  | NO     | FALSE              | FALSE              
  | STRING       | MO_WRITE                 | NO     | FALSE              | FALSE              
  | STRING       | MP2_AMP_TYPE             | NO     | DIRECT             | DIRECT             
  | STRING       | NAT_ORBS                 | NO     | FALSE              | FALSE              
  | STRING       | NBO                      | NO     | TRUE               | TRUE               
  | STRING       | OCC_ORBS_PRINT           | NO     | FALSE              | FALSE              
  | STRING       | OEPROP                   | NO     | FALSE              | FALSE              
  | STRING       | OPT_METHOD               | NO     | QNR                | QNR                
  | STRING       | ORB_RESP_SOLVER          | NO     | PCG                | PCG                
  | STRING       | ORTH_TYPE                | NO     | MGS                | MGS                
  | STRING       | PCG_BETA_TYPE            | NO     | FLETCHER_REEVES    | FLETCHER_REEVES    
  | STRING       | PPL_TYPE                 | NO     | AUTO               | AUTO               
  | STRING       | PRINT_CI_VECS            | NO     | FALSE              | FALSE              
  | STRING       | QCHF                     | NO     | FALSE              | FALSE              
  | STRING       | READ_SCF_3INDEX          | NO     | TRUE               | TRUE               
  | STRING       | REGULARIZATION           | NO     | FALSE              | FALSE              
  | STRING       | REG_TYPE                 | NO     | NORMAL             | NORMAL             
  | STRING       | SCS_TYPE                 | NO     | SCS                | SCS                
  | STRING       | SOS_TYPE                 | NO     | SOS                | SOS                
  | STRING       | TRIPLES_IABC_TYPE        | NO     | DISK               | DISK               
  | STRING       | UNIT_GUESS_TYPE          | NO     | GEN                | GEN                
  | STRING       | EKT_NEGATIVE_OCC         | NO     | ABS                | ABS                
  | BOOL         | SOLVATION                | YES    | TRUE               | FALSE              

	MO spaces... 

	 FC   OCC   VIR   FV 
	----------------------
	  7   18   113    0
 CC-PVDZ primary basis set file will be read for the C atom...
 CC-PVDZ primary basis set file will be read for the H atom...
 Nmaxthread: 16 
 Nshell: 66 
 Lmax:  2 
 Npmax:  8 
 Nao: 138 
 Ndocc: 25 
 Nsocc:  0 
 NoccA: 25 
 NoccB: 25 
 Primary basis set info has been read.

 CC-PVDZ-RI aux basis set file will be read for the C atom...
 CC-PVDZ-RI aux basis set file will be read for the H atom...
 Nshell_aux: 174 
 Naux: 504 
 Aux basis set info has been read.

 Cpu time for Metric ints :       0.3200 s
 Wall time for Metric ints:       0.1683 s
 3-Index Algorithm: AUTO 

 Calling fortran integrals: ringing... 
 Done with fintegrals.

 Cpu time for 3-index ints :       3.8400 s
 Wall time for 3-index ints:       1.1707 s
 Cpu time for df-factors :       0.5600 s
 Wall time for df-factors:       0.1460 s
 CC-PVDZ primary basis set file will be read for the C atom...
 CC-PVDZ primary basis set file will be read for the H atom...
 Nmaxthread: 16 
 Nshell: 66 
 Lmax:  2 
 Npmax:  8 
 Nao: 138 
 Ndocc: 25 
 Nsocc:  0 
 NoccA: 25 
 NoccB: 25 
 Primary basis set info has been read.

 CC-PVDZ-JKFIT aux basis set file will be read for the C atom...
 CC-PVDZ-JKFIT aux basis set file will be read for the H atom...
 Nshell_aux: 240 
 Naux: 674 
 Aux basis set info has been read.

	Reading DF integrals from disk ...
 Cpu time for Metric ints :       1.1700 s
 Wall time for Metric ints:       0.3346 s
	Number of basis functions in the DF-HF basis: 674
	Number of basis functions in the DF-CC basis: 504

	Available memory                      :  30000.00 MB 
	Minimum required memory for amplitudes:     99.29 MB 
	Memory requirement for B-CC (Q|mu nu) :     76.79 MB 
	Memory requirement for B-CC (Q|ab)    :     51.48 MB 
	Memory requirement for DF-CC int trans:    139.66 MB 

	Computing DF-MP2 energy using SCF MOs (Canonical DF-MP2)... 
	======================================================================= 
	Nuclear Repulsion Energy (a.u.)    :   269.75090439019112
	DF-HF Energy (a.u.)                :  -269.76120347348603
	REF Energy (a.u.)                  :  -269.76120347348603
	DF-MP2 Correlation Energy (a.u.)   :    -0.93409341094422
	DF-MP2 Total Energy (a.u.)         :  -270.69529688443026
	======================================================================= 

	*Total MP2 Energy: -270.69529688443026

	Computing unrelaxed response density matrices...
	Number of independent-pairs: 2825
	Computing the generalized Fock matrix (GFM)...
	Computing the orbital gradient...
	Forming effective orbital gradient...
	Solving orbital Z-vector equations...

	            PCG Solver 
	   ------------------------------ 
	Iter     RMS Z Vector        RMS Residual  
	----    ---------------    ---------------
	  1         1.25e-03         6.16e-04
	  2         3.13e-04         2.92e-04
	  3         1.21e-04         6.24e-05
	  4         3.52e-05         2.73e-05
	  5         1.58e-05         7.68e-06
	  6         6.32e-06         4.24e-06
	  7         3.03e-06         1.34e-06
	  8         7.08e-07         4.60e-07
	  9         1.78e-07         8.72e-08
	 10         3.85e-08         2.64e-08

	Computing the relaxed PDMs and GFM...
	Compute solv. is starting ...

	Initializing Liboeprop (by U. Bozkaya) ...


	-Mulliken Population Analysis for MP2-IAO:
	 1: 0.1881202378 	 2: -0.0500017093 	 3: -0.0505039800 	 4: -0.2343704817 	 5: -0.0589326175 
	 6: -0.0589011597 	 7: -0.0905867366 	 8: 0.0759264436 	 9: 0.0763832335 	10: 0.0816638078 
	11: 0.0816828025 	12: 0.0825493464 	13: 0.0742424094 	14: 0.0742114101 	15: 0.0713549544 


	-Lowdin Population Analysis for MP2-IAO:  
	 1: 0.1881202378 	 2: -0.0500017093 	 3: -0.0505039800 	 4: -0.2343704817 	 5: -0.0589326175 
	 6: -0.0589011597 	 7: -0.0905867366 	 8: 0.0759264436 	 9: 0.0763832335 	10: 0.0816638078 
	11: 0.0816828025 	12: 0.0825493464 	13: 0.0742424094 	14: 0.0742114101 	15: 0.0713549544 



  ## SOLVATION Options ##

  | TYPE         | KEY                      | INPUT? | VALUE              | DEFAULT            
  |--------------|--------------------------|--------|--------------------|--------------------
  | INT          | NUM_Z_POINTS             | NO     | 90                 | 90                 
  | INT          | NUM_ANG_POINTS           | YES    | 100                | 100                
  | STRING       | SASA_TYPE                | YES    | NUMERIC            | NUMERIC            
  | STRING       | CHARGE_TYPE              | YES    | IAO_MULLIKEN       | IAO_MULLIKEN       
  | STRING       | CDS_TYPE                 | YES    | SMD                | SMD                
  | STRING       | SOLVENT                  | YES    | WATER              | WATER              
  | STRING       | SOLVENT_PARAMS           | YES    | MN21               | SM8                
  | STRING       | DIELECTRIC_PARAMS        | YES    | MN21               | MN21               
  | STRING       | COULOMB_RADII            | YES    | SMD                | SMD                
  | DOUBLE       | COVALENT_VW_CONST        | NO     | 0.76               | 0.76               
  | DOUBLE       | SOLVENT_RADIUS           | NO     | 0.4                | 0.4                
  | STRING       | RADIUS_TYPE              | YES    | SMD                | SMD                
  | DOUBLE       | GB_DIJ                   | NO     | 3.7                | 3.7                
  | DOUBLE       | GB_SIJ                   | NO     | 0.75               | 0.75               
  | DOUBLE       | GB_CIJ                   | NO     | 0.0                | 0.0                
  | DOUBLE       | F_PWSASA                 | NO     | 0.4535             | 0.4535             
  | DOUBLE       | SCALE_VDW                | NO     | 1.0                | 1.0                
  | DOUBLE       | SCALE_CR                 | NO     | 1.0                | 1.0                



 Sasa Type                  : NUMERIC 
 Charge Type                : IAO_MULLIKEN 
 CDS Type                   : SMD 
 Radius Type                : SMD 
 Solvent                    : WATER 
 Solvent Parameters         : MN21 
 Dielectric Parameters      : MN21 
 Coulomb Radii Parameters   : SMD 
 GB d_ij parameter          : 3.7000000000 
 GB S_ij parameter          : 0.7500000000 
 GB C_ij parameter          : 0.0000000000 
 Sclae_vdw parameter        : 1.0000000000 
 Number of z-points         : 90 
 Number of angular points   : 100 
 Number of SASA grid points : 17902 
 Solvent Dielectric Constant: 78.3553000000 

 VDW Radii:
	  1 C :       1.7000  ang
	  2 C :       1.7000  ang
	  3 C :       1.7000  ang
	  4 C :       1.7000  ang
	  5 C :       1.7000  ang
	  6 C :       1.7000  ang
	  7 C :       1.7000  ang
	  8 H :       1.2000  ang
	  9 H :       1.2000  ang
	 10 H :       1.2000  ang
	 11 H :       1.2000  ang
	 12 H :       1.2000  ang
	 13 H :       1.2000  ang
	 14 H :       1.2000  ang
	 15 H :       1.2000  ang

	 Computing SASA... 

 Atomic SASA values:
	  1 C :       5.3121  ang^2
	  2 C :       9.9431  ang^2
	  3 C :       9.9431  ang^2
	  4 C :       9.1785  ang^2
	  5 C :      10.5994  ang^2
	  6 C :      10.5994  ang^2
	  7 C :      10.6427  ang^2
	  8 H :      11.8782  ang^2
	  9 H :      11.8800  ang^2
	 10 H :      11.7164  ang^2
	 11 H :      11.7164  ang^2
	 12 H :      12.8665  ang^2
	 13 H :      13.0283  ang^2
	 14 H :      13.0283  ang^2
	 15 H :      12.9438  ang^2

	*Total SASA (angs^2): 165.2761675958 


 Coulomb Radii:
	  1 C :       1.8500  ang
	  2 C :       1.8500  ang
	  3 C :       1.8500  ang
	  4 C :       1.8500  ang
	  5 C :       1.8500  ang
	  6 C :       1.8500  ang
	  7 C :       1.8500  ang
	  8 H :       1.2000  ang
	  9 H :       1.2000  ang
	 10 H :       1.2000  ang
	 11 H :       1.2000  ang
	 12 H :       1.2000  ang
	 13 H :       1.2000  ang
	 14 H :       1.2000  ang
	 15 H :       1.2000  ang
 Solvent Alpha                       : 1.1700000000 

 ## Effective Born Radius (bohr) ##
   0   4.8118060229 
   1   4.6082269585 
   2   4.6082265674 
   3   4.1136731807 
   4   4.4307092474 
   5   4.4307101542 
   6   4.4049788936 
   7   3.3369300170 
   8   3.3369139508 
   9   3.2317620044 
  10   3.2318276415 
  11   3.1822546367 
  12   3.1958602163 
  13   3.1958612844 
  14   3.1858293015 

 Effective Born Radii:
	  1 C :       2.5463  ang
	  2 C :       2.4386  ang
	  3 C :       2.4386  ang
	  4 C :       2.1769  ang
	  5 C :       2.3446  ang
	  6 C :       2.3446  ang
	  7 C :       2.3310  ang
	  8 H :       1.7658  ang
	  9 H :       1.7658  ang
	 10 H :       1.7102  ang
	 11 H :       1.7102  ang
	 12 H :       1.6840  ang
	 13 H :       1.6912  ang
	 14 H :       1.6912  ang
	 15 H :       1.6859  ang


 Coulomb Integrals:
	  1  1 :       0.2078  bohr^-1
	  1  2 :       0.1913  bohr^-1
	  1  3 :       0.1913  bohr^-1
	  1  4 :       0.1968  bohr^-1
	  1  5 :       0.1637  bohr^-1
	  1  6 :       0.1637  bohr^-1
	  1  7 :       0.1526  bohr^-1
	  1  8 :       0.1869  bohr^-1
	  1  9 :       0.1869  bohr^-1
	  1 10 :       0.1880  bohr^-1
	  1 11 :       0.1880  bohr^-1
	  1 12 :       0.1889  bohr^-1
	  1 13 :       0.1432  bohr^-1
	  1 14 :       0.1432  bohr^-1
	  1 15 :       0.1292  bohr^-1
	  2  1 :       0.1913  bohr^-1
	  2  2 :       0.2170  bohr^-1
	  2  3 :       0.1648  bohr^-1
	  2  4 :       0.1656  bohr^-1
	  2  5 :       0.1979  bohr^-1
	  2  6 :       0.1550  bohr^-1
	  2  7 :       0.1664  bohr^-1
	  2  8 :       0.2326  bohr^-1
	  2  9 :       0.1439  bohr^-1
	  2 10 :       0.1443  bohr^-1
	  2 11 :       0.1686  bohr^-1
	  2 12 :       0.1559  bohr^-1
	  2 13 :       0.1913  bohr^-1
	  2 14 :       0.1306  bohr^-1
	  2 15 :       0.1444  bohr^-1
	  3  1 :       0.1913  bohr^-1
	  3  2 :       0.1648  bohr^-1
	  3  3 :       0.2170  bohr^-1
	  3  4 :       0.1656  bohr^-1
	  3  5 :       0.1550  bohr^-1
	  3  6 :       0.1979  bohr^-1
	  3  7 :       0.1664  bohr^-1
	  3  8 :       0.1439  bohr^-1
	  3  9 :       0.2326  bohr^-1
	  3 10 :       0.1686  bohr^-1
	  3 11 :       0.1443  bohr^-1
	  3 12 :       0.1560  bohr^-1
	  3 13 :       0.1306  bohr^-1
	  3 14 :       0.1913  bohr^-1
	  3 15 :       0.1444  bohr^-1
	  4  1 :       0.1968  bohr^-1
	  4  2 :       0.1656  bohr^-1
	  4  3 :       0.1656  bohr^-1
	  4  4 :       0.2431  bohr^-1
	  4  5 :       0.1289  bohr^-1
	  4  6 :       0.1289  bohr^-1
	  4  7 :       0.1169  bohr^-1
	  4  8 :       0.1699  bohr^-1
	  4  9 :       0.1699  bohr^-1
	  4 10 :       0.2466  bohr^-1
	  4 11 :       0.2466  bohr^-1
	  4 12 :       0.2480  bohr^-1
	  4 13 :       0.1115  bohr^-1
	  4 14 :       0.1115  bohr^-1
	  4 15 :       0.0974  bohr^-1
	  5  1 :       0.1637  bohr^-1
	  5  2 :       0.1979  bohr^-1
	  5  3 :       0.1550  bohr^-1
	  5  4 :       0.1289  bohr^-1
	  5  5 :       0.2257  bohr^-1
	  5  6 :       0.1682  bohr^-1
	  5  7 :       0.2015  bohr^-1
	  5  8 :       0.1912  bohr^-1
	  5  9 :       0.1306  bohr^-1
	  5 10 :       0.1136  bohr^-1
	  5 11 :       0.1254  bohr^-1
	  5 12 :       0.1197  bohr^-1
	  5 13 :       0.2407  bohr^-1
	  5 14 :       0.1453  bohr^-1
	  5 15 :       0.1932  bohr^-1
	  6  1 :       0.1637  bohr^-1
	  6  2 :       0.1550  bohr^-1
	  6  3 :       0.1979  bohr^-1
	  6  4 :       0.1289  bohr^-1
	  6  5 :       0.1682  bohr^-1
	  6  6 :       0.2257  bohr^-1
	  6  7 :       0.2015  bohr^-1
	  6  8 :       0.1306  bohr^-1
	  6  9 :       0.1912  bohr^-1
	  6 10 :       0.1254  bohr^-1
	  6 11 :       0.1135  bohr^-1
	  6 12 :       0.1197  bohr^-1
	  6 13 :       0.1453  bohr^-1
	  6 14 :       0.2407  bohr^-1
	  6 15 :       0.1932  bohr^-1
	  7  1 :       0.1526  bohr^-1
	  7  2 :       0.1664  bohr^-1
	  7  3 :       0.1664  bohr^-1
	  7  4 :       0.1169  bohr^-1
	  7  5 :       0.2015  bohr^-1
	  7  6 :       0.2015  bohr^-1
	  7  7 :       0.2270  bohr^-1
	  7  8 :       0.1445  bohr^-1
	  7  9 :       0.1445  bohr^-1
	  7 10 :       0.1077  bohr^-1
	  7 11 :       0.1077  bohr^-1
	  7 12 :       0.1083  bohr^-1
	  7 13 :       0.1934  bohr^-1
	  7 14 :       0.1934  bohr^-1
	  7 15 :       0.2416  bohr^-1
	  8  1 :       0.1869  bohr^-1
	  8  2 :       0.2326  bohr^-1
	  8  3 :       0.1439  bohr^-1
	  8  4 :       0.1699  bohr^-1
	  8  5 :       0.1912  bohr^-1
	  8  6 :       0.1306  bohr^-1
	  8  7 :       0.1445  bohr^-1
	  8  8 :       0.2997  bohr^-1
	  8  9 :       0.1216  bohr^-1
	  8 10 :       0.1385  bohr^-1
	  8 11 :       0.1882  bohr^-1
	  8 12 :       0.1585  bohr^-1
	  8 13 :       0.1896  bohr^-1
	  8 14 :       0.1065  bohr^-1
	  8 15 :       0.1217  bohr^-1
	  9  1 :       0.1869  bohr^-1
	  9  2 :       0.1439  bohr^-1
	  9  3 :       0.2326  bohr^-1
	  9  4 :       0.1699  bohr^-1
	  9  5 :       0.1306  bohr^-1
	  9  6 :       0.1912  bohr^-1
	  9  7 :       0.1445  bohr^-1
	  9  8 :       0.1216  bohr^-1
	  9  9 :       0.2997  bohr^-1
	  9 10 :       0.1882  bohr^-1
	  9 11 :       0.1385  bohr^-1
	  9 12 :       0.1585  bohr^-1
	  9 13 :       0.1065  bohr^-1
	  9 14 :       0.1896  bohr^-1
	  9 15 :       0.1217  bohr^-1
	 10  1 :       0.1880  bohr^-1
	 10  2 :       0.1443  bohr^-1
	 10  3 :       0.1686  bohr^-1
	 10  4 :       0.2466  bohr^-1
	 10  5 :       0.1136  bohr^-1
	 10  6 :       0.1254  bohr^-1
	 10  7 :       0.1077  bohr^-1
	 10  8 :       0.1385  bohr^-1
	 10  9 :       0.1882  bohr^-1
	 10 10 :       0.3094  bohr^-1
	 10 11 :       0.2297  bohr^-1
	 10 12 :       0.2310  bohr^-1
	 10 13 :       0.0961  bohr^-1
	 10 14 :       0.1105  bohr^-1
	 10 15 :       0.0897  bohr^-1
	 11  1 :       0.1880  bohr^-1
	 11  2 :       0.1686  bohr^-1
	 11  3 :       0.1443  bohr^-1
	 11  4 :       0.2466  bohr^-1
	 11  5 :       0.1254  bohr^-1
	 11  6 :       0.1135  bohr^-1
	 11  7 :       0.1077  bohr^-1
	 11  8 :       0.1882  bohr^-1
	 11  9 :       0.1385  bohr^-1
	 11 10 :       0.2297  bohr^-1
	 11 11 :       0.3094  bohr^-1
	 11 12 :       0.2310  bohr^-1
	 11 13 :       0.1105  bohr^-1
	 11 14 :       0.0961  bohr^-1
	 11 15 :       0.0897  bohr^-1
	 12  1 :       0.1889  bohr^-1
	 12  2 :       0.1559  bohr^-1
	 12  3 :       0.1560  bohr^-1
	 12  4 :       0.2480  bohr^-1
	 12  5 :       0.1197  bohr^-1
	 12  6 :       0.1197  bohr^-1
	 12  7 :       0.1083  bohr^-1
	 12  8 :       0.1585  bohr^-1
	 12  9 :       0.1585  bohr^-1
	 12 10 :       0.2310  bohr^-1
	 12 11 :       0.2310  bohr^-1
	 12 12 :       0.3142  bohr^-1
	 12 13 :       0.1031  bohr^-1
	 12 14 :       0.1031  bohr^-1
	 12 15 :       0.0901  bohr^-1
	 13  1 :       0.1432  bohr^-1
	 13  2 :       0.1913  bohr^-1
	 13  3 :       0.1306  bohr^-1
	 13  4 :       0.1115  bohr^-1
	 13  5 :       0.2407  bohr^-1
	 13  6 :       0.1453  bohr^-1
	 13  7 :       0.1934  bohr^-1
	 13  8 :       0.1896  bohr^-1
	 13  9 :       0.1065  bohr^-1
	 13 10 :       0.0961  bohr^-1
	 13 11 :       0.1105  bohr^-1
	 13 12 :       0.1031  bohr^-1
	 13 13 :       0.3129  bohr^-1
	 13 14 :       0.1219  bohr^-1
	 13 15 :       0.1903  bohr^-1
	 14  1 :       0.1432  bohr^-1
	 14  2 :       0.1306  bohr^-1
	 14  3 :       0.1913  bohr^-1
	 14  4 :       0.1115  bohr^-1
	 14  5 :       0.1453  bohr^-1
	 14  6 :       0.2407  bohr^-1
	 14  7 :       0.1934  bohr^-1
	 14  8 :       0.1065  bohr^-1
	 14  9 :       0.1896  bohr^-1
	 14 10 :       0.1105  bohr^-1
	 14 11 :       0.0961  bohr^-1
	 14 12 :       0.1031  bohr^-1
	 14 13 :       0.1219  bohr^-1
	 14 14 :       0.3129  bohr^-1
	 14 15 :       0.1903  bohr^-1
	 15  1 :       0.1292  bohr^-1
	 15  2 :       0.1444  bohr^-1
	 15  3 :       0.1444  bohr^-1
	 15  4 :       0.0974  bohr^-1
	 15  5 :       0.1932  bohr^-1
	 15  6 :       0.1932  bohr^-1
	 15  7 :       0.2416  bohr^-1
	 15  8 :       0.1217  bohr^-1
	 15  9 :       0.1217  bohr^-1
	 15 10 :       0.0897  bohr^-1
	 15 11 :       0.0897  bohr^-1
	 15 12 :       0.0901  bohr^-1
	 15 13 :       0.1903  bohr^-1
	 15 14 :       0.1903  bohr^-1
	 15 15 :       0.3139  bohr^-1


	*Molecular contr. to CDS energy:       0.0000  kcal/mol
	*Total CDS energy:       3.1163  kcal/mol
	*MP2::Polarization Free Energy (au)      : -0.0061137663 
	*MP2::Polarization Free Energy (kcal/mol):      -3.8364 
	*MP2::CDS Free Energy (au)      : 0.0049661337 
	*MP2::CDS Free Energy (kcal/mol):       3.1163 
	*MP2::Total Solvation Free Energy (au)      : -0.0011476326 
	*MP2::Total Solvation Free Energy (kcal/mol):      -0.7202 
	GB-MP2 Total Energy (a.u.)         :  -270.69644451705102

	*Total GB-MP2 Energy: -270.69529688443026


 Cpu time for MacroQC :       2.0935 minutes
 Wall time for MacroQC:       0.8261 minutes


 ******************************************************************************************
	 MacroQC terminates normally:) 
 ****************************************************************************************** 

