 ==========================================================================================
 =========                __  ___                         ____  ______            =========
 ======                  /  |/  /___ _______________     / __ \/ ____/               ======
 ====                   / /|_/ / __ `/ ___/ ___/ __ \   / / / / /                      ====
 ===                   / /  / / /_/ / /__/ /  / /_/ /  / /_/ / /___                     ===
 ==                   /_/  /_/\__,_/\___/_/   \____/   \___\_\____/                      ==
 ===                                                                1.0.4                ===
 =====     An electronic structure theory software for large-scale applications       =====
 ======                                 See license.txt for license info             ======
 =========                                                                        =========
 ==========================================================================================
                                                                                           
                           * * * * * * * * * * * * * * * * * * * *                        
                           *            Developed by             *                        
                           *             U. Bozkaya              *                        
                           *                                     *                        
                           *       With contributions from:      *                        
                           *         B. Ermis, Y. Alagoz,        *                        
                           *         A. Unal, and A. K. Uyar     *                        
                           *         Git Version: deab493        *                        
                           *       Latest Revision: 2026-03-23   *                        
                           * * * * * * * * * * * * * * * * * * * *                        


 Run date: Wed Mar 25 10:38:43 2026
 
 Hostname: ub33 

 ## MacroQC input file ##
 ******************************************************************************************
$set_molecule
0 1
N       1.5918384446    -1.5321611210    -0.0722970997
C       0.5424550284     0.6616847024     0.0018352034
C       0.4413485059    -0.7426056460    -0.0028007536
C      -0.6291251189     1.4124970954     0.0096147805
C      -0.8224378515    -1.3402000630    -0.0044495792
C       1.8921299394     1.3256668947    -0.0117367803
C      -1.8855647802     0.8175059104     0.0075535164
C      -1.9745974425    -0.5684003632    -0.0012544487
H      -0.5502007521     2.4930833961     0.0140261456
H      -0.8959301997    -2.4213384164    -0.0122834683
H       2.4771021624     1.0873661882     0.8835877228
H       2.4863904723     1.0109821126    -0.8738402143
H       1.7917146845     2.4089596736    -0.0511202177
H      -2.7781741615     1.4275851489     0.0116037046
H      -2.9418086885    -1.0536922444    -0.0033154086
H       2.4207722703    -1.1335088325     0.3373083166
H       1.4620154157    -2.4912003633     0.2075414861
$end_molecule


$set_globals
   basis cc-pvdz
  method mp2
  reference rhf
  jobtype energy
  memory 30000
$end_globals


$set_scf
  e_convergence 1.0e-8
  d_convergence 1.0e-6
  guess sad
  solvation true
$end_scf


$set_solvation
  cds_type smd
  radius_type smd
  solvent_params mn21
  dielectric_params mn21 #sm8
  sasa_type numeric
  solvent water
  num_ang_points 100
  charge_type iao_mulliken #iao_lowdin, mulliken, lowdin
  coulomb_radii smd
$end_solvation

$set_dfocc
solvation true
$end_dfocc

 ******************************************************************************************


	-Geometry before Center-of-Mass shift (ang): 
	 Number     Atom               X                    Y                       Z  
	 ---------------------------------------------------------------------------------------
           1     N             1.5918384446         -1.5321611210          -0.0722970997  
           2     C             0.5424550284          0.6616847024           0.0018352034  
           3     C             0.4413485059         -0.7426056460          -0.0028007536  
           4     C            -0.6291251189          1.4124970954           0.0096147805  
           5     C            -0.8224378515         -1.3402000630          -0.0044495792  
           6     C             1.8921299394          1.3256668947          -0.0117367803  
           7     C            -1.8855647802          0.8175059104           0.0075535164  
           8     C            -1.9745974425         -0.5684003632          -0.0012544487  
           9     H            -0.5502007521          2.4930833961           0.0140261456  
          10     H            -0.8959301997         -2.4213384164          -0.0122834683  
          11     H             2.4771021624          1.0873661882           0.8835877228  
          12     H             2.4863904723          1.0109821126          -0.8738402143  
          13     H             1.7917146845          2.4089596736          -0.0511202177  
          14     H            -2.7781741615          1.4275851489           0.0116037046  
          15     H            -2.9418086885         -1.0536922444          -0.0033154086  
          16     H             2.4207722703         -1.1335088325           0.3373083166  
          17     H             1.4620154157         -2.4912003633           0.2075414861  



	-Geometry after Center-of-Mass shift (ang): 
	 Atom               X                    Y                       Z  
	 -------------------------------------------------------------------
     N           1.6239642304         -1.5198092968          -0.0675367053  
     C           0.5745808142          0.6740365266           0.0065955978  
     C           0.4734742917         -0.7302538218           0.0019596408  
     C          -0.5969993331          1.4248489196           0.0143751749  
     C          -0.7903120657         -1.3278482388           0.0003108152  
     C           1.9242557252          1.3380187189          -0.0069763859  
     C          -1.8534389944          0.8298577346           0.0123139108  
     C          -1.9424716567         -0.5560485390           0.0035059457  
     H          -0.5180749663          2.5054352203           0.0187865400  
     H          -0.8638044139         -2.4089865922          -0.0075230739  
     H           2.5092279482          1.0997180124           0.8883481172  
     H           2.5185162581          1.0233339368          -0.8690798199  
     H           1.8238404703          2.4213114978          -0.0463598233  
     H          -2.7460483757          1.4399369731           0.0163640990  
     H          -2.9096829027         -1.0413404202           0.0014449858  
     H           2.4528980561         -1.1211570083           0.3420687110  
     H           1.4941412015         -2.4788485391           0.2123018805  


	-Geometry after Center-of-Mass shift (bohr): 
	 Atom               X                    Y                       Z  
	 -------------------------------------------------------------------
     N           3.0688476330         -2.8720233339          -0.1276258763  
     C           1.0858003758          1.2737444338           0.0124638736  
     C           0.8947367388         -1.3799797253           0.0037031845  
     C          -1.1281652366          2.6925742282           0.0271651437  
     C          -1.4934733578         -2.5092695075           0.0005873557  
     C           3.6363163160          2.5284889294          -0.0131834586  
     C          -3.5024920896          1.5682038415           0.0232699190  
     C          -3.6707394376         -1.0507794512           0.0066252773  
     H          -0.9790197987          4.7345863914           0.0355014155  
     H          -1.6323537682         -4.5523248992          -0.0142165492  
     H           4.7417536085          2.0781658587           1.6787346457  
     H           4.7593059703          1.9338208754          -1.6423228407  
     H           3.4465589854          4.5756155952          -0.0876073692  
     H          -5.1892793573          2.7210865171           0.0309236655  
     H          -5.4985037980         -1.9678481976           0.0027306275  
     H           4.6353055397         -2.1186796893           0.6464161800  
     H           2.8235176636         -4.6843448454           0.4011924102  


    Rotational Constants: A =     0.10818  B =     0.07337  C =      0.04413 [cm^-1] 
    Rotor Type: ASYMMETRIC 

	-Nuclear Dipole Moment: (e a0)  
	 X:  3.52112   Y:  1.35381   Z:  0.52176   Total:  3.80832 

	-Nuclear Dipole Moment: (D)  
	 X:  8.94979   Y:  3.44104   Z:  1.32618   Total:  9.67979 


    Nuclear repulsion energy (V_NN)              : 348.811745931708 
   =====================================================
   Charge                : 0 
   Multiplicity          : 1 
   Number of Atoms       : 17 
   Number of Ghost Atoms : 0 
   Number of Electrons   : 58 
   Number of alpha occupied orbitals (NoccA)  : 29 
   Number of beta occupied orbitals (NoccB)   : 29 
   Number of singly occupied orbitals (Nsocc) : 0 
   Number of doubly occupied orbitals (Ndocc) : 29 
   =====================================================



  ## GLOBALS Options ##

  | TYPE         | KEY                      | INPUT? | VALUE              | DEFAULT            
  |--------------|--------------------------|--------|--------------------|--------------------
  | BOOL         | ERI_DISK                 | NO     | FALSE              | FALSE              
  | BOOL         | FREEZE_CORE              | NO     | TRUE               | TRUE               
  | BOOL         | MOL_FRAG                 | NO     | FALSE              | FALSE              
  | BOOL         | NOCOM                    | NO     | FALSE              | FALSE              
  | BOOL         | NOREORIENT               | NO     | TRUE               | TRUE               
  | BOOL         | PUREAM                   | NO     | TRUE               | TRUE               
  | BOOL         | ML                       | NO     | FALSE              | FALSE              
  | BOOL         | READ_PDB                 | NO     | FALSE              | FALSE              
  | BOOL         | TEST_MODE                | NO     | FALSE              | FALSE              
  | INT          | DERIVE_LEVEL             | NO     | 0                  | 0                  
  | INT          | FINDIF_POINTS            | NO     | 3                  | 3                  
  | INT          | MEMORY                   | YES    | 30000              | 2000               
  | INT          | NUM_THREADS              | NO     | 1                  | 1                  
  | INT          | NUM_FROZEN_DOCC          | NO     | 0                  | 0                  
  | INT          | NUM_FROZEN_VIR           | NO     | 0                  | 0                  
  | INT          | PRINT_LEVEL              | NO     | 0                  | 0                  
  | STRING       | AUX_BASIS_CORR           | NO     | CC-PVDZ-RI         | CC-PVDZ-RI         
  | STRING       | AUX_BASIS_SCF            | NO     | CC-PVDZ-JKFIT      | CC-PVDZ-JKFIT      
  | STRING       | BASIS                    | YES    | CC-PVDZ            | CC-PVDZ            
  | STRING       | BASIS2                   | NO     | MINAO              | MINAO              
  | STRING       | DERIVE_TYPE              | NO     | ANALYTIC           | ANALYTIC           
  | STRING       | FINDIF_METHOD            | NO     | GRAD               | GRAD               
  | STRING       | GEOM_UNITS               | NO     | ANG                | ANG                
  | STRING       | JOBTYPE                  | YES    | ENERGY             | ENERGY             
  | STRING       | METHOD                   | YES    | MP2                | SCF                
  | STRING       | REFERENCE                | YES    | RHF                | RHF                
  | STRING       | OUTFILE_MODE             | NO     | NEW                | NEW                
  | DOUBLE       | STEP_BOHR                | NO     | 0.05               | 0.05               
  | STR_ARRAY    | MOLECULE_GEOM_FROM       | NO     | [input]            | [input]            
  | DOUBLE_ARRAY | ELECTRIC_STRENGTH        | NO     | [0.001;0.001;0.001]| [0.001;0.001;0.001]
  | STRING       | ELECTRIC_FIELD           | NO     | NONE               | NONE               
  | STRING       | ALIGN_TWO_ATOMS          | NO     | NONE               | NONE               
  | INT_ARRAY    | TWO_ATOMS                | NO     | [0]                | [0]                



  ## INTS Options ##

  | TYPE         | KEY                      | INPUT? | VALUE              | DEFAULT            
  |--------------|--------------------------|--------|--------------------|--------------------
  | DOUBLE       | BOYS_CUTOFF              | NO     | 1e-15              | 1e-15              
  | DOUBLE       | BOYS_ZERO                | NO     | 1e-06              | 1e-06              
  | DOUBLE       | DELTA_X                  | NO     | 0.1                | 0.1                
  | DOUBLE       | INTEGRAL_CUTOFF          | NO     | 1e-10              | 1e-10              
  | DOUBLE       | X_MAX                    | NO     | 30.0               | 30.0               
  | INT          | BOYS_MAXITER             | NO     | 10000              | 10000              
  | INT          | MAX_AM                   | NO     | 7                  | 7                  
  | INT          | MAX_AM_AUX               | NO     | 7                  | 7                  
  | INT          | PRINT_LEVEL              | NO     | 0                  | 0                  
  | INT          | TAYLOR_ORDER             | NO     | 6                  | 6                  
  | STRING       | 3INDEX_ALGORITHM         | NO     | AUTO               | AUTO               
  | STRING       | BOYS_METHOD              | NO     | GHP                | GHP                
  | STRING       | ERI_ALGORITHM            | NO     | MD4                | MD4                


	Initializing Liboeprop (by U. Bozkaya) ...

	*=================================================================*
	*                  SCF                                            *
	*   Developed by U. Bozkaya & Y. Alagoz                           *
	*   Latest revision Feb 16, 2021                                  *
	*=================================================================*



  ## SCF Options ##

  | TYPE         | KEY                      | INPUT? | VALUE              | DEFAULT            
  |--------------|--------------------------|--------|--------------------|--------------------
  | BOOL         | DIIS_DAMP                | NO     | FALSE              | FALSE              
  | BOOL         | DIE_IF_NOT_CONVERGED     | NO     | TRUE               | TRUE               
  | BOOL         | DO_DF                    | NO     | TRUE               | TRUE               
  | BOOL         | DIIS                     | NO     | TRUE               | TRUE               
  | BOOL         | FOCK_DAMP                | NO     | FALSE              | FALSE              
  | BOOL         | GUESS_MIX                | NO     | FALSE              | FALSE              
  | BOOL         | GUESS_PREVIOUS           | NO     | FALSE              | FALSE              
  | BOOL         | LOCAL                    | NO     | FALSE              | FALSE              
  | BOOL         | RETRY                    | NO     | TRUE               | TRUE               
  | DOUBLE       | CUTOFF                   | NO     | 1e-10              | 1e-10              
  | DOUBLE       | D_CONVERGENCE            | YES    | 1e-06              | 1e-06              
  | DOUBLE       | DAMP_PARAM               | NO     | 0.02               | 0.02               
  | DOUBLE       | E_CONVERGENCE            | YES    | 1e-08              | 1e-08              
  | DOUBLE       | FOCK_DAMP_PERC           | NO     | 20.0               | 20.0               
  | DOUBLE       | MIN_OVERLAP_EIGVAL       | NO     | 1e-06              | 1e-06              
  | DOUBLE       | LOCAL_CONVERGENCE        | NO     | 1e-08              | 1e-08              
  | DOUBLE       | QC_GUESS_E_CONVERGENCE   | NO     | 0.0001             | 0.0001             
  | DOUBLE       | QC_GUESS_D_CONVERGENCE   | NO     | 0.005              | 0.005              
  | INT          | MAX_DIIS                 | NO     | 6                  | 6                  
  | INT          | MIN_DIIS                 | NO     | 2                  | 2                  
  | INT          | PRINT_LEVEL              | NO     | 0                  | 0                  
  | INT          | SCF_MAXITER              | NO     | 50                 | 50                 
  | INT          | LOCAL_MAXITER            | NO     | 50                 | 50                 
  | STRING       | DIIS_ALGORITHM           | NO     | DISK               | DISK               
  | STRING       | GUESS                    | YES    | SAD                | SAD                
  | BOOL         | MO_WRITE                 | NO     | FALSE              | FALSE              
  | BOOL         | FOCK_WRITE               | NO     | FALSE              | FALSE              
  | STRING       | ORTH_TYPE                | NO     | CANONICAL          | CANONICAL          
  | STRING       | ROHF_CANONIC_TYPE        | NO     | GUEST              | GUEST              
  | STRING       | ERI                      | NO     | INCORE             | INCORE             
  | STRING       | SCF_ALGORITHM            | NO     | ROOTHAAN           | ROOTHAAN           
  | STRING       | LOCAL_TYPE               | NO     | BOYS               | BOYS               
  | BOOL         | SAD_FRAC_OCC             | NO     | TRUE               | TRUE               
  | BOOL         | SAD_SPIN_AVERAGE         | NO     | TRUE               | TRUE               
  | DOUBLE       | SAD_E_CONVERGENCE        | NO     | 1e-05              | 1e-05              
  | DOUBLE       | SAD_D_CONVERGENCE        | NO     | 1e-05              | 1e-05              
  | INT          | SAD_MAXITER              | NO     | 50                 | 50                 
  | BOOL         | NIE                      | NO     | FALSE              | FALSE              
  | BOOL         | SAD_DIIS                 | NO     | TRUE               | TRUE               
  | INT          | SAD_MAX_DIIS             | NO     | 6                  | 6                  
  | INT          | SAD_MIN_DIIS             | NO     | 2                  | 2                  
  | INT          | SAD_PRINT                | NO     | 0                  | 0                  
  | STRING       | SAD_AUX_BASIS            | NO     | SAD-FIT            | SAD-FIT            
  | DOUBLE       | SAD_CHOLESKY_TOLERANCE   | NO     | 1e-07              | 1e-07              
  | BOOL         | SOLVATION                | YES    | TRUE               | FALSE              
  | BOOL         | BYPASS                   | NO     | FALSE              | FALSE              
  | STRING       | IAO_TYPE                 | NO     | STANDARD2013       | STANDARD2013       
  | BOOL         | USE_IAOS                 | NO     | FALSE              | FALSE              

	Initializing libdiis ...
	Initializing libmolint 1.1 ...
 CC-PVDZ primary basis set file will be read for the N atom...
 CC-PVDZ primary basis set file will be read for the C atom...
 CC-PVDZ primary basis set file will be read for the H atom...
 Nmaxthread: 16 
 Nshell: 75 
 Lmax:  2 
 Npmax:  8 
 Nao: 157 
 Ndocc: 29 
 Nsocc:  0 
 NoccA: 29 
 NoccB: 29 
 Primary basis set info has been read.

 CC-PVDZ-JKFIT aux basis set file will be read for the N atom...
 CC-PVDZ-JKFIT aux basis set file will be read for the C atom...
 CC-PVDZ-JKFIT aux basis set file will be read for the H atom...
 Nshell_aux: 273 
 Naux: 767 
 Aux basis set info has been read.

 orth_type: CANONICAL 
 Cpu time for S ints :       0.0100 s
 Wall time for S ints:       0.0136 s

 Using canonical orthogonalization. 
 Minimum eigenvalue in the overlap matrix is:   2.9512E-04 

 Cpu time for T ints :       0.0700 s
 Wall time for T ints:       0.0184 s
 Cpu time for V ints :       0.7800 s
 Wall time for V ints:       0.2006 s
 Cpu time for Metric ints :       0.9600 s
 Wall time for Metric ints:       0.2475 s
 3-Index Algorithm: AUTO 

 Calling fortran integrals: ringing... 
 Done with fintegrals.

 Cpu time for 3-index ints :       3.4400 s
 Wall time for 3-index ints:       1.0074 s
 Cpu time for df-factors :       0.7200 s
 Wall time for df-factors:       0.1894 s


 Puream (True=1, False=0) : 1
 Number of AO             : 157
 Number of MO             : 157
 Number of Aux Functions  : 767
 Charge                   : 0
 Multiplicity             : 1
 Alpha OCC                : 29
 Beta OCC                 : 29
 Nuclear Repulsion Energy : 348.81174593
 Energy Treshold          : 1.0e-08
 Density Treshold         : 1.0e-06
 Iteration Limit          : 50
 Guess                    : SAD
 Guess Mix                : false
 Diis                     : true
 Diis Damping             : false
 Diis Damp Parameter      : 0.02
 Diis Algorithm           : DISK
 Cutoff Treshold          : 1.0e-10
 Density Fitting          : true
 Reference                : RHF
 Die If Not Converged     : true
 Print Level              : 0
 ERI Algorithm            : INCORE
 SCF Algorithm            : ROOTHAAN




  ## SOLVATION Options ##

  | TYPE         | KEY                      | INPUT? | VALUE              | DEFAULT            
  |--------------|--------------------------|--------|--------------------|--------------------
  | INT          | NUM_Z_POINTS             | NO     | 90                 | 90                 
  | INT          | NUM_ANG_POINTS           | YES    | 100                | 100                
  | STRING       | SASA_TYPE                | YES    | NUMERIC            | NUMERIC            
  | STRING       | CHARGE_TYPE              | YES    | IAO_MULLIKEN       | IAO_MULLIKEN       
  | STRING       | CDS_TYPE                 | YES    | SMD                | SMD                
  | STRING       | SOLVENT                  | YES    | WATER              | WATER              
  | STRING       | SOLVENT_PARAMS           | YES    | MN21               | SM8                
  | STRING       | DIELECTRIC_PARAMS        | YES    | MN21               | MN21               
  | STRING       | COULOMB_RADII            | YES    | SMD                | SMD                
  | DOUBLE       | COVALENT_VW_CONST        | NO     | 0.76               | 0.76               
  | DOUBLE       | SOLVENT_RADIUS           | NO     | 0.4                | 0.4                
  | STRING       | RADIUS_TYPE              | YES    | SMD                | SMD                
  | DOUBLE       | GB_DIJ                   | NO     | 3.7                | 3.7                
  | DOUBLE       | GB_SIJ                   | NO     | 0.75               | 0.75               
  | DOUBLE       | GB_CIJ                   | NO     | 0.0                | 0.0                
  | DOUBLE       | F_PWSASA                 | NO     | 0.4535             | 0.4535             
  | DOUBLE       | SCALE_VDW                | NO     | 1.0                | 1.0                
  | DOUBLE       | SCALE_CR                 | NO     | 1.0                | 1.0                



 Sasa Type                  : NUMERIC 
 Charge Type                : IAO_MULLIKEN 
 CDS Type                   : SMD 
 Radius Type                : SMD 
 Solvent                    : WATER 
 Solvent Parameters         : MN21 
 Dielectric Parameters      : MN21 
 Coulomb Radii Parameters   : SMD 
 GB d_ij parameter          : 3.7000000000 
 GB S_ij parameter          : 0.7500000000 
 GB C_ij parameter          : 0.0000000000 
 Sclae_vdw parameter        : 1.0000000000 
 Number of z-points         : 90 
 Number of angular points   : 100 
 Number of SASA grid points : 17902 
 Solvent Dielectric Constant: 78.3553000000 

 VDW Radii:
	  1 N :       1.5500  ang
	  2 C :       1.7000  ang
	  3 C :       1.7000  ang
	  4 C :       1.7000  ang
	  5 C :       1.7000  ang
	  6 C :       1.7000  ang
	  7 C :       1.7000  ang
	  8 C :       1.7000  ang
	  9 H :       1.2000  ang
	 10 H :       1.2000  ang
	 11 H :       1.2000  ang
	 12 H :       1.2000  ang
	 13 H :       1.2000  ang
	 14 H :       1.2000  ang
	 15 H :       1.2000  ang
	 16 H :       1.2000  ang
	 17 H :       1.2000  ang

	 Computing SASA... 

 Atomic SASA values:
	  1 N :      10.0495  ang^2
	  2 C :       5.2718  ang^2
	  3 C :       6.3615  ang^2
	  4 C :       9.9803  ang^2
	  5 C :      10.0979  ang^2
	  6 C :       8.2405  ang^2
	  7 C :      10.8501  ang^2
	  8 C :      10.6675  ang^2
	  9 H :      11.4577  ang^2
	 10 H :      11.7290  ang^2
	 11 H :      11.3606  ang^2
	 12 H :      11.7542  ang^2
	 13 H :      11.2061  ang^2
	 14 H :      13.0480  ang^2
	 15 H :      13.0534  ang^2
	 16 H :      10.1009  ang^2
	 17 H :      12.6814  ang^2

	*Total SASA (angs^2): 177.9105101173 


 Coulomb Radii:
	  1 N :       1.8900  ang
	  2 C :       1.8500  ang
	  3 C :       1.8500  ang
	  4 C :       1.8500  ang
	  5 C :       1.8500  ang
	  6 C :       1.8500  ang
	  7 C :       1.8500  ang
	  8 C :       1.8500  ang
	  9 H :       1.2000  ang
	 10 H :       1.2000  ang
	 11 H :       1.2000  ang
	 12 H :       1.2000  ang
	 13 H :       1.2000  ang
	 14 H :       1.2000  ang
	 15 H :       1.2000  ang
	 16 H :       1.2000  ang
	 17 H :       1.2000  ang
 Solvent Alpha                       : 1.1700000000 

 ## Effective Born Radius (bohr) ##
   0   4.3717074909 
   1   5.0807442286 
   2   4.9944852431 
   3   4.6776402998 
   4   4.6639733272 
   5   4.2850607209 
   6   4.4612724848 
   7   4.4668982964 
   8   3.3702994931 
   9   3.3811954263 
  10   3.3295234667 
  11   3.3420746509 
  12   3.2949378492 
  13   3.1978322812 
  14   3.2036215187 
  15   3.4685446700 
  16   3.2661115873 

 Effective Born Radii:
	  1 N :       2.3134  ang
	  2 C :       2.6886  ang
	  3 C :       2.6430  ang
	  4 C :       2.4753  ang
	  5 C :       2.4681  ang
	  6 C :       2.2676  ang
	  7 C :       2.3608  ang
	  8 C :       2.3638  ang
	  9 H :       1.7835  ang
	 10 H :       1.7893  ang
	 11 H :       1.7619  ang
	 12 H :       1.7685  ang
	 13 H :       1.7436  ang
	 14 H :       1.6922  ang
	 15 H :       1.6953  ang
	 16 H :       1.8355  ang
	 17 H :       1.7284  ang


 Coulomb Integrals:
	  1  1 :       0.2287  bohr^-1
	  1  2 :       0.1616  bohr^-1
	  1  3 :       0.1925  bohr^-1
	  1  4 :       0.1298  bohr^-1
	  1  5 :       0.1657  bohr^-1
	  1  6 :       0.1548  bohr^-1
	  1  7 :       0.1186  bohr^-1
	  1  8 :       0.1305  bohr^-1
	  1  9 :       0.1132  bohr^-1
	  1 10 :       0.1707  bohr^-1
	  1 11 :       0.1605  bohr^-1
	  1 12 :       0.1646  bohr^-1
	  1 13 :       0.1284  bohr^-1
	  1 14 :       0.0992  bohr^-1
	  1 15 :       0.1135  bohr^-1
	  1 16 :       0.2368  bohr^-1
	  1 17 :       0.2428  bohr^-1
	  2  1 :       0.1616  bohr^-1
	  2  2 :       0.1968  bohr^-1
	  2  3 :       0.1807  bohr^-1
	  2  4 :       0.1861  bohr^-1
	  2  5 :       0.1589  bohr^-1
	  2  6 :       0.1898  bohr^-1
	  2  7 :       0.1606  bohr^-1
	  2  8 :       0.1503  bohr^-1
	  2  9 :       0.1841  bohr^-1
	  2 10 :       0.1410  bohr^-1
	  2 11 :       0.1834  bohr^-1
	  2 12 :       0.1835  bohr^-1
	  2 13 :       0.1847  bohr^-1
	  2 14 :       0.1420  bohr^-1
	  2 15 :       0.1285  bohr^-1
	  2 16 :       0.1653  bohr^-1
	  2 17 :       0.1451  bohr^-1
	  3  1 :       0.1925  bohr^-1
	  3  2 :       0.1807  bohr^-1
	  3  3 :       0.2002  bohr^-1
	  3  4 :       0.1600  bohr^-1
	  3  5 :       0.1874  bohr^-1
	  3  6 :       0.1605  bohr^-1
	  3  7 :       0.1509  bohr^-1
	  3  8 :       0.1617  bohr^-1
	  3  9 :       0.1419  bohr^-1
	  3 10 :       0.1843  bohr^-1
	  3 11 :       0.1584  bohr^-1
	  3 12 :       0.1599  bohr^-1
	  3 13 :       0.1411  bohr^-1
	  3 14 :       0.1288  bohr^-1
	  3 15 :       0.1426  bohr^-1
	  3 16 :       0.1868  bohr^-1
	  3 17 :       0.1905  bohr^-1
	  4  1 :       0.1298  bohr^-1
	  4  2 :       0.1861  bohr^-1
	  4  3 :       0.1600  bohr^-1
	  4  4 :       0.2138  bohr^-1
	  4  5 :       0.1529  bohr^-1
	  4  6 :       0.1633  bohr^-1
	  4  7 :       0.1962  bohr^-1
	  4  8 :       0.1655  bohr^-1
	  4  9 :       0.2302  bohr^-1
	  4 10 :       0.1300  bohr^-1
	  4 11 :       0.1480  bohr^-1
	  4 12 :       0.1472  bohr^-1
	  4 13 :       0.1702  bohr^-1
	  4 14 :       0.1904  bohr^-1
	  4 15 :       0.1443  bohr^-1
	  4 16 :       0.1259  bohr^-1
	  4 17 :       0.1158  bohr^-1
	  5  1 :       0.1657  bohr^-1
	  5  2 :       0.1589  bohr^-1
	  5  3 :       0.1874  bohr^-1
	  5  4 :       0.1529  bohr^-1
	  5  5 :       0.2144  bohr^-1
	  5  6 :       0.1274  bohr^-1
	  5  7 :       0.1654  bohr^-1
	  5  8 :       0.1964  bohr^-1
	  5  9 :       0.1301  bohr^-1
	  5 10 :       0.2302  bohr^-1
	  5 11 :       0.1213  bohr^-1
	  5 12 :       0.1223  bohr^-1
	  5 13 :       0.1127  bohr^-1
	  5 14 :       0.1442  bohr^-1
	  5 15 :       0.1909  bohr^-1
	  5 16 :       0.1464  bohr^-1
	  5 17 :       0.1726  bohr^-1
	  6  1 :       0.1548  bohr^-1
	  6  2 :       0.1898  bohr^-1
	  6  3 :       0.1605  bohr^-1
	  6  4 :       0.1633  bohr^-1
	  6  5 :       0.1274  bohr^-1
	  6  6 :       0.2334  bohr^-1
	  6  7 :       0.1280  bohr^-1
	  6  8 :       0.1165  bohr^-1
	  6  9 :       0.1690  bohr^-1
	  6 10 :       0.1109  bohr^-1
	  6 11 :       0.2394  bohr^-1
	  6 12 :       0.2392  bohr^-1
	  6 13 :       0.2408  bohr^-1
	  6 14 :       0.1112  bohr^-1
	  6 15 :       0.0974  bohr^-1
	  6 16 :       0.1746  bohr^-1
	  6 17 :       0.1314  bohr^-1
	  7  1 :       0.1186  bohr^-1
	  7  2 :       0.1606  bohr^-1
	  7  3 :       0.1509  bohr^-1
	  7  4 :       0.1962  bohr^-1
	  7  5 :       0.1654  bohr^-1
	  7  6 :       0.1280  bohr^-1
	  7  7 :       0.2242  bohr^-1
	  7  8 :       0.1998  bohr^-1
	  7  9 :       0.1904  bohr^-1
	  7 10 :       0.1440  bohr^-1
	  7 11 :       0.1154  bohr^-1
	  7 12 :       0.1153  bohr^-1
	  7 13 :       0.1265  bohr^-1
	  7 14 :       0.2400  bohr^-1
	  7 15 :       0.1926  bohr^-1
	  7 16 :       0.1091  bohr^-1
	  7 17 :       0.1100  bohr^-1
	  8  1 :       0.1305  bohr^-1
	  8  2 :       0.1503  bohr^-1
	  8  3 :       0.1617  bohr^-1
	  8  4 :       0.1655  bohr^-1
	  8  5 :       0.1964  bohr^-1
	  8  6 :       0.1165  bohr^-1
	  8  7 :       0.1998  bohr^-1
	  8  8 :       0.2239  bohr^-1
	  8  9 :       0.1444  bohr^-1
	  8 10 :       0.1901  bohr^-1
	  8 11 :       0.1074  bohr^-1
	  8 12 :       0.1078  bohr^-1
	  8 13 :       0.1081  bohr^-1
	  8 14 :       0.1925  bohr^-1
	  8 15 :       0.2397  bohr^-1
	  8 16 :       0.1154  bohr^-1
	  8 17 :       0.1283  bohr^-1
	  9  1 :       0.1132  bohr^-1
	  9  2 :       0.1841  bohr^-1
	  9  3 :       0.1419  bohr^-1
	  9  4 :       0.2302  bohr^-1
	  9  5 :       0.1301  bohr^-1
	  9  6 :       0.1690  bohr^-1
	  9  7 :       0.1904  bohr^-1
	  9  8 :       0.1444  bohr^-1
	  9  9 :       0.2967  bohr^-1
	  9 10 :       0.1065  bohr^-1
	  9 11 :       0.1466  bohr^-1
	  9 12 :       0.1450  bohr^-1
	  9 13 :       0.1942  bohr^-1
	  9 14 :       0.1889  bohr^-1
	  9 15 :       0.1218  bohr^-1
	  9 16 :       0.1113  bohr^-1
	  9 17 :       0.0980  bohr^-1
	 10  1 :       0.1707  bohr^-1
	 10  2 :       0.1410  bohr^-1
	 10  3 :       0.1843  bohr^-1
	 10  4 :       0.1300  bohr^-1
	 10  5 :       0.2302  bohr^-1
	 10  6 :       0.1109  bohr^-1
	 10  7 :       0.1440  bohr^-1
	 10  8 :       0.1901  bohr^-1
	 10  9 :       0.1065  bohr^-1
	 10 10 :       0.2958  bohr^-1
	 10 11 :       0.1061  bohr^-1
	 10 12 :       0.1072  bohr^-1
	 10 13 :       0.0954  bohr^-1
	 10 14 :       0.1216  bohr^-1
	 10 15 :       0.1892  bohr^-1
	 10 16 :       0.1418  bohr^-1
	 10 17 :       0.1931  bohr^-1
	 11  1 :       0.1605  bohr^-1
	 11  2 :       0.1834  bohr^-1
	 11  3 :       0.1584  bohr^-1
	 11  4 :       0.1480  bohr^-1
	 11  5 :       0.1213  bohr^-1
	 11  6 :       0.2394  bohr^-1
	 11  7 :       0.1154  bohr^-1
	 11  8 :       0.1074  bohr^-1
	 11  9 :       0.1466  bohr^-1
	 11 10 :       0.1061  bohr^-1
	 11 11 :       0.3003  bohr^-1
	 11 12 :       0.2261  bohr^-1
	 11 13 :       0.2271  bohr^-1
	 11 14 :       0.0987  bohr^-1
	 11 15 :       0.0896  bohr^-1
	 11 16 :       0.1956  bohr^-1
	 11 17 :       0.1360  bohr^-1
	 12  1 :       0.1646  bohr^-1
	 12  2 :       0.1835  bohr^-1
	 12  3 :       0.1599  bohr^-1
	 12  4 :       0.1472  bohr^-1
	 12  5 :       0.1223  bohr^-1
	 12  6 :       0.2392  bohr^-1
	 12  7 :       0.1153  bohr^-1
	 12  8 :       0.1078  bohr^-1
	 12  9 :       0.1450  bohr^-1
	 12 10 :       0.1072  bohr^-1
	 12 11 :       0.2261  bohr^-1
	 12 12 :       0.2992  bohr^-1
	 12 13 :       0.2264  bohr^-1
	 12 14 :       0.0984  bohr^-1
	 12 15 :       0.0899  bohr^-1
	 12 16 :       0.1868  bohr^-1
	 12 17 :       0.1351  bohr^-1
	 13  1 :       0.1284  bohr^-1
	 13  2 :       0.1847  bohr^-1
	 13  3 :       0.1411  bohr^-1
	 13  4 :       0.1702  bohr^-1
	 13  5 :       0.1127  bohr^-1
	 13  6 :       0.2408  bohr^-1
	 13  7 :       0.1265  bohr^-1
	 13  8 :       0.1081  bohr^-1
	 13  9 :       0.1942  bohr^-1
	 13 10 :       0.0954  bohr^-1
	 13 11 :       0.2271  bohr^-1
	 13 12 :       0.2264  bohr^-1
	 13 13 :       0.3035  bohr^-1
	 13 14 :       0.1122  bohr^-1
	 13 15 :       0.0901  bohr^-1
	 13 16 :       0.1407  bohr^-1
	 13 17 :       0.1068  bohr^-1
	 14  1 :       0.0992  bohr^-1
	 14  2 :       0.1420  bohr^-1
	 14  3 :       0.1288  bohr^-1
	 14  4 :       0.1904  bohr^-1
	 14  5 :       0.1442  bohr^-1
	 14  6 :       0.1112  bohr^-1
	 14  7 :       0.2400  bohr^-1
	 14  8 :       0.1925  bohr^-1
	 14  9 :       0.1889  bohr^-1
	 14 10 :       0.1216  bohr^-1
	 14 11 :       0.0987  bohr^-1
	 14 12 :       0.0984  bohr^-1
	 14 13 :       0.1122  bohr^-1
	 14 14 :       0.3127  bohr^-1
	 14 15 :       0.1896  bohr^-1
	 14 16 :       0.0909  bohr^-1
	 14 17 :       0.0914  bohr^-1
	 15  1 :       0.1135  bohr^-1
	 15  2 :       0.1285  bohr^-1
	 15  3 :       0.1426  bohr^-1
	 15  4 :       0.1443  bohr^-1
	 15  5 :       0.1909  bohr^-1
	 15  6 :       0.0974  bohr^-1
	 15  7 :       0.1926  bohr^-1
	 15  8 :       0.2397  bohr^-1
	 15  9 :       0.1218  bohr^-1
	 15 10 :       0.1892  bohr^-1
	 15 11 :       0.0896  bohr^-1
	 15 12 :       0.0899  bohr^-1
	 15 13 :       0.0901  bohr^-1
	 15 14 :       0.1896  bohr^-1
	 15 15 :       0.3121  bohr^-1
	 15 16 :       0.0980  bohr^-1
	 15 17 :       0.1131  bohr^-1
	 16  1 :       0.2368  bohr^-1
	 16  2 :       0.1653  bohr^-1
	 16  3 :       0.1868  bohr^-1
	 16  4 :       0.1259  bohr^-1
	 16  5 :       0.1464  bohr^-1
	 16  6 :       0.1746  bohr^-1
	 16  7 :       0.1091  bohr^-1
	 16  8 :       0.1154  bohr^-1
	 16  9 :       0.1113  bohr^-1
	 16 10 :       0.1418  bohr^-1
	 16 11 :       0.1956  bohr^-1
	 16 12 :       0.1868  bohr^-1
	 16 13 :       0.1407  bohr^-1
	 16 14 :       0.0909  bohr^-1
	 16 15 :       0.0980  bohr^-1
	 16 16 :       0.2883  bohr^-1
	 16 17 :       0.2302  bohr^-1
	 17  1 :       0.2428  bohr^-1
	 17  2 :       0.1451  bohr^-1
	 17  3 :       0.1905  bohr^-1
	 17  4 :       0.1158  bohr^-1
	 17  5 :       0.1726  bohr^-1
	 17  6 :       0.1314  bohr^-1
	 17  7 :       0.1100  bohr^-1
	 17  8 :       0.1283  bohr^-1
	 17  9 :       0.0980  bohr^-1
	 17 10 :       0.1931  bohr^-1
	 17 11 :       0.1360  bohr^-1
	 17 12 :       0.1351  bohr^-1
	 17 13 :       0.1068  bohr^-1
	 17 14 :       0.0914  bohr^-1
	 17 15 :       0.1131  bohr^-1
	 17 16 :       0.2302  bohr^-1
	 17 17 :       0.3062  bohr^-1
    ===> SCF Iteration Started <===

     Iter. |                   Energy |       Delta E |          Drms |
    -------|--------------------------|---------------|---------------|
         1 |      -324.26666993288728 |    -3.243e+02 |     1.159e-02 |
         2 |      -324.60744211306945 |    -3.408e-01 |     3.258e-03 | DIIS
         3 |      -324.77112421640601 |    -1.637e-01 |     1.143e-03 | DIIS
         4 |      -324.79447958945690 |    -2.336e-02 |     3.070e-04 | DIIS
         5 |      -324.79604277470054 |    -1.563e-03 |     5.546e-05 | DIIS
         6 |      -324.79610476418151 |    -6.199e-05 |     1.849e-05 | DIIS
         7 |      -324.79611707044529 |    -1.231e-05 |     9.914e-06 | DIIS
         8 |      -324.79611858365666 |    -1.513e-06 |     4.142e-06 | DIIS
         9 |      -324.79611862188887 |    -3.823e-08 |     8.256e-07 | DIIS
        10 |      -324.79611859624339 |     2.565e-08 |     1.170e-06 | DIIS
        11 |      -324.79611866829254 |    -7.205e-08 |     2.673e-07 | DIIS
        12 |      -324.79611868271473 |    -1.442e-08 |     1.424e-07 | DIIS
        13 |      -324.79611868064427 |     2.070e-09 |     4.994e-08 | DIIS


	-Alpha Occupied Orbital Energies (au):  
	 1: -15.5368307843 	 2: -11.2456489662 	 3: -11.2038833256 	 4: -11.2036350915 	 5: -11.2029004916 
	 6: -11.2014625697 	 7: -11.1944713009 	 8: -11.1903680197 	 9: -1.1950887280 	10: -1.0985846801 
	11: -1.0132754721 	12: -0.9589944219 	13: -0.9011345105 	14: -0.7933787935 	15: -0.7667882547 
	16: -0.6659554984 	17: -0.6590207848 	18: -0.6124656170 	19: -0.5720226972 	20: -0.5602165737 
	21: -0.5504426932 	22: -0.5359890477 	23: -0.5131707104 	24: -0.4851069347 	25: -0.4638972319 
	26: -0.4507723442 	27: -0.4156459056 	28: -0.2974216844 	29: -0.2582405878 
	-Alpha Virtual Orbital Energies (au):  
	30: 0.1706664459 	31: 0.1849556168 	32: 0.1973208172 	33: 0.2133609890 	34: 0.2202016543 
	35: 0.2507529618 	36: 0.2583404136 	37: 0.2778040768 	38: 0.2838044511 	39: 0.3025460769 
	40: 0.3213711670 	41: 0.3976203858 	42: 0.3997752100 	43: 0.4522377581 	44: 0.4771478345 
	45: 0.5028677291 	46: 0.5291464459 	47: 0.5373264278 	48: 0.6029132366 	49: 0.6329770737 
	50: 0.6482928261 	51: 0.6776479728 	52: 0.6952523342 	53: 0.7114092650 	54: 0.7219933751 
	55: 0.7500424365 	56: 0.7522202636 	57: 0.7634960992 	58: 0.7689239515 	59: 0.7803459230 
	60: 0.7902497871 	61: 0.8149590424 	62: 0.8181794983 	63: 0.8320356443 	64: 0.8651279956 
	65: 0.8817325912 	66: 0.8939119678 	67: 0.8977608290 	68: 0.9180815936 	69: 0.9232812190 
	70: 0.9515179247 	71: 0.9530802971 	72: 0.9678809087 	73: 0.9737898598 	74: 1.0201979723 
	75: 1.0268975425 	76: 1.0513389484 	77: 1.0956386036 	78: 1.1214825524 	79: 1.1429922218 
	80: 1.1639839136 	81: 1.1834446403 	82: 1.1882964035 	83: 1.2060586959 	84: 1.2266192841 
	85: 1.2413360451 	86: 1.2639678545 	87: 1.2695236572 	88: 1.3188288830 	89: 1.3226924722 
	90: 1.3411171424 	91: 1.3510650993 	92: 1.4421336564 	93: 1.4817850374 	94: 1.5152346687 
	95: 1.5590213520 	96: 1.5995147813 	97: 1.6877292757 	98: 1.6947649635 	99: 1.7118755221 
	100: 1.7429116430 	101: 1.7538061757 	102: 1.7617539479 	103: 1.7793548568 	104: 1.8040957753 
	105: 1.8219503853 	106: 1.8769759756 	107: 1.8826830479 	108: 1.8930620507 	109: 1.9160113151 
	110: 1.9216937086 	111: 1.9271597758 	112: 1.9404974367 	113: 1.9536467462 	114: 1.9911236649 
	115: 2.0147956276 	116: 2.0228997339 	117: 2.0342539942 	118: 2.0493312043 	119: 2.0700480688 
	120: 2.0782361549 	121: 2.0967220640 	122: 2.1185613478 	123: 2.1645000447 	124: 2.1745044647 
	125: 2.1763137155 	126: 2.2048966922 	127: 2.2260039623 	128: 2.2361668642 	129: 2.2560265524 
	130: 2.3266651718 	131: 2.3432619024 	132: 2.3676014995 	133: 2.3794841464 	134: 2.4036298055 
	135: 2.4646120959 	136: 2.5096726552 	137: 2.5414610509 	138: 2.5756842983 	139: 2.6068567157 
	140: 2.6208634422 	141: 2.7481308952 	142: 2.7558356817 	143: 2.7787528399 	144: 2.8128270055 
	145: 2.8235329507 	146: 2.8675158410 	147: 2.8805630723 	148: 2.9439612207 	149: 3.0140813130 
	150: 3.0416345946 	151: 3.0516866353 	152: 3.1236658989 	153: 3.1541388239 	154: 3.2262975692 
	155: 3.2966582062 	156: 3.5804737568 	157: 3.9379617972 


	-Mulliken Population Analysis for SCF:
	 1: -0.2474370212 	 2: -0.2306609446 	 3: 0.0295432894 	 4: 0.0314405653 	 5: -0.0001498853 
	 6: 0.0745332917 	 7: -0.0303603765 	 8: 0.0076719919 	 9: 0.0089931668 	10: 0.0090966710 
	11: 0.0350024639 	12: 0.0481584348 	13: 0.0308502642 	14: 0.0091716019 	15: 0.0158125414 
	16: 0.1061364324 	17: 0.1021975129 

	-Lowdin Population Analysis for SCF:  
	 1: 0.0149637784 	 2: -0.0709690545 	 3: -0.0085348312 	 4: -0.0142064426 	 5: -0.0688209507 
	 6: -0.0392559424 	 7: -0.0638048346 	 8: -0.0144299851 	 9: 0.0247550337 	10: 0.0200641317 
	11: 0.0219200512 	12: 0.0280807834 	13: 0.0277954989 	14: 0.0214311913 	15: 0.0257084185 
	16: 0.0464544686 	17: 0.0488486854 

	-Electronic Dipole Moment: (e a0)  
	 X:  -3.08066   Y:  -1.58483   Z:  -0.13922   Total:  3.46721 

	-Electronic Dipole Moment: (D)  
	 X:  -7.83026   Y:  -4.02823   Z:  -0.35386   Total:  8.81276 

	-Total Dipole Moment: (e a0)  
	 X:  0.44046   Y:  -0.23102   Z:  0.38254   Total:  0.62746 

	-Total Dipole Moment: (D)  
	 X:  1.11953   Y:  -0.58719   Z:  0.97232   Total:  1.59485 



	Initializing Liboeprop (by U. Bozkaya) ...


	-Mulliken Population Analysis for SCF-IAO:
	 1: -0.5457942962 	 2: -0.0415928189 	 3: 0.1618154796 	 4: -0.1230203245 	 5: -0.2013521562 
	 6: -0.3635319031 	 7: -0.1795562376 	 8: -0.1161287305 	 9: 0.1310523147 	10: 0.1264623088 
	11: 0.1146588725 	12: 0.1275287961 	13: 0.1282635903 	14: 0.1324254812 	15: 0.1358568696 
	16: 0.2566811107 	17: 0.2564022529 

	-Lowdin Population Analysis for SCF-IAO:  
	 1: -0.5457942962 	 2: -0.0415928189 	 3: 0.1618154796 	 4: -0.1230203245 	 5: -0.2013521562 
	 6: -0.3635319031 	 7: -0.1795562376 	 8: -0.1161287305 	 9: 0.1310523147 	10: 0.1264623088 
	11: 0.1146588725 	12: 0.1275287961 	13: 0.1282635903 	14: 0.1324254812 	15: 0.1358568696 
	16: 0.2566811107 	17: 0.2564022529 

	Initializing Liblocal (by U. Bozkaya) ...
  ==> Pipek-Mezey Localizer <==

    Convergence =   1.000E-08
    Maxiter     =          50

    Iteration                   Metric       Residual
    PM    0   1.5856696934955092E+01              -
    PM    1   3.0291651026089998E+01   9.103380E-01
    PM    2   3.6323548930217946E+01   1.991274E-01
    PM    3   3.6658442487698117E+01   9.219737E-03
    PM    4   3.6675144044009215E+01   4.555992E-04
    PM    5   3.6681792684477664E+01   1.812846E-04
    PM    6   3.6684110625445456E+01   6.319050E-05
    PM    7   3.6685182614148786E+01   2.922215E-05
    PM    8   3.6685471458877451E+01   7.873607E-06
    PM    9   3.6685651912727259E+01   4.918946E-06
    PM   10   3.6685709464566948E+01   1.568783E-06
    PM   11   3.6685741683455454E+01   8.782408E-07
    PM   12   3.6685754824029729E+01   3.581930E-07
    PM   13   3.6685762720252484E+01   2.152395E-07
    PM   14   3.6685765139638903E+01   6.594892E-08
    PM   15   3.6685766257714469E+01   3.047710E-08
    PM   16   3.6685766755866190E+01   1.357888E-08
    PM   17   3.6685766941801035E+01   5.068310E-09

    PM Localizer converged.



	*Molecular contr. to CDS energy:       0.0000  kcal/mol
	*Total CDS energy:       3.3090  kcal/mol
	*SCF::Polarization Free Energy (au)      : -0.0043262733 
	*SCF::Polarization Free Energy (kcal/mol):      -2.7148 
	*SCF::CDS Free Energy (au)      : 0.0052732454 
	*SCF::CDS Free Energy (kcal/mol):       3.3090 
	*SCF::Total Solvation Free Energy (au)      : 0.0009469721 
	*SCF::Total Solvation Free Energy (kcal/mol):       0.5942 
 CC-PVDZ primary basis set file will be read for the N atom...
 CC-PVDZ primary basis set file will be read for the C atom...
 CC-PVDZ primary basis set file will be read for the H atom...
 Nmaxthread: 16 
 Nshell: 75 
 Lmax:  2 
 Npmax:  8 
 Nao: 157 
 Ndocc: 29 
 Nsocc:  0 
 NoccA: 29 
 NoccB: 29 
 Primary basis set info has been read.

 CC-PVDZ-JKFIT aux basis set file will be read for the N atom...
 CC-PVDZ-JKFIT aux basis set file will be read for the C atom...
 CC-PVDZ-JKFIT aux basis set file will be read for the H atom...
 Nshell_aux: 273 
 Naux: 767 
 Aux basis set info has been read.


	*Total SCF Energy: -324.79611868064427

 Cpu time for SCF :       0.9933 minutes
 Wall time for SCF:       0.2791 minutes


	MO spaces... 

	 FC   OCC   VIR   FV 
	----------------------
	  8   21   128    0


	Libtrans is initialized (by U. Bozkaya) ...

 ============================================================================== 
 ============================================================================== 
 ============================================================================== 

                       DF-MP2   
              Program Written by Ugur Bozkaya
              Latest Revision May 2, 2021

 ============================================================================== 
 ============================================================================== 
 ============================================================================== 

	For this residual convergence, default PCG convergence is:     1.00e-07
    Warning: "PCG_CONVERGENCE" option is changed to     1.00e-07


  ## DFOCC Options ##

  | TYPE         | KEY                      | INPUT? | VALUE              | DEFAULT            
  |--------------|--------------------------|--------|--------------------|--------------------
  | BOOL         | EOM                      | NO     | FALSE              | FALSE              
  | BOOL         | EOM_MP2                  | NO     | FALSE              | FALSE              
  | BOOL         | EOM_MP3                  | NO     | FALSE              | FALSE              
  | BOOL         | EOM_MP2_5                | NO     | FALSE              | FALSE              
  | BOOL         | EOM_LCCD                 | NO     | FALSE              | FALSE              
  | BOOL         | LOW_MEM_MP2              | NO     | FALSE              | FALSE              
  | BOOL         | LOW_MEM_MP3              | NO     | FALSE              | FALSE              
  | BOOL         | CD_PRESCREEN             | NO     | FALSE              | FALSE              
  | DOUBLE       | CIS_E_CONV               | NO     | 1e-06              | 1e-06              
  | DOUBLE       | CIS_R_CONV               | NO     | 1e-06              | 1e-06              
  | DOUBLE       | CIS_RES_PRECONDITION_TOL | NO     | 0.0001             | 0.0001             
  | DOUBLE       | DAVIDSON_TOLERANCE       | NO     | 1e-06              | 1e-06              
  | DOUBLE       | E3_SCALE                 | NO     | 0.25               | 0.25               
  | DOUBLE       | E_CONVERGENCE            | NO     | 1e-06              | 1e-06              
  | DOUBLE       | JK_MEMORY                | NO     | 1000000000.0       | 1000000000.0       
  | DOUBLE       | LEVEL_SHIFT              | NO     | 0.02               | 0.02               
  | DOUBLE       | MAX_MOGRAD_CONVERGENCE   | NO     | 0.001              | 0.001              
  | DOUBLE       | MO_STEP_MAX              | NO     | 0.5                | 0.5                
  | DOUBLE       | MP2_OS_SCALE             | NO     | 1.2                | 1.2                
  | DOUBLE       | MP2_SOS_SCALE            | NO     | 1.3                | 1.3                
  | DOUBLE       | MP2_SOS_SCALE2           | NO     | 1.2                | 1.2                
  | DOUBLE       | MP2_SS_SCALE             | NO     | 0.3333333333333333 | 0.3333333333333333 
  | DOUBLE       | OCC_PERCENTAGE           | NO     | 99.0               | 99.0               
  | DOUBLE       | OCC_TOLERANCE            | NO     | 1e-05              | 1e-05              
  | DOUBLE       | OO_SCALE                 | NO     | 0.01               | 0.01               
  | DOUBLE       | PCG_CONVERGENCE          | NO     | 1e-06              | 1e-06              
  | DOUBLE       | R_CONVERGENCE            | NO     | 1e-05              | 1e-05              
  | DOUBLE       | REG_PARAM                | NO     | 0.4                | 0.4                
  | DOUBLE       | KAPPA_REG_PARAM          | NO     | 1.1                | 1.1                
  | DOUBLE       | RMS_MOGRAD_CONVERGENCE   | NO     | 1e-06              | 1e-06              
  | DOUBLE       | SCG_TOLERANCE            | NO     | 1e-06              | 1e-06              
  | DOUBLE       | SCHMIDT_ADD_RES_TOL      | NO     | 0.001              | 0.001              
  | INT          | ACTIVE_NAT_ORBS          | NO     | 2                  | 2                  
  | INT          | CC_DIIS_MAX_VECS         | NO     | 6                  | 6                  
  | INT          | CC_DIIS_MIN_VECS         | NO     | 2                  | 2                  
  | INT          | CC_MAXITER               | NO     | 50                 | 50                 
  | INT          | CUTOFF                   | NO     | 8                  | 8                  
  | INT          | EXCITATION_RANGE         | NO     | 2                  | 2                  
  | INT          | FOLLOW_ROOT              | NO     | 1                  | 1                  
  | INT          | INTEGRAL_CUTOFF          | NO     | 9                  | 9                  
  | INT          | MAX_VECS                 | NO     | 50                 | 50                 
  | INT          | MO_DIIS_NUM_VECS         | NO     | 6                  | 6                  
  | INT          | MO_MAXITER               | NO     | 50                 | 50                 
  | INT          | NUM_ROOTS                | NO     | 4                  | 4                  
  | INT          | PCG_MAXITER              | NO     | 50                 | 50                 
  | INT          | PRINT_LEVEL              | NO     | 0                  | 0                  
  | INT          | VECS_PER_ROOT            | NO     | 1                  | 1                  
  | STRING       | CC_LAMBDA                | NO     | FALSE              | FALSE              
  | STRING       | CHOLESKY                 | NO     | FALSE              | FALSE              
  | STRING       | CIS_ALGORITHM            | NO     | MO_BASIS           | MO_BASIS           
  | STRING       | CIS_GUESS_COEFF          | NO     | MIX                | MIX                
  | STRING       | COMPUT_S2                | NO     | FALSE              | FALSE              
  | STRING       | DIAG_METHOD              | NO     | DAVIDSON           | DAVIDSON           
  | STRING       | DO_DIIS                  | NO     | TRUE               | TRUE               
  | STRING       | DO_LEVEL_SHIFT           | NO     | TRUE               | TRUE               
  | STRING       | DO_SCS                   | NO     | FALSE              | FALSE              
  | STRING       | DO_SOS                   | NO     | FALSE              | FALSE              
  | STRING       | EKT_IP                   | NO     | FALSE              | FALSE              
  | STRING       | FREEZE_CORE              | NO     | TRUE               | TRUE               
  | STRING       | HESS_TYPE                | NO     | HF                 | HF                 
  | STRING       | JK_TYPE                  | NO     | DIRECT             | DIRECT             
  | STRING       | LINEQ_SOLVER             | NO     | CDGESV             | CDGESV             
  | STRING       | MO_READ                  | NO     | FALSE              | FALSE              
  | STRING       | MO_WRITE                 | NO     | FALSE              | FALSE              
  | STRING       | MP2_AMP_TYPE             | NO     | DIRECT             | DIRECT             
  | STRING       | NAT_ORBS                 | NO     | FALSE              | FALSE              
  | STRING       | NBO                      | NO     | TRUE               | TRUE               
  | STRING       | OCC_ORBS_PRINT           | NO     | FALSE              | FALSE              
  | STRING       | OEPROP                   | NO     | FALSE              | FALSE              
  | STRING       | OPT_METHOD               | NO     | QNR                | QNR                
  | STRING       | ORB_RESP_SOLVER          | NO     | PCG                | PCG                
  | STRING       | ORTH_TYPE                | NO     | MGS                | MGS                
  | STRING       | PCG_BETA_TYPE            | NO     | FLETCHER_REEVES    | FLETCHER_REEVES    
  | STRING       | PPL_TYPE                 | NO     | AUTO               | AUTO               
  | STRING       | PRINT_CI_VECS            | NO     | FALSE              | FALSE              
  | STRING       | QCHF                     | NO     | FALSE              | FALSE              
  | STRING       | READ_SCF_3INDEX          | NO     | TRUE               | TRUE               
  | STRING       | REGULARIZATION           | NO     | FALSE              | FALSE              
  | STRING       | REG_TYPE                 | NO     | NORMAL             | NORMAL             
  | STRING       | SCS_TYPE                 | NO     | SCS                | SCS                
  | STRING       | SOS_TYPE                 | NO     | SOS                | SOS                
  | STRING       | TRIPLES_IABC_TYPE        | NO     | DISK               | DISK               
  | STRING       | UNIT_GUESS_TYPE          | NO     | GEN                | GEN                
  | STRING       | EKT_NEGATIVE_OCC         | NO     | ABS                | ABS                
  | BOOL         | SOLVATION                | YES    | TRUE               | FALSE              

	MO spaces... 

	 FC   OCC   VIR   FV 
	----------------------
	  8   21   128    0
 CC-PVDZ primary basis set file will be read for the N atom...
 CC-PVDZ primary basis set file will be read for the C atom...
 CC-PVDZ primary basis set file will be read for the H atom...
 Nmaxthread: 16 
 Nshell: 75 
 Lmax:  2 
 Npmax:  8 
 Nao: 157 
 Ndocc: 29 
 Nsocc:  0 
 NoccA: 29 
 NoccB: 29 
 Primary basis set info has been read.

 CC-PVDZ-RI aux basis set file will be read for the N atom...
 CC-PVDZ-RI aux basis set file will be read for the C atom...
 CC-PVDZ-RI aux basis set file will be read for the H atom...
 Nshell_aux: 198 
 Naux: 574 
 Aux basis set info has been read.

 Cpu time for Metric ints :       0.3300 s
 Wall time for Metric ints:       0.0792 s
 3-Index Algorithm: AUTO 

 Calling fortran integrals: ringing... 
 Done with fintegrals.

 Cpu time for 3-index ints :       2.1100 s
 Wall time for 3-index ints:       0.6110 s
 Cpu time for df-factors :       0.4600 s
 Wall time for df-factors:       0.1168 s
 CC-PVDZ primary basis set file will be read for the N atom...
 CC-PVDZ primary basis set file will be read for the C atom...
 CC-PVDZ primary basis set file will be read for the H atom...
 Nmaxthread: 16 
 Nshell: 75 
 Lmax:  2 
 Npmax:  8 
 Nao: 157 
 Ndocc: 29 
 Nsocc:  0 
 NoccA: 29 
 NoccB: 29 
 Primary basis set info has been read.

 CC-PVDZ-JKFIT aux basis set file will be read for the N atom...
 CC-PVDZ-JKFIT aux basis set file will be read for the C atom...
 CC-PVDZ-JKFIT aux basis set file will be read for the H atom...
 Nshell_aux: 273 
 Naux: 767 
 Aux basis set info has been read.

	Reading DF integrals from disk ...
 Cpu time for Metric ints :       0.5900 s
 Wall time for Metric ints:       0.1467 s
	Number of basis functions in the DF-HF basis: 767
	Number of basis functions in the DF-CC basis: 574

	Available memory                      :  30000.00 MB 
	Minimum required memory for amplitudes:    173.41 MB 
	Memory requirement for B-CC (Q|mu nu) :    113.19 MB 
	Memory requirement for B-CC (Q|ab)    :     75.24 MB 
	Memory requirement for DF-CC int trans:    205.47 MB 

	Computing DF-MP2 energy using SCF MOs (Canonical DF-MP2)... 
	======================================================================= 
	Nuclear Repulsion Energy (a.u.)    :   348.81176546863310
	DF-HF Energy (a.u.)                :  -324.79611868064427
	REF Energy (a.u.)                  :  -324.79611868064427
	DF-MP2 Correlation Energy (a.u.)   :    -1.10699527727846
	DF-MP2 Total Energy (a.u.)         :  -325.90311395792270
	======================================================================= 

	*Total MP2 Energy: -325.90311395792270

	Computing unrelaxed response density matrices...
	Number of independent-pairs: 3712
	Computing the generalized Fock matrix (GFM)...
	Computing the orbital gradient...
	Forming effective orbital gradient...
	Solving orbital Z-vector equations...

	            PCG Solver 
	   ------------------------------ 
	Iter     RMS Z Vector        RMS Residual  
	----    ---------------    ---------------
	  1         1.35e-03         7.64e-04
	  2         5.06e-04         4.36e-04
	  3         2.28e-04         9.61e-05
	  4         6.12e-05         3.98e-05
	  5         2.03e-05         1.21e-05
	  6         1.31e-05         6.94e-06
	  7         3.99e-06         2.39e-06
	  8         1.02e-06         6.52e-07
	  9         2.68e-07         1.82e-07
	 10         6.49e-08         6.45e-08

	Computing the relaxed PDMs and GFM...
	Compute solv. is starting ...

	Initializing Liboeprop (by U. Bozkaya) ...


	-Mulliken Population Analysis for MP2-IAO:
	 1: -0.3386188220 	 2: 0.1394348876 	 3: 0.2946120037 	 4: -0.0629468059 	 5: -0.1175532697 
	 6: -0.2267910137 	 7: -0.1412811848 	 8: -0.0921708002 	 9: 0.0649837843 	10: 0.0617872803 
	11: 0.0618080518 	12: 0.0741054812 	13: 0.0828649451 	14: 0.0570866147 	15: 0.0584201058 
	16: 0.2019197326 	17: 0.1952303723 

	-Lowdin Population Analysis for MP2-IAO:  
	 1: -0.3386188220 	 2: 0.1394348876 	 3: 0.2946120037 	 4: -0.0629468059 	 5: -0.1175532697 
	 6: -0.2267910137 	 7: -0.1412811848 	 8: -0.0921708002 	 9: 0.0649837843 	10: 0.0617872803 
	11: 0.0618080518 	12: 0.0741054812 	13: 0.0828649451 	14: 0.0570866147 	15: 0.0584201058 
	16: 0.2019197326 	17: 0.1952303723 


  ## SOLVATION Options ##

  | TYPE         | KEY                      | INPUT? | VALUE              | DEFAULT            
  |--------------|--------------------------|--------|--------------------|--------------------
  | INT          | NUM_Z_POINTS             | NO     | 90                 | 90                 
  | INT          | NUM_ANG_POINTS           | YES    | 100                | 100                
  | STRING       | SASA_TYPE                | YES    | NUMERIC            | NUMERIC            
  | STRING       | CHARGE_TYPE              | YES    | IAO_MULLIKEN       | IAO_MULLIKEN       
  | STRING       | CDS_TYPE                 | YES    | SMD                | SMD                
  | STRING       | SOLVENT                  | YES    | WATER              | WATER              
  | STRING       | SOLVENT_PARAMS           | YES    | MN21               | SM8                
  | STRING       | DIELECTRIC_PARAMS        | YES    | MN21               | MN21               
  | STRING       | COULOMB_RADII            | YES    | SMD                | SMD                
  | DOUBLE       | COVALENT_VW_CONST        | NO     | 0.76               | 0.76               
  | DOUBLE       | SOLVENT_RADIUS           | NO     | 0.4                | 0.4                
  | STRING       | RADIUS_TYPE              | YES    | SMD                | SMD                
  | DOUBLE       | GB_DIJ                   | NO     | 3.7                | 3.7                
  | DOUBLE       | GB_SIJ                   | NO     | 0.75               | 0.75               
  | DOUBLE       | GB_CIJ                   | NO     | 0.0                | 0.0                
  | DOUBLE       | F_PWSASA                 | NO     | 0.4535             | 0.4535             
  | DOUBLE       | SCALE_VDW                | NO     | 1.0                | 1.0                
  | DOUBLE       | SCALE_CR                 | NO     | 1.0                | 1.0                



 Sasa Type                  : NUMERIC 
 Charge Type                : IAO_MULLIKEN 
 CDS Type                   : SMD 
 Radius Type                : SMD 
 Solvent                    : WATER 
 Solvent Parameters         : MN21 
 Dielectric Parameters      : MN21 
 Coulomb Radii Parameters   : SMD 
 GB d_ij parameter          : 3.7000000000 
 GB S_ij parameter          : 0.7500000000 
 GB C_ij parameter          : 0.0000000000 
 Sclae_vdw parameter        : 1.0000000000 
 Number of z-points         : 90 
 Number of angular points   : 100 
 Number of SASA grid points : 17902 
 Solvent Dielectric Constant: 78.3553000000 

 VDW Radii:
	  1 N :       1.5500  ang
	  2 C :       1.7000  ang
	  3 C :       1.7000  ang
	  4 C :       1.7000  ang
	  5 C :       1.7000  ang
	  6 C :       1.7000  ang
	  7 C :       1.7000  ang
	  8 C :       1.7000  ang
	  9 H :       1.2000  ang
	 10 H :       1.2000  ang
	 11 H :       1.2000  ang
	 12 H :       1.2000  ang
	 13 H :       1.2000  ang
	 14 H :       1.2000  ang
	 15 H :       1.2000  ang
	 16 H :       1.2000  ang
	 17 H :       1.2000  ang

	 Computing SASA... 

 Atomic SASA values:
	  1 N :      10.0495  ang^2
	  2 C :       5.2718  ang^2
	  3 C :       6.3615  ang^2
	  4 C :       9.9803  ang^2
	  5 C :      10.0979  ang^2
	  6 C :       8.2405  ang^2
	  7 C :      10.8501  ang^2
	  8 C :      10.6675  ang^2
	  9 H :      11.4577  ang^2
	 10 H :      11.7290  ang^2
	 11 H :      11.3606  ang^2
	 12 H :      11.7542  ang^2
	 13 H :      11.2061  ang^2
	 14 H :      13.0480  ang^2
	 15 H :      13.0534  ang^2
	 16 H :      10.1009  ang^2
	 17 H :      12.6814  ang^2

	*Total SASA (angs^2): 177.9105101173 


 Coulomb Radii:
	  1 N :       1.8900  ang
	  2 C :       1.8500  ang
	  3 C :       1.8500  ang
	  4 C :       1.8500  ang
	  5 C :       1.8500  ang
	  6 C :       1.8500  ang
	  7 C :       1.8500  ang
	  8 C :       1.8500  ang
	  9 H :       1.2000  ang
	 10 H :       1.2000  ang
	 11 H :       1.2000  ang
	 12 H :       1.2000  ang
	 13 H :       1.2000  ang
	 14 H :       1.2000  ang
	 15 H :       1.2000  ang
	 16 H :       1.2000  ang
	 17 H :       1.2000  ang
 Solvent Alpha                       : 1.1700000000 

 ## Effective Born Radius (bohr) ##
   0   4.3717074909 
   1   5.0807442286 
   2   4.9944852431 
   3   4.6776402998 
   4   4.6639733272 
   5   4.2850607209 
   6   4.4612724848 
   7   4.4668982964 
   8   3.3702994931 
   9   3.3811954263 
  10   3.3295234667 
  11   3.3420746509 
  12   3.2949378492 
  13   3.1978322812 
  14   3.2036215187 
  15   3.4685446700 
  16   3.2661115873 

 Effective Born Radii:
	  1 N :       2.3134  ang
	  2 C :       2.6886  ang
	  3 C :       2.6430  ang
	  4 C :       2.4753  ang
	  5 C :       2.4681  ang
	  6 C :       2.2676  ang
	  7 C :       2.3608  ang
	  8 C :       2.3638  ang
	  9 H :       1.7835  ang
	 10 H :       1.7893  ang
	 11 H :       1.7619  ang
	 12 H :       1.7685  ang
	 13 H :       1.7436  ang
	 14 H :       1.6922  ang
	 15 H :       1.6953  ang
	 16 H :       1.8355  ang
	 17 H :       1.7284  ang


 Coulomb Integrals:
	  1  1 :       0.2287  bohr^-1
	  1  2 :       0.1616  bohr^-1
	  1  3 :       0.1925  bohr^-1
	  1  4 :       0.1298  bohr^-1
	  1  5 :       0.1657  bohr^-1
	  1  6 :       0.1548  bohr^-1
	  1  7 :       0.1186  bohr^-1
	  1  8 :       0.1305  bohr^-1
	  1  9 :       0.1132  bohr^-1
	  1 10 :       0.1707  bohr^-1
	  1 11 :       0.1605  bohr^-1
	  1 12 :       0.1646  bohr^-1
	  1 13 :       0.1284  bohr^-1
	  1 14 :       0.0992  bohr^-1
	  1 15 :       0.1135  bohr^-1
	  1 16 :       0.2368  bohr^-1
	  1 17 :       0.2428  bohr^-1
	  2  1 :       0.1616  bohr^-1
	  2  2 :       0.1968  bohr^-1
	  2  3 :       0.1807  bohr^-1
	  2  4 :       0.1861  bohr^-1
	  2  5 :       0.1589  bohr^-1
	  2  6 :       0.1898  bohr^-1
	  2  7 :       0.1606  bohr^-1
	  2  8 :       0.1503  bohr^-1
	  2  9 :       0.1841  bohr^-1
	  2 10 :       0.1410  bohr^-1
	  2 11 :       0.1834  bohr^-1
	  2 12 :       0.1835  bohr^-1
	  2 13 :       0.1847  bohr^-1
	  2 14 :       0.1420  bohr^-1
	  2 15 :       0.1285  bohr^-1
	  2 16 :       0.1653  bohr^-1
	  2 17 :       0.1451  bohr^-1
	  3  1 :       0.1925  bohr^-1
	  3  2 :       0.1807  bohr^-1
	  3  3 :       0.2002  bohr^-1
	  3  4 :       0.1600  bohr^-1
	  3  5 :       0.1874  bohr^-1
	  3  6 :       0.1605  bohr^-1
	  3  7 :       0.1509  bohr^-1
	  3  8 :       0.1617  bohr^-1
	  3  9 :       0.1419  bohr^-1
	  3 10 :       0.1843  bohr^-1
	  3 11 :       0.1584  bohr^-1
	  3 12 :       0.1599  bohr^-1
	  3 13 :       0.1411  bohr^-1
	  3 14 :       0.1288  bohr^-1
	  3 15 :       0.1426  bohr^-1
	  3 16 :       0.1868  bohr^-1
	  3 17 :       0.1905  bohr^-1
	  4  1 :       0.1298  bohr^-1
	  4  2 :       0.1861  bohr^-1
	  4  3 :       0.1600  bohr^-1
	  4  4 :       0.2138  bohr^-1
	  4  5 :       0.1529  bohr^-1
	  4  6 :       0.1633  bohr^-1
	  4  7 :       0.1962  bohr^-1
	  4  8 :       0.1655  bohr^-1
	  4  9 :       0.2302  bohr^-1
	  4 10 :       0.1300  bohr^-1
	  4 11 :       0.1480  bohr^-1
	  4 12 :       0.1472  bohr^-1
	  4 13 :       0.1702  bohr^-1
	  4 14 :       0.1904  bohr^-1
	  4 15 :       0.1443  bohr^-1
	  4 16 :       0.1259  bohr^-1
	  4 17 :       0.1158  bohr^-1
	  5  1 :       0.1657  bohr^-1
	  5  2 :       0.1589  bohr^-1
	  5  3 :       0.1874  bohr^-1
	  5  4 :       0.1529  bohr^-1
	  5  5 :       0.2144  bohr^-1
	  5  6 :       0.1274  bohr^-1
	  5  7 :       0.1654  bohr^-1
	  5  8 :       0.1964  bohr^-1
	  5  9 :       0.1301  bohr^-1
	  5 10 :       0.2302  bohr^-1
	  5 11 :       0.1213  bohr^-1
	  5 12 :       0.1223  bohr^-1
	  5 13 :       0.1127  bohr^-1
	  5 14 :       0.1442  bohr^-1
	  5 15 :       0.1909  bohr^-1
	  5 16 :       0.1464  bohr^-1
	  5 17 :       0.1726  bohr^-1
	  6  1 :       0.1548  bohr^-1
	  6  2 :       0.1898  bohr^-1
	  6  3 :       0.1605  bohr^-1
	  6  4 :       0.1633  bohr^-1
	  6  5 :       0.1274  bohr^-1
	  6  6 :       0.2334  bohr^-1
	  6  7 :       0.1280  bohr^-1
	  6  8 :       0.1165  bohr^-1
	  6  9 :       0.1690  bohr^-1
	  6 10 :       0.1109  bohr^-1
	  6 11 :       0.2394  bohr^-1
	  6 12 :       0.2392  bohr^-1
	  6 13 :       0.2408  bohr^-1
	  6 14 :       0.1112  bohr^-1
	  6 15 :       0.0974  bohr^-1
	  6 16 :       0.1746  bohr^-1
	  6 17 :       0.1314  bohr^-1
	  7  1 :       0.1186  bohr^-1
	  7  2 :       0.1606  bohr^-1
	  7  3 :       0.1509  bohr^-1
	  7  4 :       0.1962  bohr^-1
	  7  5 :       0.1654  bohr^-1
	  7  6 :       0.1280  bohr^-1
	  7  7 :       0.2242  bohr^-1
	  7  8 :       0.1998  bohr^-1
	  7  9 :       0.1904  bohr^-1
	  7 10 :       0.1440  bohr^-1
	  7 11 :       0.1154  bohr^-1
	  7 12 :       0.1153  bohr^-1
	  7 13 :       0.1265  bohr^-1
	  7 14 :       0.2400  bohr^-1
	  7 15 :       0.1926  bohr^-1
	  7 16 :       0.1091  bohr^-1
	  7 17 :       0.1100  bohr^-1
	  8  1 :       0.1305  bohr^-1
	  8  2 :       0.1503  bohr^-1
	  8  3 :       0.1617  bohr^-1
	  8  4 :       0.1655  bohr^-1
	  8  5 :       0.1964  bohr^-1
	  8  6 :       0.1165  bohr^-1
	  8  7 :       0.1998  bohr^-1
	  8  8 :       0.2239  bohr^-1
	  8  9 :       0.1444  bohr^-1
	  8 10 :       0.1901  bohr^-1
	  8 11 :       0.1074  bohr^-1
	  8 12 :       0.1078  bohr^-1
	  8 13 :       0.1081  bohr^-1
	  8 14 :       0.1925  bohr^-1
	  8 15 :       0.2397  bohr^-1
	  8 16 :       0.1154  bohr^-1
	  8 17 :       0.1283  bohr^-1
	  9  1 :       0.1132  bohr^-1
	  9  2 :       0.1841  bohr^-1
	  9  3 :       0.1419  bohr^-1
	  9  4 :       0.2302  bohr^-1
	  9  5 :       0.1301  bohr^-1
	  9  6 :       0.1690  bohr^-1
	  9  7 :       0.1904  bohr^-1
	  9  8 :       0.1444  bohr^-1
	  9  9 :       0.2967  bohr^-1
	  9 10 :       0.1065  bohr^-1
	  9 11 :       0.1466  bohr^-1
	  9 12 :       0.1450  bohr^-1
	  9 13 :       0.1942  bohr^-1
	  9 14 :       0.1889  bohr^-1
	  9 15 :       0.1218  bohr^-1
	  9 16 :       0.1113  bohr^-1
	  9 17 :       0.0980  bohr^-1
	 10  1 :       0.1707  bohr^-1
	 10  2 :       0.1410  bohr^-1
	 10  3 :       0.1843  bohr^-1
	 10  4 :       0.1300  bohr^-1
	 10  5 :       0.2302  bohr^-1
	 10  6 :       0.1109  bohr^-1
	 10  7 :       0.1440  bohr^-1
	 10  8 :       0.1901  bohr^-1
	 10  9 :       0.1065  bohr^-1
	 10 10 :       0.2958  bohr^-1
	 10 11 :       0.1061  bohr^-1
	 10 12 :       0.1072  bohr^-1
	 10 13 :       0.0954  bohr^-1
	 10 14 :       0.1216  bohr^-1
	 10 15 :       0.1892  bohr^-1
	 10 16 :       0.1418  bohr^-1
	 10 17 :       0.1931  bohr^-1
	 11  1 :       0.1605  bohr^-1
	 11  2 :       0.1834  bohr^-1
	 11  3 :       0.1584  bohr^-1
	 11  4 :       0.1480  bohr^-1
	 11  5 :       0.1213  bohr^-1
	 11  6 :       0.2394  bohr^-1
	 11  7 :       0.1154  bohr^-1
	 11  8 :       0.1074  bohr^-1
	 11  9 :       0.1466  bohr^-1
	 11 10 :       0.1061  bohr^-1
	 11 11 :       0.3003  bohr^-1
	 11 12 :       0.2261  bohr^-1
	 11 13 :       0.2271  bohr^-1
	 11 14 :       0.0987  bohr^-1
	 11 15 :       0.0896  bohr^-1
	 11 16 :       0.1956  bohr^-1
	 11 17 :       0.1360  bohr^-1
	 12  1 :       0.1646  bohr^-1
	 12  2 :       0.1835  bohr^-1
	 12  3 :       0.1599  bohr^-1
	 12  4 :       0.1472  bohr^-1
	 12  5 :       0.1223  bohr^-1
	 12  6 :       0.2392  bohr^-1
	 12  7 :       0.1153  bohr^-1
	 12  8 :       0.1078  bohr^-1
	 12  9 :       0.1450  bohr^-1
	 12 10 :       0.1072  bohr^-1
	 12 11 :       0.2261  bohr^-1
	 12 12 :       0.2992  bohr^-1
	 12 13 :       0.2264  bohr^-1
	 12 14 :       0.0984  bohr^-1
	 12 15 :       0.0899  bohr^-1
	 12 16 :       0.1868  bohr^-1
	 12 17 :       0.1351  bohr^-1
	 13  1 :       0.1284  bohr^-1
	 13  2 :       0.1847  bohr^-1
	 13  3 :       0.1411  bohr^-1
	 13  4 :       0.1702  bohr^-1
	 13  5 :       0.1127  bohr^-1
	 13  6 :       0.2408  bohr^-1
	 13  7 :       0.1265  bohr^-1
	 13  8 :       0.1081  bohr^-1
	 13  9 :       0.1942  bohr^-1
	 13 10 :       0.0954  bohr^-1
	 13 11 :       0.2271  bohr^-1
	 13 12 :       0.2264  bohr^-1
	 13 13 :       0.3035  bohr^-1
	 13 14 :       0.1122  bohr^-1
	 13 15 :       0.0901  bohr^-1
	 13 16 :       0.1407  bohr^-1
	 13 17 :       0.1068  bohr^-1
	 14  1 :       0.0992  bohr^-1
	 14  2 :       0.1420  bohr^-1
	 14  3 :       0.1288  bohr^-1
	 14  4 :       0.1904  bohr^-1
	 14  5 :       0.1442  bohr^-1
	 14  6 :       0.1112  bohr^-1
	 14  7 :       0.2400  bohr^-1
	 14  8 :       0.1925  bohr^-1
	 14  9 :       0.1889  bohr^-1
	 14 10 :       0.1216  bohr^-1
	 14 11 :       0.0987  bohr^-1
	 14 12 :       0.0984  bohr^-1
	 14 13 :       0.1122  bohr^-1
	 14 14 :       0.3127  bohr^-1
	 14 15 :       0.1896  bohr^-1
	 14 16 :       0.0909  bohr^-1
	 14 17 :       0.0914  bohr^-1
	 15  1 :       0.1135  bohr^-1
	 15  2 :       0.1285  bohr^-1
	 15  3 :       0.1426  bohr^-1
	 15  4 :       0.1443  bohr^-1
	 15  5 :       0.1909  bohr^-1
	 15  6 :       0.0974  bohr^-1
	 15  7 :       0.1926  bohr^-1
	 15  8 :       0.2397  bohr^-1
	 15  9 :       0.1218  bohr^-1
	 15 10 :       0.1892  bohr^-1
	 15 11 :       0.0896  bohr^-1
	 15 12 :       0.0899  bohr^-1
	 15 13 :       0.0901  bohr^-1
	 15 14 :       0.1896  bohr^-1
	 15 15 :       0.3121  bohr^-1
	 15 16 :       0.0980  bohr^-1
	 15 17 :       0.1131  bohr^-1
	 16  1 :       0.2368  bohr^-1
	 16  2 :       0.1653  bohr^-1
	 16  3 :       0.1868  bohr^-1
	 16  4 :       0.1259  bohr^-1
	 16  5 :       0.1464  bohr^-1
	 16  6 :       0.1746  bohr^-1
	 16  7 :       0.1091  bohr^-1
	 16  8 :       0.1154  bohr^-1
	 16  9 :       0.1113  bohr^-1
	 16 10 :       0.1418  bohr^-1
	 16 11 :       0.1956  bohr^-1
	 16 12 :       0.1868  bohr^-1
	 16 13 :       0.1407  bohr^-1
	 16 14 :       0.0909  bohr^-1
	 16 15 :       0.0980  bohr^-1
	 16 16 :       0.2883  bohr^-1
	 16 17 :       0.2302  bohr^-1
	 17  1 :       0.2428  bohr^-1
	 17  2 :       0.1451  bohr^-1
	 17  3 :       0.1905  bohr^-1
	 17  4 :       0.1158  bohr^-1
	 17  5 :       0.1726  bohr^-1
	 17  6 :       0.1314  bohr^-1
	 17  7 :       0.1100  bohr^-1
	 17  8 :       0.1283  bohr^-1
	 17  9 :       0.0980  bohr^-1
	 17 10 :       0.1931  bohr^-1
	 17 11 :       0.1360  bohr^-1
	 17 12 :       0.1351  bohr^-1
	 17 13 :       0.1068  bohr^-1
	 17 14 :       0.0914  bohr^-1
	 17 15 :       0.1131  bohr^-1
	 17 16 :       0.2302  bohr^-1
	 17 17 :       0.3062  bohr^-1


	*Molecular contr. to CDS energy:       0.0000  kcal/mol
	*Total CDS energy:       3.3090  kcal/mol
	*MP2::Polarization Free Energy (au)      : -0.0117034883 
	*MP2::Polarization Free Energy (kcal/mol):      -7.3440 
	*MP2::CDS Free Energy (au)      : 0.0052732454 
	*MP2::CDS Free Energy (kcal/mol):       3.3090 
	*MP2::Total Solvation Free Energy (au)      : -0.0064302429 
	*MP2::Total Solvation Free Energy (kcal/mol):      -4.0350 
	GB-MP2 Total Energy (a.u.)         :  -325.90954420082244

	*Total GB-MP2 Energy: -325.90311395792270


 Cpu time for MacroQC :       1.3417 minutes
 Wall time for MacroQC:       0.3774 minutes


 ******************************************************************************************
	 MacroQC terminates normally:) 
 ****************************************************************************************** 

