 ==========================================================================================
 =========                __  ___                         ____  ______            =========
 ======                  /  |/  /___ _______________     / __ \/ ____/               ======
 ====                   / /|_/ / __ `/ ___/ ___/ __ \   / / / / /                      ====
 ===                   / /  / / /_/ / /__/ /  / /_/ /  / /_/ / /___                     ===
 ==                   /_/  /_/\__,_/\___/_/   \____/   \___\_\____/                      ==
 ===                                                                1.0.4                ===
 =====     An electronic structure theory software for large-scale applications       =====
 ======                                 See license.txt for license info             ======
 =========                                                                        =========
 ==========================================================================================
                                                                                           
                           * * * * * * * * * * * * * * * * * * * *                        
                           *            Developed by             *                        
                           *             U. Bozkaya              *                        
                           *                                     *                        
                           *       With contributions from:      *                        
                           *         B. Ermis, Y. Alagoz,        *                        
                           *         A. Unal, and A. K. Uyar     *                        
                           *         Git Version: deab493        *                        
                           *       Latest Revision: 2026-03-23   *                        
                           * * * * * * * * * * * * * * * * * * * *                        


 Run date: Wed Mar 25 08:33:57 2026
 
 Hostname: ub14 

 ## MacroQC input file ##
 ******************************************************************************************
$set_molecule
0 1
N       2.4045731473     1.0690689414    -0.0773261156
C      -1.2072043810     0.2359310318     0.0117902094
C      -0.0181203515     0.9599665170     0.0037777472
C       1.2268369418     0.3236082274    -0.0088424361
C      -1.1483800385    -1.1577189463     0.0134256748
C       1.2658384544    -1.0749863048    -0.0105747189
C       0.0844809341    -1.7997599573     0.0018361950
C      -2.5330586775     0.9525945320    -0.0061191553
H      -0.0551090682     2.0439584671     0.0048993844
H      -2.0621395913    -1.7373635452     0.0277013988
H       2.2206237156    -1.5861654359    -0.0225105685
H       0.1267914425    -2.8814274742     0.0069512709
H      -2.4961266486     1.8766599950     0.5716676997
H      -2.8206790312     1.2183882131    -1.0267088715
H      -3.3261862339     0.3279787690     0.4042526549
H       2.3330930252     2.0127252984     0.2676731463
H       3.2253630684     0.6039525231     0.2755955975
$end_molecule


$set_globals
   basis cc-pvdz
  method mp2
  reference rhf
  jobtype energy
  memory 30000
$end_globals


$set_scf
  e_convergence 1.0e-8
  d_convergence 1.0e-6
  guess sad
  solvation true
$end_scf


$set_solvation
  cds_type smd
  radius_type smd
  solvent_params mn21
  dielectric_params mn21 #sm8
  sasa_type numeric
  solvent water
  num_ang_points 100
  charge_type iao_mulliken #iao_lowdin, mulliken, lowdin
  coulomb_radii smd
$end_solvation

$set_dfocc
solvation true
$end_dfocc

 ******************************************************************************************


	-Geometry before Center-of-Mass shift (ang): 
	 Number     Atom               X                    Y                       Z  
	 ---------------------------------------------------------------------------------------
           1     N             2.4045731473          1.0690689414          -0.0773261156  
           2     C            -1.2072043810          0.2359310318           0.0117902094  
           3     C            -0.0181203515          0.9599665170           0.0037777472  
           4     C             1.2268369418          0.3236082274          -0.0088424361  
           5     C            -1.1483800385         -1.1577189463           0.0134256748  
           6     C             1.2658384544         -1.0749863048          -0.0105747189  
           7     C             0.0844809341         -1.7997599573           0.0018361950  
           8     C            -2.5330586775          0.9525945320          -0.0061191553  
           9     H            -0.0551090682          2.0439584671           0.0048993844  
          10     H            -2.0621395913         -1.7373635452           0.0277013988  
          11     H             2.2206237156         -1.5861654359          -0.0225105685  
          12     H             0.1267914425         -2.8814274742           0.0069512709  
          13     H            -2.4961266486          1.8766599950           0.5716676997  
          14     H            -2.8206790312          1.2183882131          -1.0267088715  
          15     H            -3.3261862339          0.3279787690           0.4042526549  
          16     H             2.3330930252          2.0127252984           0.2676731463  
          17     H             3.2253630684          0.6039525231           0.2755955975  



	-Geometry after Center-of-Mass shift (ang): 
	 Atom               X                    Y                       Z  
	 -------------------------------------------------------------------
     N           2.3780546765          1.0864469066          -0.0726025155  
     C          -1.2337228518          0.2533089970           0.0165138095  
     C          -0.0446388223          0.9773444822           0.0085013473  
     C           1.2003184710          0.3409861926          -0.0041188360  
     C          -1.1748985093         -1.1403409811           0.0181492749  
     C           1.2393199836         -1.0576083396          -0.0058511188  
     C           0.0579624633         -1.7823819921           0.0065597951  
     C          -2.5595771483          0.9699724972          -0.0013955552  
     H          -0.0816275390          2.0613364323           0.0096229845  
     H          -2.0886580621         -1.7199855800           0.0324249989  
     H           2.1941052448         -1.5687874707          -0.0177869684  
     H           0.1002729717         -2.8640495090           0.0116748710  
     H          -2.5226451194          1.8940379602           0.5763912998  
     H          -2.8471975020          1.2357661783          -1.0219852714  
     H          -3.3527047047          0.3453567342           0.4089762550  
     H           2.3065745544          2.0301032636           0.2723967464  
     H           3.1988445976          0.6213304883           0.2803191976  


	-Geometry after Center-of-Mass shift (bohr): 
	 Atom               X                    Y                       Z  
	 -------------------------------------------------------------------
     N           4.4938720500          2.0530871034          -0.1371988704  
     C          -2.3313983045          0.4786846295           0.0312065772  
     C          -0.0843551486          1.8469134017           0.0160652181  
     C           2.2682731736          0.6443705166          -0.0077834720  
     C          -2.2202364077         -2.1549321438           0.0342971589  
     C           2.3419753509         -1.9985901098          -0.0110570121  
     C           0.1095331813         -3.3682138160           0.0123962161  
     C          -4.8368998072          1.8329823690          -0.0026372172  
     H          -0.1542536929          3.8953613095           0.0181848052  
     H          -3.9469917070         -3.2503016859           0.0612743675  
     H           4.1462580032         -2.9645786686          -0.0336124989  
     H           0.1894884544         -5.4122691817           0.0220623087  
     H          -4.7671083873          3.5792130161           1.0892216977  
     H          -5.3804235038          2.3352596322          -1.9312722672  
     H          -6.3356936713          0.6526296433           0.7728531137  
     H           4.3587941958          3.8363391747           0.5147552481  
     H           6.0449402074          1.1741444564           0.5297265111  


    Rotational Constants: A =     0.12203  B =     0.05996  C =      0.04055 [cm^-1] 
    Rotor Type: ASYMMETRIC 

	-Nuclear Dipole Moment: (e a0)  
	 X:  -2.90653   Y:  1.90470   Z:  0.51773   Total:  3.51338 

	-Nuclear Dipole Moment: (D)  
	 X:  -7.38767   Y:  4.84126   Z:  1.31593   Total:  8.93012 


    Nuclear repulsion energy (V_NN)              : 344.238502456097 
   =====================================================
   Charge                : 0 
   Multiplicity          : 1 
   Number of Atoms       : 17 
   Number of Ghost Atoms : 0 
   Number of Electrons   : 58 
   Number of alpha occupied orbitals (NoccA)  : 29 
   Number of beta occupied orbitals (NoccB)   : 29 
   Number of singly occupied orbitals (Nsocc) : 0 
   Number of doubly occupied orbitals (Ndocc) : 29 
   =====================================================



  ## GLOBALS Options ##

  | TYPE         | KEY                      | INPUT? | VALUE              | DEFAULT            
  |--------------|--------------------------|--------|--------------------|--------------------
  | BOOL         | ERI_DISK                 | NO     | FALSE              | FALSE              
  | BOOL         | FREEZE_CORE              | NO     | TRUE               | TRUE               
  | BOOL         | MOL_FRAG                 | NO     | FALSE              | FALSE              
  | BOOL         | NOCOM                    | NO     | FALSE              | FALSE              
  | BOOL         | NOREORIENT               | NO     | TRUE               | TRUE               
  | BOOL         | PUREAM                   | NO     | TRUE               | TRUE               
  | BOOL         | ML                       | NO     | FALSE              | FALSE              
  | BOOL         | READ_PDB                 | NO     | FALSE              | FALSE              
  | BOOL         | TEST_MODE                | NO     | FALSE              | FALSE              
  | INT          | DERIVE_LEVEL             | NO     | 0                  | 0                  
  | INT          | FINDIF_POINTS            | NO     | 3                  | 3                  
  | INT          | MEMORY                   | YES    | 30000              | 2000               
  | INT          | NUM_THREADS              | NO     | 1                  | 1                  
  | INT          | NUM_FROZEN_DOCC          | NO     | 0                  | 0                  
  | INT          | NUM_FROZEN_VIR           | NO     | 0                  | 0                  
  | INT          | PRINT_LEVEL              | NO     | 0                  | 0                  
  | STRING       | AUX_BASIS_CORR           | NO     | CC-PVDZ-RI         | CC-PVDZ-RI         
  | STRING       | AUX_BASIS_SCF            | NO     | CC-PVDZ-JKFIT      | CC-PVDZ-JKFIT      
  | STRING       | BASIS                    | YES    | CC-PVDZ            | CC-PVDZ            
  | STRING       | BASIS2                   | NO     | MINAO              | MINAO              
  | STRING       | DERIVE_TYPE              | NO     | ANALYTIC           | ANALYTIC           
  | STRING       | FINDIF_METHOD            | NO     | GRAD               | GRAD               
  | STRING       | GEOM_UNITS               | NO     | ANG                | ANG                
  | STRING       | JOBTYPE                  | YES    | ENERGY             | ENERGY             
  | STRING       | METHOD                   | YES    | MP2                | SCF                
  | STRING       | REFERENCE                | YES    | RHF                | RHF                
  | STRING       | OUTFILE_MODE             | NO     | NEW                | NEW                
  | DOUBLE       | STEP_BOHR                | NO     | 0.05               | 0.05               
  | STR_ARRAY    | MOLECULE_GEOM_FROM       | NO     | [input]            | [input]            
  | DOUBLE_ARRAY | ELECTRIC_STRENGTH        | NO     | [0.001;0.001;0.001]| [0.001;0.001;0.001]
  | STRING       | ELECTRIC_FIELD           | NO     | NONE               | NONE               
  | STRING       | ALIGN_TWO_ATOMS          | NO     | NONE               | NONE               
  | INT_ARRAY    | TWO_ATOMS                | NO     | [0]                | [0]                



  ## INTS Options ##

  | TYPE         | KEY                      | INPUT? | VALUE              | DEFAULT            
  |--------------|--------------------------|--------|--------------------|--------------------
  | DOUBLE       | BOYS_CUTOFF              | NO     | 1e-15              | 1e-15              
  | DOUBLE       | BOYS_ZERO                | NO     | 1e-06              | 1e-06              
  | DOUBLE       | DELTA_X                  | NO     | 0.1                | 0.1                
  | DOUBLE       | INTEGRAL_CUTOFF          | NO     | 1e-10              | 1e-10              
  | DOUBLE       | X_MAX                    | NO     | 30.0               | 30.0               
  | INT          | BOYS_MAXITER             | NO     | 10000              | 10000              
  | INT          | MAX_AM                   | NO     | 7                  | 7                  
  | INT          | MAX_AM_AUX               | NO     | 7                  | 7                  
  | INT          | PRINT_LEVEL              | NO     | 0                  | 0                  
  | INT          | TAYLOR_ORDER             | NO     | 6                  | 6                  
  | STRING       | 3INDEX_ALGORITHM         | NO     | AUTO               | AUTO               
  | STRING       | BOYS_METHOD              | NO     | GHP                | GHP                
  | STRING       | ERI_ALGORITHM            | NO     | MD4                | MD4                


	Initializing Liboeprop (by U. Bozkaya) ...

	*=================================================================*
	*                  SCF                                            *
	*   Developed by U. Bozkaya & Y. Alagoz                           *
	*   Latest revision Feb 16, 2021                                  *
	*=================================================================*



  ## SCF Options ##

  | TYPE         | KEY                      | INPUT? | VALUE              | DEFAULT            
  |--------------|--------------------------|--------|--------------------|--------------------
  | BOOL         | DIIS_DAMP                | NO     | FALSE              | FALSE              
  | BOOL         | DIE_IF_NOT_CONVERGED     | NO     | TRUE               | TRUE               
  | BOOL         | DO_DF                    | NO     | TRUE               | TRUE               
  | BOOL         | DIIS                     | NO     | TRUE               | TRUE               
  | BOOL         | FOCK_DAMP                | NO     | FALSE              | FALSE              
  | BOOL         | GUESS_MIX                | NO     | FALSE              | FALSE              
  | BOOL         | GUESS_PREVIOUS           | NO     | FALSE              | FALSE              
  | BOOL         | LOCAL                    | NO     | FALSE              | FALSE              
  | BOOL         | RETRY                    | NO     | TRUE               | TRUE               
  | DOUBLE       | CUTOFF                   | NO     | 1e-10              | 1e-10              
  | DOUBLE       | D_CONVERGENCE            | YES    | 1e-06              | 1e-06              
  | DOUBLE       | DAMP_PARAM               | NO     | 0.02               | 0.02               
  | DOUBLE       | E_CONVERGENCE            | YES    | 1e-08              | 1e-08              
  | DOUBLE       | FOCK_DAMP_PERC           | NO     | 20.0               | 20.0               
  | DOUBLE       | MIN_OVERLAP_EIGVAL       | NO     | 1e-06              | 1e-06              
  | DOUBLE       | LOCAL_CONVERGENCE        | NO     | 1e-08              | 1e-08              
  | DOUBLE       | QC_GUESS_E_CONVERGENCE   | NO     | 0.0001             | 0.0001             
  | DOUBLE       | QC_GUESS_D_CONVERGENCE   | NO     | 0.005              | 0.005              
  | INT          | MAX_DIIS                 | NO     | 6                  | 6                  
  | INT          | MIN_DIIS                 | NO     | 2                  | 2                  
  | INT          | PRINT_LEVEL              | NO     | 0                  | 0                  
  | INT          | SCF_MAXITER              | NO     | 50                 | 50                 
  | INT          | LOCAL_MAXITER            | NO     | 50                 | 50                 
  | STRING       | DIIS_ALGORITHM           | NO     | DISK               | DISK               
  | STRING       | GUESS                    | YES    | SAD                | SAD                
  | BOOL         | MO_WRITE                 | NO     | FALSE              | FALSE              
  | BOOL         | FOCK_WRITE               | NO     | FALSE              | FALSE              
  | STRING       | ORTH_TYPE                | NO     | CANONICAL          | CANONICAL          
  | STRING       | ROHF_CANONIC_TYPE        | NO     | GUEST              | GUEST              
  | STRING       | ERI                      | NO     | INCORE             | INCORE             
  | STRING       | SCF_ALGORITHM            | NO     | ROOTHAAN           | ROOTHAAN           
  | STRING       | LOCAL_TYPE               | NO     | BOYS               | BOYS               
  | BOOL         | SAD_FRAC_OCC             | NO     | TRUE               | TRUE               
  | BOOL         | SAD_SPIN_AVERAGE         | NO     | TRUE               | TRUE               
  | DOUBLE       | SAD_E_CONVERGENCE        | NO     | 1e-05              | 1e-05              
  | DOUBLE       | SAD_D_CONVERGENCE        | NO     | 1e-05              | 1e-05              
  | INT          | SAD_MAXITER              | NO     | 50                 | 50                 
  | BOOL         | NIE                      | NO     | FALSE              | FALSE              
  | BOOL         | SAD_DIIS                 | NO     | TRUE               | TRUE               
  | INT          | SAD_MAX_DIIS             | NO     | 6                  | 6                  
  | INT          | SAD_MIN_DIIS             | NO     | 2                  | 2                  
  | INT          | SAD_PRINT                | NO     | 0                  | 0                  
  | STRING       | SAD_AUX_BASIS            | NO     | SAD-FIT            | SAD-FIT            
  | DOUBLE       | SAD_CHOLESKY_TOLERANCE   | NO     | 1e-07              | 1e-07              
  | BOOL         | SOLVATION                | YES    | TRUE               | FALSE              
  | BOOL         | BYPASS                   | NO     | FALSE              | FALSE              
  | STRING       | IAO_TYPE                 | NO     | STANDARD2013       | STANDARD2013       
  | BOOL         | USE_IAOS                 | NO     | FALSE              | FALSE              

	Initializing libdiis ...
	Initializing libmolint 1.1 ...
 CC-PVDZ primary basis set file will be read for the N atom...
 CC-PVDZ primary basis set file will be read for the C atom...
 CC-PVDZ primary basis set file will be read for the H atom...
 Nmaxthread: 12 
 Nshell: 75 
 Lmax:  2 
 Npmax:  8 
 Nao: 157 
 Ndocc: 29 
 Nsocc:  0 
 NoccA: 29 
 NoccB: 29 
 Primary basis set info has been read.

 CC-PVDZ-JKFIT aux basis set file will be read for the N atom...
 CC-PVDZ-JKFIT aux basis set file will be read for the C atom...
 CC-PVDZ-JKFIT aux basis set file will be read for the H atom...
 Nshell_aux: 273 
 Naux: 767 
 Aux basis set info has been read.

 orth_type: CANONICAL 
 Cpu time for S ints :       0.0400 s
 Wall time for S ints:       0.0389 s

 Using canonical orthogonalization. 
 Minimum eigenvalue in the overlap matrix is:   3.0778E-04 

 Cpu time for T ints :       0.3200 s
 Wall time for T ints:       0.0825 s
 Cpu time for V ints :       1.1200 s
 Wall time for V ints:       0.5367 s
 Cpu time for Metric ints :       1.9000 s
 Wall time for Metric ints:       0.5543 s
 3-Index Algorithm: AUTO 

 Calling fortran integrals: ringing... 
 Done with fintegrals.

 Cpu time for 3-index ints :      10.4100 s
 Wall time for 3-index ints:       3.2320 s
 Cpu time for df-factors :       1.8000 s
 Wall time for df-factors:       0.4824 s


 Puream (True=1, False=0) : 1
 Number of AO             : 157
 Number of MO             : 157
 Number of Aux Functions  : 767
 Charge                   : 0
 Multiplicity             : 1
 Alpha OCC                : 29
 Beta OCC                 : 29
 Nuclear Repulsion Energy : 344.23850246
 Energy Treshold          : 1.0e-08
 Density Treshold         : 1.0e-06
 Iteration Limit          : 50
 Guess                    : SAD
 Guess Mix                : false
 Diis                     : true
 Diis Damping             : false
 Diis Damp Parameter      : 0.02
 Diis Algorithm           : DISK
 Cutoff Treshold          : 1.0e-10
 Density Fitting          : true
 Reference                : RHF
 Die If Not Converged     : true
 Print Level              : 0
 ERI Algorithm            : INCORE
 SCF Algorithm            : ROOTHAAN




  ## SOLVATION Options ##

  | TYPE         | KEY                      | INPUT? | VALUE              | DEFAULT            
  |--------------|--------------------------|--------|--------------------|--------------------
  | INT          | NUM_Z_POINTS             | NO     | 90                 | 90                 
  | INT          | NUM_ANG_POINTS           | YES    | 100                | 100                
  | STRING       | SASA_TYPE                | YES    | NUMERIC            | NUMERIC            
  | STRING       | CHARGE_TYPE              | YES    | IAO_MULLIKEN       | IAO_MULLIKEN       
  | STRING       | CDS_TYPE                 | YES    | SMD                | SMD                
  | STRING       | SOLVENT                  | YES    | WATER              | WATER              
  | STRING       | SOLVENT_PARAMS           | YES    | MN21               | SM8                
  | STRING       | DIELECTRIC_PARAMS        | YES    | MN21               | MN21               
  | STRING       | COULOMB_RADII            | YES    | SMD                | SMD                
  | DOUBLE       | COVALENT_VW_CONST        | NO     | 0.76               | 0.76               
  | DOUBLE       | SOLVENT_RADIUS           | NO     | 0.4                | 0.4                
  | STRING       | RADIUS_TYPE              | YES    | SMD                | SMD                
  | DOUBLE       | GB_DIJ                   | NO     | 3.7                | 3.7                
  | DOUBLE       | GB_SIJ                   | NO     | 0.75               | 0.75               
  | DOUBLE       | GB_CIJ                   | NO     | 0.0                | 0.0                
  | DOUBLE       | F_PWSASA                 | NO     | 0.4535             | 0.4535             
  | DOUBLE       | SCALE_VDW                | NO     | 1.0                | 1.0                
  | DOUBLE       | SCALE_CR                 | NO     | 1.0                | 1.0                



 Sasa Type                  : NUMERIC 
 Charge Type                : IAO_MULLIKEN 
 CDS Type                   : SMD 
 Radius Type                : SMD 
 Solvent                    : WATER 
 Solvent Parameters         : MN21 
 Dielectric Parameters      : MN21 
 Coulomb Radii Parameters   : SMD 
 GB d_ij parameter          : 3.7000000000 
 GB S_ij parameter          : 0.7500000000 
 GB C_ij parameter          : 0.0000000000 
 Sclae_vdw parameter        : 1.0000000000 
 Number of z-points         : 90 
 Number of angular points   : 100 
 Number of SASA grid points : 17902 
 Solvent Dielectric Constant: 78.3553000000 

 VDW Radii:
	  1 N :       1.5500  ang
	  2 C :       1.7000  ang
	  3 C :       1.7000  ang
	  4 C :       1.7000  ang
	  5 C :       1.7000  ang
	  6 C :       1.7000  ang
	  7 C :       1.7000  ang
	  8 C :       1.7000  ang
	  9 H :       1.2000  ang
	 10 H :       1.2000  ang
	 11 H :       1.2000  ang
	 12 H :       1.2000  ang
	 13 H :       1.2000  ang
	 14 H :       1.2000  ang
	 15 H :       1.2000  ang
	 16 H :       1.2000  ang
	 17 H :       1.2000  ang

	 Computing SASA... 

 Atomic SASA values:
	  1 N :      10.7968  ang^2
	  2 C :       5.2873  ang^2
	  3 C :       9.4292  ang^2
	  4 C :       6.3677  ang^2
	  5 C :       9.9865  ang^2
	  6 C :      10.1474  ang^2
	  7 C :      10.6365  ang^2
	  8 C :       9.1383  ang^2
	  9 H :      10.7856  ang^2
	 10 H :      11.7973  ang^2
	 11 H :      11.9572  ang^2
	 12 H :      13.0570  ang^2
	 13 H :      11.8674  ang^2
	 14 H :      12.8539  ang^2
	 15 H :      11.5439  ang^2
	 16 H :      12.8360  ang^2
	 17 H :      12.8953  ang^2

	*Total SASA (angs^2): 181.3834107590 


 Coulomb Radii:
	  1 N :       1.8900  ang
	  2 C :       1.8500  ang
	  3 C :       1.8500  ang
	  4 C :       1.8500  ang
	  5 C :       1.8500  ang
	  6 C :       1.8500  ang
	  7 C :       1.8500  ang
	  8 C :       1.8500  ang
	  9 H :       1.2000  ang
	 10 H :       1.2000  ang
	 11 H :       1.2000  ang
	 12 H :       1.2000  ang
	 13 H :       1.2000  ang
	 14 H :       1.2000  ang
	 15 H :       1.2000  ang
	 16 H :       1.2000  ang
	 17 H :       1.2000  ang
 Solvent Alpha                       : 1.1700000000 

 ## Effective Born Radius (bohr) ##
   0   4.2110107308 
   1   4.8847336981 
   2   4.8612801122 
   3   4.7892753356 
   4   4.6428087670 
   5   4.6325940174 
   6   4.4943130482 
   7   4.1322149461 
   8   3.5361373720 
   9   3.3394672360 
  10   3.3580986748 
  11   3.2139209654 
  12   3.2381248700 
  13   3.1916792213 
  14   3.2464574876 
  15   3.2317402946 
  16   3.2225915849 

 Effective Born Radii:
	  1 N :       2.2284  ang
	  2 C :       2.5849  ang
	  3 C :       2.5725  ang
	  4 C :       2.5344  ang
	  5 C :       2.4569  ang
	  6 C :       2.4515  ang
	  7 C :       2.3783  ang
	  8 C :       2.1867  ang
	  9 H :       1.8712  ang
	 10 H :       1.7672  ang
	 11 H :       1.7770  ang
	 12 H :       1.7007  ang
	 13 H :       1.7135  ang
	 14 H :       1.6890  ang
	 15 H :       1.7180  ang
	 16 H :       1.7102  ang
	 17 H :       1.7053  ang


 Coulomb Integrals:
	  1  1 :       0.2375  bohr^-1
	  1  2 :       0.1292  bohr^-1
	  1  3 :       0.1654  bohr^-1
	  1  4 :       0.1987  bohr^-1
	  1  5 :       0.1187  bohr^-1
	  1  6 :       0.1675  bohr^-1
	  1  7 :       0.1312  bohr^-1
	  1  8 :       0.1045  bohr^-1
	  1  9 :       0.1703  bohr^-1
	  1 10 :       0.0993  bohr^-1
	  1 11 :       0.1714  bohr^-1
	  1 12 :       0.1137  bohr^-1
	  1 13 :       0.1043  bohr^-1
	  1 14 :       0.0987  bohr^-1
	  1 15 :       0.0908  bohr^-1
	  1 16 :       0.2478  bohr^-1
	  1 17 :       0.2481  bohr^-1
	  2  1 :       0.1292  bohr^-1
	  2  2 :       0.2047  bohr^-1
	  2  3 :       0.1861  bohr^-1
	  2  4 :       0.1591  bohr^-1
	  2  5 :       0.1896  bohr^-1
	  2  6 :       0.1504  bohr^-1
	  2  7 :       0.1627  bohr^-1
	  2  8 :       0.1953  bohr^-1
	  2  9 :       0.1833  bohr^-1
	  2 10 :       0.1859  bohr^-1
	  2 11 :       0.1285  bohr^-1
	  2 12 :       0.1431  bohr^-1
	  2 13 :       0.1871  bohr^-1
	  2 14 :       0.1880  bohr^-1
	  2 15 :       0.1871  bohr^-1
	  2 16 :       0.1267  bohr^-1
	  2 17 :       0.1150  bohr^-1
	  3  1 :       0.1654  bohr^-1
	  3  2 :       0.1861  bohr^-1
	  3  3 :       0.2057  bohr^-1
	  3  4 :       0.1875  bohr^-1
	  3  5 :       0.1618  bohr^-1
	  3  6 :       0.1617  bohr^-1
	  3  7 :       0.1528  bohr^-1
	  3  8 :       0.1635  bohr^-1
	  3  9 :       0.2220  bohr^-1
	  3 10 :       0.1427  bohr^-1
	  3 11 :       0.1424  bohr^-1
	  3 12 :       0.1301  bohr^-1
	  3 13 :       0.1663  bohr^-1
	  3 14 :       0.1563  bohr^-1
	  3 15 :       0.1430  bohr^-1
	  3 16 :       0.1706  bohr^-1
	  3 17 :       0.1468  bohr^-1
	  4  1 :       0.1987  bohr^-1
	  4  2 :       0.1591  bohr^-1
	  4  3 :       0.1875  bohr^-1
	  4  4 :       0.2088  bohr^-1
	  4  5 :       0.1511  bohr^-1
	  4  6 :       0.1912  bohr^-1
	  4  7 :       0.1636  bohr^-1
	  4  8 :       0.1274  bohr^-1
	  4  9 :       0.1842  bohr^-1
	  4 10 :       0.1288  bohr^-1
	  4 11 :       0.1866  bohr^-1
	  4 12 :       0.1436  bohr^-1
	  4 13 :       0.1242  bohr^-1
	  4 14 :       0.1196  bohr^-1
	  4 15 :       0.1126  bohr^-1
	  4 16 :       0.1932  bohr^-1
	  4 17 :       0.1934  bohr^-1
	  5  1 :       0.1187  bohr^-1
	  5  2 :       0.1896  bohr^-1
	  5  3 :       0.1618  bohr^-1
	  5  4 :       0.1511  bohr^-1
	  5  5 :       0.2154  bohr^-1
	  5  6 :       0.1635  bohr^-1
	  5  7 :       0.1962  bohr^-1
	  5  8 :       0.1651  bohr^-1
	  5  9 :       0.1425  bohr^-1
	  5 10 :       0.2319  bohr^-1
	  5 11 :       0.1431  bohr^-1
	  5 12 :       0.1907  bohr^-1
	  5 13 :       0.1447  bohr^-1
	  5 14 :       0.1543  bohr^-1
	  5 15 :       0.1692  bohr^-1
	  5 16 :       0.1098  bohr^-1
	  5 17 :       0.1096  bohr^-1
	  6  1 :       0.1675  bohr^-1
	  6  2 :       0.1504  bohr^-1
	  6  3 :       0.1617  bohr^-1
	  6  4 :       0.1912  bohr^-1
	  6  5 :       0.1635  bohr^-1
	  6  6 :       0.2159  bohr^-1
	  6  7 :       0.1965  bohr^-1
	  6  8 :       0.1165  bohr^-1
	  6  9 :       0.1424  bohr^-1
	  6 10 :       0.1433  bohr^-1
	  6 11 :       0.2315  bohr^-1
	  6 12 :       0.1912  bohr^-1
	  6 13 :       0.1077  bohr^-1
	  6 14 :       0.1082  bohr^-1
	  6 15 :       0.1076  bohr^-1
	  6 16 :       0.1476  bohr^-1
	  6 17 :       0.1722  bohr^-1
	  7  1 :       0.1312  bohr^-1
	  7  2 :       0.1627  bohr^-1
	  7  3 :       0.1528  bohr^-1
	  7  4 :       0.1636  bohr^-1
	  7  5 :       0.1962  bohr^-1
	  7  6 :       0.1965  bohr^-1
	  7  7 :       0.2225  bohr^-1
	  7  8 :       0.1288  bohr^-1
	  7  9 :       0.1299  bohr^-1
	  7 10 :       0.1903  bohr^-1
	  7 11 :       0.1900  bohr^-1
	  7 12 :       0.2388  bohr^-1
	  7 13 :       0.1140  bohr^-1
	  7 14 :       0.1191  bohr^-1
	  7 15 :       0.1257  bohr^-1
	  7 16 :       0.1161  bohr^-1
	  7 17 :       0.1278  bohr^-1
	  8  1 :       0.1045  bohr^-1
	  8  2 :       0.1953  bohr^-1
	  8  3 :       0.1635  bohr^-1
	  8  4 :       0.1274  bohr^-1
	  8  5 :       0.1651  bohr^-1
	  8  6 :       0.1165  bohr^-1
	  8  7 :       0.1288  bohr^-1
	  8  8 :       0.2420  bohr^-1
	  8  9 :       0.1686  bohr^-1
	  8 10 :       0.1695  bohr^-1
	  8 11 :       0.0973  bohr^-1
	  8 12 :       0.1115  bohr^-1
	  8 13 :       0.2460  bohr^-1
	  8 14 :       0.2473  bohr^-1
	  8 15 :       0.2458  bohr^-1
	  8 16 :       0.1048  bohr^-1
	  8 17 :       0.0912  bohr^-1
	  9  1 :       0.1703  bohr^-1
	  9  2 :       0.1833  bohr^-1
	  9  3 :       0.2220  bohr^-1
	  9  4 :       0.1842  bohr^-1
	  9  5 :       0.1425  bohr^-1
	  9  6 :       0.1424  bohr^-1
	  9  7 :       0.1299  bohr^-1
	  9  8 :       0.1686  bohr^-1
	  9  9 :       0.2828  bohr^-1
	  9 10 :       0.1212  bohr^-1
	  9 11 :       0.1211  bohr^-1
	  9 12 :       0.1065  bohr^-1
	  9 13 :       0.1849  bohr^-1
	  9 14 :       0.1610  bohr^-1
	  9 15 :       0.1375  bohr^-1
	  9 16 :       0.1902  bohr^-1
	  9 17 :       0.1415  bohr^-1
	 10  1 :       0.0993  bohr^-1
	 10  2 :       0.1859  bohr^-1
	 10  3 :       0.1427  bohr^-1
	 10  4 :       0.1288  bohr^-1
	 10  5 :       0.2319  bohr^-1
	 10  6 :       0.1433  bohr^-1
	 10  7 :       0.1903  bohr^-1
	 10  8 :       0.1695  bohr^-1
	 10  9 :       0.1212  bohr^-1
	 10 10 :       0.2994  bohr^-1
	 10 11 :       0.1214  bohr^-1
	 10 12 :       0.1890  bohr^-1
	 10 13 :       0.1392  bohr^-1
	 10 14 :       0.1555  bohr^-1
	 10 15 :       0.1897  bohr^-1
	 10 16 :       0.0913  bohr^-1
	 10 17 :       0.0912  bohr^-1
	 11  1 :       0.1714  bohr^-1
	 11  2 :       0.1285  bohr^-1
	 11  3 :       0.1424  bohr^-1
	 11  4 :       0.1866  bohr^-1
	 11  5 :       0.1431  bohr^-1
	 11  6 :       0.2315  bohr^-1
	 11  7 :       0.1900  bohr^-1
	 11  8 :       0.0973  bohr^-1
	 11  9 :       0.1211  bohr^-1
	 11 10 :       0.1214  bohr^-1
	 11 11 :       0.2978  bohr^-1
	 11 12 :       0.1892  bohr^-1
	 11 13 :       0.0898  bohr^-1
	 11 14 :       0.0902  bohr^-1
	 11 15 :       0.0898  bohr^-1
	 11 16 :       0.1414  bohr^-1
	 11 17 :       0.1909  bohr^-1
	 12  1 :       0.1137  bohr^-1
	 12  2 :       0.1431  bohr^-1
	 12  3 :       0.1301  bohr^-1
	 12  4 :       0.1436  bohr^-1
	 12  5 :       0.1907  bohr^-1
	 12  6 :       0.1912  bohr^-1
	 12  7 :       0.2388  bohr^-1
	 12  8 :       0.1115  bohr^-1
	 12  9 :       0.1065  bohr^-1
	 12 10 :       0.1890  bohr^-1
	 12 11 :       0.1892  bohr^-1
	 12 12 :       0.3111  bohr^-1
	 12 13 :       0.0966  bohr^-1
	 12 14 :       0.1022  bohr^-1
	 12 15 :       0.1109  bohr^-1
	 12 16 :       0.0981  bohr^-1
	 12 17 :       0.1123  bohr^-1
	 13  1 :       0.1043  bohr^-1
	 13  2 :       0.1871  bohr^-1
	 13  3 :       0.1663  bohr^-1
	 13  4 :       0.1242  bohr^-1
	 13  5 :       0.1447  bohr^-1
	 13  6 :       0.1077  bohr^-1
	 13  7 :       0.1140  bohr^-1
	 13  8 :       0.2460  bohr^-1
	 13  9 :       0.1849  bohr^-1
	 13 10 :       0.1392  bohr^-1
	 13 11 :       0.0898  bohr^-1
	 13 12 :       0.0966  bohr^-1
	 13 13 :       0.3088  bohr^-1
	 13 14 :       0.2307  bohr^-1
	 13 15 :       0.2293  bohr^-1
	 13 16 :       0.1085  bohr^-1
	 13 17 :       0.0900  bohr^-1
	 14  1 :       0.0987  bohr^-1
	 14  2 :       0.1880  bohr^-1
	 14  3 :       0.1563  bohr^-1
	 14  4 :       0.1196  bohr^-1
	 14  5 :       0.1543  bohr^-1
	 14  6 :       0.1082  bohr^-1
	 14  7 :       0.1191  bohr^-1
	 14  8 :       0.2473  bohr^-1
	 14  9 :       0.1610  bohr^-1
	 14 10 :       0.1555  bohr^-1
	 14 11 :       0.0902  bohr^-1
	 14 12 :       0.1022  bohr^-1
	 14 13 :       0.2307  bohr^-1
	 14 14 :       0.3133  bohr^-1
	 14 15 :       0.2305  bohr^-1
	 14 16 :       0.0982  bohr^-1
	 14 17 :       0.0851  bohr^-1
	 15  1 :       0.0908  bohr^-1
	 15  2 :       0.1871  bohr^-1
	 15  3 :       0.1430  bohr^-1
	 15  4 :       0.1126  bohr^-1
	 15  5 :       0.1692  bohr^-1
	 15  6 :       0.1076  bohr^-1
	 15  7 :       0.1257  bohr^-1
	 15  8 :       0.2458  bohr^-1
	 15  9 :       0.1375  bohr^-1
	 15 10 :       0.1897  bohr^-1
	 15 11 :       0.0898  bohr^-1
	 15 12 :       0.1109  bohr^-1
	 15 13 :       0.2293  bohr^-1
	 15 14 :       0.2305  bohr^-1
	 15 15 :       0.3080  bohr^-1
	 15 16 :       0.0894  bohr^-1
	 15 17 :       0.0806  bohr^-1
	 16  1 :       0.2478  bohr^-1
	 16  2 :       0.1267  bohr^-1
	 16  3 :       0.1706  bohr^-1
	 16  4 :       0.1932  bohr^-1
	 16  5 :       0.1098  bohr^-1
	 16  6 :       0.1476  bohr^-1
	 16  7 :       0.1161  bohr^-1
	 16  8 :       0.1048  bohr^-1
	 16  9 :       0.1902  bohr^-1
	 16 10 :       0.0913  bohr^-1
	 16 11 :       0.1414  bohr^-1
	 16 12 :       0.0981  bohr^-1
	 16 13 :       0.1085  bohr^-1
	 16 14 :       0.0982  bohr^-1
	 16 15 :       0.0894  bohr^-1
	 16 16 :       0.3094  bohr^-1
	 16 17 :       0.2358  bohr^-1
	 17  1 :       0.2481  bohr^-1
	 17  2 :       0.1150  bohr^-1
	 17  3 :       0.1468  bohr^-1
	 17  4 :       0.1934  bohr^-1
	 17  5 :       0.1096  bohr^-1
	 17  6 :       0.1722  bohr^-1
	 17  7 :       0.1278  bohr^-1
	 17  8 :       0.0912  bohr^-1
	 17  9 :       0.1415  bohr^-1
	 17 10 :       0.0912  bohr^-1
	 17 11 :       0.1909  bohr^-1
	 17 12 :       0.1123  bohr^-1
	 17 13 :       0.0900  bohr^-1
	 17 14 :       0.0851  bohr^-1
	 17 15 :       0.0806  bohr^-1
	 17 16 :       0.2358  bohr^-1
	 17 17 :       0.3103  bohr^-1
    ===> SCF Iteration Started <===

     Iter. |                   Energy |       Delta E |          Drms |
    -------|--------------------------|---------------|---------------|
         1 |      -324.24131612134488 |    -3.242e+02 |     1.339e-02 |
         2 |      -324.60608224316604 |    -3.648e-01 |     3.863e-03 | DIIS
         3 |      -324.77281832102835 |    -1.667e-01 |     1.298e-03 | DIIS
         4 |      -324.79572471997085 |    -2.291e-02 |     2.937e-04 | DIIS
         5 |      -324.79740623143550 |    -1.682e-03 |     5.294e-05 | DIIS
         6 |      -324.79753363782027 |    -1.274e-04 |     2.001e-05 | DIIS
         7 |      -324.79755091316269 |    -1.728e-05 |     1.255e-05 | DIIS
         8 |      -324.79755320989125 |    -2.297e-06 |     3.882e-06 | DIIS
         9 |      -324.79755362060200 |    -4.107e-07 |     2.053e-06 | DIIS
        10 |      -324.79755365675408 |    -3.615e-08 |     8.139e-07 | DIIS
        11 |      -324.79755366560607 |    -8.852e-09 |     5.570e-07 | DIIS


	-Alpha Occupied Orbital Energies (au):  
	 1: -15.5356542396 	 2: -11.2490813467 	 3: -11.2134811022 	 4: -11.2067138703 	 5: -11.1990519401 
	 6: -11.1913791680 	 7: -11.1901196436 	 8: -11.1863071752 	 9: -1.1929000751 	10: -1.1024708462 
	11: -1.0083563545 	12: -0.9581584555 	13: -0.9022736819 	14: -0.7916852389 	15: -0.7669831431 
	16: -0.6611243788 	17: -0.6526474757 	18: -0.6195816133 	19: -0.5776047757 	20: -0.5564543194 
	21: -0.5443544281 	22: -0.5325366163 	23: -0.5042475740 	24: -0.4948554837 	25: -0.4668352688 
	26: -0.4499113515 	27: -0.4090865167 	28: -0.2969049657 	29: -0.2600495403 
	-Alpha Virtual Orbital Energies (au):  
	30: 0.1665662492 	31: 0.1855286582 	32: 0.2001384851 	33: 0.2142812981 	34: 0.2226512725 
	35: 0.2437852092 	36: 0.2531123508 	37: 0.2770319400 	38: 0.2899114497 	39: 0.3016679566 
	40: 0.3207574225 	41: 0.3946004788 	42: 0.4029151553 	43: 0.4496836673 	44: 0.4852036342 
	45: 0.4970387335 	46: 0.5194879122 	47: 0.5453401059 	48: 0.5660227406 	49: 0.6383572063 
	50: 0.6454923355 	51: 0.6845450388 	52: 0.6998553012 	53: 0.7114899685 	54: 0.7332835413 
	55: 0.7510012569 	56: 0.7568621250 	57: 0.7626531784 	58: 0.7754318148 	59: 0.7789004331 
	60: 0.7823400854 	61: 0.7971680082 	62: 0.8219312182 	63: 0.8553151403 	64: 0.8665567499 
	65: 0.8818452568 	66: 0.8928707125 	67: 0.9037363926 	68: 0.9112961255 	69: 0.9285053188 
	70: 0.9337349236 	71: 0.9527083583 	72: 0.9762718317 	73: 0.9824913086 	74: 1.0024889422 
	75: 1.0172209916 	76: 1.0281189580 	77: 1.0945251953 	78: 1.1066311039 	79: 1.1516166560 
	80: 1.1702024446 	81: 1.1836061172 	82: 1.2008325990 	83: 1.2079771499 	84: 1.2294174525 
	85: 1.2616025869 	86: 1.2660378757 	87: 1.2875180815 	88: 1.3154469116 	89: 1.3192037504 
	90: 1.3253906568 	91: 1.3445155473 	92: 1.4270408347 	93: 1.4838166003 	94: 1.5277702070 
	95: 1.5635738487 	96: 1.5769775410 	97: 1.6691115675 	98: 1.7054757584 	99: 1.7119241304 
	100: 1.7369113037 	101: 1.7499397226 	102: 1.7605322229 	103: 1.7920538493 	104: 1.7964567696 
	105: 1.8043139657 	106: 1.8670852312 	107: 1.8850686125 	108: 1.8890710123 	109: 1.9093711271 
	110: 1.9215678983 	111: 1.9310213537 	112: 1.9413547406 	113: 1.9614784077 	114: 1.9680847989 
	115: 1.9822234714 	116: 2.0034118901 	117: 2.0223621679 	118: 2.0399835695 	119: 2.0670933958 
	120: 2.1002361682 	121: 2.1110751172 	122: 2.1397705921 	123: 2.1503480936 	124: 2.1639275253 
	125: 2.1775894614 	126: 2.2017028910 	127: 2.2047146393 	128: 2.2824557910 	129: 2.2890541511 
	130: 2.3164229100 	131: 2.3315860478 	132: 2.3774215625 	133: 2.3854390992 	134: 2.4465153889 
	135: 2.4804487259 	136: 2.4870117054 	137: 2.4947987500 	138: 2.5504602503 	139: 2.5929588543 
	140: 2.6203347639 	141: 2.7458486831 	142: 2.7735417682 	143: 2.7893095838 	144: 2.8075962100 
	145: 2.8281871300 	146: 2.8674834678 	147: 2.8783666133 	148: 2.9296422483 	149: 3.0049120524 
	150: 3.0255767306 	151: 3.0446778091 	152: 3.1314422070 	153: 3.1515329798 	154: 3.2095701372 
	155: 3.2992824679 	156: 3.5828496153 	157: 3.9199085747 


	-Mulliken Population Analysis for SCF:
	 1: -0.2399036180 	 2: -0.2146027439 	 3: 0.0178926111 	 4: 0.0317528056 	 5: -0.0308705146 
	 6: -0.0283055769 	 7: 0.0264895651 	 8: 0.0776017995 	 9: -0.0052732838 	10: -0.0011432831 
	11: 0.0073287776 	12: 0.0205703955 	13: 0.0366804079 	14: 0.0541847508 	15: 0.0343805793 
	16: 0.1060702979 	17: 0.1071470297 

	-Lowdin Population Analysis for SCF:  
	 1: 0.0138990150 	 2: -0.0142341639 	 3: -0.0766251820 	 4: -0.0033647299 	 5: -0.0747906623 
	 6: -0.0794679082 	 7: -0.0019233848 	 8: -0.0331800077 	 9: 0.0165603643 	10: 0.0189949685 
	11: 0.0191272855 	12: 0.0281386986 	13: 0.0273385760 	14: 0.0333299041 	15: 0.0274771868 
	16: 0.0492104378 	17: 0.0495096023 

	-Electronic Dipole Moment: (e a0)  
	 X:  3.17121   Y:  -1.61075   Z:  -0.12494   Total:  3.55903 

	-Electronic Dipole Moment: (D)  
	 X:  8.06041   Y:  -4.09412   Z:  -0.31757   Total:  9.04615 

	-Total Dipole Moment: (e a0)  
	 X:  0.26468   Y:  0.29394   Z:  0.39278   Total:  0.55744 

	-Total Dipole Moment: (D)  
	 X:  0.67274   Y:  0.74713   Z:  0.99835   Total:  1.41686 



	Initializing Liboeprop (by U. Bozkaya) ...


	-Mulliken Population Analysis for SCF-IAO:
	 1: -0.5462067311 	 2: 0.0525497344 	 3: -0.2216822702 	 4: 0.1829747637 	 5: -0.2013895009 
	 6: -0.2159075197 	 7: -0.1015643956 	 8: -0.3667219159 	 9: 0.1197160103 	10: 0.1269428655 
	11: 0.1270329317 	12: 0.1384730603 	13: 0.1272574850 	14: 0.1341564956 	15: 0.1277831299 
	16: 0.2581590368 	17: 0.2585971993 

	-Lowdin Population Analysis for SCF-IAO:  
	 1: -0.5462067311 	 2: 0.0525497344 	 3: -0.2216822702 	 4: 0.1829747637 	 5: -0.2013895009 
	 6: -0.2159075197 	 7: -0.1015643956 	 8: -0.3667219159 	 9: 0.1197160103 	10: 0.1269428655 
	11: 0.1270329317 	12: 0.1384730603 	13: 0.1272574850 	14: 0.1341564956 	15: 0.1277831299 
	16: 0.2581590368 	17: 0.2585971993 

	Initializing Liblocal (by U. Bozkaya) ...
  ==> Pipek-Mezey Localizer <==

    Convergence =   1.000E-08
    Maxiter     =          50

    Iteration                   Metric       Residual
    PM    0   1.6873907658680679E+01              -
    PM    1   3.1364503133806149E+01   8.587575E-01
    PM    2   3.6581229827772553E+01   1.663258E-01
    PM    3   3.6741867372516083E+01   4.391256E-03
    PM    4   3.6746114674428377E+01   1.155984E-04
    PM    5   3.6746900216199634E+01   2.137755E-05
    PM    6   3.6747069300449695E+01   4.601320E-06
    PM    7   3.6747112398474975E+01   1.172829E-06
    PM    8   3.6747118833207388E+01   1.751085E-07
    PM    9   3.6747121243510506E+01   6.559162E-08
    PM   10   3.6747121697903680E+01   1.236541E-08
    PM   11   3.6747121863483180E+01   4.505918E-09

    PM Localizer converged.



	*Molecular contr. to CDS energy:       0.0000  kcal/mol
	*Total CDS energy:       3.4381  kcal/mol
	*SCF::Polarization Free Energy (au)      : -0.0045614341 
	*SCF::Polarization Free Energy (kcal/mol):      -2.8623 
	*SCF::CDS Free Energy (au)      : 0.0054788907 
	*SCF::CDS Free Energy (kcal/mol):       3.4381 
	*SCF::Total Solvation Free Energy (au)      : 0.0009174566 
	*SCF::Total Solvation Free Energy (kcal/mol):       0.5757 
 CC-PVDZ primary basis set file will be read for the N atom...
 CC-PVDZ primary basis set file will be read for the C atom...
 CC-PVDZ primary basis set file will be read for the H atom...
 Nmaxthread: 12 
 Nshell: 75 
 Lmax:  2 
 Npmax:  8 
 Nao: 157 
 Ndocc: 29 
 Nsocc:  0 
 NoccA: 29 
 NoccB: 29 
 Primary basis set info has been read.

 CC-PVDZ-JKFIT aux basis set file will be read for the N atom...
 CC-PVDZ-JKFIT aux basis set file will be read for the C atom...
 CC-PVDZ-JKFIT aux basis set file will be read for the H atom...
 Nshell_aux: 273 
 Naux: 767 
 Aux basis set info has been read.


	*Total SCF Energy: -324.79755366560607

 Cpu time for SCF :       1.6010 minutes
 Wall time for SCF:       0.6827 minutes


	MO spaces... 

	 FC   OCC   VIR   FV 
	----------------------
	  8   21   128    0


	Libtrans is initialized (by U. Bozkaya) ...

 ============================================================================== 
 ============================================================================== 
 ============================================================================== 

                       DF-MP2   
              Program Written by Ugur Bozkaya
              Latest Revision May 2, 2021

 ============================================================================== 
 ============================================================================== 
 ============================================================================== 

	For this residual convergence, default PCG convergence is:     1.00e-07
    Warning: "PCG_CONVERGENCE" option is changed to     1.00e-07


  ## DFOCC Options ##

  | TYPE         | KEY                      | INPUT? | VALUE              | DEFAULT            
  |--------------|--------------------------|--------|--------------------|--------------------
  | BOOL         | EOM                      | NO     | FALSE              | FALSE              
  | BOOL         | EOM_MP2                  | NO     | FALSE              | FALSE              
  | BOOL         | EOM_MP3                  | NO     | FALSE              | FALSE              
  | BOOL         | EOM_MP2_5                | NO     | FALSE              | FALSE              
  | BOOL         | EOM_LCCD                 | NO     | FALSE              | FALSE              
  | BOOL         | LOW_MEM_MP2              | NO     | FALSE              | FALSE              
  | BOOL         | LOW_MEM_MP3              | NO     | FALSE              | FALSE              
  | BOOL         | CD_PRESCREEN             | NO     | FALSE              | FALSE              
  | DOUBLE       | CIS_E_CONV               | NO     | 1e-06              | 1e-06              
  | DOUBLE       | CIS_R_CONV               | NO     | 1e-06              | 1e-06              
  | DOUBLE       | CIS_RES_PRECONDITION_TOL | NO     | 0.0001             | 0.0001             
  | DOUBLE       | DAVIDSON_TOLERANCE       | NO     | 1e-06              | 1e-06              
  | DOUBLE       | E3_SCALE                 | NO     | 0.25               | 0.25               
  | DOUBLE       | E_CONVERGENCE            | NO     | 1e-06              | 1e-06              
  | DOUBLE       | JK_MEMORY                | NO     | 1000000000.0       | 1000000000.0       
  | DOUBLE       | LEVEL_SHIFT              | NO     | 0.02               | 0.02               
  | DOUBLE       | MAX_MOGRAD_CONVERGENCE   | NO     | 0.001              | 0.001              
  | DOUBLE       | MO_STEP_MAX              | NO     | 0.5                | 0.5                
  | DOUBLE       | MP2_OS_SCALE             | NO     | 1.2                | 1.2                
  | DOUBLE       | MP2_SOS_SCALE            | NO     | 1.3                | 1.3                
  | DOUBLE       | MP2_SOS_SCALE2           | NO     | 1.2                | 1.2                
  | DOUBLE       | MP2_SS_SCALE             | NO     | 0.3333333333333333 | 0.3333333333333333 
  | DOUBLE       | OCC_PERCENTAGE           | NO     | 99.0               | 99.0               
  | DOUBLE       | OCC_TOLERANCE            | NO     | 1e-05              | 1e-05              
  | DOUBLE       | OO_SCALE                 | NO     | 0.01               | 0.01               
  | DOUBLE       | PCG_CONVERGENCE          | NO     | 1e-06              | 1e-06              
  | DOUBLE       | R_CONVERGENCE            | NO     | 1e-05              | 1e-05              
  | DOUBLE       | REG_PARAM                | NO     | 0.4                | 0.4                
  | DOUBLE       | KAPPA_REG_PARAM          | NO     | 1.1                | 1.1                
  | DOUBLE       | RMS_MOGRAD_CONVERGENCE   | NO     | 1e-06              | 1e-06              
  | DOUBLE       | SCG_TOLERANCE            | NO     | 1e-06              | 1e-06              
  | DOUBLE       | SCHMIDT_ADD_RES_TOL      | NO     | 0.001              | 0.001              
  | INT          | ACTIVE_NAT_ORBS          | NO     | 2                  | 2                  
  | INT          | CC_DIIS_MAX_VECS         | NO     | 6                  | 6                  
  | INT          | CC_DIIS_MIN_VECS         | NO     | 2                  | 2                  
  | INT          | CC_MAXITER               | NO     | 50                 | 50                 
  | INT          | CUTOFF                   | NO     | 8                  | 8                  
  | INT          | EXCITATION_RANGE         | NO     | 2                  | 2                  
  | INT          | FOLLOW_ROOT              | NO     | 1                  | 1                  
  | INT          | INTEGRAL_CUTOFF          | NO     | 9                  | 9                  
  | INT          | MAX_VECS                 | NO     | 50                 | 50                 
  | INT          | MO_DIIS_NUM_VECS         | NO     | 6                  | 6                  
  | INT          | MO_MAXITER               | NO     | 50                 | 50                 
  | INT          | NUM_ROOTS                | NO     | 4                  | 4                  
  | INT          | PCG_MAXITER              | NO     | 50                 | 50                 
  | INT          | PRINT_LEVEL              | NO     | 0                  | 0                  
  | INT          | VECS_PER_ROOT            | NO     | 1                  | 1                  
  | STRING       | CC_LAMBDA                | NO     | FALSE              | FALSE              
  | STRING       | CHOLESKY                 | NO     | FALSE              | FALSE              
  | STRING       | CIS_ALGORITHM            | NO     | MO_BASIS           | MO_BASIS           
  | STRING       | CIS_GUESS_COEFF          | NO     | MIX                | MIX                
  | STRING       | COMPUT_S2                | NO     | FALSE              | FALSE              
  | STRING       | DIAG_METHOD              | NO     | DAVIDSON           | DAVIDSON           
  | STRING       | DO_DIIS                  | NO     | TRUE               | TRUE               
  | STRING       | DO_LEVEL_SHIFT           | NO     | TRUE               | TRUE               
  | STRING       | DO_SCS                   | NO     | FALSE              | FALSE              
  | STRING       | DO_SOS                   | NO     | FALSE              | FALSE              
  | STRING       | EKT_IP                   | NO     | FALSE              | FALSE              
  | STRING       | FREEZE_CORE              | NO     | TRUE               | TRUE               
  | STRING       | HESS_TYPE                | NO     | HF                 | HF                 
  | STRING       | JK_TYPE                  | NO     | DIRECT             | DIRECT             
  | STRING       | LINEQ_SOLVER             | NO     | CDGESV             | CDGESV             
  | STRING       | MO_READ                  | NO     | FALSE              | FALSE              
  | STRING       | MO_WRITE                 | NO     | FALSE              | FALSE              
  | STRING       | MP2_AMP_TYPE             | NO     | DIRECT             | DIRECT             
  | STRING       | NAT_ORBS                 | NO     | FALSE              | FALSE              
  | STRING       | NBO                      | NO     | TRUE               | TRUE               
  | STRING       | OCC_ORBS_PRINT           | NO     | FALSE              | FALSE              
  | STRING       | OEPROP                   | NO     | FALSE              | FALSE              
  | STRING       | OPT_METHOD               | NO     | QNR                | QNR                
  | STRING       | ORB_RESP_SOLVER          | NO     | PCG                | PCG                
  | STRING       | ORTH_TYPE                | NO     | MGS                | MGS                
  | STRING       | PCG_BETA_TYPE            | NO     | FLETCHER_REEVES    | FLETCHER_REEVES    
  | STRING       | PPL_TYPE                 | NO     | AUTO               | AUTO               
  | STRING       | PRINT_CI_VECS            | NO     | FALSE              | FALSE              
  | STRING       | QCHF                     | NO     | FALSE              | FALSE              
  | STRING       | READ_SCF_3INDEX          | NO     | TRUE               | TRUE               
  | STRING       | REGULARIZATION           | NO     | FALSE              | FALSE              
  | STRING       | REG_TYPE                 | NO     | NORMAL             | NORMAL             
  | STRING       | SCS_TYPE                 | NO     | SCS                | SCS                
  | STRING       | SOS_TYPE                 | NO     | SOS                | SOS                
  | STRING       | TRIPLES_IABC_TYPE        | NO     | DISK               | DISK               
  | STRING       | UNIT_GUESS_TYPE          | NO     | GEN                | GEN                
  | STRING       | EKT_NEGATIVE_OCC         | NO     | ABS                | ABS                
  | BOOL         | SOLVATION                | YES    | TRUE               | FALSE              

	MO spaces... 

	 FC   OCC   VIR   FV 
	----------------------
	  8   21   128    0
 CC-PVDZ primary basis set file will be read for the N atom...
 CC-PVDZ primary basis set file will be read for the C atom...
 CC-PVDZ primary basis set file will be read for the H atom...
 Nmaxthread: 12 
 Nshell: 75 
 Lmax:  2 
 Npmax:  8 
 Nao: 157 
 Ndocc: 29 
 Nsocc:  0 
 NoccA: 29 
 NoccB: 29 
 Primary basis set info has been read.

 CC-PVDZ-RI aux basis set file will be read for the N atom...
 CC-PVDZ-RI aux basis set file will be read for the C atom...
 CC-PVDZ-RI aux basis set file will be read for the H atom...
 Nshell_aux: 198 
 Naux: 574 
 Aux basis set info has been read.

 Cpu time for Metric ints :       0.6000 s
 Wall time for Metric ints:       0.2747 s
 3-Index Algorithm: AUTO 

 Calling fortran integrals: ringing... 
 Done with fintegrals.

 Cpu time for 3-index ints :       5.8100 s
 Wall time for 3-index ints:       2.1089 s
 Cpu time for df-factors :       1.0000 s
 Wall time for df-factors:       0.2734 s
 CC-PVDZ primary basis set file will be read for the N atom...
 CC-PVDZ primary basis set file will be read for the C atom...
 CC-PVDZ primary basis set file will be read for the H atom...
 Nmaxthread: 12 
 Nshell: 75 
 Lmax:  2 
 Npmax:  8 
 Nao: 157 
 Ndocc: 29 
 Nsocc:  0 
 NoccA: 29 
 NoccB: 29 
 Primary basis set info has been read.

 CC-PVDZ-JKFIT aux basis set file will be read for the N atom...
 CC-PVDZ-JKFIT aux basis set file will be read for the C atom...
 CC-PVDZ-JKFIT aux basis set file will be read for the H atom...
 Nshell_aux: 273 
 Naux: 767 
 Aux basis set info has been read.

	Reading DF integrals from disk ...
 Cpu time for Metric ints :       1.3800 s
 Wall time for Metric ints:       0.4864 s
	Number of basis functions in the DF-HF basis: 767
	Number of basis functions in the DF-CC basis: 574

	Available memory                      :  30000.00 MB 
	Minimum required memory for amplitudes:    173.41 MB 
	Memory requirement for B-CC (Q|mu nu) :    113.19 MB 
	Memory requirement for B-CC (Q|ab)    :     75.24 MB 
	Memory requirement for DF-CC int trans:    205.47 MB 

	Computing DF-MP2 energy using SCF MOs (Canonical DF-MP2)... 
	======================================================================= 
	Nuclear Repulsion Energy (a.u.)    :   344.23850576982909
	DF-HF Energy (a.u.)                :  -324.79755366560607
	REF Energy (a.u.)                  :  -324.79755366560607
	DF-MP2 Correlation Energy (a.u.)   :    -1.10418612466187
	DF-MP2 Total Energy (a.u.)         :  -325.90173979026792
	======================================================================= 

	*Total MP2 Energy: -325.90173979026792

	Computing unrelaxed response density matrices...
	Number of independent-pairs: 3712
	Computing the generalized Fock matrix (GFM)...
	Computing the orbital gradient...
	Forming effective orbital gradient...
	Solving orbital Z-vector equations...

	            PCG Solver 
	   ------------------------------ 
	Iter     RMS Z Vector        RMS Residual  
	----    ---------------    ---------------
	  1         1.18e-03         6.13e-04
	  2         3.61e-04         3.00e-04
	  3         1.32e-04         6.73e-05
	  4         4.04e-05         2.95e-05
	  5         1.31e-05         6.57e-06
	  6         4.05e-06         2.97e-06
	  7         2.35e-06         1.47e-06
	  8         9.98e-07         5.53e-07
	  9         2.83e-07         1.79e-07
	 10         6.18e-08         5.78e-08

	Computing the relaxed PDMs and GFM...
	Compute solv. is starting ...

	Initializing Liboeprop (by U. Bozkaya) ...


	-Mulliken Population Analysis for MP2-IAO:
	 1: -0.3468886155 	 2: 0.1727002572 	 3: -0.0976682005 	 4: 0.2832759298 	 5: -0.1269553645 
	 6: -0.1366878978 	 7: -0.0678611545 	 8: -0.2299900933 	 9: 0.0660968223 	10: 0.0628059702 
	11: 0.0617520623 	12: 0.0636054041 	13: 0.0717549097 	14: 0.0740952017 	15: 0.0769471867 
	16: 0.1919594854 	17: 0.1937707028 

	-Lowdin Population Analysis for MP2-IAO:  
	 1: -0.3468886155 	 2: 0.1727002572 	 3: -0.0976682005 	 4: 0.2832759298 	 5: -0.1269553645 
	 6: -0.1366878978 	 7: -0.0678611545 	 8: -0.2299900933 	 9: 0.0660968223 	10: 0.0628059702 
	11: 0.0617520623 	12: 0.0636054041 	13: 0.0717549097 	14: 0.0740952017 	15: 0.0769471867 
	16: 0.1919594854 	17: 0.1937707028 


  ## SOLVATION Options ##

  | TYPE         | KEY                      | INPUT? | VALUE              | DEFAULT            
  |--------------|--------------------------|--------|--------------------|--------------------
  | INT          | NUM_Z_POINTS             | NO     | 90                 | 90                 
  | INT          | NUM_ANG_POINTS           | YES    | 100                | 100                
  | STRING       | SASA_TYPE                | YES    | NUMERIC            | NUMERIC            
  | STRING       | CHARGE_TYPE              | YES    | IAO_MULLIKEN       | IAO_MULLIKEN       
  | STRING       | CDS_TYPE                 | YES    | SMD                | SMD                
  | STRING       | SOLVENT                  | YES    | WATER              | WATER              
  | STRING       | SOLVENT_PARAMS           | YES    | MN21               | SM8                
  | STRING       | DIELECTRIC_PARAMS        | YES    | MN21               | MN21               
  | STRING       | COULOMB_RADII            | YES    | SMD                | SMD                
  | DOUBLE       | COVALENT_VW_CONST        | NO     | 0.76               | 0.76               
  | DOUBLE       | SOLVENT_RADIUS           | NO     | 0.4                | 0.4                
  | STRING       | RADIUS_TYPE              | YES    | SMD                | SMD                
  | DOUBLE       | GB_DIJ                   | NO     | 3.7                | 3.7                
  | DOUBLE       | GB_SIJ                   | NO     | 0.75               | 0.75               
  | DOUBLE       | GB_CIJ                   | NO     | 0.0                | 0.0                
  | DOUBLE       | F_PWSASA                 | NO     | 0.4535             | 0.4535             
  | DOUBLE       | SCALE_VDW                | NO     | 1.0                | 1.0                
  | DOUBLE       | SCALE_CR                 | NO     | 1.0                | 1.0                



 Sasa Type                  : NUMERIC 
 Charge Type                : IAO_MULLIKEN 
 CDS Type                   : SMD 
 Radius Type                : SMD 
 Solvent                    : WATER 
 Solvent Parameters         : MN21 
 Dielectric Parameters      : MN21 
 Coulomb Radii Parameters   : SMD 
 GB d_ij parameter          : 3.7000000000 
 GB S_ij parameter          : 0.7500000000 
 GB C_ij parameter          : 0.0000000000 
 Sclae_vdw parameter        : 1.0000000000 
 Number of z-points         : 90 
 Number of angular points   : 100 
 Number of SASA grid points : 17902 
 Solvent Dielectric Constant: 78.3553000000 

 VDW Radii:
	  1 N :       1.5500  ang
	  2 C :       1.7000  ang
	  3 C :       1.7000  ang
	  4 C :       1.7000  ang
	  5 C :       1.7000  ang
	  6 C :       1.7000  ang
	  7 C :       1.7000  ang
	  8 C :       1.7000  ang
	  9 H :       1.2000  ang
	 10 H :       1.2000  ang
	 11 H :       1.2000  ang
	 12 H :       1.2000  ang
	 13 H :       1.2000  ang
	 14 H :       1.2000  ang
	 15 H :       1.2000  ang
	 16 H :       1.2000  ang
	 17 H :       1.2000  ang

	 Computing SASA... 

 Atomic SASA values:
	  1 N :      10.7968  ang^2
	  2 C :       5.2873  ang^2
	  3 C :       9.4292  ang^2
	  4 C :       6.3677  ang^2
	  5 C :       9.9865  ang^2
	  6 C :      10.1474  ang^2
	  7 C :      10.6365  ang^2
	  8 C :       9.1383  ang^2
	  9 H :      10.7856  ang^2
	 10 H :      11.7973  ang^2
	 11 H :      11.9572  ang^2
	 12 H :      13.0570  ang^2
	 13 H :      11.8674  ang^2
	 14 H :      12.8539  ang^2
	 15 H :      11.5439  ang^2
	 16 H :      12.8360  ang^2
	 17 H :      12.8953  ang^2

	*Total SASA (angs^2): 181.3834107590 


 Coulomb Radii:
	  1 N :       1.8900  ang
	  2 C :       1.8500  ang
	  3 C :       1.8500  ang
	  4 C :       1.8500  ang
	  5 C :       1.8500  ang
	  6 C :       1.8500  ang
	  7 C :       1.8500  ang
	  8 C :       1.8500  ang
	  9 H :       1.2000  ang
	 10 H :       1.2000  ang
	 11 H :       1.2000  ang
	 12 H :       1.2000  ang
	 13 H :       1.2000  ang
	 14 H :       1.2000  ang
	 15 H :       1.2000  ang
	 16 H :       1.2000  ang
	 17 H :       1.2000  ang
 Solvent Alpha                       : 1.1700000000 

 ## Effective Born Radius (bohr) ##
   0   4.2110107308 
   1   4.8847336981 
   2   4.8612801122 
   3   4.7892753356 
   4   4.6428087670 
   5   4.6325940174 
   6   4.4943130482 
   7   4.1322149461 
   8   3.5361373720 
   9   3.3394672360 
  10   3.3580986748 
  11   3.2139209654 
  12   3.2381248700 
  13   3.1916792213 
  14   3.2464574876 
  15   3.2317402946 
  16   3.2225915849 

 Effective Born Radii:
	  1 N :       2.2284  ang
	  2 C :       2.5849  ang
	  3 C :       2.5725  ang
	  4 C :       2.5344  ang
	  5 C :       2.4569  ang
	  6 C :       2.4515  ang
	  7 C :       2.3783  ang
	  8 C :       2.1867  ang
	  9 H :       1.8712  ang
	 10 H :       1.7672  ang
	 11 H :       1.7770  ang
	 12 H :       1.7007  ang
	 13 H :       1.7135  ang
	 14 H :       1.6890  ang
	 15 H :       1.7180  ang
	 16 H :       1.7102  ang
	 17 H :       1.7053  ang


 Coulomb Integrals:
	  1  1 :       0.2375  bohr^-1
	  1  2 :       0.1292  bohr^-1
	  1  3 :       0.1654  bohr^-1
	  1  4 :       0.1987  bohr^-1
	  1  5 :       0.1187  bohr^-1
	  1  6 :       0.1675  bohr^-1
	  1  7 :       0.1312  bohr^-1
	  1  8 :       0.1045  bohr^-1
	  1  9 :       0.1703  bohr^-1
	  1 10 :       0.0993  bohr^-1
	  1 11 :       0.1714  bohr^-1
	  1 12 :       0.1137  bohr^-1
	  1 13 :       0.1043  bohr^-1
	  1 14 :       0.0987  bohr^-1
	  1 15 :       0.0908  bohr^-1
	  1 16 :       0.2478  bohr^-1
	  1 17 :       0.2481  bohr^-1
	  2  1 :       0.1292  bohr^-1
	  2  2 :       0.2047  bohr^-1
	  2  3 :       0.1861  bohr^-1
	  2  4 :       0.1591  bohr^-1
	  2  5 :       0.1896  bohr^-1
	  2  6 :       0.1504  bohr^-1
	  2  7 :       0.1627  bohr^-1
	  2  8 :       0.1953  bohr^-1
	  2  9 :       0.1833  bohr^-1
	  2 10 :       0.1859  bohr^-1
	  2 11 :       0.1285  bohr^-1
	  2 12 :       0.1431  bohr^-1
	  2 13 :       0.1871  bohr^-1
	  2 14 :       0.1880  bohr^-1
	  2 15 :       0.1871  bohr^-1
	  2 16 :       0.1267  bohr^-1
	  2 17 :       0.1150  bohr^-1
	  3  1 :       0.1654  bohr^-1
	  3  2 :       0.1861  bohr^-1
	  3  3 :       0.2057  bohr^-1
	  3  4 :       0.1875  bohr^-1
	  3  5 :       0.1618  bohr^-1
	  3  6 :       0.1617  bohr^-1
	  3  7 :       0.1528  bohr^-1
	  3  8 :       0.1635  bohr^-1
	  3  9 :       0.2220  bohr^-1
	  3 10 :       0.1427  bohr^-1
	  3 11 :       0.1424  bohr^-1
	  3 12 :       0.1301  bohr^-1
	  3 13 :       0.1663  bohr^-1
	  3 14 :       0.1563  bohr^-1
	  3 15 :       0.1430  bohr^-1
	  3 16 :       0.1706  bohr^-1
	  3 17 :       0.1468  bohr^-1
	  4  1 :       0.1987  bohr^-1
	  4  2 :       0.1591  bohr^-1
	  4  3 :       0.1875  bohr^-1
	  4  4 :       0.2088  bohr^-1
	  4  5 :       0.1511  bohr^-1
	  4  6 :       0.1912  bohr^-1
	  4  7 :       0.1636  bohr^-1
	  4  8 :       0.1274  bohr^-1
	  4  9 :       0.1842  bohr^-1
	  4 10 :       0.1288  bohr^-1
	  4 11 :       0.1866  bohr^-1
	  4 12 :       0.1436  bohr^-1
	  4 13 :       0.1242  bohr^-1
	  4 14 :       0.1196  bohr^-1
	  4 15 :       0.1126  bohr^-1
	  4 16 :       0.1932  bohr^-1
	  4 17 :       0.1934  bohr^-1
	  5  1 :       0.1187  bohr^-1
	  5  2 :       0.1896  bohr^-1
	  5  3 :       0.1618  bohr^-1
	  5  4 :       0.1511  bohr^-1
	  5  5 :       0.2154  bohr^-1
	  5  6 :       0.1635  bohr^-1
	  5  7 :       0.1962  bohr^-1
	  5  8 :       0.1651  bohr^-1
	  5  9 :       0.1425  bohr^-1
	  5 10 :       0.2319  bohr^-1
	  5 11 :       0.1431  bohr^-1
	  5 12 :       0.1907  bohr^-1
	  5 13 :       0.1447  bohr^-1
	  5 14 :       0.1543  bohr^-1
	  5 15 :       0.1692  bohr^-1
	  5 16 :       0.1098  bohr^-1
	  5 17 :       0.1096  bohr^-1
	  6  1 :       0.1675  bohr^-1
	  6  2 :       0.1504  bohr^-1
	  6  3 :       0.1617  bohr^-1
	  6  4 :       0.1912  bohr^-1
	  6  5 :       0.1635  bohr^-1
	  6  6 :       0.2159  bohr^-1
	  6  7 :       0.1965  bohr^-1
	  6  8 :       0.1165  bohr^-1
	  6  9 :       0.1424  bohr^-1
	  6 10 :       0.1433  bohr^-1
	  6 11 :       0.2315  bohr^-1
	  6 12 :       0.1912  bohr^-1
	  6 13 :       0.1077  bohr^-1
	  6 14 :       0.1082  bohr^-1
	  6 15 :       0.1076  bohr^-1
	  6 16 :       0.1476  bohr^-1
	  6 17 :       0.1722  bohr^-1
	  7  1 :       0.1312  bohr^-1
	  7  2 :       0.1627  bohr^-1
	  7  3 :       0.1528  bohr^-1
	  7  4 :       0.1636  bohr^-1
	  7  5 :       0.1962  bohr^-1
	  7  6 :       0.1965  bohr^-1
	  7  7 :       0.2225  bohr^-1
	  7  8 :       0.1288  bohr^-1
	  7  9 :       0.1299  bohr^-1
	  7 10 :       0.1903  bohr^-1
	  7 11 :       0.1900  bohr^-1
	  7 12 :       0.2388  bohr^-1
	  7 13 :       0.1140  bohr^-1
	  7 14 :       0.1191  bohr^-1
	  7 15 :       0.1257  bohr^-1
	  7 16 :       0.1161  bohr^-1
	  7 17 :       0.1278  bohr^-1
	  8  1 :       0.1045  bohr^-1
	  8  2 :       0.1953  bohr^-1
	  8  3 :       0.1635  bohr^-1
	  8  4 :       0.1274  bohr^-1
	  8  5 :       0.1651  bohr^-1
	  8  6 :       0.1165  bohr^-1
	  8  7 :       0.1288  bohr^-1
	  8  8 :       0.2420  bohr^-1
	  8  9 :       0.1686  bohr^-1
	  8 10 :       0.1695  bohr^-1
	  8 11 :       0.0973  bohr^-1
	  8 12 :       0.1115  bohr^-1
	  8 13 :       0.2460  bohr^-1
	  8 14 :       0.2473  bohr^-1
	  8 15 :       0.2458  bohr^-1
	  8 16 :       0.1048  bohr^-1
	  8 17 :       0.0912  bohr^-1
	  9  1 :       0.1703  bohr^-1
	  9  2 :       0.1833  bohr^-1
	  9  3 :       0.2220  bohr^-1
	  9  4 :       0.1842  bohr^-1
	  9  5 :       0.1425  bohr^-1
	  9  6 :       0.1424  bohr^-1
	  9  7 :       0.1299  bohr^-1
	  9  8 :       0.1686  bohr^-1
	  9  9 :       0.2828  bohr^-1
	  9 10 :       0.1212  bohr^-1
	  9 11 :       0.1211  bohr^-1
	  9 12 :       0.1065  bohr^-1
	  9 13 :       0.1849  bohr^-1
	  9 14 :       0.1610  bohr^-1
	  9 15 :       0.1375  bohr^-1
	  9 16 :       0.1902  bohr^-1
	  9 17 :       0.1415  bohr^-1
	 10  1 :       0.0993  bohr^-1
	 10  2 :       0.1859  bohr^-1
	 10  3 :       0.1427  bohr^-1
	 10  4 :       0.1288  bohr^-1
	 10  5 :       0.2319  bohr^-1
	 10  6 :       0.1433  bohr^-1
	 10  7 :       0.1903  bohr^-1
	 10  8 :       0.1695  bohr^-1
	 10  9 :       0.1212  bohr^-1
	 10 10 :       0.2994  bohr^-1
	 10 11 :       0.1214  bohr^-1
	 10 12 :       0.1890  bohr^-1
	 10 13 :       0.1392  bohr^-1
	 10 14 :       0.1555  bohr^-1
	 10 15 :       0.1897  bohr^-1
	 10 16 :       0.0913  bohr^-1
	 10 17 :       0.0912  bohr^-1
	 11  1 :       0.1714  bohr^-1
	 11  2 :       0.1285  bohr^-1
	 11  3 :       0.1424  bohr^-1
	 11  4 :       0.1866  bohr^-1
	 11  5 :       0.1431  bohr^-1
	 11  6 :       0.2315  bohr^-1
	 11  7 :       0.1900  bohr^-1
	 11  8 :       0.0973  bohr^-1
	 11  9 :       0.1211  bohr^-1
	 11 10 :       0.1214  bohr^-1
	 11 11 :       0.2978  bohr^-1
	 11 12 :       0.1892  bohr^-1
	 11 13 :       0.0898  bohr^-1
	 11 14 :       0.0902  bohr^-1
	 11 15 :       0.0898  bohr^-1
	 11 16 :       0.1414  bohr^-1
	 11 17 :       0.1909  bohr^-1
	 12  1 :       0.1137  bohr^-1
	 12  2 :       0.1431  bohr^-1
	 12  3 :       0.1301  bohr^-1
	 12  4 :       0.1436  bohr^-1
	 12  5 :       0.1907  bohr^-1
	 12  6 :       0.1912  bohr^-1
	 12  7 :       0.2388  bohr^-1
	 12  8 :       0.1115  bohr^-1
	 12  9 :       0.1065  bohr^-1
	 12 10 :       0.1890  bohr^-1
	 12 11 :       0.1892  bohr^-1
	 12 12 :       0.3111  bohr^-1
	 12 13 :       0.0966  bohr^-1
	 12 14 :       0.1022  bohr^-1
	 12 15 :       0.1109  bohr^-1
	 12 16 :       0.0981  bohr^-1
	 12 17 :       0.1123  bohr^-1
	 13  1 :       0.1043  bohr^-1
	 13  2 :       0.1871  bohr^-1
	 13  3 :       0.1663  bohr^-1
	 13  4 :       0.1242  bohr^-1
	 13  5 :       0.1447  bohr^-1
	 13  6 :       0.1077  bohr^-1
	 13  7 :       0.1140  bohr^-1
	 13  8 :       0.2460  bohr^-1
	 13  9 :       0.1849  bohr^-1
	 13 10 :       0.1392  bohr^-1
	 13 11 :       0.0898  bohr^-1
	 13 12 :       0.0966  bohr^-1
	 13 13 :       0.3088  bohr^-1
	 13 14 :       0.2307  bohr^-1
	 13 15 :       0.2293  bohr^-1
	 13 16 :       0.1085  bohr^-1
	 13 17 :       0.0900  bohr^-1
	 14  1 :       0.0987  bohr^-1
	 14  2 :       0.1880  bohr^-1
	 14  3 :       0.1563  bohr^-1
	 14  4 :       0.1196  bohr^-1
	 14  5 :       0.1543  bohr^-1
	 14  6 :       0.1082  bohr^-1
	 14  7 :       0.1191  bohr^-1
	 14  8 :       0.2473  bohr^-1
	 14  9 :       0.1610  bohr^-1
	 14 10 :       0.1555  bohr^-1
	 14 11 :       0.0902  bohr^-1
	 14 12 :       0.1022  bohr^-1
	 14 13 :       0.2307  bohr^-1
	 14 14 :       0.3133  bohr^-1
	 14 15 :       0.2305  bohr^-1
	 14 16 :       0.0982  bohr^-1
	 14 17 :       0.0851  bohr^-1
	 15  1 :       0.0908  bohr^-1
	 15  2 :       0.1871  bohr^-1
	 15  3 :       0.1430  bohr^-1
	 15  4 :       0.1126  bohr^-1
	 15  5 :       0.1692  bohr^-1
	 15  6 :       0.1076  bohr^-1
	 15  7 :       0.1257  bohr^-1
	 15  8 :       0.2458  bohr^-1
	 15  9 :       0.1375  bohr^-1
	 15 10 :       0.1897  bohr^-1
	 15 11 :       0.0898  bohr^-1
	 15 12 :       0.1109  bohr^-1
	 15 13 :       0.2293  bohr^-1
	 15 14 :       0.2305  bohr^-1
	 15 15 :       0.3080  bohr^-1
	 15 16 :       0.0894  bohr^-1
	 15 17 :       0.0806  bohr^-1
	 16  1 :       0.2478  bohr^-1
	 16  2 :       0.1267  bohr^-1
	 16  3 :       0.1706  bohr^-1
	 16  4 :       0.1932  bohr^-1
	 16  5 :       0.1098  bohr^-1
	 16  6 :       0.1476  bohr^-1
	 16  7 :       0.1161  bohr^-1
	 16  8 :       0.1048  bohr^-1
	 16  9 :       0.1902  bohr^-1
	 16 10 :       0.0913  bohr^-1
	 16 11 :       0.1414  bohr^-1
	 16 12 :       0.0981  bohr^-1
	 16 13 :       0.1085  bohr^-1
	 16 14 :       0.0982  bohr^-1
	 16 15 :       0.0894  bohr^-1
	 16 16 :       0.3094  bohr^-1
	 16 17 :       0.2358  bohr^-1
	 17  1 :       0.2481  bohr^-1
	 17  2 :       0.1150  bohr^-1
	 17  3 :       0.1468  bohr^-1
	 17  4 :       0.1934  bohr^-1
	 17  5 :       0.1096  bohr^-1
	 17  6 :       0.1722  bohr^-1
	 17  7 :       0.1278  bohr^-1
	 17  8 :       0.0912  bohr^-1
	 17  9 :       0.1415  bohr^-1
	 17 10 :       0.0912  bohr^-1
	 17 11 :       0.1909  bohr^-1
	 17 12 :       0.1123  bohr^-1
	 17 13 :       0.0900  bohr^-1
	 17 14 :       0.0851  bohr^-1
	 17 15 :       0.0806  bohr^-1
	 17 16 :       0.2358  bohr^-1
	 17 17 :       0.3103  bohr^-1


	*Molecular contr. to CDS energy:       0.0000  kcal/mol
	*Total CDS energy:       3.4381  kcal/mol
	*MP2::Polarization Free Energy (au)      : -0.0096617470 
	*MP2::Polarization Free Energy (kcal/mol):      -6.0628 
	*MP2::CDS Free Energy (au)      : 0.0054788907 
	*MP2::CDS Free Energy (kcal/mol):       3.4381 
	*MP2::Total Solvation Free Energy (au)      : -0.0041828563 
	*MP2::Total Solvation Free Energy (kcal/mol):      -2.6248 
	GB-MP2 Total Energy (a.u.)         :  -325.90592264657829

	*Total GB-MP2 Energy: -325.90173979026792


 Cpu time for MacroQC :       2.5005 minutes
 Wall time for MacroQC:       0.9802 minutes


 ******************************************************************************************
	 MacroQC terminates normally:) 
 ****************************************************************************************** 

