 ==========================================================================================
 =========                __  ___                         ____  ______            =========
 ======                  /  |/  /___ _______________     / __ \/ ____/               ======
 ====                   / /|_/ / __ `/ ___/ ___/ __ \   / / / / /                      ====
 ===                   / /  / / /_/ / /__/ /  / /_/ /  / /_/ / /___                     ===
 ==                   /_/  /_/\__,_/\___/_/   \____/   \___\_\____/                      ==
 ===                                                                1.0.4                ===
 =====     An electronic structure theory software for large-scale applications       =====
 ======                                 See license.txt for license info             ======
 =========                                                                        =========
 ==========================================================================================
                                                                                           
                           * * * * * * * * * * * * * * * * * * * *                        
                           *            Developed by             *                        
                           *             U. Bozkaya              *                        
                           *                                     *                        
                           *       With contributions from:      *                        
                           *         B. Ermis, Y. Alagoz,        *                        
                           *         A. Unal, and A. K. Uyar     *                        
                           *         Git Version: deab493        *                        
                           *       Latest Revision: 2026-03-23   *                        
                           * * * * * * * * * * * * * * * * * * * *                        


 Run date: Sat Dec 21 08:31:26 2024
 
 Hostname: ub5 

 ## MacroQC input file ##
 ******************************************************************************************
$set_molecule
0 1
N      -2.3354651913     0.0000102067     0.2497817127
C       1.9055495034    -0.0000254876    -0.5988017346
C       0.4243949011    -0.0000078883    -0.3226386848
C       2.7503104208     0.0000191007     0.6828245705
C      -0.2918986786    -1.1861756897    -0.1748601364
C      -0.2918834219     1.1861702777    -0.1748731852
C      -1.6508836892    -1.1353949051     0.1069993851
C      -1.6508717782     1.1354050739     0.1069792768
H       2.1596359105    -0.8765493493    -1.1985725747
H       2.1596506725     0.8764415264    -1.1986489900
H       2.5408425308     0.8806656929     1.2914694426
H       3.8145054983    -0.0000097270     0.4438408758
H       2.5408116097    -0.8805703338     1.2915407654
H       0.2000697866    -2.1445974665    -0.2855417958
H       0.2000914983     2.1445870719    -0.2855679248
H      -2.2178390869    -2.0532585686     0.2196289100
H      -2.2178156257     2.0532768164     0.2196023541
$end_molecule


$set_globals
   basis cc-pvdz
  method mp2
  reference rhf
  jobtype energy
  memory 30000
$end_globals


$set_scf
  e_convergence 1.0e-8
  d_convergence 1.0e-6
  guess sad
  solvation true
$end_scf


$set_solvation
  cds_type smd
  radius_type smd
  solvent_params mn21
  dielectric_params mn21 #sm8
  sasa_type numeric
  solvent water
  num_ang_points 100
  charge_type iao_mulliken #iao_lowdin, mulliken, lowdin
  coulomb_radii smd
$end_solvation

$set_dfocc
solvation true
$end_dfocc

 ******************************************************************************************


	-Geometry before Center-of-Mass shift (ang): 
	 Number     Atom               X                    Y                       Z  
	 ---------------------------------------------------------------------------------------
           1     N            -2.3354651913          0.0000102067           0.2497817127  
           2     C             1.9055495034         -0.0000254876          -0.5988017346  
           3     C             0.4243949011         -0.0000078883          -0.3226386848  
           4     C             2.7503104208          0.0000191007           0.6828245705  
           5     C            -0.2918986786         -1.1861756897          -0.1748601364  
           6     C            -0.2918834219          1.1861702777          -0.1748731852  
           7     C            -1.6508836892         -1.1353949051           0.1069993851  
           8     C            -1.6508717782          1.1354050739           0.1069792768  
           9     H             2.1596359105         -0.8765493493          -1.1985725747  
          10     H             2.1596506725          0.8764415264          -1.1986489900  
          11     H             2.5408425308          0.8806656929           1.2914694426  
          12     H             3.8145054983         -0.0000097270           0.4438408758  
          13     H             2.5408116097         -0.8805703338           1.2915407654  
          14     H             0.2000697866         -2.1445974665          -0.2855417958  
          15     H             0.2000914983          2.1445870719          -0.2855679248  
          16     H            -2.2178390869         -2.0532585686           0.2196289100  
          17     H            -2.2178156257          2.0532768164           0.2196023541  



	-Geometry after Center-of-Mass shift (ang): 
	 Atom               X                    Y                       Z  
	 -------------------------------------------------------------------
     N          -2.2503339622          0.0000100736           0.2543868514  
     C           1.9906807325         -0.0000256207          -0.5941965959  
     C           0.5095261302         -0.0000080214          -0.3180335461  
     C           2.8354416499          0.0000189676           0.6874297092  
     C          -0.2067674495         -1.1861758228          -0.1702549977  
     C          -0.2067521928          1.1861701446          -0.1702680465  
     C          -1.5657524601         -1.1353950382           0.1116045238  
     C          -1.5657405491          1.1354049408           0.1115844155  
     H           2.2447671396         -0.8765494824          -1.1939674360  
     H           2.2447819016          0.8764413933          -1.1940438513  
     H           2.6259737599          0.8806655598           1.2960745813  
     H           3.8996367274         -0.0000098601           0.4484460145  
     H           2.6259428388         -0.8805704669           1.2961459041  
     H           0.2852010157         -2.1445975996          -0.2809366571  
     H           0.2852227274          2.1445869388          -0.2809627861  
     H          -2.1327078578         -2.0532587017           0.2242340487  
     H          -2.1326843966          2.0532766833           0.2242074928  


	-Geometry after Center-of-Mass shift (bohr): 
	 Atom               X                    Y                       Z  
	 -------------------------------------------------------------------
     N          -4.2525148793          0.0000190363           0.4807214791  
     C           3.7618413877         -0.0000484162          -1.1228688309  
     C           0.9628648399         -0.0000151583          -0.6009963009  
     C           5.3582081631          0.0000358435           1.2990538809  
     C          -0.3907338512         -2.2415474418          -0.3217353172  
     C          -0.3907050202          2.2415367114          -0.3217599758  
     C          -2.9588433298         -2.1455856665           0.2109019843  
     C          -2.9588208213          2.1456043795           0.2108639852  
     H           4.2419951093         -1.6564384572          -2.2562714568  
     H           4.2420230055          1.6562341983          -2.2564158608  
     H           4.9623712189          1.6642167161           2.4492259968  
     H           7.3692454036         -0.0000186329           0.8474401494  
     H           4.9623127865         -1.6640370167           2.4493607774  
     H           0.5389518104         -4.0527021126          -0.5308933405  
     H           0.5389928396          4.0526819665          -0.5309427172  
     H          -4.0302337568         -3.8800966110           0.4237409400  
     H          -4.0301894216          3.8801305912           0.4236907567  


    Rotational Constants: A =     0.16006  B =     0.04867  C =      0.04089 [cm^-1] 
    Rotor Type: SYMMETRIC 

	-Nuclear Dipole Moment: (e a0)  
	 X:  9.33073   Y:  -0.00001   Z:  0.50474   Total:  9.34437 

	-Nuclear Dipole Moment: (D)  
	 X:  23.71636   Y:  -0.00004   Z:  1.28293   Total:  23.75103 


    Nuclear repulsion energy (V_NN)              : 343.452999017978 
   =====================================================
   Charge                : 0 
   Multiplicity          : 1 
   Number of Atoms       : 17 
   Number of Ghost Atoms : 0 
   Number of Electrons   : 58 
   Number of alpha occupied orbitals (NoccA)  : 29 
   Number of beta occupied orbitals (NoccB)   : 29 
   Number of singly occupied orbitals (Nsocc) : 0 
   Number of doubly occupied orbitals (Ndocc) : 29 
   =====================================================



  ## GLOBALS Options ##

  | TYPE         | KEY                      | INPUT? | VALUE              | DEFAULT            
  |--------------|--------------------------|--------|--------------------|--------------------
  | BOOL         | ERI_DISK                 | NO     | FALSE              | FALSE              
  | BOOL         | FREEZE_CORE              | NO     | TRUE               | TRUE               
  | BOOL         | MOL_FRAG                 | NO     | FALSE              | FALSE              
  | BOOL         | NOCOM                    | NO     | FALSE              | FALSE              
  | BOOL         | NOREORIENT               | NO     | TRUE               | TRUE               
  | BOOL         | PUREAM                   | NO     | TRUE               | TRUE               
  | BOOL         | ML                       | NO     | FALSE              | FALSE              
  | BOOL         | READ_PDB                 | NO     | FALSE              | FALSE              
  | BOOL         | TEST_MODE                | NO     | FALSE              | FALSE              
  | INT          | DERIVE_LEVEL             | NO     | 0                  | 0                  
  | INT          | FINDIF_POINTS            | NO     | 3                  | 3                  
  | INT          | MEMORY                   | YES    | 30000              | 2000               
  | INT          | NUM_THREADS              | NO     | 1                  | 1                  
  | INT          | NUM_FROZEN_DOCC          | NO     | 0                  | 0                  
  | INT          | NUM_FROZEN_VIR           | NO     | 0                  | 0                  
  | INT          | PRINT_LEVEL              | NO     | 0                  | 0                  
  | STRING       | AUX_BASIS_CORR           | NO     | CC-PVDZ-RI         | CC-PVDZ-RI         
  | STRING       | AUX_BASIS_SCF            | NO     | CC-PVDZ-JKFIT      | CC-PVDZ-JKFIT      
  | STRING       | BASIS                    | YES    | CC-PVDZ            | CC-PVDZ            
  | STRING       | BASIS2                   | NO     | MINAO              | MINAO              
  | STRING       | DERIVE_TYPE              | NO     | ANALYTIC           | ANALYTIC           
  | STRING       | FINDIF_METHOD            | NO     | GRAD               | GRAD               
  | STRING       | GEOM_UNITS               | NO     | ANG                | ANG                
  | STRING       | JOBTYPE                  | YES    | ENERGY             | ENERGY             
  | STRING       | METHOD                   | YES    | MP2                | SCF                
  | STRING       | REFERENCE                | YES    | RHF                | RHF                
  | STRING       | OUTFILE_MODE             | NO     | NEW                | NEW                
  | DOUBLE       | STEP_BOHR                | NO     | 0.05               | 0.05               
  | STR_ARRAY    | MOLECULE_GEOM_FROM       | NO     | [input]            | [input]            
  | DOUBLE_ARRAY | ELECTRIC_STRENGTH        | NO     | [0.001;0.001;0.001]| [0.001;0.001;0.001]
  | STRING       | ELECTRIC_FIELD           | NO     | NONE               | NONE               
  | STRING       | ALIGN_TWO_ATOMS          | NO     | NONE               | NONE               
  | INT_ARRAY    | TWO_ATOMS                | NO     | [0]                | [0]                



  ## INTS Options ##

  | TYPE         | KEY                      | INPUT? | VALUE              | DEFAULT            
  |--------------|--------------------------|--------|--------------------|--------------------
  | DOUBLE       | BOYS_CUTOFF              | NO     | 1e-15              | 1e-15              
  | DOUBLE       | BOYS_ZERO                | NO     | 1e-06              | 1e-06              
  | DOUBLE       | DELTA_X                  | NO     | 0.1                | 0.1                
  | DOUBLE       | INTEGRAL_CUTOFF          | NO     | 1e-10              | 1e-10              
  | DOUBLE       | X_MAX                    | NO     | 30.0               | 30.0               
  | INT          | BOYS_MAXITER             | NO     | 10000              | 10000              
  | INT          | MAX_AM                   | NO     | 7                  | 7                  
  | INT          | MAX_AM_AUX               | NO     | 7                  | 7                  
  | INT          | PRINT_LEVEL              | NO     | 0                  | 0                  
  | INT          | TAYLOR_ORDER             | NO     | 6                  | 6                  
  | STRING       | 3INDEX_ALGORITHM         | NO     | AUTO               | AUTO               
  | STRING       | BOYS_METHOD              | NO     | GHP                | GHP                
  | STRING       | ERI_ALGORITHM            | NO     | MD4                | MD4                


	Initializing Liboeprop (by U. Bozkaya) ...

	*=================================================================*
	*                  SCF                                            *
	*   Developed by U. Bozkaya & Y. Alagoz                           *
	*   Latest revision Feb 16, 2021                                  *
	*=================================================================*



  ## SCF Options ##

  | TYPE         | KEY                      | INPUT? | VALUE              | DEFAULT            
  |--------------|--------------------------|--------|--------------------|--------------------
  | BOOL         | DIIS_DAMP                | NO     | FALSE              | FALSE              
  | BOOL         | DIE_IF_NOT_CONVERGED     | NO     | TRUE               | TRUE               
  | BOOL         | DO_DF                    | NO     | TRUE               | TRUE               
  | BOOL         | DIIS                     | NO     | TRUE               | TRUE               
  | BOOL         | FOCK_DAMP                | NO     | FALSE              | FALSE              
  | BOOL         | GUESS_MIX                | NO     | FALSE              | FALSE              
  | BOOL         | GUESS_PREVIOUS           | NO     | FALSE              | FALSE              
  | BOOL         | LOCAL                    | NO     | FALSE              | FALSE              
  | BOOL         | RETRY                    | NO     | TRUE               | TRUE               
  | DOUBLE       | CUTOFF                   | NO     | 1e-10              | 1e-10              
  | DOUBLE       | D_CONVERGENCE            | YES    | 1e-06              | 1e-06              
  | DOUBLE       | DAMP_PARAM               | NO     | 0.02               | 0.02               
  | DOUBLE       | E_CONVERGENCE            | YES    | 1e-08              | 1e-08              
  | DOUBLE       | FOCK_DAMP_PERC           | NO     | 20.0               | 20.0               
  | DOUBLE       | MIN_OVERLAP_EIGVAL       | NO     | 1e-06              | 1e-06              
  | DOUBLE       | LOCAL_CONVERGENCE        | NO     | 1e-08              | 1e-08              
  | DOUBLE       | QC_GUESS_E_CONVERGENCE   | NO     | 0.0001             | 0.0001             
  | DOUBLE       | QC_GUESS_D_CONVERGENCE   | NO     | 0.005              | 0.005              
  | INT          | MAX_DIIS                 | NO     | 6                  | 6                  
  | INT          | MIN_DIIS                 | NO     | 2                  | 2                  
  | INT          | PRINT_LEVEL              | NO     | 0                  | 0                  
  | INT          | SCF_MAXITER              | NO     | 50                 | 50                 
  | INT          | LOCAL_MAXITER            | NO     | 50                 | 50                 
  | STRING       | DIIS_ALGORITHM           | NO     | DISK               | DISK               
  | STRING       | GUESS                    | YES    | SAD                | SAD                
  | BOOL         | MO_WRITE                 | NO     | FALSE              | FALSE              
  | BOOL         | FOCK_WRITE               | NO     | FALSE              | FALSE              
  | STRING       | ORTH_TYPE                | NO     | CANONICAL          | CANONICAL          
  | STRING       | ROHF_CANONIC_TYPE        | NO     | GUEST              | GUEST              
  | STRING       | ERI                      | NO     | INCORE             | INCORE             
  | STRING       | SCF_ALGORITHM            | NO     | ROOTHAAN           | ROOTHAAN           
  | STRING       | LOCAL_TYPE               | NO     | BOYS               | BOYS               
  | BOOL         | SAD_FRAC_OCC             | NO     | TRUE               | TRUE               
  | BOOL         | SAD_SPIN_AVERAGE         | NO     | TRUE               | TRUE               
  | DOUBLE       | SAD_E_CONVERGENCE        | NO     | 1e-05              | 1e-05              
  | DOUBLE       | SAD_D_CONVERGENCE        | NO     | 1e-05              | 1e-05              
  | INT          | SAD_MAXITER              | NO     | 50                 | 50                 
  | BOOL         | NIE                      | NO     | FALSE              | FALSE              
  | BOOL         | SAD_DIIS                 | NO     | TRUE               | TRUE               
  | INT          | SAD_MAX_DIIS             | NO     | 6                  | 6                  
  | INT          | SAD_MIN_DIIS             | NO     | 2                  | 2                  
  | INT          | SAD_PRINT                | NO     | 0                  | 0                  
  | STRING       | SAD_AUX_BASIS            | NO     | SAD-FIT            | SAD-FIT            
  | DOUBLE       | SAD_CHOLESKY_TOLERANCE   | NO     | 1e-07              | 1e-07              
  | BOOL         | SOLVATION                | YES    | TRUE               | FALSE              
  | BOOL         | BYPASS                   | NO     | FALSE              | FALSE              
  | STRING       | IAO_TYPE                 | NO     | STANDARD2013       | STANDARD2013       
  | BOOL         | USE_IAOS                 | NO     | FALSE              | FALSE              

	Initializing libdiis ...
	Initializing libmolint 1.1 ...
 CC-PVDZ primary basis set file will be read for the N atom...
 CC-PVDZ primary basis set file will be read for the C atom...
 CC-PVDZ primary basis set file will be read for the H atom...
 Nmaxthread: 16 
 Nshell: 75 
 Lmax:  2 
 Npmax:  8 
 Nao: 157 
 Ndocc: 29 
 Nsocc:  0 
 NoccA: 29 
 NoccB: 29 
 Primary basis set info has been read.

 CC-PVDZ-JKFIT aux basis set file will be read for the N atom...
 CC-PVDZ-JKFIT aux basis set file will be read for the C atom...
 CC-PVDZ-JKFIT aux basis set file will be read for the H atom...
 Nshell_aux: 273 
 Naux: 767 
 Aux basis set info has been read.

 orth_type: CANONICAL 
 Cpu time for S ints :       0.0300 s
 Wall time for S ints:       0.0130 s

 Using canonical orthogonalization. 
 Minimum eigenvalue in the overlap matrix is:   6.5896E-04 

 Cpu time for T ints :       0.0800 s
 Wall time for T ints:       0.0188 s
 Cpu time for V ints :       0.7900 s
 Wall time for V ints:       0.1997 s
 Cpu time for Metric ints :       0.9800 s
 Wall time for Metric ints:       0.2490 s
 3-Index Algorithm: AUTO 

 Calling fortran integrals: ringing... 
 Done with fintegrals.

 Cpu time for 3-index ints :       4.1900 s
 Wall time for 3-index ints:       1.2297 s
 Cpu time for df-factors :       1.8400 s
 Wall time for df-factors:       0.4705 s


 Puream (True=1, False=0) : 1
 Number of AO             : 157
 Number of MO             : 157
 Number of Aux Functions  : 767
 Charge                   : 0
 Multiplicity             : 1
 Alpha OCC                : 29
 Beta OCC                 : 29
 Nuclear Repulsion Energy : 343.45299902
 Energy Treshold          : 1.0e-08
 Density Treshold         : 1.0e-06
 Iteration Limit          : 50
 Guess                    : SAD
 Guess Mix                : false
 Diis                     : true
 Diis Damping             : false
 Diis Damp Parameter      : 0.02
 Diis Algorithm           : DISK
 Cutoff Treshold          : 1.0e-10
 Density Fitting          : true
 Reference                : RHF
 Die If Not Converged     : true
 Print Level              : 0
 ERI Algorithm            : INCORE
 SCF Algorithm            : ROOTHAAN




  ## SOLVATION Options ##

  | TYPE         | KEY                      | INPUT? | VALUE              | DEFAULT            
  |--------------|--------------------------|--------|--------------------|--------------------
  | INT          | NUM_Z_POINTS             | NO     | 90                 | 90                 
  | INT          | NUM_ANG_POINTS           | YES    | 100                | 100                
  | STRING       | SASA_TYPE                | YES    | NUMERIC            | NUMERIC            
  | STRING       | CHARGE_TYPE              | YES    | IAO_MULLIKEN       | IAO_MULLIKEN       
  | STRING       | CDS_TYPE                 | YES    | SMD                | SMD                
  | STRING       | SOLVENT                  | YES    | WATER              | WATER              
  | STRING       | SOLVENT_PARAMS           | YES    | MN21               | SM8                
  | STRING       | DIELECTRIC_PARAMS        | YES    | MN21               | MN21               
  | STRING       | COULOMB_RADII            | YES    | SMD                | SMD                
  | DOUBLE       | COVALENT_VW_CONST        | NO     | 0.76               | 0.76               
  | DOUBLE       | SOLVENT_RADIUS           | NO     | 0.4                | 0.4                
  | STRING       | RADIUS_TYPE              | YES    | SMD                | SMD                
  | DOUBLE       | GB_DIJ                   | NO     | 3.7                | 3.7                
  | DOUBLE       | GB_SIJ                   | NO     | 0.75               | 0.75               
  | DOUBLE       | GB_CIJ                   | NO     | 0.0                | 0.0                
  | DOUBLE       | F_PWSASA                 | NO     | 0.4535             | 0.4535             
  | DOUBLE       | SCALE_VDW                | NO     | 1.0                | 1.0                
  | DOUBLE       | SCALE_CR                 | NO     | 1.0                | 1.0                



 Sasa Type                  : NUMERIC 
 Charge Type                : IAO_MULLIKEN 
 CDS Type                   : SMD 
 Radius Type                : SMD 
 Solvent                    : WATER 
 Solvent Parameters         : MN21 
 Dielectric Parameters      : MN21 
 Coulomb Radii Parameters   : SMD 
 GB d_ij parameter          : 3.7000000000 
 GB S_ij parameter          : 0.7500000000 
 GB C_ij parameter          : 0.0000000000 
 Sclae_vdw parameter        : 1.0000000000 
 Number of z-points         : 90 
 Number of angular points   : 100 
 Number of SASA grid points : 17902 
 Solvent Dielectric Constant: 78.3553000000 

 VDW Radii:
	  1 N :       1.5500  ang
	  2 C :       1.7000  ang
	  3 C :       1.7000  ang
	  4 C :       1.7000  ang
	  5 C :       1.7000  ang
	  6 C :       1.7000  ang
	  7 C :       1.7000  ang
	  8 C :       1.7000  ang
	  9 H :       1.2000  ang
	 10 H :       1.2000  ang
	 11 H :       1.2000  ang
	 12 H :       1.2000  ang
	 13 H :       1.2000  ang
	 14 H :       1.2000  ang
	 15 H :       1.2000  ang
	 16 H :       1.2000  ang
	 17 H :       1.2000  ang

	 Computing SASA... 

 Atomic SASA values:
	  1 N :      14.1867  ang^2
	  2 C :       3.7271  ang^2
	  3 C :       3.9562  ang^2
	  4 C :       9.0175  ang^2
	  5 C :       9.4231  ang^2
	  6 C :       9.4200  ang^2
	  7 C :      11.8810  ang^2
	  8 C :      11.8810  ang^2
	  9 H :      11.4307  ang^2
	 10 H :      11.4307  ang^2
	 11 H :      12.1298  ang^2
	 12 H :      12.9097  ang^2
	 13 H :      12.1298  ang^2
	 14 H :      12.0076  ang^2
	 15 H :      12.0076  ang^2
	 16 H :      13.0462  ang^2
	 17 H :      13.0462  ang^2

	*Total SASA (angs^2): 183.6306480351 


 Coulomb Radii:
	  1 N :       1.8900  ang
	  2 C :       1.8500  ang
	  3 C :       1.8500  ang
	  4 C :       1.8500  ang
	  5 C :       1.8500  ang
	  6 C :       1.8500  ang
	  7 C :       1.8500  ang
	  8 C :       1.8500  ang
	  9 H :       1.2000  ang
	 10 H :       1.2000  ang
	 11 H :       1.2000  ang
	 12 H :       1.2000  ang
	 13 H :       1.2000  ang
	 14 H :       1.2000  ang
	 15 H :       1.2000  ang
	 16 H :       1.2000  ang
	 17 H :       1.2000  ang
 Solvent Alpha                       : 1.1700000000 

 ## Effective Born Radius (bohr) ##
   0   4.4446815804 
   1   4.4964725783 
   2   5.0925451094 
   3   4.1074875479 
   4   4.7225069062 
   5   4.7225083253 
   6   4.4128179936 
   7   4.4128188462 
   8   3.5146549399 
   9   3.5146352950 
  10   3.2588976908 
  11   3.1297053633 
  12   3.2589028443 
  13   3.3830193288 
  14   3.3830138301 
  15   3.2151190294 
  16   3.2151193689 

 Effective Born Radii:
	  1 N :       2.3520  ang
	  2 C :       2.3794  ang
	  3 C :       2.6949  ang
	  4 C :       2.1736  ang
	  5 C :       2.4990  ang
	  6 C :       2.4990  ang
	  7 C :       2.3352  ang
	  8 C :       2.3352  ang
	  9 H :       1.8599  ang
	 10 H :       1.8599  ang
	 11 H :       1.7245  ang
	 12 H :       1.6562  ang
	 13 H :       1.7245  ang
	 14 H :       1.7902  ang
	 15 H :       1.7902  ang
	 16 H :       1.7014  ang
	 17 H :       1.7014  ang


 Coulomb Integrals:
	  1  1 :       0.2250  bohr^-1
	  1  2 :       0.1155  bohr^-1
	  1  3 :       0.1499  bohr^-1
	  1  4 :       0.1012  bohr^-1
	  1  5 :       0.1651  bohr^-1
	  1  6 :       0.1651  bohr^-1
	  1  7 :       0.2028  bohr^-1
	  1  8 :       0.2028  bohr^-1
	  1  9 :       0.1077  bohr^-1
	  1 10 :       0.1077  bohr^-1
	  1 11 :       0.1030  bohr^-1
	  1 12 :       0.0857  bohr^-1
	  1 13 :       0.1030  bohr^-1
	  1 14 :       0.1448  bohr^-1
	  1 15 :       0.1448  bohr^-1
	  1 16 :       0.1967  bohr^-1
	  1 17 :       0.1967  bohr^-1
	  2  1 :       0.1155  bohr^-1
	  2  2 :       0.2224  bohr^-1
	  2  3 :       0.1860  bohr^-1
	  2  4 :       0.2010  bohr^-1
	  2  5 :       0.1606  bohr^-1
	  2  6 :       0.1606  bohr^-1
	  2  7 :       0.1276  bohr^-1
	  2  8 :       0.1276  bohr^-1
	  2  9 :       0.2297  bohr^-1
	  2 10 :       0.2297  bohr^-1
	  2 11 :       0.1901  bohr^-1
	  2 12 :       0.1922  bohr^-1
	  2 13 :       0.1901  bohr^-1
	  2 14 :       0.1654  bohr^-1
	  2 15 :       0.1654  bohr^-1
	  2 16 :       0.1108  bohr^-1
	  2 17 :       0.1108  bohr^-1
	  3  1 :       0.1499  bohr^-1
	  3  2 :       0.1860  bohr^-1
	  3  3 :       0.1964  bohr^-1
	  3  4 :       0.1612  bohr^-1
	  3  5 :       0.1851  bohr^-1
	  3  6 :       0.1851  bohr^-1
	  3  7 :       0.1619  bohr^-1
	  3  8 :       0.1619  bohr^-1
	  3  9 :       0.1818  bohr^-1
	  3 10 :       0.1818  bohr^-1
	  3 11 :       0.1610  bohr^-1
	  3 12 :       0.1403  bohr^-1
	  3 13 :       0.1610  bohr^-1
	  3 14 :       0.1829  bohr^-1
	  3 15 :       0.1829  bohr^-1
	  3 16 :       0.1423  bohr^-1
	  3 17 :       0.1423  bohr^-1
	  4  1 :       0.1012  bohr^-1
	  4  2 :       0.2010  bohr^-1
	  4  3 :       0.1612  bohr^-1
	  4  4 :       0.2435  bohr^-1
	  4  5 :       0.1391  bohr^-1
	  4  6 :       0.1391  bohr^-1
	  4  7 :       0.1112  bohr^-1
	  4  8 :       0.1112  bohr^-1
	  4  9 :       0.1917  bohr^-1
	  4 10 :       0.1917  bohr^-1
	  4 11 :       0.2459  bohr^-1
	  4 12 :       0.2500  bohr^-1
	  4 13 :       0.2459  bohr^-1
	  4 14 :       0.1428  bohr^-1
	  4 15 :       0.1428  bohr^-1
	  4 16 :       0.0973  bohr^-1
	  4 17 :       0.0973  bohr^-1
	  5  1 :       0.1651  bohr^-1
	  5  2 :       0.1606  bohr^-1
	  5  3 :       0.1851  bohr^-1
	  5  4 :       0.1391  bohr^-1
	  5  5 :       0.2118  bohr^-1
	  5  6 :       0.1631  bohr^-1
	  5  7 :       0.1963  bohr^-1
	  5  8 :       0.1562  bohr^-1
	  5  9 :       0.1655  bohr^-1
	  5 10 :       0.1429  bohr^-1
	  5 11 :       0.1315  bohr^-1
	  5 12 :       0.1187  bohr^-1
	  5 13 :       0.1495  bohr^-1
	  5 14 :       0.2290  bohr^-1
	  5 15 :       0.1435  bohr^-1
	  5 16 :       0.1896  bohr^-1
	  5 17 :       0.1320  bohr^-1
	  6  1 :       0.1651  bohr^-1
	  6  2 :       0.1606  bohr^-1
	  6  3 :       0.1851  bohr^-1
	  6  4 :       0.1391  bohr^-1
	  6  5 :       0.1631  bohr^-1
	  6  6 :       0.2118  bohr^-1
	  6  7 :       0.1562  bohr^-1
	  6  8 :       0.1963  bohr^-1
	  6  9 :       0.1429  bohr^-1
	  6 10 :       0.1655  bohr^-1
	  6 11 :       0.1495  bohr^-1
	  6 12 :       0.1187  bohr^-1
	  6 13 :       0.1315  bohr^-1
	  6 14 :       0.1435  bohr^-1
	  6 15 :       0.2290  bohr^-1
	  6 16 :       0.1320  bohr^-1
	  6 17 :       0.1896  bohr^-1
	  7  1 :       0.2028  bohr^-1
	  7  2 :       0.1276  bohr^-1
	  7  3 :       0.1619  bohr^-1
	  7  4 :       0.1112  bohr^-1
	  7  5 :       0.1963  bohr^-1
	  7  6 :       0.1562  bohr^-1
	  7  7 :       0.2266  bohr^-1
	  7  8 :       0.1728  bohr^-1
	  7  9 :       0.1252  bohr^-1
	  7 10 :       0.1141  bohr^-1
	  7 11 :       0.1083  bohr^-1
	  7 12 :       0.0940  bohr^-1
	  7 13 :       0.1179  bohr^-1
	  7 14 :       0.1907  bohr^-1
	  7 15 :       0.1323  bohr^-1
	  7 16 :       0.2404  bohr^-1
	  7 17 :       0.1500  bohr^-1
	  8  1 :       0.2028  bohr^-1
	  8  2 :       0.1276  bohr^-1
	  8  3 :       0.1619  bohr^-1
	  8  4 :       0.1112  bohr^-1
	  8  5 :       0.1562  bohr^-1
	  8  6 :       0.1963  bohr^-1
	  8  7 :       0.1728  bohr^-1
	  8  8 :       0.2266  bohr^-1
	  8  9 :       0.1141  bohr^-1
	  8 10 :       0.1252  bohr^-1
	  8 11 :       0.1179  bohr^-1
	  8 12 :       0.0940  bohr^-1
	  8 13 :       0.1083  bohr^-1
	  8 14 :       0.1323  bohr^-1
	  8 15 :       0.1907  bohr^-1
	  8 16 :       0.1500  bohr^-1
	  8 17 :       0.2404  bohr^-1
	  9  1 :       0.1077  bohr^-1
	  9  2 :       0.2297  bohr^-1
	  9  3 :       0.1818  bohr^-1
	  9  4 :       0.1917  bohr^-1
	  9  5 :       0.1655  bohr^-1
	  9  6 :       0.1429  bohr^-1
	  9  7 :       0.1252  bohr^-1
	  9  8 :       0.1141  bohr^-1
	  9  9 :       0.2845  bohr^-1
	  9 10 :       0.2198  bohr^-1
	  9 11 :       0.1604  bohr^-1
	  9 12 :       0.1872  bohr^-1
	  9 13 :       0.1845  bohr^-1
	  9 14 :       0.1839  bohr^-1
	  9 15 :       0.1372  bohr^-1
	  9 16 :       0.1103  bohr^-1
	  9 17 :       0.0966  bohr^-1
	 10  1 :       0.1077  bohr^-1
	 10  2 :       0.2297  bohr^-1
	 10  3 :       0.1818  bohr^-1
	 10  4 :       0.1917  bohr^-1
	 10  5 :       0.1429  bohr^-1
	 10  6 :       0.1655  bohr^-1
	 10  7 :       0.1141  bohr^-1
	 10  8 :       0.1252  bohr^-1
	 10  9 :       0.2198  bohr^-1
	 10 10 :       0.2845  bohr^-1
	 10 11 :       0.1845  bohr^-1
	 10 12 :       0.1872  bohr^-1
	 10 13 :       0.1604  bohr^-1
	 10 14 :       0.1372  bohr^-1
	 10 15 :       0.1839  bohr^-1
	 10 16 :       0.0966  bohr^-1
	 10 17 :       0.1103  bohr^-1
	 11  1 :       0.1030  bohr^-1
	 11  2 :       0.1901  bohr^-1
	 11  3 :       0.1610  bohr^-1
	 11  4 :       0.2459  bohr^-1
	 11  5 :       0.1315  bohr^-1
	 11  6 :       0.1495  bohr^-1
	 11  7 :       0.1083  bohr^-1
	 11  8 :       0.1179  bohr^-1
	 11  9 :       0.1604  bohr^-1
	 11 10 :       0.1845  bohr^-1
	 11 11 :       0.3069  bohr^-1
	 11 12 :       0.2311  bohr^-1
	 11 13 :       0.2289  bohr^-1
	 11 14 :       0.1254  bohr^-1
	 11 15 :       0.1603  bohr^-1
	 11 16 :       0.0928  bohr^-1
	 11 17 :       0.1049  bohr^-1
	 12  1 :       0.0857  bohr^-1
	 12  2 :       0.1922  bohr^-1
	 12  3 :       0.1403  bohr^-1
	 12  4 :       0.2500  bohr^-1
	 12  5 :       0.1187  bohr^-1
	 12  6 :       0.1187  bohr^-1
	 12  7 :       0.0940  bohr^-1
	 12  8 :       0.0940  bohr^-1
	 12  9 :       0.1872  bohr^-1
	 12 10 :       0.1872  bohr^-1
	 12 11 :       0.2311  bohr^-1
	 12 12 :       0.3195  bohr^-1
	 12 13 :       0.2311  bohr^-1
	 12 14 :       0.1222  bohr^-1
	 12 15 :       0.1222  bohr^-1
	 12 16 :       0.0829  bohr^-1
	 12 17 :       0.0829  bohr^-1
	 13  1 :       0.1030  bohr^-1
	 13  2 :       0.1901  bohr^-1
	 13  3 :       0.1610  bohr^-1
	 13  4 :       0.2459  bohr^-1
	 13  5 :       0.1495  bohr^-1
	 13  6 :       0.1315  bohr^-1
	 13  7 :       0.1179  bohr^-1
	 13  8 :       0.1083  bohr^-1
	 13  9 :       0.1845  bohr^-1
	 13 10 :       0.1604  bohr^-1
	 13 11 :       0.2289  bohr^-1
	 13 12 :       0.2311  bohr^-1
	 13 13 :       0.3069  bohr^-1
	 13 14 :       0.1603  bohr^-1
	 13 15 :       0.1254  bohr^-1
	 13 16 :       0.1049  bohr^-1
	 13 17 :       0.0928  bohr^-1
	 14  1 :       0.1448  bohr^-1
	 14  2 :       0.1654  bohr^-1
	 14  3 :       0.1829  bohr^-1
	 14  4 :       0.1428  bohr^-1
	 14  5 :       0.2290  bohr^-1
	 14  6 :       0.1435  bohr^-1
	 14  7 :       0.1907  bohr^-1
	 14  8 :       0.1323  bohr^-1
	 14  9 :       0.1839  bohr^-1
	 14 10 :       0.1372  bohr^-1
	 14 11 :       0.1254  bohr^-1
	 14 12 :       0.1222  bohr^-1
	 14 13 :       0.1603  bohr^-1
	 14 14 :       0.2956  bohr^-1
	 14 15 :       0.1212  bohr^-1
	 14 16 :       0.1885  bohr^-1
	 14 17 :       0.1078  bohr^-1
	 15  1 :       0.1448  bohr^-1
	 15  2 :       0.1654  bohr^-1
	 15  3 :       0.1829  bohr^-1
	 15  4 :       0.1428  bohr^-1
	 15  5 :       0.1435  bohr^-1
	 15  6 :       0.2290  bohr^-1
	 15  7 :       0.1323  bohr^-1
	 15  8 :       0.1907  bohr^-1
	 15  9 :       0.1372  bohr^-1
	 15 10 :       0.1839  bohr^-1
	 15 11 :       0.1603  bohr^-1
	 15 12 :       0.1222  bohr^-1
	 15 13 :       0.1254  bohr^-1
	 15 14 :       0.1212  bohr^-1
	 15 15 :       0.2956  bohr^-1
	 15 16 :       0.1078  bohr^-1
	 15 17 :       0.1885  bohr^-1
	 16  1 :       0.1967  bohr^-1
	 16  2 :       0.1108  bohr^-1
	 16  3 :       0.1423  bohr^-1
	 16  4 :       0.0973  bohr^-1
	 16  5 :       0.1896  bohr^-1
	 16  6 :       0.1320  bohr^-1
	 16  7 :       0.2404  bohr^-1
	 16  8 :       0.1500  bohr^-1
	 16  9 :       0.1103  bohr^-1
	 16 10 :       0.0966  bohr^-1
	 16 11 :       0.0928  bohr^-1
	 16 12 :       0.0829  bohr^-1
	 16 13 :       0.1049  bohr^-1
	 16 14 :       0.1885  bohr^-1
	 16 15 :       0.1078  bohr^-1
	 16 16 :       0.3110  bohr^-1
	 16 17 :       0.1266  bohr^-1
	 17  1 :       0.1967  bohr^-1
	 17  2 :       0.1108  bohr^-1
	 17  3 :       0.1423  bohr^-1
	 17  4 :       0.0973  bohr^-1
	 17  5 :       0.1320  bohr^-1
	 17  6 :       0.1896  bohr^-1
	 17  7 :       0.1500  bohr^-1
	 17  8 :       0.2404  bohr^-1
	 17  9 :       0.0966  bohr^-1
	 17 10 :       0.1103  bohr^-1
	 17 11 :       0.1049  bohr^-1
	 17 12 :       0.0829  bohr^-1
	 17 13 :       0.0928  bohr^-1
	 17 14 :       0.1078  bohr^-1
	 17 15 :       0.1885  bohr^-1
	 17 16 :       0.1266  bohr^-1
	 17 17 :       0.3110  bohr^-1
    ===> SCF Iteration Started <===

     Iter. |                   Energy |       Delta E |          Drms |
    -------|--------------------------|---------------|---------------|
         1 |      -324.13395657564155 |    -3.241e+02 |     1.134e-02 |
         2 |      -324.63965256572357 |    -5.057e-01 |     3.356e-03 | DIIS
         3 |      -324.77451264105952 |    -1.349e-01 |     1.186e-03 | DIIS
         4 |      -324.79147620332725 |    -1.696e-02 |     2.532e-04 | DIIS
         5 |      -324.79311943268425 |    -1.643e-03 |     4.585e-05 | DIIS
         6 |      -324.79321990209354 |    -1.005e-04 |     2.073e-05 | DIIS
         7 |      -324.79322790947759 |    -8.007e-06 |     1.022e-05 | DIIS
         8 |      -324.79322867196885 |    -7.625e-07 |     5.192e-06 | DIIS
         9 |      -324.79322894557782 |    -2.736e-07 |     2.588e-06 | DIIS
        10 |      -324.79322888417920 |     6.140e-08 |     1.368e-06 | DIIS
        11 |      -324.79322882328205 |     6.090e-08 |     1.870e-07 | DIIS
        12 |      -324.79322878814554 |     3.514e-08 |     9.630e-08 | DIIS
        13 |      -324.79322877230294 |     1.584e-08 |     3.078e-08 | DIIS
        14 |      -324.79322876896032 |     3.343e-09 |     1.058e-08 | DIIS


	-Alpha Occupied Orbital Energies (au):  
	 1: -15.5311847417 	 2: -11.2454357593 	 3: -11.2453834091 	 4: -11.2343453564 	 5: -11.2168258703 
	 6: -11.2095589616 	 7: -11.2093390993 	 8: -11.2054518766 	 9: -1.2274746266 	10: -1.0883306714 
	11: -1.0016855508 	12: -0.9931167123 	13: -0.8604858912 	14: -0.8263735245 	15: -0.7808387354 
	16: -0.6648526686 	17: -0.6451703127 	18: -0.6186458601 	19: -0.5749001983 	20: -0.5698095309 
	21: -0.5599430605 	22: -0.5210584179 	23: -0.4912925419 	24: -0.4896951699 	25: -0.4792462950 
	26: -0.4624297037 	27: -0.3816162250 	28: -0.3373466080 	29: -0.3151013487 
	-Alpha Virtual Orbital Energies (au):  
	30: 0.1465400324 	31: 0.1579328081 	32: 0.1935552690 	33: 0.2180327806 	34: 0.2248746907 
	35: 0.2429977150 	36: 0.2543965502 	37: 0.2606494197 	38: 0.2894760616 	39: 0.2989442546 
	40: 0.3047138927 	41: 0.3573797398 	42: 0.3776662017 	43: 0.4120853060 	44: 0.4465071558 
	45: 0.4721998329 	46: 0.4938553907 	47: 0.5037821570 	48: 0.5890456458 	49: 0.5939714486 
	50: 0.5952961245 	51: 0.6092315582 	52: 0.6313218770 	53: 0.6542915568 	54: 0.6901946879 
	55: 0.6938251755 	56: 0.7286159071 	57: 0.7287422563 	58: 0.7438410737 	59: 0.7488326004 
	60: 0.7984154070 	61: 0.8072830755 	62: 0.8240240609 	63: 0.8347738494 	64: 0.8474392083 
	65: 0.8830537436 	66: 0.8882586187 	67: 0.8989471010 	68: 0.9032794076 	69: 0.9079396482 
	70: 0.9165845887 	71: 0.9438032304 	72: 0.9532560996 	73: 0.9571071668 	74: 0.9876249177 
	75: 0.9898154323 	76: 1.0360956504 	77: 1.0747617439 	78: 1.0979500861 	79: 1.1242788185 
	80: 1.1663625891 	81: 1.1720723492 	82: 1.1761629718 	83: 1.2181160889 	84: 1.2188905281 
	85: 1.2201008779 	86: 1.2542002351 	87: 1.2826635276 	88: 1.3019023323 	89: 1.3598090256 
	90: 1.3779480507 	91: 1.3850151568 	92: 1.4130951122 	93: 1.4437567383 	94: 1.4575838989 
	95: 1.5146443854 	96: 1.5713217795 	97: 1.5821490215 	98: 1.6308010544 	99: 1.6708544020 
	100: 1.6948826393 	101: 1.6983467158 	102: 1.7631425153 	103: 1.7751151885 	104: 1.7871168105 
	105: 1.8378278304 	106: 1.8387507942 	107: 1.8538911274 	108: 1.8784072458 	109: 1.9073569930 
	110: 1.9074532305 	111: 1.9201891475 	112: 1.9307759433 	113: 1.9494304976 	114: 1.9545672413 
	115: 1.9596583661 	116: 1.9730640862 	117: 1.9865108480 	118: 1.9981174869 	119: 2.0136319160 
	120: 2.0182650340 	121: 2.0551074181 	122: 2.0903252992 	123: 2.0964721278 	124: 2.1517320986 
	125: 2.2029813025 	126: 2.2184813405 	127: 2.2283763008 	128: 2.2643553844 	129: 2.2761901358 
	130: 2.2825469639 	131: 2.2835183911 	132: 2.3296725226 	133: 2.4094816513 	134: 2.4103580310 
	135: 2.4635874611 	136: 2.4829286376 	137: 2.5126357730 	138: 2.5227461783 	139: 2.5500543038 
	140: 2.6035962929 	141: 2.6654837208 	142: 2.7666140534 	143: 2.7673736565 	144: 2.7777333574 
	145: 2.7902178859 	146: 2.8168014665 	147: 2.8704169305 	148: 2.8726711793 	149: 2.9052208867 
	150: 2.9298952807 	151: 2.9561675193 	152: 3.0674560710 	153: 3.1393575517 	154: 3.2313898047 
	155: 3.2423514535 	156: 3.3222967086 	157: 3.8234456337 


	-Mulliken Population Analysis for SCF:
	 1: -0.3559217352 	 2: 0.0230284379 	 3: -0.1043163402 	 4: -0.0327005623 	 5: -0.1010973164 
	 6: -0.1022335708 	 7: 0.1982915332 	 8: 0.1985936804 	 9: 0.0337990083 	10: 0.0337884283 
	11: 0.0364140778 	12: 0.0334153428 	13: 0.0364209325 	14: 0.0136157662 	15: 0.0141321703 
	16: 0.0373836595 	17: 0.0373864878 

	-Lowdin Population Analysis for SCF:  
	 1: -0.0170257024 	 2: -0.0209613599 	 3: 0.0082849257 	 4: -0.0422308257 	 5: -0.0652386907 
	 6: -0.0655212903 	 7: -0.0099205113 	 8: -0.0098566777 	 9: 0.0269902354 	10: 0.0269854384 
	11: 0.0226822582 	12: 0.0237010967 	13: 0.0226850250 	14: 0.0255632147 	15: 0.0257484103 
	16: 0.0240556450 	17: 0.0240588085 

	-Electronic Dipole Moment: (e a0)  
	 X:  -8.28707   Y:  0.00047   Z:  -0.67830   Total:  8.31478 

	-Electronic Dipole Moment: (D)  
	 X:  -21.06363   Y:  0.00119   Z:  -1.72405   Total:  21.13406 

	-Total Dipole Moment: (e a0)  
	 X:  1.04367   Y:  0.00046   Z:  -0.17355   Total:  1.05800 

	-Total Dipole Moment: (D)  
	 X:  2.65273   Y:  0.00116   Z:  -0.44113   Total:  2.68916 



	Initializing Liboeprop (by U. Bozkaya) ...


	-Mulliken Population Analysis for SCF-IAO:
	 1: -0.3257324356 	 2: -0.2163431018 	 3: 0.0638719222 	 4: -0.3529472876 	 5: -0.2024543827 
	 6: -0.2030535801 	 7: 0.0334659652 	 8: 0.0336196936 	 9: 0.1220475794 	10: 0.1220418308 
	11: 0.1225621764 	12: 0.1227734229 	13: 0.1225655780 	14: 0.1356330582 	15: 0.1359610389 
	16: 0.1431011643 	17: 0.1431073908 

	-Lowdin Population Analysis for SCF-IAO:  
	 1: -0.3257324356 	 2: -0.2163431018 	 3: 0.0638719222 	 4: -0.3529472876 	 5: -0.2024543827 
	 6: -0.2030535801 	 7: 0.0334659652 	 8: 0.0336196936 	 9: 0.1220475794 	10: 0.1220418308 
	11: 0.1225621764 	12: 0.1227734229 	13: 0.1225655780 	14: 0.1356330582 	15: 0.1359610389 
	16: 0.1431011643 	17: 0.1431073908 

	Initializing Liblocal (by U. Bozkaya) ...
  ==> Pipek-Mezey Localizer <==

    Convergence =   1.000E-08
    Maxiter     =          50

    Iteration                   Metric       Residual
    PM    0   1.6748989607354254E+01              -
    PM    1   3.1424903660184086E+01   8.762268E-01
    PM    2   3.6325913060657875E+01   1.559594E-01
    PM    3   3.6446983683364259E+01   3.332900E-03
    PM    4   3.6454978317627571E+01   2.193497E-04
    PM    5   3.6511047283939511E+01   1.538033E-03
    PM    6   3.6602151382238112E+01   2.495247E-03
    PM    7   3.6680063914008741E+01   2.128633E-03
    PM    8   3.6694058214564471E+01   3.815233E-04
    PM    9   3.6698639293310947E+01   1.248452E-04
    PM   10   3.6699765796575669E+01   3.069605E-05
    PM   11   3.6700254274106349E+01   1.331010E-05
    PM   12   3.6700356569638878E+01   2.787325E-06
    PM   13   3.6700390932698049E+01   9.363140E-07
    PM   14   3.6700397697781000E+01   1.843327E-07
    PM   15   3.6700400047801018E+01   6.403255E-08
    PM   16   3.6700400425934546E+01   1.030325E-08
    PM   17   3.6700400564605467E+01   3.778458E-09

    PM Localizer converged.



	*Molecular contr. to CDS energy:       0.0000  kcal/mol
	*Total CDS energy:       1.9854  kcal/mol
	*SCF::Polarization Free Energy (au)      : -0.0044070357 
	*SCF::Polarization Free Energy (kcal/mol):      -2.7655 
	*SCF::CDS Free Energy (au)      : 0.0031639225 
	*SCF::CDS Free Energy (kcal/mol):       1.9854 
	*SCF::Total Solvation Free Energy (au)      : -0.0012431132 
	*SCF::Total Solvation Free Energy (kcal/mol):      -0.7801 
 CC-PVDZ primary basis set file will be read for the N atom...
 CC-PVDZ primary basis set file will be read for the C atom...
 CC-PVDZ primary basis set file will be read for the H atom...
 Nmaxthread: 16 
 Nshell: 75 
 Lmax:  2 
 Npmax:  8 
 Nao: 157 
 Ndocc: 29 
 Nsocc:  0 
 NoccA: 29 
 NoccB: 29 
 Primary basis set info has been read.

 CC-PVDZ-JKFIT aux basis set file will be read for the N atom...
 CC-PVDZ-JKFIT aux basis set file will be read for the C atom...
 CC-PVDZ-JKFIT aux basis set file will be read for the H atom...
 Nshell_aux: 273 
 Naux: 767 
 Aux basis set info has been read.


	*Total SCF Energy: -324.79322876896032

 Cpu time for SCF :       1.2303 minutes
 Wall time for SCF:       0.3468 minutes


	MO spaces... 

	 FC   OCC   VIR   FV 
	----------------------
	  8   21   128    0


	Libtrans is initialized (by U. Bozkaya) ...

 ============================================================================== 
 ============================================================================== 
 ============================================================================== 

                       DF-MP2   
              Program Written by Ugur Bozkaya
              Latest Revision May 2, 2021

 ============================================================================== 
 ============================================================================== 
 ============================================================================== 

	For this residual convergence, default PCG convergence is:     1.00e-07
    Warning: "PCG_CONVERGENCE" option is changed to     1.00e-07


  ## DFOCC Options ##

  | TYPE         | KEY                      | INPUT? | VALUE              | DEFAULT            
  |--------------|--------------------------|--------|--------------------|--------------------
  | BOOL         | EOM                      | NO     | FALSE              | FALSE              
  | BOOL         | EOM_MP2                  | NO     | FALSE              | FALSE              
  | BOOL         | EOM_MP3                  | NO     | FALSE              | FALSE              
  | BOOL         | EOM_MP2_5                | NO     | FALSE              | FALSE              
  | BOOL         | EOM_LCCD                 | NO     | FALSE              | FALSE              
  | BOOL         | LOW_MEM_MP2              | NO     | FALSE              | FALSE              
  | BOOL         | LOW_MEM_MP3              | NO     | FALSE              | FALSE              
  | BOOL         | CD_PRESCREEN             | NO     | FALSE              | FALSE              
  | DOUBLE       | CIS_E_CONV               | NO     | 1e-06              | 1e-06              
  | DOUBLE       | CIS_R_CONV               | NO     | 1e-06              | 1e-06              
  | DOUBLE       | CIS_RES_PRECONDITION_TOL | NO     | 0.0001             | 0.0001             
  | DOUBLE       | DAVIDSON_TOLERANCE       | NO     | 1e-06              | 1e-06              
  | DOUBLE       | E3_SCALE                 | NO     | 0.25               | 0.25               
  | DOUBLE       | E_CONVERGENCE            | NO     | 1e-06              | 1e-06              
  | DOUBLE       | JK_MEMORY                | NO     | 1000000000.0       | 1000000000.0       
  | DOUBLE       | LEVEL_SHIFT              | NO     | 0.02               | 0.02               
  | DOUBLE       | MAX_MOGRAD_CONVERGENCE   | NO     | 0.001              | 0.001              
  | DOUBLE       | MO_STEP_MAX              | NO     | 0.5                | 0.5                
  | DOUBLE       | MP2_OS_SCALE             | NO     | 1.2                | 1.2                
  | DOUBLE       | MP2_SOS_SCALE            | NO     | 1.3                | 1.3                
  | DOUBLE       | MP2_SOS_SCALE2           | NO     | 1.2                | 1.2                
  | DOUBLE       | MP2_SS_SCALE             | NO     | 0.3333333333333333 | 0.3333333333333333 
  | DOUBLE       | OCC_PERCENTAGE           | NO     | 99.0               | 99.0               
  | DOUBLE       | OCC_TOLERANCE            | NO     | 1e-05              | 1e-05              
  | DOUBLE       | OO_SCALE                 | NO     | 0.01               | 0.01               
  | DOUBLE       | PCG_CONVERGENCE          | NO     | 1e-06              | 1e-06              
  | DOUBLE       | R_CONVERGENCE            | NO     | 1e-05              | 1e-05              
  | DOUBLE       | REG_PARAM                | NO     | 0.4                | 0.4                
  | DOUBLE       | KAPPA_REG_PARAM          | NO     | 1.1                | 1.1                
  | DOUBLE       | RMS_MOGRAD_CONVERGENCE   | NO     | 1e-06              | 1e-06              
  | DOUBLE       | SCG_TOLERANCE            | NO     | 1e-06              | 1e-06              
  | DOUBLE       | SCHMIDT_ADD_RES_TOL      | NO     | 0.001              | 0.001              
  | INT          | ACTIVE_NAT_ORBS          | NO     | 2                  | 2                  
  | INT          | CC_DIIS_MAX_VECS         | NO     | 6                  | 6                  
  | INT          | CC_DIIS_MIN_VECS         | NO     | 2                  | 2                  
  | INT          | CC_MAXITER               | NO     | 50                 | 50                 
  | INT          | CUTOFF                   | NO     | 8                  | 8                  
  | INT          | EXCITATION_RANGE         | NO     | 2                  | 2                  
  | INT          | FOLLOW_ROOT              | NO     | 1                  | 1                  
  | INT          | INTEGRAL_CUTOFF          | NO     | 9                  | 9                  
  | INT          | MAX_VECS                 | NO     | 50                 | 50                 
  | INT          | MO_DIIS_NUM_VECS         | NO     | 6                  | 6                  
  | INT          | MO_MAXITER               | NO     | 50                 | 50                 
  | INT          | NUM_ROOTS                | NO     | 4                  | 4                  
  | INT          | PCG_MAXITER              | NO     | 50                 | 50                 
  | INT          | PRINT_LEVEL              | NO     | 0                  | 0                  
  | INT          | VECS_PER_ROOT            | NO     | 1                  | 1                  
  | STRING       | CC_LAMBDA                | NO     | FALSE              | FALSE              
  | STRING       | CHOLESKY                 | NO     | FALSE              | FALSE              
  | STRING       | CIS_ALGORITHM            | NO     | MO_BASIS           | MO_BASIS           
  | STRING       | CIS_GUESS_COEFF          | NO     | MIX                | MIX                
  | STRING       | COMPUT_S2                | NO     | FALSE              | FALSE              
  | STRING       | DIAG_METHOD              | NO     | DAVIDSON           | DAVIDSON           
  | STRING       | DO_DIIS                  | NO     | TRUE               | TRUE               
  | STRING       | DO_LEVEL_SHIFT           | NO     | TRUE               | TRUE               
  | STRING       | DO_SCS                   | NO     | FALSE              | FALSE              
  | STRING       | DO_SOS                   | NO     | FALSE              | FALSE              
  | STRING       | EKT_IP                   | NO     | FALSE              | FALSE              
  | STRING       | FREEZE_CORE              | NO     | TRUE               | TRUE               
  | STRING       | HESS_TYPE                | NO     | HF                 | HF                 
  | STRING       | JK_TYPE                  | NO     | DIRECT             | DIRECT             
  | STRING       | LINEQ_SOLVER             | NO     | CDGESV             | CDGESV             
  | STRING       | MO_READ                  | NO     | FALSE              | FALSE              
  | STRING       | MO_WRITE                 | NO     | FALSE              | FALSE              
  | STRING       | MP2_AMP_TYPE             | NO     | DIRECT             | DIRECT             
  | STRING       | NAT_ORBS                 | NO     | FALSE              | FALSE              
  | STRING       | NBO                      | NO     | TRUE               | TRUE               
  | STRING       | OCC_ORBS_PRINT           | NO     | FALSE              | FALSE              
  | STRING       | OEPROP                   | NO     | FALSE              | FALSE              
  | STRING       | OPT_METHOD               | NO     | QNR                | QNR                
  | STRING       | ORB_RESP_SOLVER          | NO     | PCG                | PCG                
  | STRING       | ORTH_TYPE                | NO     | MGS                | MGS                
  | STRING       | PCG_BETA_TYPE            | NO     | FLETCHER_REEVES    | FLETCHER_REEVES    
  | STRING       | PPL_TYPE                 | NO     | AUTO               | AUTO               
  | STRING       | PRINT_CI_VECS            | NO     | FALSE              | FALSE              
  | STRING       | QCHF                     | NO     | FALSE              | FALSE              
  | STRING       | READ_SCF_3INDEX          | NO     | TRUE               | TRUE               
  | STRING       | REGULARIZATION           | NO     | FALSE              | FALSE              
  | STRING       | REG_TYPE                 | NO     | NORMAL             | NORMAL             
  | STRING       | SCS_TYPE                 | NO     | SCS                | SCS                
  | STRING       | SOS_TYPE                 | NO     | SOS                | SOS                
  | STRING       | TRIPLES_IABC_TYPE        | NO     | DISK               | DISK               
  | STRING       | UNIT_GUESS_TYPE          | NO     | GEN                | GEN                
  | STRING       | EKT_NEGATIVE_OCC         | NO     | ABS                | ABS                
  | BOOL         | SOLVATION                | YES    | TRUE               | FALSE              

	MO spaces... 

	 FC   OCC   VIR   FV 
	----------------------
	  8   21   128    0
 CC-PVDZ primary basis set file will be read for the N atom...
 CC-PVDZ primary basis set file will be read for the C atom...
 CC-PVDZ primary basis set file will be read for the H atom...
 Nmaxthread: 16 
 Nshell: 75 
 Lmax:  2 
 Npmax:  8 
 Nao: 157 
 Ndocc: 29 
 Nsocc:  0 
 NoccA: 29 
 NoccB: 29 
 Primary basis set info has been read.

 CC-PVDZ-RI aux basis set file will be read for the N atom...
 CC-PVDZ-RI aux basis set file will be read for the C atom...
 CC-PVDZ-RI aux basis set file will be read for the H atom...
 Nshell_aux: 198 
 Naux: 574 
 Aux basis set info has been read.

 Cpu time for Metric ints :       0.6900 s
 Wall time for Metric ints:       0.2257 s
 3-Index Algorithm: AUTO 

 Calling fortran integrals: ringing... 
 Done with fintegrals.

 Cpu time for 3-index ints :       3.0000 s
 Wall time for 3-index ints:       1.0241 s
 Cpu time for df-factors :       0.8100 s
 Wall time for df-factors:       0.2104 s
 CC-PVDZ primary basis set file will be read for the N atom...
 CC-PVDZ primary basis set file will be read for the C atom...
 CC-PVDZ primary basis set file will be read for the H atom...
 Nmaxthread: 16 
 Nshell: 75 
 Lmax:  2 
 Npmax:  8 
 Nao: 157 
 Ndocc: 29 
 Nsocc:  0 
 NoccA: 29 
 NoccB: 29 
 Primary basis set info has been read.

 CC-PVDZ-JKFIT aux basis set file will be read for the N atom...
 CC-PVDZ-JKFIT aux basis set file will be read for the C atom...
 CC-PVDZ-JKFIT aux basis set file will be read for the H atom...
 Nshell_aux: 273 
 Naux: 767 
 Aux basis set info has been read.

	Reading DF integrals from disk ...
 Cpu time for Metric ints :       0.8600 s
 Wall time for Metric ints:       0.2154 s
	Number of basis functions in the DF-HF basis: 767
	Number of basis functions in the DF-CC basis: 574

	Available memory                      :  30000.00 MB 
	Minimum required memory for amplitudes:    173.41 MB 
	Memory requirement for B-CC (Q|mu nu) :    113.19 MB 
	Memory requirement for B-CC (Q|ab)    :     75.24 MB 
	Memory requirement for DF-CC int trans:    205.47 MB 

	Computing DF-MP2 energy using SCF MOs (Canonical DF-MP2)... 
	======================================================================= 
	Nuclear Repulsion Energy (a.u.)    :   343.45298912163116
	DF-HF Energy (a.u.)                :  -324.79322876896032
	REF Energy (a.u.)                  :  -324.79322876896032
	DF-MP2 Correlation Energy (a.u.)   :    -1.10409735130942
	DF-MP2 Total Energy (a.u.)         :  -325.89732612026972
	======================================================================= 

	*Total MP2 Energy: -325.89732612026972

	Computing unrelaxed response density matrices...
	Number of independent-pairs: 3712
	Computing the generalized Fock matrix (GFM)...
	Computing the orbital gradient...
	Forming effective orbital gradient...
	Solving orbital Z-vector equations...

	            PCG Solver 
	   ------------------------------ 
	Iter     RMS Z Vector        RMS Residual  
	----    ---------------    ---------------
	  1         1.15e-03         7.01e-04
	  2         5.53e-04         4.47e-04
	  3         2.73e-04         1.82e-04
	  4         1.50e-04         9.41e-05
	  5         4.28e-05         2.76e-05
	  6         1.54e-05         1.04e-05
	  7         4.53e-06         2.80e-06
	  8         1.09e-06         7.27e-07
	  9         3.39e-07         1.73e-07
	 10         7.17e-08         5.95e-08

	Computing the relaxed PDMs and GFM...
	Compute solv. is starting ...

	Initializing Liboeprop (by U. Bozkaya) ...


	-Mulliken Population Analysis for MP2-IAO:
	 1: -0.1140344046 	 2: -0.0743842326 	 3: 0.1802473519 	 4: -0.2242018758 	 5: -0.0540303520 
	 6: -0.0546385891 	 7: -0.0043308039 	 8: -0.0041873341 	 9: 0.0702473673 	10: 0.0702366440 
	11: 0.0858530376 	12: 0.0613248755 	13: 0.0858584505 	14: 0.0805516257 	15: 0.0809138117 
	16: 0.0620636655 	17: 0.0620720929 

	-Lowdin Population Analysis for MP2-IAO:  
	 1: -0.1140344046 	 2: -0.0743842326 	 3: 0.1802473519 	 4: -0.2242018758 	 5: -0.0540303520 
	 6: -0.0546385891 	 7: -0.0043308039 	 8: -0.0041873341 	 9: 0.0702473673 	10: 0.0702366440 
	11: 0.0858530376 	12: 0.0613248755 	13: 0.0858584505 	14: 0.0805516257 	15: 0.0809138117 
	16: 0.0620636655 	17: 0.0620720929 


  ## SOLVATION Options ##

  | TYPE         | KEY                      | INPUT? | VALUE              | DEFAULT            
  |--------------|--------------------------|--------|--------------------|--------------------
  | INT          | NUM_Z_POINTS             | NO     | 90                 | 90                 
  | INT          | NUM_ANG_POINTS           | YES    | 100                | 100                
  | STRING       | SASA_TYPE                | YES    | NUMERIC            | NUMERIC            
  | STRING       | CHARGE_TYPE              | YES    | IAO_MULLIKEN       | IAO_MULLIKEN       
  | STRING       | CDS_TYPE                 | YES    | SMD                | SMD                
  | STRING       | SOLVENT                  | YES    | WATER              | WATER              
  | STRING       | SOLVENT_PARAMS           | YES    | MN21               | SM8                
  | STRING       | DIELECTRIC_PARAMS        | YES    | MN21               | MN21               
  | STRING       | COULOMB_RADII            | YES    | SMD                | SMD                
  | DOUBLE       | COVALENT_VW_CONST        | NO     | 0.76               | 0.76               
  | DOUBLE       | SOLVENT_RADIUS           | NO     | 0.4                | 0.4                
  | STRING       | RADIUS_TYPE              | YES    | SMD                | SMD                
  | DOUBLE       | GB_DIJ                   | NO     | 3.7                | 3.7                
  | DOUBLE       | GB_SIJ                   | NO     | 0.75               | 0.75               
  | DOUBLE       | GB_CIJ                   | NO     | 0.0                | 0.0                
  | DOUBLE       | F_PWSASA                 | NO     | 0.4535             | 0.4535             
  | DOUBLE       | SCALE_VDW                | NO     | 1.0                | 1.0                
  | DOUBLE       | SCALE_CR                 | NO     | 1.0                | 1.0                



 Sasa Type                  : NUMERIC 
 Charge Type                : IAO_MULLIKEN 
 CDS Type                   : SMD 
 Radius Type                : SMD 
 Solvent                    : WATER 
 Solvent Parameters         : MN21 
 Dielectric Parameters      : MN21 
 Coulomb Radii Parameters   : SMD 
 GB d_ij parameter          : 3.7000000000 
 GB S_ij parameter          : 0.7500000000 
 GB C_ij parameter          : 0.0000000000 
 Sclae_vdw parameter        : 1.0000000000 
 Number of z-points         : 90 
 Number of angular points   : 100 
 Number of SASA grid points : 17902 
 Solvent Dielectric Constant: 78.3553000000 

 VDW Radii:
	  1 N :       1.5500  ang
	  2 C :       1.7000  ang
	  3 C :       1.7000  ang
	  4 C :       1.7000  ang
	  5 C :       1.7000  ang
	  6 C :       1.7000  ang
	  7 C :       1.7000  ang
	  8 C :       1.7000  ang
	  9 H :       1.2000  ang
	 10 H :       1.2000  ang
	 11 H :       1.2000  ang
	 12 H :       1.2000  ang
	 13 H :       1.2000  ang
	 14 H :       1.2000  ang
	 15 H :       1.2000  ang
	 16 H :       1.2000  ang
	 17 H :       1.2000  ang

	 Computing SASA... 

 Atomic SASA values:
	  1 N :      14.1867  ang^2
	  2 C :       3.7271  ang^2
	  3 C :       3.9562  ang^2
	  4 C :       9.0175  ang^2
	  5 C :       9.4231  ang^2
	  6 C :       9.4200  ang^2
	  7 C :      11.8810  ang^2
	  8 C :      11.8810  ang^2
	  9 H :      11.4307  ang^2
	 10 H :      11.4307  ang^2
	 11 H :      12.1298  ang^2
	 12 H :      12.9097  ang^2
	 13 H :      12.1298  ang^2
	 14 H :      12.0076  ang^2
	 15 H :      12.0076  ang^2
	 16 H :      13.0462  ang^2
	 17 H :      13.0462  ang^2

	*Total SASA (angs^2): 183.6306480351 


 Coulomb Radii:
	  1 N :       1.8900  ang
	  2 C :       1.8500  ang
	  3 C :       1.8500  ang
	  4 C :       1.8500  ang
	  5 C :       1.8500  ang
	  6 C :       1.8500  ang
	  7 C :       1.8500  ang
	  8 C :       1.8500  ang
	  9 H :       1.2000  ang
	 10 H :       1.2000  ang
	 11 H :       1.2000  ang
	 12 H :       1.2000  ang
	 13 H :       1.2000  ang
	 14 H :       1.2000  ang
	 15 H :       1.2000  ang
	 16 H :       1.2000  ang
	 17 H :       1.2000  ang
 Solvent Alpha                       : 1.1700000000 

 ## Effective Born Radius (bohr) ##
   0   4.4446815804 
   1   4.4964725783 
   2   5.0925451094 
   3   4.1074875479 
   4   4.7225069062 
   5   4.7225083253 
   6   4.4128179936 
   7   4.4128188462 
   8   3.5146549399 
   9   3.5146352950 
  10   3.2588976908 
  11   3.1297053633 
  12   3.2589028443 
  13   3.3830193288 
  14   3.3830138301 
  15   3.2151190294 
  16   3.2151193689 

 Effective Born Radii:
	  1 N :       2.3520  ang
	  2 C :       2.3794  ang
	  3 C :       2.6949  ang
	  4 C :       2.1736  ang
	  5 C :       2.4990  ang
	  6 C :       2.4990  ang
	  7 C :       2.3352  ang
	  8 C :       2.3352  ang
	  9 H :       1.8599  ang
	 10 H :       1.8599  ang
	 11 H :       1.7245  ang
	 12 H :       1.6562  ang
	 13 H :       1.7245  ang
	 14 H :       1.7902  ang
	 15 H :       1.7902  ang
	 16 H :       1.7014  ang
	 17 H :       1.7014  ang


 Coulomb Integrals:
	  1  1 :       0.2250  bohr^-1
	  1  2 :       0.1155  bohr^-1
	  1  3 :       0.1499  bohr^-1
	  1  4 :       0.1012  bohr^-1
	  1  5 :       0.1651  bohr^-1
	  1  6 :       0.1651  bohr^-1
	  1  7 :       0.2028  bohr^-1
	  1  8 :       0.2028  bohr^-1
	  1  9 :       0.1077  bohr^-1
	  1 10 :       0.1077  bohr^-1
	  1 11 :       0.1030  bohr^-1
	  1 12 :       0.0857  bohr^-1
	  1 13 :       0.1030  bohr^-1
	  1 14 :       0.1448  bohr^-1
	  1 15 :       0.1448  bohr^-1
	  1 16 :       0.1967  bohr^-1
	  1 17 :       0.1967  bohr^-1
	  2  1 :       0.1155  bohr^-1
	  2  2 :       0.2224  bohr^-1
	  2  3 :       0.1860  bohr^-1
	  2  4 :       0.2010  bohr^-1
	  2  5 :       0.1606  bohr^-1
	  2  6 :       0.1606  bohr^-1
	  2  7 :       0.1276  bohr^-1
	  2  8 :       0.1276  bohr^-1
	  2  9 :       0.2297  bohr^-1
	  2 10 :       0.2297  bohr^-1
	  2 11 :       0.1901  bohr^-1
	  2 12 :       0.1922  bohr^-1
	  2 13 :       0.1901  bohr^-1
	  2 14 :       0.1654  bohr^-1
	  2 15 :       0.1654  bohr^-1
	  2 16 :       0.1108  bohr^-1
	  2 17 :       0.1108  bohr^-1
	  3  1 :       0.1499  bohr^-1
	  3  2 :       0.1860  bohr^-1
	  3  3 :       0.1964  bohr^-1
	  3  4 :       0.1612  bohr^-1
	  3  5 :       0.1851  bohr^-1
	  3  6 :       0.1851  bohr^-1
	  3  7 :       0.1619  bohr^-1
	  3  8 :       0.1619  bohr^-1
	  3  9 :       0.1818  bohr^-1
	  3 10 :       0.1818  bohr^-1
	  3 11 :       0.1610  bohr^-1
	  3 12 :       0.1403  bohr^-1
	  3 13 :       0.1610  bohr^-1
	  3 14 :       0.1829  bohr^-1
	  3 15 :       0.1829  bohr^-1
	  3 16 :       0.1423  bohr^-1
	  3 17 :       0.1423  bohr^-1
	  4  1 :       0.1012  bohr^-1
	  4  2 :       0.2010  bohr^-1
	  4  3 :       0.1612  bohr^-1
	  4  4 :       0.2435  bohr^-1
	  4  5 :       0.1391  bohr^-1
	  4  6 :       0.1391  bohr^-1
	  4  7 :       0.1112  bohr^-1
	  4  8 :       0.1112  bohr^-1
	  4  9 :       0.1917  bohr^-1
	  4 10 :       0.1917  bohr^-1
	  4 11 :       0.2459  bohr^-1
	  4 12 :       0.2500  bohr^-1
	  4 13 :       0.2459  bohr^-1
	  4 14 :       0.1428  bohr^-1
	  4 15 :       0.1428  bohr^-1
	  4 16 :       0.0973  bohr^-1
	  4 17 :       0.0973  bohr^-1
	  5  1 :       0.1651  bohr^-1
	  5  2 :       0.1606  bohr^-1
	  5  3 :       0.1851  bohr^-1
	  5  4 :       0.1391  bohr^-1
	  5  5 :       0.2118  bohr^-1
	  5  6 :       0.1631  bohr^-1
	  5  7 :       0.1963  bohr^-1
	  5  8 :       0.1562  bohr^-1
	  5  9 :       0.1655  bohr^-1
	  5 10 :       0.1429  bohr^-1
	  5 11 :       0.1315  bohr^-1
	  5 12 :       0.1187  bohr^-1
	  5 13 :       0.1495  bohr^-1
	  5 14 :       0.2290  bohr^-1
	  5 15 :       0.1435  bohr^-1
	  5 16 :       0.1896  bohr^-1
	  5 17 :       0.1320  bohr^-1
	  6  1 :       0.1651  bohr^-1
	  6  2 :       0.1606  bohr^-1
	  6  3 :       0.1851  bohr^-1
	  6  4 :       0.1391  bohr^-1
	  6  5 :       0.1631  bohr^-1
	  6  6 :       0.2118  bohr^-1
	  6  7 :       0.1562  bohr^-1
	  6  8 :       0.1963  bohr^-1
	  6  9 :       0.1429  bohr^-1
	  6 10 :       0.1655  bohr^-1
	  6 11 :       0.1495  bohr^-1
	  6 12 :       0.1187  bohr^-1
	  6 13 :       0.1315  bohr^-1
	  6 14 :       0.1435  bohr^-1
	  6 15 :       0.2290  bohr^-1
	  6 16 :       0.1320  bohr^-1
	  6 17 :       0.1896  bohr^-1
	  7  1 :       0.2028  bohr^-1
	  7  2 :       0.1276  bohr^-1
	  7  3 :       0.1619  bohr^-1
	  7  4 :       0.1112  bohr^-1
	  7  5 :       0.1963  bohr^-1
	  7  6 :       0.1562  bohr^-1
	  7  7 :       0.2266  bohr^-1
	  7  8 :       0.1728  bohr^-1
	  7  9 :       0.1252  bohr^-1
	  7 10 :       0.1141  bohr^-1
	  7 11 :       0.1083  bohr^-1
	  7 12 :       0.0940  bohr^-1
	  7 13 :       0.1179  bohr^-1
	  7 14 :       0.1907  bohr^-1
	  7 15 :       0.1323  bohr^-1
	  7 16 :       0.2404  bohr^-1
	  7 17 :       0.1500  bohr^-1
	  8  1 :       0.2028  bohr^-1
	  8  2 :       0.1276  bohr^-1
	  8  3 :       0.1619  bohr^-1
	  8  4 :       0.1112  bohr^-1
	  8  5 :       0.1562  bohr^-1
	  8  6 :       0.1963  bohr^-1
	  8  7 :       0.1728  bohr^-1
	  8  8 :       0.2266  bohr^-1
	  8  9 :       0.1141  bohr^-1
	  8 10 :       0.1252  bohr^-1
	  8 11 :       0.1179  bohr^-1
	  8 12 :       0.0940  bohr^-1
	  8 13 :       0.1083  bohr^-1
	  8 14 :       0.1323  bohr^-1
	  8 15 :       0.1907  bohr^-1
	  8 16 :       0.1500  bohr^-1
	  8 17 :       0.2404  bohr^-1
	  9  1 :       0.1077  bohr^-1
	  9  2 :       0.2297  bohr^-1
	  9  3 :       0.1818  bohr^-1
	  9  4 :       0.1917  bohr^-1
	  9  5 :       0.1655  bohr^-1
	  9  6 :       0.1429  bohr^-1
	  9  7 :       0.1252  bohr^-1
	  9  8 :       0.1141  bohr^-1
	  9  9 :       0.2845  bohr^-1
	  9 10 :       0.2198  bohr^-1
	  9 11 :       0.1604  bohr^-1
	  9 12 :       0.1872  bohr^-1
	  9 13 :       0.1845  bohr^-1
	  9 14 :       0.1839  bohr^-1
	  9 15 :       0.1372  bohr^-1
	  9 16 :       0.1103  bohr^-1
	  9 17 :       0.0966  bohr^-1
	 10  1 :       0.1077  bohr^-1
	 10  2 :       0.2297  bohr^-1
	 10  3 :       0.1818  bohr^-1
	 10  4 :       0.1917  bohr^-1
	 10  5 :       0.1429  bohr^-1
	 10  6 :       0.1655  bohr^-1
	 10  7 :       0.1141  bohr^-1
	 10  8 :       0.1252  bohr^-1
	 10  9 :       0.2198  bohr^-1
	 10 10 :       0.2845  bohr^-1
	 10 11 :       0.1845  bohr^-1
	 10 12 :       0.1872  bohr^-1
	 10 13 :       0.1604  bohr^-1
	 10 14 :       0.1372  bohr^-1
	 10 15 :       0.1839  bohr^-1
	 10 16 :       0.0966  bohr^-1
	 10 17 :       0.1103  bohr^-1
	 11  1 :       0.1030  bohr^-1
	 11  2 :       0.1901  bohr^-1
	 11  3 :       0.1610  bohr^-1
	 11  4 :       0.2459  bohr^-1
	 11  5 :       0.1315  bohr^-1
	 11  6 :       0.1495  bohr^-1
	 11  7 :       0.1083  bohr^-1
	 11  8 :       0.1179  bohr^-1
	 11  9 :       0.1604  bohr^-1
	 11 10 :       0.1845  bohr^-1
	 11 11 :       0.3069  bohr^-1
	 11 12 :       0.2311  bohr^-1
	 11 13 :       0.2289  bohr^-1
	 11 14 :       0.1254  bohr^-1
	 11 15 :       0.1603  bohr^-1
	 11 16 :       0.0928  bohr^-1
	 11 17 :       0.1049  bohr^-1
	 12  1 :       0.0857  bohr^-1
	 12  2 :       0.1922  bohr^-1
	 12  3 :       0.1403  bohr^-1
	 12  4 :       0.2500  bohr^-1
	 12  5 :       0.1187  bohr^-1
	 12  6 :       0.1187  bohr^-1
	 12  7 :       0.0940  bohr^-1
	 12  8 :       0.0940  bohr^-1
	 12  9 :       0.1872  bohr^-1
	 12 10 :       0.1872  bohr^-1
	 12 11 :       0.2311  bohr^-1
	 12 12 :       0.3195  bohr^-1
	 12 13 :       0.2311  bohr^-1
	 12 14 :       0.1222  bohr^-1
	 12 15 :       0.1222  bohr^-1
	 12 16 :       0.0829  bohr^-1
	 12 17 :       0.0829  bohr^-1
	 13  1 :       0.1030  bohr^-1
	 13  2 :       0.1901  bohr^-1
	 13  3 :       0.1610  bohr^-1
	 13  4 :       0.2459  bohr^-1
	 13  5 :       0.1495  bohr^-1
	 13  6 :       0.1315  bohr^-1
	 13  7 :       0.1179  bohr^-1
	 13  8 :       0.1083  bohr^-1
	 13  9 :       0.1845  bohr^-1
	 13 10 :       0.1604  bohr^-1
	 13 11 :       0.2289  bohr^-1
	 13 12 :       0.2311  bohr^-1
	 13 13 :       0.3069  bohr^-1
	 13 14 :       0.1603  bohr^-1
	 13 15 :       0.1254  bohr^-1
	 13 16 :       0.1049  bohr^-1
	 13 17 :       0.0928  bohr^-1
	 14  1 :       0.1448  bohr^-1
	 14  2 :       0.1654  bohr^-1
	 14  3 :       0.1829  bohr^-1
	 14  4 :       0.1428  bohr^-1
	 14  5 :       0.2290  bohr^-1
	 14  6 :       0.1435  bohr^-1
	 14  7 :       0.1907  bohr^-1
	 14  8 :       0.1323  bohr^-1
	 14  9 :       0.1839  bohr^-1
	 14 10 :       0.1372  bohr^-1
	 14 11 :       0.1254  bohr^-1
	 14 12 :       0.1222  bohr^-1
	 14 13 :       0.1603  bohr^-1
	 14 14 :       0.2956  bohr^-1
	 14 15 :       0.1212  bohr^-1
	 14 16 :       0.1885  bohr^-1
	 14 17 :       0.1078  bohr^-1
	 15  1 :       0.1448  bohr^-1
	 15  2 :       0.1654  bohr^-1
	 15  3 :       0.1829  bohr^-1
	 15  4 :       0.1428  bohr^-1
	 15  5 :       0.1435  bohr^-1
	 15  6 :       0.2290  bohr^-1
	 15  7 :       0.1323  bohr^-1
	 15  8 :       0.1907  bohr^-1
	 15  9 :       0.1372  bohr^-1
	 15 10 :       0.1839  bohr^-1
	 15 11 :       0.1603  bohr^-1
	 15 12 :       0.1222  bohr^-1
	 15 13 :       0.1254  bohr^-1
	 15 14 :       0.1212  bohr^-1
	 15 15 :       0.2956  bohr^-1
	 15 16 :       0.1078  bohr^-1
	 15 17 :       0.1885  bohr^-1
	 16  1 :       0.1967  bohr^-1
	 16  2 :       0.1108  bohr^-1
	 16  3 :       0.1423  bohr^-1
	 16  4 :       0.0973  bohr^-1
	 16  5 :       0.1896  bohr^-1
	 16  6 :       0.1320  bohr^-1
	 16  7 :       0.2404  bohr^-1
	 16  8 :       0.1500  bohr^-1
	 16  9 :       0.1103  bohr^-1
	 16 10 :       0.0966  bohr^-1
	 16 11 :       0.0928  bohr^-1
	 16 12 :       0.0829  bohr^-1
	 16 13 :       0.1049  bohr^-1
	 16 14 :       0.1885  bohr^-1
	 16 15 :       0.1078  bohr^-1
	 16 16 :       0.3110  bohr^-1
	 16 17 :       0.1266  bohr^-1
	 17  1 :       0.1967  bohr^-1
	 17  2 :       0.1108  bohr^-1
	 17  3 :       0.1423  bohr^-1
	 17  4 :       0.0973  bohr^-1
	 17  5 :       0.1320  bohr^-1
	 17  6 :       0.1896  bohr^-1
	 17  7 :       0.1500  bohr^-1
	 17  8 :       0.2404  bohr^-1
	 17  9 :       0.0966  bohr^-1
	 17 10 :       0.1103  bohr^-1
	 17 11 :       0.1049  bohr^-1
	 17 12 :       0.0829  bohr^-1
	 17 13 :       0.0928  bohr^-1
	 17 14 :       0.1078  bohr^-1
	 17 15 :       0.1885  bohr^-1
	 17 16 :       0.1266  bohr^-1
	 17 17 :       0.3110  bohr^-1


	*Molecular contr. to CDS energy:       0.0000  kcal/mol
	*Total CDS energy:       1.9854  kcal/mol
	*MP2::Polarization Free Energy (au)      : -0.0090229234 
	*MP2::Polarization Free Energy (kcal/mol):      -5.6620 
	*MP2::CDS Free Energy (au)      : 0.0031639225 
	*MP2::CDS Free Energy (kcal/mol):       1.9854 
	*MP2::Total Solvation Free Energy (au)      : -0.0058590009 
	*MP2::Total Solvation Free Energy (kcal/mol):      -3.6766 
	GB-MP2 Total Energy (a.u.)         :  -325.90318512120047

	*Total GB-MP2 Energy: -325.89732612026972


 Cpu time for MacroQC :       1.7480 minutes
 Wall time for MacroQC:       0.4953 minutes


 ******************************************************************************************
	 MacroQC terminates normally:) 
 ****************************************************************************************** 

