 ==========================================================================================
 =========                __  ___                         ____  ______            =========
 ======                  /  |/  /___ _______________     / __ \/ ____/               ======
 ====                   / /|_/ / __ `/ ___/ ___/ __ \   / / / / /                      ====
 ===                   / /  / / /_/ / /__/ /  / /_/ /  / /_/ / /___                     ===
 ==                   /_/  /_/\__,_/\___/_/   \____/   \___\_\____/                      ==
 ===                                                                1.0.4                ===
 =====     An electronic structure theory software for large-scale applications       =====
 ======                                 See license.txt for license info             ======
 =========                                                                        =========
 ==========================================================================================
                                                                                           
                           * * * * * * * * * * * * * * * * * * * *                        
                           *            Developed by             *                        
                           *             U. Bozkaya              *                        
                           *                                     *                        
                           *       With contributions from:      *                        
                           *         B. Ermis, Y. Alagoz,        *                        
                           *         A. Unal, and A. K. Uyar     *                        
                           *         Git Version: deab493        *                        
                           *       Latest Revision: 2026-03-23   *                        
                           * * * * * * * * * * * * * * * * * * * *                        


 Run date: Wed Mar 25 09:07:22 2026
 
 Hostname: ub6 

 ## MacroQC input file ##
 ******************************************************************************************
$set_molecule
0 1
N      -1.3974912495     0.0000580461     0.3030631543
N       1.3976688424    -0.0000125576    -0.3032225362
C       0.7350585856    -1.1985082544     0.1947548689
C      -0.7353821870    -1.1984930798    -0.1954398425
C       0.7353134484     1.1984510092     0.1947343676
C      -0.7350403791     1.1982822175    -0.1953606171
C      -2.8204727760     0.0001879180     0.0261121398
C       2.8204555603    -0.0000620240    -0.0248540938
H       0.8149975530    -1.2769709971     1.2934867410
H       1.2262824666    -2.0733991606    -0.2359022861
H       1.2262174808     2.0733109093    -0.2362847268
H       0.8157432518     1.2773851193     1.2934592931
H      -0.8158001954    -1.2766747322    -1.2941407094
H      -1.2263634365    -2.0733802565     0.2352736573
H      -1.2263460625     2.0734271580     0.2347249928
H      -0.8152404338     1.2763877697    -1.2941755634
H      -3.2838376043    -0.8824726710     0.4689785275
H      -3.0530283023    -0.0000815894    -1.0532420939
H      -3.2835951888     0.8831213598     0.4687389859
H       3.0517871680     0.0005492618     1.0547443864
H       3.2842642325     0.8825062489    -0.4675603700
H       3.2840824080    -0.8831735580    -0.4666660980
$end_molecule


$set_globals
   basis cc-pvdz
  method mp2
  reference rhf
  jobtype energy
  memory 30000
$end_globals


$set_scf
  e_convergence 1.0e-8
  d_convergence 1.0e-6
  guess sad
  solvation true
$end_scf


$set_solvation
  cds_type smd
  radius_type smd
  solvent_params mn21
  dielectric_params mn21
  sasa_type numeric
  solvent water
  num_ang_points 100
  charge_type iao_mulliken
  coulomb_radii smd
$end_solvation

$set_dfocc
solvation true
$end_dfocc

 ******************************************************************************************


	-Geometry before Center-of-Mass shift (ang): 
	 Number     Atom               X                    Y                       Z  
	 ---------------------------------------------------------------------------------------
           1     N            -1.3974912495          0.0000580461           0.3030631543  
           2     N             1.3976688424         -0.0000125576          -0.3032225362  
           3     C             0.7350585856         -1.1985082544           0.1947548689  
           4     C            -0.7353821870         -1.1984930798          -0.1954398425  
           5     C             0.7353134484          1.1984510092           0.1947343676  
           6     C            -0.7350403791          1.1982822175          -0.1953606171  
           7     C            -2.8204727760          0.0001879180           0.0261121398  
           8     C             2.8204555603         -0.0000620240          -0.0248540938  
           9     H             0.8149975530         -1.2769709971           1.2934867410  
          10     H             1.2262824666         -2.0733991606          -0.2359022861  
          11     H             1.2262174808          2.0733109093          -0.2362847268  
          12     H             0.8157432518          1.2773851193           1.2934592931  
          13     H            -0.8158001954         -1.2766747322          -1.2941407094  
          14     H            -1.2263634365         -2.0733802565           0.2352736573  
          15     H            -1.2263460625          2.0734271580           0.2347249928  
          16     H            -0.8152404338          1.2763877697          -1.2941755634  
          17     H            -3.2838376043         -0.8824726710           0.4689785275  
          18     H            -3.0530283023         -0.0000815894          -1.0532420939  
          19     H            -3.2835951888          0.8831213598           0.4687389859  
          20     H             3.0517871680          0.0005492618           1.0547443864  
          21     H             3.2842642325          0.8825062489          -0.4675603700  
          22     H             3.2840824080         -0.8831735580          -0.4666660980  



	-Geometry after Center-of-Mass shift (ang): 
	 Atom               X                    Y                       Z  
	 -------------------------------------------------------------------
     N          -1.3974985286          0.0000626952           0.3030756329  
     N           1.3976615633         -0.0000079085          -0.3032100576  
     C           0.7350513065         -1.1985036053           0.1947673475  
     C          -0.7353894661         -1.1984884307          -0.1954273639  
     C           0.7353061693          1.1984556583           0.1947468462  
     C          -0.7350476582          1.1982868666          -0.1953481385  
     C          -2.8204800551          0.0001925671           0.0261246184  
     C           2.8204482812         -0.0000573749          -0.0248416152  
     H           0.8149902739         -1.2769663480           1.2934992196  
     H           1.2262751875         -2.0733945115          -0.2358898075  
     H           1.2262102017          2.0733155584          -0.2362722482  
     H           0.8157359727          1.2773897684           1.2934717717  
     H          -0.8158074745         -1.2766700831          -1.2941282308  
     H          -1.2263707156         -2.0733756074           0.2352861359  
     H          -1.2263533416          2.0734318071           0.2347374714  
     H          -0.8152477129          1.2763924188          -1.2941630848  
     H          -3.2838448834         -0.8824680219           0.4689910061  
     H          -3.0530355814         -0.0000769403          -1.0532296153  
     H          -3.2836024679          0.8831260089           0.4687514645  
     H           3.0517798889          0.0005539109           1.0547568650  
     H           3.2842569534          0.8825108980          -0.4675478914  
     H           3.2840751289         -0.8831689089          -0.4666536194  


	-Geometry after Center-of-Mass shift (bohr): 
	 Atom               X                    Y                       Z  
	 -------------------------------------------------------------------
     N          -2.6408894798          0.0001184768           0.5727299414  
     N           2.6411975707         -0.0000149449          -0.5729839674  
     C           1.3890456574         -2.2648435744           0.3680569449  
     C          -1.3896846865         -2.2648148985          -0.3693041953  
     C           1.3895272783          2.2647529677           0.3680182030  
     C          -1.3890387632          2.2644339976          -0.3691544810  
     C          -5.3299348465          0.0003638991           0.0493683738  
     C           5.3298748024         -0.0001084228          -0.0469438493  
     H           1.5401084125         -2.4131166691           2.4443592684  
     H           2.3173242588         -3.9181477768          -0.4457671321  
     H           2.3172014534          3.9179985770          -0.4464898402  
     H           1.5415175790          2.4139168177           2.4443073994  
     H          -1.5416526980         -2.4125568096          -2.4455479275  
     H          -2.3175047808         -3.9181120532           0.4446263579  
     H          -2.3174719487          3.9182182552           0.4435895322  
     H          -1.5405949018          2.4120321002          -2.4456137920  
     H          -6.2055674682         -1.6676228759           0.8862645567  
     H          -5.7694011002         -0.0001453961          -1.9903155202  
     H          -6.2051093693          1.6688662911           0.8858118887  
     H           5.7670281851          0.0010467399           1.9932016037  
     H           6.2063461675          1.6677039000          -0.8835374654  
     H           6.2060025690         -1.6689473603          -0.8818475362  


    Rotational Constants: A =     0.15261  B =     0.04721  C =      0.03844 [cm^-1] 
    Rotor Type: SYMMETRIC 

	-Nuclear Dipole Moment: (e a0)  
	 X:  -0.00088   Y:  0.00056   Z:  0.00151   Total:  0.00184 

	-Nuclear Dipole Moment: (D)  
	 X:  -0.00224   Y:  0.00143   Z:  0.00384   Total:  0.00467 


    Nuclear repulsion energy (V_NN)              : 419.561507244285 
   =====================================================
   Charge                : 0 
   Multiplicity          : 1 
   Number of Atoms       : 22 
   Number of Ghost Atoms : 0 
   Number of Electrons   : 64 
   Number of alpha occupied orbitals (NoccA)  : 32 
   Number of beta occupied orbitals (NoccB)   : 32 
   Number of singly occupied orbitals (Nsocc) : 0 
   Number of doubly occupied orbitals (Ndocc) : 32 
   =====================================================



  ## GLOBALS Options ##

  | TYPE         | KEY                      | INPUT? | VALUE              | DEFAULT            
  |--------------|--------------------------|--------|--------------------|--------------------
  | BOOL         | ERI_DISK                 | NO     | FALSE              | FALSE              
  | BOOL         | FREEZE_CORE              | NO     | TRUE               | TRUE               
  | BOOL         | MOL_FRAG                 | NO     | FALSE              | FALSE              
  | BOOL         | NOCOM                    | NO     | FALSE              | FALSE              
  | BOOL         | NOREORIENT               | NO     | TRUE               | TRUE               
  | BOOL         | PUREAM                   | NO     | TRUE               | TRUE               
  | BOOL         | ML                       | NO     | FALSE              | FALSE              
  | BOOL         | READ_PDB                 | NO     | FALSE              | FALSE              
  | BOOL         | TEST_MODE                | NO     | FALSE              | FALSE              
  | INT          | DERIVE_LEVEL             | NO     | 0                  | 0                  
  | INT          | FINDIF_POINTS            | NO     | 3                  | 3                  
  | INT          | MEMORY                   | YES    | 30000              | 2000               
  | INT          | NUM_THREADS              | NO     | 1                  | 1                  
  | INT          | NUM_FROZEN_DOCC          | NO     | 0                  | 0                  
  | INT          | NUM_FROZEN_VIR           | NO     | 0                  | 0                  
  | INT          | PRINT_LEVEL              | NO     | 0                  | 0                  
  | STRING       | AUX_BASIS_CORR           | NO     | CC-PVDZ-RI         | CC-PVDZ-RI         
  | STRING       | AUX_BASIS_SCF            | NO     | CC-PVDZ-JKFIT      | CC-PVDZ-JKFIT      
  | STRING       | BASIS                    | YES    | CC-PVDZ            | CC-PVDZ            
  | STRING       | BASIS2                   | NO     | MINAO              | MINAO              
  | STRING       | DERIVE_TYPE              | NO     | ANALYTIC           | ANALYTIC           
  | STRING       | FINDIF_METHOD            | NO     | GRAD               | GRAD               
  | STRING       | GEOM_UNITS               | NO     | ANG                | ANG                
  | STRING       | JOBTYPE                  | YES    | ENERGY             | ENERGY             
  | STRING       | METHOD                   | YES    | MP2                | SCF                
  | STRING       | REFERENCE                | YES    | RHF                | RHF                
  | STRING       | OUTFILE_MODE             | NO     | NEW                | NEW                
  | DOUBLE       | STEP_BOHR                | NO     | 0.05               | 0.05               
  | STR_ARRAY    | MOLECULE_GEOM_FROM       | NO     | [input]            | [input]            
  | DOUBLE_ARRAY | ELECTRIC_STRENGTH        | NO     | [0.001;0.001;0.001]| [0.001;0.001;0.001]
  | STRING       | ELECTRIC_FIELD           | NO     | NONE               | NONE               
  | STRING       | ALIGN_TWO_ATOMS          | NO     | NONE               | NONE               
  | INT_ARRAY    | TWO_ATOMS                | NO     | [0]                | [0]                



  ## INTS Options ##

  | TYPE         | KEY                      | INPUT? | VALUE              | DEFAULT            
  |--------------|--------------------------|--------|--------------------|--------------------
  | DOUBLE       | BOYS_CUTOFF              | NO     | 1e-15              | 1e-15              
  | DOUBLE       | BOYS_ZERO                | NO     | 1e-06              | 1e-06              
  | DOUBLE       | DELTA_X                  | NO     | 0.1                | 0.1                
  | DOUBLE       | INTEGRAL_CUTOFF          | NO     | 1e-10              | 1e-10              
  | DOUBLE       | X_MAX                    | NO     | 30.0               | 30.0               
  | INT          | BOYS_MAXITER             | NO     | 10000              | 10000              
  | INT          | MAX_AM                   | NO     | 7                  | 7                  
  | INT          | MAX_AM_AUX               | NO     | 7                  | 7                  
  | INT          | PRINT_LEVEL              | NO     | 0                  | 0                  
  | INT          | TAYLOR_ORDER             | NO     | 6                  | 6                  
  | STRING       | 3INDEX_ALGORITHM         | NO     | AUTO               | AUTO               
  | STRING       | BOYS_METHOD              | NO     | GHP                | GHP                
  | STRING       | ERI_ALGORITHM            | NO     | MD4                | MD4                


	Initializing Liboeprop (by U. Bozkaya) ...

	*=================================================================*
	*                  SCF                                            *
	*   Developed by U. Bozkaya & Y. Alagoz                           *
	*   Latest revision Feb 16, 2021                                  *
	*=================================================================*



  ## SCF Options ##

  | TYPE         | KEY                      | INPUT? | VALUE              | DEFAULT            
  |--------------|--------------------------|--------|--------------------|--------------------
  | BOOL         | DIIS_DAMP                | NO     | FALSE              | FALSE              
  | BOOL         | DIE_IF_NOT_CONVERGED     | NO     | TRUE               | TRUE               
  | BOOL         | DO_DF                    | NO     | TRUE               | TRUE               
  | BOOL         | DIIS                     | NO     | TRUE               | TRUE               
  | BOOL         | FOCK_DAMP                | NO     | FALSE              | FALSE              
  | BOOL         | GUESS_MIX                | NO     | FALSE              | FALSE              
  | BOOL         | GUESS_PREVIOUS           | NO     | FALSE              | FALSE              
  | BOOL         | LOCAL                    | NO     | FALSE              | FALSE              
  | BOOL         | RETRY                    | NO     | TRUE               | TRUE               
  | DOUBLE       | CUTOFF                   | NO     | 1e-10              | 1e-10              
  | DOUBLE       | D_CONVERGENCE            | YES    | 1e-06              | 1e-06              
  | DOUBLE       | DAMP_PARAM               | NO     | 0.02               | 0.02               
  | DOUBLE       | E_CONVERGENCE            | YES    | 1e-08              | 1e-08              
  | DOUBLE       | FOCK_DAMP_PERC           | NO     | 20.0               | 20.0               
  | DOUBLE       | MIN_OVERLAP_EIGVAL       | NO     | 1e-06              | 1e-06              
  | DOUBLE       | LOCAL_CONVERGENCE        | NO     | 1e-08              | 1e-08              
  | DOUBLE       | QC_GUESS_E_CONVERGENCE   | NO     | 0.0001             | 0.0001             
  | DOUBLE       | QC_GUESS_D_CONVERGENCE   | NO     | 0.005              | 0.005              
  | INT          | MAX_DIIS                 | NO     | 6                  | 6                  
  | INT          | MIN_DIIS                 | NO     | 2                  | 2                  
  | INT          | PRINT_LEVEL              | NO     | 0                  | 0                  
  | INT          | SCF_MAXITER              | NO     | 50                 | 50                 
  | INT          | LOCAL_MAXITER            | NO     | 50                 | 50                 
  | STRING       | DIIS_ALGORITHM           | NO     | DISK               | DISK               
  | STRING       | GUESS                    | YES    | SAD                | SAD                
  | BOOL         | MO_WRITE                 | NO     | FALSE              | FALSE              
  | BOOL         | FOCK_WRITE               | NO     | FALSE              | FALSE              
  | STRING       | ORTH_TYPE                | NO     | CANONICAL          | CANONICAL          
  | STRING       | ROHF_CANONIC_TYPE        | NO     | GUEST              | GUEST              
  | STRING       | ERI                      | NO     | INCORE             | INCORE             
  | STRING       | SCF_ALGORITHM            | NO     | ROOTHAAN           | ROOTHAAN           
  | STRING       | LOCAL_TYPE               | NO     | BOYS               | BOYS               
  | BOOL         | SAD_FRAC_OCC             | NO     | TRUE               | TRUE               
  | BOOL         | SAD_SPIN_AVERAGE         | NO     | TRUE               | TRUE               
  | DOUBLE       | SAD_E_CONVERGENCE        | NO     | 1e-05              | 1e-05              
  | DOUBLE       | SAD_D_CONVERGENCE        | NO     | 1e-05              | 1e-05              
  | INT          | SAD_MAXITER              | NO     | 50                 | 50                 
  | BOOL         | NIE                      | NO     | FALSE              | FALSE              
  | BOOL         | SAD_DIIS                 | NO     | TRUE               | TRUE               
  | INT          | SAD_MAX_DIIS             | NO     | 6                  | 6                  
  | INT          | SAD_MIN_DIIS             | NO     | 2                  | 2                  
  | INT          | SAD_PRINT                | NO     | 0                  | 0                  
  | STRING       | SAD_AUX_BASIS            | NO     | SAD-FIT            | SAD-FIT            
  | DOUBLE       | SAD_CHOLESKY_TOLERANCE   | NO     | 1e-07              | 1e-07              
  | BOOL         | SOLVATION                | YES    | TRUE               | FALSE              
  | BOOL         | BYPASS                   | NO     | FALSE              | FALSE              
  | STRING       | IAO_TYPE                 | NO     | STANDARD2013       | STANDARD2013       
  | BOOL         | USE_IAOS                 | NO     | FALSE              | FALSE              

	Initializing libdiis ...
	Initializing libmolint 1.1 ...
 CC-PVDZ primary basis set file will be read for the N atom...
 CC-PVDZ primary basis set file will be read for the C atom...
 CC-PVDZ primary basis set file will be read for the H atom...
 Nmaxthread: 8 
 Nshell: 90 
 Lmax:  2 
 Npmax:  8 
 Nao: 182 
 Ndocc: 32 
 Nsocc:  0 
 NoccA: 32 
 NoccB: 32 
 Primary basis set info has been read.

 CC-PVDZ-JKFIT aux basis set file will be read for the N atom...
 CC-PVDZ-JKFIT aux basis set file will be read for the C atom...
 CC-PVDZ-JKFIT aux basis set file will be read for the H atom...
 Nshell_aux: 318 
 Naux: 882 
 Aux basis set info has been read.

 orth_type: CANONICAL 
 Cpu time for S ints :       0.0500 s
 Wall time for S ints:       0.0352 s

 Using canonical orthogonalization. 
 Minimum eigenvalue in the overlap matrix is:   2.0493E-03 

 Cpu time for T ints :       0.1900 s
 Wall time for T ints:       0.0472 s
 Cpu time for V ints :       1.0900 s
 Wall time for V ints:       0.5269 s
 Cpu time for Metric ints :       1.4900 s
 Wall time for Metric ints:       0.4626 s
 3-Index Algorithm: AUTO 

 Calling fortran integrals: ringing... 
 Done with fintegrals.

 Cpu time for 3-index ints :       9.1800 s
 Wall time for 3-index ints:       3.4436 s
 Cpu time for df-factors :       2.1300 s
 Wall time for df-factors:       0.5599 s


 Puream (True=1, False=0) : 1
 Number of AO             : 182
 Number of MO             : 182
 Number of Aux Functions  : 882
 Charge                   : 0
 Multiplicity             : 1
 Alpha OCC                : 32
 Beta OCC                 : 32
 Nuclear Repulsion Energy : 419.56150724
 Energy Treshold          : 1.0e-08
 Density Treshold         : 1.0e-06
 Iteration Limit          : 50
 Guess                    : SAD
 Guess Mix                : false
 Diis                     : true
 Diis Damping             : false
 Diis Damp Parameter      : 0.02
 Diis Algorithm           : DISK
 Cutoff Treshold          : 1.0e-10
 Density Fitting          : true
 Reference                : RHF
 Die If Not Converged     : true
 Print Level              : 0
 ERI Algorithm            : INCORE
 SCF Algorithm            : ROOTHAAN




  ## SOLVATION Options ##

  | TYPE         | KEY                      | INPUT? | VALUE              | DEFAULT            
  |--------------|--------------------------|--------|--------------------|--------------------
  | INT          | NUM_Z_POINTS             | NO     | 90                 | 90                 
  | INT          | NUM_ANG_POINTS           | YES    | 100                | 100                
  | STRING       | SASA_TYPE                | YES    | NUMERIC            | NUMERIC            
  | STRING       | CHARGE_TYPE              | YES    | IAO_MULLIKEN       | IAO_MULLIKEN       
  | STRING       | CDS_TYPE                 | YES    | SMD                | SMD                
  | STRING       | SOLVENT                  | YES    | WATER              | WATER              
  | STRING       | SOLVENT_PARAMS           | YES    | MN21               | SM8                
  | STRING       | DIELECTRIC_PARAMS        | YES    | MN21               | MN21               
  | STRING       | COULOMB_RADII            | YES    | SMD                | SMD                
  | DOUBLE       | COVALENT_VW_CONST        | NO     | 0.76               | 0.76               
  | DOUBLE       | SOLVENT_RADIUS           | NO     | 0.4                | 0.4                
  | STRING       | RADIUS_TYPE              | YES    | SMD                | SMD                
  | DOUBLE       | GB_DIJ                   | NO     | 3.7                | 3.7                
  | DOUBLE       | GB_SIJ                   | NO     | 0.75               | 0.75               
  | DOUBLE       | GB_CIJ                   | NO     | 0.0                | 0.0                
  | DOUBLE       | F_PWSASA                 | NO     | 0.4535             | 0.4535             
  | DOUBLE       | SCALE_VDW                | NO     | 1.0                | 1.0                
  | DOUBLE       | SCALE_CR                 | NO     | 1.0                | 1.0                



 Sasa Type                  : NUMERIC 
 Charge Type                : IAO_MULLIKEN 
 CDS Type                   : SMD 
 Radius Type                : SMD 
 Solvent                    : WATER 
 Solvent Parameters         : MN21 
 Dielectric Parameters      : MN21 
 Coulomb Radii Parameters   : SMD 
 GB d_ij parameter          : 3.7000000000 
 GB S_ij parameter          : 0.7500000000 
 GB C_ij parameter          : 0.0000000000 
 Sclae_vdw parameter        : 1.0000000000 
 Number of z-points         : 90 
 Number of angular points   : 100 
 Number of SASA grid points : 17902 
 Solvent Dielectric Constant: 78.3553000000 

 VDW Radii:
	  1 N :       1.5500  ang
	  2 N :       1.5500  ang
	  3 C :       1.7000  ang
	  4 C :       1.7000  ang
	  5 C :       1.7000  ang
	  6 C :       1.7000  ang
	  7 C :       1.7000  ang
	  8 C :       1.7000  ang
	  9 H :       1.2000  ang
	 10 H :       1.2000  ang
	 11 H :       1.2000  ang
	 12 H :       1.2000  ang
	 13 H :       1.2000  ang
	 14 H :       1.2000  ang
	 15 H :       1.2000  ang
	 16 H :       1.2000  ang
	 17 H :       1.2000  ang
	 18 H :       1.2000  ang
	 19 H :       1.2000  ang
	 20 H :       1.2000  ang
	 21 H :       1.2000  ang
	 22 H :       1.2000  ang

	 Computing SASA... 

 Atomic SASA values:
	  1 N :       4.8419  ang^2
	  2 N :       4.8419  ang^2
	  3 C :       3.1297  ang^2
	  4 C :       3.1359  ang^2
	  5 C :       3.1328  ang^2
	  6 C :       3.1328  ang^2
	  7 C :       8.4170  ang^2
	  8 C :       8.4077  ang^2
	  9 H :      11.1773  ang^2
	 10 H :      11.3409  ang^2
	 11 H :      11.3373  ang^2
	 12 H :      11.1845  ang^2
	 13 H :      11.1773  ang^2
	 14 H :      11.3427  ang^2
	 15 H :      11.3445  ang^2
	 16 H :      11.1791  ang^2
	 17 H :      11.6985  ang^2
	 18 H :      11.7596  ang^2
	 19 H :      11.6967  ang^2
	 20 H :      11.7560  ang^2
	 21 H :      11.7021  ang^2
	 22 H :      11.7003  ang^2

	*Total SASA (angs^2): 199.4361916066 


 Coulomb Radii:
	  1 N :       1.8900  ang
	  2 N :       1.8900  ang
	  3 C :       1.8500  ang
	  4 C :       1.8500  ang
	  5 C :       1.8500  ang
	  6 C :       1.8500  ang
	  7 C :       1.8500  ang
	  8 C :       1.8500  ang
	  9 H :       1.2000  ang
	 10 H :       1.2000  ang
	 11 H :       1.2000  ang
	 12 H :       1.2000  ang
	 13 H :       1.2000  ang
	 14 H :       1.2000  ang
	 15 H :       1.2000  ang
	 16 H :       1.2000  ang
	 17 H :       1.2000  ang
	 18 H :       1.2000  ang
	 19 H :       1.2000  ang
	 20 H :       1.2000  ang
	 21 H :       1.2000  ang
	 22 H :       1.2000  ang
 Solvent Alpha                       : 1.1700000000 

 ## Effective Born Radius (bohr) ##
   0   5.1846664656 
   1   5.1846066858 
   2   4.9394175383 
   3   4.9393330173 
   4   4.9393935399 
   5   4.9394744046 
   6   4.2824481955 
   7   4.2825190918 
   8   3.8972226585 
   9   3.6766182085 
  10   3.6767669938 
  11   3.8966578388 
  12   3.8967505548 
  13   3.6767580530 
  14   3.6767999780 
  15   3.8971983613 
  16   3.3268890178 
  17   3.3950627387 
  18   3.3269365167 
  19   3.3953489606 
  20   3.3268273061 
  21   3.3269384475 

 Effective Born Radii:
	  1 N :       2.7436  ang
	  2 N :       2.7436  ang
	  3 C :       2.6138  ang
	  4 C :       2.6138  ang
	  5 C :       2.6138  ang
	  6 C :       2.6139  ang
	  7 C :       2.2662  ang
	  8 C :       2.2662  ang
	  9 H :       2.0623  ang
	 10 H :       1.9456  ang
	 11 H :       1.9457  ang
	 12 H :       2.0620  ang
	 13 H :       2.0621  ang
	 14 H :       1.9457  ang
	 15 H :       1.9457  ang
	 16 H :       2.0623  ang
	 17 H :       1.7605  ang
	 18 H :       1.7966  ang
	 19 H :       1.7605  ang
	 20 H :       1.7967  ang
	 21 H :       1.7605  ang
	 22 H :       1.7605  ang


 Coulomb Integrals:
	  1  1 :       0.1929  bohr^-1
	  1  2 :       0.1425  bohr^-1
	  1  3 :       0.1546  bohr^-1
	  1  4 :       0.1790  bohr^-1
	  1  5 :       0.1546  bohr^-1
	  1  6 :       0.1790  bohr^-1
	  1  7 :       0.1898  bohr^-1
	  1  8 :       0.1162  bohr^-1
	  1  9 :       0.1563  bohr^-1
	  1 10 :       0.1392  bohr^-1
	  1 11 :       0.1392  bohr^-1
	  1 12 :       0.1563  bohr^-1
	  1 13 :       0.1756  bohr^-1
	  1 14 :       0.1802  bohr^-1
	  1 15 :       0.1802  bohr^-1
	  1 16 :       0.1756  bohr^-1
	  1 17 :       0.1854  bohr^-1
	  1 18 :       0.1824  bohr^-1
	  1 19 :       0.1854  bohr^-1
	  1 20 :       0.1129  bohr^-1
	  1 21 :       0.1067  bohr^-1
	  1 22 :       0.1067  bohr^-1
	  2  1 :       0.1425  bohr^-1
	  2  2 :       0.1929  bohr^-1
	  2  3 :       0.1790  bohr^-1
	  2  4 :       0.1546  bohr^-1
	  2  5 :       0.1790  bohr^-1
	  2  6 :       0.1546  bohr^-1
	  2  7 :       0.1162  bohr^-1
	  2  8 :       0.1898  bohr^-1
	  2  9 :       0.1756  bohr^-1
	  2 10 :       0.1802  bohr^-1
	  2 11 :       0.1802  bohr^-1
	  2 12 :       0.1756  bohr^-1
	  2 13 :       0.1563  bohr^-1
	  2 14 :       0.1392  bohr^-1
	  2 15 :       0.1392  bohr^-1
	  2 16 :       0.1563  bohr^-1
	  2 17 :       0.1067  bohr^-1
	  2 18 :       0.1129  bohr^-1
	  2 19 :       0.1067  bohr^-1
	  2 20 :       0.1824  bohr^-1
	  2 21 :       0.1854  bohr^-1
	  2 22 :       0.1854  bohr^-1
	  3  1 :       0.1546  bohr^-1
	  3  2 :       0.1790  bohr^-1
	  3  3 :       0.2025  bohr^-1
	  3  4 :       0.1810  bohr^-1
	  3  5 :       0.1582  bohr^-1
	  3  6 :       0.1466  bohr^-1
	  3  7 :       0.1275  bohr^-1
	  3  8 :       0.1643  bohr^-1
	  3  9 :       0.2110  bohr^-1
	  3 10 :       0.2167  bohr^-1
	  3 11 :       0.1417  bohr^-1
	  3 12 :       0.1590  bohr^-1
	  3 13 :       0.1774  bohr^-1
	  3 14 :       0.1805  bohr^-1
	  3 15 :       0.1287  bohr^-1
	  3 16 :       0.1420  bohr^-1
	  3 17 :       0.1244  bohr^-1
	  3 18 :       0.1212  bohr^-1
	  3 19 :       0.1130  bohr^-1
	  3 20 :       0.1626  bohr^-1
	  3 21 :       0.1433  bohr^-1
	  3 22 :       0.1667  bohr^-1
	  4  1 :       0.1790  bohr^-1
	  4  2 :       0.1546  bohr^-1
	  4  3 :       0.1810  bohr^-1
	  4  4 :       0.2025  bohr^-1
	  4  5 :       0.1466  bohr^-1
	  4  6 :       0.1582  bohr^-1
	  4  7 :       0.1643  bohr^-1
	  4  8 :       0.1275  bohr^-1
	  4  9 :       0.1774  bohr^-1
	  4 10 :       0.1805  bohr^-1
	  4 11 :       0.1287  bohr^-1
	  4 12 :       0.1420  bohr^-1
	  4 13 :       0.2110  bohr^-1
	  4 14 :       0.2167  bohr^-1
	  4 15 :       0.1417  bohr^-1
	  4 16 :       0.1591  bohr^-1
	  4 17 :       0.1667  bohr^-1
	  4 18 :       0.1626  bohr^-1
	  4 19 :       0.1433  bohr^-1
	  4 20 :       0.1212  bohr^-1
	  4 21 :       0.1130  bohr^-1
	  4 22 :       0.1244  bohr^-1
	  5  1 :       0.1546  bohr^-1
	  5  2 :       0.1790  bohr^-1
	  5  3 :       0.1582  bohr^-1
	  5  4 :       0.1466  bohr^-1
	  5  5 :       0.2025  bohr^-1
	  5  6 :       0.1810  bohr^-1
	  5  7 :       0.1275  bohr^-1
	  5  8 :       0.1643  bohr^-1
	  5  9 :       0.1590  bohr^-1
	  5 10 :       0.1417  bohr^-1
	  5 11 :       0.2167  bohr^-1
	  5 12 :       0.2110  bohr^-1
	  5 13 :       0.1420  bohr^-1
	  5 14 :       0.1287  bohr^-1
	  5 15 :       0.1805  bohr^-1
	  5 16 :       0.1774  bohr^-1
	  5 17 :       0.1130  bohr^-1
	  5 18 :       0.1212  bohr^-1
	  5 19 :       0.1244  bohr^-1
	  5 20 :       0.1627  bohr^-1
	  5 21 :       0.1667  bohr^-1
	  5 22 :       0.1433  bohr^-1
	  6  1 :       0.1790  bohr^-1
	  6  2 :       0.1546  bohr^-1
	  6  3 :       0.1466  bohr^-1
	  6  4 :       0.1582  bohr^-1
	  6  5 :       0.1810  bohr^-1
	  6  6 :       0.2025  bohr^-1
	  6  7 :       0.1643  bohr^-1
	  6  8 :       0.1275  bohr^-1
	  6  9 :       0.1420  bohr^-1
	  6 10 :       0.1287  bohr^-1
	  6 11 :       0.1805  bohr^-1
	  6 12 :       0.1774  bohr^-1
	  6 13 :       0.1590  bohr^-1
	  6 14 :       0.1417  bohr^-1
	  6 15 :       0.2167  bohr^-1
	  6 16 :       0.2110  bohr^-1
	  6 17 :       0.1433  bohr^-1
	  6 18 :       0.1626  bohr^-1
	  6 19 :       0.1667  bohr^-1
	  6 20 :       0.1212  bohr^-1
	  6 21 :       0.1244  bohr^-1
	  6 22 :       0.1130  bohr^-1
	  7  1 :       0.1898  bohr^-1
	  7  2 :       0.1162  bohr^-1
	  7  3 :       0.1275  bohr^-1
	  7  4 :       0.1643  bohr^-1
	  7  5 :       0.1275  bohr^-1
	  7  6 :       0.1643  bohr^-1
	  7  7 :       0.2335  bohr^-1
	  7  8 :       0.0924  bohr^-1
	  7  9 :       0.1238  bohr^-1
	  7 10 :       0.1129  bohr^-1
	  7 11 :       0.1129  bohr^-1
	  7 12 :       0.1238  bohr^-1
	  7 13 :       0.1638  bohr^-1
	  7 14 :       0.1692  bohr^-1
	  7 15 :       0.1693  bohr^-1
	  7 16 :       0.1638  bohr^-1
	  7 17 :       0.2398  bohr^-1
	  7 18 :       0.2373  bohr^-1
	  7 19 :       0.2398  bohr^-1
	  7 20 :       0.0883  bohr^-1
	  7 21 :       0.0852  bohr^-1
	  7 22 :       0.0852  bohr^-1
	  8  1 :       0.1162  bohr^-1
	  8  2 :       0.1898  bohr^-1
	  8  3 :       0.1643  bohr^-1
	  8  4 :       0.1275  bohr^-1
	  8  5 :       0.1643  bohr^-1
	  8  6 :       0.1275  bohr^-1
	  8  7 :       0.0924  bohr^-1
	  8  8 :       0.2335  bohr^-1
	  8  9 :       0.1638  bohr^-1
	  8 10 :       0.1692  bohr^-1
	  8 11 :       0.1692  bohr^-1
	  8 12 :       0.1638  bohr^-1
	  8 13 :       0.1238  bohr^-1
	  8 14 :       0.1129  bohr^-1
	  8 15 :       0.1129  bohr^-1
	  8 16 :       0.1238  bohr^-1
	  8 17 :       0.0852  bohr^-1
	  8 18 :       0.0883  bohr^-1
	  8 19 :       0.0852  bohr^-1
	  8 20 :       0.2373  bohr^-1
	  8 21 :       0.2398  bohr^-1
	  8 22 :       0.2398  bohr^-1
	  9  1 :       0.1563  bohr^-1
	  9  2 :       0.1756  bohr^-1
	  9  3 :       0.2110  bohr^-1
	  9  4 :       0.1774  bohr^-1
	  9  5 :       0.1590  bohr^-1
	  9  6 :       0.1420  bohr^-1
	  9  7 :       0.1238  bohr^-1
	  9  8 :       0.1638  bohr^-1
	  9  9 :       0.2566  bohr^-1
	  9 10 :       0.2093  bohr^-1
	  9 11 :       0.1352  bohr^-1
	  9 12 :       0.1732  bohr^-1
	  9 13 :       0.1547  bohr^-1
	  9 14 :       0.1803  bohr^-1
	  9 15 :       0.1253  bohr^-1
	  9 16 :       0.1268  bohr^-1
	  9 17 :       0.1227  bohr^-1
	  9 18 :       0.1107  bohr^-1
	  9 19 :       0.1107  bohr^-1
	  9 20 :       0.1767  bohr^-1
	  9 21 :       0.1359  bohr^-1
	  9 22 :       0.1584  bohr^-1
	 10  1 :       0.1392  bohr^-1
	 10  2 :       0.1802  bohr^-1
	 10  3 :       0.2167  bohr^-1
	 10  4 :       0.1805  bohr^-1
	 10  5 :       0.1417  bohr^-1
	 10  6 :       0.1287  bohr^-1
	 10  7 :       0.1129  bohr^-1
	 10  8 :       0.1692  bohr^-1
	 10  9 :       0.2093  bohr^-1
	 10 10 :       0.2720  bohr^-1
	 10 11 :       0.1237  bohr^-1
	 10 12 :       0.1352  bohr^-1
	 10 13 :       0.1803  bohr^-1
	 10 14 :       0.1798  bohr^-1
	 10 15 :       0.1077  bohr^-1
	 10 16 :       0.1253  bohr^-1
	 10 17 :       0.1107  bohr^-1
	 10 18 :       0.1083  bohr^-1
	 10 19 :       0.0968  bohr^-1
	 10 20 :       0.1595  bohr^-1
	 10 21 :       0.1402  bohr^-1
	 10 22 :       0.1884  bohr^-1
	 11  1 :       0.1392  bohr^-1
	 11  2 :       0.1802  bohr^-1
	 11  3 :       0.1417  bohr^-1
	 11  4 :       0.1287  bohr^-1
	 11  5 :       0.2167  bohr^-1
	 11  6 :       0.1805  bohr^-1
	 11  7 :       0.1129  bohr^-1
	 11  8 :       0.1692  bohr^-1
	 11  9 :       0.1352  bohr^-1
	 11 10 :       0.1237  bohr^-1
	 11 11 :       0.2720  bohr^-1
	 11 12 :       0.2094  bohr^-1
	 11 13 :       0.1253  bohr^-1
	 11 14 :       0.1077  bohr^-1
	 11 15 :       0.1798  bohr^-1
	 11 16 :       0.1803  bohr^-1
	 11 17 :       0.0968  bohr^-1
	 11 18 :       0.1083  bohr^-1
	 11 19 :       0.1107  bohr^-1
	 11 20 :       0.1596  bohr^-1
	 11 21 :       0.1884  bohr^-1
	 11 22 :       0.1402  bohr^-1
	 12  1 :       0.1563  bohr^-1
	 12  2 :       0.1756  bohr^-1
	 12  3 :       0.1590  bohr^-1
	 12  4 :       0.1420  bohr^-1
	 12  5 :       0.2110  bohr^-1
	 12  6 :       0.1774  bohr^-1
	 12  7 :       0.1238  bohr^-1
	 12  8 :       0.1638  bohr^-1
	 12  9 :       0.1732  bohr^-1
	 12 10 :       0.1352  bohr^-1
	 12 11 :       0.2094  bohr^-1
	 12 12 :       0.2566  bohr^-1
	 12 13 :       0.1267  bohr^-1
	 12 14 :       0.1253  bohr^-1
	 12 15 :       0.1803  bohr^-1
	 12 16 :       0.1547  bohr^-1
	 12 17 :       0.1107  bohr^-1
	 12 18 :       0.1107  bohr^-1
	 12 19 :       0.1226  bohr^-1
	 12 20 :       0.1768  bohr^-1
	 12 21 :       0.1584  bohr^-1
	 12 22 :       0.1359  bohr^-1
	 13  1 :       0.1756  bohr^-1
	 13  2 :       0.1563  bohr^-1
	 13  3 :       0.1774  bohr^-1
	 13  4 :       0.2110  bohr^-1
	 13  5 :       0.1420  bohr^-1
	 13  6 :       0.1590  bohr^-1
	 13  7 :       0.1638  bohr^-1
	 13  8 :       0.1238  bohr^-1
	 13  9 :       0.1547  bohr^-1
	 13 10 :       0.1803  bohr^-1
	 13 11 :       0.1253  bohr^-1
	 13 12 :       0.1267  bohr^-1
	 13 13 :       0.2566  bohr^-1
	 13 14 :       0.2094  bohr^-1
	 13 15 :       0.1352  bohr^-1
	 13 16 :       0.1733  bohr^-1
	 13 17 :       0.1584  bohr^-1
	 13 18 :       0.1767  bohr^-1
	 13 19 :       0.1359  bohr^-1
	 13 20 :       0.1107  bohr^-1
	 13 21 :       0.1107  bohr^-1
	 13 22 :       0.1226  bohr^-1
	 14  1 :       0.1802  bohr^-1
	 14  2 :       0.1392  bohr^-1
	 14  3 :       0.1805  bohr^-1
	 14  4 :       0.2167  bohr^-1
	 14  5 :       0.1287  bohr^-1
	 14  6 :       0.1417  bohr^-1
	 14  7 :       0.1692  bohr^-1
	 14  8 :       0.1129  bohr^-1
	 14  9 :       0.1803  bohr^-1
	 14 10 :       0.1798  bohr^-1
	 14 11 :       0.1077  bohr^-1
	 14 12 :       0.1253  bohr^-1
	 14 13 :       0.2094  bohr^-1
	 14 14 :       0.2720  bohr^-1
	 14 15 :       0.1237  bohr^-1
	 14 16 :       0.1352  bohr^-1
	 14 17 :       0.1884  bohr^-1
	 14 18 :       0.1596  bohr^-1
	 14 19 :       0.1402  bohr^-1
	 14 20 :       0.1083  bohr^-1
	 14 21 :       0.0968  bohr^-1
	 14 22 :       0.1107  bohr^-1
	 15  1 :       0.1802  bohr^-1
	 15  2 :       0.1392  bohr^-1
	 15  3 :       0.1287  bohr^-1
	 15  4 :       0.1417  bohr^-1
	 15  5 :       0.1805  bohr^-1
	 15  6 :       0.2167  bohr^-1
	 15  7 :       0.1693  bohr^-1
	 15  8 :       0.1129  bohr^-1
	 15  9 :       0.1253  bohr^-1
	 15 10 :       0.1077  bohr^-1
	 15 11 :       0.1798  bohr^-1
	 15 12 :       0.1803  bohr^-1
	 15 13 :       0.1352  bohr^-1
	 15 14 :       0.1237  bohr^-1
	 15 15 :       0.2720  bohr^-1
	 15 16 :       0.2094  bohr^-1
	 15 17 :       0.1402  bohr^-1
	 15 18 :       0.1596  bohr^-1
	 15 19 :       0.1884  bohr^-1
	 15 20 :       0.1084  bohr^-1
	 15 21 :       0.1107  bohr^-1
	 15 22 :       0.0968  bohr^-1
	 16  1 :       0.1756  bohr^-1
	 16  2 :       0.1563  bohr^-1
	 16  3 :       0.1420  bohr^-1
	 16  4 :       0.1591  bohr^-1
	 16  5 :       0.1774  bohr^-1
	 16  6 :       0.2110  bohr^-1
	 16  7 :       0.1638  bohr^-1
	 16  8 :       0.1238  bohr^-1
	 16  9 :       0.1268  bohr^-1
	 16 10 :       0.1253  bohr^-1
	 16 11 :       0.1803  bohr^-1
	 16 12 :       0.1547  bohr^-1
	 16 13 :       0.1733  bohr^-1
	 16 14 :       0.1352  bohr^-1
	 16 15 :       0.2094  bohr^-1
	 16 16 :       0.2566  bohr^-1
	 16 17 :       0.1359  bohr^-1
	 16 18 :       0.1767  bohr^-1
	 16 19 :       0.1584  bohr^-1
	 16 20 :       0.1107  bohr^-1
	 16 21 :       0.1226  bohr^-1
	 16 22 :       0.1107  bohr^-1
	 17  1 :       0.1854  bohr^-1
	 17  2 :       0.1067  bohr^-1
	 17  3 :       0.1244  bohr^-1
	 17  4 :       0.1667  bohr^-1
	 17  5 :       0.1130  bohr^-1
	 17  6 :       0.1433  bohr^-1
	 17  7 :       0.2398  bohr^-1
	 17  8 :       0.0852  bohr^-1
	 17  9 :       0.1227  bohr^-1
	 17 10 :       0.1107  bohr^-1
	 17 11 :       0.0968  bohr^-1
	 17 12 :       0.1107  bohr^-1
	 17 13 :       0.1584  bohr^-1
	 17 14 :       0.1884  bohr^-1
	 17 15 :       0.1402  bohr^-1
	 17 16 :       0.1359  bohr^-1
	 17 17 :       0.3006  bohr^-1
	 17 18 :       0.2243  bohr^-1
	 17 19 :       0.2261  bohr^-1
	 17 20 :       0.0823  bohr^-1
	 17 21 :       0.0770  bohr^-1
	 17 22 :       0.0797  bohr^-1
	 18  1 :       0.1824  bohr^-1
	 18  2 :       0.1129  bohr^-1
	 18  3 :       0.1212  bohr^-1
	 18  4 :       0.1626  bohr^-1
	 18  5 :       0.1212  bohr^-1
	 18  6 :       0.1626  bohr^-1
	 18  7 :       0.2373  bohr^-1
	 18  8 :       0.0883  bohr^-1
	 18  9 :       0.1107  bohr^-1
	 18 10 :       0.1083  bohr^-1
	 18 11 :       0.1083  bohr^-1
	 18 12 :       0.1107  bohr^-1
	 18 13 :       0.1767  bohr^-1
	 18 14 :       0.1596  bohr^-1
	 18 15 :       0.1596  bohr^-1
	 18 16 :       0.1767  bohr^-1
	 18 17 :       0.2243  bohr^-1
	 18 18 :       0.2945  bohr^-1
	 18 19 :       0.2243  bohr^-1
	 18 20 :       0.0818  bohr^-1
	 18 21 :       0.0823  bohr^-1
	 18 22 :       0.0823  bohr^-1
	 19  1 :       0.1854  bohr^-1
	 19  2 :       0.1067  bohr^-1
	 19  3 :       0.1130  bohr^-1
	 19  4 :       0.1433  bohr^-1
	 19  5 :       0.1244  bohr^-1
	 19  6 :       0.1667  bohr^-1
	 19  7 :       0.2398  bohr^-1
	 19  8 :       0.0852  bohr^-1
	 19  9 :       0.1107  bohr^-1
	 19 10 :       0.0968  bohr^-1
	 19 11 :       0.1107  bohr^-1
	 19 12 :       0.1226  bohr^-1
	 19 13 :       0.1359  bohr^-1
	 19 14 :       0.1402  bohr^-1
	 19 15 :       0.1884  bohr^-1
	 19 16 :       0.1584  bohr^-1
	 19 17 :       0.2261  bohr^-1
	 19 18 :       0.2243  bohr^-1
	 19 19 :       0.3006  bohr^-1
	 19 20 :       0.0823  bohr^-1
	 19 21 :       0.0797  bohr^-1
	 19 22 :       0.0770  bohr^-1
	 20  1 :       0.1129  bohr^-1
	 20  2 :       0.1824  bohr^-1
	 20  3 :       0.1626  bohr^-1
	 20  4 :       0.1212  bohr^-1
	 20  5 :       0.1627  bohr^-1
	 20  6 :       0.1212  bohr^-1
	 20  7 :       0.0883  bohr^-1
	 20  8 :       0.2373  bohr^-1
	 20  9 :       0.1767  bohr^-1
	 20 10 :       0.1595  bohr^-1
	 20 11 :       0.1596  bohr^-1
	 20 12 :       0.1768  bohr^-1
	 20 13 :       0.1107  bohr^-1
	 20 14 :       0.1083  bohr^-1
	 20 15 :       0.1084  bohr^-1
	 20 16 :       0.1107  bohr^-1
	 20 17 :       0.0823  bohr^-1
	 20 18 :       0.0818  bohr^-1
	 20 19 :       0.0823  bohr^-1
	 20 20 :       0.2945  bohr^-1
	 20 21 :       0.2243  bohr^-1
	 20 22 :       0.2243  bohr^-1
	 21  1 :       0.1067  bohr^-1
	 21  2 :       0.1854  bohr^-1
	 21  3 :       0.1433  bohr^-1
	 21  4 :       0.1130  bohr^-1
	 21  5 :       0.1667  bohr^-1
	 21  6 :       0.1244  bohr^-1
	 21  7 :       0.0852  bohr^-1
	 21  8 :       0.2398  bohr^-1
	 21  9 :       0.1359  bohr^-1
	 21 10 :       0.1402  bohr^-1
	 21 11 :       0.1884  bohr^-1
	 21 12 :       0.1584  bohr^-1
	 21 13 :       0.1107  bohr^-1
	 21 14 :       0.0968  bohr^-1
	 21 15 :       0.1107  bohr^-1
	 21 16 :       0.1226  bohr^-1
	 21 17 :       0.0770  bohr^-1
	 21 18 :       0.0823  bohr^-1
	 21 19 :       0.0797  bohr^-1
	 21 20 :       0.2243  bohr^-1
	 21 21 :       0.3006  bohr^-1
	 21 22 :       0.2261  bohr^-1
	 22  1 :       0.1067  bohr^-1
	 22  2 :       0.1854  bohr^-1
	 22  3 :       0.1667  bohr^-1
	 22  4 :       0.1244  bohr^-1
	 22  5 :       0.1433  bohr^-1
	 22  6 :       0.1130  bohr^-1
	 22  7 :       0.0852  bohr^-1
	 22  8 :       0.2398  bohr^-1
	 22  9 :       0.1584  bohr^-1
	 22 10 :       0.1884  bohr^-1
	 22 11 :       0.1402  bohr^-1
	 22 12 :       0.1359  bohr^-1
	 22 13 :       0.1226  bohr^-1
	 22 14 :       0.1107  bohr^-1
	 22 15 :       0.0968  bohr^-1
	 22 16 :       0.1107  bohr^-1
	 22 17 :       0.0797  bohr^-1
	 22 18 :       0.0823  bohr^-1
	 22 19 :       0.0770  bohr^-1
	 22 20 :       0.2243  bohr^-1
	 22 21 :       0.2261  bohr^-1
	 22 22 :       0.3006  bohr^-1
    ===> SCF Iteration Started <===

     Iter. |                   Energy |       Delta E |          Drms |
    -------|--------------------------|---------------|---------------|
         1 |      -343.97412055752909 |    -3.440e+02 |     1.195e-02 |
         2 |      -344.07125973244558 |    -9.714e-02 |     2.733e-03 | DIIS
         3 |      -344.23008143408867 |    -1.588e-01 |     8.848e-04 | DIIS
         4 |      -344.25231546704447 |    -2.223e-02 |     2.763e-04 | DIIS
         5 |      -344.25530242668697 |    -2.987e-03 |     6.042e-05 | DIIS
         6 |      -344.25543005865222 |    -1.276e-04 |     1.023e-05 | DIIS
         7 |      -344.25543461371035 |    -4.555e-06 |     4.258e-06 | DIIS
         8 |      -344.25543489580684 |    -2.821e-07 |     1.300e-06 | DIIS
         9 |      -344.25543491133703 |    -1.553e-08 |     7.551e-07 | DIIS
        10 |      -344.25543488703670 |     2.430e-08 |     3.829e-07 | DIIS
        11 |      -344.25543489051415 |    -3.477e-09 |     2.926e-08 | DIIS


	-Alpha Occupied Orbital Energies (au):  
	 1: -15.5069467430 	 2: -15.5068920777 	 3: -11.2113295496 	 4: -11.2112527854 	 5: -11.2107075009 
	 6: -11.2106853437 	 7: -11.2106737675 	 8: -11.2105257799 	 9: -1.2175648437 	10: -1.1668030822 
	11: -0.9883349778 	12: -0.9553471943 	13: -0.8745008785 	14: -0.8290312351 	15: -0.7988439357 
	16: -0.7170158244 	17: -0.6277138464 	18: -0.5989718758 	19: -0.5926863802 	20: -0.5881060238 
	21: -0.5827776891 	22: -0.5435038298 	23: -0.5123400706 	24: -0.5075543666 	25: -0.5056102881 
	26: -0.4792756006 	27: -0.4597028789 	28: -0.4532825358 	29: -0.4279791565 	30: -0.4215426016 
	31: -0.3167273141 	32: -0.3115258070 
	-Alpha Virtual Orbital Energies (au):  
	33: 0.2072688871 	34: 0.2117658540 	35: 0.2288980271 	36: 0.2428347496 	37: 0.2519460789 
	38: 0.2615732446 	39: 0.2780264696 	40: 0.2916431155 	41: 0.2989760094 	42: 0.3038004833 
	43: 0.3108958161 	44: 0.3169956133 	45: 0.3265795195 	46: 0.3339786132 	47: 0.3360412256 
	48: 0.3815017336 	49: 0.4198860064 	50: 0.4473081658 	51: 0.4482208473 	52: 0.4634295914 
	53: 0.4669450945 	54: 0.4804010649 	55: 0.5955430414 	56: 0.6186767439 	57: 0.6375853843 
	58: 0.6677969699 	59: 0.6771601087 	60: 0.7072603316 	61: 0.7078866537 	62: 0.7489967608 
	63: 0.7630317956 	64: 0.7754698698 	65: 0.7779997138 	66: 0.8340306552 	67: 0.8349323301 
	68: 0.8733568653 	69: 0.8742351417 	70: 0.8818951767 	71: 0.8875976433 	72: 0.8999744013 
	73: 0.9016256329 	74: 0.9064705354 	75: 0.9188171129 	76: 0.9197676939 	77: 0.9255356981 
	78: 0.9269379293 	79: 0.9339219731 	80: 0.9444309470 	81: 0.9552019202 	82: 0.9560378682 
	83: 0.9852823385 	84: 0.9992250515 	85: 1.0417578191 	86: 1.0554538119 	87: 1.0708883346 
	88: 1.0765711586 	89: 1.0903546512 	90: 1.1079116578 	91: 1.1738169995 	92: 1.1954711187 
	93: 1.2039967600 	94: 1.3299635073 	95: 1.3307384255 	96: 1.3309011126 	97: 1.3898424126 
	98: 1.4100079714 	99: 1.4638874364 	100: 1.5092115908 	101: 1.5340037837 	102: 1.5479050236 
	103: 1.5672963205 	104: 1.5879177900 	105: 1.5946876631 	106: 1.6294828625 	107: 1.6584156616 
	108: 1.6682870234 	109: 1.6894599934 	110: 1.6916598472 	111: 1.7133119656 	112: 1.7744761869 
	113: 1.7842013298 	114: 1.8371553842 	115: 1.8384976534 	116: 1.8459892859 	117: 1.8524535157 
	118: 1.8788845490 	119: 1.9112282273 	120: 1.9151388555 	121: 1.9174217233 	122: 1.9482684931 
	123: 1.9586542535 	124: 1.9611096695 	125: 1.9622008060 	126: 1.9841534060 	127: 1.9879328320 
	128: 1.9906942548 	129: 2.0372511318 	130: 2.0509437188 	131: 2.0557936189 	132: 2.0709490490 
	133: 2.0737903316 	134: 2.0766614418 	135: 2.1218199850 	136: 2.1238557616 	137: 2.1340574837 
	138: 2.1895484791 	139: 2.2074155734 	140: 2.2095414789 	141: 2.2787009070 	142: 2.2834709571 
	143: 2.2839953695 	144: 2.3109759138 	145: 2.3244186493 	146: 2.3294322185 	147: 2.3542034298 
	148: 2.3662468710 	149: 2.3673712678 	150: 2.3722938014 	151: 2.4076836255 	152: 2.4211057401 
	153: 2.4323298017 	154: 2.4391236484 	155: 2.4763161516 	156: 2.5597741505 	157: 2.5742153749 
	158: 2.6634146788 	159: 2.6823013930 	160: 2.7110176631 	161: 2.7263472114 	162: 2.7268461796 
	163: 2.7607828459 	164: 2.7635119661 	165: 2.7859529048 	166: 2.7898943818 	167: 2.8022481412 
	168: 2.8244664321 	169: 2.8399603865 	170: 2.8625174097 	171: 2.8971194354 	172: 2.9160323192 
	173: 2.9386937698 	174: 2.9660141510 	175: 3.0003990546 	176: 3.0684803842 	177: 3.0815275596 
	178: 3.1404610743 	179: 3.1775766216 	180: 3.1962955312 	181: 3.2175216325 	182: 3.2429675069 



	-Mulliken Population Analysis for SCF:
	 1: -0.5239633755 	 2: -0.5242461432 	 3: 0.1378225139 	 4: 0.1379095376 	 5: 0.1383544809 
	 6: 0.1365337166 	 7: 0.1244992579 	 8: 0.1243843673 	 9: 0.0080974247 	10: 0.0234270375 
	11: 0.0234209934 	12: 0.0080961763 	13: 0.0081456670 	14: 0.0234047723 	15: 0.0238913298 
	16: 0.0079600916 	17: 0.0298348343 	18: 0.0014159459 	19: 0.0298455006 	20: 0.0014263972 
	21: 0.0298683400 	22: 0.0298711336 

	-Lowdin Population Analysis for SCF:  
	 1: -0.0348861395 	 2: -0.0350402435 	 3: -0.0080425077 	 4: -0.0080058229 	 5: -0.0079603007 
	 6: -0.0086161962 	 7: -0.0194557469 	 8: -0.0194431369 	 9: -0.0002003197 	10: 0.0179676407 
	11: 0.0179899048 	12: -0.0001999213 	13: -0.0001917325 	14: 0.0179658612 	15: 0.0181515425 
	16: -0.0002835166 	17: 0.0179780485 	18: -0.0008445533 	19: 0.0179846298 	20: -0.0008497806 
	21: 0.0179902558 	22: 0.0179920352 

	-Electronic Dipole Moment: (e a0)  
	 X:  0.00077   Y:  -0.00085   Z:  -0.00053   Total:  0.00126 

	-Electronic Dipole Moment: (D)  
	 X:  0.00195   Y:  -0.00216   Z:  -0.00134   Total:  0.00320 

	-Total Dipole Moment: (e a0)  
	 X:  -0.00011   Y:  -0.00029   Z:  0.00098   Total:  0.00103 

	-Total Dipole Moment: (D)  
	 X:  -0.00029   Y:  -0.00073   Z:  0.00250   Total:  0.00262 



	Initializing Liboeprop (by U. Bozkaya) ...


	-Mulliken Population Analysis for SCF-IAO:
	 1: -0.3077007257 	 2: -0.3079148304 	 3: -0.0922287577 	 4: -0.0922390555 	 5: -0.0919411079 
	 6: -0.0930413317 	 7: -0.2289859672 	 8: -0.2290097565 	 9: 0.0818497935 	10: 0.1148945181 
	11: 0.1149255086 	12: 0.0818139649 	13: 0.0818782907 	14: 0.1149351391 	15: 0.1152071954 
	16: 0.0816920769 	17: 0.1219876509 	18: 0.0840637810 	19: 0.1219837646 	20: 0.0840673790 
	21: 0.1219829918 	22: 0.1219867952 

	-Lowdin Population Analysis for SCF-IAO:  
	 1: -0.3077007257 	 2: -0.3079148304 	 3: -0.0922287577 	 4: -0.0922390555 	 5: -0.0919411079 
	 6: -0.0930413317 	 7: -0.2289859672 	 8: -0.2290097565 	 9: 0.0818497935 	10: 0.1148945181 
	11: 0.1149255086 	12: 0.0818139649 	13: 0.0818782907 	14: 0.1149351391 	15: 0.1152071954 
	16: 0.0816920769 	17: 0.1219876509 	18: 0.0840637810 	19: 0.1219837646 	20: 0.0840673790 
	21: 0.1219829918 	22: 0.1219867952 

	Initializing Liblocal (by U. Bozkaya) ...
  ==> Pipek-Mezey Localizer <==

    Convergence =   1.000E-08
    Maxiter     =          50

    Iteration                   Metric       Residual
    PM    0   1.3007783348211635E+01              -
    PM    1   3.1465739927896244E+01   1.418993E+00
    PM    2   4.0782331289942114E+01   2.960868E-01
    PM    3   4.1553017446295407E+01   1.889755E-02
    PM    4   4.1561547434377992E+01   2.052796E-04
    PM    5   4.1561638803421708E+01   2.198403E-06
    PM    6   4.1561640163536190E+01   3.272524E-08
    PM    7   4.1561640185313067E+01   5.239658E-10

    PM Localizer converged.



	*Molecular contr. to CDS energy:       0.0000  kcal/mol
	*Total CDS energy:      -1.9786  kcal/mol
	*SCF::Polarization Free Energy (au)      : -0.0027566651 
	*SCF::Polarization Free Energy (kcal/mol):      -1.7298 
	*SCF::CDS Free Energy (au)      : -0.0031531782 
	*SCF::CDS Free Energy (kcal/mol):      -1.9786 
	*SCF::Total Solvation Free Energy (au)      : -0.0059098433 
	*SCF::Total Solvation Free Energy (kcal/mol):      -3.7085 
 CC-PVDZ primary basis set file will be read for the N atom...
 CC-PVDZ primary basis set file will be read for the C atom...
 CC-PVDZ primary basis set file will be read for the H atom...
 Nmaxthread: 8 
 Nshell: 90 
 Lmax:  2 
 Npmax:  8 
 Nao: 182 
 Ndocc: 32 
 Nsocc:  0 
 NoccA: 32 
 NoccB: 32 
 Primary basis set info has been read.

 CC-PVDZ-JKFIT aux basis set file will be read for the N atom...
 CC-PVDZ-JKFIT aux basis set file will be read for the C atom...
 CC-PVDZ-JKFIT aux basis set file will be read for the H atom...
 Nshell_aux: 318 
 Naux: 882 
 Aux basis set info has been read.


	*Total SCF Energy: -344.25543489051415

 Cpu time for SCF :       1.3702 minutes
 Wall time for SCF:       0.5155 minutes


	MO spaces... 

	 FC   OCC   VIR   FV 
	----------------------
	  8   24   150    0


	Libtrans is initialized (by U. Bozkaya) ...

 ============================================================================== 
 ============================================================================== 
 ============================================================================== 

                       DF-MP2   
              Program Written by Ugur Bozkaya
              Latest Revision May 2, 2021

 ============================================================================== 
 ============================================================================== 
 ============================================================================== 

	For this residual convergence, default PCG convergence is:     1.00e-07
    Warning: "PCG_CONVERGENCE" option is changed to     1.00e-07


  ## DFOCC Options ##

  | TYPE         | KEY                      | INPUT? | VALUE              | DEFAULT            
  |--------------|--------------------------|--------|--------------------|--------------------
  | BOOL         | EOM                      | NO     | FALSE              | FALSE              
  | BOOL         | EOM_MP2                  | NO     | FALSE              | FALSE              
  | BOOL         | EOM_MP3                  | NO     | FALSE              | FALSE              
  | BOOL         | EOM_MP2_5                | NO     | FALSE              | FALSE              
  | BOOL         | EOM_LCCD                 | NO     | FALSE              | FALSE              
  | BOOL         | LOW_MEM_MP2              | NO     | FALSE              | FALSE              
  | BOOL         | LOW_MEM_MP3              | NO     | FALSE              | FALSE              
  | BOOL         | CD_PRESCREEN             | NO     | FALSE              | FALSE              
  | DOUBLE       | CIS_E_CONV               | NO     | 1e-06              | 1e-06              
  | DOUBLE       | CIS_R_CONV               | NO     | 1e-06              | 1e-06              
  | DOUBLE       | CIS_RES_PRECONDITION_TOL | NO     | 0.0001             | 0.0001             
  | DOUBLE       | DAVIDSON_TOLERANCE       | NO     | 1e-06              | 1e-06              
  | DOUBLE       | E3_SCALE                 | NO     | 0.25               | 0.25               
  | DOUBLE       | E_CONVERGENCE            | NO     | 1e-06              | 1e-06              
  | DOUBLE       | JK_MEMORY                | NO     | 1000000000.0       | 1000000000.0       
  | DOUBLE       | LEVEL_SHIFT              | NO     | 0.02               | 0.02               
  | DOUBLE       | MAX_MOGRAD_CONVERGENCE   | NO     | 0.001              | 0.001              
  | DOUBLE       | MO_STEP_MAX              | NO     | 0.5                | 0.5                
  | DOUBLE       | MP2_OS_SCALE             | NO     | 1.2                | 1.2                
  | DOUBLE       | MP2_SOS_SCALE            | NO     | 1.3                | 1.3                
  | DOUBLE       | MP2_SOS_SCALE2           | NO     | 1.2                | 1.2                
  | DOUBLE       | MP2_SS_SCALE             | NO     | 0.3333333333333333 | 0.3333333333333333 
  | DOUBLE       | OCC_PERCENTAGE           | NO     | 99.0               | 99.0               
  | DOUBLE       | OCC_TOLERANCE            | NO     | 1e-05              | 1e-05              
  | DOUBLE       | OO_SCALE                 | NO     | 0.01               | 0.01               
  | DOUBLE       | PCG_CONVERGENCE          | NO     | 1e-06              | 1e-06              
  | DOUBLE       | R_CONVERGENCE            | NO     | 1e-05              | 1e-05              
  | DOUBLE       | REG_PARAM                | NO     | 0.4                | 0.4                
  | DOUBLE       | KAPPA_REG_PARAM          | NO     | 1.1                | 1.1                
  | DOUBLE       | RMS_MOGRAD_CONVERGENCE   | NO     | 1e-06              | 1e-06              
  | DOUBLE       | SCG_TOLERANCE            | NO     | 1e-06              | 1e-06              
  | DOUBLE       | SCHMIDT_ADD_RES_TOL      | NO     | 0.001              | 0.001              
  | INT          | ACTIVE_NAT_ORBS          | NO     | 2                  | 2                  
  | INT          | CC_DIIS_MAX_VECS         | NO     | 6                  | 6                  
  | INT          | CC_DIIS_MIN_VECS         | NO     | 2                  | 2                  
  | INT          | CC_MAXITER               | NO     | 50                 | 50                 
  | INT          | CUTOFF                   | NO     | 8                  | 8                  
  | INT          | EXCITATION_RANGE         | NO     | 2                  | 2                  
  | INT          | FOLLOW_ROOT              | NO     | 1                  | 1                  
  | INT          | INTEGRAL_CUTOFF          | NO     | 9                  | 9                  
  | INT          | MAX_VECS                 | NO     | 50                 | 50                 
  | INT          | MO_DIIS_NUM_VECS         | NO     | 6                  | 6                  
  | INT          | MO_MAXITER               | NO     | 50                 | 50                 
  | INT          | NUM_ROOTS                | NO     | 4                  | 4                  
  | INT          | PCG_MAXITER              | NO     | 50                 | 50                 
  | INT          | PRINT_LEVEL              | NO     | 0                  | 0                  
  | INT          | VECS_PER_ROOT            | NO     | 1                  | 1                  
  | STRING       | CC_LAMBDA                | NO     | FALSE              | FALSE              
  | STRING       | CHOLESKY                 | NO     | FALSE              | FALSE              
  | STRING       | CIS_ALGORITHM            | NO     | MO_BASIS           | MO_BASIS           
  | STRING       | CIS_GUESS_COEFF          | NO     | MIX                | MIX                
  | STRING       | COMPUT_S2                | NO     | FALSE              | FALSE              
  | STRING       | DIAG_METHOD              | NO     | DAVIDSON           | DAVIDSON           
  | STRING       | DO_DIIS                  | NO     | TRUE               | TRUE               
  | STRING       | DO_LEVEL_SHIFT           | NO     | TRUE               | TRUE               
  | STRING       | DO_SCS                   | NO     | FALSE              | FALSE              
  | STRING       | DO_SOS                   | NO     | FALSE              | FALSE              
  | STRING       | EKT_IP                   | NO     | FALSE              | FALSE              
  | STRING       | FREEZE_CORE              | NO     | TRUE               | TRUE               
  | STRING       | HESS_TYPE                | NO     | HF                 | HF                 
  | STRING       | JK_TYPE                  | NO     | DIRECT             | DIRECT             
  | STRING       | LINEQ_SOLVER             | NO     | CDGESV             | CDGESV             
  | STRING       | MO_READ                  | NO     | FALSE              | FALSE              
  | STRING       | MO_WRITE                 | NO     | FALSE              | FALSE              
  | STRING       | MP2_AMP_TYPE             | NO     | DIRECT             | DIRECT             
  | STRING       | NAT_ORBS                 | NO     | FALSE              | FALSE              
  | STRING       | NBO                      | NO     | TRUE               | TRUE               
  | STRING       | OCC_ORBS_PRINT           | NO     | FALSE              | FALSE              
  | STRING       | OEPROP                   | NO     | FALSE              | FALSE              
  | STRING       | OPT_METHOD               | NO     | QNR                | QNR                
  | STRING       | ORB_RESP_SOLVER          | NO     | PCG                | PCG                
  | STRING       | ORTH_TYPE                | NO     | MGS                | MGS                
  | STRING       | PCG_BETA_TYPE            | NO     | FLETCHER_REEVES    | FLETCHER_REEVES    
  | STRING       | PPL_TYPE                 | NO     | AUTO               | AUTO               
  | STRING       | PRINT_CI_VECS            | NO     | FALSE              | FALSE              
  | STRING       | QCHF                     | NO     | FALSE              | FALSE              
  | STRING       | READ_SCF_3INDEX          | NO     | TRUE               | TRUE               
  | STRING       | REGULARIZATION           | NO     | FALSE              | FALSE              
  | STRING       | REG_TYPE                 | NO     | NORMAL             | NORMAL             
  | STRING       | SCS_TYPE                 | NO     | SCS                | SCS                
  | STRING       | SOS_TYPE                 | NO     | SOS                | SOS                
  | STRING       | TRIPLES_IABC_TYPE        | NO     | DISK               | DISK               
  | STRING       | UNIT_GUESS_TYPE          | NO     | GEN                | GEN                
  | STRING       | EKT_NEGATIVE_OCC         | NO     | ABS                | ABS                
  | BOOL         | SOLVATION                | YES    | TRUE               | FALSE              

	MO spaces... 

	 FC   OCC   VIR   FV 
	----------------------
	  8   24   150    0
 CC-PVDZ primary basis set file will be read for the N atom...
 CC-PVDZ primary basis set file will be read for the C atom...
 CC-PVDZ primary basis set file will be read for the H atom...
 Nmaxthread: 8 
 Nshell: 90 
 Lmax:  2 
 Npmax:  8 
 Nao: 182 
 Ndocc: 32 
 Nsocc:  0 
 NoccA: 32 
 NoccB: 32 
 Primary basis set info has been read.

 CC-PVDZ-RI aux basis set file will be read for the N atom...
 CC-PVDZ-RI aux basis set file will be read for the C atom...
 CC-PVDZ-RI aux basis set file will be read for the H atom...
 Nshell_aux: 228 
 Naux: 644 
 Aux basis set info has been read.

 Cpu time for Metric ints :       0.3800 s
 Wall time for Metric ints:       0.1910 s
 3-Index Algorithm: AUTO 

 Calling fortran integrals: ringing... 
 Done with fintegrals.

 Cpu time for 3-index ints :       6.6100 s
 Wall time for 3-index ints:       2.2679 s
 Cpu time for df-factors :       1.0300 s
 Wall time for df-factors:       0.2702 s
 CC-PVDZ primary basis set file will be read for the N atom...
 CC-PVDZ primary basis set file will be read for the C atom...
 CC-PVDZ primary basis set file will be read for the H atom...
 Nmaxthread: 8 
 Nshell: 90 
 Lmax:  2 
 Npmax:  8 
 Nao: 182 
 Ndocc: 32 
 Nsocc:  0 
 NoccA: 32 
 NoccB: 32 
 Primary basis set info has been read.

 CC-PVDZ-JKFIT aux basis set file will be read for the N atom...
 CC-PVDZ-JKFIT aux basis set file will be read for the C atom...
 CC-PVDZ-JKFIT aux basis set file will be read for the H atom...
 Nshell_aux: 318 
 Naux: 882 
 Aux basis set info has been read.

	Reading DF integrals from disk ...
 Cpu time for Metric ints :       1.2500 s
 Wall time for Metric ints:       0.4165 s
	Number of basis functions in the DF-HF basis: 882
	Number of basis functions in the DF-CC basis: 644

	Available memory                      :  30000.00 MB 
	Minimum required memory for amplitudes:    311.04 MB 
	Memory requirement for B-CC (Q|mu nu) :    170.65 MB 
	Memory requirement for B-CC (Q|ab)    :    115.92 MB 
	Memory requirement for DF-CC int trans:    311.30 MB 

	Computing DF-MP2 energy using SCF MOs (Canonical DF-MP2)... 
	======================================================================= 
	Nuclear Repulsion Energy (a.u.)    :   419.56150787279165
	DF-HF Energy (a.u.)                :  -344.25543489051415
	REF Energy (a.u.)                  :  -344.25543489051415
	DF-MP2 Correlation Energy (a.u.)   :    -1.20253994561542
	DF-MP2 Total Energy (a.u.)         :  -345.45797483612955
	======================================================================= 

	*Total MP2 Energy: -345.45797483612955

	Computing unrelaxed response density matrices...
	Number of independent-pairs: 4800
	Computing the generalized Fock matrix (GFM)...
	Computing the orbital gradient...
	Forming effective orbital gradient...
	Solving orbital Z-vector equations...

	            PCG Solver 
	   ------------------------------ 
	Iter     RMS Z Vector        RMS Residual  
	----    ---------------    ---------------
	  1         1.32e-03         6.67e-04
	  2         3.73e-04         2.56e-04
	  3         1.05e-04         4.24e-05
	  4         2.36e-05         1.36e-05
	  5         4.38e-06         3.70e-06
	  6         1.51e-06         1.08e-06
	  7         4.41e-07         2.00e-07
	  8         1.04e-07         4.08e-08
	  9         1.84e-08         1.08e-08

	Computing the relaxed PDMs and GFM...
	Compute solv. is starting ...

	Initializing Liboeprop (by U. Bozkaya) ...


	-Mulliken Population Analysis for MP2-IAO:
	 1: -0.0475862445 	 2: -0.0477743970 	 3: 0.0248060302 	 4: 0.0247402859 	 5: 0.0250838783 
	 6: 0.0240691900 	 7: -0.1181547957 	 8: -0.1181936961 	 9: 0.0162071207 	10: 0.0545203249 
	11: 0.0545632233 	12: 0.0161392370 	13: 0.0162300842 	14: 0.0545983547 	15: 0.0548678264 
	16: 0.0160207621 	17: 0.0657330570 	18: 0.0170776575 	19: 0.0657245894 	20: 0.0171054099 
	21: 0.0657060198 	22: 0.0657224620 

	-Lowdin Population Analysis for MP2-IAO:  
	 1: -0.0475862445 	 2: -0.0477743970 	 3: 0.0248060302 	 4: 0.0247402859 	 5: 0.0250838783 
	 6: 0.0240691900 	 7: -0.1181547957 	 8: -0.1181936961 	 9: 0.0162071207 	10: 0.0545203249 
	11: 0.0545632233 	12: 0.0161392370 	13: 0.0162300842 	14: 0.0545983547 	15: 0.0548678264 
	16: 0.0160207621 	17: 0.0657330570 	18: 0.0170776575 	19: 0.0657245894 	20: 0.0171054099 
	21: 0.0657060198 	22: 0.0657224620 


  ## SOLVATION Options ##

  | TYPE         | KEY                      | INPUT? | VALUE              | DEFAULT            
  |--------------|--------------------------|--------|--------------------|--------------------
  | INT          | NUM_Z_POINTS             | NO     | 90                 | 90                 
  | INT          | NUM_ANG_POINTS           | YES    | 100                | 100                
  | STRING       | SASA_TYPE                | YES    | NUMERIC            | NUMERIC            
  | STRING       | CHARGE_TYPE              | YES    | IAO_MULLIKEN       | IAO_MULLIKEN       
  | STRING       | CDS_TYPE                 | YES    | SMD                | SMD                
  | STRING       | SOLVENT                  | YES    | WATER              | WATER              
  | STRING       | SOLVENT_PARAMS           | YES    | MN21               | SM8                
  | STRING       | DIELECTRIC_PARAMS        | YES    | MN21               | MN21               
  | STRING       | COULOMB_RADII            | YES    | SMD                | SMD                
  | DOUBLE       | COVALENT_VW_CONST        | NO     | 0.76               | 0.76               
  | DOUBLE       | SOLVENT_RADIUS           | NO     | 0.4                | 0.4                
  | STRING       | RADIUS_TYPE              | YES    | SMD                | SMD                
  | DOUBLE       | GB_DIJ                   | NO     | 3.7                | 3.7                
  | DOUBLE       | GB_SIJ                   | NO     | 0.75               | 0.75               
  | DOUBLE       | GB_CIJ                   | NO     | 0.0                | 0.0                
  | DOUBLE       | F_PWSASA                 | NO     | 0.4535             | 0.4535             
  | DOUBLE       | SCALE_VDW                | NO     | 1.0                | 1.0                
  | DOUBLE       | SCALE_CR                 | NO     | 1.0                | 1.0                



 Sasa Type                  : NUMERIC 
 Charge Type                : IAO_MULLIKEN 
 CDS Type                   : SMD 
 Radius Type                : SMD 
 Solvent                    : WATER 
 Solvent Parameters         : MN21 
 Dielectric Parameters      : MN21 
 Coulomb Radii Parameters   : SMD 
 GB d_ij parameter          : 3.7000000000 
 GB S_ij parameter          : 0.7500000000 
 GB C_ij parameter          : 0.0000000000 
 Sclae_vdw parameter        : 1.0000000000 
 Number of z-points         : 90 
 Number of angular points   : 100 
 Number of SASA grid points : 17902 
 Solvent Dielectric Constant: 78.3553000000 

 VDW Radii:
	  1 N :       1.5500  ang
	  2 N :       1.5500  ang
	  3 C :       1.7000  ang
	  4 C :       1.7000  ang
	  5 C :       1.7000  ang
	  6 C :       1.7000  ang
	  7 C :       1.7000  ang
	  8 C :       1.7000  ang
	  9 H :       1.2000  ang
	 10 H :       1.2000  ang
	 11 H :       1.2000  ang
	 12 H :       1.2000  ang
	 13 H :       1.2000  ang
	 14 H :       1.2000  ang
	 15 H :       1.2000  ang
	 16 H :       1.2000  ang
	 17 H :       1.2000  ang
	 18 H :       1.2000  ang
	 19 H :       1.2000  ang
	 20 H :       1.2000  ang
	 21 H :       1.2000  ang
	 22 H :       1.2000  ang

	 Computing SASA... 

 Atomic SASA values:
	  1 N :       4.8419  ang^2
	  2 N :       4.8419  ang^2
	  3 C :       3.1297  ang^2
	  4 C :       3.1359  ang^2
	  5 C :       3.1328  ang^2
	  6 C :       3.1328  ang^2
	  7 C :       8.4170  ang^2
	  8 C :       8.4077  ang^2
	  9 H :      11.1773  ang^2
	 10 H :      11.3409  ang^2
	 11 H :      11.3373  ang^2
	 12 H :      11.1845  ang^2
	 13 H :      11.1773  ang^2
	 14 H :      11.3427  ang^2
	 15 H :      11.3445  ang^2
	 16 H :      11.1791  ang^2
	 17 H :      11.6985  ang^2
	 18 H :      11.7596  ang^2
	 19 H :      11.6967  ang^2
	 20 H :      11.7560  ang^2
	 21 H :      11.7021  ang^2
	 22 H :      11.7003  ang^2

	*Total SASA (angs^2): 199.4361916066 


 Coulomb Radii:
	  1 N :       1.8900  ang
	  2 N :       1.8900  ang
	  3 C :       1.8500  ang
	  4 C :       1.8500  ang
	  5 C :       1.8500  ang
	  6 C :       1.8500  ang
	  7 C :       1.8500  ang
	  8 C :       1.8500  ang
	  9 H :       1.2000  ang
	 10 H :       1.2000  ang
	 11 H :       1.2000  ang
	 12 H :       1.2000  ang
	 13 H :       1.2000  ang
	 14 H :       1.2000  ang
	 15 H :       1.2000  ang
	 16 H :       1.2000  ang
	 17 H :       1.2000  ang
	 18 H :       1.2000  ang
	 19 H :       1.2000  ang
	 20 H :       1.2000  ang
	 21 H :       1.2000  ang
	 22 H :       1.2000  ang
 Solvent Alpha                       : 1.1700000000 

 ## Effective Born Radius (bohr) ##
   0   5.1846664656 
   1   5.1846066858 
   2   4.9394175383 
   3   4.9393330173 
   4   4.9393935399 
   5   4.9394744046 
   6   4.2824481955 
   7   4.2825190918 
   8   3.8972226585 
   9   3.6766182085 
  10   3.6767669938 
  11   3.8966578388 
  12   3.8967505548 
  13   3.6767580530 
  14   3.6767999780 
  15   3.8971983613 
  16   3.3268890178 
  17   3.3950627387 
  18   3.3269365167 
  19   3.3953489606 
  20   3.3268273061 
  21   3.3269384475 

 Effective Born Radii:
	  1 N :       2.7436  ang
	  2 N :       2.7436  ang
	  3 C :       2.6138  ang
	  4 C :       2.6138  ang
	  5 C :       2.6138  ang
	  6 C :       2.6139  ang
	  7 C :       2.2662  ang
	  8 C :       2.2662  ang
	  9 H :       2.0623  ang
	 10 H :       1.9456  ang
	 11 H :       1.9457  ang
	 12 H :       2.0620  ang
	 13 H :       2.0621  ang
	 14 H :       1.9457  ang
	 15 H :       1.9457  ang
	 16 H :       2.0623  ang
	 17 H :       1.7605  ang
	 18 H :       1.7966  ang
	 19 H :       1.7605  ang
	 20 H :       1.7967  ang
	 21 H :       1.7605  ang
	 22 H :       1.7605  ang


 Coulomb Integrals:
	  1  1 :       0.1929  bohr^-1
	  1  2 :       0.1425  bohr^-1
	  1  3 :       0.1546  bohr^-1
	  1  4 :       0.1790  bohr^-1
	  1  5 :       0.1546  bohr^-1
	  1  6 :       0.1790  bohr^-1
	  1  7 :       0.1898  bohr^-1
	  1  8 :       0.1162  bohr^-1
	  1  9 :       0.1563  bohr^-1
	  1 10 :       0.1392  bohr^-1
	  1 11 :       0.1392  bohr^-1
	  1 12 :       0.1563  bohr^-1
	  1 13 :       0.1756  bohr^-1
	  1 14 :       0.1802  bohr^-1
	  1 15 :       0.1802  bohr^-1
	  1 16 :       0.1756  bohr^-1
	  1 17 :       0.1854  bohr^-1
	  1 18 :       0.1824  bohr^-1
	  1 19 :       0.1854  bohr^-1
	  1 20 :       0.1129  bohr^-1
	  1 21 :       0.1067  bohr^-1
	  1 22 :       0.1067  bohr^-1
	  2  1 :       0.1425  bohr^-1
	  2  2 :       0.1929  bohr^-1
	  2  3 :       0.1790  bohr^-1
	  2  4 :       0.1546  bohr^-1
	  2  5 :       0.1790  bohr^-1
	  2  6 :       0.1546  bohr^-1
	  2  7 :       0.1162  bohr^-1
	  2  8 :       0.1898  bohr^-1
	  2  9 :       0.1756  bohr^-1
	  2 10 :       0.1802  bohr^-1
	  2 11 :       0.1802  bohr^-1
	  2 12 :       0.1756  bohr^-1
	  2 13 :       0.1563  bohr^-1
	  2 14 :       0.1392  bohr^-1
	  2 15 :       0.1392  bohr^-1
	  2 16 :       0.1563  bohr^-1
	  2 17 :       0.1067  bohr^-1
	  2 18 :       0.1129  bohr^-1
	  2 19 :       0.1067  bohr^-1
	  2 20 :       0.1824  bohr^-1
	  2 21 :       0.1854  bohr^-1
	  2 22 :       0.1854  bohr^-1
	  3  1 :       0.1546  bohr^-1
	  3  2 :       0.1790  bohr^-1
	  3  3 :       0.2025  bohr^-1
	  3  4 :       0.1810  bohr^-1
	  3  5 :       0.1582  bohr^-1
	  3  6 :       0.1466  bohr^-1
	  3  7 :       0.1275  bohr^-1
	  3  8 :       0.1643  bohr^-1
	  3  9 :       0.2110  bohr^-1
	  3 10 :       0.2167  bohr^-1
	  3 11 :       0.1417  bohr^-1
	  3 12 :       0.1590  bohr^-1
	  3 13 :       0.1774  bohr^-1
	  3 14 :       0.1805  bohr^-1
	  3 15 :       0.1287  bohr^-1
	  3 16 :       0.1420  bohr^-1
	  3 17 :       0.1244  bohr^-1
	  3 18 :       0.1212  bohr^-1
	  3 19 :       0.1130  bohr^-1
	  3 20 :       0.1626  bohr^-1
	  3 21 :       0.1433  bohr^-1
	  3 22 :       0.1667  bohr^-1
	  4  1 :       0.1790  bohr^-1
	  4  2 :       0.1546  bohr^-1
	  4  3 :       0.1810  bohr^-1
	  4  4 :       0.2025  bohr^-1
	  4  5 :       0.1466  bohr^-1
	  4  6 :       0.1582  bohr^-1
	  4  7 :       0.1643  bohr^-1
	  4  8 :       0.1275  bohr^-1
	  4  9 :       0.1774  bohr^-1
	  4 10 :       0.1805  bohr^-1
	  4 11 :       0.1287  bohr^-1
	  4 12 :       0.1420  bohr^-1
	  4 13 :       0.2110  bohr^-1
	  4 14 :       0.2167  bohr^-1
	  4 15 :       0.1417  bohr^-1
	  4 16 :       0.1591  bohr^-1
	  4 17 :       0.1667  bohr^-1
	  4 18 :       0.1626  bohr^-1
	  4 19 :       0.1433  bohr^-1
	  4 20 :       0.1212  bohr^-1
	  4 21 :       0.1130  bohr^-1
	  4 22 :       0.1244  bohr^-1
	  5  1 :       0.1546  bohr^-1
	  5  2 :       0.1790  bohr^-1
	  5  3 :       0.1582  bohr^-1
	  5  4 :       0.1466  bohr^-1
	  5  5 :       0.2025  bohr^-1
	  5  6 :       0.1810  bohr^-1
	  5  7 :       0.1275  bohr^-1
	  5  8 :       0.1643  bohr^-1
	  5  9 :       0.1590  bohr^-1
	  5 10 :       0.1417  bohr^-1
	  5 11 :       0.2167  bohr^-1
	  5 12 :       0.2110  bohr^-1
	  5 13 :       0.1420  bohr^-1
	  5 14 :       0.1287  bohr^-1
	  5 15 :       0.1805  bohr^-1
	  5 16 :       0.1774  bohr^-1
	  5 17 :       0.1130  bohr^-1
	  5 18 :       0.1212  bohr^-1
	  5 19 :       0.1244  bohr^-1
	  5 20 :       0.1627  bohr^-1
	  5 21 :       0.1667  bohr^-1
	  5 22 :       0.1433  bohr^-1
	  6  1 :       0.1790  bohr^-1
	  6  2 :       0.1546  bohr^-1
	  6  3 :       0.1466  bohr^-1
	  6  4 :       0.1582  bohr^-1
	  6  5 :       0.1810  bohr^-1
	  6  6 :       0.2025  bohr^-1
	  6  7 :       0.1643  bohr^-1
	  6  8 :       0.1275  bohr^-1
	  6  9 :       0.1420  bohr^-1
	  6 10 :       0.1287  bohr^-1
	  6 11 :       0.1805  bohr^-1
	  6 12 :       0.1774  bohr^-1
	  6 13 :       0.1590  bohr^-1
	  6 14 :       0.1417  bohr^-1
	  6 15 :       0.2167  bohr^-1
	  6 16 :       0.2110  bohr^-1
	  6 17 :       0.1433  bohr^-1
	  6 18 :       0.1626  bohr^-1
	  6 19 :       0.1667  bohr^-1
	  6 20 :       0.1212  bohr^-1
	  6 21 :       0.1244  bohr^-1
	  6 22 :       0.1130  bohr^-1
	  7  1 :       0.1898  bohr^-1
	  7  2 :       0.1162  bohr^-1
	  7  3 :       0.1275  bohr^-1
	  7  4 :       0.1643  bohr^-1
	  7  5 :       0.1275  bohr^-1
	  7  6 :       0.1643  bohr^-1
	  7  7 :       0.2335  bohr^-1
	  7  8 :       0.0924  bohr^-1
	  7  9 :       0.1238  bohr^-1
	  7 10 :       0.1129  bohr^-1
	  7 11 :       0.1129  bohr^-1
	  7 12 :       0.1238  bohr^-1
	  7 13 :       0.1638  bohr^-1
	  7 14 :       0.1692  bohr^-1
	  7 15 :       0.1693  bohr^-1
	  7 16 :       0.1638  bohr^-1
	  7 17 :       0.2398  bohr^-1
	  7 18 :       0.2373  bohr^-1
	  7 19 :       0.2398  bohr^-1
	  7 20 :       0.0883  bohr^-1
	  7 21 :       0.0852  bohr^-1
	  7 22 :       0.0852  bohr^-1
	  8  1 :       0.1162  bohr^-1
	  8  2 :       0.1898  bohr^-1
	  8  3 :       0.1643  bohr^-1
	  8  4 :       0.1275  bohr^-1
	  8  5 :       0.1643  bohr^-1
	  8  6 :       0.1275  bohr^-1
	  8  7 :       0.0924  bohr^-1
	  8  8 :       0.2335  bohr^-1
	  8  9 :       0.1638  bohr^-1
	  8 10 :       0.1692  bohr^-1
	  8 11 :       0.1692  bohr^-1
	  8 12 :       0.1638  bohr^-1
	  8 13 :       0.1238  bohr^-1
	  8 14 :       0.1129  bohr^-1
	  8 15 :       0.1129  bohr^-1
	  8 16 :       0.1238  bohr^-1
	  8 17 :       0.0852  bohr^-1
	  8 18 :       0.0883  bohr^-1
	  8 19 :       0.0852  bohr^-1
	  8 20 :       0.2373  bohr^-1
	  8 21 :       0.2398  bohr^-1
	  8 22 :       0.2398  bohr^-1
	  9  1 :       0.1563  bohr^-1
	  9  2 :       0.1756  bohr^-1
	  9  3 :       0.2110  bohr^-1
	  9  4 :       0.1774  bohr^-1
	  9  5 :       0.1590  bohr^-1
	  9  6 :       0.1420  bohr^-1
	  9  7 :       0.1238  bohr^-1
	  9  8 :       0.1638  bohr^-1
	  9  9 :       0.2566  bohr^-1
	  9 10 :       0.2093  bohr^-1
	  9 11 :       0.1352  bohr^-1
	  9 12 :       0.1732  bohr^-1
	  9 13 :       0.1547  bohr^-1
	  9 14 :       0.1803  bohr^-1
	  9 15 :       0.1253  bohr^-1
	  9 16 :       0.1268  bohr^-1
	  9 17 :       0.1227  bohr^-1
	  9 18 :       0.1107  bohr^-1
	  9 19 :       0.1107  bohr^-1
	  9 20 :       0.1767  bohr^-1
	  9 21 :       0.1359  bohr^-1
	  9 22 :       0.1584  bohr^-1
	 10  1 :       0.1392  bohr^-1
	 10  2 :       0.1802  bohr^-1
	 10  3 :       0.2167  bohr^-1
	 10  4 :       0.1805  bohr^-1
	 10  5 :       0.1417  bohr^-1
	 10  6 :       0.1287  bohr^-1
	 10  7 :       0.1129  bohr^-1
	 10  8 :       0.1692  bohr^-1
	 10  9 :       0.2093  bohr^-1
	 10 10 :       0.2720  bohr^-1
	 10 11 :       0.1237  bohr^-1
	 10 12 :       0.1352  bohr^-1
	 10 13 :       0.1803  bohr^-1
	 10 14 :       0.1798  bohr^-1
	 10 15 :       0.1077  bohr^-1
	 10 16 :       0.1253  bohr^-1
	 10 17 :       0.1107  bohr^-1
	 10 18 :       0.1083  bohr^-1
	 10 19 :       0.0968  bohr^-1
	 10 20 :       0.1595  bohr^-1
	 10 21 :       0.1402  bohr^-1
	 10 22 :       0.1884  bohr^-1
	 11  1 :       0.1392  bohr^-1
	 11  2 :       0.1802  bohr^-1
	 11  3 :       0.1417  bohr^-1
	 11  4 :       0.1287  bohr^-1
	 11  5 :       0.2167  bohr^-1
	 11  6 :       0.1805  bohr^-1
	 11  7 :       0.1129  bohr^-1
	 11  8 :       0.1692  bohr^-1
	 11  9 :       0.1352  bohr^-1
	 11 10 :       0.1237  bohr^-1
	 11 11 :       0.2720  bohr^-1
	 11 12 :       0.2094  bohr^-1
	 11 13 :       0.1253  bohr^-1
	 11 14 :       0.1077  bohr^-1
	 11 15 :       0.1798  bohr^-1
	 11 16 :       0.1803  bohr^-1
	 11 17 :       0.0968  bohr^-1
	 11 18 :       0.1083  bohr^-1
	 11 19 :       0.1107  bohr^-1
	 11 20 :       0.1596  bohr^-1
	 11 21 :       0.1884  bohr^-1
	 11 22 :       0.1402  bohr^-1
	 12  1 :       0.1563  bohr^-1
	 12  2 :       0.1756  bohr^-1
	 12  3 :       0.1590  bohr^-1
	 12  4 :       0.1420  bohr^-1
	 12  5 :       0.2110  bohr^-1
	 12  6 :       0.1774  bohr^-1
	 12  7 :       0.1238  bohr^-1
	 12  8 :       0.1638  bohr^-1
	 12  9 :       0.1732  bohr^-1
	 12 10 :       0.1352  bohr^-1
	 12 11 :       0.2094  bohr^-1
	 12 12 :       0.2566  bohr^-1
	 12 13 :       0.1267  bohr^-1
	 12 14 :       0.1253  bohr^-1
	 12 15 :       0.1803  bohr^-1
	 12 16 :       0.1547  bohr^-1
	 12 17 :       0.1107  bohr^-1
	 12 18 :       0.1107  bohr^-1
	 12 19 :       0.1226  bohr^-1
	 12 20 :       0.1768  bohr^-1
	 12 21 :       0.1584  bohr^-1
	 12 22 :       0.1359  bohr^-1
	 13  1 :       0.1756  bohr^-1
	 13  2 :       0.1563  bohr^-1
	 13  3 :       0.1774  bohr^-1
	 13  4 :       0.2110  bohr^-1
	 13  5 :       0.1420  bohr^-1
	 13  6 :       0.1590  bohr^-1
	 13  7 :       0.1638  bohr^-1
	 13  8 :       0.1238  bohr^-1
	 13  9 :       0.1547  bohr^-1
	 13 10 :       0.1803  bohr^-1
	 13 11 :       0.1253  bohr^-1
	 13 12 :       0.1267  bohr^-1
	 13 13 :       0.2566  bohr^-1
	 13 14 :       0.2094  bohr^-1
	 13 15 :       0.1352  bohr^-1
	 13 16 :       0.1733  bohr^-1
	 13 17 :       0.1584  bohr^-1
	 13 18 :       0.1767  bohr^-1
	 13 19 :       0.1359  bohr^-1
	 13 20 :       0.1107  bohr^-1
	 13 21 :       0.1107  bohr^-1
	 13 22 :       0.1226  bohr^-1
	 14  1 :       0.1802  bohr^-1
	 14  2 :       0.1392  bohr^-1
	 14  3 :       0.1805  bohr^-1
	 14  4 :       0.2167  bohr^-1
	 14  5 :       0.1287  bohr^-1
	 14  6 :       0.1417  bohr^-1
	 14  7 :       0.1692  bohr^-1
	 14  8 :       0.1129  bohr^-1
	 14  9 :       0.1803  bohr^-1
	 14 10 :       0.1798  bohr^-1
	 14 11 :       0.1077  bohr^-1
	 14 12 :       0.1253  bohr^-1
	 14 13 :       0.2094  bohr^-1
	 14 14 :       0.2720  bohr^-1
	 14 15 :       0.1237  bohr^-1
	 14 16 :       0.1352  bohr^-1
	 14 17 :       0.1884  bohr^-1
	 14 18 :       0.1596  bohr^-1
	 14 19 :       0.1402  bohr^-1
	 14 20 :       0.1083  bohr^-1
	 14 21 :       0.0968  bohr^-1
	 14 22 :       0.1107  bohr^-1
	 15  1 :       0.1802  bohr^-1
	 15  2 :       0.1392  bohr^-1
	 15  3 :       0.1287  bohr^-1
	 15  4 :       0.1417  bohr^-1
	 15  5 :       0.1805  bohr^-1
	 15  6 :       0.2167  bohr^-1
	 15  7 :       0.1693  bohr^-1
	 15  8 :       0.1129  bohr^-1
	 15  9 :       0.1253  bohr^-1
	 15 10 :       0.1077  bohr^-1
	 15 11 :       0.1798  bohr^-1
	 15 12 :       0.1803  bohr^-1
	 15 13 :       0.1352  bohr^-1
	 15 14 :       0.1237  bohr^-1
	 15 15 :       0.2720  bohr^-1
	 15 16 :       0.2094  bohr^-1
	 15 17 :       0.1402  bohr^-1
	 15 18 :       0.1596  bohr^-1
	 15 19 :       0.1884  bohr^-1
	 15 20 :       0.1084  bohr^-1
	 15 21 :       0.1107  bohr^-1
	 15 22 :       0.0968  bohr^-1
	 16  1 :       0.1756  bohr^-1
	 16  2 :       0.1563  bohr^-1
	 16  3 :       0.1420  bohr^-1
	 16  4 :       0.1591  bohr^-1
	 16  5 :       0.1774  bohr^-1
	 16  6 :       0.2110  bohr^-1
	 16  7 :       0.1638  bohr^-1
	 16  8 :       0.1238  bohr^-1
	 16  9 :       0.1268  bohr^-1
	 16 10 :       0.1253  bohr^-1
	 16 11 :       0.1803  bohr^-1
	 16 12 :       0.1547  bohr^-1
	 16 13 :       0.1733  bohr^-1
	 16 14 :       0.1352  bohr^-1
	 16 15 :       0.2094  bohr^-1
	 16 16 :       0.2566  bohr^-1
	 16 17 :       0.1359  bohr^-1
	 16 18 :       0.1767  bohr^-1
	 16 19 :       0.1584  bohr^-1
	 16 20 :       0.1107  bohr^-1
	 16 21 :       0.1226  bohr^-1
	 16 22 :       0.1107  bohr^-1
	 17  1 :       0.1854  bohr^-1
	 17  2 :       0.1067  bohr^-1
	 17  3 :       0.1244  bohr^-1
	 17  4 :       0.1667  bohr^-1
	 17  5 :       0.1130  bohr^-1
	 17  6 :       0.1433  bohr^-1
	 17  7 :       0.2398  bohr^-1
	 17  8 :       0.0852  bohr^-1
	 17  9 :       0.1227  bohr^-1
	 17 10 :       0.1107  bohr^-1
	 17 11 :       0.0968  bohr^-1
	 17 12 :       0.1107  bohr^-1
	 17 13 :       0.1584  bohr^-1
	 17 14 :       0.1884  bohr^-1
	 17 15 :       0.1402  bohr^-1
	 17 16 :       0.1359  bohr^-1
	 17 17 :       0.3006  bohr^-1
	 17 18 :       0.2243  bohr^-1
	 17 19 :       0.2261  bohr^-1
	 17 20 :       0.0823  bohr^-1
	 17 21 :       0.0770  bohr^-1
	 17 22 :       0.0797  bohr^-1
	 18  1 :       0.1824  bohr^-1
	 18  2 :       0.1129  bohr^-1
	 18  3 :       0.1212  bohr^-1
	 18  4 :       0.1626  bohr^-1
	 18  5 :       0.1212  bohr^-1
	 18  6 :       0.1626  bohr^-1
	 18  7 :       0.2373  bohr^-1
	 18  8 :       0.0883  bohr^-1
	 18  9 :       0.1107  bohr^-1
	 18 10 :       0.1083  bohr^-1
	 18 11 :       0.1083  bohr^-1
	 18 12 :       0.1107  bohr^-1
	 18 13 :       0.1767  bohr^-1
	 18 14 :       0.1596  bohr^-1
	 18 15 :       0.1596  bohr^-1
	 18 16 :       0.1767  bohr^-1
	 18 17 :       0.2243  bohr^-1
	 18 18 :       0.2945  bohr^-1
	 18 19 :       0.2243  bohr^-1
	 18 20 :       0.0818  bohr^-1
	 18 21 :       0.0823  bohr^-1
	 18 22 :       0.0823  bohr^-1
	 19  1 :       0.1854  bohr^-1
	 19  2 :       0.1067  bohr^-1
	 19  3 :       0.1130  bohr^-1
	 19  4 :       0.1433  bohr^-1
	 19  5 :       0.1244  bohr^-1
	 19  6 :       0.1667  bohr^-1
	 19  7 :       0.2398  bohr^-1
	 19  8 :       0.0852  bohr^-1
	 19  9 :       0.1107  bohr^-1
	 19 10 :       0.0968  bohr^-1
	 19 11 :       0.1107  bohr^-1
	 19 12 :       0.1226  bohr^-1
	 19 13 :       0.1359  bohr^-1
	 19 14 :       0.1402  bohr^-1
	 19 15 :       0.1884  bohr^-1
	 19 16 :       0.1584  bohr^-1
	 19 17 :       0.2261  bohr^-1
	 19 18 :       0.2243  bohr^-1
	 19 19 :       0.3006  bohr^-1
	 19 20 :       0.0823  bohr^-1
	 19 21 :       0.0797  bohr^-1
	 19 22 :       0.0770  bohr^-1
	 20  1 :       0.1129  bohr^-1
	 20  2 :       0.1824  bohr^-1
	 20  3 :       0.1626  bohr^-1
	 20  4 :       0.1212  bohr^-1
	 20  5 :       0.1627  bohr^-1
	 20  6 :       0.1212  bohr^-1
	 20  7 :       0.0883  bohr^-1
	 20  8 :       0.2373  bohr^-1
	 20  9 :       0.1767  bohr^-1
	 20 10 :       0.1595  bohr^-1
	 20 11 :       0.1596  bohr^-1
	 20 12 :       0.1768  bohr^-1
	 20 13 :       0.1107  bohr^-1
	 20 14 :       0.1083  bohr^-1
	 20 15 :       0.1084  bohr^-1
	 20 16 :       0.1107  bohr^-1
	 20 17 :       0.0823  bohr^-1
	 20 18 :       0.0818  bohr^-1
	 20 19 :       0.0823  bohr^-1
	 20 20 :       0.2945  bohr^-1
	 20 21 :       0.2243  bohr^-1
	 20 22 :       0.2243  bohr^-1
	 21  1 :       0.1067  bohr^-1
	 21  2 :       0.1854  bohr^-1
	 21  3 :       0.1433  bohr^-1
	 21  4 :       0.1130  bohr^-1
	 21  5 :       0.1667  bohr^-1
	 21  6 :       0.1244  bohr^-1
	 21  7 :       0.0852  bohr^-1
	 21  8 :       0.2398  bohr^-1
	 21  9 :       0.1359  bohr^-1
	 21 10 :       0.1402  bohr^-1
	 21 11 :       0.1884  bohr^-1
	 21 12 :       0.1584  bohr^-1
	 21 13 :       0.1107  bohr^-1
	 21 14 :       0.0968  bohr^-1
	 21 15 :       0.1107  bohr^-1
	 21 16 :       0.1226  bohr^-1
	 21 17 :       0.0770  bohr^-1
	 21 18 :       0.0823  bohr^-1
	 21 19 :       0.0797  bohr^-1
	 21 20 :       0.2243  bohr^-1
	 21 21 :       0.3006  bohr^-1
	 21 22 :       0.2261  bohr^-1
	 22  1 :       0.1067  bohr^-1
	 22  2 :       0.1854  bohr^-1
	 22  3 :       0.1667  bohr^-1
	 22  4 :       0.1244  bohr^-1
	 22  5 :       0.1433  bohr^-1
	 22  6 :       0.1130  bohr^-1
	 22  7 :       0.0852  bohr^-1
	 22  8 :       0.2398  bohr^-1
	 22  9 :       0.1584  bohr^-1
	 22 10 :       0.1884  bohr^-1
	 22 11 :       0.1402  bohr^-1
	 22 12 :       0.1359  bohr^-1
	 22 13 :       0.1226  bohr^-1
	 22 14 :       0.1107  bohr^-1
	 22 15 :       0.0968  bohr^-1
	 22 16 :       0.1107  bohr^-1
	 22 17 :       0.0797  bohr^-1
	 22 18 :       0.0823  bohr^-1
	 22 19 :       0.0770  bohr^-1
	 22 20 :       0.2243  bohr^-1
	 22 21 :       0.2261  bohr^-1
	 22 22 :       0.3006  bohr^-1


	*Molecular contr. to CDS energy:       0.0000  kcal/mol
	*Total CDS energy:      -1.9786  kcal/mol
	*MP2::Polarization Free Energy (au)      : -0.0092424280 
	*MP2::Polarization Free Energy (kcal/mol):      -5.7997 
	*MP2::CDS Free Energy (au)      : -0.0031531782 
	*MP2::CDS Free Energy (kcal/mol):      -1.9786 
	*MP2::Total Solvation Free Energy (au)      : -0.0123956062 
	*MP2::Total Solvation Free Energy (kcal/mol):      -7.7784 
	GB-MP2 Total Energy (a.u.)         :  -345.47037044236902

	*Total GB-MP2 Energy: -345.45797483612955


 Cpu time for MacroQC :       2.1387 minutes
 Wall time for MacroQC:       0.7728 minutes


 ******************************************************************************************
	 MacroQC terminates normally:) 
 ****************************************************************************************** 

