 ==========================================================================================
 =========                __  ___                         ____  ______            =========
 ======                  /  |/  /___ _______________     / __ \/ ____/               ======
 ====                   / /|_/ / __ `/ ___/ ___/ __ \   / / / / /                      ====
 ===                   / /  / / /_/ / /__/ /  / /_/ /  / /_/ / /___                     ===
 ==                   /_/  /_/\__,_/\___/_/   \____/   \___\_\____/                      ==
 ===                                                                1.0.4                ===
 =====     An electronic structure theory software for large-scale applications       =====
 ======                                 See license.txt for license info             ======
 =========                                                                        =========
 ==========================================================================================
                                                                                           
                           * * * * * * * * * * * * * * * * * * * *                        
                           *            Developed by             *                        
                           *             U. Bozkaya              *                        
                           *                                     *                        
                           *       With contributions from:      *                        
                           *         B. Ermis, Y. Alagoz,        *                        
                           *         A. Unal, and A. K. Uyar     *                        
                           *         Git Version: deab493        *                        
                           *       Latest Revision: 2026-03-23   *                        
                           * * * * * * * * * * * * * * * * * * * *                        


 Run date: Wed Mar 25 10:19:37 2026
 
 Hostname: ub18 

 ## MacroQC input file ##
 ******************************************************************************************
$set_molecule
0 1
O       0.0000000000     0.0000000000     0.5869884649
C      -1.1732129736    -0.0000000333    -0.1944395372
C       1.1732129736     0.0000000333    -0.1944395372
H      -1.2323756839     0.8894355472    -0.8350498334
H      -2.0203781091     0.0000016141     0.4887826919
H      -1.2323772096    -0.8894367455    -0.8350479668
H       1.2323772096     0.8894367455    -0.8350479668
H       1.2323756839    -0.8894355472    -0.8350498334
H       2.0203781091    -0.0000016141     0.4887826919
$end_molecule


$set_globals
   basis cc-pvdz
  method mp2
  reference rhf
  jobtype energy
  memory 30000
$end_globals


$set_scf
  e_convergence 1.0e-8
  d_convergence 1.0e-6
  guess sad
  solvation true
$end_scf


$set_solvation
  cds_type smd
  radius_type smd
  solvent_params mn21
  dielectric_params mn21
  sasa_type numeric
  solvent water
  num_ang_points 100
  charge_type iao_mulliken
  coulomb_radii smd
$end_solvation

$set_dfocc
solvation true
$end_dfocc

 ******************************************************************************************


	-Geometry before Center-of-Mass shift (ang): 
	 Number     Atom               X                    Y                       Z  
	 ---------------------------------------------------------------------------------------
           1     O             0.0000000000          0.0000000000           0.5869884649  
           2     C            -1.1732129736         -0.0000000333          -0.1944395372  
           3     C             1.1732129736          0.0000000333          -0.1944395372  
           4     H            -1.2323756839          0.8894355472          -0.8350498334  
           5     H            -2.0203781091          0.0000016141           0.4887826919  
           6     H            -1.2323772096         -0.8894367455          -0.8350479668  
           7     H             1.2323772096          0.8894367455          -0.8350479668  
           8     H             1.2323756839         -0.8894355472          -0.8350498334  
           9     H             2.0203781091         -0.0000016141           0.4887826919  



	-Geometry after Center-of-Mass shift (ang): 
	 Atom               X                    Y                       Z  
	 -------------------------------------------------------------------
     O          -0.0000000000          0.0000000000           0.5361398813  
     C          -1.1732129736         -0.0000000333          -0.2452881208  
     C           1.1732129736          0.0000000333          -0.2452881208  
     H          -1.2323756839          0.8894355472          -0.8858984170  
     H          -2.0203781091          0.0000016141           0.4379341083  
     H          -1.2323772096         -0.8894367455          -0.8858965504  
     H           1.2323772096          0.8894367455          -0.8858965504  
     H           1.2323756839         -0.8894355472          -0.8858984170  
     H           2.0203781091         -0.0000016141           0.4379341083  


	-Geometry after Center-of-Mass shift (bohr): 
	 Atom               X                    Y                       Z  
	 -------------------------------------------------------------------
     O          -0.0000000000          0.0000000000           1.0131575406  
     C          -2.2170512069         -0.0000000629          -0.4635273701  
     C           2.2170512069          0.0000000629          -0.4635273701  
     H          -2.3288525262          1.6807895905          -1.6741053831  
     H          -3.8179612961          0.0000030502           0.8275755257  
     H          -2.3288554094         -1.6807918549          -1.6741018557  
     H           2.3288554094          1.6807918549          -1.6741018557  
     H           2.3288525262         -1.6807895905          -1.6741053831  
     H           3.8179612961         -0.0000030502           0.8275755257  


    Rotational Constants: A =     1.31894  B =     0.33333  C =      0.29587 [cm^-1] 
    Rotor Type: ASYMMETRIC 

	-Nuclear Dipole Moment: (e a0)  
	 X:  0.00000   Y:  -0.00000   Z:  -2.49833   Total:  2.49833 

	-Nuclear Dipole Moment: (D)  
	 X:  0.00000   Y:  -0.00000   Z:  -6.35013   Total:  6.35013 


    Nuclear repulsion energy (V_NN)              : 83.909818309384 
   =====================================================
   Charge                : 0 
   Multiplicity          : 1 
   Number of Atoms       : 9 
   Number of Ghost Atoms : 0 
   Number of Electrons   : 26 
   Number of alpha occupied orbitals (NoccA)  : 13 
   Number of beta occupied orbitals (NoccB)   : 13 
   Number of singly occupied orbitals (Nsocc) : 0 
   Number of doubly occupied orbitals (Ndocc) : 13 
   =====================================================



  ## GLOBALS Options ##

  | TYPE         | KEY                      | INPUT? | VALUE              | DEFAULT            
  |--------------|--------------------------|--------|--------------------|--------------------
  | BOOL         | ERI_DISK                 | NO     | FALSE              | FALSE              
  | BOOL         | FREEZE_CORE              | NO     | TRUE               | TRUE               
  | BOOL         | MOL_FRAG                 | NO     | FALSE              | FALSE              
  | BOOL         | NOCOM                    | NO     | FALSE              | FALSE              
  | BOOL         | NOREORIENT               | NO     | TRUE               | TRUE               
  | BOOL         | PUREAM                   | NO     | TRUE               | TRUE               
  | BOOL         | ML                       | NO     | FALSE              | FALSE              
  | BOOL         | READ_PDB                 | NO     | FALSE              | FALSE              
  | BOOL         | TEST_MODE                | NO     | FALSE              | FALSE              
  | INT          | DERIVE_LEVEL             | NO     | 0                  | 0                  
  | INT          | FINDIF_POINTS            | NO     | 3                  | 3                  
  | INT          | MEMORY                   | YES    | 30000              | 2000               
  | INT          | NUM_THREADS              | NO     | 1                  | 1                  
  | INT          | NUM_FROZEN_DOCC          | NO     | 0                  | 0                  
  | INT          | NUM_FROZEN_VIR           | NO     | 0                  | 0                  
  | INT          | PRINT_LEVEL              | NO     | 0                  | 0                  
  | STRING       | AUX_BASIS_CORR           | NO     | CC-PVDZ-RI         | CC-PVDZ-RI         
  | STRING       | AUX_BASIS_SCF            | NO     | CC-PVDZ-JKFIT      | CC-PVDZ-JKFIT      
  | STRING       | BASIS                    | YES    | CC-PVDZ            | CC-PVDZ            
  | STRING       | BASIS2                   | NO     | MINAO              | MINAO              
  | STRING       | DERIVE_TYPE              | NO     | ANALYTIC           | ANALYTIC           
  | STRING       | FINDIF_METHOD            | NO     | GRAD               | GRAD               
  | STRING       | GEOM_UNITS               | NO     | ANG                | ANG                
  | STRING       | JOBTYPE                  | YES    | ENERGY             | ENERGY             
  | STRING       | METHOD                   | YES    | MP2                | SCF                
  | STRING       | REFERENCE                | YES    | RHF                | RHF                
  | STRING       | OUTFILE_MODE             | NO     | NEW                | NEW                
  | DOUBLE       | STEP_BOHR                | NO     | 0.05               | 0.05               
  | STR_ARRAY    | MOLECULE_GEOM_FROM       | NO     | [input]            | [input]            
  | DOUBLE_ARRAY | ELECTRIC_STRENGTH        | NO     | [0.001;0.001;0.001]| [0.001;0.001;0.001]
  | STRING       | ELECTRIC_FIELD           | NO     | NONE               | NONE               
  | STRING       | ALIGN_TWO_ATOMS          | NO     | NONE               | NONE               
  | INT_ARRAY    | TWO_ATOMS                | NO     | [0]                | [0]                



  ## INTS Options ##

  | TYPE         | KEY                      | INPUT? | VALUE              | DEFAULT            
  |--------------|--------------------------|--------|--------------------|--------------------
  | DOUBLE       | BOYS_CUTOFF              | NO     | 1e-15              | 1e-15              
  | DOUBLE       | BOYS_ZERO                | NO     | 1e-06              | 1e-06              
  | DOUBLE       | DELTA_X                  | NO     | 0.1                | 0.1                
  | DOUBLE       | INTEGRAL_CUTOFF          | NO     | 1e-10              | 1e-10              
  | DOUBLE       | X_MAX                    | NO     | 30.0               | 30.0               
  | INT          | BOYS_MAXITER             | NO     | 10000              | 10000              
  | INT          | MAX_AM                   | NO     | 7                  | 7                  
  | INT          | MAX_AM_AUX               | NO     | 7                  | 7                  
  | INT          | PRINT_LEVEL              | NO     | 0                  | 0                  
  | INT          | TAYLOR_ORDER             | NO     | 6                  | 6                  
  | STRING       | 3INDEX_ALGORITHM         | NO     | AUTO               | AUTO               
  | STRING       | BOYS_METHOD              | NO     | GHP                | GHP                
  | STRING       | ERI_ALGORITHM            | NO     | MD4                | MD4                


	Initializing Liboeprop (by U. Bozkaya) ...

	*=================================================================*
	*                  SCF                                            *
	*   Developed by U. Bozkaya & Y. Alagoz                           *
	*   Latest revision Feb 16, 2021                                  *
	*=================================================================*



  ## SCF Options ##

  | TYPE         | KEY                      | INPUT? | VALUE              | DEFAULT            
  |--------------|--------------------------|--------|--------------------|--------------------
  | BOOL         | DIIS_DAMP                | NO     | FALSE              | FALSE              
  | BOOL         | DIE_IF_NOT_CONVERGED     | NO     | TRUE               | TRUE               
  | BOOL         | DO_DF                    | NO     | TRUE               | TRUE               
  | BOOL         | DIIS                     | NO     | TRUE               | TRUE               
  | BOOL         | FOCK_DAMP                | NO     | FALSE              | FALSE              
  | BOOL         | GUESS_MIX                | NO     | FALSE              | FALSE              
  | BOOL         | GUESS_PREVIOUS           | NO     | FALSE              | FALSE              
  | BOOL         | LOCAL                    | NO     | FALSE              | FALSE              
  | BOOL         | RETRY                    | NO     | TRUE               | TRUE               
  | DOUBLE       | CUTOFF                   | NO     | 1e-10              | 1e-10              
  | DOUBLE       | D_CONVERGENCE            | YES    | 1e-06              | 1e-06              
  | DOUBLE       | DAMP_PARAM               | NO     | 0.02               | 0.02               
  | DOUBLE       | E_CONVERGENCE            | YES    | 1e-08              | 1e-08              
  | DOUBLE       | FOCK_DAMP_PERC           | NO     | 20.0               | 20.0               
  | DOUBLE       | MIN_OVERLAP_EIGVAL       | NO     | 1e-06              | 1e-06              
  | DOUBLE       | LOCAL_CONVERGENCE        | NO     | 1e-08              | 1e-08              
  | DOUBLE       | QC_GUESS_E_CONVERGENCE   | NO     | 0.0001             | 0.0001             
  | DOUBLE       | QC_GUESS_D_CONVERGENCE   | NO     | 0.005              | 0.005              
  | INT          | MAX_DIIS                 | NO     | 6                  | 6                  
  | INT          | MIN_DIIS                 | NO     | 2                  | 2                  
  | INT          | PRINT_LEVEL              | NO     | 0                  | 0                  
  | INT          | SCF_MAXITER              | NO     | 50                 | 50                 
  | INT          | LOCAL_MAXITER            | NO     | 50                 | 50                 
  | STRING       | DIIS_ALGORITHM           | NO     | DISK               | DISK               
  | STRING       | GUESS                    | YES    | SAD                | SAD                
  | BOOL         | MO_WRITE                 | NO     | FALSE              | FALSE              
  | BOOL         | FOCK_WRITE               | NO     | FALSE              | FALSE              
  | STRING       | ORTH_TYPE                | NO     | CANONICAL          | CANONICAL          
  | STRING       | ROHF_CANONIC_TYPE        | NO     | GUEST              | GUEST              
  | STRING       | ERI                      | NO     | INCORE             | INCORE             
  | STRING       | SCF_ALGORITHM            | NO     | ROOTHAAN           | ROOTHAAN           
  | STRING       | LOCAL_TYPE               | NO     | BOYS               | BOYS               
  | BOOL         | SAD_FRAC_OCC             | NO     | TRUE               | TRUE               
  | BOOL         | SAD_SPIN_AVERAGE         | NO     | TRUE               | TRUE               
  | DOUBLE       | SAD_E_CONVERGENCE        | NO     | 1e-05              | 1e-05              
  | DOUBLE       | SAD_D_CONVERGENCE        | NO     | 1e-05              | 1e-05              
  | INT          | SAD_MAXITER              | NO     | 50                 | 50                 
  | BOOL         | NIE                      | NO     | FALSE              | FALSE              
  | BOOL         | SAD_DIIS                 | NO     | TRUE               | TRUE               
  | INT          | SAD_MAX_DIIS             | NO     | 6                  | 6                  
  | INT          | SAD_MIN_DIIS             | NO     | 2                  | 2                  
  | INT          | SAD_PRINT                | NO     | 0                  | 0                  
  | STRING       | SAD_AUX_BASIS            | NO     | SAD-FIT            | SAD-FIT            
  | DOUBLE       | SAD_CHOLESKY_TOLERANCE   | NO     | 1e-07              | 1e-07              
  | BOOL         | SOLVATION                | YES    | TRUE               | FALSE              
  | BOOL         | BYPASS                   | NO     | FALSE              | FALSE              
  | STRING       | IAO_TYPE                 | NO     | STANDARD2013       | STANDARD2013       
  | BOOL         | USE_IAOS                 | NO     | FALSE              | FALSE              

	Initializing libdiis ...
	Initializing libmolint 1.1 ...
 CC-PVDZ primary basis set file will be read for the O atom...
 CC-PVDZ primary basis set file will be read for the C atom...
 CC-PVDZ primary basis set file will be read for the H atom...
 Nmaxthread: 16 
 Nshell: 36 
 Lmax:  2 
 Npmax:  8 
 Nao: 72 
 Ndocc: 13 
 Nsocc:  0 
 NoccA: 13 
 NoccB: 13 
 Primary basis set info has been read.

 CC-PVDZ-JKFIT aux basis set file will be read for the O atom...
 CC-PVDZ-JKFIT aux basis set file will be read for the C atom...
 CC-PVDZ-JKFIT aux basis set file will be read for the H atom...
 Nshell_aux: 126 
 Naux: 348 
 Aux basis set info has been read.

 orth_type: CANONICAL 
 Cpu time for S ints :       0.0100 s
 Wall time for S ints:       0.0084 s

 Using canonical orthogonalization. 
 Minimum eigenvalue in the overlap matrix is:   1.3729E-02 

 Cpu time for T ints :       0.0400 s
 Wall time for T ints:       0.0110 s
 Cpu time for V ints :       0.2900 s
 Wall time for V ints:       0.0697 s
 Cpu time for Metric ints :       0.4100 s
 Wall time for Metric ints:       0.1038 s
 3-Index Algorithm: AUTO 

 Calling fortran integrals: ringing... 
 Done with fintegrals.

 Cpu time for 3-index ints :       1.6200 s
 Wall time for 3-index ints:       0.4362 s
 Cpu time for df-factors :       0.0800 s
 Wall time for df-factors:       0.0239 s


 Puream (True=1, False=0) : 1
 Number of AO             : 72
 Number of MO             : 72
 Number of Aux Functions  : 348
 Charge                   : 0
 Multiplicity             : 1
 Alpha OCC                : 13
 Beta OCC                 : 13
 Nuclear Repulsion Energy : 83.90981831
 Energy Treshold          : 1.0e-08
 Density Treshold         : 1.0e-06
 Iteration Limit          : 50
 Guess                    : SAD
 Guess Mix                : false
 Diis                     : true
 Diis Damping             : false
 Diis Damp Parameter      : 0.02
 Diis Algorithm           : DISK
 Cutoff Treshold          : 1.0e-10
 Density Fitting          : true
 Reference                : RHF
 Die If Not Converged     : true
 Print Level              : 0
 ERI Algorithm            : INCORE
 SCF Algorithm            : ROOTHAAN




  ## SOLVATION Options ##

  | TYPE         | KEY                      | INPUT? | VALUE              | DEFAULT            
  |--------------|--------------------------|--------|--------------------|--------------------
  | INT          | NUM_Z_POINTS             | NO     | 90                 | 90                 
  | INT          | NUM_ANG_POINTS           | YES    | 100                | 100                
  | STRING       | SASA_TYPE                | YES    | NUMERIC            | NUMERIC            
  | STRING       | CHARGE_TYPE              | YES    | IAO_MULLIKEN       | IAO_MULLIKEN       
  | STRING       | CDS_TYPE                 | YES    | SMD                | SMD                
  | STRING       | SOLVENT                  | YES    | WATER              | WATER              
  | STRING       | SOLVENT_PARAMS           | YES    | MN21               | SM8                
  | STRING       | DIELECTRIC_PARAMS        | YES    | MN21               | MN21               
  | STRING       | COULOMB_RADII            | YES    | SMD                | SMD                
  | DOUBLE       | COVALENT_VW_CONST        | NO     | 0.76               | 0.76               
  | DOUBLE       | SOLVENT_RADIUS           | NO     | 0.4                | 0.4                
  | STRING       | RADIUS_TYPE              | YES    | SMD                | SMD                
  | DOUBLE       | GB_DIJ                   | NO     | 3.7                | 3.7                
  | DOUBLE       | GB_SIJ                   | NO     | 0.75               | 0.75               
  | DOUBLE       | GB_CIJ                   | NO     | 0.0                | 0.0                
  | DOUBLE       | F_PWSASA                 | NO     | 0.4535             | 0.4535             
  | DOUBLE       | SCALE_VDW                | NO     | 1.0                | 1.0                
  | DOUBLE       | SCALE_CR                 | NO     | 1.0                | 1.0                



 Sasa Type                  : NUMERIC 
 Charge Type                : IAO_MULLIKEN 
 CDS Type                   : SMD 
 Radius Type                : SMD 
 Solvent                    : WATER 
 Solvent Parameters         : MN21 
 Dielectric Parameters      : MN21 
 Coulomb Radii Parameters   : SMD 
 GB d_ij parameter          : 3.7000000000 
 GB S_ij parameter          : 0.7500000000 
 GB C_ij parameter          : 0.0000000000 
 Sclae_vdw parameter        : 1.0000000000 
 Number of z-points         : 90 
 Number of angular points   : 100 
 Number of SASA grid points : 17902 
 Solvent Dielectric Constant: 78.3553000000 

 VDW Radii:
	  1 O :       1.5200  ang
	  2 C :       1.7000  ang
	  3 C :       1.7000  ang
	  4 H :       1.2000  ang
	  5 H :       1.2000  ang
	  6 H :       1.2000  ang
	  7 H :       1.2000  ang
	  8 H :       1.2000  ang
	  9 H :       1.2000  ang

	 Computing SASA... 

 Atomic SASA values:
	  1 O :      14.5195  ang^2
	  2 C :      10.3672  ang^2
	  3 C :      10.3672  ang^2
	  4 H :      12.0848  ang^2
	  5 H :      12.9204  ang^2
	  6 H :      12.0848  ang^2
	  7 H :      12.0848  ang^2
	  8 H :      12.0848  ang^2
	  9 H :      12.9204  ang^2

	*Total SASA (angs^2): 109.4341004911 


 Coulomb Radii:
	  1 O :       1.5200  ang
	  2 C :       1.8500  ang
	  3 C :       1.8500  ang
	  4 H :       1.2000  ang
	  5 H :       1.2000  ang
	  6 H :       1.2000  ang
	  7 H :       1.2000  ang
	  8 H :       1.2000  ang
	  9 H :       1.2000  ang
 Solvent Alpha                       : 1.1700000000 

 ## Effective Born Radius (bohr) ##
   0   3.7730339597 
   1   3.8033612234 
   2   3.8033612234 
   3   3.0668854186 
   4   2.9574353850 
   5   3.0668852096 
   6   3.0668852096 
   7   3.0668854186 
   8   2.9574353850 

 Effective Born Radii:
	  1 O :       1.9966  ang
	  2 C :       2.0127  ang
	  3 C :       2.0127  ang
	  4 H :       1.6229  ang
	  5 H :       1.5650  ang
	  6 H :       1.6229  ang
	  7 H :       1.6229  ang
	  8 H :       1.6229  ang
	  9 H :       1.5650  ang


 Coulomb Integrals:
	  1  1 :       0.2650  bohr^-1
	  1  2 :       0.2256  bohr^-1
	  1  3 :       0.2256  bohr^-1
	  1  4 :       0.2061  bohr^-1
	  1  5 :       0.2111  bohr^-1
	  1  6 :       0.2061  bohr^-1
	  1  7 :       0.2061  bohr^-1
	  1  8 :       0.2061  bohr^-1
	  1  9 :       0.2111  bohr^-1
	  2  1 :       0.2256  bohr^-1
	  2  2 :       0.2629  bohr^-1
	  2  3 :       0.1836  bohr^-1
	  2  4 :       0.2594  bohr^-1
	  2  5 :       0.2636  bohr^-1
	  2  6 :       0.2594  bohr^-1
	  2  7 :       0.1782  bohr^-1
	  2  8 :       0.1782  bohr^-1
	  2  9 :       0.1532  bohr^-1
	  3  1 :       0.2256  bohr^-1
	  3  2 :       0.1836  bohr^-1
	  3  3 :       0.2629  bohr^-1
	  3  4 :       0.1782  bohr^-1
	  3  5 :       0.1532  bohr^-1
	  3  6 :       0.1782  bohr^-1
	  3  7 :       0.2594  bohr^-1
	  3  8 :       0.2594  bohr^-1
	  3  9 :       0.2636  bohr^-1
	  4  1 :       0.2061  bohr^-1
	  4  2 :       0.2594  bohr^-1
	  4  3 :       0.1782  bohr^-1
	  4  4 :       0.3261  bohr^-1
	  4  5 :       0.2372  bohr^-1
	  4  6 :       0.2351  bohr^-1
	  4  7 :       0.1934  bohr^-1
	  4  8 :       0.1652  bohr^-1
	  4  9 :       0.1427  bohr^-1
	  5  1 :       0.2111  bohr^-1
	  5  2 :       0.2636  bohr^-1
	  5  3 :       0.1532  bohr^-1
	  5  4 :       0.2372  bohr^-1
	  5  5 :       0.3381  bohr^-1
	  5  6 :       0.2372  bohr^-1
	  5  7 :       0.1427  bohr^-1
	  5  8 :       0.1427  bohr^-1
	  5  9 :       0.1294  bohr^-1
	  6  1 :       0.2061  bohr^-1
	  6  2 :       0.2594  bohr^-1
	  6  3 :       0.1782  bohr^-1
	  6  4 :       0.2351  bohr^-1
	  6  5 :       0.2372  bohr^-1
	  6  6 :       0.3261  bohr^-1
	  6  7 :       0.1652  bohr^-1
	  6  8 :       0.1934  bohr^-1
	  6  9 :       0.1427  bohr^-1
	  7  1 :       0.2061  bohr^-1
	  7  2 :       0.1782  bohr^-1
	  7  3 :       0.2594  bohr^-1
	  7  4 :       0.1934  bohr^-1
	  7  5 :       0.1427  bohr^-1
	  7  6 :       0.1652  bohr^-1
	  7  7 :       0.3261  bohr^-1
	  7  8 :       0.2351  bohr^-1
	  7  9 :       0.2372  bohr^-1
	  8  1 :       0.2061  bohr^-1
	  8  2 :       0.1782  bohr^-1
	  8  3 :       0.2594  bohr^-1
	  8  4 :       0.1652  bohr^-1
	  8  5 :       0.1427  bohr^-1
	  8  6 :       0.1934  bohr^-1
	  8  7 :       0.2351  bohr^-1
	  8  8 :       0.3261  bohr^-1
	  8  9 :       0.2372  bohr^-1
	  9  1 :       0.2111  bohr^-1
	  9  2 :       0.1532  bohr^-1
	  9  3 :       0.2636  bohr^-1
	  9  4 :       0.1427  bohr^-1
	  9  5 :       0.1294  bohr^-1
	  9  6 :       0.1427  bohr^-1
	  9  7 :       0.2372  bohr^-1
	  9  8 :       0.2372  bohr^-1
	  9  9 :       0.3381  bohr^-1
    ===> SCF Iteration Started <===

     Iter. |                   Energy |       Delta E |          Drms |
    -------|--------------------------|---------------|---------------|
         1 |      -153.35758767139370 |    -1.534e+02 |     1.554e-02 |
         2 |      -154.01552637599380 |    -6.579e-01 |     4.731e-03 | DIIS
         3 |      -154.06749223709045 |    -5.197e-02 |     1.873e-03 | DIIS
         4 |      -154.07473449638417 |    -7.242e-03 |     3.357e-04 | DIIS
         5 |      -154.07572031311696 |    -9.858e-04 |     1.158e-04 | DIIS
         6 |      -154.07571205173335 |     8.261e-06 |     1.874e-05 | DIIS
         7 |      -154.07571790865151 |    -5.857e-06 |     8.419e-06 | DIIS
         8 |      -154.07571726442052 |     6.442e-07 |     3.007e-06 | DIIS
         9 |      -154.07571729058429 |    -2.616e-08 |     5.236e-07 | DIIS
        10 |      -154.07571731709339 |    -2.651e-08 |     6.905e-08 | DIIS
        11 |      -154.07571729434812 |     2.275e-08 |     1.287e-08 | DIIS
        12 |      -154.07571729340833 |     9.398e-10 |     4.716e-09 | DIIS


	-Alpha Occupied Orbital Energies (au):  
	 1: -20.5287179366 	 2: -11.2544255217 	 3: -11.2529302708 	 4: -1.3478520728 	 5: -0.9461272362 
	 6: -0.8501618269 	 7: -0.6330803249 	 8: -0.6240466915 	 9: -0.6141468674 	10: -0.5274915396 
	11: -0.5030168785 	12: -0.4532706177 	13: -0.3967933150 
	-Alpha Virtual Orbital Energies (au):  
	14: 0.1967625223 	15: 0.2390076758 	16: 0.2621218767 	17: 0.2625689881 	18: 0.2944747074 
	19: 0.3104527444 	20: 0.3166792262 	21: 0.4268330310 	22: 0.5878022923 	23: 0.6263245665 
	24: 0.6582856486 	25: 0.7016363912 	26: 0.7445521355 	27: 0.8366765883 	28: 0.8537413192 
	29: 0.8773616060 	30: 0.8850711093 	31: 0.8907381058 	32: 0.9104983963 	33: 0.9417282910 
	34: 1.0999288586 	35: 1.1166186657 	36: 1.1208807902 	37: 1.1945144732 	38: 1.2397882291 
	39: 1.4301032125 	40: 1.4809395811 	41: 1.5087451847 	42: 1.6002411801 	43: 1.6695853939 
	44: 1.6795368321 	45: 1.8060071469 	46: 1.8304373329 	47: 1.8720781252 	48: 1.9045246547 
	49: 1.9150927056 	50: 1.9488987913 	51: 1.9760611673 	52: 1.9915844614 	53: 1.9976798581 
	54: 2.0792873052 	55: 2.1737651788 	56: 2.2579571745 	57: 2.3118656160 	58: 2.3453638136 
	59: 2.4219039063 	60: 2.4586477081 	61: 2.4603106689 	62: 2.7427975032 	63: 2.7535329341 
	64: 2.7633311446 	65: 2.7634870216 	66: 2.7702382901 	67: 2.8297557515 	68: 3.3259722632 
	69: 3.3817394004 	70: 3.4573469825 	71: 3.6326653901 	72: 3.7063528228 


	-Mulliken Population Analysis for SCF:
	 1: -0.4771238484 	 2: 0.1963156563 	 3: 0.1882843409 	 4: 0.0046208294 	 5: 0.0325340987 
	 6: 0.0046209448 	 7: 0.0093618942 	 8: 0.0093617700 	 9: 0.0320243140 

	-Lowdin Population Analysis for SCF:  
	 1: -0.0816992640 	 2: 0.0171162138 	 3: 0.0146223628 	 4: 0.0024169319 	 5: 0.0184408839 
	 6: 0.0024169345 	 7: 0.0043272501 	 8: 0.0043272431 	 9: 0.0180314439 

	-Electronic Dipole Moment: (e a0)  
	 X:  0.00177   Y:  0.00000   Z:  1.92574   Total:  1.92574 

	-Electronic Dipole Moment: (D)  
	 X:  0.00449   Y:  0.00000   Z:  4.89474   Total:  4.89474 

	-Total Dipole Moment: (e a0)  
	 X:  0.00177   Y:  0.00000   Z:  -0.57259   Total:  0.57259 

	-Total Dipole Moment: (D)  
	 X:  0.00449   Y:  0.00000   Z:  -1.45538   Total:  1.45539 



	Initializing Liboeprop (by U. Bozkaya) ...


	-Mulliken Population Analysis for SCF-IAO:
	 1: -0.4433573974 	 2: -0.1037198110 	 3: -0.1085382179 	 4: 0.0962187282 	 5: 0.1326142916 
	 6: 0.0962187529 	 7: 0.0992814818 	 8: 0.0992814494 	 9: 0.1321160587 

	-Lowdin Population Analysis for SCF-IAO:  
	 1: -0.4433573974 	 2: -0.1037198110 	 3: -0.1085382179 	 4: 0.0962187282 	 5: 0.1326142916 
	 6: 0.0962187529 	 7: 0.0992814818 	 8: 0.0992814494 	 9: 0.1321160587 

	Initializing Liblocal (by U. Bozkaya) ...
  ==> Pipek-Mezey Localizer <==

    Convergence =   1.000E-08
    Maxiter     =          50

    Iteration                   Metric       Residual
    PM    0   8.5856011386101496E+00              -
    PM    1   1.5485243796735054E+01   8.036295E-01
    PM    2   1.6430999815358184E+01   6.107466E-02
    PM    3   1.6445462826658058E+01   8.802271E-04
    PM    4   1.6445564903680921E+01   6.207002E-06
    PM    5   1.6445565413258411E+01   3.098571E-08
    PM    6   1.6445565416777686E+01   2.139954E-10

    PM Localizer converged.



	*Molecular contr. to CDS energy:       0.0000  kcal/mol
	*Total CDS energy:       3.2860  kcal/mol
	*SCF::Polarization Free Energy (au)      : -0.0072603183 
	*SCF::Polarization Free Energy (kcal/mol):      -4.5559 
	*SCF::CDS Free Energy (au)      : 0.0052366024 
	*SCF::CDS Free Energy (kcal/mol):       3.2860 
	*SCF::Total Solvation Free Energy (au)      : -0.0020237159 
	*SCF::Total Solvation Free Energy (kcal/mol):      -1.2699 
 CC-PVDZ primary basis set file will be read for the O atom...
 CC-PVDZ primary basis set file will be read for the C atom...
 CC-PVDZ primary basis set file will be read for the H atom...
 Nmaxthread: 16 
 Nshell: 36 
 Lmax:  2 
 Npmax:  8 
 Nao: 72 
 Ndocc: 13 
 Nsocc:  0 
 NoccA: 13 
 NoccB: 13 
 Primary basis set info has been read.

 CC-PVDZ-JKFIT aux basis set file will be read for the O atom...
 CC-PVDZ-JKFIT aux basis set file will be read for the C atom...
 CC-PVDZ-JKFIT aux basis set file will be read for the H atom...
 Nshell_aux: 126 
 Naux: 348 
 Aux basis set info has been read.


	*Total SCF Energy: -154.07571729340833

 Cpu time for SCF :       0.9745 minutes
 Wall time for SCF:       0.3625 minutes


	MO spaces... 

	 FC   OCC   VIR   FV 
	----------------------
	  3   10    59    0


	Libtrans is initialized (by U. Bozkaya) ...

 ============================================================================== 
 ============================================================================== 
 ============================================================================== 

                       DF-MP2   
              Program Written by Ugur Bozkaya
              Latest Revision May 2, 2021

 ============================================================================== 
 ============================================================================== 
 ============================================================================== 

	For this residual convergence, default PCG convergence is:     1.00e-07
    Warning: "PCG_CONVERGENCE" option is changed to     1.00e-07


  ## DFOCC Options ##

  | TYPE         | KEY                      | INPUT? | VALUE              | DEFAULT            
  |--------------|--------------------------|--------|--------------------|--------------------
  | BOOL         | EOM                      | NO     | FALSE              | FALSE              
  | BOOL         | EOM_MP2                  | NO     | FALSE              | FALSE              
  | BOOL         | EOM_MP3                  | NO     | FALSE              | FALSE              
  | BOOL         | EOM_MP2_5                | NO     | FALSE              | FALSE              
  | BOOL         | EOM_LCCD                 | NO     | FALSE              | FALSE              
  | BOOL         | LOW_MEM_MP2              | NO     | FALSE              | FALSE              
  | BOOL         | LOW_MEM_MP3              | NO     | FALSE              | FALSE              
  | BOOL         | CD_PRESCREEN             | NO     | FALSE              | FALSE              
  | DOUBLE       | CIS_E_CONV               | NO     | 1e-06              | 1e-06              
  | DOUBLE       | CIS_R_CONV               | NO     | 1e-06              | 1e-06              
  | DOUBLE       | CIS_RES_PRECONDITION_TOL | NO     | 0.0001             | 0.0001             
  | DOUBLE       | DAVIDSON_TOLERANCE       | NO     | 1e-06              | 1e-06              
  | DOUBLE       | E3_SCALE                 | NO     | 0.25               | 0.25               
  | DOUBLE       | E_CONVERGENCE            | NO     | 1e-06              | 1e-06              
  | DOUBLE       | JK_MEMORY                | NO     | 1000000000.0       | 1000000000.0       
  | DOUBLE       | LEVEL_SHIFT              | NO     | 0.02               | 0.02               
  | DOUBLE       | MAX_MOGRAD_CONVERGENCE   | NO     | 0.001              | 0.001              
  | DOUBLE       | MO_STEP_MAX              | NO     | 0.5                | 0.5                
  | DOUBLE       | MP2_OS_SCALE             | NO     | 1.2                | 1.2                
  | DOUBLE       | MP2_SOS_SCALE            | NO     | 1.3                | 1.3                
  | DOUBLE       | MP2_SOS_SCALE2           | NO     | 1.2                | 1.2                
  | DOUBLE       | MP2_SS_SCALE             | NO     | 0.3333333333333333 | 0.3333333333333333 
  | DOUBLE       | OCC_PERCENTAGE           | NO     | 99.0               | 99.0               
  | DOUBLE       | OCC_TOLERANCE            | NO     | 1e-05              | 1e-05              
  | DOUBLE       | OO_SCALE                 | NO     | 0.01               | 0.01               
  | DOUBLE       | PCG_CONVERGENCE          | NO     | 1e-06              | 1e-06              
  | DOUBLE       | R_CONVERGENCE            | NO     | 1e-05              | 1e-05              
  | DOUBLE       | REG_PARAM                | NO     | 0.4                | 0.4                
  | DOUBLE       | KAPPA_REG_PARAM          | NO     | 1.1                | 1.1                
  | DOUBLE       | RMS_MOGRAD_CONVERGENCE   | NO     | 1e-06              | 1e-06              
  | DOUBLE       | SCG_TOLERANCE            | NO     | 1e-06              | 1e-06              
  | DOUBLE       | SCHMIDT_ADD_RES_TOL      | NO     | 0.001              | 0.001              
  | INT          | ACTIVE_NAT_ORBS          | NO     | 2                  | 2                  
  | INT          | CC_DIIS_MAX_VECS         | NO     | 6                  | 6                  
  | INT          | CC_DIIS_MIN_VECS         | NO     | 2                  | 2                  
  | INT          | CC_MAXITER               | NO     | 50                 | 50                 
  | INT          | CUTOFF                   | NO     | 8                  | 8                  
  | INT          | EXCITATION_RANGE         | NO     | 2                  | 2                  
  | INT          | FOLLOW_ROOT              | NO     | 1                  | 1                  
  | INT          | INTEGRAL_CUTOFF          | NO     | 9                  | 9                  
  | INT          | MAX_VECS                 | NO     | 50                 | 50                 
  | INT          | MO_DIIS_NUM_VECS         | NO     | 6                  | 6                  
  | INT          | MO_MAXITER               | NO     | 50                 | 50                 
  | INT          | NUM_ROOTS                | NO     | 4                  | 4                  
  | INT          | PCG_MAXITER              | NO     | 50                 | 50                 
  | INT          | PRINT_LEVEL              | NO     | 0                  | 0                  
  | INT          | VECS_PER_ROOT            | NO     | 1                  | 1                  
  | STRING       | CC_LAMBDA                | NO     | FALSE              | FALSE              
  | STRING       | CHOLESKY                 | NO     | FALSE              | FALSE              
  | STRING       | CIS_ALGORITHM            | NO     | MO_BASIS           | MO_BASIS           
  | STRING       | CIS_GUESS_COEFF          | NO     | MIX                | MIX                
  | STRING       | COMPUT_S2                | NO     | FALSE              | FALSE              
  | STRING       | DIAG_METHOD              | NO     | DAVIDSON           | DAVIDSON           
  | STRING       | DO_DIIS                  | NO     | TRUE               | TRUE               
  | STRING       | DO_LEVEL_SHIFT           | NO     | TRUE               | TRUE               
  | STRING       | DO_SCS                   | NO     | FALSE              | FALSE              
  | STRING       | DO_SOS                   | NO     | FALSE              | FALSE              
  | STRING       | EKT_IP                   | NO     | FALSE              | FALSE              
  | STRING       | FREEZE_CORE              | NO     | TRUE               | TRUE               
  | STRING       | HESS_TYPE                | NO     | HF                 | HF                 
  | STRING       | JK_TYPE                  | NO     | DIRECT             | DIRECT             
  | STRING       | LINEQ_SOLVER             | NO     | CDGESV             | CDGESV             
  | STRING       | MO_READ                  | NO     | FALSE              | FALSE              
  | STRING       | MO_WRITE                 | NO     | FALSE              | FALSE              
  | STRING       | MP2_AMP_TYPE             | NO     | DIRECT             | DIRECT             
  | STRING       | NAT_ORBS                 | NO     | FALSE              | FALSE              
  | STRING       | NBO                      | NO     | TRUE               | TRUE               
  | STRING       | OCC_ORBS_PRINT           | NO     | FALSE              | FALSE              
  | STRING       | OEPROP                   | NO     | FALSE              | FALSE              
  | STRING       | OPT_METHOD               | NO     | QNR                | QNR                
  | STRING       | ORB_RESP_SOLVER          | NO     | PCG                | PCG                
  | STRING       | ORTH_TYPE                | NO     | MGS                | MGS                
  | STRING       | PCG_BETA_TYPE            | NO     | FLETCHER_REEVES    | FLETCHER_REEVES    
  | STRING       | PPL_TYPE                 | NO     | AUTO               | AUTO               
  | STRING       | PRINT_CI_VECS            | NO     | FALSE              | FALSE              
  | STRING       | QCHF                     | NO     | FALSE              | FALSE              
  | STRING       | READ_SCF_3INDEX          | NO     | TRUE               | TRUE               
  | STRING       | REGULARIZATION           | NO     | FALSE              | FALSE              
  | STRING       | REG_TYPE                 | NO     | NORMAL             | NORMAL             
  | STRING       | SCS_TYPE                 | NO     | SCS                | SCS                
  | STRING       | SOS_TYPE                 | NO     | SOS                | SOS                
  | STRING       | TRIPLES_IABC_TYPE        | NO     | DISK               | DISK               
  | STRING       | UNIT_GUESS_TYPE          | NO     | GEN                | GEN                
  | STRING       | EKT_NEGATIVE_OCC         | NO     | ABS                | ABS                
  | BOOL         | SOLVATION                | YES    | TRUE               | FALSE              

	MO spaces... 

	 FC   OCC   VIR   FV 
	----------------------
	  3   10    59    0
 CC-PVDZ primary basis set file will be read for the O atom...
 CC-PVDZ primary basis set file will be read for the C atom...
 CC-PVDZ primary basis set file will be read for the H atom...
 Nmaxthread: 16 
 Nshell: 36 
 Lmax:  2 
 Npmax:  8 
 Nao: 72 
 Ndocc: 13 
 Nsocc:  0 
 NoccA: 13 
 NoccB: 13 
 Primary basis set info has been read.

 CC-PVDZ-RI aux basis set file will be read for the O atom...
 CC-PVDZ-RI aux basis set file will be read for the C atom...
 CC-PVDZ-RI aux basis set file will be read for the H atom...
 Nshell_aux: 90 
 Naux: 252 
 Aux basis set info has been read.

 Cpu time for Metric ints :       0.0900 s
 Wall time for Metric ints:       0.0504 s
 3-Index Algorithm: AUTO 

 Calling fortran integrals: ringing... 
 Done with fintegrals.

 Cpu time for 3-index ints :       1.2100 s
 Wall time for 3-index ints:       0.3116 s
 Cpu time for df-factors :       0.0400 s
 Wall time for df-factors:       0.0113 s
 CC-PVDZ primary basis set file will be read for the O atom...
 CC-PVDZ primary basis set file will be read for the C atom...
 CC-PVDZ primary basis set file will be read for the H atom...
 Nmaxthread: 16 
 Nshell: 36 
 Lmax:  2 
 Npmax:  8 
 Nao: 72 
 Ndocc: 13 
 Nsocc:  0 
 NoccA: 13 
 NoccB: 13 
 Primary basis set info has been read.

 CC-PVDZ-JKFIT aux basis set file will be read for the O atom...
 CC-PVDZ-JKFIT aux basis set file will be read for the C atom...
 CC-PVDZ-JKFIT aux basis set file will be read for the H atom...
 Nshell_aux: 126 
 Naux: 348 
 Aux basis set info has been read.

	Reading DF integrals from disk ...
 Cpu time for Metric ints :       0.6000 s
 Wall time for Metric ints:       0.1484 s
	Number of basis functions in the DF-HF basis: 348
	Number of basis functions in the DF-CC basis: 252

	Available memory                      :  30000.00 MB 
	Minimum required memory for amplitudes:      8.35 MB 
	Memory requirement for B-CC (Q|mu nu) :     10.45 MB 
	Memory requirement for B-CC (Q|ab)    :      7.02 MB 
	Memory requirement for DF-CC int trans:     19.01 MB 

	Computing DF-MP2 energy using SCF MOs (Canonical DF-MP2)... 
	======================================================================= 
	Nuclear Repulsion Energy (a.u.)    :    83.90981448179170
	DF-HF Energy (a.u.)                :  -154.07571729340833
	REF Energy (a.u.)                  :  -154.07571729340833
	DF-MP2 Correlation Energy (a.u.)   :    -0.48131213891295
	DF-MP2 Total Energy (a.u.)         :  -154.55702943232129
	======================================================================= 

	*Total MP2 Energy: -154.55702943232129

	Computing unrelaxed response density matrices...
	Number of independent-pairs: 767
	Computing the generalized Fock matrix (GFM)...
	Computing the orbital gradient...
	Forming effective orbital gradient...
	Solving orbital Z-vector equations...

	            PCG Solver 
	   ------------------------------ 
	Iter     RMS Z Vector        RMS Residual  
	----    ---------------    ---------------
	  1         1.49e-03         9.68e-04
	  2         4.58e-04         3.66e-04
	  3         1.51e-04         6.16e-05
	  4         3.60e-05         1.35e-05
	  5         5.58e-06         3.23e-06
	  6         1.15e-06         4.70e-07
	  7         2.08e-07         7.67e-08
	  8         2.84e-08         2.07e-08

	Computing the relaxed PDMs and GFM...
	Compute solv. is starting ...

	Initializing Liboeprop (by U. Bozkaya) ...


	-Mulliken Population Analysis for MP2-IAO:
	 1: -0.1860004646 	 2: -0.0133767010 	 3: -0.0181285508 	 4: 0.0456474987 	 5: 0.0850508378 
	 6: 0.0456475414 	 7: 0.0486122367 	 8: 0.0486121864 	 9: 0.0845507866 

	-Lowdin Population Analysis for MP2-IAO:  
	 1: -0.1860004646 	 2: -0.0133767010 	 3: -0.0181285508 	 4: 0.0456474987 	 5: 0.0850508378 
	 6: 0.0456475414 	 7: 0.0486122367 	 8: 0.0486121864 	 9: 0.0845507866 


  ## SOLVATION Options ##

  | TYPE         | KEY                      | INPUT? | VALUE              | DEFAULT            
  |--------------|--------------------------|--------|--------------------|--------------------
  | INT          | NUM_Z_POINTS             | NO     | 90                 | 90                 
  | INT          | NUM_ANG_POINTS           | YES    | 100                | 100                
  | STRING       | SASA_TYPE                | YES    | NUMERIC            | NUMERIC            
  | STRING       | CHARGE_TYPE              | YES    | IAO_MULLIKEN       | IAO_MULLIKEN       
  | STRING       | CDS_TYPE                 | YES    | SMD                | SMD                
  | STRING       | SOLVENT                  | YES    | WATER              | WATER              
  | STRING       | SOLVENT_PARAMS           | YES    | MN21               | SM8                
  | STRING       | DIELECTRIC_PARAMS        | YES    | MN21               | MN21               
  | STRING       | COULOMB_RADII            | YES    | SMD                | SMD                
  | DOUBLE       | COVALENT_VW_CONST        | NO     | 0.76               | 0.76               
  | DOUBLE       | SOLVENT_RADIUS           | NO     | 0.4                | 0.4                
  | STRING       | RADIUS_TYPE              | YES    | SMD                | SMD                
  | DOUBLE       | GB_DIJ                   | NO     | 3.7                | 3.7                
  | DOUBLE       | GB_SIJ                   | NO     | 0.75               | 0.75               
  | DOUBLE       | GB_CIJ                   | NO     | 0.0                | 0.0                
  | DOUBLE       | F_PWSASA                 | NO     | 0.4535             | 0.4535             
  | DOUBLE       | SCALE_VDW                | NO     | 1.0                | 1.0                
  | DOUBLE       | SCALE_CR                 | NO     | 1.0                | 1.0                



 Sasa Type                  : NUMERIC 
 Charge Type                : IAO_MULLIKEN 
 CDS Type                   : SMD 
 Radius Type                : SMD 
 Solvent                    : WATER 
 Solvent Parameters         : MN21 
 Dielectric Parameters      : MN21 
 Coulomb Radii Parameters   : SMD 
 GB d_ij parameter          : 3.7000000000 
 GB S_ij parameter          : 0.7500000000 
 GB C_ij parameter          : 0.0000000000 
 Sclae_vdw parameter        : 1.0000000000 
 Number of z-points         : 90 
 Number of angular points   : 100 
 Number of SASA grid points : 17902 
 Solvent Dielectric Constant: 78.3553000000 

 VDW Radii:
	  1 O :       1.5200  ang
	  2 C :       1.7000  ang
	  3 C :       1.7000  ang
	  4 H :       1.2000  ang
	  5 H :       1.2000  ang
	  6 H :       1.2000  ang
	  7 H :       1.2000  ang
	  8 H :       1.2000  ang
	  9 H :       1.2000  ang

	 Computing SASA... 

 Atomic SASA values:
	  1 O :      14.5195  ang^2
	  2 C :      10.3672  ang^2
	  3 C :      10.3672  ang^2
	  4 H :      12.0848  ang^2
	  5 H :      12.9204  ang^2
	  6 H :      12.0848  ang^2
	  7 H :      12.0848  ang^2
	  8 H :      12.0848  ang^2
	  9 H :      12.9204  ang^2

	*Total SASA (angs^2): 109.4341004911 


 Coulomb Radii:
	  1 O :       1.5200  ang
	  2 C :       1.8500  ang
	  3 C :       1.8500  ang
	  4 H :       1.2000  ang
	  5 H :       1.2000  ang
	  6 H :       1.2000  ang
	  7 H :       1.2000  ang
	  8 H :       1.2000  ang
	  9 H :       1.2000  ang
 Solvent Alpha                       : 1.1700000000 

 ## Effective Born Radius (bohr) ##
   0   3.7730339597 
   1   3.8033612234 
   2   3.8033612234 
   3   3.0668854186 
   4   2.9574353850 
   5   3.0668852096 
   6   3.0668852096 
   7   3.0668854186 
   8   2.9574353850 

 Effective Born Radii:
	  1 O :       1.9966  ang
	  2 C :       2.0127  ang
	  3 C :       2.0127  ang
	  4 H :       1.6229  ang
	  5 H :       1.5650  ang
	  6 H :       1.6229  ang
	  7 H :       1.6229  ang
	  8 H :       1.6229  ang
	  9 H :       1.5650  ang


 Coulomb Integrals:
	  1  1 :       0.2650  bohr^-1
	  1  2 :       0.2256  bohr^-1
	  1  3 :       0.2256  bohr^-1
	  1  4 :       0.2061  bohr^-1
	  1  5 :       0.2111  bohr^-1
	  1  6 :       0.2061  bohr^-1
	  1  7 :       0.2061  bohr^-1
	  1  8 :       0.2061  bohr^-1
	  1  9 :       0.2111  bohr^-1
	  2  1 :       0.2256  bohr^-1
	  2  2 :       0.2629  bohr^-1
	  2  3 :       0.1836  bohr^-1
	  2  4 :       0.2594  bohr^-1
	  2  5 :       0.2636  bohr^-1
	  2  6 :       0.2594  bohr^-1
	  2  7 :       0.1782  bohr^-1
	  2  8 :       0.1782  bohr^-1
	  2  9 :       0.1532  bohr^-1
	  3  1 :       0.2256  bohr^-1
	  3  2 :       0.1836  bohr^-1
	  3  3 :       0.2629  bohr^-1
	  3  4 :       0.1782  bohr^-1
	  3  5 :       0.1532  bohr^-1
	  3  6 :       0.1782  bohr^-1
	  3  7 :       0.2594  bohr^-1
	  3  8 :       0.2594  bohr^-1
	  3  9 :       0.2636  bohr^-1
	  4  1 :       0.2061  bohr^-1
	  4  2 :       0.2594  bohr^-1
	  4  3 :       0.1782  bohr^-1
	  4  4 :       0.3261  bohr^-1
	  4  5 :       0.2372  bohr^-1
	  4  6 :       0.2351  bohr^-1
	  4  7 :       0.1934  bohr^-1
	  4  8 :       0.1652  bohr^-1
	  4  9 :       0.1427  bohr^-1
	  5  1 :       0.2111  bohr^-1
	  5  2 :       0.2636  bohr^-1
	  5  3 :       0.1532  bohr^-1
	  5  4 :       0.2372  bohr^-1
	  5  5 :       0.3381  bohr^-1
	  5  6 :       0.2372  bohr^-1
	  5  7 :       0.1427  bohr^-1
	  5  8 :       0.1427  bohr^-1
	  5  9 :       0.1294  bohr^-1
	  6  1 :       0.2061  bohr^-1
	  6  2 :       0.2594  bohr^-1
	  6  3 :       0.1782  bohr^-1
	  6  4 :       0.2351  bohr^-1
	  6  5 :       0.2372  bohr^-1
	  6  6 :       0.3261  bohr^-1
	  6  7 :       0.1652  bohr^-1
	  6  8 :       0.1934  bohr^-1
	  6  9 :       0.1427  bohr^-1
	  7  1 :       0.2061  bohr^-1
	  7  2 :       0.1782  bohr^-1
	  7  3 :       0.2594  bohr^-1
	  7  4 :       0.1934  bohr^-1
	  7  5 :       0.1427  bohr^-1
	  7  6 :       0.1652  bohr^-1
	  7  7 :       0.3261  bohr^-1
	  7  8 :       0.2351  bohr^-1
	  7  9 :       0.2372  bohr^-1
	  8  1 :       0.2061  bohr^-1
	  8  2 :       0.1782  bohr^-1
	  8  3 :       0.2594  bohr^-1
	  8  4 :       0.1652  bohr^-1
	  8  5 :       0.1427  bohr^-1
	  8  6 :       0.1934  bohr^-1
	  8  7 :       0.2351  bohr^-1
	  8  8 :       0.3261  bohr^-1
	  8  9 :       0.2372  bohr^-1
	  9  1 :       0.2111  bohr^-1
	  9  2 :       0.1532  bohr^-1
	  9  3 :       0.2636  bohr^-1
	  9  4 :       0.1427  bohr^-1
	  9  5 :       0.1294  bohr^-1
	  9  6 :       0.1427  bohr^-1
	  9  7 :       0.2372  bohr^-1
	  9  8 :       0.2372  bohr^-1
	  9  9 :       0.3381  bohr^-1


	*Molecular contr. to CDS energy:       0.0000  kcal/mol
	*Total CDS energy:       3.2860  kcal/mol
	*MP2::Polarization Free Energy (au)      : -0.0031965109 
	*MP2::Polarization Free Energy (kcal/mol):      -2.0058 
	*MP2::CDS Free Energy (au)      : 0.0052366024 
	*MP2::CDS Free Energy (kcal/mol):       3.2860 
	*MP2::Total Solvation Free Energy (au)      : 0.0020400915 
	*MP2::Total Solvation Free Energy (kcal/mol):       1.2802 
	GB-MP2 Total Energy (a.u.)         :  -154.55498934084156

	*Total GB-MP2 Energy: -154.55702943232129


 Cpu time for MacroQC :       1.1700 minutes
 Wall time for MacroQC:       0.4374 minutes


 ******************************************************************************************
	 MacroQC terminates normally:) 
 ****************************************************************************************** 

