 ==========================================================================================
 =========                __  ___                         ____  ______            =========
 ======                  /  |/  /___ _______________     / __ \/ ____/               ======
 ====                   / /|_/ / __ `/ ___/ ___/ __ \   / / / / /                      ====
 ===                   / /  / / /_/ / /__/ /  / /_/ /  / /_/ / /___                     ===
 ==                   /_/  /_/\__,_/\___/_/   \____/   \___\_\____/                      ==
 ===                                                                1.0.4                ===
 =====     An electronic structure theory software for large-scale applications       =====
 ======                                 See license.txt for license info             ======
 =========                                                                        =========
 ==========================================================================================
                                                                                           
                           * * * * * * * * * * * * * * * * * * * *                        
                           *            Developed by             *                        
                           *             U. Bozkaya              *                        
                           *                                     *                        
                           *       With contributions from:      *                        
                           *         B. Ermis, Y. Alagoz,        *                        
                           *         A. Unal, and A. K. Uyar     *                        
                           *         Git Version: deab493        *                        
                           *       Latest Revision: 2026-03-23   *                        
                           * * * * * * * * * * * * * * * * * * * *                        


 Run date: Wed Mar 25 08:30:31 2026
 
 Hostname: ub10 

 ## MacroQC input file ##
 ******************************************************************************************
$set_molecule
0 1
C      -0.6670235926     0.3730440357    -0.0026815114
C       0.6670244411    -0.3730251468    -0.0038650495
C      -1.8874855965    -0.5477550832     0.0042469904
C       1.8874900741     0.5477559686     0.0036412662
C      -3.2151185207     0.2079635768    -0.0009248909
C       3.2151146791    -0.2079804724    -0.0003724076
H      -0.7109251939     1.0340800916     0.8697237369
H      -0.7157905231     1.0280802998    -0.8792862584
H       0.7151686325    -1.0263675336    -0.8817428749
H       0.7115379373    -1.0357633080     0.8672477448
H      -1.8430800216    -1.2115612375    -0.8647120050
H      -1.8423259024    -1.1982315386     0.8831439730
H       1.8437097066     1.2112285147    -0.8656330991
H       1.8417129729     1.1985833441     0.8822215753
H      -3.3039028498     0.8556615095     0.8739310562
H      -4.0649955537    -0.4760893913     0.0063446929
H      -3.3060979008     0.8397031702    -0.8871343521
H       3.3049178286    -0.8526127630     0.8766257769
H       3.3050606777    -0.8428172762    -0.8844860878
H       4.0650012830     0.4760888460     0.0034897379
$end_molecule


$set_globals
   basis cc-pvdz
  method mp2
  reference rhf
  jobtype energy
  memory 30000
$end_globals


$set_scf
  e_convergence 1.0e-8
  d_convergence 1.0e-6
  guess sad
  solvation true
$end_scf


$set_solvation
  cds_type smd
  radius_type smd
  solvent_params mn21
  dielectric_params mn21
  sasa_type numeric
  solvent water
  num_ang_points 100
  charge_type iao_mulliken
  coulomb_radii smd
$end_solvation

$set_dfocc
solvation true
$end_dfocc

 ******************************************************************************************


	-Geometry before Center-of-Mass shift (ang): 
	 Number     Atom               X                    Y                       Z  
	 ---------------------------------------------------------------------------------------
           1     C            -0.6670235926          0.3730440357          -0.0026815114  
           2     C             0.6670244411         -0.3730251468          -0.0038650495  
           3     C            -1.8874855965         -0.5477550832           0.0042469904  
           4     C             1.8874900741          0.5477559686           0.0036412662  
           5     C            -3.2151185207          0.2079635768          -0.0009248909  
           6     C             3.2151146791         -0.2079804724          -0.0003724076  
           7     H            -0.7109251939          1.0340800916           0.8697237369  
           8     H            -0.7157905231          1.0280802998          -0.8792862584  
           9     H             0.7151686325         -1.0263675336          -0.8817428749  
          10     H             0.7115379373         -1.0357633080           0.8672477448  
          11     H            -1.8430800216         -1.2115612375          -0.8647120050  
          12     H            -1.8423259024         -1.1982315386           0.8831439730  
          13     H             1.8437097066          1.2112285147          -0.8656330991  
          14     H             1.8417129729          1.1985833441           0.8822215753  
          15     H            -3.3039028498          0.8556615095           0.8739310562  
          16     H            -4.0649955537         -0.4760893913           0.0063446929  
          17     H            -3.3060979008          0.8397031702          -0.8871343521  
          18     H             3.3049178286         -0.8526127630           0.8766257769  
          19     H             3.3050606777         -0.8428172762          -0.8844860878  
          20     H             4.0650012830          0.4760888460           0.0034897379  



	-Geometry after Center-of-Mass shift (ang): 
	 Atom               X                    Y                       Z  
	 -------------------------------------------------------------------
     C          -0.6670236952          0.3730438367          -0.0026845807  
     C           0.6670243385         -0.3730253458          -0.0038681188  
     C          -1.8874856991         -0.5477552822           0.0042439211  
     C           1.8874899715          0.5477557696           0.0036381969  
     C          -3.2151186233          0.2079633778          -0.0009279602  
     C           3.2151145765         -0.2079806714          -0.0003754769  
     H          -0.7109252965          1.0340798926           0.8697206676  
     H          -0.7157906257          1.0280801008          -0.8792893277  
     H           0.7151685299         -1.0263677326          -0.8817459442  
     H           0.7115378347         -1.0357635070           0.8672446755  
     H          -1.8430801242         -1.2115614365          -0.8647150743  
     H          -1.8423260050         -1.1982317376           0.8831409037  
     H           1.8437096040          1.2112283157          -0.8656361684  
     H           1.8417128703          1.1985831451           0.8822185060  
     H          -3.3039029524          0.8556613105           0.8739279869  
     H          -4.0649956563         -0.4760895903           0.0063416236  
     H          -3.3060980034          0.8397029712          -0.8871374214  
     H           3.3049177260         -0.8526129620           0.8766227076  
     H           3.3050605751         -0.8428174752          -0.8844891571  
     H           4.0650011804          0.4760886470           0.0034866686  


	-Geometry after Center-of-Mass shift (bohr): 
	 Atom               X                    Y                       Z  
	 -------------------------------------------------------------------
     C          -1.2604921032          0.7049506841          -0.0050731223  
     C           1.2604933187         -0.7049157414          -0.0073096852  
     C          -3.5668310371         -1.0351074672           0.0080198485  
     C           3.5668391106          1.0351083882           0.0068751957  
     C          -6.0756936590          0.3929938281          -0.0017535907  
     C           6.0756860115         -0.3930265084          -0.0007095486  
     H          -1.3434541061          1.9541277888           1.6435338674  
     H          -1.3526482458          1.9427898255          -1.6616160144  
     H           1.3514726550         -1.9395539186          -1.6662583468  
     H           1.3446116354         -1.9573093590           1.6388549204  
     H          -3.4829166621         -2.2895192992          -1.6340746670  
     H          -3.4814915833         -2.2643298189           1.6688944381  
     H           3.4841062064          2.2888897920          -1.6358152826  
     H           3.4803329265          2.2649938828           1.6671513591  
     H          -6.2434717252          1.6169655330           1.6514845486  
     H          -7.6817284916         -0.8996789369           0.0119839317  
     H          -6.2476197704          1.5868086423          -1.6764467621  
     H           6.2453893693         -1.6112049892           1.6565768327  
     H           6.2456593149         -1.5926942019          -1.6714422679  
     H           7.6817389306          0.8996771542           0.0065888487  


    Rotational Constants: A =     0.49069  B =     0.03774  C =      0.03646 [cm^-1] 
    Rotor Type: SYMMETRIC 

	-Nuclear Dipole Moment: (e a0)  
	 X:  -0.00001   Y:  -0.00002   Z:  -0.00029   Total:  0.00029 

	-Nuclear Dipole Moment: (D)  
	 X:  -0.00002   Y:  -0.00005   Z:  -0.00074   Total:  0.00074 


    Nuclear repulsion energy (V_NN)              : 243.977128524767 
   =====================================================
   Charge                : 0 
   Multiplicity          : 1 
   Number of Atoms       : 20 
   Number of Ghost Atoms : 0 
   Number of Electrons   : 50 
   Number of alpha occupied orbitals (NoccA)  : 25 
   Number of beta occupied orbitals (NoccB)   : 25 
   Number of singly occupied orbitals (Nsocc) : 0 
   Number of doubly occupied orbitals (Ndocc) : 25 
   =====================================================



  ## GLOBALS Options ##

  | TYPE         | KEY                      | INPUT? | VALUE              | DEFAULT            
  |--------------|--------------------------|--------|--------------------|--------------------
  | BOOL         | ERI_DISK                 | NO     | FALSE              | FALSE              
  | BOOL         | FREEZE_CORE              | NO     | TRUE               | TRUE               
  | BOOL         | MOL_FRAG                 | NO     | FALSE              | FALSE              
  | BOOL         | NOCOM                    | NO     | FALSE              | FALSE              
  | BOOL         | NOREORIENT               | NO     | TRUE               | TRUE               
  | BOOL         | PUREAM                   | NO     | TRUE               | TRUE               
  | BOOL         | ML                       | NO     | FALSE              | FALSE              
  | BOOL         | READ_PDB                 | NO     | FALSE              | FALSE              
  | BOOL         | TEST_MODE                | NO     | FALSE              | FALSE              
  | INT          | DERIVE_LEVEL             | NO     | 0                  | 0                  
  | INT          | FINDIF_POINTS            | NO     | 3                  | 3                  
  | INT          | MEMORY                   | YES    | 30000              | 2000               
  | INT          | NUM_THREADS              | NO     | 1                  | 1                  
  | INT          | NUM_FROZEN_DOCC          | NO     | 0                  | 0                  
  | INT          | NUM_FROZEN_VIR           | NO     | 0                  | 0                  
  | INT          | PRINT_LEVEL              | NO     | 0                  | 0                  
  | STRING       | AUX_BASIS_CORR           | NO     | CC-PVDZ-RI         | CC-PVDZ-RI         
  | STRING       | AUX_BASIS_SCF            | NO     | CC-PVDZ-JKFIT      | CC-PVDZ-JKFIT      
  | STRING       | BASIS                    | YES    | CC-PVDZ            | CC-PVDZ            
  | STRING       | BASIS2                   | NO     | MINAO              | MINAO              
  | STRING       | DERIVE_TYPE              | NO     | ANALYTIC           | ANALYTIC           
  | STRING       | FINDIF_METHOD            | NO     | GRAD               | GRAD               
  | STRING       | GEOM_UNITS               | NO     | ANG                | ANG                
  | STRING       | JOBTYPE                  | YES    | ENERGY             | ENERGY             
  | STRING       | METHOD                   | YES    | MP2                | SCF                
  | STRING       | REFERENCE                | YES    | RHF                | RHF                
  | STRING       | OUTFILE_MODE             | NO     | NEW                | NEW                
  | DOUBLE       | STEP_BOHR                | NO     | 0.05               | 0.05               
  | STR_ARRAY    | MOLECULE_GEOM_FROM       | NO     | [input]            | [input]            
  | DOUBLE_ARRAY | ELECTRIC_STRENGTH        | NO     | [0.001;0.001;0.001]| [0.001;0.001;0.001]
  | STRING       | ELECTRIC_FIELD           | NO     | NONE               | NONE               
  | STRING       | ALIGN_TWO_ATOMS          | NO     | NONE               | NONE               
  | INT_ARRAY    | TWO_ATOMS                | NO     | [0]                | [0]                



  ## INTS Options ##

  | TYPE         | KEY                      | INPUT? | VALUE              | DEFAULT            
  |--------------|--------------------------|--------|--------------------|--------------------
  | DOUBLE       | BOYS_CUTOFF              | NO     | 1e-15              | 1e-15              
  | DOUBLE       | BOYS_ZERO                | NO     | 1e-06              | 1e-06              
  | DOUBLE       | DELTA_X                  | NO     | 0.1                | 0.1                
  | DOUBLE       | INTEGRAL_CUTOFF          | NO     | 1e-10              | 1e-10              
  | DOUBLE       | X_MAX                    | NO     | 30.0               | 30.0               
  | INT          | BOYS_MAXITER             | NO     | 10000              | 10000              
  | INT          | MAX_AM                   | NO     | 7                  | 7                  
  | INT          | MAX_AM_AUX               | NO     | 7                  | 7                  
  | INT          | PRINT_LEVEL              | NO     | 0                  | 0                  
  | INT          | TAYLOR_ORDER             | NO     | 6                  | 6                  
  | STRING       | 3INDEX_ALGORITHM         | NO     | AUTO               | AUTO               
  | STRING       | BOYS_METHOD              | NO     | GHP                | GHP                
  | STRING       | ERI_ALGORITHM            | NO     | MD4                | MD4                


	Initializing Liboeprop (by U. Bozkaya) ...

	*=================================================================*
	*                  SCF                                            *
	*   Developed by U. Bozkaya & Y. Alagoz                           *
	*   Latest revision Feb 16, 2021                                  *
	*=================================================================*



  ## SCF Options ##

  | TYPE         | KEY                      | INPUT? | VALUE              | DEFAULT            
  |--------------|--------------------------|--------|--------------------|--------------------
  | BOOL         | DIIS_DAMP                | NO     | FALSE              | FALSE              
  | BOOL         | DIE_IF_NOT_CONVERGED     | NO     | TRUE               | TRUE               
  | BOOL         | DO_DF                    | NO     | TRUE               | TRUE               
  | BOOL         | DIIS                     | NO     | TRUE               | TRUE               
  | BOOL         | FOCK_DAMP                | NO     | FALSE              | FALSE              
  | BOOL         | GUESS_MIX                | NO     | FALSE              | FALSE              
  | BOOL         | GUESS_PREVIOUS           | NO     | FALSE              | FALSE              
  | BOOL         | LOCAL                    | NO     | FALSE              | FALSE              
  | BOOL         | RETRY                    | NO     | TRUE               | TRUE               
  | DOUBLE       | CUTOFF                   | NO     | 1e-10              | 1e-10              
  | DOUBLE       | D_CONVERGENCE            | YES    | 1e-06              | 1e-06              
  | DOUBLE       | DAMP_PARAM               | NO     | 0.02               | 0.02               
  | DOUBLE       | E_CONVERGENCE            | YES    | 1e-08              | 1e-08              
  | DOUBLE       | FOCK_DAMP_PERC           | NO     | 20.0               | 20.0               
  | DOUBLE       | MIN_OVERLAP_EIGVAL       | NO     | 1e-06              | 1e-06              
  | DOUBLE       | LOCAL_CONVERGENCE        | NO     | 1e-08              | 1e-08              
  | DOUBLE       | QC_GUESS_E_CONVERGENCE   | NO     | 0.0001             | 0.0001             
  | DOUBLE       | QC_GUESS_D_CONVERGENCE   | NO     | 0.005              | 0.005              
  | INT          | MAX_DIIS                 | NO     | 6                  | 6                  
  | INT          | MIN_DIIS                 | NO     | 2                  | 2                  
  | INT          | PRINT_LEVEL              | NO     | 0                  | 0                  
  | INT          | SCF_MAXITER              | NO     | 50                 | 50                 
  | INT          | LOCAL_MAXITER            | NO     | 50                 | 50                 
  | STRING       | DIIS_ALGORITHM           | NO     | DISK               | DISK               
  | STRING       | GUESS                    | YES    | SAD                | SAD                
  | BOOL         | MO_WRITE                 | NO     | FALSE              | FALSE              
  | BOOL         | FOCK_WRITE               | NO     | FALSE              | FALSE              
  | STRING       | ORTH_TYPE                | NO     | CANONICAL          | CANONICAL          
  | STRING       | ROHF_CANONIC_TYPE        | NO     | GUEST              | GUEST              
  | STRING       | ERI                      | NO     | INCORE             | INCORE             
  | STRING       | SCF_ALGORITHM            | NO     | ROOTHAAN           | ROOTHAAN           
  | STRING       | LOCAL_TYPE               | NO     | BOYS               | BOYS               
  | BOOL         | SAD_FRAC_OCC             | NO     | TRUE               | TRUE               
  | BOOL         | SAD_SPIN_AVERAGE         | NO     | TRUE               | TRUE               
  | DOUBLE       | SAD_E_CONVERGENCE        | NO     | 1e-05              | 1e-05              
  | DOUBLE       | SAD_D_CONVERGENCE        | NO     | 1e-05              | 1e-05              
  | INT          | SAD_MAXITER              | NO     | 50                 | 50                 
  | BOOL         | NIE                      | NO     | FALSE              | FALSE              
  | BOOL         | SAD_DIIS                 | NO     | TRUE               | TRUE               
  | INT          | SAD_MAX_DIIS             | NO     | 6                  | 6                  
  | INT          | SAD_MIN_DIIS             | NO     | 2                  | 2                  
  | INT          | SAD_PRINT                | NO     | 0                  | 0                  
  | STRING       | SAD_AUX_BASIS            | NO     | SAD-FIT            | SAD-FIT            
  | DOUBLE       | SAD_CHOLESKY_TOLERANCE   | NO     | 1e-07              | 1e-07              
  | BOOL         | SOLVATION                | YES    | TRUE               | FALSE              
  | BOOL         | BYPASS                   | NO     | FALSE              | FALSE              
  | STRING       | IAO_TYPE                 | NO     | STANDARD2013       | STANDARD2013       
  | BOOL         | USE_IAOS                 | NO     | FALSE              | FALSE              

	Initializing libdiis ...
	Initializing libmolint 1.1 ...
 CC-PVDZ primary basis set file will be read for the C atom...
 CC-PVDZ primary basis set file will be read for the H atom...
 Nmaxthread: 12 
 Nshell: 78 
 Lmax:  2 
 Npmax:  8 
 Nao: 154 
 Ndocc: 25 
 Nsocc:  0 
 NoccA: 25 
 NoccB: 25 
 Primary basis set info has been read.

 CC-PVDZ-JKFIT aux basis set file will be read for the C atom...
 CC-PVDZ-JKFIT aux basis set file will be read for the H atom...
 Nshell_aux: 270 
 Naux: 742 
 Aux basis set info has been read.

 orth_type: CANONICAL 
 Cpu time for S ints :       0.0300 s
 Wall time for S ints:       0.0313 s

 Using canonical orthogonalization. 
 Minimum eigenvalue in the overlap matrix is:   2.2859E-03 

 Cpu time for T ints :       0.2700 s
 Wall time for T ints:       0.0679 s
 Cpu time for V ints :       1.2000 s
 Wall time for V ints:       0.6142 s
 Cpu time for Metric ints :       1.4200 s
 Wall time for Metric ints:       0.4190 s
 3-Index Algorithm: AUTO 

 Calling fortran integrals: ringing... 
 Done with fintegrals.

 Cpu time for 3-index ints :       7.6500 s
 Wall time for 3-index ints:       2.7900 s
 Cpu time for df-factors :       1.0700 s
 Wall time for df-factors:       0.2912 s


 Puream (True=1, False=0) : 1
 Number of AO             : 154
 Number of MO             : 154
 Number of Aux Functions  : 742
 Charge                   : 0
 Multiplicity             : 1
 Alpha OCC                : 25
 Beta OCC                 : 25
 Nuclear Repulsion Energy : 243.97712852
 Energy Treshold          : 1.0e-08
 Density Treshold         : 1.0e-06
 Iteration Limit          : 50
 Guess                    : SAD
 Guess Mix                : false
 Diis                     : true
 Diis Damping             : false
 Diis Damp Parameter      : 0.02
 Diis Algorithm           : DISK
 Cutoff Treshold          : 1.0e-10
 Density Fitting          : true
 Reference                : RHF
 Die If Not Converged     : true
 Print Level              : 0
 ERI Algorithm            : INCORE
 SCF Algorithm            : ROOTHAAN




  ## SOLVATION Options ##

  | TYPE         | KEY                      | INPUT? | VALUE              | DEFAULT            
  |--------------|--------------------------|--------|--------------------|--------------------
  | INT          | NUM_Z_POINTS             | NO     | 90                 | 90                 
  | INT          | NUM_ANG_POINTS           | YES    | 100                | 100                
  | STRING       | SASA_TYPE                | YES    | NUMERIC            | NUMERIC            
  | STRING       | CHARGE_TYPE              | YES    | IAO_MULLIKEN       | IAO_MULLIKEN       
  | STRING       | CDS_TYPE                 | YES    | SMD                | SMD                
  | STRING       | SOLVENT                  | YES    | WATER              | WATER              
  | STRING       | SOLVENT_PARAMS           | YES    | MN21               | SM8                
  | STRING       | DIELECTRIC_PARAMS        | YES    | MN21               | MN21               
  | STRING       | COULOMB_RADII            | YES    | SMD                | SMD                
  | DOUBLE       | COVALENT_VW_CONST        | NO     | 0.76               | 0.76               
  | DOUBLE       | SOLVENT_RADIUS           | NO     | 0.4                | 0.4                
  | STRING       | RADIUS_TYPE              | YES    | SMD                | SMD                
  | DOUBLE       | GB_DIJ                   | NO     | 3.7                | 3.7                
  | DOUBLE       | GB_SIJ                   | NO     | 0.75               | 0.75               
  | DOUBLE       | GB_CIJ                   | NO     | 0.0                | 0.0                
  | DOUBLE       | F_PWSASA                 | NO     | 0.4535             | 0.4535             
  | DOUBLE       | SCALE_VDW                | NO     | 1.0                | 1.0                
  | DOUBLE       | SCALE_CR                 | NO     | 1.0                | 1.0                



 Sasa Type                  : NUMERIC 
 Charge Type                : IAO_MULLIKEN 
 CDS Type                   : SMD 
 Radius Type                : SMD 
 Solvent                    : WATER 
 Solvent Parameters         : MN21 
 Dielectric Parameters      : MN21 
 Coulomb Radii Parameters   : SMD 
 GB d_ij parameter          : 3.7000000000 
 GB S_ij parameter          : 0.7500000000 
 GB C_ij parameter          : 0.0000000000 
 Sclae_vdw parameter        : 1.0000000000 
 Number of z-points         : 90 
 Number of angular points   : 100 
 Number of SASA grid points : 17902 
 Solvent Dielectric Constant: 78.3553000000 

 VDW Radii:
	  1 C :       1.7000  ang
	  2 C :       1.7000  ang
	  3 C :       1.7000  ang
	  4 C :       1.7000  ang
	  5 C :       1.7000  ang
	  6 C :       1.7000  ang
	  7 H :       1.2000  ang
	  8 H :       1.2000  ang
	  9 H :       1.2000  ang
	 10 H :       1.2000  ang
	 11 H :       1.2000  ang
	 12 H :       1.2000  ang
	 13 H :       1.2000  ang
	 14 H :       1.2000  ang
	 15 H :       1.2000  ang
	 16 H :       1.2000  ang
	 17 H :       1.2000  ang
	 18 H :       1.2000  ang
	 19 H :       1.2000  ang
	 20 H :       1.2000  ang

	 Computing SASA... 

 Atomic SASA values:
	  1 C :       2.7427  ang^2
	  2 C :       2.7334  ang^2
	  3 C :       3.5940  ang^2
	  4 C :       3.6126  ang^2
	  5 C :       9.0732  ang^2
	  6 C :       9.0763  ang^2
	  7 H :      10.9401  ang^2
	  8 H :      10.9527  ang^2
	  9 H :      10.9527  ang^2
	 10 H :      10.9365  ang^2
	 11 H :      11.7218  ang^2
	 12 H :      11.7075  ang^2
	 13 H :      11.7326  ang^2
	 14 H :      11.7075  ang^2
	 15 H :      12.1747  ang^2
	 16 H :      12.9959  ang^2
	 17 H :      12.1531  ang^2
	 18 H :      12.1747  ang^2
	 19 H :      12.1657  ang^2
	 20 H :      12.9941  ang^2

	*Total SASA (angs^2): 196.1420223517 


 Coulomb Radii:
	  1 C :       1.8500  ang
	  2 C :       1.8500  ang
	  3 C :       1.8500  ang
	  4 C :       1.8500  ang
	  5 C :       1.8500  ang
	  6 C :       1.8500  ang
	  7 H :       1.2000  ang
	  8 H :       1.2000  ang
	  9 H :       1.2000  ang
	 10 H :       1.2000  ang
	 11 H :       1.2000  ang
	 12 H :       1.2000  ang
	 13 H :       1.2000  ang
	 14 H :       1.2000  ang
	 15 H :       1.2000  ang
	 16 H :       1.2000  ang
	 17 H :       1.2000  ang
	 18 H :       1.2000  ang
	 19 H :       1.2000  ang
	 20 H :       1.2000  ang
 Solvent Alpha                       : 1.1700000000 

 ## Effective Born Radius (bohr) ##
   0   4.5989243948 
   1   4.5989250328 
   2   4.3895094561 
   3   4.3895089159 
   4   4.0267811119 
   5   4.0267814086 
   6   3.6310821060 
   7   3.6292216862 
   8   3.6291203210 
   9   3.6311796556 
  10   3.4799695321 
  11   3.4797747418 
  12   3.4796794372 
  13   3.4800646095 
  14   3.1985218039 
  15   3.1102126534 
  16   3.1982169746 
  17   3.1981652133 
  18   3.1985766369 
  19   3.1102127705 

 Effective Born Radii:
	  1 C :       2.4336  ang
	  2 C :       2.4336  ang
	  3 C :       2.3228  ang
	  4 C :       2.3228  ang
	  5 C :       2.1309  ang
	  6 C :       2.1309  ang
	  7 H :       1.9215  ang
	  8 H :       1.9205  ang
	  9 H :       1.9204  ang
	 10 H :       1.9215  ang
	 11 H :       1.8415  ang
	 12 H :       1.8414  ang
	 13 H :       1.8414  ang
	 14 H :       1.8416  ang
	 15 H :       1.6926  ang
	 16 H :       1.6459  ang
	 17 H :       1.6924  ang
	 18 H :       1.6924  ang
	 19 H :       1.6926  ang
	 20 H :       1.6459  ang


 Coulomb Integrals:
	  1  1 :       0.2174  bohr^-1
	  1  2 :       0.1912  bohr^-1
	  1  3 :       0.1946  bohr^-1
	  1  4 :       0.1619  bohr^-1
	  1  5 :       0.1656  bohr^-1
	  1  6 :       0.1257  bohr^-1
	  1  7 :       0.2244  bohr^-1
	  1  8 :       0.2244  bohr^-1
	  1  9 :       0.1846  bohr^-1
	  1 10 :       0.1846  bohr^-1
	  1 11 :       0.1868  bohr^-1
	  1 12 :       0.1868  bohr^-1
	  1 13 :       0.1629  bohr^-1
	  1 14 :       0.1628  bohr^-1
	  1 15 :       0.1641  bohr^-1
	  1 16 :       0.1413  bohr^-1
	  1 17 :       0.1640  bohr^-1
	  1 18 :       0.1204  bohr^-1
	  1 19 :       0.1205  bohr^-1
	  1 20 :       0.1097  bohr^-1
	  2  1 :       0.1912  bohr^-1
	  2  2 :       0.2174  bohr^-1
	  2  3 :       0.1619  bohr^-1
	  2  4 :       0.1946  bohr^-1
	  2  5 :       0.1257  bohr^-1
	  2  6 :       0.1656  bohr^-1
	  2  7 :       0.1846  bohr^-1
	  2  8 :       0.1846  bohr^-1
	  2  9 :       0.2244  bohr^-1
	  2 10 :       0.2244  bohr^-1
	  2 11 :       0.1629  bohr^-1
	  2 12 :       0.1628  bohr^-1
	  2 13 :       0.1868  bohr^-1
	  2 14 :       0.1868  bohr^-1
	  2 15 :       0.1204  bohr^-1
	  2 16 :       0.1097  bohr^-1
	  2 17 :       0.1205  bohr^-1
	  2 18 :       0.1640  bohr^-1
	  2 19 :       0.1641  bohr^-1
	  2 20 :       0.1413  bohr^-1
	  3  1 :       0.1946  bohr^-1
	  3  2 :       0.1619  bohr^-1
	  3  3 :       0.2278  bohr^-1
	  3  4 :       0.1249  bohr^-1
	  3  5 :       0.2046  bohr^-1
	  3  6 :       0.1012  bohr^-1
	  3  7 :       0.1870  bohr^-1
	  3  8 :       0.1870  bohr^-1
	  3  9 :       0.1628  bohr^-1
	  3 10 :       0.1631  bohr^-1
	  3 11 :       0.2329  bohr^-1
	  3 12 :       0.2329  bohr^-1
	  3 13 :       0.1209  bohr^-1
	  3 14 :       0.1210  bohr^-1
	  3 15 :       0.1923  bohr^-1
	  3 16 :       0.1935  bohr^-1
	  3 17 :       0.1923  bohr^-1
	  3 18 :       0.0993  bohr^-1
	  3 19 :       0.0993  bohr^-1
	  3 20 :       0.0873  bohr^-1
	  4  1 :       0.1619  bohr^-1
	  4  2 :       0.1946  bohr^-1
	  4  3 :       0.1249  bohr^-1
	  4  4 :       0.2278  bohr^-1
	  4  5 :       0.1012  bohr^-1
	  4  6 :       0.2046  bohr^-1
	  4  7 :       0.1631  bohr^-1
	  4  8 :       0.1628  bohr^-1
	  4  9 :       0.1870  bohr^-1
	  4 10 :       0.1870  bohr^-1
	  4 11 :       0.1209  bohr^-1
	  4 12 :       0.1210  bohr^-1
	  4 13 :       0.2329  bohr^-1
	  4 14 :       0.2329  bohr^-1
	  4 15 :       0.0993  bohr^-1
	  4 16 :       0.0873  bohr^-1
	  4 17 :       0.0992  bohr^-1
	  4 18 :       0.1923  bohr^-1
	  4 19 :       0.1923  bohr^-1
	  4 20 :       0.1935  bohr^-1
	  5  1 :       0.1656  bohr^-1
	  5  2 :       0.1257  bohr^-1
	  5  3 :       0.2046  bohr^-1
	  5  4 :       0.1012  bohr^-1
	  5  5 :       0.2483  bohr^-1
	  5  6 :       0.0817  bohr^-1
	  5  7 :       0.1659  bohr^-1
	  5  8 :       0.1661  bohr^-1
	  5  9 :       0.1214  bohr^-1
	  5 10 :       0.1214  bohr^-1
	  5 11 :       0.1933  bohr^-1
	  5 12 :       0.1933  bohr^-1
	  5 13 :       0.1001  bohr^-1
	  5 14 :       0.1001  bohr^-1
	  5 15 :       0.2497  bohr^-1
	  5 16 :       0.2526  bohr^-1
	  5 17 :       0.2497  bohr^-1
	  5 18 :       0.0793  bohr^-1
	  5 19 :       0.0793  bohr^-1
	  5 20 :       0.0726  bohr^-1
	  6  1 :       0.1257  bohr^-1
	  6  2 :       0.1656  bohr^-1
	  6  3 :       0.1012  bohr^-1
	  6  4 :       0.2046  bohr^-1
	  6  5 :       0.0817  bohr^-1
	  6  6 :       0.2483  bohr^-1
	  6  7 :       0.1214  bohr^-1
	  6  8 :       0.1213  bohr^-1
	  6  9 :       0.1660  bohr^-1
	  6 10 :       0.1660  bohr^-1
	  6 11 :       0.1001  bohr^-1
	  6 12 :       0.1001  bohr^-1
	  6 13 :       0.1933  bohr^-1
	  6 14 :       0.1933  bohr^-1
	  6 15 :       0.0793  bohr^-1
	  6 16 :       0.0726  bohr^-1
	  6 17 :       0.0793  bohr^-1
	  6 18 :       0.2497  bohr^-1
	  6 19 :       0.2497  bohr^-1
	  6 20 :       0.2526  bohr^-1
	  7  1 :       0.2244  bohr^-1
	  7  2 :       0.1846  bohr^-1
	  7  3 :       0.1870  bohr^-1
	  7  4 :       0.1631  bohr^-1
	  7  5 :       0.1659  bohr^-1
	  7  6 :       0.1214  bohr^-1
	  7  7 :       0.2754  bohr^-1
	  7  8 :       0.2159  bohr^-1
	  7  9 :       0.1581  bohr^-1
	  7 10 :       0.1801  bohr^-1
	  7 11 :       0.1591  bohr^-1
	  7 12 :       0.1820  bohr^-1
	  7 13 :       0.1576  bohr^-1
	  7 14 :       0.1795  bohr^-1
	  7 15 :       0.1803  bohr^-1
	  7 16 :       0.1357  bohr^-1
	  7 17 :       0.1575  bohr^-1
	  7 18 :       0.1174  bohr^-1
	  7 19 :       0.1098  bohr^-1
	  7 20 :       0.1074  bohr^-1
	  8  1 :       0.2244  bohr^-1
	  8  2 :       0.1846  bohr^-1
	  8  3 :       0.1870  bohr^-1
	  8  4 :       0.1628  bohr^-1
	  8  5 :       0.1661  bohr^-1
	  8  6 :       0.1213  bohr^-1
	  8  7 :       0.2159  bohr^-1
	  8  8 :       0.2755  bohr^-1
	  8  9 :       0.1805  bohr^-1
	  8 10 :       0.1581  bohr^-1
	  8 11 :       0.1818  bohr^-1
	  8 12 :       0.1591  bohr^-1
	  8 13 :       0.1792  bohr^-1
	  8 14 :       0.1570  bohr^-1
	  8 15 :       0.1578  bohr^-1
	  8 16 :       0.1357  bohr^-1
	  8 17 :       0.1804  bohr^-1
	  8 18 :       0.1097  bohr^-1
	  8 19 :       0.1174  bohr^-1
	  8 20 :       0.1072  bohr^-1
	  9  1 :       0.1846  bohr^-1
	  9  2 :       0.2244  bohr^-1
	  9  3 :       0.1628  bohr^-1
	  9  4 :       0.1870  bohr^-1
	  9  5 :       0.1214  bohr^-1
	  9  6 :       0.1660  bohr^-1
	  9  7 :       0.1581  bohr^-1
	  9  8 :       0.1805  bohr^-1
	  9  9 :       0.2755  bohr^-1
	  9 10 :       0.2159  bohr^-1
	  9 11 :       0.1792  bohr^-1
	  9 12 :       0.1569  bohr^-1
	  9 13 :       0.1818  bohr^-1
	  9 14 :       0.1591  bohr^-1
	  9 15 :       0.1097  bohr^-1
	  9 16 :       0.1072  bohr^-1
	  9 17 :       0.1175  bohr^-1
	  9 18 :       0.1577  bohr^-1
	  9 19 :       0.1805  bohr^-1
	  9 20 :       0.1357  bohr^-1
	 10  1 :       0.1846  bohr^-1
	 10  2 :       0.2244  bohr^-1
	 10  3 :       0.1631  bohr^-1
	 10  4 :       0.1870  bohr^-1
	 10  5 :       0.1214  bohr^-1
	 10  6 :       0.1660  bohr^-1
	 10  7 :       0.1801  bohr^-1
	 10  8 :       0.1581  bohr^-1
	 10  9 :       0.2159  bohr^-1
	 10 10 :       0.2754  bohr^-1
	 10 11 :       0.1577  bohr^-1
	 10 12 :       0.1795  bohr^-1
	 10 13 :       0.1591  bohr^-1
	 10 14 :       0.1819  bohr^-1
	 10 15 :       0.1174  bohr^-1
	 10 16 :       0.1074  bohr^-1
	 10 17 :       0.1098  bohr^-1
	 10 18 :       0.1803  bohr^-1
	 10 19 :       0.1576  bohr^-1
	 10 20 :       0.1357  bohr^-1
	 11  1 :       0.1868  bohr^-1
	 11  2 :       0.1629  bohr^-1
	 11  3 :       0.2329  bohr^-1
	 11  4 :       0.1209  bohr^-1
	 11  5 :       0.1933  bohr^-1
	 11  6 :       0.1001  bohr^-1
	 11  7 :       0.1591  bohr^-1
	 11  8 :       0.1818  bohr^-1
	 11  9 :       0.1792  bohr^-1
	 11 10 :       0.1577  bohr^-1
	 11 11 :       0.2874  bohr^-1
	 11 12 :       0.2214  bohr^-1
	 11 13 :       0.1178  bohr^-1
	 11 14 :       0.1103  bohr^-1
	 11 15 :       0.1610  bohr^-1
	 11 16 :       0.1874  bohr^-1
	 11 17 :       0.1854  bohr^-1
	 11 18 :       0.0968  bohr^-1
	 11 19 :       0.1019  bohr^-1
	 11 20 :       0.0852  bohr^-1
	 12  1 :       0.1868  bohr^-1
	 12  2 :       0.1628  bohr^-1
	 12  3 :       0.2329  bohr^-1
	 12  4 :       0.1210  bohr^-1
	 12  5 :       0.1933  bohr^-1
	 12  6 :       0.1001  bohr^-1
	 12  7 :       0.1820  bohr^-1
	 12  8 :       0.1591  bohr^-1
	 12  9 :       0.1569  bohr^-1
	 12 10 :       0.1795  bohr^-1
	 12 11 :       0.2214  bohr^-1
	 12 12 :       0.2874  bohr^-1
	 12 13 :       0.1103  bohr^-1
	 12 14 :       0.1182  bohr^-1
	 12 15 :       0.1854  bohr^-1
	 12 16 :       0.1875  bohr^-1
	 12 17 :       0.1610  bohr^-1
	 12 18 :       0.1020  bohr^-1
	 12 19 :       0.0966  bohr^-1
	 12 20 :       0.0852  bohr^-1
	 13  1 :       0.1629  bohr^-1
	 13  2 :       0.1868  bohr^-1
	 13  3 :       0.1209  bohr^-1
	 13  4 :       0.2329  bohr^-1
	 13  5 :       0.1001  bohr^-1
	 13  6 :       0.1933  bohr^-1
	 13  7 :       0.1576  bohr^-1
	 13  8 :       0.1792  bohr^-1
	 13  9 :       0.1818  bohr^-1
	 13 10 :       0.1591  bohr^-1
	 13 11 :       0.1178  bohr^-1
	 13 12 :       0.1103  bohr^-1
	 13 13 :       0.2874  bohr^-1
	 13 14 :       0.2214  bohr^-1
	 13 15 :       0.0968  bohr^-1
	 13 16 :       0.0852  bohr^-1
	 13 17 :       0.1019  bohr^-1
	 13 18 :       0.1610  bohr^-1
	 13 19 :       0.1853  bohr^-1
	 13 20 :       0.1875  bohr^-1
	 14  1 :       0.1628  bohr^-1
	 14  2 :       0.1868  bohr^-1
	 14  3 :       0.1210  bohr^-1
	 14  4 :       0.2329  bohr^-1
	 14  5 :       0.1001  bohr^-1
	 14  6 :       0.1933  bohr^-1
	 14  7 :       0.1795  bohr^-1
	 14  8 :       0.1570  bohr^-1
	 14  9 :       0.1591  bohr^-1
	 14 10 :       0.1819  bohr^-1
	 14 11 :       0.1103  bohr^-1
	 14 12 :       0.1182  bohr^-1
	 14 13 :       0.2214  bohr^-1
	 14 14 :       0.2874  bohr^-1
	 14 15 :       0.1020  bohr^-1
	 14 16 :       0.0852  bohr^-1
	 14 17 :       0.0966  bohr^-1
	 14 18 :       0.1854  bohr^-1
	 14 19 :       0.1610  bohr^-1
	 14 20 :       0.1874  bohr^-1
	 15  1 :       0.1641  bohr^-1
	 15  2 :       0.1204  bohr^-1
	 15  3 :       0.1923  bohr^-1
	 15  4 :       0.0993  bohr^-1
	 15  5 :       0.2497  bohr^-1
	 15  6 :       0.0793  bohr^-1
	 15  7 :       0.1803  bohr^-1
	 15  8 :       0.1578  bohr^-1
	 15  9 :       0.1097  bohr^-1
	 15 10 :       0.1174  bohr^-1
	 15 11 :       0.1610  bohr^-1
	 15 12 :       0.1854  bohr^-1
	 15 13 :       0.0968  bohr^-1
	 15 14 :       0.1020  bohr^-1
	 15 15 :       0.3126  bohr^-1
	 15 16 :       0.2328  bohr^-1
	 15 17 :       0.2312  bohr^-1
	 15 18 :       0.0775  bohr^-1
	 15 19 :       0.0751  bohr^-1
	 15 20 :       0.0712  bohr^-1
	 16  1 :       0.1413  bohr^-1
	 16  2 :       0.1097  bohr^-1
	 16  3 :       0.1935  bohr^-1
	 16  4 :       0.0873  bohr^-1
	 16  5 :       0.2526  bohr^-1
	 16  6 :       0.0726  bohr^-1
	 16  7 :       0.1357  bohr^-1
	 16  8 :       0.1357  bohr^-1
	 16  9 :       0.1072  bohr^-1
	 16 10 :       0.1074  bohr^-1
	 16 11 :       0.1874  bohr^-1
	 16 12 :       0.1875  bohr^-1
	 16 13 :       0.0852  bohr^-1
	 16 14 :       0.0852  bohr^-1
	 16 15 :       0.2328  bohr^-1
	 16 16 :       0.3215  bohr^-1
	 16 17 :       0.2328  bohr^-1
	 16 18 :       0.0712  bohr^-1
	 16 19 :       0.0712  bohr^-1
	 16 20 :       0.0646  bohr^-1
	 17  1 :       0.1640  bohr^-1
	 17  2 :       0.1205  bohr^-1
	 17  3 :       0.1923  bohr^-1
	 17  4 :       0.0992  bohr^-1
	 17  5 :       0.2497  bohr^-1
	 17  6 :       0.0793  bohr^-1
	 17  7 :       0.1575  bohr^-1
	 17  8 :       0.1804  bohr^-1
	 17  9 :       0.1175  bohr^-1
	 17 10 :       0.1098  bohr^-1
	 17 11 :       0.1854  bohr^-1
	 17 12 :       0.1610  bohr^-1
	 17 13 :       0.1019  bohr^-1
	 17 14 :       0.0966  bohr^-1
	 17 15 :       0.2312  bohr^-1
	 17 16 :       0.2328  bohr^-1
	 17 17 :       0.3127  bohr^-1
	 17 18 :       0.0751  bohr^-1
	 17 19 :       0.0775  bohr^-1
	 17 20 :       0.0712  bohr^-1
	 18  1 :       0.1204  bohr^-1
	 18  2 :       0.1640  bohr^-1
	 18  3 :       0.0993  bohr^-1
	 18  4 :       0.1923  bohr^-1
	 18  5 :       0.0793  bohr^-1
	 18  6 :       0.2497  bohr^-1
	 18  7 :       0.1174  bohr^-1
	 18  8 :       0.1097  bohr^-1
	 18  9 :       0.1577  bohr^-1
	 18 10 :       0.1803  bohr^-1
	 18 11 :       0.0968  bohr^-1
	 18 12 :       0.1020  bohr^-1
	 18 13 :       0.1610  bohr^-1
	 18 14 :       0.1854  bohr^-1
	 18 15 :       0.0775  bohr^-1
	 18 16 :       0.0712  bohr^-1
	 18 17 :       0.0751  bohr^-1
	 18 18 :       0.3127  bohr^-1
	 18 19 :       0.2312  bohr^-1
	 18 20 :       0.2328  bohr^-1
	 19  1 :       0.1205  bohr^-1
	 19  2 :       0.1641  bohr^-1
	 19  3 :       0.0993  bohr^-1
	 19  4 :       0.1923  bohr^-1
	 19  5 :       0.0793  bohr^-1
	 19  6 :       0.2497  bohr^-1
	 19  7 :       0.1098  bohr^-1
	 19  8 :       0.1174  bohr^-1
	 19  9 :       0.1805  bohr^-1
	 19 10 :       0.1576  bohr^-1
	 19 11 :       0.1019  bohr^-1
	 19 12 :       0.0966  bohr^-1
	 19 13 :       0.1853  bohr^-1
	 19 14 :       0.1610  bohr^-1
	 19 15 :       0.0751  bohr^-1
	 19 16 :       0.0712  bohr^-1
	 19 17 :       0.0775  bohr^-1
	 19 18 :       0.2312  bohr^-1
	 19 19 :       0.3126  bohr^-1
	 19 20 :       0.2328  bohr^-1
	 20  1 :       0.1097  bohr^-1
	 20  2 :       0.1413  bohr^-1
	 20  3 :       0.0873  bohr^-1
	 20  4 :       0.1935  bohr^-1
	 20  5 :       0.0726  bohr^-1
	 20  6 :       0.2526  bohr^-1
	 20  7 :       0.1074  bohr^-1
	 20  8 :       0.1072  bohr^-1
	 20  9 :       0.1357  bohr^-1
	 20 10 :       0.1357  bohr^-1
	 20 11 :       0.0852  bohr^-1
	 20 12 :       0.0852  bohr^-1
	 20 13 :       0.1875  bohr^-1
	 20 14 :       0.1874  bohr^-1
	 20 15 :       0.0712  bohr^-1
	 20 16 :       0.0646  bohr^-1
	 20 17 :       0.0712  bohr^-1
	 20 18 :       0.2328  bohr^-1
	 20 19 :       0.2328  bohr^-1
	 20 20 :       0.3215  bohr^-1
    ===> SCF Iteration Started <===

     Iter. |                   Energy |       Delta E |          Drms |
    -------|--------------------------|---------------|---------------|
         1 |      -234.67827667226837 |    -2.347e+02 |     1.139e-02 |
         2 |      -235.18648395946448 |    -5.082e-01 |     2.492e-03 | DIIS
         3 |      -235.35794932954136 |    -1.715e-01 |     5.891e-04 | DIIS
         4 |      -235.38298415871756 |    -2.503e-02 |     4.006e-04 | DIIS
         5 |      -235.38475582988937 |    -1.772e-03 |     3.438e-05 | DIIS
         6 |      -235.38477192109647 |    -1.609e-05 |     7.215e-06 | DIIS
         7 |      -235.38477354453229 |    -1.623e-06 |     3.264e-06 | DIIS
         8 |      -235.38477403939558 |    -4.949e-07 |     7.905e-07 | DIIS
         9 |      -235.38477405938008 |    -1.998e-08 |     1.616e-07 | DIIS
        10 |      -235.38477406330500 |    -3.925e-09 |     8.041e-08 | DIIS


	-Alpha Occupied Orbital Energies (au):  
	 1: -11.1871389601 	 2: -11.1869741760 	 3: -11.1849273908 	 4: -11.1843342885 	 5: -11.1833669721 
	 6: -11.1827410217 	 7: -1.0522225373 	 8: -1.0038122338 	 9: -0.9290046705 	10: -0.8397119460 
	11: -0.7657458496 	12: -0.7516038785 	13: -0.6163772490 	14: -0.5753128551 	15: -0.5606339336 
	16: -0.5436510525 	17: -0.5190860009 	18: -0.4948168017 	19: -0.4920427080 	20: -0.4658028218 
	21: -0.4466107264 	22: -0.4328424723 	23: -0.4249175168 	24: -0.4236916534 	25: -0.4069902574 

	-Alpha Virtual Orbital Energies (au):  
	26: 0.2026471811 	27: 0.2112777870 	28: 0.2273490371 	29: 0.2291890658 	30: 0.2425774909 
	31: 0.2708017606 	32: 0.2710351599 	33: 0.2842473208 	34: 0.2954211221 	35: 0.3020736488 
	36: 0.3125304413 	37: 0.3184171597 	38: 0.3400938803 	39: 0.3423876654 	40: 0.3923156670 
	41: 0.4022832122 	42: 0.4323438492 	43: 0.4360456363 	44: 0.4777973598 	45: 0.5740673124 
	46: 0.6014611293 	47: 0.6026083244 	48: 0.6100539385 	49: 0.6194335044 	50: 0.6305015912 
	51: 0.6870018488 	52: 0.6889662727 	53: 0.7448051609 	54: 0.7661609808 	55: 0.8482341144 
	56: 0.8624871479 	57: 0.8910026187 	58: 0.8911556688 	59: 0.8954359687 	60: 0.9014652459 
	61: 0.9108458102 	62: 0.9135349479 	63: 0.9139214381 	64: 0.9184395842 	65: 0.9192297077 
	66: 0.9249246180 	67: 0.9284879455 	68: 0.9348988418 	69: 0.9408645630 	70: 0.9533207209 
	71: 0.9631360972 	72: 0.9727104210 	73: 0.9885547771 	74: 1.0053463461 	75: 1.0304077826 
	76: 1.0426440045 	77: 1.1319694645 	78: 1.1335145678 	79: 1.1658527601 	80: 1.2790719862 
	81: 1.3784716735 	82: 1.4580211458 	83: 1.4600560706 	84: 1.4680486593 	85: 1.4690138565 
	86: 1.4838391608 	87: 1.4859711080 	88: 1.4867556249 	89: 1.5705394065 	90: 1.5797086656 
	91: 1.6529430573 	92: 1.6914144674 	93: 1.6991549989 	94: 1.7001917930 	95: 1.7302503096 
	96: 1.8414439100 	97: 1.8734361435 	98: 1.8991200264 	99: 1.9040589810 	100: 1.9063698332 
	101: 1.9185158026 	102: 1.9190427824 	103: 1.9223281231 	104: 1.9398835399 	105: 1.9508148255 
	106: 1.9514040790 	107: 1.9632299521 	108: 1.9710250047 	109: 1.9719588049 	110: 2.0016663519 
	111: 2.0117979934 	112: 2.0148019591 	113: 2.0292647648 	114: 2.0305079559 	115: 2.0396201108 
	116: 2.0450645642 	117: 2.0619006394 	118: 2.0867365394 	119: 2.1026474671 	120: 2.1165308174 
	121: 2.1324571862 	122: 2.1650263173 	123: 2.2582830643 	124: 2.2833607155 	125: 2.3049464778 
	126: 2.3264710761 	127: 2.3637187797 	128: 2.3754159536 	129: 2.4325259646 	130: 2.4574474130 
	131: 2.4977547016 	132: 2.5325903559 	133: 2.5406357030 	134: 2.5449802075 	135: 2.6007949833 
	136: 2.6073924953 	137: 2.6095606331 	138: 2.6569909324 	139: 2.6698916752 	140: 2.6730880800 
	141: 2.7256184465 	142: 2.7710192649 	143: 2.7831189357 	144: 2.7999472379 	145: 2.8148902813 
	146: 2.8288214542 	147: 2.9051385318 	148: 2.9123404745 	149: 2.9439140882 	150: 2.9569700568 
	151: 3.0050825986 	152: 3.0175178858 	153: 3.1265456357 	154: 3.1332449418 


	-Mulliken Population Analysis for SCF:
	 1: -0.0566702967 	 2: -0.0565768031 	 3: -0.0821296361 	 4: -0.0811154458 	 5: -0.0176102623 
	 6: -0.0206379201 	 7: 0.0191558513 	 8: 0.0192128778 	 9: 0.0192611031 	10: 0.0191598547 
	11: 0.0209601563 	12: 0.0210132113 	13: 0.0210095189 	14: 0.0210308917 	15: 0.0247528505 
	16: 0.0264915857 	17: 0.0247951037 	18: 0.0250882497 	19: 0.0250492597 	20: 0.0277598497 


	-Lowdin Population Analysis for SCF:  
	 1: -0.0329358391 	 2: -0.0329031344 	 3: -0.0376228162 	 4: -0.0372588178 	 5: -0.0493177127 
	 6: -0.0504344335 	 7: 0.0150341220 	 8: 0.0150384177 	 9: 0.0150606239 	10: 0.0150515723 
	11: 0.0162290666 	12: 0.0162357038 	13: 0.0162634661 	14: 0.0162530821 	15: 0.0184244076 
	16: 0.0204968629 	17: 0.0184209159 	18: 0.0184919673 	19: 0.0184799619 	20: 0.0209925836 


	-Electronic Dipole Moment: (e a0)  
	 X:  -0.00019   Y:  0.00163   Z:  0.00048   Total:  0.00171 

	-Electronic Dipole Moment: (D)  
	 X:  -0.00048   Y:  0.00413   Z:  0.00122   Total:  0.00434 

	-Total Dipole Moment: (e a0)  
	 X:  -0.00020   Y:  0.00161   Z:  0.00019   Total:  0.00163 

	-Total Dipole Moment: (D)  
	 X:  -0.00050   Y:  0.00408   Z:  0.00049   Total:  0.00414 



	Initializing Liboeprop (by U. Bozkaya) ...


	-Mulliken Population Analysis for SCF-IAO:
	 1: -0.2021152265 	 2: -0.2020696237 	 3: -0.1990006128 	 4: -0.1984165836 	 5: -0.3530930268 
	 6: -0.3549599665 	 7: 0.1004315926 	 8: 0.1004945597 	 9: 0.1005387308 	10: 0.1004479235 
	11: 0.1044010245 	12: 0.1044210217 	13: 0.1044333743 	14: 0.1044591947 	15: 0.1131563509 
	16: 0.1181999871 	17: 0.1131651021 	18: 0.1133278569 	19: 0.1133017222 	20: 0.1190186801 


	-Lowdin Population Analysis for SCF-IAO:  
	 1: -0.2021152265 	 2: -0.2020696237 	 3: -0.1990006128 	 4: -0.1984165836 	 5: -0.3530930268 
	 6: -0.3549599665 	 7: 0.1004315926 	 8: 0.1004945597 	 9: 0.1005387308 	10: 0.1004479235 
	11: 0.1044010245 	12: 0.1044210217 	13: 0.1044333743 	14: 0.1044591947 	15: 0.1131563509 
	16: 0.1181999871 	17: 0.1131651021 	18: 0.1133278569 	19: 0.1133017222 	20: 0.1190186801 


	Initializing Liblocal (by U. Bozkaya) ...
  ==> Pipek-Mezey Localizer <==

    Convergence =   1.000E-08
    Maxiter     =          50

    Iteration                   Metric       Residual
    PM    0   1.1122869243978551E+01              -
    PM    1   2.6812238416502908E+01   1.410551E+00
    PM    2   3.3433752421656813E+01   2.469586E-01
    PM    3   3.3746873422607621E+01   9.365416E-03
    PM    4   3.3751622111483123E+01   1.407149E-04
    PM    5   3.3751674239690530E+01   1.544465E-06
    PM    6   3.3751675060140407E+01   2.430842E-08
    PM    7   3.3751675072378681E+01   3.625975E-10

    PM Localizer converged.



	*Molecular contr. to CDS energy:       0.0000  kcal/mol
	*Total CDS energy:       3.3477  kcal/mol
	*SCF::Polarization Free Energy (au)      : -0.0008413606 
	*SCF::Polarization Free Energy (kcal/mol):      -0.5280 
	*SCF::CDS Free Energy (au)      : 0.0053348704 
	*SCF::CDS Free Energy (kcal/mol):       3.3477 
	*SCF::Total Solvation Free Energy (au)      : 0.0044935098 
	*SCF::Total Solvation Free Energy (kcal/mol):       2.8197 
 CC-PVDZ primary basis set file will be read for the C atom...
 CC-PVDZ primary basis set file will be read for the H atom...
 Nmaxthread: 12 
 Nshell: 78 
 Lmax:  2 
 Npmax:  8 
 Nao: 154 
 Ndocc: 25 
 Nsocc:  0 
 NoccA: 25 
 NoccB: 25 
 Primary basis set info has been read.

 CC-PVDZ-JKFIT aux basis set file will be read for the C atom...
 CC-PVDZ-JKFIT aux basis set file will be read for the H atom...
 Nshell_aux: 270 
 Naux: 742 
 Aux basis set info has been read.


	*Total SCF Energy: -235.38477406330500

 Cpu time for SCF :       1.3017 minutes
 Wall time for SCF:       0.5338 minutes


	MO spaces... 

	 FC   OCC   VIR   FV 
	----------------------
	  6   19   129    0


	Libtrans is initialized (by U. Bozkaya) ...

 ============================================================================== 
 ============================================================================== 
 ============================================================================== 

                       DF-MP2   
              Program Written by Ugur Bozkaya
              Latest Revision May 2, 2021

 ============================================================================== 
 ============================================================================== 
 ============================================================================== 

	For this residual convergence, default PCG convergence is:     1.00e-07
    Warning: "PCG_CONVERGENCE" option is changed to     1.00e-07


  ## DFOCC Options ##

  | TYPE         | KEY                      | INPUT? | VALUE              | DEFAULT            
  |--------------|--------------------------|--------|--------------------|--------------------
  | BOOL         | EOM                      | NO     | FALSE              | FALSE              
  | BOOL         | EOM_MP2                  | NO     | FALSE              | FALSE              
  | BOOL         | EOM_MP3                  | NO     | FALSE              | FALSE              
  | BOOL         | EOM_MP2_5                | NO     | FALSE              | FALSE              
  | BOOL         | EOM_LCCD                 | NO     | FALSE              | FALSE              
  | BOOL         | LOW_MEM_MP2              | NO     | FALSE              | FALSE              
  | BOOL         | LOW_MEM_MP3              | NO     | FALSE              | FALSE              
  | BOOL         | CD_PRESCREEN             | NO     | FALSE              | FALSE              
  | DOUBLE       | CIS_E_CONV               | NO     | 1e-06              | 1e-06              
  | DOUBLE       | CIS_R_CONV               | NO     | 1e-06              | 1e-06              
  | DOUBLE       | CIS_RES_PRECONDITION_TOL | NO     | 0.0001             | 0.0001             
  | DOUBLE       | DAVIDSON_TOLERANCE       | NO     | 1e-06              | 1e-06              
  | DOUBLE       | E3_SCALE                 | NO     | 0.25               | 0.25               
  | DOUBLE       | E_CONVERGENCE            | NO     | 1e-06              | 1e-06              
  | DOUBLE       | JK_MEMORY                | NO     | 1000000000.0       | 1000000000.0       
  | DOUBLE       | LEVEL_SHIFT              | NO     | 0.02               | 0.02               
  | DOUBLE       | MAX_MOGRAD_CONVERGENCE   | NO     | 0.001              | 0.001              
  | DOUBLE       | MO_STEP_MAX              | NO     | 0.5                | 0.5                
  | DOUBLE       | MP2_OS_SCALE             | NO     | 1.2                | 1.2                
  | DOUBLE       | MP2_SOS_SCALE            | NO     | 1.3                | 1.3                
  | DOUBLE       | MP2_SOS_SCALE2           | NO     | 1.2                | 1.2                
  | DOUBLE       | MP2_SS_SCALE             | NO     | 0.3333333333333333 | 0.3333333333333333 
  | DOUBLE       | OCC_PERCENTAGE           | NO     | 99.0               | 99.0               
  | DOUBLE       | OCC_TOLERANCE            | NO     | 1e-05              | 1e-05              
  | DOUBLE       | OO_SCALE                 | NO     | 0.01               | 0.01               
  | DOUBLE       | PCG_CONVERGENCE          | NO     | 1e-06              | 1e-06              
  | DOUBLE       | R_CONVERGENCE            | NO     | 1e-05              | 1e-05              
  | DOUBLE       | REG_PARAM                | NO     | 0.4                | 0.4                
  | DOUBLE       | KAPPA_REG_PARAM          | NO     | 1.1                | 1.1                
  | DOUBLE       | RMS_MOGRAD_CONVERGENCE   | NO     | 1e-06              | 1e-06              
  | DOUBLE       | SCG_TOLERANCE            | NO     | 1e-06              | 1e-06              
  | DOUBLE       | SCHMIDT_ADD_RES_TOL      | NO     | 0.001              | 0.001              
  | INT          | ACTIVE_NAT_ORBS          | NO     | 2                  | 2                  
  | INT          | CC_DIIS_MAX_VECS         | NO     | 6                  | 6                  
  | INT          | CC_DIIS_MIN_VECS         | NO     | 2                  | 2                  
  | INT          | CC_MAXITER               | NO     | 50                 | 50                 
  | INT          | CUTOFF                   | NO     | 8                  | 8                  
  | INT          | EXCITATION_RANGE         | NO     | 2                  | 2                  
  | INT          | FOLLOW_ROOT              | NO     | 1                  | 1                  
  | INT          | INTEGRAL_CUTOFF          | NO     | 9                  | 9                  
  | INT          | MAX_VECS                 | NO     | 50                 | 50                 
  | INT          | MO_DIIS_NUM_VECS         | NO     | 6                  | 6                  
  | INT          | MO_MAXITER               | NO     | 50                 | 50                 
  | INT          | NUM_ROOTS                | NO     | 4                  | 4                  
  | INT          | PCG_MAXITER              | NO     | 50                 | 50                 
  | INT          | PRINT_LEVEL              | NO     | 0                  | 0                  
  | INT          | VECS_PER_ROOT            | NO     | 1                  | 1                  
  | STRING       | CC_LAMBDA                | NO     | FALSE              | FALSE              
  | STRING       | CHOLESKY                 | NO     | FALSE              | FALSE              
  | STRING       | CIS_ALGORITHM            | NO     | MO_BASIS           | MO_BASIS           
  | STRING       | CIS_GUESS_COEFF          | NO     | MIX                | MIX                
  | STRING       | COMPUT_S2                | NO     | FALSE              | FALSE              
  | STRING       | DIAG_METHOD              | NO     | DAVIDSON           | DAVIDSON           
  | STRING       | DO_DIIS                  | NO     | TRUE               | TRUE               
  | STRING       | DO_LEVEL_SHIFT           | NO     | TRUE               | TRUE               
  | STRING       | DO_SCS                   | NO     | FALSE              | FALSE              
  | STRING       | DO_SOS                   | NO     | FALSE              | FALSE              
  | STRING       | EKT_IP                   | NO     | FALSE              | FALSE              
  | STRING       | FREEZE_CORE              | NO     | TRUE               | TRUE               
  | STRING       | HESS_TYPE                | NO     | HF                 | HF                 
  | STRING       | JK_TYPE                  | NO     | DIRECT             | DIRECT             
  | STRING       | LINEQ_SOLVER             | NO     | CDGESV             | CDGESV             
  | STRING       | MO_READ                  | NO     | FALSE              | FALSE              
  | STRING       | MO_WRITE                 | NO     | FALSE              | FALSE              
  | STRING       | MP2_AMP_TYPE             | NO     | DIRECT             | DIRECT             
  | STRING       | NAT_ORBS                 | NO     | FALSE              | FALSE              
  | STRING       | NBO                      | NO     | TRUE               | TRUE               
  | STRING       | OCC_ORBS_PRINT           | NO     | FALSE              | FALSE              
  | STRING       | OEPROP                   | NO     | FALSE              | FALSE              
  | STRING       | OPT_METHOD               | NO     | QNR                | QNR                
  | STRING       | ORB_RESP_SOLVER          | NO     | PCG                | PCG                
  | STRING       | ORTH_TYPE                | NO     | MGS                | MGS                
  | STRING       | PCG_BETA_TYPE            | NO     | FLETCHER_REEVES    | FLETCHER_REEVES    
  | STRING       | PPL_TYPE                 | NO     | AUTO               | AUTO               
  | STRING       | PRINT_CI_VECS            | NO     | FALSE              | FALSE              
  | STRING       | QCHF                     | NO     | FALSE              | FALSE              
  | STRING       | READ_SCF_3INDEX          | NO     | TRUE               | TRUE               
  | STRING       | REGULARIZATION           | NO     | FALSE              | FALSE              
  | STRING       | REG_TYPE                 | NO     | NORMAL             | NORMAL             
  | STRING       | SCS_TYPE                 | NO     | SCS                | SCS                
  | STRING       | SOS_TYPE                 | NO     | SOS                | SOS                
  | STRING       | TRIPLES_IABC_TYPE        | NO     | DISK               | DISK               
  | STRING       | UNIT_GUESS_TYPE          | NO     | GEN                | GEN                
  | STRING       | EKT_NEGATIVE_OCC         | NO     | ABS                | ABS                
  | BOOL         | SOLVATION                | YES    | TRUE               | FALSE              

	MO spaces... 

	 FC   OCC   VIR   FV 
	----------------------
	  6   19   129    0
 CC-PVDZ primary basis set file will be read for the C atom...
 CC-PVDZ primary basis set file will be read for the H atom...
 Nmaxthread: 12 
 Nshell: 78 
 Lmax:  2 
 Npmax:  8 
 Nao: 154 
 Ndocc: 25 
 Nsocc:  0 
 NoccA: 25 
 NoccB: 25 
 Primary basis set info has been read.

 CC-PVDZ-RI aux basis set file will be read for the C atom...
 CC-PVDZ-RI aux basis set file will be read for the H atom...
 Nshell_aux: 192 
 Naux: 532 
 Aux basis set info has been read.

 Cpu time for Metric ints :       0.4600 s
 Wall time for Metric ints:       0.2221 s
 3-Index Algorithm: AUTO 

 Calling fortran integrals: ringing... 
 Done with fintegrals.

 Cpu time for 3-index ints :       5.7300 s
 Wall time for 3-index ints:       2.4424 s
 Cpu time for df-factors :       0.8600 s
 Wall time for df-factors:       0.2295 s
 CC-PVDZ primary basis set file will be read for the C atom...
 CC-PVDZ primary basis set file will be read for the H atom...
 Nmaxthread: 12 
 Nshell: 78 
 Lmax:  2 
 Npmax:  8 
 Nao: 154 
 Ndocc: 25 
 Nsocc:  0 
 NoccA: 25 
 NoccB: 25 
 Primary basis set info has been read.

 CC-PVDZ-JKFIT aux basis set file will be read for the C atom...
 CC-PVDZ-JKFIT aux basis set file will be read for the H atom...
 Nshell_aux: 270 
 Naux: 742 
 Aux basis set info has been read.

	Reading DF integrals from disk ...
 Cpu time for Metric ints :       1.4100 s
 Wall time for Metric ints:       0.4719 s
	Number of basis functions in the DF-HF basis: 742
	Number of basis functions in the DF-CC basis: 532

	Available memory                      :  30000.00 MB 
	Minimum required memory for amplitudes:    144.18 MB 
	Memory requirement for B-CC (Q|mu nu) :    100.94 MB 
	Memory requirement for B-CC (Q|ab)    :     70.82 MB 
	Memory requirement for DF-CC int trans:    185.48 MB 

	Computing DF-MP2 energy using SCF MOs (Canonical DF-MP2)... 
	======================================================================= 
	Nuclear Repulsion Energy (a.u.)    :   243.97711455569541
	DF-HF Energy (a.u.)                :  -235.38477406330500
	REF Energy (a.u.)                  :  -235.38477406330500
	DF-MP2 Correlation Energy (a.u.)   :    -0.88251961526135
	DF-MP2 Total Energy (a.u.)         :  -236.26729367856635
	======================================================================= 

	*Total MP2 Energy: -236.26729367856635

	Computing unrelaxed response density matrices...
	Number of independent-pairs: 3225
	Computing the generalized Fock matrix (GFM)...
	Computing the orbital gradient...
	Forming effective orbital gradient...
	Solving orbital Z-vector equations...

	            PCG Solver 
	   ------------------------------ 
	Iter     RMS Z Vector        RMS Residual  
	----    ---------------    ---------------
	  1         8.86e-04         3.90e-04
	  2         2.24e-04         8.16e-05
	  3         2.71e-05         2.22e-05
	  4         1.20e-05         5.16e-06
	  5         1.84e-06         1.55e-06
	  6         6.16e-07         2.89e-07
	  7         1.08e-07         6.89e-08
	  8         2.88e-08         1.31e-08

	Computing the relaxed PDMs and GFM...
	Compute solv. is starting ...

	Initializing Liboeprop (by U. Bozkaya) ...


	-Mulliken Population Analysis for MP2-IAO:
	 1: -0.0581019037 	 2: -0.0580539078 	 3: -0.0586930068 	 4: -0.0581996945 	 5: -0.2216202045 
	 6: -0.2234224260 	 7: 0.0624104846 	 8: 0.0624190359 	 9: 0.0624661567 	10: 0.0624199345 
	11: 0.0652334594 	12: 0.0652785368 	13: 0.0652404681 	14: 0.0653238944 	15: 0.0751629367 
	16: 0.0655607388 	17: 0.0751535813 	18: 0.0753339886 	19: 0.0753203085 	20: 0.0664182141 


	-Lowdin Population Analysis for MP2-IAO:  
	 1: -0.0581019037 	 2: -0.0580539078 	 3: -0.0586930068 	 4: -0.0581996945 	 5: -0.2216202045 
	 6: -0.2234224260 	 7: 0.0624104846 	 8: 0.0624190359 	 9: 0.0624661567 	10: 0.0624199345 
	11: 0.0652334594 	12: 0.0652785368 	13: 0.0652404681 	14: 0.0653238944 	15: 0.0751629367 
	16: 0.0655607388 	17: 0.0751535813 	18: 0.0753339886 	19: 0.0753203085 	20: 0.0664182141 



  ## SOLVATION Options ##

  | TYPE         | KEY                      | INPUT? | VALUE              | DEFAULT            
  |--------------|--------------------------|--------|--------------------|--------------------
  | INT          | NUM_Z_POINTS             | NO     | 90                 | 90                 
  | INT          | NUM_ANG_POINTS           | YES    | 100                | 100                
  | STRING       | SASA_TYPE                | YES    | NUMERIC            | NUMERIC            
  | STRING       | CHARGE_TYPE              | YES    | IAO_MULLIKEN       | IAO_MULLIKEN       
  | STRING       | CDS_TYPE                 | YES    | SMD                | SMD                
  | STRING       | SOLVENT                  | YES    | WATER              | WATER              
  | STRING       | SOLVENT_PARAMS           | YES    | MN21               | SM8                
  | STRING       | DIELECTRIC_PARAMS        | YES    | MN21               | MN21               
  | STRING       | COULOMB_RADII            | YES    | SMD                | SMD                
  | DOUBLE       | COVALENT_VW_CONST        | NO     | 0.76               | 0.76               
  | DOUBLE       | SOLVENT_RADIUS           | NO     | 0.4                | 0.4                
  | STRING       | RADIUS_TYPE              | YES    | SMD                | SMD                
  | DOUBLE       | GB_DIJ                   | NO     | 3.7                | 3.7                
  | DOUBLE       | GB_SIJ                   | NO     | 0.75               | 0.75               
  | DOUBLE       | GB_CIJ                   | NO     | 0.0                | 0.0                
  | DOUBLE       | F_PWSASA                 | NO     | 0.4535             | 0.4535             
  | DOUBLE       | SCALE_VDW                | NO     | 1.0                | 1.0                
  | DOUBLE       | SCALE_CR                 | NO     | 1.0                | 1.0                



 Sasa Type                  : NUMERIC 
 Charge Type                : IAO_MULLIKEN 
 CDS Type                   : SMD 
 Radius Type                : SMD 
 Solvent                    : WATER 
 Solvent Parameters         : MN21 
 Dielectric Parameters      : MN21 
 Coulomb Radii Parameters   : SMD 
 GB d_ij parameter          : 3.7000000000 
 GB S_ij parameter          : 0.7500000000 
 GB C_ij parameter          : 0.0000000000 
 Sclae_vdw parameter        : 1.0000000000 
 Number of z-points         : 90 
 Number of angular points   : 100 
 Number of SASA grid points : 17902 
 Solvent Dielectric Constant: 78.3553000000 

 VDW Radii:
	  1 C :       1.7000  ang
	  2 C :       1.7000  ang
	  3 C :       1.7000  ang
	  4 C :       1.7000  ang
	  5 C :       1.7000  ang
	  6 C :       1.7000  ang
	  7 H :       1.2000  ang
	  8 H :       1.2000  ang
	  9 H :       1.2000  ang
	 10 H :       1.2000  ang
	 11 H :       1.2000  ang
	 12 H :       1.2000  ang
	 13 H :       1.2000  ang
	 14 H :       1.2000  ang
	 15 H :       1.2000  ang
	 16 H :       1.2000  ang
	 17 H :       1.2000  ang
	 18 H :       1.2000  ang
	 19 H :       1.2000  ang
	 20 H :       1.2000  ang

	 Computing SASA... 

 Atomic SASA values:
	  1 C :       2.7427  ang^2
	  2 C :       2.7334  ang^2
	  3 C :       3.5940  ang^2
	  4 C :       3.6126  ang^2
	  5 C :       9.0732  ang^2
	  6 C :       9.0763  ang^2
	  7 H :      10.9401  ang^2
	  8 H :      10.9527  ang^2
	  9 H :      10.9527  ang^2
	 10 H :      10.9365  ang^2
	 11 H :      11.7218  ang^2
	 12 H :      11.7075  ang^2
	 13 H :      11.7326  ang^2
	 14 H :      11.7075  ang^2
	 15 H :      12.1747  ang^2
	 16 H :      12.9959  ang^2
	 17 H :      12.1531  ang^2
	 18 H :      12.1747  ang^2
	 19 H :      12.1657  ang^2
	 20 H :      12.9941  ang^2

	*Total SASA (angs^2): 196.1420223517 


 Coulomb Radii:
	  1 C :       1.8500  ang
	  2 C :       1.8500  ang
	  3 C :       1.8500  ang
	  4 C :       1.8500  ang
	  5 C :       1.8500  ang
	  6 C :       1.8500  ang
	  7 H :       1.2000  ang
	  8 H :       1.2000  ang
	  9 H :       1.2000  ang
	 10 H :       1.2000  ang
	 11 H :       1.2000  ang
	 12 H :       1.2000  ang
	 13 H :       1.2000  ang
	 14 H :       1.2000  ang
	 15 H :       1.2000  ang
	 16 H :       1.2000  ang
	 17 H :       1.2000  ang
	 18 H :       1.2000  ang
	 19 H :       1.2000  ang
	 20 H :       1.2000  ang
 Solvent Alpha                       : 1.1700000000 

 ## Effective Born Radius (bohr) ##
   0   4.5989243948 
   1   4.5989250328 
   2   4.3895094561 
   3   4.3895089159 
   4   4.0267811119 
   5   4.0267814086 
   6   3.6310821060 
   7   3.6292216862 
   8   3.6291203210 
   9   3.6311796556 
  10   3.4799695321 
  11   3.4797747418 
  12   3.4796794372 
  13   3.4800646095 
  14   3.1985218039 
  15   3.1102126534 
  16   3.1982169746 
  17   3.1981652133 
  18   3.1985766369 
  19   3.1102127705 

 Effective Born Radii:
	  1 C :       2.4336  ang
	  2 C :       2.4336  ang
	  3 C :       2.3228  ang
	  4 C :       2.3228  ang
	  5 C :       2.1309  ang
	  6 C :       2.1309  ang
	  7 H :       1.9215  ang
	  8 H :       1.9205  ang
	  9 H :       1.9204  ang
	 10 H :       1.9215  ang
	 11 H :       1.8415  ang
	 12 H :       1.8414  ang
	 13 H :       1.8414  ang
	 14 H :       1.8416  ang
	 15 H :       1.6926  ang
	 16 H :       1.6459  ang
	 17 H :       1.6924  ang
	 18 H :       1.6924  ang
	 19 H :       1.6926  ang
	 20 H :       1.6459  ang


 Coulomb Integrals:
	  1  1 :       0.2174  bohr^-1
	  1  2 :       0.1912  bohr^-1
	  1  3 :       0.1946  bohr^-1
	  1  4 :       0.1619  bohr^-1
	  1  5 :       0.1656  bohr^-1
	  1  6 :       0.1257  bohr^-1
	  1  7 :       0.2244  bohr^-1
	  1  8 :       0.2244  bohr^-1
	  1  9 :       0.1846  bohr^-1
	  1 10 :       0.1846  bohr^-1
	  1 11 :       0.1868  bohr^-1
	  1 12 :       0.1868  bohr^-1
	  1 13 :       0.1629  bohr^-1
	  1 14 :       0.1628  bohr^-1
	  1 15 :       0.1641  bohr^-1
	  1 16 :       0.1413  bohr^-1
	  1 17 :       0.1640  bohr^-1
	  1 18 :       0.1204  bohr^-1
	  1 19 :       0.1205  bohr^-1
	  1 20 :       0.1097  bohr^-1
	  2  1 :       0.1912  bohr^-1
	  2  2 :       0.2174  bohr^-1
	  2  3 :       0.1619  bohr^-1
	  2  4 :       0.1946  bohr^-1
	  2  5 :       0.1257  bohr^-1
	  2  6 :       0.1656  bohr^-1
	  2  7 :       0.1846  bohr^-1
	  2  8 :       0.1846  bohr^-1
	  2  9 :       0.2244  bohr^-1
	  2 10 :       0.2244  bohr^-1
	  2 11 :       0.1629  bohr^-1
	  2 12 :       0.1628  bohr^-1
	  2 13 :       0.1868  bohr^-1
	  2 14 :       0.1868  bohr^-1
	  2 15 :       0.1204  bohr^-1
	  2 16 :       0.1097  bohr^-1
	  2 17 :       0.1205  bohr^-1
	  2 18 :       0.1640  bohr^-1
	  2 19 :       0.1641  bohr^-1
	  2 20 :       0.1413  bohr^-1
	  3  1 :       0.1946  bohr^-1
	  3  2 :       0.1619  bohr^-1
	  3  3 :       0.2278  bohr^-1
	  3  4 :       0.1249  bohr^-1
	  3  5 :       0.2046  bohr^-1
	  3  6 :       0.1012  bohr^-1
	  3  7 :       0.1870  bohr^-1
	  3  8 :       0.1870  bohr^-1
	  3  9 :       0.1628  bohr^-1
	  3 10 :       0.1631  bohr^-1
	  3 11 :       0.2329  bohr^-1
	  3 12 :       0.2329  bohr^-1
	  3 13 :       0.1209  bohr^-1
	  3 14 :       0.1210  bohr^-1
	  3 15 :       0.1923  bohr^-1
	  3 16 :       0.1935  bohr^-1
	  3 17 :       0.1923  bohr^-1
	  3 18 :       0.0993  bohr^-1
	  3 19 :       0.0993  bohr^-1
	  3 20 :       0.0873  bohr^-1
	  4  1 :       0.1619  bohr^-1
	  4  2 :       0.1946  bohr^-1
	  4  3 :       0.1249  bohr^-1
	  4  4 :       0.2278  bohr^-1
	  4  5 :       0.1012  bohr^-1
	  4  6 :       0.2046  bohr^-1
	  4  7 :       0.1631  bohr^-1
	  4  8 :       0.1628  bohr^-1
	  4  9 :       0.1870  bohr^-1
	  4 10 :       0.1870  bohr^-1
	  4 11 :       0.1209  bohr^-1
	  4 12 :       0.1210  bohr^-1
	  4 13 :       0.2329  bohr^-1
	  4 14 :       0.2329  bohr^-1
	  4 15 :       0.0993  bohr^-1
	  4 16 :       0.0873  bohr^-1
	  4 17 :       0.0992  bohr^-1
	  4 18 :       0.1923  bohr^-1
	  4 19 :       0.1923  bohr^-1
	  4 20 :       0.1935  bohr^-1
	  5  1 :       0.1656  bohr^-1
	  5  2 :       0.1257  bohr^-1
	  5  3 :       0.2046  bohr^-1
	  5  4 :       0.1012  bohr^-1
	  5  5 :       0.2483  bohr^-1
	  5  6 :       0.0817  bohr^-1
	  5  7 :       0.1659  bohr^-1
	  5  8 :       0.1661  bohr^-1
	  5  9 :       0.1214  bohr^-1
	  5 10 :       0.1214  bohr^-1
	  5 11 :       0.1933  bohr^-1
	  5 12 :       0.1933  bohr^-1
	  5 13 :       0.1001  bohr^-1
	  5 14 :       0.1001  bohr^-1
	  5 15 :       0.2497  bohr^-1
	  5 16 :       0.2526  bohr^-1
	  5 17 :       0.2497  bohr^-1
	  5 18 :       0.0793  bohr^-1
	  5 19 :       0.0793  bohr^-1
	  5 20 :       0.0726  bohr^-1
	  6  1 :       0.1257  bohr^-1
	  6  2 :       0.1656  bohr^-1
	  6  3 :       0.1012  bohr^-1
	  6  4 :       0.2046  bohr^-1
	  6  5 :       0.0817  bohr^-1
	  6  6 :       0.2483  bohr^-1
	  6  7 :       0.1214  bohr^-1
	  6  8 :       0.1213  bohr^-1
	  6  9 :       0.1660  bohr^-1
	  6 10 :       0.1660  bohr^-1
	  6 11 :       0.1001  bohr^-1
	  6 12 :       0.1001  bohr^-1
	  6 13 :       0.1933  bohr^-1
	  6 14 :       0.1933  bohr^-1
	  6 15 :       0.0793  bohr^-1
	  6 16 :       0.0726  bohr^-1
	  6 17 :       0.0793  bohr^-1
	  6 18 :       0.2497  bohr^-1
	  6 19 :       0.2497  bohr^-1
	  6 20 :       0.2526  bohr^-1
	  7  1 :       0.2244  bohr^-1
	  7  2 :       0.1846  bohr^-1
	  7  3 :       0.1870  bohr^-1
	  7  4 :       0.1631  bohr^-1
	  7  5 :       0.1659  bohr^-1
	  7  6 :       0.1214  bohr^-1
	  7  7 :       0.2754  bohr^-1
	  7  8 :       0.2159  bohr^-1
	  7  9 :       0.1581  bohr^-1
	  7 10 :       0.1801  bohr^-1
	  7 11 :       0.1591  bohr^-1
	  7 12 :       0.1820  bohr^-1
	  7 13 :       0.1576  bohr^-1
	  7 14 :       0.1795  bohr^-1
	  7 15 :       0.1803  bohr^-1
	  7 16 :       0.1357  bohr^-1
	  7 17 :       0.1575  bohr^-1
	  7 18 :       0.1174  bohr^-1
	  7 19 :       0.1098  bohr^-1
	  7 20 :       0.1074  bohr^-1
	  8  1 :       0.2244  bohr^-1
	  8  2 :       0.1846  bohr^-1
	  8  3 :       0.1870  bohr^-1
	  8  4 :       0.1628  bohr^-1
	  8  5 :       0.1661  bohr^-1
	  8  6 :       0.1213  bohr^-1
	  8  7 :       0.2159  bohr^-1
	  8  8 :       0.2755  bohr^-1
	  8  9 :       0.1805  bohr^-1
	  8 10 :       0.1581  bohr^-1
	  8 11 :       0.1818  bohr^-1
	  8 12 :       0.1591  bohr^-1
	  8 13 :       0.1792  bohr^-1
	  8 14 :       0.1570  bohr^-1
	  8 15 :       0.1578  bohr^-1
	  8 16 :       0.1357  bohr^-1
	  8 17 :       0.1804  bohr^-1
	  8 18 :       0.1097  bohr^-1
	  8 19 :       0.1174  bohr^-1
	  8 20 :       0.1072  bohr^-1
	  9  1 :       0.1846  bohr^-1
	  9  2 :       0.2244  bohr^-1
	  9  3 :       0.1628  bohr^-1
	  9  4 :       0.1870  bohr^-1
	  9  5 :       0.1214  bohr^-1
	  9  6 :       0.1660  bohr^-1
	  9  7 :       0.1581  bohr^-1
	  9  8 :       0.1805  bohr^-1
	  9  9 :       0.2755  bohr^-1
	  9 10 :       0.2159  bohr^-1
	  9 11 :       0.1792  bohr^-1
	  9 12 :       0.1569  bohr^-1
	  9 13 :       0.1818  bohr^-1
	  9 14 :       0.1591  bohr^-1
	  9 15 :       0.1097  bohr^-1
	  9 16 :       0.1072  bohr^-1
	  9 17 :       0.1175  bohr^-1
	  9 18 :       0.1577  bohr^-1
	  9 19 :       0.1805  bohr^-1
	  9 20 :       0.1357  bohr^-1
	 10  1 :       0.1846  bohr^-1
	 10  2 :       0.2244  bohr^-1
	 10  3 :       0.1631  bohr^-1
	 10  4 :       0.1870  bohr^-1
	 10  5 :       0.1214  bohr^-1
	 10  6 :       0.1660  bohr^-1
	 10  7 :       0.1801  bohr^-1
	 10  8 :       0.1581  bohr^-1
	 10  9 :       0.2159  bohr^-1
	 10 10 :       0.2754  bohr^-1
	 10 11 :       0.1577  bohr^-1
	 10 12 :       0.1795  bohr^-1
	 10 13 :       0.1591  bohr^-1
	 10 14 :       0.1819  bohr^-1
	 10 15 :       0.1174  bohr^-1
	 10 16 :       0.1074  bohr^-1
	 10 17 :       0.1098  bohr^-1
	 10 18 :       0.1803  bohr^-1
	 10 19 :       0.1576  bohr^-1
	 10 20 :       0.1357  bohr^-1
	 11  1 :       0.1868  bohr^-1
	 11  2 :       0.1629  bohr^-1
	 11  3 :       0.2329  bohr^-1
	 11  4 :       0.1209  bohr^-1
	 11  5 :       0.1933  bohr^-1
	 11  6 :       0.1001  bohr^-1
	 11  7 :       0.1591  bohr^-1
	 11  8 :       0.1818  bohr^-1
	 11  9 :       0.1792  bohr^-1
	 11 10 :       0.1577  bohr^-1
	 11 11 :       0.2874  bohr^-1
	 11 12 :       0.2214  bohr^-1
	 11 13 :       0.1178  bohr^-1
	 11 14 :       0.1103  bohr^-1
	 11 15 :       0.1610  bohr^-1
	 11 16 :       0.1874  bohr^-1
	 11 17 :       0.1854  bohr^-1
	 11 18 :       0.0968  bohr^-1
	 11 19 :       0.1019  bohr^-1
	 11 20 :       0.0852  bohr^-1
	 12  1 :       0.1868  bohr^-1
	 12  2 :       0.1628  bohr^-1
	 12  3 :       0.2329  bohr^-1
	 12  4 :       0.1210  bohr^-1
	 12  5 :       0.1933  bohr^-1
	 12  6 :       0.1001  bohr^-1
	 12  7 :       0.1820  bohr^-1
	 12  8 :       0.1591  bohr^-1
	 12  9 :       0.1569  bohr^-1
	 12 10 :       0.1795  bohr^-1
	 12 11 :       0.2214  bohr^-1
	 12 12 :       0.2874  bohr^-1
	 12 13 :       0.1103  bohr^-1
	 12 14 :       0.1182  bohr^-1
	 12 15 :       0.1854  bohr^-1
	 12 16 :       0.1875  bohr^-1
	 12 17 :       0.1610  bohr^-1
	 12 18 :       0.1020  bohr^-1
	 12 19 :       0.0966  bohr^-1
	 12 20 :       0.0852  bohr^-1
	 13  1 :       0.1629  bohr^-1
	 13  2 :       0.1868  bohr^-1
	 13  3 :       0.1209  bohr^-1
	 13  4 :       0.2329  bohr^-1
	 13  5 :       0.1001  bohr^-1
	 13  6 :       0.1933  bohr^-1
	 13  7 :       0.1576  bohr^-1
	 13  8 :       0.1792  bohr^-1
	 13  9 :       0.1818  bohr^-1
	 13 10 :       0.1591  bohr^-1
	 13 11 :       0.1178  bohr^-1
	 13 12 :       0.1103  bohr^-1
	 13 13 :       0.2874  bohr^-1
	 13 14 :       0.2214  bohr^-1
	 13 15 :       0.0968  bohr^-1
	 13 16 :       0.0852  bohr^-1
	 13 17 :       0.1019  bohr^-1
	 13 18 :       0.1610  bohr^-1
	 13 19 :       0.1853  bohr^-1
	 13 20 :       0.1875  bohr^-1
	 14  1 :       0.1628  bohr^-1
	 14  2 :       0.1868  bohr^-1
	 14  3 :       0.1210  bohr^-1
	 14  4 :       0.2329  bohr^-1
	 14  5 :       0.1001  bohr^-1
	 14  6 :       0.1933  bohr^-1
	 14  7 :       0.1795  bohr^-1
	 14  8 :       0.1570  bohr^-1
	 14  9 :       0.1591  bohr^-1
	 14 10 :       0.1819  bohr^-1
	 14 11 :       0.1103  bohr^-1
	 14 12 :       0.1182  bohr^-1
	 14 13 :       0.2214  bohr^-1
	 14 14 :       0.2874  bohr^-1
	 14 15 :       0.1020  bohr^-1
	 14 16 :       0.0852  bohr^-1
	 14 17 :       0.0966  bohr^-1
	 14 18 :       0.1854  bohr^-1
	 14 19 :       0.1610  bohr^-1
	 14 20 :       0.1874  bohr^-1
	 15  1 :       0.1641  bohr^-1
	 15  2 :       0.1204  bohr^-1
	 15  3 :       0.1923  bohr^-1
	 15  4 :       0.0993  bohr^-1
	 15  5 :       0.2497  bohr^-1
	 15  6 :       0.0793  bohr^-1
	 15  7 :       0.1803  bohr^-1
	 15  8 :       0.1578  bohr^-1
	 15  9 :       0.1097  bohr^-1
	 15 10 :       0.1174  bohr^-1
	 15 11 :       0.1610  bohr^-1
	 15 12 :       0.1854  bohr^-1
	 15 13 :       0.0968  bohr^-1
	 15 14 :       0.1020  bohr^-1
	 15 15 :       0.3126  bohr^-1
	 15 16 :       0.2328  bohr^-1
	 15 17 :       0.2312  bohr^-1
	 15 18 :       0.0775  bohr^-1
	 15 19 :       0.0751  bohr^-1
	 15 20 :       0.0712  bohr^-1
	 16  1 :       0.1413  bohr^-1
	 16  2 :       0.1097  bohr^-1
	 16  3 :       0.1935  bohr^-1
	 16  4 :       0.0873  bohr^-1
	 16  5 :       0.2526  bohr^-1
	 16  6 :       0.0726  bohr^-1
	 16  7 :       0.1357  bohr^-1
	 16  8 :       0.1357  bohr^-1
	 16  9 :       0.1072  bohr^-1
	 16 10 :       0.1074  bohr^-1
	 16 11 :       0.1874  bohr^-1
	 16 12 :       0.1875  bohr^-1
	 16 13 :       0.0852  bohr^-1
	 16 14 :       0.0852  bohr^-1
	 16 15 :       0.2328  bohr^-1
	 16 16 :       0.3215  bohr^-1
	 16 17 :       0.2328  bohr^-1
	 16 18 :       0.0712  bohr^-1
	 16 19 :       0.0712  bohr^-1
	 16 20 :       0.0646  bohr^-1
	 17  1 :       0.1640  bohr^-1
	 17  2 :       0.1205  bohr^-1
	 17  3 :       0.1923  bohr^-1
	 17  4 :       0.0992  bohr^-1
	 17  5 :       0.2497  bohr^-1
	 17  6 :       0.0793  bohr^-1
	 17  7 :       0.1575  bohr^-1
	 17  8 :       0.1804  bohr^-1
	 17  9 :       0.1175  bohr^-1
	 17 10 :       0.1098  bohr^-1
	 17 11 :       0.1854  bohr^-1
	 17 12 :       0.1610  bohr^-1
	 17 13 :       0.1019  bohr^-1
	 17 14 :       0.0966  bohr^-1
	 17 15 :       0.2312  bohr^-1
	 17 16 :       0.2328  bohr^-1
	 17 17 :       0.3127  bohr^-1
	 17 18 :       0.0751  bohr^-1
	 17 19 :       0.0775  bohr^-1
	 17 20 :       0.0712  bohr^-1
	 18  1 :       0.1204  bohr^-1
	 18  2 :       0.1640  bohr^-1
	 18  3 :       0.0993  bohr^-1
	 18  4 :       0.1923  bohr^-1
	 18  5 :       0.0793  bohr^-1
	 18  6 :       0.2497  bohr^-1
	 18  7 :       0.1174  bohr^-1
	 18  8 :       0.1097  bohr^-1
	 18  9 :       0.1577  bohr^-1
	 18 10 :       0.1803  bohr^-1
	 18 11 :       0.0968  bohr^-1
	 18 12 :       0.1020  bohr^-1
	 18 13 :       0.1610  bohr^-1
	 18 14 :       0.1854  bohr^-1
	 18 15 :       0.0775  bohr^-1
	 18 16 :       0.0712  bohr^-1
	 18 17 :       0.0751  bohr^-1
	 18 18 :       0.3127  bohr^-1
	 18 19 :       0.2312  bohr^-1
	 18 20 :       0.2328  bohr^-1
	 19  1 :       0.1205  bohr^-1
	 19  2 :       0.1641  bohr^-1
	 19  3 :       0.0993  bohr^-1
	 19  4 :       0.1923  bohr^-1
	 19  5 :       0.0793  bohr^-1
	 19  6 :       0.2497  bohr^-1
	 19  7 :       0.1098  bohr^-1
	 19  8 :       0.1174  bohr^-1
	 19  9 :       0.1805  bohr^-1
	 19 10 :       0.1576  bohr^-1
	 19 11 :       0.1019  bohr^-1
	 19 12 :       0.0966  bohr^-1
	 19 13 :       0.1853  bohr^-1
	 19 14 :       0.1610  bohr^-1
	 19 15 :       0.0751  bohr^-1
	 19 16 :       0.0712  bohr^-1
	 19 17 :       0.0775  bohr^-1
	 19 18 :       0.2312  bohr^-1
	 19 19 :       0.3126  bohr^-1
	 19 20 :       0.2328  bohr^-1
	 20  1 :       0.1097  bohr^-1
	 20  2 :       0.1413  bohr^-1
	 20  3 :       0.0873  bohr^-1
	 20  4 :       0.1935  bohr^-1
	 20  5 :       0.0726  bohr^-1
	 20  6 :       0.2526  bohr^-1
	 20  7 :       0.1074  bohr^-1
	 20  8 :       0.1072  bohr^-1
	 20  9 :       0.1357  bohr^-1
	 20 10 :       0.1357  bohr^-1
	 20 11 :       0.0852  bohr^-1
	 20 12 :       0.0852  bohr^-1
	 20 13 :       0.1875  bohr^-1
	 20 14 :       0.1874  bohr^-1
	 20 15 :       0.0712  bohr^-1
	 20 16 :       0.0646  bohr^-1
	 20 17 :       0.0712  bohr^-1
	 20 18 :       0.2328  bohr^-1
	 20 19 :       0.2328  bohr^-1
	 20 20 :       0.3215  bohr^-1


	*Molecular contr. to CDS energy:       0.0000  kcal/mol
	*Total CDS energy:       3.3477  kcal/mol
	*MP2::Polarization Free Energy (au)      : -0.0056494579 
	*MP2::Polarization Free Energy (kcal/mol):      -3.5451 
	*MP2::CDS Free Energy (au)      : 0.0053348704 
	*MP2::CDS Free Energy (kcal/mol):       3.3477 
	*MP2::Total Solvation Free Energy (au)      : -0.0003145875 
	*MP2::Total Solvation Free Energy (kcal/mol):      -0.1974 
	GB-MP2 Total Energy (a.u.)         :  -236.26760826607830

	*Total GB-MP2 Energy: -236.26729367856635


 Cpu time for MacroQC :       2.0712 minutes
 Wall time for MacroQC:       0.8110 minutes


 ******************************************************************************************
	 MacroQC terminates normally:) 
 ****************************************************************************************** 

