
    ================================================================================
                         PARAMFIT: GB SOLVATION PARAMETER FITTING
    ================================================================================
      Authors          : Ugur Bozkaya and Betul Ermis
      Model            : Generalized Born / pairwise descreening
      CDS contribution : fixed from previously computed output data
      Revision         : April 2026
    ================================================================================

    =========================================================================================
                                      INPUT DATA SUMMARY
    =========================================================================================
    Reference file              : ref.txt
    Calculation output files    : [index]_[name].out
    Number of data points       : 188
    Quantum chemistry method    : SCF
    Atomic charge model         : IAO_MULLIKEN
    Reference energy unit       : kcal/mol
    CDS free energy treatment   : read from output files and kept fixed

    Reference file format:
       [data index] [solvation free energy in kcal/mol]

    Output file requirements:
       - files must follow [index]_[name].out
       - indices must match reference-data ordering
       - coordinates, charges, and CDS energies must be present
    =========================================================================================


  ============================================================
                    PARAMETER OPTIMIZATION
  ============================================================

  Number of data points        :      188
  Solvent dielectric constant  :    78.355300
  QC method                    : SCF
  Charge type                  : IAO_MULLIKEN
  CDS treatment                : fixed from output files
  Parameter mode               : explicit
  Objective                    : MAE-MAX
  Optimize Sij                 : True
  Optimize d0                  : False
  Optimize dCH                 : False
  Fit atoms                    : S
  Optimized Sij pairs          :
    S_C_S
    S_H_S
    S_N_S
    S_O_S
    S_S_C
    S_S_H
    S_S_N
    S_S_O
    S_S_S

  Initial Parameters
  ------------------
    rho_S  =     1.80000000 ang
    S_C _S  =     0.67000000
    S_H _S  =     0.50000000
    S_N _S  =     0.52000000
    S_O _S  =     1.00000000
    S_S _C  =     1.00000000
    S_S _H  =     0.78000000
    S_S _N  =     1.00000000
    S_S _O  =     1.00000000
    S_S _S  =     1.00000000


    =========================================================================================
                           INITIAL SOLVATION FREE ENERGY RESULTS
    =========================================================================================

    ----------------------------------------------------------------------------------------------------
    Index     Data         Ref. dGsolv         Pol. Energy       CDS        Calc. dGsolv       Error
               No          (kcal/mol)          (kcal/mol)    (kcal/mol)      (kcal/mol)      (kcal/mol)
    ----------------------------------------------------------------------------------------------------
    [  1]     167             -3.95              -13.13          4.99           -8.14           -4.19
    [  2]     176            -13.80              -13.01          3.40           -9.61            4.19
    [  3]     118             -9.72               -5.89          0.33           -5.56            4.16
    [  4]     120             -3.08              -10.76          3.54           -7.22           -4.14
    [  5]     140            -13.60              -17.29         -0.17          -17.46           -3.86
    [  6]     134             -9.92               -9.51          3.26           -6.25            3.67
    [  7]     183             -1.27               -1.03          3.36            2.33            3.60
    [  8]     166             -3.71              -12.22          5.01           -7.20           -3.49
    [  9]     181             -1.83               -1.11          2.66            1.56            3.39
    [ 10]     182             -1.54               -1.03          2.82            1.79            3.33
    [ 11]     121             -3.34              -11.77          5.19           -6.58           -3.24
    [ 12]     130             -3.59              -11.90          5.30           -6.60           -3.01
    [ 13]     155             -3.64               -5.10          4.37           -0.74            2.90
    [ 14]     179             -1.63               -1.45          2.72            1.27            2.90
    [ 15]     180             -1.43               -1.48          2.92            1.44            2.87
    [ 16]     131             -3.14              -11.14          5.37           -5.77           -2.63
    [ 17]     171             -3.85               -5.33          4.10           -1.22            2.63
    [ 18]     149             -3.89               -5.23          3.97           -1.27            2.62
    [ 19]     159             -3.66               -2.86          1.73           -1.13            2.53
    [ 20]      66             -8.58              -12.43          1.35          -11.09           -2.51
    [ 21]     168             -4.10               -3.74          2.10           -1.63            2.47
    [ 22]     144            -10.00              -11.17          3.61           -7.57            2.43
    [ 23]     186             -1.24               -0.93          2.06            1.14            2.38
    [ 24]     156             -4.29               -3.77          1.81           -1.96            2.33
    [ 25]     129             -5.57               -8.05          0.17           -7.88           -2.31
    [ 26]      74             -2.78               -9.99          4.90           -5.09           -2.31
    [ 27]     177             -1.05               -1.06          2.22            1.16            2.21
    [ 28]     138             -5.55               -6.79          3.45           -3.34            2.21
    [ 29]     111             -4.51               -5.52          3.22           -2.30            2.21
    [ 30]     172             -4.39               -3.55          1.34           -2.21            2.18
    [ 31]     157             -4.07               -3.20          1.23           -1.96            2.11
    [ 32]      40             -4.02              -10.35          4.23           -6.12           -2.10
    [ 33]     160             -4.50               -3.55          1.13           -2.42            2.08
    [ 34]     150             -4.29               -4.39          2.18           -2.22            2.07
    [ 35]     184             -1.30               -1.27          2.04            0.77            2.07
    [ 36]     127             -5.56               -6.83          3.31           -3.52            2.04
    [ 37]     135             -5.57               -7.00          3.44           -3.56            2.01
    [ 38]      67             -4.76               -5.60          2.71           -2.90            1.86
    [ 39]      60             -2.65               -9.34          4.83           -4.51           -1.86
    [ 40]     117             -9.63              -12.92          5.14           -7.78            1.85
    [ 41]     161             -6.26               -7.30          2.78           -4.53            1.73
    [ 42]     165             -4.12              -11.43          5.63           -5.81           -1.69
    [ 43]     125             -5.51               -7.90          0.72           -7.18           -1.67
    [ 44]      61             -5.32               -6.98          3.31           -3.67            1.65
    [ 45]      11             -4.09               -6.44          4.00           -2.44            1.65
    [ 46]     113            -11.68              -15.71          2.39          -13.32           -1.64
    [ 47]     114             -6.31               -9.39          1.45           -7.94           -1.63
    [ 48]     153            -10.90              -13.57          4.25           -9.31            1.59
    [ 49]       3             -5.05               -9.08          2.48           -6.60           -1.55
    [ 50]     162             -4.56               -4.06          1.03           -3.02            1.54
    [ 51]       7             -4.24               -6.47          3.71           -2.75            1.49
    [ 52]     104             -6.14               -8.36          3.69           -4.66            1.48
    [ 53]     126             -6.55               -7.42          2.34           -5.08            1.47
    [ 54]      49             -5.49               -6.39          2.34           -4.05            1.44
    [ 55]      37             -5.08               -6.90          3.24           -3.66            1.42
    [ 56]     178             -2.73               -4.72          3.41           -1.31            1.42
    [ 57]     170             -5.11               -3.70          0.01           -3.69            1.42
    [ 58]      98             -6.62               -8.45          3.22           -5.22            1.40
    [ 59]       8             -4.36               -6.42          3.43           -2.99            1.37
    [ 60]      54             -1.92               -6.57          3.29           -3.28           -1.36
    [ 61]     119            -10.40              -17.70          5.94          -11.75           -1.35
    [ 62]      93             -5.87               -8.15          3.64           -4.52            1.35
    [ 63]      41             -0.87               -4.86          2.64           -2.22           -1.35
    [ 64]     151             -5.49               -7.12          2.95           -4.16            1.33
    [ 65]     154             -4.10               -7.39          4.62           -2.77            1.33
    [ 66]      46              1.58               -0.23          3.13            2.90            1.32
    [ 67]      38             -2.45               -7.80          4.04           -3.77           -1.32
    [ 68]       2             -9.30              -13.18          2.59          -10.59           -1.29
    [ 69]      96             -6.16               -9.42          4.55           -4.88            1.28
    [ 70]     148             -9.71              -12.00          3.53           -8.47            1.24
    [ 71]      64             -6.21               -9.79          4.81           -4.97            1.24
    [ 72]      43             -6.36               -9.41          4.27           -5.13            1.23
    [ 73]      12             -4.47               -6.41          3.15           -3.26            1.21
    [ 74]     143             -4.62               -6.32          2.87           -3.44            1.18
    [ 75]       4             -4.72               -6.42          2.88           -3.54            1.18
    [ 76]     169             -7.40               -6.44         -2.13           -8.57           -1.17
    [ 77]      36             -4.58               -9.97          4.25           -5.72           -1.14
    [ 78]     185             -0.70               -0.59          1.03            0.43            1.13
    [ 79]      92             -2.29               -8.34          4.92           -3.42           -1.13
    [ 80]     173             -4.70               -7.03          1.20           -5.83           -1.13
    [ 81]      15             -4.83               -6.34          2.60           -3.74            1.09
    [ 82]     105            -10.48              -14.28          4.86           -9.43            1.05
    [ 83]     174             -5.48               -4.04         -0.40           -4.44            1.04
    [ 84]      82             -5.49               -8.28          3.74           -4.55            0.94
    [ 85]      56             -5.01               -6.47          2.38           -4.10            0.91
    [ 86]     112             -2.21               -5.29          3.98           -1.31            0.90
    [ 87]     100             -6.47               -9.56          3.99           -5.57            0.90
    [ 88]      99             -3.44               -7.90          3.58           -4.33           -0.89
    [ 89]      95             -3.03               -8.06          4.16           -3.90           -0.87
    [ 90]     108             -3.47               -6.52          2.19           -4.33           -0.86
    [ 91]      52              0.75               -1.92          1.81           -0.11           -0.86
    [ 92]      85             -2.39               -6.54          3.30           -3.24           -0.85
    [ 93]      51              0.56               -2.50          2.22           -0.28           -0.84
    [ 94]      55              1.83               -1.34          2.34            1.00           -0.83
    [ 95]      91              1.96               -1.36          2.50            1.14           -0.82
    [ 96]      62             -2.22               -7.08          4.04           -3.04           -0.82
    [ 97]      72             -3.91              -10.09          5.39           -4.71           -0.80
    [ 98]      19             -3.64               -8.07          3.65           -4.42           -0.78
    [ 99]     158             -4.29               -3.77          0.25           -3.51            0.78
    [100]      14              0.01               -3.52          4.28            0.76            0.75
    [101]      16              2.85               -0.73          4.32            3.59            0.74
    [102]      10              0.29               -3.51          4.54            1.02            0.73
    [103]      30             -3.41               -7.98          3.85           -4.13           -0.72
    [104]      34             -6.70               -9.85          3.86           -5.99            0.71
    [105]      42             -3.18               -7.73          3.86           -3.87           -0.69
    [106]      53             -1.76               -5.72          3.29           -2.43           -0.67
    [107]     133             -4.84               -6.35          2.14           -4.21            0.63
    [108]     188             -2.55               -4.50          2.58           -1.92            0.63
    [109]      81             -1.66               -5.78          3.53           -2.26           -0.60
    [110]      33             -3.50               -7.59          3.49           -4.10           -0.60
    [111]     110             -0.89               -4.60          3.12           -1.48           -0.59
    [112]     128             -4.63               -6.94          1.72           -5.22           -0.59
    [113]     132             -5.22               -6.66          2.03           -4.63            0.59
    [114]      86              2.08               -1.28          2.77            1.49           -0.59
    [115]      50             -4.68               -7.08          2.99           -4.10            0.58
    [116]      24              2.32               -1.20          2.94            1.75           -0.57
    [117]      83             -9.51              -13.81          4.83           -8.98            0.53
    [118]      90              2.33               -1.25          3.06            1.81           -0.52
    [119]      80             -2.93               -8.04          4.61           -3.43           -0.50
    [120]     175             -3.23               -3.82          0.10           -3.72           -0.49
    [121]      63             -0.01               -3.80          4.26            0.46            0.47
    [122]      48              1.20               -1.26          1.99            0.74           -0.46
    [123]      70              1.71               -0.49          2.66            2.17            0.46
    [124]     145             -4.68               -6.93          2.71           -4.23            0.45
    [125]     152             -5.56               -4.19         -0.93           -5.12            0.44
    [126]     141             -3.58               -7.10          3.10           -4.00           -0.42
    [127]     116             -4.48               -6.37          1.47           -4.90           -0.42
    [128]      65              2.33               -0.00          1.93            1.93           -0.40
    [129]      21             -3.29               -7.92          4.23           -3.69           -0.40
    [130]     107              0.61               -2.93          3.93            1.00            0.39
    [131]     163             -5.31               -7.02          2.10           -4.92            0.39
    [132]      29             -2.89               -7.01          4.51           -2.50            0.39
    [133]     147             -7.77               -6.12         -2.02           -8.14           -0.37
    [134]       6             -0.16               -3.79          3.99            0.21            0.37
    [135]     101              1.27               -2.20          3.13            0.93           -0.34
    [136]     123             -4.72               -6.55          2.17           -4.38            0.34
    [137]      88              2.49               -1.18          3.35            2.17           -0.32
    [138]      71             -3.32               -8.24          4.62           -3.62           -0.30
    [139]     139             -4.94               -6.91          1.67           -5.24           -0.30
    [140]       9              1.68               -1.98          3.96            1.98            0.30
    [141]     146             -6.34               -6.88          0.25           -6.63           -0.29
    [142]     109             -3.12               -5.67          2.27           -3.40           -0.28
    [143]     164             -7.17               -7.03          0.13           -6.90            0.27
    [144]      78             -2.57               -8.02          5.18           -2.84           -0.27
    [145]     103             -0.31               -3.78          3.74           -0.04            0.27
    [146]       1             -4.48               -9.04          4.30           -4.74           -0.26
    [147]      17              2.50               -1.13          3.37            2.25           -0.25
    [148]     136             -4.77               -6.68          1.68           -5.01           -0.24
    [149]      27             -3.53               -7.71          3.95           -3.76           -0.23
    [150]      18              2.88               -0.82          3.92            3.10            0.22
    [151]      59             -0.80               -4.43          3.41           -1.02           -0.22
    [152]     187             -1.42               -3.98          2.77           -1.21            0.21
    [153]     122             -4.86               -6.86          2.21           -4.66            0.20
    [154]      28              1.34               -2.23          3.37            1.15           -0.19
    [155]      97             -2.45               -7.53          5.25           -2.28            0.17
    [156]      84             -0.84               -4.30          3.63           -0.67            0.17
    [157]     102             -2.86               -7.41          4.70           -2.70            0.16
    [158]     137             -4.74               -6.87          1.99           -4.89           -0.15
    [159]      77             -2.04               -8.04          6.15           -1.89            0.15
    [160]     142             -7.58               -5.74         -1.98           -7.72           -0.14
    [161]      25              1.16               -2.25          3.53            1.28            0.12
    [162]     124             -4.60               -6.70          2.22           -4.48            0.12
    [163]      69             -5.11               -7.50          2.51           -4.99            0.12
    [164]       5              1.38               -2.11          3.38            1.27           -0.11
    [165]      22             -6.77              -10.05          3.39           -6.66            0.11
    [166]      20             -3.04               -7.69          4.55           -3.14           -0.10
    [167]      44              0.04               -4.41          4.53            0.12            0.08
    [168]      68              2.00               -0.83          2.75            1.92           -0.08
    [169]      89              2.89               -1.09          3.91            2.81           -0.08
    [170]     106             -0.81               -4.35          3.60           -0.74            0.07
    [171]     115             -0.53               -4.58          4.11           -0.47            0.06
    [172]      94             -0.90               -4.46          3.50           -0.96           -0.06
    [173]      79             -5.28               -8.59          3.37           -5.22            0.06
    [174]      57              1.27               -1.97          3.20            1.22           -0.05
    [175]      23              2.52               -1.06          3.53            2.48           -0.04
    [176]      58             -3.10               -7.65          4.57           -3.07            0.03
    [177]      26             -2.88               -7.72          4.82           -2.90           -0.02
    [178]      73             -2.83               -7.88          5.03           -2.85           -0.02
    [179]      45             -2.55               -7.50          4.97           -2.53            0.02
    [180]      32             -2.67               -7.66          4.98           -2.68           -0.01
    [181]      87              2.62               -0.99          3.62            2.63            0.01
    [182]      13              1.66               -1.98          3.65            1.67            0.01
    [183]      31             -2.93               -7.36          4.43           -2.93            0.00
    [184]      47              1.23               -0.85          2.08            1.23           -0.00
    [185]      75             -2.49               -8.07          5.57           -2.49           -0.00
    [186]      39             -4.23               -8.15          3.92           -4.23           -0.00
    [187]      35             -3.85               -7.43          3.58           -3.85            0.00
    [188]      76             -2.01               -5.66          3.65           -2.01           -0.00
    -----------------------------------------------------------------------------------------
    RMS Error =            1.500 kcal/mol
    MAE Error =            1.105 kcal/mol
    MAX Error =            4.190 kcal/mol
    =========================================================================================


    Initial        Tolerance  Value (kcal/mol)  
    ----------------------------------------------------------------------------------
    MAE Residual:         0.500            1.105    
    RMS Residual:         0.800            1.500    
    MAX Residual:         2.500            4.190    

  Starting Global Optimization
  ----------------------------
  Algorithm       : scipy.optimize.differential_evolution
  Scalar objective: MAE-MAX
  Max generations : 80
  Population size : 15 x n_parameters
  Random seed     : 1
  Final polish    : True

    DE generation 1      best MAE-MAX =     3.87168988 kcal/mol   convergence = 2.248852e-02
    DE generation 2      best MAE-MAX =     3.87142961 kcal/mol   convergence = 2.267597e+00

  Differential Evolution Finished
  Best MAE-MAX =     3.87061718 kcal/mol


  Final Parameters
  ----------------
    rho_S  =     2.65899016 ang
    S_C _S  =     0.55966877
    S_H _S  =     0.59615673
    S_N _S  =     0.59090291
    S_O _S  =     0.90924155
    S_S _C  =     0.52786673
    S_S _H  =     0.97256726
    S_S _N  =     0.83337898
    S_S _O  =     0.61655068
    S_S _S  =     0.89368278

  Final Statistics
  ----------------
    RMSE =     1.38905344 kcal/mol
    MAE  =     1.01566049 kcal/mol
    MAX  =     4.18966171 kcal/mol
    Target MAE =     0.5000 kcal/mol : FAIL
    Target RMS =     0.8000 kcal/mol : FAIL
    Target MAX =     2.5000 kcal/mol : FAIL
    Positive polarization energies = 0

  Bound Check
  -----------
    No optimized parameter is pinned at a bound.

  Final Full Data Set Sorted by Absolute Error
  --------------------------------------------
    Rank   Index             Ref            PolE             CDS            Calc             Err
       1     167       -3.950000      -13.133462        4.993800       -8.139662       -4.189662
       2     176      -13.800000      -13.008138        3.397800       -9.610338        4.189662
       3     118       -9.720000       -5.889859        0.329500       -5.560359        4.159641
       4     120       -3.080000      -10.757566        3.542100       -7.215466       -4.135466
       5     140      -13.600000      -17.288031       -0.174300      -17.462331       -3.862331
       6     134       -9.920000       -9.511419        3.262700       -6.248719        3.671281
       7     166       -3.710000      -12.215401        5.012900       -7.202501       -3.492501
       8     121       -3.340000      -11.770200        5.189200       -6.581000       -3.241000
       9     130       -3.590000      -11.899766        5.299200       -6.600566       -3.010566
      10     155       -3.640000       -5.104150        4.367200       -0.736950        2.903050
      11     131       -3.140000      -11.136071        5.365300       -5.770771       -2.630771
      12     171       -3.850000       -5.327217        4.102600       -1.224617        2.625383
      13     149       -3.890000       -5.234137        3.965500       -1.268637        2.621363
      14     159       -3.660000       -2.858647        1.730600       -1.128047        2.531953
      15      66       -8.580000      -12.431637        1.345900      -11.085737       -2.505737
      16     168       -4.100000       -3.737607        2.102700       -1.634907        2.465093
      17     144      -10.000000      -11.172380        3.606100       -7.566280        2.433720
      18     156       -4.290000       -3.770077        1.812800       -1.957277        2.332723
      19     129       -5.570000       -8.045893        0.165900       -7.879993       -2.309993
      20      74       -2.780000       -9.988315        4.899400       -5.088915       -2.308915
      21     138       -5.550000       -6.786709        3.448900       -3.337809        2.212191
      22     111       -4.510000       -5.516915        3.215300       -2.301615        2.208385
      23     172       -4.390000       -3.552790        1.342200       -2.210590        2.179410
      24     157       -4.070000       -3.196488        1.233800       -1.962688        2.107312
      25      40       -4.020000      -10.354124        4.230900       -6.123224       -2.103224
      26     160       -4.500000       -3.548593        1.130200       -2.418393        2.081607
      27     150       -4.290000       -4.392958        2.177900       -2.215058        2.074942
      28     127       -5.560000       -6.831031        3.309000       -3.522031        2.037969
      29     135       -5.570000       -7.002412        3.438100       -3.564312        2.005688
      30      67       -4.760000       -5.601951        2.706700       -2.895251        1.864749
      31      60       -2.650000       -9.337933        4.830200       -4.507733       -1.857733
      32     117       -9.630000      -12.918938        5.140000       -7.778938        1.851062
      33     161       -6.260000       -7.303492        2.776300       -4.527192        1.732808
      34     186       -1.240000       -1.573321        2.061100        0.487779        1.727779
      35     165       -4.120000      -11.431904        5.626200       -5.805704       -1.685704
      36     125       -5.510000       -7.898232        0.718700       -7.179532       -1.669532
      37      61       -5.320000       -6.979533        3.312500       -3.667033        1.652967
      38      11       -4.090000       -6.439956        3.996900       -2.443056        1.646944
      39     113      -11.680000      -15.713623        2.394200      -13.319423       -1.639423
      40     114       -6.310000       -9.388518        1.445800       -7.942718       -1.632718
      41     185       -0.700000       -0.134104        1.025300        0.891196        1.591196
      42     153      -10.900000      -13.568380        4.254500       -9.313880        1.586120
      43       3       -5.050000       -9.075673        2.477500       -6.598173       -1.548173
      44     162       -4.560000       -4.057328        1.035000       -3.022328        1.537672
      45       7       -4.240000       -6.465760        3.711300       -2.754460        1.485540
      46     104       -6.140000       -8.356269        3.692000       -4.664269        1.475731
      47     126       -6.550000       -7.417704        2.339000       -5.078704        1.471296
      48      49       -5.490000       -6.387437        2.338200       -4.049237        1.440763
      49      37       -5.080000       -6.898473        3.242900       -3.655573        1.424427
      50     170       -5.110000       -3.704197        0.010700       -3.693497        1.416503
      51      98       -6.620000       -8.446210        3.222500       -5.223710        1.396290
      52       8       -4.360000       -6.416949        3.428800       -2.988149        1.371851
      53      54       -1.920000       -6.568088        3.286000       -3.282088       -1.362088
      54     119      -10.400000      -17.697436        5.943200      -11.754236       -1.354236
      55      93       -5.870000       -8.154575        3.636900       -4.517675        1.352325
      56      41       -0.870000       -4.861210        2.640700       -2.220510       -1.350510
      57     151       -5.490000       -7.115885        2.953900       -4.161985        1.328015
      58     154       -4.100000       -7.390971        4.617500       -2.773471        1.326529
      59      46        1.580000       -0.226886        3.127900        2.901014        1.321014
      60      38       -2.450000       -7.801119        4.035000       -3.766119       -1.316119
      61       2       -9.300000      -13.181565        2.590800      -10.590765       -1.290765
      62      96       -6.160000       -9.423846        4.545600       -4.878246        1.281754
      63     148       -9.710000      -12.000657        3.530100       -8.470557        1.239443
      64      64       -6.210000       -9.786718        4.814400       -4.972318        1.237682
      65      43       -6.360000       -9.407696        4.272700       -5.134996        1.225004
      66      12       -4.470000       -6.414063        3.152500       -3.261563        1.208437
      67     143       -4.620000       -6.318681        2.874800       -3.443881        1.176119
      68       4       -4.720000       -6.420027        2.875800       -3.544227        1.175773
      69     169       -7.400000       -6.438432       -2.134600       -8.573032       -1.173032
      70      36       -4.580000       -9.971849        4.251500       -5.720349       -1.140349
      71      92       -2.290000       -8.343349        4.920000       -3.423349       -1.133349
      72     173       -4.700000       -7.033383        1.200100       -5.833283       -1.133283
      73     184       -1.300000       -2.217941        2.039600       -0.178341        1.121659
      74      15       -4.830000       -6.340156        2.596400       -3.743756        1.086244
      75     105      -10.480000      -14.282835        4.857400       -9.425435        1.054565
      76     174       -5.480000       -4.039236       -0.401700       -4.440936        1.039064
      77     182       -1.540000       -3.334326        2.820800       -0.513526        1.026474
      78     179       -1.630000       -5.348606        2.720700       -2.627906       -0.997906
      79      82       -5.490000       -8.281975        3.736900       -4.545075        0.944925
      80      56       -5.010000       -6.472151        2.375500       -4.096651        0.913349
      81     112       -2.210000       -5.290481        3.981100       -1.309381        0.900619
      82     100       -6.470000       -9.559936        3.990400       -5.569536        0.900464
      83      99       -3.440000       -7.903605        3.576700       -4.326905       -0.886905
      84     177       -1.050000       -2.393718        2.223000       -0.170718        0.879282
      85      95       -3.030000       -8.057479        4.155300       -3.902179       -0.872179
      86     108       -3.470000       -6.516695        2.185600       -4.331095       -0.861095
      87      52        0.750000       -1.917582        1.807700       -0.109882       -0.859882
      88      85       -2.390000       -6.537656        3.296200       -3.241456       -0.851456
      89      51        0.560000       -2.501374        2.217600       -0.283774       -0.843774
      90      55        1.830000       -1.335463        2.339600        1.004137       -0.825863
      91      91        1.960000       -1.358678        2.497200        1.138522       -0.821478
      92      62       -2.220000       -7.075432        4.039100       -3.036332       -0.816332
      93      72       -3.910000      -10.094549        5.385300       -4.709249       -0.799249
      94      19       -3.640000       -8.065818        3.648000       -4.417818       -0.777818
      95     158       -4.290000       -3.765476        0.252000       -3.513476        0.776524
      96      14        0.010000       -3.522373        4.278000        0.755627        0.745627
      97      16        2.850000       -0.733412        4.323600        3.590188        0.740188
      98      10        0.290000       -3.511728        4.535900        1.024172        0.734172
      99      30       -3.410000       -7.984624        3.854200       -4.130424       -0.720424
     100      34       -6.700000       -9.849454        3.857000       -5.992454        0.707546
     101      42       -3.180000       -7.732611        3.861500       -3.871111       -0.691111
     102     181       -1.830000       -3.807158        2.664100       -1.143058        0.686942
     103      53       -1.760000       -5.723500        3.294800       -2.428700       -0.668700
     104     187       -1.420000       -4.833165        2.774700       -2.058465       -0.638465
     105     133       -4.840000       -6.353669        2.143800       -4.209869        0.630131
     106      81       -1.660000       -5.782806        3.525600       -2.257206       -0.597206
     107      33       -3.500000       -7.590011        3.493900       -4.096111       -0.596111
     108     110       -0.890000       -4.597252        3.116300       -1.480952       -0.590952
     109     128       -4.630000       -6.937092        1.716600       -5.220492       -0.590492
     110     132       -5.220000       -6.664197        2.034400       -4.629797        0.590203
     111      86        2.080000       -1.284513        2.774600        1.490087       -0.589913
     112      50       -4.680000       -7.082266        2.985700       -4.096566        0.583434
     113      24        2.320000       -1.197847        2.944100        1.746253       -0.573747
     114      83       -9.510000      -13.813363        4.831600       -8.981763        0.528237
     115      90        2.330000       -1.253292        3.062800        1.809508       -0.520492
     116     188       -2.550000       -4.624044        2.579600       -2.044444        0.505556
     117      80       -2.930000       -8.041301        4.612300       -3.429001       -0.499001
     118     175       -3.230000       -3.821742        0.105000       -3.716742       -0.486742
     119      63       -0.010000       -3.797276        4.261200        0.463924        0.473924
     120      48        1.200000       -1.255905        1.993800        0.737895       -0.462105
     121      70        1.710000       -0.489031        2.658100        2.169069        0.459069
     122     145       -4.680000       -6.934984        2.709900       -4.225084        0.454916
     123     152       -5.560000       -4.187369       -0.929900       -5.117269        0.442731
     124     141       -3.580000       -7.095494        3.098800       -3.996694       -0.416694
     125     116       -4.480000       -6.366871        1.470600       -4.896271       -0.416271
     126      65        2.330000       -0.000000        1.925100        1.925100       -0.404900
     127      21       -3.290000       -7.918349        4.230000       -3.688349       -0.398349
     128     107        0.610000       -2.928043        3.931400        1.003357        0.393357
     129     163       -5.310000       -7.015654        2.095700       -4.919954        0.390046
     130      29       -2.890000       -7.013944        4.513500       -2.500444        0.389556
     131     147       -7.770000       -6.120212       -2.019500       -8.139712       -0.369712
     132       6       -0.160000       -3.787553        3.993400        0.205847        0.365847
     133     101        1.270000       -2.202172        3.134100        0.931928       -0.338072
     134     123       -4.720000       -6.553645        2.170300       -4.383345        0.336655
     135      88        2.490000       -1.181117        3.347700        2.166583       -0.323417
     136      71       -3.320000       -8.238068        4.615000       -3.623068       -0.303068
     137     139       -4.940000       -6.911971        1.671100       -5.240871       -0.300871
     138       9        1.680000       -1.982359        3.957900        1.975541        0.295541
     139     146       -6.340000       -6.878656        0.246500       -6.632156       -0.292156
     140     109       -3.120000       -5.666378        2.267400       -3.398978       -0.278978
     141     164       -7.170000       -7.031446        0.132300       -6.899146        0.270854
     142      78       -2.570000       -8.015774        5.177300       -2.838474       -0.268474
     143     103       -0.310000       -3.784196        3.740200       -0.043996        0.266004
     144       1       -4.480000       -9.035178        4.298300       -4.736878       -0.256878
     145      17        2.500000       -1.126076        3.373000        2.246924       -0.253076
     146     136       -4.770000       -6.683312        1.677500       -5.005812       -0.235812
     147      27       -3.530000       -7.707970        3.948600       -3.759370       -0.229370
     148      18        2.880000       -0.818859        3.919600        3.100741        0.220741
     149      59       -0.800000       -4.433096        3.414800       -1.018296       -0.218296
     150     122       -4.860000       -6.864463        2.206300       -4.658163        0.201837
     151      28        1.340000       -2.228847        3.374200        1.145353       -0.194647
     152      97       -2.450000       -7.527205        5.250800       -2.276405        0.173595
     153      84       -0.840000       -4.304629        3.631200       -0.673429        0.166571
     154     102       -2.860000       -7.407092        4.704000       -2.703092        0.156908
     155     137       -4.740000       -6.874783        1.985400       -4.889383       -0.149383
     156      77       -2.040000       -8.043554        6.149700       -1.893854        0.146146
     157     142       -7.580000       -5.744478       -1.978600       -7.723078       -0.143078
     158      25        1.160000       -2.252307        3.532900        1.280593        0.120593
     159     124       -4.600000       -6.700631        2.221000       -4.479631        0.120369
     160      69       -5.110000       -7.498896        2.507500       -4.991396        0.118604
     161       5        1.380000       -2.109009        3.376700        1.267691       -0.112309
     162      22       -6.770000      -10.045352        3.387600       -6.657752        0.112248
     163     178       -2.730000       -6.026910        3.408500       -2.618410        0.111590
     164      20       -3.040000       -7.694242        4.551200       -3.143042       -0.103042
     165      44        0.040000       -4.408502        4.533300        0.124798        0.084798
     166      68        2.000000       -0.832401        2.754300        1.921899       -0.078101
     167      89        2.890000       -1.091852        3.905600        2.813748       -0.076252
     168     106       -0.810000       -4.348612        3.605000       -0.743612        0.066388
     169     115       -0.530000       -4.575577        4.110400       -0.465177        0.064823
     170      94       -0.900000       -4.464468        3.504500       -0.959968       -0.059968
     171     180       -1.430000       -4.409197        2.919500       -1.489697       -0.059697
     172      79       -5.280000       -8.588634        3.367700       -5.220934        0.059066
     173      57        1.270000       -1.971685        3.195900        1.224215       -0.045785
     174      23        2.520000       -1.056526        3.532000        2.475474       -0.044526
     175      58       -3.100000       -7.645383        4.573200       -3.072183        0.027817
     176      26       -2.880000       -7.722700        4.820100       -2.902600       -0.022600
     177      73       -2.830000       -7.875178        5.026300       -2.848878       -0.018878
     178      45       -2.550000       -7.504555        4.970100       -2.534455        0.015545
     179      32       -2.670000       -7.655233        4.978800       -2.676433       -0.006433
     180      87        2.620000       -0.992701        3.618400        2.625699        0.005699
     181      13        1.660000       -1.979869        3.645200        1.665331        0.005331
     182      31       -2.930000       -7.357974        4.430900       -2.927074        0.002926
     183      47        1.230000       -0.851067        2.078700        1.227633       -0.002367
     184      75       -2.490000       -8.066362        5.574600       -2.491762       -0.001762
     185      39       -4.230000       -8.154680        3.923300       -4.231380       -0.001380
     186      35       -3.850000       -7.431470        3.582000       -3.849470        0.000530
     187      76       -2.010000       -5.664100        3.654100       -2.010000       -0.000000
     188     183       -1.270000       -4.630300        3.360300       -1.270000        0.000000

  Optimization Finished
  ---------------------
  Success : True
  Message : Optimization terminated successfully.
  Nfev    : 1099
  Parameter file : paramfit_chons_s_stage_explicit_maemax.params.toml
