 ==========================================================================================
 =========                __  ___                         ____  ______            =========
 ======                  /  |/  /___ _______________     / __ \/ ____/               ======
 ====                   / /|_/ / __ `/ ___/ ___/ __ \   / / / / /                      ====
 ===                   / /  / / /_/ / /__/ /  / /_/ /  / /_/ / /___                     ===
 ==                   /_/  /_/\__,_/\___/_/   \____/   \___\_\____/                      ==
 ===                                                                1.0.4                ===
 =====     An electronic structure theory software for large-scale applications       =====
 ======                                 See license.txt for license info             ======
 =========                                                                        =========
 ==========================================================================================
                                                                                           
                           * * * * * * * * * * * * * * * * * * * *                        
                           *            Developed by             *                        
                           *             U. Bozkaya              *                        
                           *                                     *                        
                           *       With contributions from:      *                        
                           *         B. Ermis, Y. Alagoz,        *                        
                           *         A. Unal, and A. K. Uyar     *                        
                           *         Git Version: deab493        *                        
                           *       Latest Revision: 2026-03-23   *                        
                           * * * * * * * * * * * * * * * * * * * *                        


 Run date: Wed Mar 25 09:26:23 2026
 
 Hostname: ub19 

 ## MacroQC input file ##
 ******************************************************************************************
$set_molecule
0 1
C       1.2310827123    -0.1619137816    -0.0000000000
C      -0.1341182397     0.4514563011     0.0000000000
C      -1.2783280577    -0.2196127366    -0.0000000000
H       1.8039236029     0.1543322280    -0.8758364276
H       1.1815597493    -1.2510051373    -0.0000000000
H       1.8039236029     0.1543322280     0.8758364276
H      -0.1663245541     1.5375009848     0.0000000000
H      -2.2333903145     0.2884440915     0.0000000000
H      -1.3015105760    -1.3031830924    -0.0000000000
$end_molecule


$set_globals
   basis cc-pvdz
  method mp2
  reference rhf
  jobtype energy
  memory 30000
$end_globals


$set_scf
  e_convergence 1.0e-8
  d_convergence 1.0e-6
  guess sad
  solvation true
$end_scf


$set_solvation
  cds_type smd
  radius_type smd
  solvent_params mn21
  dielectric_params mn21 #sm8
  sasa_type numeric
  solvent water
  num_ang_points 100
  charge_type iao_mulliken #iao_lowdin, mulliken, lowdin
  coulomb_radii smd
$end_solvation

$set_dfocc
solvation true
$end_dfocc

 ******************************************************************************************


	-Geometry before Center-of-Mass shift (ang): 
	 Number     Atom               X                    Y                       Z  
	 ---------------------------------------------------------------------------------------
           1     C             1.2310827123         -0.1619137816          -0.0000000000  
           2     C            -0.1341182397          0.4514563011           0.0000000000  
           3     C            -1.2783280577         -0.2196127366          -0.0000000000  
           4     H             1.8039236029          0.1543322280          -0.8758364276  
           5     H             1.1815597493         -1.2510051373          -0.0000000000  
           6     H             1.8039236029          0.1543322280           0.8758364276  
           7     H            -0.1663245541          1.5375009848           0.0000000000  
           8     H            -2.2333903145          0.2884440915           0.0000000000  
           9     H            -1.3015105760         -1.3031830924          -0.0000000000  



	-Geometry after Center-of-Mass shift (ang): 
	 Atom               X                    Y                       Z  
	 -------------------------------------------------------------------
     C           1.2567603524         -0.1718145111          -0.0000000000  
     C          -0.1084405996          0.4415555716           0.0000000000  
     C          -1.2526504176         -0.2295134661          -0.0000000000  
     H           1.8296012430          0.1444314985          -0.8758364276  
     H           1.2072373894         -1.2609058668          -0.0000000000  
     H           1.8296012430          0.1444314985           0.8758364276  
     H          -0.1406469140          1.5276002553           0.0000000000  
     H          -2.2077126744          0.2785433620           0.0000000000  
     H          -1.2758329359         -1.3130838219          -0.0000000000  


	-Geometry after Center-of-Mass shift (bohr): 
	 Atom               X                    Y                       Z  
	 -------------------------------------------------------------------
     C           2.3749328714         -0.3246823704          -0.0000000000  
     C          -0.2049230341          0.8344190995           0.0000000000  
     C          -2.3671662202         -0.4337175931          -0.0000000000  
     H           3.4574452681          0.2729359760          -1.6550909789  
     H           2.2813480344         -2.3827667583          -0.0000000000  
     H           3.4574452681          0.2729359760           1.6550909789  
     H          -0.2657841478          2.8867461117           0.0000000000  
     H          -4.1719723183          0.5263706682           0.0000000000  
     H          -2.4109748306         -2.4813688032          -0.0000000000  


    Rotational Constants: A =     1.57786  B =     0.31069  C =      0.27255 [cm^-1] 
    Rotor Type: ASYMMETRIC 

	-Nuclear Dipole Moment: (e a0)  
	 X:  1.16457   Y:  -0.44903   Z:  0.00000   Total:  1.24814 

	-Nuclear Dipole Moment: (D)  
	 X:  2.96004   Y:  -1.14133   Z:  0.00000   Total:  3.17245 


    Nuclear repulsion energy (V_NN)              : 70.887691276158 
   =====================================================
   Charge                : 0 
   Multiplicity          : 1 
   Number of Atoms       : 9 
   Number of Ghost Atoms : 0 
   Number of Electrons   : 24 
   Number of alpha occupied orbitals (NoccA)  : 12 
   Number of beta occupied orbitals (NoccB)   : 12 
   Number of singly occupied orbitals (Nsocc) : 0 
   Number of doubly occupied orbitals (Ndocc) : 12 
   =====================================================



  ## GLOBALS Options ##

  | TYPE         | KEY                      | INPUT? | VALUE              | DEFAULT            
  |--------------|--------------------------|--------|--------------------|--------------------
  | BOOL         | ERI_DISK                 | NO     | FALSE              | FALSE              
  | BOOL         | FREEZE_CORE              | NO     | TRUE               | TRUE               
  | BOOL         | MOL_FRAG                 | NO     | FALSE              | FALSE              
  | BOOL         | NOCOM                    | NO     | FALSE              | FALSE              
  | BOOL         | NOREORIENT               | NO     | TRUE               | TRUE               
  | BOOL         | PUREAM                   | NO     | TRUE               | TRUE               
  | BOOL         | ML                       | NO     | FALSE              | FALSE              
  | BOOL         | READ_PDB                 | NO     | FALSE              | FALSE              
  | BOOL         | TEST_MODE                | NO     | FALSE              | FALSE              
  | INT          | DERIVE_LEVEL             | NO     | 0                  | 0                  
  | INT          | FINDIF_POINTS            | NO     | 3                  | 3                  
  | INT          | MEMORY                   | YES    | 30000              | 2000               
  | INT          | NUM_THREADS              | NO     | 1                  | 1                  
  | INT          | NUM_FROZEN_DOCC          | NO     | 0                  | 0                  
  | INT          | NUM_FROZEN_VIR           | NO     | 0                  | 0                  
  | INT          | PRINT_LEVEL              | NO     | 0                  | 0                  
  | STRING       | AUX_BASIS_CORR           | NO     | CC-PVDZ-RI         | CC-PVDZ-RI         
  | STRING       | AUX_BASIS_SCF            | NO     | CC-PVDZ-JKFIT      | CC-PVDZ-JKFIT      
  | STRING       | BASIS                    | YES    | CC-PVDZ            | CC-PVDZ            
  | STRING       | BASIS2                   | NO     | MINAO              | MINAO              
  | STRING       | DERIVE_TYPE              | NO     | ANALYTIC           | ANALYTIC           
  | STRING       | FINDIF_METHOD            | NO     | GRAD               | GRAD               
  | STRING       | GEOM_UNITS               | NO     | ANG                | ANG                
  | STRING       | JOBTYPE                  | YES    | ENERGY             | ENERGY             
  | STRING       | METHOD                   | YES    | MP2                | SCF                
  | STRING       | REFERENCE                | YES    | RHF                | RHF                
  | STRING       | OUTFILE_MODE             | NO     | NEW                | NEW                
  | DOUBLE       | STEP_BOHR                | NO     | 0.05               | 0.05               
  | STR_ARRAY    | MOLECULE_GEOM_FROM       | NO     | [input]            | [input]            
  | DOUBLE_ARRAY | ELECTRIC_STRENGTH        | NO     | [0.001;0.001;0.001]| [0.001;0.001;0.001]
  | STRING       | ELECTRIC_FIELD           | NO     | NONE               | NONE               
  | STRING       | ALIGN_TWO_ATOMS          | NO     | NONE               | NONE               
  | INT_ARRAY    | TWO_ATOMS                | NO     | [0]                | [0]                



  ## INTS Options ##

  | TYPE         | KEY                      | INPUT? | VALUE              | DEFAULT            
  |--------------|--------------------------|--------|--------------------|--------------------
  | DOUBLE       | BOYS_CUTOFF              | NO     | 1e-15              | 1e-15              
  | DOUBLE       | BOYS_ZERO                | NO     | 1e-06              | 1e-06              
  | DOUBLE       | DELTA_X                  | NO     | 0.1                | 0.1                
  | DOUBLE       | INTEGRAL_CUTOFF          | NO     | 1e-10              | 1e-10              
  | DOUBLE       | X_MAX                    | NO     | 30.0               | 30.0               
  | INT          | BOYS_MAXITER             | NO     | 10000              | 10000              
  | INT          | MAX_AM                   | NO     | 7                  | 7                  
  | INT          | MAX_AM_AUX               | NO     | 7                  | 7                  
  | INT          | PRINT_LEVEL              | NO     | 0                  | 0                  
  | INT          | TAYLOR_ORDER             | NO     | 6                  | 6                  
  | STRING       | 3INDEX_ALGORITHM         | NO     | AUTO               | AUTO               
  | STRING       | BOYS_METHOD              | NO     | GHP                | GHP                
  | STRING       | ERI_ALGORITHM            | NO     | MD4                | MD4                


	Initializing Liboeprop (by U. Bozkaya) ...

	*=================================================================*
	*                  SCF                                            *
	*   Developed by U. Bozkaya & Y. Alagoz                           *
	*   Latest revision Feb 16, 2021                                  *
	*=================================================================*



  ## SCF Options ##

  | TYPE         | KEY                      | INPUT? | VALUE              | DEFAULT            
  |--------------|--------------------------|--------|--------------------|--------------------
  | BOOL         | DIIS_DAMP                | NO     | FALSE              | FALSE              
  | BOOL         | DIE_IF_NOT_CONVERGED     | NO     | TRUE               | TRUE               
  | BOOL         | DO_DF                    | NO     | TRUE               | TRUE               
  | BOOL         | DIIS                     | NO     | TRUE               | TRUE               
  | BOOL         | FOCK_DAMP                | NO     | FALSE              | FALSE              
  | BOOL         | GUESS_MIX                | NO     | FALSE              | FALSE              
  | BOOL         | GUESS_PREVIOUS           | NO     | FALSE              | FALSE              
  | BOOL         | LOCAL                    | NO     | FALSE              | FALSE              
  | BOOL         | RETRY                    | NO     | TRUE               | TRUE               
  | DOUBLE       | CUTOFF                   | NO     | 1e-10              | 1e-10              
  | DOUBLE       | D_CONVERGENCE            | YES    | 1e-06              | 1e-06              
  | DOUBLE       | DAMP_PARAM               | NO     | 0.02               | 0.02               
  | DOUBLE       | E_CONVERGENCE            | YES    | 1e-08              | 1e-08              
  | DOUBLE       | FOCK_DAMP_PERC           | NO     | 20.0               | 20.0               
  | DOUBLE       | MIN_OVERLAP_EIGVAL       | NO     | 1e-06              | 1e-06              
  | DOUBLE       | LOCAL_CONVERGENCE        | NO     | 1e-08              | 1e-08              
  | DOUBLE       | QC_GUESS_E_CONVERGENCE   | NO     | 0.0001             | 0.0001             
  | DOUBLE       | QC_GUESS_D_CONVERGENCE   | NO     | 0.005              | 0.005              
  | INT          | MAX_DIIS                 | NO     | 6                  | 6                  
  | INT          | MIN_DIIS                 | NO     | 2                  | 2                  
  | INT          | PRINT_LEVEL              | NO     | 0                  | 0                  
  | INT          | SCF_MAXITER              | NO     | 50                 | 50                 
  | INT          | LOCAL_MAXITER            | NO     | 50                 | 50                 
  | STRING       | DIIS_ALGORITHM           | NO     | DISK               | DISK               
  | STRING       | GUESS                    | YES    | SAD                | SAD                
  | BOOL         | MO_WRITE                 | NO     | FALSE              | FALSE              
  | BOOL         | FOCK_WRITE               | NO     | FALSE              | FALSE              
  | STRING       | ORTH_TYPE                | NO     | CANONICAL          | CANONICAL          
  | STRING       | ROHF_CANONIC_TYPE        | NO     | GUEST              | GUEST              
  | STRING       | ERI                      | NO     | INCORE             | INCORE             
  | STRING       | SCF_ALGORITHM            | NO     | ROOTHAAN           | ROOTHAAN           
  | STRING       | LOCAL_TYPE               | NO     | BOYS               | BOYS               
  | BOOL         | SAD_FRAC_OCC             | NO     | TRUE               | TRUE               
  | BOOL         | SAD_SPIN_AVERAGE         | NO     | TRUE               | TRUE               
  | DOUBLE       | SAD_E_CONVERGENCE        | NO     | 1e-05              | 1e-05              
  | DOUBLE       | SAD_D_CONVERGENCE        | NO     | 1e-05              | 1e-05              
  | INT          | SAD_MAXITER              | NO     | 50                 | 50                 
  | BOOL         | NIE                      | NO     | FALSE              | FALSE              
  | BOOL         | SAD_DIIS                 | NO     | TRUE               | TRUE               
  | INT          | SAD_MAX_DIIS             | NO     | 6                  | 6                  
  | INT          | SAD_MIN_DIIS             | NO     | 2                  | 2                  
  | INT          | SAD_PRINT                | NO     | 0                  | 0                  
  | STRING       | SAD_AUX_BASIS            | NO     | SAD-FIT            | SAD-FIT            
  | DOUBLE       | SAD_CHOLESKY_TOLERANCE   | NO     | 1e-07              | 1e-07              
  | BOOL         | SOLVATION                | YES    | TRUE               | FALSE              
  | BOOL         | BYPASS                   | NO     | FALSE              | FALSE              
  | STRING       | IAO_TYPE                 | NO     | STANDARD2013       | STANDARD2013       
  | BOOL         | USE_IAOS                 | NO     | FALSE              | FALSE              

	Initializing libdiis ...
	Initializing libmolint 1.1 ...
 CC-PVDZ primary basis set file will be read for the C atom...
 CC-PVDZ primary basis set file will be read for the H atom...
 Nmaxthread: 16 
 Nshell: 36 
 Lmax:  2 
 Npmax:  8 
 Nao: 72 
 Ndocc: 12 
 Nsocc:  0 
 NoccA: 12 
 NoccB: 12 
 Primary basis set info has been read.

 CC-PVDZ-JKFIT aux basis set file will be read for the C atom...
 CC-PVDZ-JKFIT aux basis set file will be read for the H atom...
 Nshell_aux: 126 
 Naux: 348 
 Aux basis set info has been read.

 orth_type: CANONICAL 
 Cpu time for S ints :       0.0100 s
 Wall time for S ints:       0.0076 s

 Using canonical orthogonalization. 
 Minimum eigenvalue in the overlap matrix is:   3.1871E-03 

 Cpu time for T ints :       0.0700 s
 Wall time for T ints:       0.0179 s
 Cpu time for V ints :       0.4500 s
 Wall time for V ints:       0.1112 s
 Cpu time for Metric ints :       0.5400 s
 Wall time for Metric ints:       0.1472 s
 3-Index Algorithm: AUTO 

 Calling fortran integrals: ringing... 
 Done with fintegrals.

 Cpu time for 3-index ints :       1.5700 s
 Wall time for 3-index ints:       0.4597 s
 Cpu time for df-factors :       0.0900 s
 Wall time for df-factors:       0.0248 s


 Puream (True=1, False=0) : 1
 Number of AO             : 72
 Number of MO             : 72
 Number of Aux Functions  : 348
 Charge                   : 0
 Multiplicity             : 1
 Alpha OCC                : 12
 Beta OCC                 : 12
 Nuclear Repulsion Energy : 70.88769128
 Energy Treshold          : 1.0e-08
 Density Treshold         : 1.0e-06
 Iteration Limit          : 50
 Guess                    : SAD
 Guess Mix                : false
 Diis                     : true
 Diis Damping             : false
 Diis Damp Parameter      : 0.02
 Diis Algorithm           : DISK
 Cutoff Treshold          : 1.0e-10
 Density Fitting          : true
 Reference                : RHF
 Die If Not Converged     : true
 Print Level              : 0
 ERI Algorithm            : INCORE
 SCF Algorithm            : ROOTHAAN




  ## SOLVATION Options ##

  | TYPE         | KEY                      | INPUT? | VALUE              | DEFAULT            
  |--------------|--------------------------|--------|--------------------|--------------------
  | INT          | NUM_Z_POINTS             | NO     | 90                 | 90                 
  | INT          | NUM_ANG_POINTS           | YES    | 100                | 100                
  | STRING       | SASA_TYPE                | YES    | NUMERIC            | NUMERIC            
  | STRING       | CHARGE_TYPE              | YES    | IAO_MULLIKEN       | IAO_MULLIKEN       
  | STRING       | CDS_TYPE                 | YES    | SMD                | SMD                
  | STRING       | SOLVENT                  | YES    | WATER              | WATER              
  | STRING       | SOLVENT_PARAMS           | YES    | MN21               | SM8                
  | STRING       | DIELECTRIC_PARAMS        | YES    | MN21               | MN21               
  | STRING       | COULOMB_RADII            | YES    | SMD                | SMD                
  | DOUBLE       | COVALENT_VW_CONST        | NO     | 0.76               | 0.76               
  | DOUBLE       | SOLVENT_RADIUS           | NO     | 0.4                | 0.4                
  | STRING       | RADIUS_TYPE              | YES    | SMD                | SMD                
  | DOUBLE       | GB_DIJ                   | NO     | 3.7                | 3.7                
  | DOUBLE       | GB_SIJ                   | NO     | 0.75               | 0.75               
  | DOUBLE       | GB_CIJ                   | NO     | 0.0                | 0.0                
  | DOUBLE       | F_PWSASA                 | NO     | 0.4535             | 0.4535             
  | DOUBLE       | SCALE_VDW                | NO     | 1.0                | 1.0                
  | DOUBLE       | SCALE_CR                 | NO     | 1.0                | 1.0                



 Sasa Type                  : NUMERIC 
 Charge Type                : IAO_MULLIKEN 
 CDS Type                   : SMD 
 Radius Type                : SMD 
 Solvent                    : WATER 
 Solvent Parameters         : MN21 
 Dielectric Parameters      : MN21 
 Coulomb Radii Parameters   : SMD 
 GB d_ij parameter          : 3.7000000000 
 GB S_ij parameter          : 0.7500000000 
 GB C_ij parameter          : 0.0000000000 
 Sclae_vdw parameter        : 1.0000000000 
 Number of z-points         : 90 
 Number of angular points   : 100 
 Number of SASA grid points : 17902 
 Solvent Dielectric Constant: 78.3553000000 

 VDW Radii:
	  1 C :       1.7000  ang
	  2 C :       1.7000  ang
	  3 C :       1.7000  ang
	  4 H :       1.2000  ang
	  5 H :       1.2000  ang
	  6 H :       1.2000  ang
	  7 H :       1.2000  ang
	  8 H :       1.2000  ang
	  9 H :       1.2000  ang

	 Computing SASA... 

 Atomic SASA values:
	  1 C :      10.2651  ang^2
	  2 C :       9.9369  ang^2
	  3 C :      17.1064  ang^2
	  4 H :      12.8629  ang^2
	  5 H :      11.7614  ang^2
	  6 H :      12.8629  ang^2
	  7 H :      13.1037  ang^2
	  8 H :      13.0139  ang^2
	  9 H :      12.0417  ang^2

	*Total SASA (angs^2): 112.9548951357 


 Coulomb Radii:
	  1 C :       1.8500  ang
	  2 C :       1.8500  ang
	  3 C :       1.8500  ang
	  4 H :       1.2000  ang
	  5 H :       1.2000  ang
	  6 H :       1.2000  ang
	  7 H :       1.2000  ang
	  8 H :       1.2000  ang
	  9 H :       1.2000  ang
 Solvent Alpha                       : 1.1700000000 

 ## Effective Born Radius (bohr) ##
   0   3.8686662518 
   1   4.0272878428 
   2   3.8789119223 
   3   3.0709305379 
   4   3.1593185518 
   5   3.0709305379 
   6   3.1259674749 
   7   2.9456445122 
   8   3.0206885701 

 Effective Born Radii:
	  1 C :       2.0472  ang
	  2 C :       2.1311  ang
	  3 C :       2.0526  ang
	  4 H :       1.6251  ang
	  5 H :       1.6718  ang
	  6 H :       1.6251  ang
	  7 H :       1.6542  ang
	  8 H :       1.5588  ang
	  9 H :       1.5985  ang


 Coulomb Integrals:
	  1  1 :       0.2585  bohr^-1
	  1  2 :       0.2154  bohr^-1
	  1  3 :       0.1754  bohr^-1
	  1  4 :       0.2578  bohr^-1
	  1  5 :       0.2551  bohr^-1
	  1  6 :       0.2578  bohr^-1
	  1  7 :       0.1980  bohr^-1
	  1  8 :       0.1449  bohr^-1
	  1  9 :       0.1722  bohr^-1
	  2  1 :       0.2154  bohr^-1
	  2  2 :       0.2483  bohr^-1
	  2  3 :       0.2220  bohr^-1
	  2  4 :       0.1996  bohr^-1
	  2  5 :       0.1981  bohr^-1
	  2  6 :       0.1996  bohr^-1
	  2  7 :       0.2523  bohr^-1
	  2  8 :       0.2037  bohr^-1
	  2  9 :       0.2024  bohr^-1
	  3  1 :       0.1754  bohr^-1
	  3  2 :       0.2220  bohr^-1
	  3  3 :       0.2578  bohr^-1
	  3  4 :       0.1538  bohr^-1
	  3  5 :       0.1757  bohr^-1
	  3  6 :       0.1538  bohr^-1
	  3  7 :       0.2040  bohr^-1
	  3  8 :       0.2623  bohr^-1
	  3  9 :       0.2597  bohr^-1
	  4  1 :       0.2578  bohr^-1
	  4  2 :       0.1996  bohr^-1
	  4  3 :       0.1538  bohr^-1
	  4  4 :       0.3256  bohr^-1
	  4  5 :       0.2339  bohr^-1
	  4  6 :       0.2367  bohr^-1
	  4  7 :       0.1877  bohr^-1
	  4  8 :       0.1265  bohr^-1
	  4  9 :       0.1454  bohr^-1
	  5  1 :       0.2551  bohr^-1
	  5  2 :       0.1981  bohr^-1
	  5  3 :       0.1757  bohr^-1
	  5  4 :       0.2339  bohr^-1
	  5  5 :       0.3165  bohr^-1
	  5  6 :       0.2339  bohr^-1
	  5  7 :       0.1620  bohr^-1
	  5  8 :       0.1383  bohr^-1
	  5  9 :       0.1919  bohr^-1
	  6  1 :       0.2578  bohr^-1
	  6  2 :       0.1996  bohr^-1
	  6  3 :       0.1538  bohr^-1
	  6  4 :       0.2367  bohr^-1
	  6  5 :       0.2339  bohr^-1
	  6  6 :       0.3256  bohr^-1
	  6  7 :       0.1877  bohr^-1
	  6  8 :       0.1265  bohr^-1
	  6  9 :       0.1454  bohr^-1
	  7  1 :       0.1980  bohr^-1
	  7  2 :       0.2523  bohr^-1
	  7  3 :       0.2040  bohr^-1
	  7  4 :       0.1877  bohr^-1
	  7  5 :       0.1620  bohr^-1
	  7  6 :       0.1877  bohr^-1
	  7  7 :       0.3199  bohr^-1
	  7  8 :       0.1968  bohr^-1
	  7  9 :       0.1643  bohr^-1
	  8  1 :       0.1449  bohr^-1
	  8  2 :       0.2037  bohr^-1
	  8  3 :       0.2623  bohr^-1
	  8  4 :       0.1265  bohr^-1
	  8  5 :       0.1383  bohr^-1
	  8  6 :       0.1265  bohr^-1
	  8  7 :       0.1968  bohr^-1
	  8  8 :       0.3395  bohr^-1
	  8  9 :       0.2338  bohr^-1
	  9  1 :       0.1722  bohr^-1
	  9  2 :       0.2024  bohr^-1
	  9  3 :       0.2597  bohr^-1
	  9  4 :       0.1454  bohr^-1
	  9  5 :       0.1919  bohr^-1
	  9  6 :       0.1454  bohr^-1
	  9  7 :       0.1643  bohr^-1
	  9  8 :       0.2338  bohr^-1
	  9  9 :       0.3311  bohr^-1
    ===> SCF Iteration Started <===

     Iter. |                   Energy |       Delta E |          Drms |
    -------|--------------------------|---------------|---------------|
         1 |      -116.35074904100468 |    -1.164e+02 |     2.203e-02 |
         2 |      -116.99105228402685 |    -6.403e-01 |     2.828e-03 | DIIS
         3 |      -117.07114669067163 |    -8.009e-02 |     1.662e-03 | DIIS
         4 |      -117.08150859994380 |    -1.036e-02 |     6.139e-04 | DIIS
         5 |      -117.08226230308090 |    -7.537e-04 |     5.669e-05 | DIIS
         6 |      -117.08228402869911 |    -2.173e-05 |     1.569e-05 | DIIS
         7 |      -117.08228754043746 |    -3.512e-06 |     7.232e-06 | DIIS
         8 |      -117.08228783113044 |    -2.907e-07 |     4.099e-06 | DIIS
         9 |      -117.08228785850004 |    -2.737e-08 |     1.673e-06 | DIIS
        10 |      -117.08228786028657 |    -1.787e-09 |     2.652e-07 | DIIS


	-Alpha Occupied Orbital Energies (au):  
	 1: -11.2148582083 	 2: -11.2064991370 	 3: -11.2009597151 	 4: -1.0436038787 	 5: -0.9119802138 
	 6: -0.7343776197 	 7: -0.6157306283 	 8: -0.5603634901 	 9: -0.5437662510 	10: -0.5007908396 
	11: -0.4660322851 	12: -0.3369835657 
	-Alpha Virtual Orbital Energies (au):  
	13: 0.1988865447 	14: 0.2059968113 	15: 0.2331901876 	16: 0.2441077255 	17: 0.2774091353 
	18: 0.2852514264 	19: 0.3034690622 	20: 0.4123041169 	21: 0.5188557263 	22: 0.5821304078 
	23: 0.6180591413 	24: 0.6315760808 	25: 0.7172868916 	26: 0.7289366238 	27: 0.7799683029 
	28: 0.7882166613 	29: 0.8296395168 	30: 0.8738998500 	31: 0.8824203308 	32: 0.8880549540 
	33: 0.9396914431 	34: 0.9472061669 	35: 1.0005891631 	36: 1.0211963870 	37: 1.1184116627 
	38: 1.2188712362 	39: 1.2449893286 	40: 1.2931030927 	41: 1.3055307042 	42: 1.4083880401 
	43: 1.4490764713 	44: 1.6025634704 	45: 1.6783888486 	46: 1.6893922465 	47: 1.7619075120 
	48: 1.8218637628 	49: 1.8455517037 	50: 1.8948145154 	51: 1.9066620987 	52: 1.9198066378 
	53: 1.9580338620 	54: 1.9751270784 	55: 1.9836497649 	56: 2.0770219711 	57: 2.0890302375 
	58: 2.1806366987 	59: 2.2453203517 	60: 2.3124372641 	61: 2.3815811708 	62: 2.4181727401 
	63: 2.5370613342 	64: 2.5681165205 	65: 2.5740881147 	66: 2.6509140653 	67: 2.7627836574 
	68: 2.8335498860 	69: 2.8442927326 	70: 2.9290174754 	71: 3.0959728976 	72: 3.3651223876 



	-Mulliken Population Analysis for SCF:
	 1: 0.0072846332 	 2: -0.1877431539 	 3: -0.0331748055 	 4: 0.0417337808 	 5: 0.0310398311 
	 6: 0.0417337808 	 7: 0.0238166950 	 8: 0.0419611375 	 9: 0.0333481009 

	-Lowdin Population Analysis for SCF:  
	 1: -0.0491490402 	 2: -0.0318283405 	 3: -0.0661746208 	 4: 0.0293679901 	 5: 0.0261458591 
	 6: 0.0293679901 	 7: 0.0229828302 	 8: 0.0215320959 	 9: 0.0177552361 

	-Electronic Dipole Moment: (e a0)  
	 X:  -1.02104   Y:  0.48261   Z:  0.00000   Total:  1.12935 

	-Electronic Dipole Moment: (D)  
	 X:  -2.59522   Y:  1.22668   Z:  0.00000   Total:  2.87053 

	-Total Dipole Moment: (e a0)  
	 X:  0.14353   Y:  0.03358   Z:  0.00000   Total:  0.14741 

	-Total Dipole Moment: (D)  
	 X:  0.36481   Y:  0.08536   Z:  0.00000   Total:  0.37467 



	Initializing Liboeprop (by U. Bozkaya) ...


	-Mulliken Population Analysis for SCF-IAO:
	 1: -0.3646422973 	 2: -0.1030456403 	 3: -0.3041332926 	 4: 0.1286180232 	 5: 0.1251231288 
	 6: 0.1286180232 	 7: 0.1268602527 	 8: 0.1352339717 	 9: 0.1274645755 

	-Lowdin Population Analysis for SCF-IAO:  
	 1: -0.3646422973 	 2: -0.1030456403 	 3: -0.3041332926 	 4: 0.1286180232 	 5: 0.1251231288 
	 6: 0.1286180232 	 7: 0.1268602527 	 8: 0.1352339717 	 9: 0.1274645755 

	Initializing Liblocal (by U. Bozkaya) ...
  ==> Pipek-Mezey Localizer <==

    Convergence =   1.000E-08
    Maxiter     =          50

    Iteration                   Metric       Residual
    PM    0   9.2166587926151529E+00              -
    PM    1   1.5033149657692196E+01   6.310845E-01
    PM    2   1.5945488141105228E+01   6.068845E-02
    PM    3   1.5955233050821377E+01   6.111390E-04
    PM    4   1.5955266509816733E+01   2.097055E-06
    PM    5   1.5955266797931849E+01   1.805768E-08
    PM    6   1.5955266799403848E+01   9.225790E-11

    PM Localizer converged.



	*Molecular contr. to CDS energy:       0.0000  kcal/mol
	*Total CDS energy:       3.1341  kcal/mol
	*SCF::Polarization Free Energy (au)      : -0.0017046623 
	*SCF::Polarization Free Energy (kcal/mol):      -1.0697 
	*SCF::CDS Free Energy (au)      : 0.0049944643 
	*SCF::CDS Free Energy (kcal/mol):       3.1341 
	*SCF::Total Solvation Free Energy (au)      : 0.0032898021 
	*SCF::Total Solvation Free Energy (kcal/mol):       2.0644 
 CC-PVDZ primary basis set file will be read for the C atom...
 CC-PVDZ primary basis set file will be read for the H atom...
 Nmaxthread: 16 
 Nshell: 36 
 Lmax:  2 
 Npmax:  8 
 Nao: 72 
 Ndocc: 12 
 Nsocc:  0 
 NoccA: 12 
 NoccB: 12 
 Primary basis set info has been read.

 CC-PVDZ-JKFIT aux basis set file will be read for the C atom...
 CC-PVDZ-JKFIT aux basis set file will be read for the H atom...
 Nshell_aux: 126 
 Naux: 348 
 Aux basis set info has been read.


	*Total SCF Energy: -117.08228786028657

 Cpu time for SCF :       0.8273 minutes
 Wall time for SCF:       0.2932 minutes


	MO spaces... 

	 FC   OCC   VIR   FV 
	----------------------
	  3    9    60    0


	Libtrans is initialized (by U. Bozkaya) ...

 ============================================================================== 
 ============================================================================== 
 ============================================================================== 

                       DF-MP2   
              Program Written by Ugur Bozkaya
              Latest Revision May 2, 2021

 ============================================================================== 
 ============================================================================== 
 ============================================================================== 

	For this residual convergence, default PCG convergence is:     1.00e-07
    Warning: "PCG_CONVERGENCE" option is changed to     1.00e-07


  ## DFOCC Options ##

  | TYPE         | KEY                      | INPUT? | VALUE              | DEFAULT            
  |--------------|--------------------------|--------|--------------------|--------------------
  | BOOL         | EOM                      | NO     | FALSE              | FALSE              
  | BOOL         | EOM_MP2                  | NO     | FALSE              | FALSE              
  | BOOL         | EOM_MP3                  | NO     | FALSE              | FALSE              
  | BOOL         | EOM_MP2_5                | NO     | FALSE              | FALSE              
  | BOOL         | EOM_LCCD                 | NO     | FALSE              | FALSE              
  | BOOL         | LOW_MEM_MP2              | NO     | FALSE              | FALSE              
  | BOOL         | LOW_MEM_MP3              | NO     | FALSE              | FALSE              
  | BOOL         | CD_PRESCREEN             | NO     | FALSE              | FALSE              
  | DOUBLE       | CIS_E_CONV               | NO     | 1e-06              | 1e-06              
  | DOUBLE       | CIS_R_CONV               | NO     | 1e-06              | 1e-06              
  | DOUBLE       | CIS_RES_PRECONDITION_TOL | NO     | 0.0001             | 0.0001             
  | DOUBLE       | DAVIDSON_TOLERANCE       | NO     | 1e-06              | 1e-06              
  | DOUBLE       | E3_SCALE                 | NO     | 0.25               | 0.25               
  | DOUBLE       | E_CONVERGENCE            | NO     | 1e-06              | 1e-06              
  | DOUBLE       | JK_MEMORY                | NO     | 1000000000.0       | 1000000000.0       
  | DOUBLE       | LEVEL_SHIFT              | NO     | 0.02               | 0.02               
  | DOUBLE       | MAX_MOGRAD_CONVERGENCE   | NO     | 0.001              | 0.001              
  | DOUBLE       | MO_STEP_MAX              | NO     | 0.5                | 0.5                
  | DOUBLE       | MP2_OS_SCALE             | NO     | 1.2                | 1.2                
  | DOUBLE       | MP2_SOS_SCALE            | NO     | 1.3                | 1.3                
  | DOUBLE       | MP2_SOS_SCALE2           | NO     | 1.2                | 1.2                
  | DOUBLE       | MP2_SS_SCALE             | NO     | 0.3333333333333333 | 0.3333333333333333 
  | DOUBLE       | OCC_PERCENTAGE           | NO     | 99.0               | 99.0               
  | DOUBLE       | OCC_TOLERANCE            | NO     | 1e-05              | 1e-05              
  | DOUBLE       | OO_SCALE                 | NO     | 0.01               | 0.01               
  | DOUBLE       | PCG_CONVERGENCE          | NO     | 1e-06              | 1e-06              
  | DOUBLE       | R_CONVERGENCE            | NO     | 1e-05              | 1e-05              
  | DOUBLE       | REG_PARAM                | NO     | 0.4                | 0.4                
  | DOUBLE       | KAPPA_REG_PARAM          | NO     | 1.1                | 1.1                
  | DOUBLE       | RMS_MOGRAD_CONVERGENCE   | NO     | 1e-06              | 1e-06              
  | DOUBLE       | SCG_TOLERANCE            | NO     | 1e-06              | 1e-06              
  | DOUBLE       | SCHMIDT_ADD_RES_TOL      | NO     | 0.001              | 0.001              
  | INT          | ACTIVE_NAT_ORBS          | NO     | 2                  | 2                  
  | INT          | CC_DIIS_MAX_VECS         | NO     | 6                  | 6                  
  | INT          | CC_DIIS_MIN_VECS         | NO     | 2                  | 2                  
  | INT          | CC_MAXITER               | NO     | 50                 | 50                 
  | INT          | CUTOFF                   | NO     | 8                  | 8                  
  | INT          | EXCITATION_RANGE         | NO     | 2                  | 2                  
  | INT          | FOLLOW_ROOT              | NO     | 1                  | 1                  
  | INT          | INTEGRAL_CUTOFF          | NO     | 9                  | 9                  
  | INT          | MAX_VECS                 | NO     | 50                 | 50                 
  | INT          | MO_DIIS_NUM_VECS         | NO     | 6                  | 6                  
  | INT          | MO_MAXITER               | NO     | 50                 | 50                 
  | INT          | NUM_ROOTS                | NO     | 4                  | 4                  
  | INT          | PCG_MAXITER              | NO     | 50                 | 50                 
  | INT          | PRINT_LEVEL              | NO     | 0                  | 0                  
  | INT          | VECS_PER_ROOT            | NO     | 1                  | 1                  
  | STRING       | CC_LAMBDA                | NO     | FALSE              | FALSE              
  | STRING       | CHOLESKY                 | NO     | FALSE              | FALSE              
  | STRING       | CIS_ALGORITHM            | NO     | MO_BASIS           | MO_BASIS           
  | STRING       | CIS_GUESS_COEFF          | NO     | MIX                | MIX                
  | STRING       | COMPUT_S2                | NO     | FALSE              | FALSE              
  | STRING       | DIAG_METHOD              | NO     | DAVIDSON           | DAVIDSON           
  | STRING       | DO_DIIS                  | NO     | TRUE               | TRUE               
  | STRING       | DO_LEVEL_SHIFT           | NO     | TRUE               | TRUE               
  | STRING       | DO_SCS                   | NO     | FALSE              | FALSE              
  | STRING       | DO_SOS                   | NO     | FALSE              | FALSE              
  | STRING       | EKT_IP                   | NO     | FALSE              | FALSE              
  | STRING       | FREEZE_CORE              | NO     | TRUE               | TRUE               
  | STRING       | HESS_TYPE                | NO     | HF                 | HF                 
  | STRING       | JK_TYPE                  | NO     | DIRECT             | DIRECT             
  | STRING       | LINEQ_SOLVER             | NO     | CDGESV             | CDGESV             
  | STRING       | MO_READ                  | NO     | FALSE              | FALSE              
  | STRING       | MO_WRITE                 | NO     | FALSE              | FALSE              
  | STRING       | MP2_AMP_TYPE             | NO     | DIRECT             | DIRECT             
  | STRING       | NAT_ORBS                 | NO     | FALSE              | FALSE              
  | STRING       | NBO                      | NO     | TRUE               | TRUE               
  | STRING       | OCC_ORBS_PRINT           | NO     | FALSE              | FALSE              
  | STRING       | OEPROP                   | NO     | FALSE              | FALSE              
  | STRING       | OPT_METHOD               | NO     | QNR                | QNR                
  | STRING       | ORB_RESP_SOLVER          | NO     | PCG                | PCG                
  | STRING       | ORTH_TYPE                | NO     | MGS                | MGS                
  | STRING       | PCG_BETA_TYPE            | NO     | FLETCHER_REEVES    | FLETCHER_REEVES    
  | STRING       | PPL_TYPE                 | NO     | AUTO               | AUTO               
  | STRING       | PRINT_CI_VECS            | NO     | FALSE              | FALSE              
  | STRING       | QCHF                     | NO     | FALSE              | FALSE              
  | STRING       | READ_SCF_3INDEX          | NO     | TRUE               | TRUE               
  | STRING       | REGULARIZATION           | NO     | FALSE              | FALSE              
  | STRING       | REG_TYPE                 | NO     | NORMAL             | NORMAL             
  | STRING       | SCS_TYPE                 | NO     | SCS                | SCS                
  | STRING       | SOS_TYPE                 | NO     | SOS                | SOS                
  | STRING       | TRIPLES_IABC_TYPE        | NO     | DISK               | DISK               
  | STRING       | UNIT_GUESS_TYPE          | NO     | GEN                | GEN                
  | STRING       | EKT_NEGATIVE_OCC         | NO     | ABS                | ABS                
  | BOOL         | SOLVATION                | YES    | TRUE               | FALSE              

	MO spaces... 

	 FC   OCC   VIR   FV 
	----------------------
	  3    9    60    0
 CC-PVDZ primary basis set file will be read for the C atom...
 CC-PVDZ primary basis set file will be read for the H atom...
 Nmaxthread: 16 
 Nshell: 36 
 Lmax:  2 
 Npmax:  8 
 Nao: 72 
 Ndocc: 12 
 Nsocc:  0 
 NoccA: 12 
 NoccB: 12 
 Primary basis set info has been read.

 CC-PVDZ-RI aux basis set file will be read for the C atom...
 CC-PVDZ-RI aux basis set file will be read for the H atom...
 Nshell_aux: 90 
 Naux: 252 
 Aux basis set info has been read.

 Cpu time for Metric ints :       0.0800 s
 Wall time for Metric ints:       0.0456 s
 3-Index Algorithm: AUTO 

 Calling fortran integrals: ringing... 
 Done with fintegrals.

 Cpu time for 3-index ints :       1.1100 s
 Wall time for 3-index ints:       0.2820 s
 Cpu time for df-factors :       0.0400 s
 Wall time for df-factors:       0.0107 s
 CC-PVDZ primary basis set file will be read for the C atom...
 CC-PVDZ primary basis set file will be read for the H atom...
 Nmaxthread: 16 
 Nshell: 36 
 Lmax:  2 
 Npmax:  8 
 Nao: 72 
 Ndocc: 12 
 Nsocc:  0 
 NoccA: 12 
 NoccB: 12 
 Primary basis set info has been read.

 CC-PVDZ-JKFIT aux basis set file will be read for the C atom...
 CC-PVDZ-JKFIT aux basis set file will be read for the H atom...
 Nshell_aux: 126 
 Naux: 348 
 Aux basis set info has been read.

	Reading DF integrals from disk ...
 Cpu time for Metric ints :       0.5400 s
 Wall time for Metric ints:       0.1362 s
	Number of basis functions in the DF-HF basis: 348
	Number of basis functions in the DF-CC basis: 252

	Available memory                      :  30000.00 MB 
	Minimum required memory for amplitudes:      7.00 MB 
	Memory requirement for B-CC (Q|mu nu) :     10.45 MB 
	Memory requirement for B-CC (Q|ab)    :      7.26 MB 
	Memory requirement for DF-CC int trans:     19.16 MB 

	Computing DF-MP2 energy using SCF MOs (Canonical DF-MP2)... 
	======================================================================= 
	Nuclear Repulsion Energy (a.u.)    :    70.88769171320506
	DF-HF Energy (a.u.)                :  -117.08228786028657
	REF Energy (a.u.)                  :  -117.08228786028657
	DF-MP2 Correlation Energy (a.u.)   :    -0.41927612319976
	DF-MP2 Total Energy (a.u.)         :  -117.50156398348632
	======================================================================= 

	*Total MP2 Energy: -117.50156398348632

	Computing unrelaxed response density matrices...
	Number of independent-pairs: 720
	Computing the generalized Fock matrix (GFM)...
	Computing the orbital gradient...
	Forming effective orbital gradient...
	Solving orbital Z-vector equations...

	            PCG Solver 
	   ------------------------------ 
	Iter     RMS Z Vector        RMS Residual  
	----    ---------------    ---------------
	  1         1.17e-03         6.13e-04
	  2         3.73e-04         3.16e-04
	  3         1.21e-04         7.01e-05
	  4         6.46e-05         1.84e-05
	  5         6.44e-06         4.47e-06
	  6         1.85e-06         1.03e-06
	  7         3.81e-07         2.42e-07
	  8         1.00e-07         3.47e-08
	  9         1.42e-08         5.58e-09

	Computing the relaxed PDMs and GFM...
	Compute solv. is starting ...

	Initializing Liboeprop (by U. Bozkaya) ...


	-Mulliken Population Analysis for MP2-IAO:
	 1: -0.2335391203 	 2: 0.0449220175 	 3: -0.2490668781 	 4: 0.0934588759 	 5: 0.0968201075 
	 6: 0.0934588759 	 7: 0.0932866864 	 8: 0.0935076100 	 9: 0.0913969856 

	-Lowdin Population Analysis for MP2-IAO:  
	 1: -0.2335391203 	 2: 0.0449220175 	 3: -0.2490668781 	 4: 0.0934588759 	 5: 0.0968201075 
	 6: 0.0934588759 	 7: 0.0932866864 	 8: 0.0935076100 	 9: 0.0913969856 


  ## SOLVATION Options ##

  | TYPE         | KEY                      | INPUT? | VALUE              | DEFAULT            
  |--------------|--------------------------|--------|--------------------|--------------------
  | INT          | NUM_Z_POINTS             | NO     | 90                 | 90                 
  | INT          | NUM_ANG_POINTS           | YES    | 100                | 100                
  | STRING       | SASA_TYPE                | YES    | NUMERIC            | NUMERIC            
  | STRING       | CHARGE_TYPE              | YES    | IAO_MULLIKEN       | IAO_MULLIKEN       
  | STRING       | CDS_TYPE                 | YES    | SMD                | SMD                
  | STRING       | SOLVENT                  | YES    | WATER              | WATER              
  | STRING       | SOLVENT_PARAMS           | YES    | MN21               | SM8                
  | STRING       | DIELECTRIC_PARAMS        | YES    | MN21               | MN21               
  | STRING       | COULOMB_RADII            | YES    | SMD                | SMD                
  | DOUBLE       | COVALENT_VW_CONST        | NO     | 0.76               | 0.76               
  | DOUBLE       | SOLVENT_RADIUS           | NO     | 0.4                | 0.4                
  | STRING       | RADIUS_TYPE              | YES    | SMD                | SMD                
  | DOUBLE       | GB_DIJ                   | NO     | 3.7                | 3.7                
  | DOUBLE       | GB_SIJ                   | NO     | 0.75               | 0.75               
  | DOUBLE       | GB_CIJ                   | NO     | 0.0                | 0.0                
  | DOUBLE       | F_PWSASA                 | NO     | 0.4535             | 0.4535             
  | DOUBLE       | SCALE_VDW                | NO     | 1.0                | 1.0                
  | DOUBLE       | SCALE_CR                 | NO     | 1.0                | 1.0                



 Sasa Type                  : NUMERIC 
 Charge Type                : IAO_MULLIKEN 
 CDS Type                   : SMD 
 Radius Type                : SMD 
 Solvent                    : WATER 
 Solvent Parameters         : MN21 
 Dielectric Parameters      : MN21 
 Coulomb Radii Parameters   : SMD 
 GB d_ij parameter          : 3.7000000000 
 GB S_ij parameter          : 0.7500000000 
 GB C_ij parameter          : 0.0000000000 
 Sclae_vdw parameter        : 1.0000000000 
 Number of z-points         : 90 
 Number of angular points   : 100 
 Number of SASA grid points : 17902 
 Solvent Dielectric Constant: 78.3553000000 

 VDW Radii:
	  1 C :       1.7000  ang
	  2 C :       1.7000  ang
	  3 C :       1.7000  ang
	  4 H :       1.2000  ang
	  5 H :       1.2000  ang
	  6 H :       1.2000  ang
	  7 H :       1.2000  ang
	  8 H :       1.2000  ang
	  9 H :       1.2000  ang

	 Computing SASA... 

 Atomic SASA values:
	  1 C :      10.2651  ang^2
	  2 C :       9.9369  ang^2
	  3 C :      17.1064  ang^2
	  4 H :      12.8629  ang^2
	  5 H :      11.7614  ang^2
	  6 H :      12.8629  ang^2
	  7 H :      13.1037  ang^2
	  8 H :      13.0139  ang^2
	  9 H :      12.0417  ang^2

	*Total SASA (angs^2): 112.9548951357 


 Coulomb Radii:
	  1 C :       1.8500  ang
	  2 C :       1.8500  ang
	  3 C :       1.8500  ang
	  4 H :       1.2000  ang
	  5 H :       1.2000  ang
	  6 H :       1.2000  ang
	  7 H :       1.2000  ang
	  8 H :       1.2000  ang
	  9 H :       1.2000  ang
 Solvent Alpha                       : 1.1700000000 

 ## Effective Born Radius (bohr) ##
   0   3.8686662518 
   1   4.0272878428 
   2   3.8789119223 
   3   3.0709305379 
   4   3.1593185518 
   5   3.0709305379 
   6   3.1259674749 
   7   2.9456445122 
   8   3.0206885701 

 Effective Born Radii:
	  1 C :       2.0472  ang
	  2 C :       2.1311  ang
	  3 C :       2.0526  ang
	  4 H :       1.6251  ang
	  5 H :       1.6718  ang
	  6 H :       1.6251  ang
	  7 H :       1.6542  ang
	  8 H :       1.5588  ang
	  9 H :       1.5985  ang


 Coulomb Integrals:
	  1  1 :       0.2585  bohr^-1
	  1  2 :       0.2154  bohr^-1
	  1  3 :       0.1754  bohr^-1
	  1  4 :       0.2578  bohr^-1
	  1  5 :       0.2551  bohr^-1
	  1  6 :       0.2578  bohr^-1
	  1  7 :       0.1980  bohr^-1
	  1  8 :       0.1449  bohr^-1
	  1  9 :       0.1722  bohr^-1
	  2  1 :       0.2154  bohr^-1
	  2  2 :       0.2483  bohr^-1
	  2  3 :       0.2220  bohr^-1
	  2  4 :       0.1996  bohr^-1
	  2  5 :       0.1981  bohr^-1
	  2  6 :       0.1996  bohr^-1
	  2  7 :       0.2523  bohr^-1
	  2  8 :       0.2037  bohr^-1
	  2  9 :       0.2024  bohr^-1
	  3  1 :       0.1754  bohr^-1
	  3  2 :       0.2220  bohr^-1
	  3  3 :       0.2578  bohr^-1
	  3  4 :       0.1538  bohr^-1
	  3  5 :       0.1757  bohr^-1
	  3  6 :       0.1538  bohr^-1
	  3  7 :       0.2040  bohr^-1
	  3  8 :       0.2623  bohr^-1
	  3  9 :       0.2597  bohr^-1
	  4  1 :       0.2578  bohr^-1
	  4  2 :       0.1996  bohr^-1
	  4  3 :       0.1538  bohr^-1
	  4  4 :       0.3256  bohr^-1
	  4  5 :       0.2339  bohr^-1
	  4  6 :       0.2367  bohr^-1
	  4  7 :       0.1877  bohr^-1
	  4  8 :       0.1265  bohr^-1
	  4  9 :       0.1454  bohr^-1
	  5  1 :       0.2551  bohr^-1
	  5  2 :       0.1981  bohr^-1
	  5  3 :       0.1757  bohr^-1
	  5  4 :       0.2339  bohr^-1
	  5  5 :       0.3165  bohr^-1
	  5  6 :       0.2339  bohr^-1
	  5  7 :       0.1620  bohr^-1
	  5  8 :       0.1383  bohr^-1
	  5  9 :       0.1919  bohr^-1
	  6  1 :       0.2578  bohr^-1
	  6  2 :       0.1996  bohr^-1
	  6  3 :       0.1538  bohr^-1
	  6  4 :       0.2367  bohr^-1
	  6  5 :       0.2339  bohr^-1
	  6  6 :       0.3256  bohr^-1
	  6  7 :       0.1877  bohr^-1
	  6  8 :       0.1265  bohr^-1
	  6  9 :       0.1454  bohr^-1
	  7  1 :       0.1980  bohr^-1
	  7  2 :       0.2523  bohr^-1
	  7  3 :       0.2040  bohr^-1
	  7  4 :       0.1877  bohr^-1
	  7  5 :       0.1620  bohr^-1
	  7  6 :       0.1877  bohr^-1
	  7  7 :       0.3199  bohr^-1
	  7  8 :       0.1968  bohr^-1
	  7  9 :       0.1643  bohr^-1
	  8  1 :       0.1449  bohr^-1
	  8  2 :       0.2037  bohr^-1
	  8  3 :       0.2623  bohr^-1
	  8  4 :       0.1265  bohr^-1
	  8  5 :       0.1383  bohr^-1
	  8  6 :       0.1265  bohr^-1
	  8  7 :       0.1968  bohr^-1
	  8  8 :       0.3395  bohr^-1
	  8  9 :       0.2338  bohr^-1
	  9  1 :       0.1722  bohr^-1
	  9  2 :       0.2024  bohr^-1
	  9  3 :       0.2597  bohr^-1
	  9  4 :       0.1454  bohr^-1
	  9  5 :       0.1919  bohr^-1
	  9  6 :       0.1454  bohr^-1
	  9  7 :       0.1643  bohr^-1
	  9  8 :       0.2338  bohr^-1
	  9  9 :       0.3311  bohr^-1


	*Molecular contr. to CDS energy:       0.0000  kcal/mol
	*Total CDS energy:       3.1341  kcal/mol
	*MP2::Polarization Free Energy (au)      : -0.0020654742 
	*MP2::Polarization Free Energy (kcal/mol):      -1.2961 
	*MP2::CDS Free Energy (au)      : 0.0049944643 
	*MP2::CDS Free Energy (kcal/mol):       3.1341 
	*MP2::Total Solvation Free Energy (au)      : 0.0029289902 
	*MP2::Total Solvation Free Energy (kcal/mol):       1.8380 
	GB-MP2 Total Energy (a.u.)         :  -117.49863499333573

	*Total GB-MP2 Energy: -117.50156398348632


 Cpu time for MacroQC :       1.0103 minutes
 Wall time for MacroQC:       0.3563 minutes


 ******************************************************************************************
	 MacroQC terminates normally:) 
 ****************************************************************************************** 

