 ==========================================================================================
 =========                __  ___                         ____  ______            =========
 ======                  /  |/  /___ _______________     / __ \/ ____/               ======
 ====                   / /|_/ / __ `/ ___/ ___/ __ \   / / / / /                      ====
 ===                   / /  / / /_/ / /__/ /  / /_/ /  / /_/ / /___                     ===
 ==                   /_/  /_/\__,_/\___/_/   \____/   \___\_\____/                      ==
 ===                                                                1.0.4                ===
 =====     An electronic structure theory software for large-scale applications       =====
 ======                                 See license.txt for license info             ======
 =========                                                                        =========
 ==========================================================================================
                                                                                           
                           * * * * * * * * * * * * * * * * * * * *                        
                           *            Developed by             *                        
                           *             U. Bozkaya              *                        
                           *                                     *                        
                           *       With contributions from:      *                        
                           *         B. Ermis, Y. Alagoz,        *                        
                           *         A. Unal, and A. K. Uyar     *                        
                           *         Git Version: deab493        *                        
                           *       Latest Revision: 2026-03-23   *                        
                           * * * * * * * * * * * * * * * * * * * *                        


 Run date: Wed Mar 25 11:34:07 2026
 
 Hostname: ub17 

 ## MacroQC input file ##
 ******************************************************************************************
$set_molecule
0 1
C      -1.2363178811     0.0000176433     0.0000454730
C       0.2188272923    -0.0000207022    -0.0002327341
C       1.4176664596    -0.0000158200     0.0000368009
H      -1.6263923234    -1.0162181906    -0.0751194359
H      -1.6262287178     0.4428547733     0.9178830324
H      -1.6268518906     0.5733139863    -0.8421680113
H       2.4784177064     0.0001627049     0.0003071756
$end_molecule


$set_globals
   basis cc-pvdz
  method mp2
  reference rhf
  jobtype energy
  memory 30000
$end_globals


$set_scf
  e_convergence 1.0e-8
  d_convergence 1.0e-6
  guess sad
  solvation true
$end_scf


$set_solvation
  cds_type smd
  radius_type smd
  solvent_params mn21
  dielectric_params mn21 #sm8
  sasa_type numeric
  solvent water
  num_ang_points 100
  charge_type iao_mulliken #iao_lowdin, mulliken, lowdin
  coulomb_radii smd
$end_solvation

$set_dfocc
solvation true
$end_dfocc

 ******************************************************************************************


	-Geometry before Center-of-Mass shift (ang): 
	 Number     Atom               X                    Y                       Z  
	 ---------------------------------------------------------------------------------------
           1     C            -1.2363178811          0.0000176433           0.0000454730  
           2     C             0.2188272923         -0.0000207022          -0.0002327341  
           3     C             1.4176664596         -0.0000158200           0.0000368009  
           4     H            -1.6263923234         -1.0162181906          -0.0751194359  
           5     H            -1.6262287178          0.4428547733           0.9178830324  
           6     H            -1.6268518906          0.5733139863          -0.8421680113  
           7     H             2.4784177064          0.0001627049           0.0003071756  



	-Geometry after Center-of-Mass shift (ang): 
	 Atom               X                    Y                       Z  
	 -------------------------------------------------------------------
     C          -1.2958279865          0.0000204508           0.0000678479  
     C           0.1593171869         -0.0000178947          -0.0002103592  
     C           1.3581563542         -0.0000130125           0.0000591758  
     H          -1.6859024288         -1.0162153831          -0.0750970610  
     H          -1.6857388232          0.4428575808           0.9179054073  
     H          -1.6863619960          0.5733167938          -0.8421456364  
     H           2.4189076010          0.0001655124           0.0003295505  


	-Geometry after Center-of-Mass shift (bohr): 
	 Atom               X                    Y                       Z  
	 -------------------------------------------------------------------
     C          -2.4487600002          0.0000386463           0.0001282140  
     C           0.3010658503         -0.0000338161          -0.0003975212  
     C           2.5665435450         -0.0000245901           0.0001118261  
     H          -3.1858938647         -1.9203687586          -0.1419128781  
     H          -3.1855846949          0.8368795402           1.7345898289  
     H          -3.1867623208          1.0834117233          -1.5914246105  
     H           4.5710728887          0.0003127730           0.0006227602  


    Rotational Constants: A =     5.36990  B =     0.28742  C =      0.28742 [cm^-1] 
    Rotor Type: SYMMETRIC 

	-Nuclear Dipole Moment: (e a0)  
	 X:  -2.47407   Y:  0.00012   Z:  0.00093   Total:  2.47407 

	-Nuclear Dipole Moment: (D)  
	 X:  -6.28846   Y:  0.00030   Z:  0.00236   Total:  6.28846 


    Nuclear repulsion energy (V_NN)              : 58.904012870187 
   =====================================================
   Charge                : 0 
   Multiplicity          : 1 
   Number of Atoms       : 7 
   Number of Ghost Atoms : 0 
   Number of Electrons   : 22 
   Number of alpha occupied orbitals (NoccA)  : 11 
   Number of beta occupied orbitals (NoccB)   : 11 
   Number of singly occupied orbitals (Nsocc) : 0 
   Number of doubly occupied orbitals (Ndocc) : 11 
   =====================================================



  ## GLOBALS Options ##

  | TYPE         | KEY                      | INPUT? | VALUE              | DEFAULT            
  |--------------|--------------------------|--------|--------------------|--------------------
  | BOOL         | ERI_DISK                 | NO     | FALSE              | FALSE              
  | BOOL         | FREEZE_CORE              | NO     | TRUE               | TRUE               
  | BOOL         | MOL_FRAG                 | NO     | FALSE              | FALSE              
  | BOOL         | NOCOM                    | NO     | FALSE              | FALSE              
  | BOOL         | NOREORIENT               | NO     | TRUE               | TRUE               
  | BOOL         | PUREAM                   | NO     | TRUE               | TRUE               
  | BOOL         | ML                       | NO     | FALSE              | FALSE              
  | BOOL         | READ_PDB                 | NO     | FALSE              | FALSE              
  | BOOL         | TEST_MODE                | NO     | FALSE              | FALSE              
  | INT          | DERIVE_LEVEL             | NO     | 0                  | 0                  
  | INT          | FINDIF_POINTS            | NO     | 3                  | 3                  
  | INT          | MEMORY                   | YES    | 30000              | 2000               
  | INT          | NUM_THREADS              | NO     | 1                  | 1                  
  | INT          | NUM_FROZEN_DOCC          | NO     | 0                  | 0                  
  | INT          | NUM_FROZEN_VIR           | NO     | 0                  | 0                  
  | INT          | PRINT_LEVEL              | NO     | 0                  | 0                  
  | STRING       | AUX_BASIS_CORR           | NO     | CC-PVDZ-RI         | CC-PVDZ-RI         
  | STRING       | AUX_BASIS_SCF            | NO     | CC-PVDZ-JKFIT      | CC-PVDZ-JKFIT      
  | STRING       | BASIS                    | YES    | CC-PVDZ            | CC-PVDZ            
  | STRING       | BASIS2                   | NO     | MINAO              | MINAO              
  | STRING       | DERIVE_TYPE              | NO     | ANALYTIC           | ANALYTIC           
  | STRING       | FINDIF_METHOD            | NO     | GRAD               | GRAD               
  | STRING       | GEOM_UNITS               | NO     | ANG                | ANG                
  | STRING       | JOBTYPE                  | YES    | ENERGY             | ENERGY             
  | STRING       | METHOD                   | YES    | MP2                | SCF                
  | STRING       | REFERENCE                | YES    | RHF                | RHF                
  | STRING       | OUTFILE_MODE             | NO     | NEW                | NEW                
  | DOUBLE       | STEP_BOHR                | NO     | 0.05               | 0.05               
  | STR_ARRAY    | MOLECULE_GEOM_FROM       | NO     | [input]            | [input]            
  | DOUBLE_ARRAY | ELECTRIC_STRENGTH        | NO     | [0.001;0.001;0.001]| [0.001;0.001;0.001]
  | STRING       | ELECTRIC_FIELD           | NO     | NONE               | NONE               
  | STRING       | ALIGN_TWO_ATOMS          | NO     | NONE               | NONE               
  | INT_ARRAY    | TWO_ATOMS                | NO     | [0]                | [0]                



  ## INTS Options ##

  | TYPE         | KEY                      | INPUT? | VALUE              | DEFAULT            
  |--------------|--------------------------|--------|--------------------|--------------------
  | DOUBLE       | BOYS_CUTOFF              | NO     | 1e-15              | 1e-15              
  | DOUBLE       | BOYS_ZERO                | NO     | 1e-06              | 1e-06              
  | DOUBLE       | DELTA_X                  | NO     | 0.1                | 0.1                
  | DOUBLE       | INTEGRAL_CUTOFF          | NO     | 1e-10              | 1e-10              
  | DOUBLE       | X_MAX                    | NO     | 30.0               | 30.0               
  | INT          | BOYS_MAXITER             | NO     | 10000              | 10000              
  | INT          | MAX_AM                   | NO     | 7                  | 7                  
  | INT          | MAX_AM_AUX               | NO     | 7                  | 7                  
  | INT          | PRINT_LEVEL              | NO     | 0                  | 0                  
  | INT          | TAYLOR_ORDER             | NO     | 6                  | 6                  
  | STRING       | 3INDEX_ALGORITHM         | NO     | AUTO               | AUTO               
  | STRING       | BOYS_METHOD              | NO     | GHP                | GHP                
  | STRING       | ERI_ALGORITHM            | NO     | MD4                | MD4                


	Initializing Liboeprop (by U. Bozkaya) ...

	*=================================================================*
	*                  SCF                                            *
	*   Developed by U. Bozkaya & Y. Alagoz                           *
	*   Latest revision Feb 16, 2021                                  *
	*=================================================================*



  ## SCF Options ##

  | TYPE         | KEY                      | INPUT? | VALUE              | DEFAULT            
  |--------------|--------------------------|--------|--------------------|--------------------
  | BOOL         | DIIS_DAMP                | NO     | FALSE              | FALSE              
  | BOOL         | DIE_IF_NOT_CONVERGED     | NO     | TRUE               | TRUE               
  | BOOL         | DO_DF                    | NO     | TRUE               | TRUE               
  | BOOL         | DIIS                     | NO     | TRUE               | TRUE               
  | BOOL         | FOCK_DAMP                | NO     | FALSE              | FALSE              
  | BOOL         | GUESS_MIX                | NO     | FALSE              | FALSE              
  | BOOL         | GUESS_PREVIOUS           | NO     | FALSE              | FALSE              
  | BOOL         | LOCAL                    | NO     | FALSE              | FALSE              
  | BOOL         | RETRY                    | NO     | TRUE               | TRUE               
  | DOUBLE       | CUTOFF                   | NO     | 1e-10              | 1e-10              
  | DOUBLE       | D_CONVERGENCE            | YES    | 1e-06              | 1e-06              
  | DOUBLE       | DAMP_PARAM               | NO     | 0.02               | 0.02               
  | DOUBLE       | E_CONVERGENCE            | YES    | 1e-08              | 1e-08              
  | DOUBLE       | FOCK_DAMP_PERC           | NO     | 20.0               | 20.0               
  | DOUBLE       | MIN_OVERLAP_EIGVAL       | NO     | 1e-06              | 1e-06              
  | DOUBLE       | LOCAL_CONVERGENCE        | NO     | 1e-08              | 1e-08              
  | DOUBLE       | QC_GUESS_E_CONVERGENCE   | NO     | 0.0001             | 0.0001             
  | DOUBLE       | QC_GUESS_D_CONVERGENCE   | NO     | 0.005              | 0.005              
  | INT          | MAX_DIIS                 | NO     | 6                  | 6                  
  | INT          | MIN_DIIS                 | NO     | 2                  | 2                  
  | INT          | PRINT_LEVEL              | NO     | 0                  | 0                  
  | INT          | SCF_MAXITER              | NO     | 50                 | 50                 
  | INT          | LOCAL_MAXITER            | NO     | 50                 | 50                 
  | STRING       | DIIS_ALGORITHM           | NO     | DISK               | DISK               
  | STRING       | GUESS                    | YES    | SAD                | SAD                
  | BOOL         | MO_WRITE                 | NO     | FALSE              | FALSE              
  | BOOL         | FOCK_WRITE               | NO     | FALSE              | FALSE              
  | STRING       | ORTH_TYPE                | NO     | CANONICAL          | CANONICAL          
  | STRING       | ROHF_CANONIC_TYPE        | NO     | GUEST              | GUEST              
  | STRING       | ERI                      | NO     | INCORE             | INCORE             
  | STRING       | SCF_ALGORITHM            | NO     | ROOTHAAN           | ROOTHAAN           
  | STRING       | LOCAL_TYPE               | NO     | BOYS               | BOYS               
  | BOOL         | SAD_FRAC_OCC             | NO     | TRUE               | TRUE               
  | BOOL         | SAD_SPIN_AVERAGE         | NO     | TRUE               | TRUE               
  | DOUBLE       | SAD_E_CONVERGENCE        | NO     | 1e-05              | 1e-05              
  | DOUBLE       | SAD_D_CONVERGENCE        | NO     | 1e-05              | 1e-05              
  | INT          | SAD_MAXITER              | NO     | 50                 | 50                 
  | BOOL         | NIE                      | NO     | FALSE              | FALSE              
  | BOOL         | SAD_DIIS                 | NO     | TRUE               | TRUE               
  | INT          | SAD_MAX_DIIS             | NO     | 6                  | 6                  
  | INT          | SAD_MIN_DIIS             | NO     | 2                  | 2                  
  | INT          | SAD_PRINT                | NO     | 0                  | 0                  
  | STRING       | SAD_AUX_BASIS            | NO     | SAD-FIT            | SAD-FIT            
  | DOUBLE       | SAD_CHOLESKY_TOLERANCE   | NO     | 1e-07              | 1e-07              
  | BOOL         | SOLVATION                | YES    | TRUE               | FALSE              
  | BOOL         | BYPASS                   | NO     | FALSE              | FALSE              
  | STRING       | IAO_TYPE                 | NO     | STANDARD2013       | STANDARD2013       
  | BOOL         | USE_IAOS                 | NO     | FALSE              | FALSE              

	Initializing libdiis ...
	Initializing libmolint 1.1 ...
 CC-PVDZ primary basis set file will be read for the C atom...
 CC-PVDZ primary basis set file will be read for the H atom...
 Nmaxthread: 16 
 Nshell: 30 
 Lmax:  2 
 Npmax:  8 
 Nao: 62 
 Ndocc: 11 
 Nsocc:  0 
 NoccA: 11 
 NoccB: 11 
 Primary basis set info has been read.

 CC-PVDZ-JKFIT aux basis set file will be read for the C atom...
 CC-PVDZ-JKFIT aux basis set file will be read for the H atom...
 Nshell_aux: 108 
 Naux: 302 
 Aux basis set info has been read.

 orth_type: CANONICAL 
 Cpu time for S ints :       0.0100 s
 Wall time for S ints:       0.0070 s

 Using canonical orthogonalization. 
 Minimum eigenvalue in the overlap matrix is:   3.3406E-04 

 Cpu time for T ints :       0.0600 s
 Wall time for T ints:       0.0158 s
 Cpu time for V ints :       0.3400 s
 Wall time for V ints:       0.0843 s
 Cpu time for Metric ints :       0.4300 s
 Wall time for Metric ints:       0.1101 s
 3-Index Algorithm: AUTO 

 Calling fortran integrals: ringing... 
 Done with fintegrals.

 Cpu time for 3-index ints :       1.1400 s
 Wall time for 3-index ints:       0.2891 s
 Cpu time for df-factors :       0.0500 s
 Wall time for df-factors:       0.0151 s


 Puream (True=1, False=0) : 1
 Number of AO             : 62
 Number of MO             : 62
 Number of Aux Functions  : 302
 Charge                   : 0
 Multiplicity             : 1
 Alpha OCC                : 11
 Beta OCC                 : 11
 Nuclear Repulsion Energy : 58.90401287
 Energy Treshold          : 1.0e-08
 Density Treshold         : 1.0e-06
 Iteration Limit          : 50
 Guess                    : SAD
 Guess Mix                : false
 Diis                     : true
 Diis Damping             : false
 Diis Damp Parameter      : 0.02
 Diis Algorithm           : DISK
 Cutoff Treshold          : 1.0e-10
 Density Fitting          : true
 Reference                : RHF
 Die If Not Converged     : true
 Print Level              : 0
 ERI Algorithm            : INCORE
 SCF Algorithm            : ROOTHAAN




  ## SOLVATION Options ##

  | TYPE         | KEY                      | INPUT? | VALUE              | DEFAULT            
  |--------------|--------------------------|--------|--------------------|--------------------
  | INT          | NUM_Z_POINTS             | NO     | 90                 | 90                 
  | INT          | NUM_ANG_POINTS           | YES    | 100                | 100                
  | STRING       | SASA_TYPE                | YES    | NUMERIC            | NUMERIC            
  | STRING       | CHARGE_TYPE              | YES    | IAO_MULLIKEN       | IAO_MULLIKEN       
  | STRING       | CDS_TYPE                 | YES    | SMD                | SMD                
  | STRING       | SOLVENT                  | YES    | WATER              | WATER              
  | STRING       | SOLVENT_PARAMS           | YES    | MN21               | SM8                
  | STRING       | DIELECTRIC_PARAMS        | YES    | MN21               | MN21               
  | STRING       | COULOMB_RADII            | YES    | SMD                | SMD                
  | DOUBLE       | COVALENT_VW_CONST        | NO     | 0.76               | 0.76               
  | DOUBLE       | SOLVENT_RADIUS           | NO     | 0.4                | 0.4                
  | STRING       | RADIUS_TYPE              | YES    | SMD                | SMD                
  | DOUBLE       | GB_DIJ                   | NO     | 3.7                | 3.7                
  | DOUBLE       | GB_SIJ                   | NO     | 0.75               | 0.75               
  | DOUBLE       | GB_CIJ                   | NO     | 0.0                | 0.0                
  | DOUBLE       | F_PWSASA                 | NO     | 0.4535             | 0.4535             
  | DOUBLE       | SCALE_VDW                | NO     | 1.0                | 1.0                
  | DOUBLE       | SCALE_CR                 | NO     | 1.0                | 1.0                



 Sasa Type                  : NUMERIC 
 Charge Type                : IAO_MULLIKEN 
 CDS Type                   : SMD 
 Radius Type                : SMD 
 Solvent                    : WATER 
 Solvent Parameters         : MN21 
 Dielectric Parameters      : MN21 
 Coulomb Radii Parameters   : SMD 
 GB d_ij parameter          : 3.7000000000 
 GB S_ij parameter          : 0.7500000000 
 GB C_ij parameter          : 0.0000000000 
 Sclae_vdw parameter        : 1.0000000000 
 Number of z-points         : 90 
 Number of angular points   : 100 
 Number of SASA grid points : 17902 
 Solvent Dielectric Constant: 78.3553000000 

 VDW Radii:
	  1 C :       1.7000  ang
	  2 C :       1.7000  ang
	  3 C :       1.7000  ang
	  4 H :       1.2000  ang
	  5 H :       1.2000  ang
	  6 H :       1.2000  ang
	  7 H :       1.2000  ang

	 Computing SASA... 

 Atomic SASA values:
	  1 C :      10.2867  ang^2
	  2 C :      16.6823  ang^2
	  3 C :      26.1548  ang^2
	  4 H :      12.8719  ang^2
	  5 H :      12.7911  ang^2
	  6 H :      12.8072  ang^2
	  7 H :      12.7210  ang^2

	*Total SASA (angs^2): 104.3150064221 


 Coulomb Radii:
	  1 C :       1.8500  ang
	  2 C :       1.8500  ang
	  3 C :       1.8500  ang
	  4 H :       1.2000  ang
	  5 H :       1.2000  ang
	  6 H :       1.2000  ang
	  7 H :       1.2000  ang
 Solvent Alpha                       : 1.1700000000 

 ## Effective Born Radius (bohr) ##
   0   3.7614425207 
   1   3.9412858372 
   2   3.7719323033 
   3   3.0397668440 
   4   3.0397689344 
   5   3.0396852458 
   6   2.7644423965 

 Effective Born Radii:
	  1 C :       1.9905  ang
	  2 C :       2.0856  ang
	  3 C :       1.9960  ang
	  4 H :       1.6086  ang
	  5 H :       1.6086  ang
	  6 H :       1.6085  ang
	  7 H :       1.4629  ang


 Coulomb Integrals:
	  1  1 :       0.2659  bohr^-1
	  1  2 :       0.2210  bohr^-1
	  1  3 :       0.1717  bohr^-1
	  1  4 :       0.2618  bohr^-1
	  1  5 :       0.2618  bohr^-1
	  1  6 :       0.2618  bohr^-1
	  1  7 :       0.1385  bohr^-1
	  2  1 :       0.2210  bohr^-1
	  2  2 :       0.2537  bohr^-1
	  2  3 :       0.2314  bohr^-1
	  2  4 :       0.2031  bohr^-1
	  2  5 :       0.2031  bohr^-1
	  2  6 :       0.2031  bohr^-1
	  2  7 :       0.1993  bohr^-1
	  3  1 :       0.1717  bohr^-1
	  3  2 :       0.2314  bohr^-1
	  3  3 :       0.2651  bohr^-1
	  3  4 :       0.1550  bohr^-1
	  3  5 :       0.1550  bohr^-1
	  3  6 :       0.1550  bohr^-1
	  3  7 :       0.2730  bohr^-1
	  4  1 :       0.2618  bohr^-1
	  4  2 :       0.2031  bohr^-1
	  4  3 :       0.1550  bohr^-1
	  4  4 :       0.3290  bohr^-1
	  4  5 :       0.2370  bohr^-1
	  4  6 :       0.2370  bohr^-1
	  4  7 :       0.1241  bohr^-1
	  5  1 :       0.2618  bohr^-1
	  5  2 :       0.2031  bohr^-1
	  5  3 :       0.1550  bohr^-1
	  5  4 :       0.2370  bohr^-1
	  5  5 :       0.3290  bohr^-1
	  5  6 :       0.2370  bohr^-1
	  5  7 :       0.1241  bohr^-1
	  6  1 :       0.2618  bohr^-1
	  6  2 :       0.2031  bohr^-1
	  6  3 :       0.1550  bohr^-1
	  6  4 :       0.2370  bohr^-1
	  6  5 :       0.2370  bohr^-1
	  6  6 :       0.3290  bohr^-1
	  6  7 :       0.1241  bohr^-1
	  7  1 :       0.1385  bohr^-1
	  7  2 :       0.1993  bohr^-1
	  7  3 :       0.2730  bohr^-1
	  7  4 :       0.1241  bohr^-1
	  7  5 :       0.1241  bohr^-1
	  7  6 :       0.1241  bohr^-1
	  7  7 :       0.3617  bohr^-1
    ===> SCF Iteration Started <===

     Iter. |                   Energy |       Delta E |          Drms |
    -------|--------------------------|---------------|---------------|
         1 |      -114.99284481461960 |    -1.150e+02 |     2.651e-02 |
         2 |      -115.80600981384303 |    -8.132e-01 |     3.544e-03 | DIIS
         3 |      -115.86788373241056 |    -6.187e-02 |     1.533e-03 | DIIS
         4 |      -115.87372484473163 |    -5.841e-03 |     8.204e-04 | DIIS
         5 |      -115.87425285062629 |    -5.280e-04 |     1.228e-04 | DIIS
         6 |      -115.87426813286940 |    -1.528e-05 |     3.001e-05 | DIIS
         7 |      -115.87427002608861 |    -1.893e-06 |     1.665e-05 | DIIS
         8 |      -115.87427038965471 |    -3.636e-07 |     2.928e-06 | DIIS
         9 |      -115.87427033942008 |     5.023e-08 |     9.211e-07 | DIIS
        10 |      -115.87427031084032 |     2.858e-08 |     3.518e-07 | DIIS
        11 |      -115.87427027916821 |     3.167e-08 |     2.879e-07 | DIIS
        12 |      -115.87427025489701 |     2.427e-08 |     4.429e-08 | DIIS
        13 |      -115.87427025082921 |     4.068e-09 |     4.747e-09 | DIIS


	-Alpha Occupied Orbital Energies (au):  
	 1: -11.2392315626 	 2: -11.2198582722 	 3: -11.2055318135 	 4: -1.0402858819 	 5: -0.9402609584 
	 6: -0.6976465549 	 7: -0.6030976916 	 8: -0.5725400559 	 9: -0.5725230468 	10: -0.3651285279 
	11: -0.3644335100 
	-Alpha Virtual Orbital Energies (au):  
	12: 0.1987609479 	13: 0.2202341865 	14: 0.2211040274 	15: 0.2214847138 	16: 0.2893754135 
	17: 0.2895454858 	18: 0.3936786951 	19: 0.5259096895 	20: 0.5816306421 	21: 0.6328259835 
	22: 0.6328432800 	23: 0.7274589193 	24: 0.7275706662 	25: 0.8459154871 	26: 0.8516144730 
	27: 0.8516418869 	28: 0.8760495015 	29: 0.8760822281 	30: 0.9106243400 	31: 0.9858972282 
	32: 1.1260955773 	33: 1.1536689233 	34: 1.1536912836 	35: 1.2662848446 	36: 1.2662986107 
	37: 1.4113646185 	38: 1.5106273733 	39: 1.5106749270 	40: 1.5424538711 	41: 1.6345831570 
	42: 1.6661984284 	43: 1.6662736127 	44: 1.6713608677 	45: 1.8142317545 	46: 1.8142746400 
	47: 1.9309649257 	48: 1.9309979649 	49: 1.9478274233 	50: 2.1515836470 	51: 2.1517153590 
	52: 2.3022557350 	53: 2.3764465207 	54: 2.4168033651 	55: 2.4168708228 	56: 2.7190125880 
	57: 2.7190621964 	58: 2.7320988957 	59: 2.9380101467 	60: 2.9381108729 	61: 2.9887120358 
	62: 3.5997433783 


	-Mulliken Population Analysis for SCF:
	 1: 0.0685227954 	 2: 0.0264483728 	 3: -0.3335309310 	 4: 0.0677729435 	 5: 0.0676651521 
	 6: 0.0676662476 	 7: 0.0354554196 

	-Lowdin Population Analysis for SCF:  
	 1: -0.0524096655 	 2: -0.0314356576 	 3: -0.0749059346 	 4: 0.0454459686 	 5: 0.0453067071 
	 6: 0.0453095104 	 7: 0.0226890717 

	-Electronic Dipole Moment: (e a0)  
	 X:  2.18540   Y:  -0.00025   Z:  -0.00075   Total:  2.18540 

	-Electronic Dipole Moment: (D)  
	 X:  5.55473   Y:  -0.00065   Z:  -0.00190   Total:  5.55473 

	-Total Dipole Moment: (e a0)  
	 X:  -0.28867   Y:  -0.00014   Z:  0.00018   Total:  0.28867 

	-Total Dipole Moment: (D)  
	 X:  -0.73373   Y:  -0.00035   Z:  0.00047   Total:  0.73373 



	Initializing Liboeprop (by U. Bozkaya) ...


	-Mulliken Population Analysis for SCF-IAO:
	 1: -0.3742675089 	 2: -0.0182454356 	 3: -0.2570433005 	 4: 0.1520247322 	 5: 0.1518524544 
	 6: 0.1518745791 	 7: 0.1938837255 

	-Lowdin Population Analysis for SCF-IAO:  
	 1: -0.3742675089 	 2: -0.0182454356 	 3: -0.2570433005 	 4: 0.1520247322 	 5: 0.1518524544 
	 6: 0.1518745791 	 7: 0.1938837255 

	Initializing Liblocal (by U. Bozkaya) ...
  ==> Pipek-Mezey Localizer <==

    Convergence =   1.000E-08
    Maxiter     =          50

    Iteration                   Metric       Residual
    PM    0   1.0124432884686899E+01              -
    PM    1   1.3840229831992676E+01   3.670128E-01
    PM    2   1.4258937289921988E+01   3.025293E-02
    PM    3   1.4261440624318180E+01   1.755625E-04
    PM    4   1.4261490907756961E+01   3.525832E-06
    PM    5   1.4261491846963827E+01   6.585615E-08
    PM    6   1.4261491855573423E+01   6.036954E-10

    PM Localizer converged.



	*Molecular contr. to CDS energy:       0.0000  kcal/mol
	*Total CDS energy:       3.7402  kcal/mol
	*SCF::Polarization Free Energy (au)      : -0.0031894149 
	*SCF::Polarization Free Energy (kcal/mol):      -2.0014 
	*SCF::CDS Free Energy (au)      : 0.0059603366 
	*SCF::CDS Free Energy (kcal/mol):       3.7402 
	*SCF::Total Solvation Free Energy (au)      : 0.0027709217 
	*SCF::Total Solvation Free Energy (kcal/mol):       1.7388 
 CC-PVDZ primary basis set file will be read for the C atom...
 CC-PVDZ primary basis set file will be read for the H atom...
 Nmaxthread: 16 
 Nshell: 30 
 Lmax:  2 
 Npmax:  8 
 Nao: 62 
 Ndocc: 11 
 Nsocc:  0 
 NoccA: 11 
 NoccB: 11 
 Primary basis set info has been read.

 CC-PVDZ-JKFIT aux basis set file will be read for the C atom...
 CC-PVDZ-JKFIT aux basis set file will be read for the H atom...
 Nshell_aux: 108 
 Naux: 302 
 Aux basis set info has been read.


	*Total SCF Energy: -115.87427025082921

 Cpu time for SCF :       0.8608 minutes
 Wall time for SCF:       0.2750 minutes


	MO spaces... 

	 FC   OCC   VIR   FV 
	----------------------
	  3    8    51    0


	Libtrans is initialized (by U. Bozkaya) ...

 ============================================================================== 
 ============================================================================== 
 ============================================================================== 

                       DF-MP2   
              Program Written by Ugur Bozkaya
              Latest Revision May 2, 2021

 ============================================================================== 
 ============================================================================== 
 ============================================================================== 

	For this residual convergence, default PCG convergence is:     1.00e-07
    Warning: "PCG_CONVERGENCE" option is changed to     1.00e-07


  ## DFOCC Options ##

  | TYPE         | KEY                      | INPUT? | VALUE              | DEFAULT            
  |--------------|--------------------------|--------|--------------------|--------------------
  | BOOL         | EOM                      | NO     | FALSE              | FALSE              
  | BOOL         | EOM_MP2                  | NO     | FALSE              | FALSE              
  | BOOL         | EOM_MP3                  | NO     | FALSE              | FALSE              
  | BOOL         | EOM_MP2_5                | NO     | FALSE              | FALSE              
  | BOOL         | EOM_LCCD                 | NO     | FALSE              | FALSE              
  | BOOL         | LOW_MEM_MP2              | NO     | FALSE              | FALSE              
  | BOOL         | LOW_MEM_MP3              | NO     | FALSE              | FALSE              
  | BOOL         | CD_PRESCREEN             | NO     | FALSE              | FALSE              
  | DOUBLE       | CIS_E_CONV               | NO     | 1e-06              | 1e-06              
  | DOUBLE       | CIS_R_CONV               | NO     | 1e-06              | 1e-06              
  | DOUBLE       | CIS_RES_PRECONDITION_TOL | NO     | 0.0001             | 0.0001             
  | DOUBLE       | DAVIDSON_TOLERANCE       | NO     | 1e-06              | 1e-06              
  | DOUBLE       | E3_SCALE                 | NO     | 0.25               | 0.25               
  | DOUBLE       | E_CONVERGENCE            | NO     | 1e-06              | 1e-06              
  | DOUBLE       | JK_MEMORY                | NO     | 1000000000.0       | 1000000000.0       
  | DOUBLE       | LEVEL_SHIFT              | NO     | 0.02               | 0.02               
  | DOUBLE       | MAX_MOGRAD_CONVERGENCE   | NO     | 0.001              | 0.001              
  | DOUBLE       | MO_STEP_MAX              | NO     | 0.5                | 0.5                
  | DOUBLE       | MP2_OS_SCALE             | NO     | 1.2                | 1.2                
  | DOUBLE       | MP2_SOS_SCALE            | NO     | 1.3                | 1.3                
  | DOUBLE       | MP2_SOS_SCALE2           | NO     | 1.2                | 1.2                
  | DOUBLE       | MP2_SS_SCALE             | NO     | 0.3333333333333333 | 0.3333333333333333 
  | DOUBLE       | OCC_PERCENTAGE           | NO     | 99.0               | 99.0               
  | DOUBLE       | OCC_TOLERANCE            | NO     | 1e-05              | 1e-05              
  | DOUBLE       | OO_SCALE                 | NO     | 0.01               | 0.01               
  | DOUBLE       | PCG_CONVERGENCE          | NO     | 1e-06              | 1e-06              
  | DOUBLE       | R_CONVERGENCE            | NO     | 1e-05              | 1e-05              
  | DOUBLE       | REG_PARAM                | NO     | 0.4                | 0.4                
  | DOUBLE       | KAPPA_REG_PARAM          | NO     | 1.1                | 1.1                
  | DOUBLE       | RMS_MOGRAD_CONVERGENCE   | NO     | 1e-06              | 1e-06              
  | DOUBLE       | SCG_TOLERANCE            | NO     | 1e-06              | 1e-06              
  | DOUBLE       | SCHMIDT_ADD_RES_TOL      | NO     | 0.001              | 0.001              
  | INT          | ACTIVE_NAT_ORBS          | NO     | 2                  | 2                  
  | INT          | CC_DIIS_MAX_VECS         | NO     | 6                  | 6                  
  | INT          | CC_DIIS_MIN_VECS         | NO     | 2                  | 2                  
  | INT          | CC_MAXITER               | NO     | 50                 | 50                 
  | INT          | CUTOFF                   | NO     | 8                  | 8                  
  | INT          | EXCITATION_RANGE         | NO     | 2                  | 2                  
  | INT          | FOLLOW_ROOT              | NO     | 1                  | 1                  
  | INT          | INTEGRAL_CUTOFF          | NO     | 9                  | 9                  
  | INT          | MAX_VECS                 | NO     | 50                 | 50                 
  | INT          | MO_DIIS_NUM_VECS         | NO     | 6                  | 6                  
  | INT          | MO_MAXITER               | NO     | 50                 | 50                 
  | INT          | NUM_ROOTS                | NO     | 4                  | 4                  
  | INT          | PCG_MAXITER              | NO     | 50                 | 50                 
  | INT          | PRINT_LEVEL              | NO     | 0                  | 0                  
  | INT          | VECS_PER_ROOT            | NO     | 1                  | 1                  
  | STRING       | CC_LAMBDA                | NO     | FALSE              | FALSE              
  | STRING       | CHOLESKY                 | NO     | FALSE              | FALSE              
  | STRING       | CIS_ALGORITHM            | NO     | MO_BASIS           | MO_BASIS           
  | STRING       | CIS_GUESS_COEFF          | NO     | MIX                | MIX                
  | STRING       | COMPUT_S2                | NO     | FALSE              | FALSE              
  | STRING       | DIAG_METHOD              | NO     | DAVIDSON           | DAVIDSON           
  | STRING       | DO_DIIS                  | NO     | TRUE               | TRUE               
  | STRING       | DO_LEVEL_SHIFT           | NO     | TRUE               | TRUE               
  | STRING       | DO_SCS                   | NO     | FALSE              | FALSE              
  | STRING       | DO_SOS                   | NO     | FALSE              | FALSE              
  | STRING       | EKT_IP                   | NO     | FALSE              | FALSE              
  | STRING       | FREEZE_CORE              | NO     | TRUE               | TRUE               
  | STRING       | HESS_TYPE                | NO     | HF                 | HF                 
  | STRING       | JK_TYPE                  | NO     | DIRECT             | DIRECT             
  | STRING       | LINEQ_SOLVER             | NO     | CDGESV             | CDGESV             
  | STRING       | MO_READ                  | NO     | FALSE              | FALSE              
  | STRING       | MO_WRITE                 | NO     | FALSE              | FALSE              
  | STRING       | MP2_AMP_TYPE             | NO     | DIRECT             | DIRECT             
  | STRING       | NAT_ORBS                 | NO     | FALSE              | FALSE              
  | STRING       | NBO                      | NO     | TRUE               | TRUE               
  | STRING       | OCC_ORBS_PRINT           | NO     | FALSE              | FALSE              
  | STRING       | OEPROP                   | NO     | FALSE              | FALSE              
  | STRING       | OPT_METHOD               | NO     | QNR                | QNR                
  | STRING       | ORB_RESP_SOLVER          | NO     | PCG                | PCG                
  | STRING       | ORTH_TYPE                | NO     | MGS                | MGS                
  | STRING       | PCG_BETA_TYPE            | NO     | FLETCHER_REEVES    | FLETCHER_REEVES    
  | STRING       | PPL_TYPE                 | NO     | AUTO               | AUTO               
  | STRING       | PRINT_CI_VECS            | NO     | FALSE              | FALSE              
  | STRING       | QCHF                     | NO     | FALSE              | FALSE              
  | STRING       | READ_SCF_3INDEX          | NO     | TRUE               | TRUE               
  | STRING       | REGULARIZATION           | NO     | FALSE              | FALSE              
  | STRING       | REG_TYPE                 | NO     | NORMAL             | NORMAL             
  | STRING       | SCS_TYPE                 | NO     | SCS                | SCS                
  | STRING       | SOS_TYPE                 | NO     | SOS                | SOS                
  | STRING       | TRIPLES_IABC_TYPE        | NO     | DISK               | DISK               
  | STRING       | UNIT_GUESS_TYPE          | NO     | GEN                | GEN                
  | STRING       | EKT_NEGATIVE_OCC         | NO     | ABS                | ABS                
  | BOOL         | SOLVATION                | YES    | TRUE               | FALSE              

	MO spaces... 

	 FC   OCC   VIR   FV 
	----------------------
	  3    8    51    0
 CC-PVDZ primary basis set file will be read for the C atom...
 CC-PVDZ primary basis set file will be read for the H atom...
 Nmaxthread: 16 
 Nshell: 30 
 Lmax:  2 
 Npmax:  8 
 Nao: 62 
 Ndocc: 11 
 Nsocc:  0 
 NoccA: 11 
 NoccB: 11 
 Primary basis set info has been read.

 CC-PVDZ-RI aux basis set file will be read for the C atom...
 CC-PVDZ-RI aux basis set file will be read for the H atom...
 Nshell_aux: 78 
 Naux: 224 
 Aux basis set info has been read.

 Cpu time for Metric ints :       0.1300 s
 Wall time for Metric ints:       0.0335 s
 3-Index Algorithm: AUTO 

 Calling fortran integrals: ringing... 
 Done with fintegrals.

 Cpu time for 3-index ints :       0.4500 s
 Wall time for 3-index ints:       0.1139 s
 Cpu time for df-factors :       0.0300 s
 Wall time for df-factors:       0.0065 s
 CC-PVDZ primary basis set file will be read for the C atom...
 CC-PVDZ primary basis set file will be read for the H atom...
 Nmaxthread: 16 
 Nshell: 30 
 Lmax:  2 
 Npmax:  8 
 Nao: 62 
 Ndocc: 11 
 Nsocc:  0 
 NoccA: 11 
 NoccB: 11 
 Primary basis set info has been read.

 CC-PVDZ-JKFIT aux basis set file will be read for the C atom...
 CC-PVDZ-JKFIT aux basis set file will be read for the H atom...
 Nshell_aux: 108 
 Naux: 302 
 Aux basis set info has been read.

	Reading DF integrals from disk ...
 Cpu time for Metric ints :       0.2500 s
 Wall time for Metric ints:       0.0644 s
	Number of basis functions in the DF-HF basis: 302
	Number of basis functions in the DF-CC basis: 224

	Available memory                      :  30000.00 MB 
	Minimum required memory for amplitudes:      4.00 MB 
	Memory requirement for B-CC (Q|mu nu) :      6.89 MB 
	Memory requirement for B-CC (Q|ab)    :      4.66 MB 
	Memory requirement for DF-CC int trans:     12.55 MB 

	Computing DF-MP2 energy using SCF MOs (Canonical DF-MP2)... 
	======================================================================= 
	Nuclear Repulsion Energy (a.u.)    :    58.90401661942181
	DF-HF Energy (a.u.)                :  -115.87427025082921
	REF Energy (a.u.)                  :  -115.87427025082921
	DF-MP2 Correlation Energy (a.u.)   :    -0.39717742392698
	DF-MP2 Total Energy (a.u.)         :  -116.27144767475619
	======================================================================= 

	*Total MP2 Energy: -116.27144767475619

	Computing unrelaxed response density matrices...
	Number of independent-pairs: 561
	Computing the generalized Fock matrix (GFM)...
	Computing the orbital gradient...
	Forming effective orbital gradient...
	Solving orbital Z-vector equations...

	            PCG Solver 
	   ------------------------------ 
	Iter     RMS Z Vector        RMS Residual  
	----    ---------------    ---------------
	  1         1.44e-03         1.06e-03
	  2         3.98e-04         3.52e-04
	  3         1.69e-04         4.33e-05
	  4         1.86e-05         1.18e-05
	  5         5.21e-06         3.91e-06
	  6         3.97e-06         2.35e-06
	  7         1.39e-06         5.32e-07
	  8         2.09e-07         8.48e-08
	  9         3.41e-08         1.13e-08

	Computing the relaxed PDMs and GFM...
	Compute solv. is starting ...

	Initializing Liboeprop (by U. Bozkaya) ...


	-Mulliken Population Analysis for MP2-IAO:
	 1: -0.2467549819 	 2: 0.1352238105 	 3: -0.2836485282 	 4: 0.1178498912 	 5: 0.1177546356 
	 6: 0.1177612998 	 7: 0.1527312051 

	-Lowdin Population Analysis for MP2-IAO:  
	 1: -0.2467549819 	 2: 0.1352238105 	 3: -0.2836485282 	 4: 0.1178498912 	 5: 0.1177546356 
	 6: 0.1177612998 	 7: 0.1527312051 


  ## SOLVATION Options ##

  | TYPE         | KEY                      | INPUT? | VALUE              | DEFAULT            
  |--------------|--------------------------|--------|--------------------|--------------------
  | INT          | NUM_Z_POINTS             | NO     | 90                 | 90                 
  | INT          | NUM_ANG_POINTS           | YES    | 100                | 100                
  | STRING       | SASA_TYPE                | YES    | NUMERIC            | NUMERIC            
  | STRING       | CHARGE_TYPE              | YES    | IAO_MULLIKEN       | IAO_MULLIKEN       
  | STRING       | CDS_TYPE                 | YES    | SMD                | SMD                
  | STRING       | SOLVENT                  | YES    | WATER              | WATER              
  | STRING       | SOLVENT_PARAMS           | YES    | MN21               | SM8                
  | STRING       | DIELECTRIC_PARAMS        | YES    | MN21               | MN21               
  | STRING       | COULOMB_RADII            | YES    | SMD                | SMD                
  | DOUBLE       | COVALENT_VW_CONST        | NO     | 0.76               | 0.76               
  | DOUBLE       | SOLVENT_RADIUS           | NO     | 0.4                | 0.4                
  | STRING       | RADIUS_TYPE              | YES    | SMD                | SMD                
  | DOUBLE       | GB_DIJ                   | NO     | 3.7                | 3.7                
  | DOUBLE       | GB_SIJ                   | NO     | 0.75               | 0.75               
  | DOUBLE       | GB_CIJ                   | NO     | 0.0                | 0.0                
  | DOUBLE       | F_PWSASA                 | NO     | 0.4535             | 0.4535             
  | DOUBLE       | SCALE_VDW                | NO     | 1.0                | 1.0                
  | DOUBLE       | SCALE_CR                 | NO     | 1.0                | 1.0                



 Sasa Type                  : NUMERIC 
 Charge Type                : IAO_MULLIKEN 
 CDS Type                   : SMD 
 Radius Type                : SMD 
 Solvent                    : WATER 
 Solvent Parameters         : MN21 
 Dielectric Parameters      : MN21 
 Coulomb Radii Parameters   : SMD 
 GB d_ij parameter          : 3.7000000000 
 GB S_ij parameter          : 0.7500000000 
 GB C_ij parameter          : 0.0000000000 
 Sclae_vdw parameter        : 1.0000000000 
 Number of z-points         : 90 
 Number of angular points   : 100 
 Number of SASA grid points : 17902 
 Solvent Dielectric Constant: 78.3553000000 

 VDW Radii:
	  1 C :       1.7000  ang
	  2 C :       1.7000  ang
	  3 C :       1.7000  ang
	  4 H :       1.2000  ang
	  5 H :       1.2000  ang
	  6 H :       1.2000  ang
	  7 H :       1.2000  ang

	 Computing SASA... 

 Atomic SASA values:
	  1 C :      10.2867  ang^2
	  2 C :      16.6823  ang^2
	  3 C :      26.1548  ang^2
	  4 H :      12.8719  ang^2
	  5 H :      12.7911  ang^2
	  6 H :      12.8072  ang^2
	  7 H :      12.7210  ang^2

	*Total SASA (angs^2): 104.3150064221 


 Coulomb Radii:
	  1 C :       1.8500  ang
	  2 C :       1.8500  ang
	  3 C :       1.8500  ang
	  4 H :       1.2000  ang
	  5 H :       1.2000  ang
	  6 H :       1.2000  ang
	  7 H :       1.2000  ang
 Solvent Alpha                       : 1.1700000000 

 ## Effective Born Radius (bohr) ##
   0   3.7614425207 
   1   3.9412858372 
   2   3.7719323033 
   3   3.0397668440 
   4   3.0397689344 
   5   3.0396852458 
   6   2.7644423965 

 Effective Born Radii:
	  1 C :       1.9905  ang
	  2 C :       2.0856  ang
	  3 C :       1.9960  ang
	  4 H :       1.6086  ang
	  5 H :       1.6086  ang
	  6 H :       1.6085  ang
	  7 H :       1.4629  ang


 Coulomb Integrals:
	  1  1 :       0.2659  bohr^-1
	  1  2 :       0.2210  bohr^-1
	  1  3 :       0.1717  bohr^-1
	  1  4 :       0.2618  bohr^-1
	  1  5 :       0.2618  bohr^-1
	  1  6 :       0.2618  bohr^-1
	  1  7 :       0.1385  bohr^-1
	  2  1 :       0.2210  bohr^-1
	  2  2 :       0.2537  bohr^-1
	  2  3 :       0.2314  bohr^-1
	  2  4 :       0.2031  bohr^-1
	  2  5 :       0.2031  bohr^-1
	  2  6 :       0.2031  bohr^-1
	  2  7 :       0.1993  bohr^-1
	  3  1 :       0.1717  bohr^-1
	  3  2 :       0.2314  bohr^-1
	  3  3 :       0.2651  bohr^-1
	  3  4 :       0.1550  bohr^-1
	  3  5 :       0.1550  bohr^-1
	  3  6 :       0.1550  bohr^-1
	  3  7 :       0.2730  bohr^-1
	  4  1 :       0.2618  bohr^-1
	  4  2 :       0.2031  bohr^-1
	  4  3 :       0.1550  bohr^-1
	  4  4 :       0.3290  bohr^-1
	  4  5 :       0.2370  bohr^-1
	  4  6 :       0.2370  bohr^-1
	  4  7 :       0.1241  bohr^-1
	  5  1 :       0.2618  bohr^-1
	  5  2 :       0.2031  bohr^-1
	  5  3 :       0.1550  bohr^-1
	  5  4 :       0.2370  bohr^-1
	  5  5 :       0.3290  bohr^-1
	  5  6 :       0.2370  bohr^-1
	  5  7 :       0.1241  bohr^-1
	  6  1 :       0.2618  bohr^-1
	  6  2 :       0.2031  bohr^-1
	  6  3 :       0.1550  bohr^-1
	  6  4 :       0.2370  bohr^-1
	  6  5 :       0.2370  bohr^-1
	  6  6 :       0.3290  bohr^-1
	  6  7 :       0.1241  bohr^-1
	  7  1 :       0.1385  bohr^-1
	  7  2 :       0.1993  bohr^-1
	  7  3 :       0.2730  bohr^-1
	  7  4 :       0.1241  bohr^-1
	  7  5 :       0.1241  bohr^-1
	  7  6 :       0.1241  bohr^-1
	  7  7 :       0.3617  bohr^-1


	*Molecular contr. to CDS energy:       0.0000  kcal/mol
	*Total CDS energy:       3.7402  kcal/mol
	*MP2::Polarization Free Energy (au)      : -0.0028464094 
	*MP2::Polarization Free Energy (kcal/mol):      -1.7861 
	*MP2::CDS Free Energy (au)      : 0.0059603366 
	*MP2::CDS Free Energy (kcal/mol):       3.7402 
	*MP2::Total Solvation Free Energy (au)      : 0.0031139273 
	*MP2::Total Solvation Free Energy (kcal/mol):       1.9540 
	GB-MP2 Total Energy (a.u.)         :  -116.26833374747558

	*Total GB-MP2 Energy: -116.27144767475619


 Cpu time for MacroQC :       1.0022 minutes
 Wall time for MacroQC:       0.3226 minutes


 ******************************************************************************************
	 MacroQC terminates normally:) 
 ****************************************************************************************** 

