 ==========================================================================================
 =========                __  ___                         ____  ______            =========
 ======                  /  |/  /___ _______________     / __ \/ ____/               ======
 ====                   / /|_/ / __ `/ ___/ ___/ __ \   / / / / /                      ====
 ===                   / /  / / /_/ / /__/ /  / /_/ /  / /_/ / /___                     ===
 ==                   /_/  /_/\__,_/\___/_/   \____/   \___\_\____/                      ==
 ===                                                                1.0.4                ===
 =====     An electronic structure theory software for large-scale applications       =====
 ======                                 See license.txt for license info             ======
 =========                                                                        =========
 ==========================================================================================
                                                                                           
                           * * * * * * * * * * * * * * * * * * * *                        
                           *            Developed by             *                        
                           *             U. Bozkaya              *                        
                           *                                     *                        
                           *       With contributions from:      *                        
                           *         B. Ermis, Y. Alagoz,        *                        
                           *         A. Unal, and A. K. Uyar     *                        
                           *         Git Version: deab493        *                        
                           *       Latest Revision: 2026-03-23   *                        
                           * * * * * * * * * * * * * * * * * * * *                        


 Run date: Wed Mar 25 10:00:52 2026
 
 Hostname: ub19 

 ## MacroQC input file ##
 ******************************************************************************************
$set_molecule
0 1
N      -0.0000011871    -0.9726238246    -0.0006170378
C      -1.1610085930    -0.2751441976    -0.0001919403
C       1.1610004273    -0.2751199600    -0.0010955743
C      -1.2000595122     1.1150122420     0.0000078111
C       1.2000411987     1.1150419494    -0.0000720600
C      -0.0000167446     1.8170432094     0.0001270390
C      -2.4357516480    -1.0639065291     0.0003395562
C       2.4357777573    -1.0639032479     0.0006212238
H      -2.1465941272     1.6450949824     0.0003111507
H       2.1465959017     1.6450939013     0.0004461124
H       0.0000285676     2.9030279481     0.0005688880
H      -3.0251457092    -0.8305868910    -0.8917630563
H      -3.0247610142    -0.8299449064     0.8925379024
H      -2.2289904729    -2.1389550935     0.0007203037
H       3.0350450615    -0.8168125187    -0.8811908466
H       3.0148567362    -0.8438703958     0.9028130981
H       2.2290760538    -2.1388210513    -0.0185406207
$end_molecule


$set_globals
   basis cc-pvdz
  method mp2
  reference rhf
  jobtype energy
  memory 30000
$end_globals


$set_scf
  e_convergence 1.0e-8
  d_convergence 1.0e-6
  guess sad
  solvation true
$end_scf


$set_solvation
  cds_type smd
  radius_type smd
  solvent_params mn21
  dielectric_params mn21 #sm8
  sasa_type numeric
  solvent water
  num_ang_points 100
  charge_type iao_mulliken #iao_lowdin, mulliken, lowdin
  coulomb_radii smd
$end_solvation

$set_dfocc
solvation true
$end_dfocc

 ******************************************************************************************


	-Geometry before Center-of-Mass shift (ang): 
	 Number     Atom               X                    Y                       Z  
	 ---------------------------------------------------------------------------------------
           1     N            -0.0000011871         -0.9726238246          -0.0006170378  
           2     C            -1.1610085930         -0.2751441976          -0.0001919403  
           3     C             1.1610004273         -0.2751199600          -0.0010955743  
           4     C            -1.2000595122          1.1150122420           0.0000078111  
           5     C             1.2000411987          1.1150419494          -0.0000720600  
           6     C            -0.0000167446          1.8170432094           0.0001270390  
           7     C            -2.4357516480         -1.0639065291           0.0003395562  
           8     C             2.4357777573         -1.0639032479           0.0006212238  
           9     H            -2.1465941272          1.6450949824           0.0003111507  
          10     H             2.1465959017          1.6450939013           0.0004461124  
          11     H             0.0000285676          2.9030279481           0.0005688880  
          12     H            -3.0251457092         -0.8305868910          -0.8917630563  
          13     H            -3.0247610142         -0.8299449064           0.8925379024  
          14     H            -2.2289904729         -2.1389550935           0.0007203037  
          15     H             3.0350450615         -0.8168125187          -0.8811908466  
          16     H             3.0148567362         -0.8438703958           0.9028130981  
          17     H             2.2290760538         -2.1388210513          -0.0185406207  



	-Geometry after Center-of-Mass shift (ang): 
	 Atom               X                    Y                       Z  
	 -------------------------------------------------------------------
     N          -0.0000001585         -0.9856222225          -0.0005623218  
     C          -1.1610075644         -0.2881425955          -0.0001372243  
     C           1.1610014559         -0.2881183579          -0.0010408583  
     C          -1.2000584836          1.1020138441           0.0000625271  
     C           1.2000422273          1.1020435515          -0.0000173440  
     C          -0.0000157160          1.8040448115           0.0001817550  
     C          -2.4357506194         -1.0769049270           0.0003942722  
     C           2.4357787859         -1.0769016458           0.0006759398  
     H          -2.1465930986          1.6320965845           0.0003658667  
     H           2.1465969303          1.6320955034           0.0005008284  
     H           0.0000295962          2.8900295502           0.0006236040  
     H          -3.0251446806         -0.8435852889          -0.8917083403  
     H          -3.0247599856         -0.8429433043           0.8925926184  
     H          -2.2289894443         -2.1519534914           0.0007750197  
     H           3.0350460901         -0.8298109166          -0.8811361306  
     H           3.0148577648         -0.8568687937           0.9028678141  
     H           2.2290770824         -2.1518194492          -0.0184859047  


	-Geometry after Center-of-Mass shift (bohr): 
	 Atom               X                    Y                       Z  
	 -------------------------------------------------------------------
     N          -0.0000002996         -1.8625560637          -0.0010626341  
     C          -2.1939863264         -0.5445105906          -0.0002593163  
     C           2.1939747828         -0.5444647881          -0.0019669371  
     C          -2.2677818686          2.0825043518           0.0001181592  
     C           2.2677511485          2.0825604907          -0.0000327753  
     C          -0.0000296990          3.4091506118           0.0003434672  
     C          -4.6029015807         -2.0350553752           0.0007450665  
     C           4.6029548075         -2.0350491746           0.0012773412  
     H          -4.0564730592          3.0842155550           0.0006913879  
     H           4.0564802999          3.0842135120           0.0009464286  
     H           0.0000559286          5.4613643444           0.0011784408  
     H          -5.7166949363         -1.5941451595          -1.6850845469  
     H          -5.7159679681         -1.5929319844           1.6867555905  
     H          -4.2121795863         -4.0666027335           0.0014645750  
     H           5.7354058883         -1.5681153683          -1.6651059660  
     H           5.6972554826         -1.6192473455           1.7061728962  
     H           4.2123451982         -4.0663494304          -0.0349332970  


    Rotational Constants: A =     0.11970  B =     0.06274  C =      0.04182 [cm^-1] 
    Rotor Type: ASYMMETRIC 

	-Nuclear Dipole Moment: (e a0)  
	 X:  0.00011   Y:  -1.42468   Z:  0.00600   Total:  1.42469 

	-Nuclear Dipole Moment: (D)  
	 X:  0.00029   Y:  -3.62117   Z:  0.01524   Total:  3.62120 


    Nuclear repulsion energy (V_NN)              : 345.708895308485 
   =====================================================
   Charge                : 0 
   Multiplicity          : 1 
   Number of Atoms       : 17 
   Number of Ghost Atoms : 0 
   Number of Electrons   : 58 
   Number of alpha occupied orbitals (NoccA)  : 29 
   Number of beta occupied orbitals (NoccB)   : 29 
   Number of singly occupied orbitals (Nsocc) : 0 
   Number of doubly occupied orbitals (Ndocc) : 29 
   =====================================================



  ## GLOBALS Options ##

  | TYPE         | KEY                      | INPUT? | VALUE              | DEFAULT            
  |--------------|--------------------------|--------|--------------------|--------------------
  | BOOL         | ERI_DISK                 | NO     | FALSE              | FALSE              
  | BOOL         | FREEZE_CORE              | NO     | TRUE               | TRUE               
  | BOOL         | MOL_FRAG                 | NO     | FALSE              | FALSE              
  | BOOL         | NOCOM                    | NO     | FALSE              | FALSE              
  | BOOL         | NOREORIENT               | NO     | TRUE               | TRUE               
  | BOOL         | PUREAM                   | NO     | TRUE               | TRUE               
  | BOOL         | ML                       | NO     | FALSE              | FALSE              
  | BOOL         | READ_PDB                 | NO     | FALSE              | FALSE              
  | BOOL         | TEST_MODE                | NO     | FALSE              | FALSE              
  | INT          | DERIVE_LEVEL             | NO     | 0                  | 0                  
  | INT          | FINDIF_POINTS            | NO     | 3                  | 3                  
  | INT          | MEMORY                   | YES    | 30000              | 2000               
  | INT          | NUM_THREADS              | NO     | 1                  | 1                  
  | INT          | NUM_FROZEN_DOCC          | NO     | 0                  | 0                  
  | INT          | NUM_FROZEN_VIR           | NO     | 0                  | 0                  
  | INT          | PRINT_LEVEL              | NO     | 0                  | 0                  
  | STRING       | AUX_BASIS_CORR           | NO     | CC-PVDZ-RI         | CC-PVDZ-RI         
  | STRING       | AUX_BASIS_SCF            | NO     | CC-PVDZ-JKFIT      | CC-PVDZ-JKFIT      
  | STRING       | BASIS                    | YES    | CC-PVDZ            | CC-PVDZ            
  | STRING       | BASIS2                   | NO     | MINAO              | MINAO              
  | STRING       | DERIVE_TYPE              | NO     | ANALYTIC           | ANALYTIC           
  | STRING       | FINDIF_METHOD            | NO     | GRAD               | GRAD               
  | STRING       | GEOM_UNITS               | NO     | ANG                | ANG                
  | STRING       | JOBTYPE                  | YES    | ENERGY             | ENERGY             
  | STRING       | METHOD                   | YES    | MP2                | SCF                
  | STRING       | REFERENCE                | YES    | RHF                | RHF                
  | STRING       | OUTFILE_MODE             | NO     | NEW                | NEW                
  | DOUBLE       | STEP_BOHR                | NO     | 0.05               | 0.05               
  | STR_ARRAY    | MOLECULE_GEOM_FROM       | NO     | [input]            | [input]            
  | DOUBLE_ARRAY | ELECTRIC_STRENGTH        | NO     | [0.001;0.001;0.001]| [0.001;0.001;0.001]
  | STRING       | ELECTRIC_FIELD           | NO     | NONE               | NONE               
  | STRING       | ALIGN_TWO_ATOMS          | NO     | NONE               | NONE               
  | INT_ARRAY    | TWO_ATOMS                | NO     | [0]                | [0]                



  ## INTS Options ##

  | TYPE         | KEY                      | INPUT? | VALUE              | DEFAULT            
  |--------------|--------------------------|--------|--------------------|--------------------
  | DOUBLE       | BOYS_CUTOFF              | NO     | 1e-15              | 1e-15              
  | DOUBLE       | BOYS_ZERO                | NO     | 1e-06              | 1e-06              
  | DOUBLE       | DELTA_X                  | NO     | 0.1                | 0.1                
  | DOUBLE       | INTEGRAL_CUTOFF          | NO     | 1e-10              | 1e-10              
  | DOUBLE       | X_MAX                    | NO     | 30.0               | 30.0               
  | INT          | BOYS_MAXITER             | NO     | 10000              | 10000              
  | INT          | MAX_AM                   | NO     | 7                  | 7                  
  | INT          | MAX_AM_AUX               | NO     | 7                  | 7                  
  | INT          | PRINT_LEVEL              | NO     | 0                  | 0                  
  | INT          | TAYLOR_ORDER             | NO     | 6                  | 6                  
  | STRING       | 3INDEX_ALGORITHM         | NO     | AUTO               | AUTO               
  | STRING       | BOYS_METHOD              | NO     | GHP                | GHP                
  | STRING       | ERI_ALGORITHM            | NO     | MD4                | MD4                


	Initializing Liboeprop (by U. Bozkaya) ...

	*=================================================================*
	*                  SCF                                            *
	*   Developed by U. Bozkaya & Y. Alagoz                           *
	*   Latest revision Feb 16, 2021                                  *
	*=================================================================*



  ## SCF Options ##

  | TYPE         | KEY                      | INPUT? | VALUE              | DEFAULT            
  |--------------|--------------------------|--------|--------------------|--------------------
  | BOOL         | DIIS_DAMP                | NO     | FALSE              | FALSE              
  | BOOL         | DIE_IF_NOT_CONVERGED     | NO     | TRUE               | TRUE               
  | BOOL         | DO_DF                    | NO     | TRUE               | TRUE               
  | BOOL         | DIIS                     | NO     | TRUE               | TRUE               
  | BOOL         | FOCK_DAMP                | NO     | FALSE              | FALSE              
  | BOOL         | GUESS_MIX                | NO     | FALSE              | FALSE              
  | BOOL         | GUESS_PREVIOUS           | NO     | FALSE              | FALSE              
  | BOOL         | LOCAL                    | NO     | FALSE              | FALSE              
  | BOOL         | RETRY                    | NO     | TRUE               | TRUE               
  | DOUBLE       | CUTOFF                   | NO     | 1e-10              | 1e-10              
  | DOUBLE       | D_CONVERGENCE            | YES    | 1e-06              | 1e-06              
  | DOUBLE       | DAMP_PARAM               | NO     | 0.02               | 0.02               
  | DOUBLE       | E_CONVERGENCE            | YES    | 1e-08              | 1e-08              
  | DOUBLE       | FOCK_DAMP_PERC           | NO     | 20.0               | 20.0               
  | DOUBLE       | MIN_OVERLAP_EIGVAL       | NO     | 1e-06              | 1e-06              
  | DOUBLE       | LOCAL_CONVERGENCE        | NO     | 1e-08              | 1e-08              
  | DOUBLE       | QC_GUESS_E_CONVERGENCE   | NO     | 0.0001             | 0.0001             
  | DOUBLE       | QC_GUESS_D_CONVERGENCE   | NO     | 0.005              | 0.005              
  | INT          | MAX_DIIS                 | NO     | 6                  | 6                  
  | INT          | MIN_DIIS                 | NO     | 2                  | 2                  
  | INT          | PRINT_LEVEL              | NO     | 0                  | 0                  
  | INT          | SCF_MAXITER              | NO     | 50                 | 50                 
  | INT          | LOCAL_MAXITER            | NO     | 50                 | 50                 
  | STRING       | DIIS_ALGORITHM           | NO     | DISK               | DISK               
  | STRING       | GUESS                    | YES    | SAD                | SAD                
  | BOOL         | MO_WRITE                 | NO     | FALSE              | FALSE              
  | BOOL         | FOCK_WRITE               | NO     | FALSE              | FALSE              
  | STRING       | ORTH_TYPE                | NO     | CANONICAL          | CANONICAL          
  | STRING       | ROHF_CANONIC_TYPE        | NO     | GUEST              | GUEST              
  | STRING       | ERI                      | NO     | INCORE             | INCORE             
  | STRING       | SCF_ALGORITHM            | NO     | ROOTHAAN           | ROOTHAAN           
  | STRING       | LOCAL_TYPE               | NO     | BOYS               | BOYS               
  | BOOL         | SAD_FRAC_OCC             | NO     | TRUE               | TRUE               
  | BOOL         | SAD_SPIN_AVERAGE         | NO     | TRUE               | TRUE               
  | DOUBLE       | SAD_E_CONVERGENCE        | NO     | 1e-05              | 1e-05              
  | DOUBLE       | SAD_D_CONVERGENCE        | NO     | 1e-05              | 1e-05              
  | INT          | SAD_MAXITER              | NO     | 50                 | 50                 
  | BOOL         | NIE                      | NO     | FALSE              | FALSE              
  | BOOL         | SAD_DIIS                 | NO     | TRUE               | TRUE               
  | INT          | SAD_MAX_DIIS             | NO     | 6                  | 6                  
  | INT          | SAD_MIN_DIIS             | NO     | 2                  | 2                  
  | INT          | SAD_PRINT                | NO     | 0                  | 0                  
  | STRING       | SAD_AUX_BASIS            | NO     | SAD-FIT            | SAD-FIT            
  | DOUBLE       | SAD_CHOLESKY_TOLERANCE   | NO     | 1e-07              | 1e-07              
  | BOOL         | SOLVATION                | YES    | TRUE               | FALSE              
  | BOOL         | BYPASS                   | NO     | FALSE              | FALSE              
  | STRING       | IAO_TYPE                 | NO     | STANDARD2013       | STANDARD2013       
  | BOOL         | USE_IAOS                 | NO     | FALSE              | FALSE              

	Initializing libdiis ...
	Initializing libmolint 1.1 ...
 CC-PVDZ primary basis set file will be read for the N atom...
 CC-PVDZ primary basis set file will be read for the C atom...
 CC-PVDZ primary basis set file will be read for the H atom...
 Nmaxthread: 16 
 Nshell: 75 
 Lmax:  2 
 Npmax:  8 
 Nao: 157 
 Ndocc: 29 
 Nsocc:  0 
 NoccA: 29 
 NoccB: 29 
 Primary basis set info has been read.

 CC-PVDZ-JKFIT aux basis set file will be read for the N atom...
 CC-PVDZ-JKFIT aux basis set file will be read for the C atom...
 CC-PVDZ-JKFIT aux basis set file will be read for the H atom...
 Nshell_aux: 273 
 Naux: 767 
 Aux basis set info has been read.

 orth_type: CANONICAL 
 Cpu time for S ints :       0.0400 s
 Wall time for S ints:       0.0367 s

 Using canonical orthogonalization. 
 Minimum eigenvalue in the overlap matrix is:   5.8367E-04 

 Cpu time for T ints :       0.3500 s
 Wall time for T ints:       0.0891 s
 Cpu time for V ints :       1.1800 s
 Wall time for V ints:       0.6068 s
 Cpu time for Metric ints :       1.7800 s
 Wall time for Metric ints:       0.5235 s
 3-Index Algorithm: AUTO 

 Calling fortran integrals: ringing... 
 Done with fintegrals.

 Cpu time for 3-index ints :       9.1100 s
 Wall time for 3-index ints:       2.9073 s
 Cpu time for df-factors :       1.9100 s
 Wall time for df-factors:       0.5327 s


 Puream (True=1, False=0) : 1
 Number of AO             : 157
 Number of MO             : 157
 Number of Aux Functions  : 767
 Charge                   : 0
 Multiplicity             : 1
 Alpha OCC                : 29
 Beta OCC                 : 29
 Nuclear Repulsion Energy : 345.70889531
 Energy Treshold          : 1.0e-08
 Density Treshold         : 1.0e-06
 Iteration Limit          : 50
 Guess                    : SAD
 Guess Mix                : false
 Diis                     : true
 Diis Damping             : false
 Diis Damp Parameter      : 0.02
 Diis Algorithm           : DISK
 Cutoff Treshold          : 1.0e-10
 Density Fitting          : true
 Reference                : RHF
 Die If Not Converged     : true
 Print Level              : 0
 ERI Algorithm            : INCORE
 SCF Algorithm            : ROOTHAAN




  ## SOLVATION Options ##

  | TYPE         | KEY                      | INPUT? | VALUE              | DEFAULT            
  |--------------|--------------------------|--------|--------------------|--------------------
  | INT          | NUM_Z_POINTS             | NO     | 90                 | 90                 
  | INT          | NUM_ANG_POINTS           | YES    | 100                | 100                
  | STRING       | SASA_TYPE                | YES    | NUMERIC            | NUMERIC            
  | STRING       | CHARGE_TYPE              | YES    | IAO_MULLIKEN       | IAO_MULLIKEN       
  | STRING       | CDS_TYPE                 | YES    | SMD                | SMD                
  | STRING       | SOLVENT                  | YES    | WATER              | WATER              
  | STRING       | SOLVENT_PARAMS           | YES    | MN21               | SM8                
  | STRING       | DIELECTRIC_PARAMS        | YES    | MN21               | MN21               
  | STRING       | COULOMB_RADII            | YES    | SMD                | SMD                
  | DOUBLE       | COVALENT_VW_CONST        | NO     | 0.76               | 0.76               
  | DOUBLE       | SOLVENT_RADIUS           | NO     | 0.4                | 0.4                
  | STRING       | RADIUS_TYPE              | YES    | SMD                | SMD                
  | DOUBLE       | GB_DIJ                   | NO     | 3.7                | 3.7                
  | DOUBLE       | GB_SIJ                   | NO     | 0.75               | 0.75               
  | DOUBLE       | GB_CIJ                   | NO     | 0.0                | 0.0                
  | DOUBLE       | F_PWSASA                 | NO     | 0.4535             | 0.4535             
  | DOUBLE       | SCALE_VDW                | NO     | 1.0                | 1.0                
  | DOUBLE       | SCALE_CR                 | NO     | 1.0                | 1.0                



 Sasa Type                  : NUMERIC 
 Charge Type                : IAO_MULLIKEN 
 CDS Type                   : SMD 
 Radius Type                : SMD 
 Solvent                    : WATER 
 Solvent Parameters         : MN21 
 Dielectric Parameters      : MN21 
 Coulomb Radii Parameters   : SMD 
 GB d_ij parameter          : 3.7000000000 
 GB S_ij parameter          : 0.7500000000 
 GB C_ij parameter          : 0.0000000000 
 Sclae_vdw parameter        : 1.0000000000 
 Number of z-points         : 90 
 Number of angular points   : 100 
 Number of SASA grid points : 17902 
 Solvent Dielectric Constant: 78.3553000000 

 VDW Radii:
	  1 N :       1.5500  ang
	  2 C :       1.7000  ang
	  3 C :       1.7000  ang
	  4 C :       1.7000  ang
	  5 C :       1.7000  ang
	  6 C :       1.7000  ang
	  7 C :       1.7000  ang
	  8 C :       1.7000  ang
	  9 H :       1.2000  ang
	 10 H :       1.2000  ang
	 11 H :       1.2000  ang
	 12 H :       1.2000  ang
	 13 H :       1.2000  ang
	 14 H :       1.2000  ang
	 15 H :       1.2000  ang
	 16 H :       1.2000  ang
	 17 H :       1.2000  ang

	 Computing SASA... 

 Atomic SASA values:
	  1 N :      11.5015  ang^2
	  2 C :       6.1912  ang^2
	  3 C :       6.1819  ang^2
	  4 C :      10.0081  ang^2
	  5 C :      10.0050  ang^2
	  6 C :      10.6737  ang^2
	  7 C :       9.3178  ang^2
	  8 C :       9.2807  ang^2
	  9 H :      12.3724  ang^2
	 10 H :      12.3706  ang^2
	 11 H :      12.9833  ang^2
	 12 H :      12.6383  ang^2
	 13 H :      12.6383  ang^2
	 14 H :      12.0597  ang^2
	 15 H :      12.6167  ang^2
	 16 H :      12.6707  ang^2
	 17 H :      12.0830  ang^2

	*Total SASA (angs^2): 185.5928922116 


 Coulomb Radii:
	  1 N :       1.8900  ang
	  2 C :       1.8500  ang
	  3 C :       1.8500  ang
	  4 C :       1.8500  ang
	  5 C :       1.8500  ang
	  6 C :       1.8500  ang
	  7 C :       1.8500  ang
	  8 C :       1.8500  ang
	  9 H :       1.2000  ang
	 10 H :       1.2000  ang
	 11 H :       1.2000  ang
	 12 H :       1.2000  ang
	 13 H :       1.2000  ang
	 14 H :       1.2000  ang
	 15 H :       1.2000  ang
	 16 H :       1.2000  ang
	 17 H :       1.2000  ang
 Solvent Alpha                       : 1.1700000000 

 ## Effective Born Radius (bohr) ##
   0   4.9216387350 
   1   4.8290792318 
   2   4.8290939635 
   3   4.6442125272 
   4   4.6441989794 
   5   4.4906339203 
   6   4.1149445659 
   7   4.1149443292 
   8   3.3297932150 
   9   3.3297969807 
  10   3.2022903807 
  11   3.2154337324 
  12   3.2155460862 
  13   3.2737874477 
  14   3.2162443850 
  15   3.2146611366 
  16   3.2737371017 

 Effective Born Radii:
	  1 N :       2.6044  ang
	  2 C :       2.5554  ang
	  3 C :       2.5554  ang
	  4 C :       2.4576  ang
	  5 C :       2.4576  ang
	  6 C :       2.3763  ang
	  7 C :       2.1775  ang
	  8 C :       2.1775  ang
	  9 H :       1.7621  ang
	 10 H :       1.7621  ang
	 11 H :       1.6946  ang
	 12 H :       1.7015  ang
	 13 H :       1.7016  ang
	 14 H :       1.7324  ang
	 15 H :       1.7020  ang
	 16 H :       1.7011  ang
	 17 H :       1.7324  ang


 Coulomb Integrals:
	  1  1 :       0.2032  bohr^-1
	  1  2 :       0.1870  bohr^-1
	  1  3 :       0.1870  bohr^-1
	  1  4 :       0.1610  bohr^-1
	  1  5 :       0.1610  bohr^-1
	  1  6 :       0.1516  bohr^-1
	  1  7 :       0.1656  bohr^-1
	  1  8 :       0.1656  bohr^-1
	  1  9 :       0.1425  bohr^-1
	  1 10 :       0.1425  bohr^-1
	  1 11 :       0.1292  bohr^-1
	  1 12 :       0.1504  bohr^-1
	  1 13 :       0.1504  bohr^-1
	  1 14 :       0.1724  bohr^-1
	  1 15 :       0.1502  bohr^-1
	  1 16 :       0.1506  bohr^-1
	  1 17 :       0.1724  bohr^-1
	  2  1 :       0.1870  bohr^-1
	  2  2 :       0.2071  bohr^-1
	  2  3 :       0.1624  bohr^-1
	  2  4 :       0.1905  bohr^-1
	  2  5 :       0.1524  bohr^-1
	  2  6 :       0.1638  bohr^-1
	  2  7 :       0.1967  bohr^-1
	  2  8 :       0.1305  bohr^-1
	  2  9 :       0.1864  bohr^-1
	  2 10 :       0.1303  bohr^-1
	  2 11 :       0.1437  bohr^-1
	  2 12 :       0.1889  bohr^-1
	  2 13 :       0.1889  bohr^-1
	  2 14 :       0.1876  bohr^-1
	  2 15 :       0.1182  bohr^-1
	  2 16 :       0.1185  bohr^-1
	  2 17 :       0.1293  bohr^-1
	  3  1 :       0.1870  bohr^-1
	  3  2 :       0.1624  bohr^-1
	  3  3 :       0.2071  bohr^-1
	  3  4 :       0.1524  bohr^-1
	  3  5 :       0.1905  bohr^-1
	  3  6 :       0.1638  bohr^-1
	  3  7 :       0.1305  bohr^-1
	  3  8 :       0.1967  bohr^-1
	  3  9 :       0.1303  bohr^-1
	  3 10 :       0.1864  bohr^-1
	  3 11 :       0.1437  bohr^-1
	  3 12 :       0.1184  bohr^-1
	  3 13 :       0.1183  bohr^-1
	  3 14 :       0.1293  bohr^-1
	  3 15 :       0.1888  bohr^-1
	  3 16 :       0.1889  bohr^-1
	  3 17 :       0.1876  bohr^-1
	  4  1 :       0.1610  bohr^-1
	  4  2 :       0.1905  bohr^-1
	  4  3 :       0.1524  bohr^-1
	  4  4 :       0.2153  bohr^-1
	  4  5 :       0.1639  bohr^-1
	  4  6 :       0.1962  bohr^-1
	  4  7 :       0.1659  bohr^-1
	  4  8 :       0.1180  bohr^-1
	  4  9 :       0.2320  bohr^-1
	  4 10 :       0.1435  bohr^-1
	  4 11 :       0.1905  bohr^-1
	  4 12 :       0.1639  bohr^-1
	  4 13 :       0.1640  bohr^-1
	  4 14 :       0.1431  bohr^-1
	  4 15 :       0.1093  bohr^-1
	  4 16 :       0.1094  bohr^-1
	  4 17 :       0.1094  bohr^-1
	  5  1 :       0.1610  bohr^-1
	  5  2 :       0.1524  bohr^-1
	  5  3 :       0.1905  bohr^-1
	  5  4 :       0.1639  bohr^-1
	  5  5 :       0.2153  bohr^-1
	  5  6 :       0.1962  bohr^-1
	  5  7 :       0.1180  bohr^-1
	  5  8 :       0.1659  bohr^-1
	  5  9 :       0.1435  bohr^-1
	  5 10 :       0.2320  bohr^-1
	  5 11 :       0.1905  bohr^-1
	  5 12 :       0.1094  bohr^-1
	  5 13 :       0.1094  bohr^-1
	  5 14 :       0.1094  bohr^-1
	  5 15 :       0.1642  bohr^-1
	  5 16 :       0.1637  bohr^-1
	  5 17 :       0.1431  bohr^-1
	  6  1 :       0.1516  bohr^-1
	  6  2 :       0.1638  bohr^-1
	  6  3 :       0.1638  bohr^-1
	  6  4 :       0.1962  bohr^-1
	  6  5 :       0.1962  bohr^-1
	  6  6 :       0.2227  bohr^-1
	  6  7 :       0.1295  bohr^-1
	  6  8 :       0.1295  bohr^-1
	  6  9 :       0.1902  bohr^-1
	  6 10 :       0.1902  bohr^-1
	  6 11 :       0.2391  bohr^-1
	  6 12 :       0.1238  bohr^-1
	  6 13 :       0.1239  bohr^-1
	  6 14 :       0.1136  bohr^-1
	  6 15 :       0.1239  bohr^-1
	  6 16 :       0.1238  bohr^-1
	  6 17 :       0.1136  bohr^-1
	  7  1 :       0.1656  bohr^-1
	  7  2 :       0.1967  bohr^-1
	  7  3 :       0.1305  bohr^-1
	  7  4 :       0.1659  bohr^-1
	  7  5 :       0.1180  bohr^-1
	  7  6 :       0.1295  bohr^-1
	  7  7 :       0.2430  bohr^-1
	  7  8 :       0.1059  bohr^-1
	  7  9 :       0.1699  bohr^-1
	  7 10 :       0.0985  bohr^-1
	  7 11 :       0.1117  bohr^-1
	  7 12 :       0.2469  bohr^-1
	  7 13 :       0.2469  bohr^-1
	  7 14 :       0.2451  bohr^-1
	  7 15 :       0.0948  bohr^-1
	  7 16 :       0.0951  bohr^-1
	  7 17 :       0.1088  bohr^-1
	  8  1 :       0.1656  bohr^-1
	  8  2 :       0.1305  bohr^-1
	  8  3 :       0.1967  bohr^-1
	  8  4 :       0.1180  bohr^-1
	  8  5 :       0.1659  bohr^-1
	  8  6 :       0.1295  bohr^-1
	  8  7 :       0.1059  bohr^-1
	  8  8 :       0.2430  bohr^-1
	  8  9 :       0.0985  bohr^-1
	  8 10 :       0.1699  bohr^-1
	  8 11 :       0.1117  bohr^-1
	  8 12 :       0.0949  bohr^-1
	  8 13 :       0.0949  bohr^-1
	  8 14 :       0.1088  bohr^-1
	  8 15 :       0.2469  bohr^-1
	  8 16 :       0.2469  bohr^-1
	  8 17 :       0.2451  bohr^-1
	  9  1 :       0.1425  bohr^-1
	  9  2 :       0.1864  bohr^-1
	  9  3 :       0.1303  bohr^-1
	  9  4 :       0.2320  bohr^-1
	  9  5 :       0.1435  bohr^-1
	  9  6 :       0.1902  bohr^-1
	  9  7 :       0.1699  bohr^-1
	  9  8 :       0.0985  bohr^-1
	  9  9 :       0.3003  bohr^-1
	  9 10 :       0.1212  bohr^-1
	  9 11 :       0.1883  bohr^-1
	  9 12 :       0.1745  bohr^-1
	  9 13 :       0.1745  bohr^-1
	  9 14 :       0.1358  bohr^-1
	  9 15 :       0.0910  bohr^-1
	  9 16 :       0.0910  bohr^-1
	  9 17 :       0.0913  bohr^-1
	 10  1 :       0.1425  bohr^-1
	 10  2 :       0.1303  bohr^-1
	 10  3 :       0.1864  bohr^-1
	 10  4 :       0.1435  bohr^-1
	 10  5 :       0.2320  bohr^-1
	 10  6 :       0.1902  bohr^-1
	 10  7 :       0.0985  bohr^-1
	 10  8 :       0.1699  bohr^-1
	 10  9 :       0.1212  bohr^-1
	 10 10 :       0.3003  bohr^-1
	 10 11 :       0.1883  bohr^-1
	 10 12 :       0.0910  bohr^-1
	 10 13 :       0.0910  bohr^-1
	 10 14 :       0.0913  bohr^-1
	 10 15 :       0.1751  bohr^-1
	 10 16 :       0.1740  bohr^-1
	 10 17 :       0.1358  bohr^-1
	 11  1 :       0.1292  bohr^-1
	 11  2 :       0.1437  bohr^-1
	 11  3 :       0.1437  bohr^-1
	 11  4 :       0.1905  bohr^-1
	 11  5 :       0.1905  bohr^-1
	 11  6 :       0.2391  bohr^-1
	 11  7 :       0.1117  bohr^-1
	 11  8 :       0.1117  bohr^-1
	 11  9 :       0.1883  bohr^-1
	 11 10 :       0.1883  bohr^-1
	 11 11 :       0.3123  bohr^-1
	 11 12 :       0.1076  bohr^-1
	 11 13 :       0.1076  bohr^-1
	 11 14 :       0.0957  bohr^-1
	 11 15 :       0.1077  bohr^-1
	 11 16 :       0.1075  bohr^-1
	 11 17 :       0.0957  bohr^-1
	 12  1 :       0.1504  bohr^-1
	 12  2 :       0.1889  bohr^-1
	 12  3 :       0.1184  bohr^-1
	 12  4 :       0.1639  bohr^-1
	 12  5 :       0.1094  bohr^-1
	 12  6 :       0.1238  bohr^-1
	 12  7 :       0.2469  bohr^-1
	 12  8 :       0.0949  bohr^-1
	 12  9 :       0.1745  bohr^-1
	 12 10 :       0.0910  bohr^-1
	 12 11 :       0.1076  bohr^-1
	 12 12 :       0.3110  bohr^-1
	 12 13 :       0.2291  bohr^-1
	 12 14 :       0.2287  bohr^-1
	 12 15 :       0.0872  bohr^-1
	 12 16 :       0.0839  bohr^-1
	 12 17 :       0.0962  bohr^-1
	 13  1 :       0.1504  bohr^-1
	 13  2 :       0.1889  bohr^-1
	 13  3 :       0.1183  bohr^-1
	 13  4 :       0.1640  bohr^-1
	 13  5 :       0.1094  bohr^-1
	 13  6 :       0.1239  bohr^-1
	 13  7 :       0.2469  bohr^-1
	 13  8 :       0.0949  bohr^-1
	 13  9 :       0.1745  bohr^-1
	 13 10 :       0.0910  bohr^-1
	 13 11 :       0.1076  bohr^-1
	 13 12 :       0.2291  bohr^-1
	 13 13 :       0.3110  bohr^-1
	 13 14 :       0.2287  bohr^-1
	 13 15 :       0.0837  bohr^-1
	 13 16 :       0.0875  bohr^-1
	 13 17 :       0.0961  bohr^-1
	 14  1 :       0.1724  bohr^-1
	 14  2 :       0.1876  bohr^-1
	 14  3 :       0.1293  bohr^-1
	 14  4 :       0.1431  bohr^-1
	 14  5 :       0.1094  bohr^-1
	 14  6 :       0.1136  bohr^-1
	 14  7 :       0.2451  bohr^-1
	 14  8 :       0.1088  bohr^-1
	 14  9 :       0.1358  bohr^-1
	 14 10 :       0.0913  bohr^-1
	 14 11 :       0.0957  bohr^-1
	 14 12 :       0.2287  bohr^-1
	 14 13 :       0.2287  bohr^-1
	 14 14 :       0.3055  bohr^-1
	 14 15 :       0.0959  bohr^-1
	 14 16 :       0.0963  bohr^-1
	 14 17 :       0.1172  bohr^-1
	 15  1 :       0.1502  bohr^-1
	 15  2 :       0.1182  bohr^-1
	 15  3 :       0.1888  bohr^-1
	 15  4 :       0.1093  bohr^-1
	 15  5 :       0.1642  bohr^-1
	 15  6 :       0.1239  bohr^-1
	 15  7 :       0.0948  bohr^-1
	 15  8 :       0.2469  bohr^-1
	 15  9 :       0.0910  bohr^-1
	 15 10 :       0.1751  bohr^-1
	 15 11 :       0.1077  bohr^-1
	 15 12 :       0.0872  bohr^-1
	 15 13 :       0.0837  bohr^-1
	 15 14 :       0.0959  bohr^-1
	 15 15 :       0.3109  bohr^-1
	 15 16 :       0.2291  bohr^-1
	 15 17 :       0.2287  bohr^-1
	 16  1 :       0.1506  bohr^-1
	 16  2 :       0.1185  bohr^-1
	 16  3 :       0.1889  bohr^-1
	 16  4 :       0.1094  bohr^-1
	 16  5 :       0.1637  bohr^-1
	 16  6 :       0.1238  bohr^-1
	 16  7 :       0.0951  bohr^-1
	 16  8 :       0.2469  bohr^-1
	 16  9 :       0.0910  bohr^-1
	 16 10 :       0.1740  bohr^-1
	 16 11 :       0.1075  bohr^-1
	 16 12 :       0.0839  bohr^-1
	 16 13 :       0.0875  bohr^-1
	 16 14 :       0.0963  bohr^-1
	 16 15 :       0.2291  bohr^-1
	 16 16 :       0.3111  bohr^-1
	 16 17 :       0.2287  bohr^-1
	 17  1 :       0.1724  bohr^-1
	 17  2 :       0.1293  bohr^-1
	 17  3 :       0.1876  bohr^-1
	 17  4 :       0.1094  bohr^-1
	 17  5 :       0.1431  bohr^-1
	 17  6 :       0.1136  bohr^-1
	 17  7 :       0.1088  bohr^-1
	 17  8 :       0.2451  bohr^-1
	 17  9 :       0.0913  bohr^-1
	 17 10 :       0.1358  bohr^-1
	 17 11 :       0.0957  bohr^-1
	 17 12 :       0.0962  bohr^-1
	 17 13 :       0.0961  bohr^-1
	 17 14 :       0.1172  bohr^-1
	 17 15 :       0.2287  bohr^-1
	 17 16 :       0.2287  bohr^-1
	 17 17 :       0.3055  bohr^-1
    ===> SCF Iteration Started <===

     Iter. |                   Energy |       Delta E |          Drms |
    -------|--------------------------|---------------|---------------|
         1 |      -324.05930203789512 |    -3.241e+02 |     1.149e-02 |
         2 |      -324.62706917427738 |    -5.678e-01 |     3.445e-03 | DIIS
         3 |      -324.77928617441103 |    -1.522e-01 |     6.394e-04 | DIIS
         4 |      -324.79660326934129 |    -1.732e-02 |     3.937e-04 | DIIS
         5 |      -324.79810998284449 |    -1.507e-03 |     1.065e-04 | DIIS
         6 |      -324.79831530503850 |    -2.053e-04 |     2.195e-05 | DIIS
         7 |      -324.79832059730666 |    -5.292e-06 |     8.926e-06 | DIIS
         8 |      -324.79832348807031 |    -2.891e-06 |     1.853e-06 | DIIS
         9 |      -324.79832329281203 |     1.953e-07 |     7.513e-07 | DIIS
        10 |      -324.79832354735413 |    -2.545e-07 |     4.268e-07 | DIIS
        11 |      -324.79832363390858 |    -8.655e-08 |     6.343e-07 | DIIS
        12 |      -324.79832364668368 |    -1.278e-08 |     9.925e-08 | DIIS
        13 |      -324.79832362771742 |     1.897e-08 |     4.615e-08 | DIIS
        14 |      -324.79832362864329 |    -9.259e-10 |     1.101e-08 | DIIS


	-Alpha Occupied Orbital Energies (au):  
	 1: -15.5273625118 	 2: -11.2508343302 	 3: -11.2505853938 	 4: -11.2300192435 	 5: -11.2033056362 
	 6: -11.2031646040 	 7: -11.2002522886 	 8: -11.2001989701 	 9: -1.2197461237 	10: -1.0516404426 
	11: -1.0436052513 	12: -0.9498520251 	13: -0.9039881723 	14: -0.8030610785 	15: -0.7753646683 
	16: -0.6542521349 	17: -0.6395422444 	18: -0.5903413687 	19: -0.5645515569 	20: -0.5447788088 
	21: -0.5443047875 	22: -0.5399454764 	23: -0.4995344503 	24: -0.4980777848 	25: -0.4695852110 
	26: -0.4680565977 	27: -0.3785557793 	28: -0.3434061360 	29: -0.2965874316 
	-Alpha Virtual Orbital Energies (au):  
	30: 0.1517264844 	31: 0.1590750271 	32: 0.2011541787 	33: 0.2169510262 	34: 0.2256860344 
	35: 0.2589187256 	36: 0.2692858123 	37: 0.2769292264 	38: 0.2795691838 	39: 0.2927693861 
	40: 0.2971214722 	41: 0.3905839021 	42: 0.3914057488 	43: 0.3971956671 	44: 0.4372529376 
	45: 0.4749253744 	46: 0.4949777237 	47: 0.5019733075 	48: 0.6144618282 	49: 0.6426936860 
	50: 0.6456315189 	51: 0.6474997925 	52: 0.6594465946 	53: 0.6750818765 	54: 0.6850099058 
	55: 0.6867916971 	56: 0.7243174241 	57: 0.7285136310 	58: 0.7530363916 	59: 0.7650557003 
	60: 0.7651595080 	61: 0.7712326529 	62: 0.8165291626 	63: 0.8418815782 	64: 0.8467369883 
	65: 0.8758683466 	66: 0.8796846914 	67: 0.8810346701 	68: 0.9008163533 	69: 0.9018612785 
	70: 0.9025750367 	71: 0.9111482958 	72: 0.9436079334 	73: 0.9567183158 	74: 0.9880576002 
	75: 1.0091790607 	76: 1.0231043125 	77: 1.0723010679 	78: 1.1168871015 	79: 1.1399040050 
	80: 1.1683907077 	81: 1.1728449901 	82: 1.1749438611 	83: 1.1867853989 	84: 1.1886301846 
	85: 1.2445508885 	86: 1.2523774192 	87: 1.2535153685 	88: 1.3148416282 	89: 1.3404914153 
	90: 1.3972987019 	91: 1.3977736205 	92: 1.4090238214 	93: 1.4448653774 	94: 1.5443554847 
	95: 1.5889836094 	96: 1.6071836609 	97: 1.6345440978 	98: 1.6613197173 	99: 1.6813907156 
	100: 1.6818790668 	101: 1.6856130135 	102: 1.7519483290 	103: 1.7761010989 	104: 1.7796819024 
	105: 1.7831452991 	106: 1.7909697709 	107: 1.8941357340 	108: 1.8942503016 	109: 1.9082988394 
	110: 1.9129067436 	111: 1.9142652359 	112: 1.9219965870 	113: 1.9277541399 	114: 1.9425308473 
	115: 1.9542214599 	116: 1.9632466789 	117: 2.0060281976 	118: 2.0091687823 	119: 2.0152410430 
	120: 2.0417024439 	121: 2.0869210839 	122: 2.0898674113 	123: 2.1572053473 	124: 2.1829255860 
	125: 2.2019964301 	126: 2.2110776945 	127: 2.2124865744 	128: 2.2598945949 	129: 2.2911798352 
	130: 2.2956436083 	131: 2.2963780799 	132: 2.3098387638 	133: 2.3265261209 	134: 2.3495593815 
	135: 2.4382788866 	136: 2.4989723725 	137: 2.5015549155 	138: 2.5696128582 	139: 2.6210810218 
	140: 2.7109675170 	141: 2.7312519634 	142: 2.7354461140 	143: 2.7450056066 	144: 2.7474726827 
	145: 2.7646240975 	146: 2.7661347030 	147: 2.8352292023 	148: 2.8499157103 	149: 2.9068467292 
	150: 2.9129727968 	151: 2.9216247139 	152: 3.0374565705 	153: 3.0778682516 	154: 3.1764122431 
	155: 3.2548997604 	156: 3.3029689343 	157: 3.8530494954 


	-Mulliken Population Analysis for SCF:
	 1: -0.4117022137 	 2: 0.0279495596 	 3: 0.0266341807 	 4: -0.0836667606 	 5: -0.0829031925 
	 6: 0.0842535001 	 7: 0.0533183695 	 8: 0.0535783634 	 9: 0.0152769925 	10: 0.0153208706 
	11: 0.0290223152 	12: 0.0450684102 	13: 0.0450424844 	14: 0.0463311390 	15: 0.0445864688 
	16: 0.0455427125 	17: 0.0463468003 

	-Lowdin Population Analysis for SCF:  
	 1: -0.0394390052 	 2: -0.0125338826 	 3: -0.0128344901 	 4: -0.0768527881 	 5: -0.0766897414 
	 6: 0.0247862279 	 7: -0.0385778783 	 8: -0.0384951001 	 9: 0.0259106250 	10: 0.0259349426 
	11: 0.0305802867 	12: 0.0308609656 	13: 0.0308552035 	14: 0.0323780002 	15: 0.0306802934 
	16: 0.0310496385 	17: 0.0323867026 

	-Electronic Dipole Moment: (e a0)  
	 X:  0.00026   Y:  2.06594   Z:  -0.00462   Total:  2.06595 

	-Electronic Dipole Moment: (D)  
	 X:  0.00065   Y:  5.25111   Z:  -0.01175   Total:  5.25112 

	-Total Dipole Moment: (e a0)  
	 X:  0.00037   Y:  0.64127   Z:  0.00137   Total:  0.64127 

	-Total Dipole Moment: (D)  
	 X:  0.00095   Y:  1.62994   Z:  0.00349   Total:  1.62994 



	Initializing Liboeprop (by U. Bozkaya) ...


	-Mulliken Population Analysis for SCF-IAO:
	 1: -0.3562846719 	 2: 0.1932523270 	 3: 0.1926345409 	 4: -0.2155732229 	 5: -0.2152267383 
	 6: -0.0726510773 	 7: -0.3701229360 	 8: -0.3699417460 	 9: 0.1361125776 	10: 0.1361475823 
	11: 0.1404667008 	12: 0.1294428502 	13: 0.1294276403 	14: 0.1418300193 	15: 0.1291410349 
	16: 0.1297215341 	17: 0.1418243590 

	-Lowdin Population Analysis for SCF-IAO:  
	 1: -0.3562846719 	 2: 0.1932523270 	 3: 0.1926345409 	 4: -0.2155732229 	 5: -0.2152267383 
	 6: -0.0726510773 	 7: -0.3701229360 	 8: -0.3699417460 	 9: 0.1361125776 	10: 0.1361475823 
	11: 0.1404667008 	12: 0.1294428502 	13: 0.1294276403 	14: 0.1418300193 	15: 0.1291410349 
	16: 0.1297215341 	17: 0.1418243590 

	Initializing Liblocal (by U. Bozkaya) ...
  ==> Pipek-Mezey Localizer <==

    Convergence =   1.000E-08
    Maxiter     =          50

    Iteration                   Metric       Residual
    PM    0   1.6764921675351690E+01              -
    PM    1   3.1894284535060223E+01   9.024416E-01
    PM    2   3.6583679935061078E+01   1.470293E-01
    PM    3   3.6723731944924403E+01   3.828265E-03
    PM    4   3.6725362231370092E+01   4.439327E-05
    PM    5   3.6725381410997265E+01   5.222447E-07
    PM    6   3.6725381951102662E+01   1.470660E-08
    PM    7   3.6725381988954176E+01   1.030664E-09

    PM Localizer converged.



	*Molecular contr. to CDS energy:       0.0000  kcal/mol
	*Total CDS energy:       2.2210  kcal/mol
	*SCF::Polarization Free Energy (au)      : -0.0041126123 
	*SCF::Polarization Free Energy (kcal/mol):      -2.5807 
	*SCF::CDS Free Energy (au)      : 0.0035393556 
	*SCF::CDS Free Energy (kcal/mol):       2.2210 
	*SCF::Total Solvation Free Energy (au)      : -0.0005732567 
	*SCF::Total Solvation Free Energy (kcal/mol):      -0.3597 
 CC-PVDZ primary basis set file will be read for the N atom...
 CC-PVDZ primary basis set file will be read for the C atom...
 CC-PVDZ primary basis set file will be read for the H atom...
 Nmaxthread: 16 
 Nshell: 75 
 Lmax:  2 
 Npmax:  8 
 Nao: 157 
 Ndocc: 29 
 Nsocc:  0 
 NoccA: 29 
 NoccB: 29 
 Primary basis set info has been read.

 CC-PVDZ-JKFIT aux basis set file will be read for the N atom...
 CC-PVDZ-JKFIT aux basis set file will be read for the C atom...
 CC-PVDZ-JKFIT aux basis set file will be read for the H atom...
 Nshell_aux: 273 
 Naux: 767 
 Aux basis set info has been read.


	*Total SCF Energy: -324.79832362864329

 Cpu time for SCF :       2.1008 minutes
 Wall time for SCF:       0.9631 minutes


	MO spaces... 

	 FC   OCC   VIR   FV 
	----------------------
	  8   21   128    0


	Libtrans is initialized (by U. Bozkaya) ...

 ============================================================================== 
 ============================================================================== 
 ============================================================================== 

                       DF-MP2   
              Program Written by Ugur Bozkaya
              Latest Revision May 2, 2021

 ============================================================================== 
 ============================================================================== 
 ============================================================================== 

	For this residual convergence, default PCG convergence is:     1.00e-07
    Warning: "PCG_CONVERGENCE" option is changed to     1.00e-07


  ## DFOCC Options ##

  | TYPE         | KEY                      | INPUT? | VALUE              | DEFAULT            
  |--------------|--------------------------|--------|--------------------|--------------------
  | BOOL         | EOM                      | NO     | FALSE              | FALSE              
  | BOOL         | EOM_MP2                  | NO     | FALSE              | FALSE              
  | BOOL         | EOM_MP3                  | NO     | FALSE              | FALSE              
  | BOOL         | EOM_MP2_5                | NO     | FALSE              | FALSE              
  | BOOL         | EOM_LCCD                 | NO     | FALSE              | FALSE              
  | BOOL         | LOW_MEM_MP2              | NO     | FALSE              | FALSE              
  | BOOL         | LOW_MEM_MP3              | NO     | FALSE              | FALSE              
  | BOOL         | CD_PRESCREEN             | NO     | FALSE              | FALSE              
  | DOUBLE       | CIS_E_CONV               | NO     | 1e-06              | 1e-06              
  | DOUBLE       | CIS_R_CONV               | NO     | 1e-06              | 1e-06              
  | DOUBLE       | CIS_RES_PRECONDITION_TOL | NO     | 0.0001             | 0.0001             
  | DOUBLE       | DAVIDSON_TOLERANCE       | NO     | 1e-06              | 1e-06              
  | DOUBLE       | E3_SCALE                 | NO     | 0.25               | 0.25               
  | DOUBLE       | E_CONVERGENCE            | NO     | 1e-06              | 1e-06              
  | DOUBLE       | JK_MEMORY                | NO     | 1000000000.0       | 1000000000.0       
  | DOUBLE       | LEVEL_SHIFT              | NO     | 0.02               | 0.02               
  | DOUBLE       | MAX_MOGRAD_CONVERGENCE   | NO     | 0.001              | 0.001              
  | DOUBLE       | MO_STEP_MAX              | NO     | 0.5                | 0.5                
  | DOUBLE       | MP2_OS_SCALE             | NO     | 1.2                | 1.2                
  | DOUBLE       | MP2_SOS_SCALE            | NO     | 1.3                | 1.3                
  | DOUBLE       | MP2_SOS_SCALE2           | NO     | 1.2                | 1.2                
  | DOUBLE       | MP2_SS_SCALE             | NO     | 0.3333333333333333 | 0.3333333333333333 
  | DOUBLE       | OCC_PERCENTAGE           | NO     | 99.0               | 99.0               
  | DOUBLE       | OCC_TOLERANCE            | NO     | 1e-05              | 1e-05              
  | DOUBLE       | OO_SCALE                 | NO     | 0.01               | 0.01               
  | DOUBLE       | PCG_CONVERGENCE          | NO     | 1e-06              | 1e-06              
  | DOUBLE       | R_CONVERGENCE            | NO     | 1e-05              | 1e-05              
  | DOUBLE       | REG_PARAM                | NO     | 0.4                | 0.4                
  | DOUBLE       | KAPPA_REG_PARAM          | NO     | 1.1                | 1.1                
  | DOUBLE       | RMS_MOGRAD_CONVERGENCE   | NO     | 1e-06              | 1e-06              
  | DOUBLE       | SCG_TOLERANCE            | NO     | 1e-06              | 1e-06              
  | DOUBLE       | SCHMIDT_ADD_RES_TOL      | NO     | 0.001              | 0.001              
  | INT          | ACTIVE_NAT_ORBS          | NO     | 2                  | 2                  
  | INT          | CC_DIIS_MAX_VECS         | NO     | 6                  | 6                  
  | INT          | CC_DIIS_MIN_VECS         | NO     | 2                  | 2                  
  | INT          | CC_MAXITER               | NO     | 50                 | 50                 
  | INT          | CUTOFF                   | NO     | 8                  | 8                  
  | INT          | EXCITATION_RANGE         | NO     | 2                  | 2                  
  | INT          | FOLLOW_ROOT              | NO     | 1                  | 1                  
  | INT          | INTEGRAL_CUTOFF          | NO     | 9                  | 9                  
  | INT          | MAX_VECS                 | NO     | 50                 | 50                 
  | INT          | MO_DIIS_NUM_VECS         | NO     | 6                  | 6                  
  | INT          | MO_MAXITER               | NO     | 50                 | 50                 
  | INT          | NUM_ROOTS                | NO     | 4                  | 4                  
  | INT          | PCG_MAXITER              | NO     | 50                 | 50                 
  | INT          | PRINT_LEVEL              | NO     | 0                  | 0                  
  | INT          | VECS_PER_ROOT            | NO     | 1                  | 1                  
  | STRING       | CC_LAMBDA                | NO     | FALSE              | FALSE              
  | STRING       | CHOLESKY                 | NO     | FALSE              | FALSE              
  | STRING       | CIS_ALGORITHM            | NO     | MO_BASIS           | MO_BASIS           
  | STRING       | CIS_GUESS_COEFF          | NO     | MIX                | MIX                
  | STRING       | COMPUT_S2                | NO     | FALSE              | FALSE              
  | STRING       | DIAG_METHOD              | NO     | DAVIDSON           | DAVIDSON           
  | STRING       | DO_DIIS                  | NO     | TRUE               | TRUE               
  | STRING       | DO_LEVEL_SHIFT           | NO     | TRUE               | TRUE               
  | STRING       | DO_SCS                   | NO     | FALSE              | FALSE              
  | STRING       | DO_SOS                   | NO     | FALSE              | FALSE              
  | STRING       | EKT_IP                   | NO     | FALSE              | FALSE              
  | STRING       | FREEZE_CORE              | NO     | TRUE               | TRUE               
  | STRING       | HESS_TYPE                | NO     | HF                 | HF                 
  | STRING       | JK_TYPE                  | NO     | DIRECT             | DIRECT             
  | STRING       | LINEQ_SOLVER             | NO     | CDGESV             | CDGESV             
  | STRING       | MO_READ                  | NO     | FALSE              | FALSE              
  | STRING       | MO_WRITE                 | NO     | FALSE              | FALSE              
  | STRING       | MP2_AMP_TYPE             | NO     | DIRECT             | DIRECT             
  | STRING       | NAT_ORBS                 | NO     | FALSE              | FALSE              
  | STRING       | NBO                      | NO     | TRUE               | TRUE               
  | STRING       | OCC_ORBS_PRINT           | NO     | FALSE              | FALSE              
  | STRING       | OEPROP                   | NO     | FALSE              | FALSE              
  | STRING       | OPT_METHOD               | NO     | QNR                | QNR                
  | STRING       | ORB_RESP_SOLVER          | NO     | PCG                | PCG                
  | STRING       | ORTH_TYPE                | NO     | MGS                | MGS                
  | STRING       | PCG_BETA_TYPE            | NO     | FLETCHER_REEVES    | FLETCHER_REEVES    
  | STRING       | PPL_TYPE                 | NO     | AUTO               | AUTO               
  | STRING       | PRINT_CI_VECS            | NO     | FALSE              | FALSE              
  | STRING       | QCHF                     | NO     | FALSE              | FALSE              
  | STRING       | READ_SCF_3INDEX          | NO     | TRUE               | TRUE               
  | STRING       | REGULARIZATION           | NO     | FALSE              | FALSE              
  | STRING       | REG_TYPE                 | NO     | NORMAL             | NORMAL             
  | STRING       | SCS_TYPE                 | NO     | SCS                | SCS                
  | STRING       | SOS_TYPE                 | NO     | SOS                | SOS                
  | STRING       | TRIPLES_IABC_TYPE        | NO     | DISK               | DISK               
  | STRING       | UNIT_GUESS_TYPE          | NO     | GEN                | GEN                
  | STRING       | EKT_NEGATIVE_OCC         | NO     | ABS                | ABS                
  | BOOL         | SOLVATION                | YES    | TRUE               | FALSE              

	MO spaces... 

	 FC   OCC   VIR   FV 
	----------------------
	  8   21   128    0
 CC-PVDZ primary basis set file will be read for the N atom...
 CC-PVDZ primary basis set file will be read for the C atom...
 CC-PVDZ primary basis set file will be read for the H atom...
 Nmaxthread: 16 
 Nshell: 75 
 Lmax:  2 
 Npmax:  8 
 Nao: 157 
 Ndocc: 29 
 Nsocc:  0 
 NoccA: 29 
 NoccB: 29 
 Primary basis set info has been read.

 CC-PVDZ-RI aux basis set file will be read for the N atom...
 CC-PVDZ-RI aux basis set file will be read for the C atom...
 CC-PVDZ-RI aux basis set file will be read for the H atom...
 Nshell_aux: 198 
 Naux: 574 
 Aux basis set info has been read.

 Cpu time for Metric ints :       0.5900 s
 Wall time for Metric ints:       0.2762 s
 3-Index Algorithm: AUTO 

 Calling fortran integrals: ringing... 
 Done with fintegrals.

 Cpu time for 3-index ints :       7.9700 s
 Wall time for 3-index ints:       2.5493 s
 Cpu time for df-factors :       1.1900 s
 Wall time for df-factors:       0.3437 s
 CC-PVDZ primary basis set file will be read for the N atom...
 CC-PVDZ primary basis set file will be read for the C atom...
 CC-PVDZ primary basis set file will be read for the H atom...
 Nmaxthread: 16 
 Nshell: 75 
 Lmax:  2 
 Npmax:  8 
 Nao: 157 
 Ndocc: 29 
 Nsocc:  0 
 NoccA: 29 
 NoccB: 29 
 Primary basis set info has been read.

 CC-PVDZ-JKFIT aux basis set file will be read for the N atom...
 CC-PVDZ-JKFIT aux basis set file will be read for the C atom...
 CC-PVDZ-JKFIT aux basis set file will be read for the H atom...
 Nshell_aux: 273 
 Naux: 767 
 Aux basis set info has been read.

	Reading DF integrals from disk ...
 Cpu time for Metric ints :       1.5500 s
 Wall time for Metric ints:       0.5732 s
	Number of basis functions in the DF-HF basis: 767
	Number of basis functions in the DF-CC basis: 574

	Available memory                      :  30000.00 MB 
	Minimum required memory for amplitudes:    173.41 MB 
	Memory requirement for B-CC (Q|mu nu) :    113.19 MB 
	Memory requirement for B-CC (Q|ab)    :     75.24 MB 
	Memory requirement for DF-CC int trans:    205.47 MB 

	Computing DF-MP2 energy using SCF MOs (Canonical DF-MP2)... 
	======================================================================= 
	Nuclear Repulsion Energy (a.u.)    :   345.70888259484525
	DF-HF Energy (a.u.)                :  -324.79832362864329
	REF Energy (a.u.)                  :  -324.79832362864329
	DF-MP2 Correlation Energy (a.u.)   :    -1.10636811745725
	DF-MP2 Total Energy (a.u.)         :  -325.90469174610053
	======================================================================= 

	*Total MP2 Energy: -325.90469174610053

	Computing unrelaxed response density matrices...
	Number of independent-pairs: 3712
	Computing the generalized Fock matrix (GFM)...
	Computing the orbital gradient...
	Forming effective orbital gradient...
	Solving orbital Z-vector equations...

	            PCG Solver 
	   ------------------------------ 
	Iter     RMS Z Vector        RMS Residual  
	----    ---------------    ---------------
	  1         1.35e-03         9.05e-04
	  2         6.56e-04         6.28e-04
	  3         4.55e-04         2.25e-04
	  4         1.89e-04         1.04e-04
	  5         4.43e-05         2.67e-05
	  6         1.91e-05         1.06e-05
	  7         3.69e-06         2.95e-06
	  8         1.19e-06         7.55e-07
	  9         3.31e-07         1.67e-07
	 10         8.45e-08         5.28e-08

	Computing the relaxed PDMs and GFM...
	Compute solv. is starting ...

	Initializing Liboeprop (by U. Bozkaya) ...


	-Mulliken Population Analysis for MP2-IAO:
	 1: -0.0346349688 	 2: 0.2259455251 	 3: 0.2253117755 	 4: -0.0882701570 	 5: -0.0879365588 
	 6: -0.1158311161 	 7: -0.2349589933 	 8: -0.2347728652 	 9: 0.0736117080 	10: 0.0736502852 
	11: 0.0581022985 	12: 0.0718297024 	13: 0.0718287140 	14: 0.0817742973 	15: 0.0717886931 
	16: 0.0718546684 	17: 0.0817633023 

	-Lowdin Population Analysis for MP2-IAO:  
	 1: -0.0346349688 	 2: 0.2259455251 	 3: 0.2253117755 	 4: -0.0882701570 	 5: -0.0879365588 
	 6: -0.1158311161 	 7: -0.2349589933 	 8: -0.2347728652 	 9: 0.0736117080 	10: 0.0736502852 
	11: 0.0581022985 	12: 0.0718297024 	13: 0.0718287140 	14: 0.0817742973 	15: 0.0717886931 
	16: 0.0718546684 	17: 0.0817633023 


  ## SOLVATION Options ##

  | TYPE         | KEY                      | INPUT? | VALUE              | DEFAULT            
  |--------------|--------------------------|--------|--------------------|--------------------
  | INT          | NUM_Z_POINTS             | NO     | 90                 | 90                 
  | INT          | NUM_ANG_POINTS           | YES    | 100                | 100                
  | STRING       | SASA_TYPE                | YES    | NUMERIC            | NUMERIC            
  | STRING       | CHARGE_TYPE              | YES    | IAO_MULLIKEN       | IAO_MULLIKEN       
  | STRING       | CDS_TYPE                 | YES    | SMD                | SMD                
  | STRING       | SOLVENT                  | YES    | WATER              | WATER              
  | STRING       | SOLVENT_PARAMS           | YES    | MN21               | SM8                
  | STRING       | DIELECTRIC_PARAMS        | YES    | MN21               | MN21               
  | STRING       | COULOMB_RADII            | YES    | SMD                | SMD                
  | DOUBLE       | COVALENT_VW_CONST        | NO     | 0.76               | 0.76               
  | DOUBLE       | SOLVENT_RADIUS           | NO     | 0.4                | 0.4                
  | STRING       | RADIUS_TYPE              | YES    | SMD                | SMD                
  | DOUBLE       | GB_DIJ                   | NO     | 3.7                | 3.7                
  | DOUBLE       | GB_SIJ                   | NO     | 0.75               | 0.75               
  | DOUBLE       | GB_CIJ                   | NO     | 0.0                | 0.0                
  | DOUBLE       | F_PWSASA                 | NO     | 0.4535             | 0.4535             
  | DOUBLE       | SCALE_VDW                | NO     | 1.0                | 1.0                
  | DOUBLE       | SCALE_CR                 | NO     | 1.0                | 1.0                



 Sasa Type                  : NUMERIC 
 Charge Type                : IAO_MULLIKEN 
 CDS Type                   : SMD 
 Radius Type                : SMD 
 Solvent                    : WATER 
 Solvent Parameters         : MN21 
 Dielectric Parameters      : MN21 
 Coulomb Radii Parameters   : SMD 
 GB d_ij parameter          : 3.7000000000 
 GB S_ij parameter          : 0.7500000000 
 GB C_ij parameter          : 0.0000000000 
 Sclae_vdw parameter        : 1.0000000000 
 Number of z-points         : 90 
 Number of angular points   : 100 
 Number of SASA grid points : 17902 
 Solvent Dielectric Constant: 78.3553000000 

 VDW Radii:
	  1 N :       1.5500  ang
	  2 C :       1.7000  ang
	  3 C :       1.7000  ang
	  4 C :       1.7000  ang
	  5 C :       1.7000  ang
	  6 C :       1.7000  ang
	  7 C :       1.7000  ang
	  8 C :       1.7000  ang
	  9 H :       1.2000  ang
	 10 H :       1.2000  ang
	 11 H :       1.2000  ang
	 12 H :       1.2000  ang
	 13 H :       1.2000  ang
	 14 H :       1.2000  ang
	 15 H :       1.2000  ang
	 16 H :       1.2000  ang
	 17 H :       1.2000  ang

	 Computing SASA... 

 Atomic SASA values:
	  1 N :      11.5015  ang^2
	  2 C :       6.1912  ang^2
	  3 C :       6.1819  ang^2
	  4 C :      10.0081  ang^2
	  5 C :      10.0050  ang^2
	  6 C :      10.6737  ang^2
	  7 C :       9.3178  ang^2
	  8 C :       9.2807  ang^2
	  9 H :      12.3724  ang^2
	 10 H :      12.3706  ang^2
	 11 H :      12.9833  ang^2
	 12 H :      12.6383  ang^2
	 13 H :      12.6383  ang^2
	 14 H :      12.0597  ang^2
	 15 H :      12.6167  ang^2
	 16 H :      12.6707  ang^2
	 17 H :      12.0830  ang^2

	*Total SASA (angs^2): 185.5928922116 


 Coulomb Radii:
	  1 N :       1.8900  ang
	  2 C :       1.8500  ang
	  3 C :       1.8500  ang
	  4 C :       1.8500  ang
	  5 C :       1.8500  ang
	  6 C :       1.8500  ang
	  7 C :       1.8500  ang
	  8 C :       1.8500  ang
	  9 H :       1.2000  ang
	 10 H :       1.2000  ang
	 11 H :       1.2000  ang
	 12 H :       1.2000  ang
	 13 H :       1.2000  ang
	 14 H :       1.2000  ang
	 15 H :       1.2000  ang
	 16 H :       1.2000  ang
	 17 H :       1.2000  ang
 Solvent Alpha                       : 1.1700000000 

 ## Effective Born Radius (bohr) ##
   0   4.9216387350 
   1   4.8290792318 
   2   4.8290939635 
   3   4.6442125272 
   4   4.6441989794 
   5   4.4906339203 
   6   4.1149445659 
   7   4.1149443292 
   8   3.3297932150 
   9   3.3297969807 
  10   3.2022903807 
  11   3.2154337324 
  12   3.2155460862 
  13   3.2737874477 
  14   3.2162443850 
  15   3.2146611366 
  16   3.2737371017 

 Effective Born Radii:
	  1 N :       2.6044  ang
	  2 C :       2.5554  ang
	  3 C :       2.5554  ang
	  4 C :       2.4576  ang
	  5 C :       2.4576  ang
	  6 C :       2.3763  ang
	  7 C :       2.1775  ang
	  8 C :       2.1775  ang
	  9 H :       1.7621  ang
	 10 H :       1.7621  ang
	 11 H :       1.6946  ang
	 12 H :       1.7015  ang
	 13 H :       1.7016  ang
	 14 H :       1.7324  ang
	 15 H :       1.7020  ang
	 16 H :       1.7011  ang
	 17 H :       1.7324  ang


 Coulomb Integrals:
	  1  1 :       0.2032  bohr^-1
	  1  2 :       0.1870  bohr^-1
	  1  3 :       0.1870  bohr^-1
	  1  4 :       0.1610  bohr^-1
	  1  5 :       0.1610  bohr^-1
	  1  6 :       0.1516  bohr^-1
	  1  7 :       0.1656  bohr^-1
	  1  8 :       0.1656  bohr^-1
	  1  9 :       0.1425  bohr^-1
	  1 10 :       0.1425  bohr^-1
	  1 11 :       0.1292  bohr^-1
	  1 12 :       0.1504  bohr^-1
	  1 13 :       0.1504  bohr^-1
	  1 14 :       0.1724  bohr^-1
	  1 15 :       0.1502  bohr^-1
	  1 16 :       0.1506  bohr^-1
	  1 17 :       0.1724  bohr^-1
	  2  1 :       0.1870  bohr^-1
	  2  2 :       0.2071  bohr^-1
	  2  3 :       0.1624  bohr^-1
	  2  4 :       0.1905  bohr^-1
	  2  5 :       0.1524  bohr^-1
	  2  6 :       0.1638  bohr^-1
	  2  7 :       0.1967  bohr^-1
	  2  8 :       0.1305  bohr^-1
	  2  9 :       0.1864  bohr^-1
	  2 10 :       0.1303  bohr^-1
	  2 11 :       0.1437  bohr^-1
	  2 12 :       0.1889  bohr^-1
	  2 13 :       0.1889  bohr^-1
	  2 14 :       0.1876  bohr^-1
	  2 15 :       0.1182  bohr^-1
	  2 16 :       0.1185  bohr^-1
	  2 17 :       0.1293  bohr^-1
	  3  1 :       0.1870  bohr^-1
	  3  2 :       0.1624  bohr^-1
	  3  3 :       0.2071  bohr^-1
	  3  4 :       0.1524  bohr^-1
	  3  5 :       0.1905  bohr^-1
	  3  6 :       0.1638  bohr^-1
	  3  7 :       0.1305  bohr^-1
	  3  8 :       0.1967  bohr^-1
	  3  9 :       0.1303  bohr^-1
	  3 10 :       0.1864  bohr^-1
	  3 11 :       0.1437  bohr^-1
	  3 12 :       0.1184  bohr^-1
	  3 13 :       0.1183  bohr^-1
	  3 14 :       0.1293  bohr^-1
	  3 15 :       0.1888  bohr^-1
	  3 16 :       0.1889  bohr^-1
	  3 17 :       0.1876  bohr^-1
	  4  1 :       0.1610  bohr^-1
	  4  2 :       0.1905  bohr^-1
	  4  3 :       0.1524  bohr^-1
	  4  4 :       0.2153  bohr^-1
	  4  5 :       0.1639  bohr^-1
	  4  6 :       0.1962  bohr^-1
	  4  7 :       0.1659  bohr^-1
	  4  8 :       0.1180  bohr^-1
	  4  9 :       0.2320  bohr^-1
	  4 10 :       0.1435  bohr^-1
	  4 11 :       0.1905  bohr^-1
	  4 12 :       0.1639  bohr^-1
	  4 13 :       0.1640  bohr^-1
	  4 14 :       0.1431  bohr^-1
	  4 15 :       0.1093  bohr^-1
	  4 16 :       0.1094  bohr^-1
	  4 17 :       0.1094  bohr^-1
	  5  1 :       0.1610  bohr^-1
	  5  2 :       0.1524  bohr^-1
	  5  3 :       0.1905  bohr^-1
	  5  4 :       0.1639  bohr^-1
	  5  5 :       0.2153  bohr^-1
	  5  6 :       0.1962  bohr^-1
	  5  7 :       0.1180  bohr^-1
	  5  8 :       0.1659  bohr^-1
	  5  9 :       0.1435  bohr^-1
	  5 10 :       0.2320  bohr^-1
	  5 11 :       0.1905  bohr^-1
	  5 12 :       0.1094  bohr^-1
	  5 13 :       0.1094  bohr^-1
	  5 14 :       0.1094  bohr^-1
	  5 15 :       0.1642  bohr^-1
	  5 16 :       0.1637  bohr^-1
	  5 17 :       0.1431  bohr^-1
	  6  1 :       0.1516  bohr^-1
	  6  2 :       0.1638  bohr^-1
	  6  3 :       0.1638  bohr^-1
	  6  4 :       0.1962  bohr^-1
	  6  5 :       0.1962  bohr^-1
	  6  6 :       0.2227  bohr^-1
	  6  7 :       0.1295  bohr^-1
	  6  8 :       0.1295  bohr^-1
	  6  9 :       0.1902  bohr^-1
	  6 10 :       0.1902  bohr^-1
	  6 11 :       0.2391  bohr^-1
	  6 12 :       0.1238  bohr^-1
	  6 13 :       0.1239  bohr^-1
	  6 14 :       0.1136  bohr^-1
	  6 15 :       0.1239  bohr^-1
	  6 16 :       0.1238  bohr^-1
	  6 17 :       0.1136  bohr^-1
	  7  1 :       0.1656  bohr^-1
	  7  2 :       0.1967  bohr^-1
	  7  3 :       0.1305  bohr^-1
	  7  4 :       0.1659  bohr^-1
	  7  5 :       0.1180  bohr^-1
	  7  6 :       0.1295  bohr^-1
	  7  7 :       0.2430  bohr^-1
	  7  8 :       0.1059  bohr^-1
	  7  9 :       0.1699  bohr^-1
	  7 10 :       0.0985  bohr^-1
	  7 11 :       0.1117  bohr^-1
	  7 12 :       0.2469  bohr^-1
	  7 13 :       0.2469  bohr^-1
	  7 14 :       0.2451  bohr^-1
	  7 15 :       0.0948  bohr^-1
	  7 16 :       0.0951  bohr^-1
	  7 17 :       0.1088  bohr^-1
	  8  1 :       0.1656  bohr^-1
	  8  2 :       0.1305  bohr^-1
	  8  3 :       0.1967  bohr^-1
	  8  4 :       0.1180  bohr^-1
	  8  5 :       0.1659  bohr^-1
	  8  6 :       0.1295  bohr^-1
	  8  7 :       0.1059  bohr^-1
	  8  8 :       0.2430  bohr^-1
	  8  9 :       0.0985  bohr^-1
	  8 10 :       0.1699  bohr^-1
	  8 11 :       0.1117  bohr^-1
	  8 12 :       0.0949  bohr^-1
	  8 13 :       0.0949  bohr^-1
	  8 14 :       0.1088  bohr^-1
	  8 15 :       0.2469  bohr^-1
	  8 16 :       0.2469  bohr^-1
	  8 17 :       0.2451  bohr^-1
	  9  1 :       0.1425  bohr^-1
	  9  2 :       0.1864  bohr^-1
	  9  3 :       0.1303  bohr^-1
	  9  4 :       0.2320  bohr^-1
	  9  5 :       0.1435  bohr^-1
	  9  6 :       0.1902  bohr^-1
	  9  7 :       0.1699  bohr^-1
	  9  8 :       0.0985  bohr^-1
	  9  9 :       0.3003  bohr^-1
	  9 10 :       0.1212  bohr^-1
	  9 11 :       0.1883  bohr^-1
	  9 12 :       0.1745  bohr^-1
	  9 13 :       0.1745  bohr^-1
	  9 14 :       0.1358  bohr^-1
	  9 15 :       0.0910  bohr^-1
	  9 16 :       0.0910  bohr^-1
	  9 17 :       0.0913  bohr^-1
	 10  1 :       0.1425  bohr^-1
	 10  2 :       0.1303  bohr^-1
	 10  3 :       0.1864  bohr^-1
	 10  4 :       0.1435  bohr^-1
	 10  5 :       0.2320  bohr^-1
	 10  6 :       0.1902  bohr^-1
	 10  7 :       0.0985  bohr^-1
	 10  8 :       0.1699  bohr^-1
	 10  9 :       0.1212  bohr^-1
	 10 10 :       0.3003  bohr^-1
	 10 11 :       0.1883  bohr^-1
	 10 12 :       0.0910  bohr^-1
	 10 13 :       0.0910  bohr^-1
	 10 14 :       0.0913  bohr^-1
	 10 15 :       0.1751  bohr^-1
	 10 16 :       0.1740  bohr^-1
	 10 17 :       0.1358  bohr^-1
	 11  1 :       0.1292  bohr^-1
	 11  2 :       0.1437  bohr^-1
	 11  3 :       0.1437  bohr^-1
	 11  4 :       0.1905  bohr^-1
	 11  5 :       0.1905  bohr^-1
	 11  6 :       0.2391  bohr^-1
	 11  7 :       0.1117  bohr^-1
	 11  8 :       0.1117  bohr^-1
	 11  9 :       0.1883  bohr^-1
	 11 10 :       0.1883  bohr^-1
	 11 11 :       0.3123  bohr^-1
	 11 12 :       0.1076  bohr^-1
	 11 13 :       0.1076  bohr^-1
	 11 14 :       0.0957  bohr^-1
	 11 15 :       0.1077  bohr^-1
	 11 16 :       0.1075  bohr^-1
	 11 17 :       0.0957  bohr^-1
	 12  1 :       0.1504  bohr^-1
	 12  2 :       0.1889  bohr^-1
	 12  3 :       0.1184  bohr^-1
	 12  4 :       0.1639  bohr^-1
	 12  5 :       0.1094  bohr^-1
	 12  6 :       0.1238  bohr^-1
	 12  7 :       0.2469  bohr^-1
	 12  8 :       0.0949  bohr^-1
	 12  9 :       0.1745  bohr^-1
	 12 10 :       0.0910  bohr^-1
	 12 11 :       0.1076  bohr^-1
	 12 12 :       0.3110  bohr^-1
	 12 13 :       0.2291  bohr^-1
	 12 14 :       0.2287  bohr^-1
	 12 15 :       0.0872  bohr^-1
	 12 16 :       0.0839  bohr^-1
	 12 17 :       0.0962  bohr^-1
	 13  1 :       0.1504  bohr^-1
	 13  2 :       0.1889  bohr^-1
	 13  3 :       0.1183  bohr^-1
	 13  4 :       0.1640  bohr^-1
	 13  5 :       0.1094  bohr^-1
	 13  6 :       0.1239  bohr^-1
	 13  7 :       0.2469  bohr^-1
	 13  8 :       0.0949  bohr^-1
	 13  9 :       0.1745  bohr^-1
	 13 10 :       0.0910  bohr^-1
	 13 11 :       0.1076  bohr^-1
	 13 12 :       0.2291  bohr^-1
	 13 13 :       0.3110  bohr^-1
	 13 14 :       0.2287  bohr^-1
	 13 15 :       0.0837  bohr^-1
	 13 16 :       0.0875  bohr^-1
	 13 17 :       0.0961  bohr^-1
	 14  1 :       0.1724  bohr^-1
	 14  2 :       0.1876  bohr^-1
	 14  3 :       0.1293  bohr^-1
	 14  4 :       0.1431  bohr^-1
	 14  5 :       0.1094  bohr^-1
	 14  6 :       0.1136  bohr^-1
	 14  7 :       0.2451  bohr^-1
	 14  8 :       0.1088  bohr^-1
	 14  9 :       0.1358  bohr^-1
	 14 10 :       0.0913  bohr^-1
	 14 11 :       0.0957  bohr^-1
	 14 12 :       0.2287  bohr^-1
	 14 13 :       0.2287  bohr^-1
	 14 14 :       0.3055  bohr^-1
	 14 15 :       0.0959  bohr^-1
	 14 16 :       0.0963  bohr^-1
	 14 17 :       0.1172  bohr^-1
	 15  1 :       0.1502  bohr^-1
	 15  2 :       0.1182  bohr^-1
	 15  3 :       0.1888  bohr^-1
	 15  4 :       0.1093  bohr^-1
	 15  5 :       0.1642  bohr^-1
	 15  6 :       0.1239  bohr^-1
	 15  7 :       0.0948  bohr^-1
	 15  8 :       0.2469  bohr^-1
	 15  9 :       0.0910  bohr^-1
	 15 10 :       0.1751  bohr^-1
	 15 11 :       0.1077  bohr^-1
	 15 12 :       0.0872  bohr^-1
	 15 13 :       0.0837  bohr^-1
	 15 14 :       0.0959  bohr^-1
	 15 15 :       0.3109  bohr^-1
	 15 16 :       0.2291  bohr^-1
	 15 17 :       0.2287  bohr^-1
	 16  1 :       0.1506  bohr^-1
	 16  2 :       0.1185  bohr^-1
	 16  3 :       0.1889  bohr^-1
	 16  4 :       0.1094  bohr^-1
	 16  5 :       0.1637  bohr^-1
	 16  6 :       0.1238  bohr^-1
	 16  7 :       0.0951  bohr^-1
	 16  8 :       0.2469  bohr^-1
	 16  9 :       0.0910  bohr^-1
	 16 10 :       0.1740  bohr^-1
	 16 11 :       0.1075  bohr^-1
	 16 12 :       0.0839  bohr^-1
	 16 13 :       0.0875  bohr^-1
	 16 14 :       0.0963  bohr^-1
	 16 15 :       0.2291  bohr^-1
	 16 16 :       0.3111  bohr^-1
	 16 17 :       0.2287  bohr^-1
	 17  1 :       0.1724  bohr^-1
	 17  2 :       0.1293  bohr^-1
	 17  3 :       0.1876  bohr^-1
	 17  4 :       0.1094  bohr^-1
	 17  5 :       0.1431  bohr^-1
	 17  6 :       0.1136  bohr^-1
	 17  7 :       0.1088  bohr^-1
	 17  8 :       0.2451  bohr^-1
	 17  9 :       0.0913  bohr^-1
	 17 10 :       0.1358  bohr^-1
	 17 11 :       0.0957  bohr^-1
	 17 12 :       0.0962  bohr^-1
	 17 13 :       0.0961  bohr^-1
	 17 14 :       0.1172  bohr^-1
	 17 15 :       0.2287  bohr^-1
	 17 16 :       0.2287  bohr^-1
	 17 17 :       0.3055  bohr^-1


	*Molecular contr. to CDS energy:       0.0000  kcal/mol
	*Total CDS energy:       2.2210  kcal/mol
	*MP2::Polarization Free Energy (au)      : -0.0080073408 
	*MP2::Polarization Free Energy (kcal/mol):      -5.0247 
	*MP2::CDS Free Energy (au)      : 0.0035393556 
	*MP2::CDS Free Energy (kcal/mol):       2.2210 
	*MP2::Total Solvation Free Energy (au)      : -0.0044679852 
	*MP2::Total Solvation Free Energy (kcal/mol):      -2.8037 
	GB-MP2 Total Energy (a.u.)         :  -325.90915973129040

	*Total GB-MP2 Energy: -325.90469174610053


 Cpu time for MacroQC :       3.1723 minutes
 Wall time for MacroQC:       1.3073 minutes


 ******************************************************************************************
	 MacroQC terminates normally:) 
 ****************************************************************************************** 

