 ==========================================================================================
 =========                __  ___                         ____  ______            =========
 ======                  /  |/  /___ _______________     / __ \/ ____/               ======
 ====                   / /|_/ / __ `/ ___/ ___/ __ \   / / / / /                      ====
 ===                   / /  / / /_/ / /__/ /  / /_/ /  / /_/ / /___                     ===
 ==                   /_/  /_/\__,_/\___/_/   \____/   \___\_\____/                      ==
 ===                                                                1.0.4                ===
 =====     An electronic structure theory software for large-scale applications       =====
 ======                                 See license.txt for license info             ======
 =========                                                                        =========
 ==========================================================================================
                                                                                           
                           * * * * * * * * * * * * * * * * * * * *                        
                           *            Developed by             *                        
                           *             U. Bozkaya              *                        
                           *                                     *                        
                           *       With contributions from:      *                        
                           *         B. Ermis, Y. Alagoz,        *                        
                           *         A. Unal, and A. K. Uyar     *                        
                           *         Git Version: deab493        *                        
                           *       Latest Revision: 2026-03-23   *                        
                           * * * * * * * * * * * * * * * * * * * *                        


 Run date: Wed Mar 25 10:20:07 2026
 
 Hostname: ub31 

 ## MacroQC input file ##
 ******************************************************************************************
$set_molecule
0 1
N      -2.3283800168    -0.0000113442     0.0755246574
C      -0.9349714422     0.0000010978     0.0083244397
C      -0.2197821980     1.2029805443     0.0047448566
C      -0.2197815973    -1.2029800146     0.0047562792
C       1.1674656559     1.1976379498    -0.0034447929
C       1.1674638483    -1.1976390195    -0.0034465719
C       1.8742556419     0.0000004469    -0.0074380996
H      -0.7586863329     2.1427866505     0.0125131754
H      -0.7586898428    -2.1427826532     0.0125529067
H       1.6998706721     2.1399658852    -0.0077445372
H       1.6998711069    -2.1399657919    -0.0077448710
H       2.9552713179     0.0000000273    -0.0145817832
H      -2.7734405713    -0.8339385110    -0.2724292909
H      -2.7734356840     0.8340077741    -0.2722148686
$end_molecule


$set_globals
   basis cc-pvdz
  method mp2
  reference rhf
  jobtype energy
  memory 30000
$end_globals


$set_scf
  e_convergence 1.0e-8
  d_convergence 1.0e-6
  guess sad
  solvation true
$end_scf


$set_solvation
  cds_type smd
  radius_type smd
  solvent_params mn21
  dielectric_params mn21 #sm8
  sasa_type numeric
  solvent water
  num_ang_points 100
  charge_type iao_mulliken #iao_lowdin, mulliken, lowdin
  coulomb_radii smd
$end_solvation

$set_dfocc
solvation true
$end_dfocc

 ******************************************************************************************


	-Geometry before Center-of-Mass shift (ang): 
	 Number     Atom               X                    Y                       Z  
	 ---------------------------------------------------------------------------------------
           1     N            -2.3283800168         -0.0000113442           0.0755246574  
           2     C            -0.9349714422          0.0000010978           0.0083244397  
           3     C            -0.2197821980          1.2029805443           0.0047448566  
           4     C            -0.2197815973         -1.2029800146           0.0047562792  
           5     C             1.1674656559          1.1976379498          -0.0034447929  
           6     C             1.1674638483         -1.1976390195          -0.0034465719  
           7     C             1.8742556419          0.0000004469          -0.0074380996  
           8     H            -0.7586863329          2.1427866505           0.0125131754  
           9     H            -0.7586898428         -2.1427826532           0.0125529067  
          10     H             1.6998706721          2.1399658852          -0.0077445372  
          11     H             1.6998711069         -2.1399657919          -0.0077448710  
          12     H             2.9552713179          0.0000000273          -0.0145817832  
          13     H            -2.7734405713         -0.8339385110          -0.2724292909  
          14     H            -2.7734356840          0.8340077741          -0.2722148686  



	-Geometry after Center-of-Mass shift (ang): 
	 Atom               X                    Y                       Z  
	 -------------------------------------------------------------------
     N          -2.3358649530         -0.0000105614           0.0696618483  
     C          -0.9424563784          0.0000018806           0.0024616306  
     C          -0.2272671342          1.2029813271          -0.0011179525  
     C          -0.2272665335         -1.2029792318          -0.0011065299  
     C           1.1599807197          1.1976387326          -0.0093076020  
     C           1.1599789121         -1.1976382367          -0.0093093810  
     C           1.8667707057          0.0000012297          -0.0133009087  
     H          -0.7661712691          2.1427874333           0.0066503663  
     H          -0.7661747790         -2.1427818704           0.0066900976  
     H           1.6923857359          2.1399666680          -0.0136073463  
     H           1.6923861707         -2.1399650091          -0.0136076801  
     H           2.9477863817          0.0000008101          -0.0204445923  
     H          -2.7809255075         -0.8339377282          -0.2782921000  
     H          -2.7809206202          0.8340085569          -0.2780776777  


	-Geometry after Center-of-Mass shift (bohr): 
	 Atom               X                    Y                       Z  
	 -------------------------------------------------------------------
     N          -4.4141450272         -0.0000199582           0.1316418146  
     C          -1.7809844403          0.0000035537           0.0046518076  
     C          -0.4294726409          2.2733052422          -0.0021126241  
     C          -0.4294715057         -2.2733012828          -0.0020910385  
     C           2.1920458711          2.2632092018          -0.0175888187  
     C           2.1920424552         -2.2632082648          -0.0175921805  
     C           3.5276853728          0.0000023237          -0.0251350747  
     H          -1.4478538637          4.0492813939           0.0125673709  
     H          -1.4478604965         -4.0492708817           0.0126424522  
     H           3.1981455395          4.0439509201          -0.0257141579  
     H           3.1981463612         -4.0439477853          -0.0257147886  
     H           5.5705089378          0.0000015308          -0.0386346802  
     H          -5.2551875844         -1.5759139121          -0.5258958519  
     H          -5.2551783488          1.5760477588          -0.5254906525  


    Rotational Constants: A =     0.18886  B =     0.08692  C =      0.05962 [cm^-1] 
    Rotor Type: ASYMMETRIC 

	-Nuclear Dipole Moment: (e a0)  
	 X:  -0.70722   Y:  0.00007   Z:  -0.55396   Total:  0.89835 

	-Nuclear Dipole Moment: (D)  
	 X:  -1.79758   Y:  0.00019   Z:  -1.40801   Total:  2.28338 


    Nuclear repulsion energy (V_NN)              : 272.046746716377 
   =====================================================
   Charge                : 0 
   Multiplicity          : 1 
   Number of Atoms       : 14 
   Number of Ghost Atoms : 0 
   Number of Electrons   : 50 
   Number of alpha occupied orbitals (NoccA)  : 25 
   Number of beta occupied orbitals (NoccB)   : 25 
   Number of singly occupied orbitals (Nsocc) : 0 
   Number of doubly occupied orbitals (Ndocc) : 25 
   =====================================================



  ## GLOBALS Options ##

  | TYPE         | KEY                      | INPUT? | VALUE              | DEFAULT            
  |--------------|--------------------------|--------|--------------------|--------------------
  | BOOL         | ERI_DISK                 | NO     | FALSE              | FALSE              
  | BOOL         | FREEZE_CORE              | NO     | TRUE               | TRUE               
  | BOOL         | MOL_FRAG                 | NO     | FALSE              | FALSE              
  | BOOL         | NOCOM                    | NO     | FALSE              | FALSE              
  | BOOL         | NOREORIENT               | NO     | TRUE               | TRUE               
  | BOOL         | PUREAM                   | NO     | TRUE               | TRUE               
  | BOOL         | ML                       | NO     | FALSE              | FALSE              
  | BOOL         | READ_PDB                 | NO     | FALSE              | FALSE              
  | BOOL         | TEST_MODE                | NO     | FALSE              | FALSE              
  | INT          | DERIVE_LEVEL             | NO     | 0                  | 0                  
  | INT          | FINDIF_POINTS            | NO     | 3                  | 3                  
  | INT          | MEMORY                   | YES    | 30000              | 2000               
  | INT          | NUM_THREADS              | NO     | 1                  | 1                  
  | INT          | NUM_FROZEN_DOCC          | NO     | 0                  | 0                  
  | INT          | NUM_FROZEN_VIR           | NO     | 0                  | 0                  
  | INT          | PRINT_LEVEL              | NO     | 0                  | 0                  
  | STRING       | AUX_BASIS_CORR           | NO     | CC-PVDZ-RI         | CC-PVDZ-RI         
  | STRING       | AUX_BASIS_SCF            | NO     | CC-PVDZ-JKFIT      | CC-PVDZ-JKFIT      
  | STRING       | BASIS                    | YES    | CC-PVDZ            | CC-PVDZ            
  | STRING       | BASIS2                   | NO     | MINAO              | MINAO              
  | STRING       | DERIVE_TYPE              | NO     | ANALYTIC           | ANALYTIC           
  | STRING       | FINDIF_METHOD            | NO     | GRAD               | GRAD               
  | STRING       | GEOM_UNITS               | NO     | ANG                | ANG                
  | STRING       | JOBTYPE                  | YES    | ENERGY             | ENERGY             
  | STRING       | METHOD                   | YES    | MP2                | SCF                
  | STRING       | REFERENCE                | YES    | RHF                | RHF                
  | STRING       | OUTFILE_MODE             | NO     | NEW                | NEW                
  | DOUBLE       | STEP_BOHR                | NO     | 0.05               | 0.05               
  | STR_ARRAY    | MOLECULE_GEOM_FROM       | NO     | [input]            | [input]            
  | DOUBLE_ARRAY | ELECTRIC_STRENGTH        | NO     | [0.001;0.001;0.001]| [0.001;0.001;0.001]
  | STRING       | ELECTRIC_FIELD           | NO     | NONE               | NONE               
  | STRING       | ALIGN_TWO_ATOMS          | NO     | NONE               | NONE               
  | INT_ARRAY    | TWO_ATOMS                | NO     | [0]                | [0]                



  ## INTS Options ##

  | TYPE         | KEY                      | INPUT? | VALUE              | DEFAULT            
  |--------------|--------------------------|--------|--------------------|--------------------
  | DOUBLE       | BOYS_CUTOFF              | NO     | 1e-15              | 1e-15              
  | DOUBLE       | BOYS_ZERO                | NO     | 1e-06              | 1e-06              
  | DOUBLE       | DELTA_X                  | NO     | 0.1                | 0.1                
  | DOUBLE       | INTEGRAL_CUTOFF          | NO     | 1e-10              | 1e-10              
  | DOUBLE       | X_MAX                    | NO     | 30.0               | 30.0               
  | INT          | BOYS_MAXITER             | NO     | 10000              | 10000              
  | INT          | MAX_AM                   | NO     | 7                  | 7                  
  | INT          | MAX_AM_AUX               | NO     | 7                  | 7                  
  | INT          | PRINT_LEVEL              | NO     | 0                  | 0                  
  | INT          | TAYLOR_ORDER             | NO     | 6                  | 6                  
  | STRING       | 3INDEX_ALGORITHM         | NO     | AUTO               | AUTO               
  | STRING       | BOYS_METHOD              | NO     | GHP                | GHP                
  | STRING       | ERI_ALGORITHM            | NO     | MD4                | MD4                


	Initializing Liboeprop (by U. Bozkaya) ...

	*=================================================================*
	*                  SCF                                            *
	*   Developed by U. Bozkaya & Y. Alagoz                           *
	*   Latest revision Feb 16, 2021                                  *
	*=================================================================*



  ## SCF Options ##

  | TYPE         | KEY                      | INPUT? | VALUE              | DEFAULT            
  |--------------|--------------------------|--------|--------------------|--------------------
  | BOOL         | DIIS_DAMP                | NO     | FALSE              | FALSE              
  | BOOL         | DIE_IF_NOT_CONVERGED     | NO     | TRUE               | TRUE               
  | BOOL         | DO_DF                    | NO     | TRUE               | TRUE               
  | BOOL         | DIIS                     | NO     | TRUE               | TRUE               
  | BOOL         | FOCK_DAMP                | NO     | FALSE              | FALSE              
  | BOOL         | GUESS_MIX                | NO     | FALSE              | FALSE              
  | BOOL         | GUESS_PREVIOUS           | NO     | FALSE              | FALSE              
  | BOOL         | LOCAL                    | NO     | FALSE              | FALSE              
  | BOOL         | RETRY                    | NO     | TRUE               | TRUE               
  | DOUBLE       | CUTOFF                   | NO     | 1e-10              | 1e-10              
  | DOUBLE       | D_CONVERGENCE            | YES    | 1e-06              | 1e-06              
  | DOUBLE       | DAMP_PARAM               | NO     | 0.02               | 0.02               
  | DOUBLE       | E_CONVERGENCE            | YES    | 1e-08              | 1e-08              
  | DOUBLE       | FOCK_DAMP_PERC           | NO     | 20.0               | 20.0               
  | DOUBLE       | MIN_OVERLAP_EIGVAL       | NO     | 1e-06              | 1e-06              
  | DOUBLE       | LOCAL_CONVERGENCE        | NO     | 1e-08              | 1e-08              
  | DOUBLE       | QC_GUESS_E_CONVERGENCE   | NO     | 0.0001             | 0.0001             
  | DOUBLE       | QC_GUESS_D_CONVERGENCE   | NO     | 0.005              | 0.005              
  | INT          | MAX_DIIS                 | NO     | 6                  | 6                  
  | INT          | MIN_DIIS                 | NO     | 2                  | 2                  
  | INT          | PRINT_LEVEL              | NO     | 0                  | 0                  
  | INT          | SCF_MAXITER              | NO     | 50                 | 50                 
  | INT          | LOCAL_MAXITER            | NO     | 50                 | 50                 
  | STRING       | DIIS_ALGORITHM           | NO     | DISK               | DISK               
  | STRING       | GUESS                    | YES    | SAD                | SAD                
  | BOOL         | MO_WRITE                 | NO     | FALSE              | FALSE              
  | BOOL         | FOCK_WRITE               | NO     | FALSE              | FALSE              
  | STRING       | ORTH_TYPE                | NO     | CANONICAL          | CANONICAL          
  | STRING       | ROHF_CANONIC_TYPE        | NO     | GUEST              | GUEST              
  | STRING       | ERI                      | NO     | INCORE             | INCORE             
  | STRING       | SCF_ALGORITHM            | NO     | ROOTHAAN           | ROOTHAAN           
  | STRING       | LOCAL_TYPE               | NO     | BOYS               | BOYS               
  | BOOL         | SAD_FRAC_OCC             | NO     | TRUE               | TRUE               
  | BOOL         | SAD_SPIN_AVERAGE         | NO     | TRUE               | TRUE               
  | DOUBLE       | SAD_E_CONVERGENCE        | NO     | 1e-05              | 1e-05              
  | DOUBLE       | SAD_D_CONVERGENCE        | NO     | 1e-05              | 1e-05              
  | INT          | SAD_MAXITER              | NO     | 50                 | 50                 
  | BOOL         | NIE                      | NO     | FALSE              | FALSE              
  | BOOL         | SAD_DIIS                 | NO     | TRUE               | TRUE               
  | INT          | SAD_MAX_DIIS             | NO     | 6                  | 6                  
  | INT          | SAD_MIN_DIIS             | NO     | 2                  | 2                  
  | INT          | SAD_PRINT                | NO     | 0                  | 0                  
  | STRING       | SAD_AUX_BASIS            | NO     | SAD-FIT            | SAD-FIT            
  | DOUBLE       | SAD_CHOLESKY_TOLERANCE   | NO     | 1e-07              | 1e-07              
  | BOOL         | SOLVATION                | YES    | TRUE               | FALSE              
  | BOOL         | BYPASS                   | NO     | FALSE              | FALSE              
  | STRING       | IAO_TYPE                 | NO     | STANDARD2013       | STANDARD2013       
  | BOOL         | USE_IAOS                 | NO     | FALSE              | FALSE              

	Initializing libdiis ...
	Initializing libmolint 1.1 ...
 CC-PVDZ primary basis set file will be read for the N atom...
 CC-PVDZ primary basis set file will be read for the C atom...
 CC-PVDZ primary basis set file will be read for the H atom...
 Nmaxthread: 24 
 Nshell: 63 
 Lmax:  2 
 Npmax:  8 
 Nao: 133 
 Ndocc: 25 
 Nsocc:  0 
 NoccA: 25 
 NoccB: 25 
 Primary basis set info has been read.

 CC-PVDZ-JKFIT aux basis set file will be read for the N atom...
 CC-PVDZ-JKFIT aux basis set file will be read for the C atom...
 CC-PVDZ-JKFIT aux basis set file will be read for the H atom...
 Nshell_aux: 231 
 Naux: 651 
 Aux basis set info has been read.

 orth_type: CANONICAL 
 Cpu time for S ints :       0.0400 s
 Wall time for S ints:       0.0421 s

 Using canonical orthogonalization. 
 Minimum eigenvalue in the overlap matrix is:   3.4877E-04 

 Cpu time for T ints :       0.2100 s
 Wall time for T ints:       0.0541 s
 Cpu time for V ints :       1.0100 s
 Wall time for V ints:       0.4285 s
 Cpu time for Metric ints :       1.2500 s
 Wall time for Metric ints:       0.3431 s
 3-Index Algorithm: AUTO 

 Calling fortran integrals: ringing... 
 Done with fintegrals.

 Cpu time for 3-index ints :       4.6000 s
 Wall time for 3-index ints:       1.3450 s
 Cpu time for df-factors :       0.5000 s
 Wall time for df-factors:       0.1460 s


 Puream (True=1, False=0) : 1
 Number of AO             : 133
 Number of MO             : 133
 Number of Aux Functions  : 651
 Charge                   : 0
 Multiplicity             : 1
 Alpha OCC                : 25
 Beta OCC                 : 25
 Nuclear Repulsion Energy : 272.04674672
 Energy Treshold          : 1.0e-08
 Density Treshold         : 1.0e-06
 Iteration Limit          : 50
 Guess                    : SAD
 Guess Mix                : false
 Diis                     : true
 Diis Damping             : false
 Diis Damp Parameter      : 0.02
 Diis Algorithm           : DISK
 Cutoff Treshold          : 1.0e-10
 Density Fitting          : true
 Reference                : RHF
 Die If Not Converged     : true
 Print Level              : 0
 ERI Algorithm            : INCORE
 SCF Algorithm            : ROOTHAAN




  ## SOLVATION Options ##

  | TYPE         | KEY                      | INPUT? | VALUE              | DEFAULT            
  |--------------|--------------------------|--------|--------------------|--------------------
  | INT          | NUM_Z_POINTS             | NO     | 90                 | 90                 
  | INT          | NUM_ANG_POINTS           | YES    | 100                | 100                
  | STRING       | SASA_TYPE                | YES    | NUMERIC            | NUMERIC            
  | STRING       | CHARGE_TYPE              | YES    | IAO_MULLIKEN       | IAO_MULLIKEN       
  | STRING       | CDS_TYPE                 | YES    | SMD                | SMD                
  | STRING       | SOLVENT                  | YES    | WATER              | WATER              
  | STRING       | SOLVENT_PARAMS           | YES    | MN21               | SM8                
  | STRING       | DIELECTRIC_PARAMS        | YES    | MN21               | MN21               
  | STRING       | COULOMB_RADII            | YES    | SMD                | SMD                
  | DOUBLE       | COVALENT_VW_CONST        | NO     | 0.76               | 0.76               
  | DOUBLE       | SOLVENT_RADIUS           | NO     | 0.4                | 0.4                
  | STRING       | RADIUS_TYPE              | YES    | SMD                | SMD                
  | DOUBLE       | GB_DIJ                   | NO     | 3.7                | 3.7                
  | DOUBLE       | GB_SIJ                   | NO     | 0.75               | 0.75               
  | DOUBLE       | GB_CIJ                   | NO     | 0.0                | 0.0                
  | DOUBLE       | F_PWSASA                 | NO     | 0.4535             | 0.4535             
  | DOUBLE       | SCALE_VDW                | NO     | 1.0                | 1.0                
  | DOUBLE       | SCALE_CR                 | NO     | 1.0                | 1.0                



 Sasa Type                  : NUMERIC 
 Charge Type                : IAO_MULLIKEN 
 CDS Type                   : SMD 
 Radius Type                : SMD 
 Solvent                    : WATER 
 Solvent Parameters         : MN21 
 Dielectric Parameters      : MN21 
 Coulomb Radii Parameters   : SMD 
 GB d_ij parameter          : 3.7000000000 
 GB S_ij parameter          : 0.7500000000 
 GB C_ij parameter          : 0.0000000000 
 Sclae_vdw parameter        : 1.0000000000 
 Number of z-points         : 90 
 Number of angular points   : 100 
 Number of SASA grid points : 17902 
 Solvent Dielectric Constant: 78.3553000000 

 VDW Radii:
	  1 N :       1.5500  ang
	  2 C :       1.7000  ang
	  3 C :       1.7000  ang
	  4 C :       1.7000  ang
	  5 C :       1.7000  ang
	  6 C :       1.7000  ang
	  7 C :       1.7000  ang
	  8 H :       1.2000  ang
	  9 H :       1.2000  ang
	 10 H :       1.2000  ang
	 11 H :       1.2000  ang
	 12 H :       1.2000  ang
	 13 H :       1.2000  ang
	 14 H :       1.2000  ang

	 Computing SASA... 

 Atomic SASA values:
	  1 N :      10.7942  ang^2
	  2 C :       6.4079  ang^2
	  3 C :      10.1474  ang^2
	  4 C :      10.1474  ang^2
	  5 C :      10.5437  ang^2
	  6 C :      10.5437  ang^2
	  7 C :      10.7418  ang^2
	  8 H :      11.9303  ang^2
	  9 H :      11.9321  ang^2
	 10 H :      13.0013  ang^2
	 11 H :      13.0013  ang^2
	 12 H :      12.9402  ang^2
	 13 H :      12.8791  ang^2
	 14 H :      12.8791  ang^2

	*Total SASA (angs^2): 157.8894272349 


 Coulomb Radii:
	  1 N :       1.8900  ang
	  2 C :       1.8500  ang
	  3 C :       1.8500  ang
	  4 C :       1.8500  ang
	  5 C :       1.8500  ang
	  6 C :       1.8500  ang
	  7 C :       1.8500  ang
	  8 H :       1.2000  ang
	  9 H :       1.2000  ang
	 10 H :       1.2000  ang
	 11 H :       1.2000  ang
	 12 H :       1.2000  ang
	 13 H :       1.2000  ang
	 14 H :       1.2000  ang
 Solvent Alpha                       : 1.1700000000 

 ## Effective Born Radius (bohr) ##
   0   4.1919645181 
   1   4.7251318035 
   2   4.5999672560 
   3   4.5999647875 
   4   4.4365886803 
   5   4.4365888786 
   6   4.4057305026 
   7   3.3550619000 
   8   3.3550636420 
   9   3.1989375219 
  10   3.1989370302 
  11   3.1833553759 
  12   3.2173615494 
  13   3.2173793570 

 Effective Born Radii:
	  1 N :       2.2183  ang
	  2 C :       2.5004  ang
	  3 C :       2.4342  ang
	  4 C :       2.4342  ang
	  5 C :       2.3477  ang
	  6 C :       2.3477  ang
	  7 C :       2.3314  ang
	  8 H :       1.7754  ang
	  9 H :       1.7754  ang
	 10 H :       1.6928  ang
	 11 H :       1.6928  ang
	 12 H :       1.6846  ang
	 13 H :       1.7026  ang
	 14 H :       1.7026  ang


 Coulomb Integrals:
	  1  1 :       0.2386  bohr^-1
	  1  2 :       0.2001  bohr^-1
	  1  3 :       0.1680  bohr^-1
	  1  4 :       0.1680  bohr^-1
	  1  5 :       0.1314  bohr^-1
	  1  6 :       0.1314  bohr^-1
	  1  7 :       0.1192  bohr^-1
	  1  8 :       0.1718  bohr^-1
	  1  9 :       0.1718  bohr^-1
	  1 10 :       0.1137  bohr^-1
	  1 11 :       0.1137  bohr^-1
	  1 12 :       0.0993  bohr^-1
	  1 13 :       0.2487  bohr^-1
	  1 14 :       0.2487  bohr^-1
	  2  1 :       0.2001  bohr^-1
	  2  2 :       0.2116  bohr^-1
	  2  3 :       0.1927  bohr^-1
	  2  4 :       0.1927  bohr^-1
	  2  5 :       0.1646  bohr^-1
	  2  6 :       0.1646  bohr^-1
	  2  7 :       0.1532  bohr^-1
	  2  8 :       0.1874  bohr^-1
	  2  9 :       0.1874  bohr^-1
	  2 10 :       0.1438  bohr^-1
	  2 11 :       0.1438  bohr^-1
	  2 12 :       0.1294  bohr^-1
	  2 13 :       0.1942  bohr^-1
	  2 14 :       0.1942  bohr^-1
	  3  1 :       0.1680  bohr^-1
	  3  2 :       0.1927  bohr^-1
	  3  3 :       0.2174  bohr^-1
	  3  4 :       0.1646  bohr^-1
	  3  5 :       0.1980  bohr^-1
	  3  6 :       0.1550  bohr^-1
	  3  7 :       0.1663  bohr^-1
	  3  8 :       0.2323  bohr^-1
	  3  9 :       0.1435  bohr^-1
	  3 10 :       0.1917  bohr^-1
	  3 11 :       0.1306  bohr^-1
	  3 12 :       0.1443  bohr^-1
	  3 13 :       0.1479  bohr^-1
	  3 14 :       0.1725  bohr^-1
	  4  1 :       0.1680  bohr^-1
	  4  2 :       0.1927  bohr^-1
	  4  3 :       0.1646  bohr^-1
	  4  4 :       0.2174  bohr^-1
	  4  5 :       0.1550  bohr^-1
	  4  6 :       0.1980  bohr^-1
	  4  7 :       0.1663  bohr^-1
	  4  8 :       0.1435  bohr^-1
	  4  9 :       0.2323  bohr^-1
	  4 10 :       0.1306  bohr^-1
	  4 11 :       0.1917  bohr^-1
	  4 12 :       0.1443  bohr^-1
	  4 13 :       0.1725  bohr^-1
	  4 14 :       0.1479  bohr^-1
	  5  1 :       0.1314  bohr^-1
	  5  2 :       0.1646  bohr^-1
	  5  3 :       0.1980  bohr^-1
	  5  4 :       0.1550  bohr^-1
	  5  5 :       0.2254  bohr^-1
	  5  6 :       0.1682  bohr^-1
	  5  7 :       0.2013  bohr^-1
	  5  8 :       0.1907  bohr^-1
	  5  9 :       0.1304  bohr^-1
	  5 10 :       0.2405  bohr^-1
	  5 11 :       0.1454  bohr^-1
	  5 12 :       0.1931  bohr^-1
	  5 13 :       0.1161  bohr^-1
	  5 14 :       0.1279  bohr^-1
	  6  1 :       0.1314  bohr^-1
	  6  2 :       0.1646  bohr^-1
	  6  3 :       0.1550  bohr^-1
	  6  4 :       0.1980  bohr^-1
	  6  5 :       0.1682  bohr^-1
	  6  6 :       0.2254  bohr^-1
	  6  7 :       0.2013  bohr^-1
	  6  8 :       0.1304  bohr^-1
	  6  9 :       0.1907  bohr^-1
	  6 10 :       0.1454  bohr^-1
	  6 11 :       0.2405  bohr^-1
	  6 12 :       0.1931  bohr^-1
	  6 13 :       0.1279  bohr^-1
	  6 14 :       0.1161  bohr^-1
	  7  1 :       0.1192  bohr^-1
	  7  2 :       0.1532  bohr^-1
	  7  3 :       0.1663  bohr^-1
	  7  4 :       0.1663  bohr^-1
	  7  5 :       0.2013  bohr^-1
	  7  6 :       0.2013  bohr^-1
	  7  7 :       0.2270  bohr^-1
	  7  8 :       0.1442  bohr^-1
	  7  9 :       0.1442  bohr^-1
	  7 10 :       0.1934  bohr^-1
	  7 11 :       0.1934  bohr^-1
	  7 12 :       0.2417  bohr^-1
	  7 13 :       0.1098  bohr^-1
	  7 14 :       0.1098  bohr^-1
	  8  1 :       0.1718  bohr^-1
	  8  2 :       0.1874  bohr^-1
	  8  3 :       0.2323  bohr^-1
	  8  4 :       0.1435  bohr^-1
	  8  5 :       0.1907  bohr^-1
	  8  6 :       0.1304  bohr^-1
	  8  7 :       0.1442  bohr^-1
	  8  8 :       0.2981  bohr^-1
	  8  9 :       0.1213  bohr^-1
	  8 10 :       0.1896  bohr^-1
	  8 11 :       0.1064  bohr^-1
	  8 12 :       0.1216  bohr^-1
	  8 13 :       0.1417  bohr^-1
	  8 14 :       0.1914  bohr^-1
	  9  1 :       0.1718  bohr^-1
	  9  2 :       0.1874  bohr^-1
	  9  3 :       0.1435  bohr^-1
	  9  4 :       0.2323  bohr^-1
	  9  5 :       0.1304  bohr^-1
	  9  6 :       0.1907  bohr^-1
	  9  7 :       0.1442  bohr^-1
	  9  8 :       0.1213  bohr^-1
	  9  9 :       0.2981  bohr^-1
	  9 10 :       0.1064  bohr^-1
	  9 11 :       0.1896  bohr^-1
	  9 12 :       0.1216  bohr^-1
	  9 13 :       0.1914  bohr^-1
	  9 14 :       0.1417  bohr^-1
	 10  1 :       0.1137  bohr^-1
	 10  2 :       0.1438  bohr^-1
	 10  3 :       0.1917  bohr^-1
	 10  4 :       0.1306  bohr^-1
	 10  5 :       0.2405  bohr^-1
	 10  6 :       0.1454  bohr^-1
	 10  7 :       0.1934  bohr^-1
	 10  8 :       0.1896  bohr^-1
	 10  9 :       0.1064  bohr^-1
	 10 10 :       0.3126  bohr^-1
	 10 11 :       0.1220  bohr^-1
	 10 12 :       0.1901  bohr^-1
	 10 13 :       0.0981  bohr^-1
	 10 14 :       0.1124  bohr^-1
	 11  1 :       0.1137  bohr^-1
	 11  2 :       0.1438  bohr^-1
	 11  3 :       0.1306  bohr^-1
	 11  4 :       0.1917  bohr^-1
	 11  5 :       0.1454  bohr^-1
	 11  6 :       0.2405  bohr^-1
	 11  7 :       0.1934  bohr^-1
	 11  8 :       0.1064  bohr^-1
	 11  9 :       0.1896  bohr^-1
	 11 10 :       0.1220  bohr^-1
	 11 11 :       0.3126  bohr^-1
	 11 12 :       0.1901  bohr^-1
	 11 13 :       0.1124  bohr^-1
	 11 14 :       0.0981  bohr^-1
	 12  1 :       0.0993  bohr^-1
	 12  2 :       0.1294  bohr^-1
	 12  3 :       0.1443  bohr^-1
	 12  4 :       0.1443  bohr^-1
	 12  5 :       0.1931  bohr^-1
	 12  6 :       0.1931  bohr^-1
	 12  7 :       0.2417  bohr^-1
	 12  8 :       0.1216  bohr^-1
	 12  9 :       0.1216  bohr^-1
	 12 10 :       0.1901  bohr^-1
	 12 11 :       0.1901  bohr^-1
	 12 12 :       0.3141  bohr^-1
	 12 13 :       0.0912  bohr^-1
	 12 14 :       0.0912  bohr^-1
	 13  1 :       0.2487  bohr^-1
	 13  2 :       0.1942  bohr^-1
	 13  3 :       0.1479  bohr^-1
	 13  4 :       0.1725  bohr^-1
	 13  5 :       0.1161  bohr^-1
	 13  6 :       0.1279  bohr^-1
	 13  7 :       0.1098  bohr^-1
	 13  8 :       0.1417  bohr^-1
	 13  9 :       0.1914  bohr^-1
	 13 10 :       0.0981  bohr^-1
	 13 11 :       0.1124  bohr^-1
	 13 12 :       0.0912  bohr^-1
	 13 13 :       0.3108  bohr^-1
	 13 14 :       0.2362  bohr^-1
	 14  1 :       0.2487  bohr^-1
	 14  2 :       0.1942  bohr^-1
	 14  3 :       0.1725  bohr^-1
	 14  4 :       0.1479  bohr^-1
	 14  5 :       0.1279  bohr^-1
	 14  6 :       0.1161  bohr^-1
	 14  7 :       0.1098  bohr^-1
	 14  8 :       0.1914  bohr^-1
	 14  9 :       0.1417  bohr^-1
	 14 10 :       0.1124  bohr^-1
	 14 11 :       0.0981  bohr^-1
	 14 12 :       0.0912  bohr^-1
	 14 13 :       0.2362  bohr^-1
	 14 14 :       0.3108  bohr^-1
    ===> SCF Iteration Started <===

     Iter. |                   Energy |       Delta E |          Drms |
    -------|--------------------------|---------------|---------------|
         1 |      -285.22975620307261 |    -2.852e+02 |     1.508e-02 |
         2 |      -285.60238866864916 |    -3.726e-01 |     2.604e-03 | DIIS
         3 |      -285.73596195069308 |    -1.336e-01 |     1.197e-03 | DIIS
         4 |      -285.75650265362890 |    -2.054e-02 |     5.293e-04 | DIIS
         5 |      -285.75775998207871 |    -1.257e-03 |     9.206e-05 | DIIS
         6 |      -285.75780848582440 |    -4.850e-05 |     2.131e-05 | DIIS
         7 |      -285.75782323011458 |    -1.474e-05 |     2.191e-05 | DIIS
         8 |      -285.75782410992099 |    -8.798e-07 |     4.910e-06 | DIIS
         9 |      -285.75782385380569 |     2.561e-07 |     2.336e-06 | DIIS
        10 |      -285.75782373660081 |     1.172e-07 |     1.429e-06 | DIIS
        11 |      -285.75782364389158 |     9.271e-08 |     6.533e-07 | DIIS
        12 |      -285.75782360495998 |     3.893e-08 |     2.550e-07 | DIIS
        13 |      -285.75782359288348 |     1.208e-08 |     7.266e-08 | DIIS
        14 |      -285.75782358607296 |     6.811e-09 |     2.292e-08 | DIIS


	-Alpha Occupied Orbital Energies (au):  
	 1: -15.5404985497 	 2: -11.2538947680 	 3: -11.2120566491 	 4: -11.2115583029 	 5: -11.1995950920 
	 6: -11.1994772894 	 7: -11.1949346575 	 8: -1.1977773274 	 9: -1.1014521686 	10: -0.9866229802 
	11: -0.9599930972 	12: -0.8049835186 	13: -0.7863154317 	14: -0.6782948416 	15: -0.6576682409 
	16: -0.6284105917 	17: -0.5709797423 	18: -0.5651923914 	19: -0.5540058501 	20: -0.5066407169 
	21: -0.4792228775 	22: -0.4599794173 	23: -0.4206856551 	24: -0.3092927981 	25: -0.2658333006 

	-Alpha Virtual Orbital Energies (au):  
	26: 0.1630105951 	27: 0.1814280258 	28: 0.1992688729 	29: 0.2121930707 	30: 0.2246104776 
	31: 0.2563142592 	32: 0.2563289501 	33: 0.2857451123 	34: 0.3056650184 	35: 0.3864025787 
	36: 0.4323267534 	37: 0.4671593242 	38: 0.4809241701 	39: 0.5148206510 	40: 0.5150089277 
	41: 0.5963147694 	42: 0.6454267786 	43: 0.6802751518 	44: 0.6871857590 	45: 0.7219997411 
	46: 0.7340495346 	47: 0.7493654659 	48: 0.7506723154 	49: 0.7561439689 	50: 0.7571943274 
	51: 0.7704891766 	52: 0.7786647164 	53: 0.8210358405 	54: 0.8255155693 	55: 0.8423485164 
	56: 0.8734446260 	57: 0.8921477000 	58: 0.9105852176 	59: 0.9262753918 	60: 0.9570421011 
	61: 0.9582051978 	62: 1.0044039945 	63: 1.0087575423 	64: 1.0258404750 	65: 1.0953399173 
	66: 1.1022481745 	67: 1.1342712199 	68: 1.1580292071 	69: 1.1598361081 	70: 1.1932020406 
	71: 1.1966932217 	72: 1.2365279570 	73: 1.2464017428 	74: 1.2546882572 	75: 1.2684344876 
	76: 1.3102959216 	77: 1.3152977711 	78: 1.3337875953 	79: 1.3435494483 	80: 1.4684752897 
	81: 1.5057724012 	82: 1.5242408078 	83: 1.6928286417 	84: 1.7021177955 	85: 1.7432311767 
	86: 1.7534200008 	87: 1.7739490666 	88: 1.7772407584 	89: 1.8065793228 	90: 1.8696308712 
	91: 1.8794671134 	92: 1.8988809857 	93: 1.9104041857 	94: 1.9141197516 	95: 1.9323368388 
	96: 1.9516274589 	97: 1.9629242248 	98: 1.9851784204 	99: 2.0108965043 	100: 2.0376408609 
	101: 2.0788645882 	102: 2.0809491741 	103: 2.1311782884 	104: 2.1533013759 	105: 2.1642651489 
	106: 2.1726980550 	107: 2.1728418815 	108: 2.2009547622 	109: 2.2021017243 	110: 2.2735906357 
	111: 2.3024752876 	112: 2.3236910933 	113: 2.3656036778 	114: 2.3930919244 	115: 2.4691588664 
	116: 2.5080118646 	117: 2.5456648694 	118: 2.5852025093 	119: 2.7409415803 	120: 2.7774329743 
	121: 2.7991611864 	122: 2.8122080938 	123: 2.8391319877 	124: 2.9119150673 	125: 2.9997461313 
	126: 3.0086121050 	127: 3.0220637586 	128: 3.1114592369 	129: 3.1465529888 	130: 3.2792387014 
	131: 3.2937451073 	132: 3.5835975486 	133: 4.0051257126 


	-Mulliken Population Analysis for SCF:
	 1: -0.2369812959 	 2: 0.0208575519 	 3: -0.0195354701 	 4: -0.0182600731 	 5: 0.0151348358 
	 6: 0.0123647464 	 7: -0.0557585107 	 8: 0.0084174199 	 9: 0.0083548225 	10: 0.0199444035 
	11: 0.0211126847 	12: 0.0132098909 	13: 0.1055643448 	14: 0.1055746493 

	-Lowdin Population Analysis for SCF:  
	 1: 0.0150032997 	 2: -0.0071925049 	 3: -0.0708741363 	 4: -0.0704774718 	 5: -0.0045287781 
	 6: -0.0051757688 	 7: -0.0711319733 	 8: 0.0195493463 	 9: 0.0195416533 	10: 0.0274091204 
	11: 0.0278329227 	12: 0.0221233248 	13: 0.0489551874 	14: 0.0489657785 

	-Electronic Dipole Moment: (e a0)  
	 X:  0.25568   Y:  -0.00162   Z:  0.14599   Total:  0.29443 

	-Electronic Dipole Moment: (D)  
	 X:  0.64987   Y:  -0.00412   Z:  0.37108   Total:  0.74837 

	-Total Dipole Moment: (e a0)  
	 X:  -0.45155   Y:  -0.00155   Z:  -0.40796   Total:  0.60855 

	-Total Dipole Moment: (D)  
	 X:  -1.14772   Y:  -0.00393   Z:  -1.03693   Total:  1.54677 



	Initializing Liboeprop (by U. Bozkaya) ...


	-Mulliken Population Analysis for SCF-IAO:
	 1: -0.5440544488 	 2: 0.1770692022 	 3: -0.2056786141 	 4: -0.2049914925 	 5: -0.1051824445 
	 6: -0.1065924570 	 7: -0.1900990131 	 8: 0.1268002437 	 9: 0.1267764945 	10: 0.1378956351 
	11: 0.1386434370 	12: 0.1343458644 	13: 0.2576080811 	14: 0.2576233431 

	-Lowdin Population Analysis for SCF-IAO:  
	 1: -0.5440544488 	 2: 0.1770692022 	 3: -0.2056786141 	 4: -0.2049914925 	 5: -0.1051824445 
	 6: -0.1065924570 	 7: -0.1900990131 	 8: 0.1268002437 	 9: 0.1267764945 	10: 0.1378956351 
	11: 0.1386434370 	12: 0.1343458644 	13: 0.2576080811 	14: 0.2576233431 

	Initializing Liblocal (by U. Bozkaya) ...
  ==> Pipek-Mezey Localizer <==

    Convergence =   1.000E-08
    Maxiter     =          50

    Iteration                   Metric       Residual
    PM    0   1.4644354458559281E+01              -
    PM    1   2.7468793453040842E+01   8.757258E-01
    PM    2   3.1079927603228523E+01   1.314632E-01
    PM    3   3.1311564262986149E+01   7.452934E-03
    PM    4   3.1334883875374974E+01   7.447604E-04
    PM    5   3.1342623319459857E+01   2.469913E-04
    PM    6   3.1345092571815318E+01   7.878257E-05
    PM    7   3.1345615039038478E+01   1.666823E-05
    PM    8   3.1345806654039823E+01   6.112976E-06
    PM    9   3.1345852370276575E+01   1.458448E-06
    PM   10   3.1345867489983686E+01   4.823511E-07
    PM   11   3.1345875078421574E+01   2.420873E-07
    PM   12   3.1345876672860886E+01   5.086600E-08
    PM   13   3.1345877410555786E+01   2.353403E-08
    PM   14   3.1345877619991583E+01   6.681446E-09

    PM Localizer converged.



	*Molecular contr. to CDS energy:       0.0000  kcal/mol
	*Total CDS energy:       2.9539  kcal/mol
	*SCF::Polarization Free Energy (au)      : -0.0047888308 
	*SCF::Polarization Free Energy (kcal/mol):      -3.0050 
	*SCF::CDS Free Energy (au)      : 0.0047073235 
	*SCF::CDS Free Energy (kcal/mol):       2.9539 
	*SCF::Total Solvation Free Energy (au)      : -0.0000815073 
	*SCF::Total Solvation Free Energy (kcal/mol):      -0.0511 
 CC-PVDZ primary basis set file will be read for the N atom...
 CC-PVDZ primary basis set file will be read for the C atom...
 CC-PVDZ primary basis set file will be read for the H atom...
 Nmaxthread: 24 
 Nshell: 63 
 Lmax:  2 
 Npmax:  8 
 Nao: 133 
 Ndocc: 25 
 Nsocc:  0 
 NoccA: 25 
 NoccB: 25 
 Primary basis set info has been read.

 CC-PVDZ-JKFIT aux basis set file will be read for the N atom...
 CC-PVDZ-JKFIT aux basis set file will be read for the C atom...
 CC-PVDZ-JKFIT aux basis set file will be read for the H atom...
 Nshell_aux: 231 
 Naux: 651 
 Aux basis set info has been read.


	*Total SCF Energy: -285.75782358607296

 Cpu time for SCF :       1.5623 minutes
 Wall time for SCF:       0.6313 minutes


	MO spaces... 

	 FC   OCC   VIR   FV 
	----------------------
	  7   18   108    0


	Libtrans is initialized (by U. Bozkaya) ...

 ============================================================================== 
 ============================================================================== 
 ============================================================================== 

                       DF-MP2   
              Program Written by Ugur Bozkaya
              Latest Revision May 2, 2021

 ============================================================================== 
 ============================================================================== 
 ============================================================================== 

	For this residual convergence, default PCG convergence is:     1.00e-07
    Warning: "PCG_CONVERGENCE" option is changed to     1.00e-07


  ## DFOCC Options ##

  | TYPE         | KEY                      | INPUT? | VALUE              | DEFAULT            
  |--------------|--------------------------|--------|--------------------|--------------------
  | BOOL         | EOM                      | NO     | FALSE              | FALSE              
  | BOOL         | EOM_MP2                  | NO     | FALSE              | FALSE              
  | BOOL         | EOM_MP3                  | NO     | FALSE              | FALSE              
  | BOOL         | EOM_MP2_5                | NO     | FALSE              | FALSE              
  | BOOL         | EOM_LCCD                 | NO     | FALSE              | FALSE              
  | BOOL         | LOW_MEM_MP2              | NO     | FALSE              | FALSE              
  | BOOL         | LOW_MEM_MP3              | NO     | FALSE              | FALSE              
  | BOOL         | CD_PRESCREEN             | NO     | FALSE              | FALSE              
  | DOUBLE       | CIS_E_CONV               | NO     | 1e-06              | 1e-06              
  | DOUBLE       | CIS_R_CONV               | NO     | 1e-06              | 1e-06              
  | DOUBLE       | CIS_RES_PRECONDITION_TOL | NO     | 0.0001             | 0.0001             
  | DOUBLE       | DAVIDSON_TOLERANCE       | NO     | 1e-06              | 1e-06              
  | DOUBLE       | E3_SCALE                 | NO     | 0.25               | 0.25               
  | DOUBLE       | E_CONVERGENCE            | NO     | 1e-06              | 1e-06              
  | DOUBLE       | JK_MEMORY                | NO     | 1000000000.0       | 1000000000.0       
  | DOUBLE       | LEVEL_SHIFT              | NO     | 0.02               | 0.02               
  | DOUBLE       | MAX_MOGRAD_CONVERGENCE   | NO     | 0.001              | 0.001              
  | DOUBLE       | MO_STEP_MAX              | NO     | 0.5                | 0.5                
  | DOUBLE       | MP2_OS_SCALE             | NO     | 1.2                | 1.2                
  | DOUBLE       | MP2_SOS_SCALE            | NO     | 1.3                | 1.3                
  | DOUBLE       | MP2_SOS_SCALE2           | NO     | 1.2                | 1.2                
  | DOUBLE       | MP2_SS_SCALE             | NO     | 0.3333333333333333 | 0.3333333333333333 
  | DOUBLE       | OCC_PERCENTAGE           | NO     | 99.0               | 99.0               
  | DOUBLE       | OCC_TOLERANCE            | NO     | 1e-05              | 1e-05              
  | DOUBLE       | OO_SCALE                 | NO     | 0.01               | 0.01               
  | DOUBLE       | PCG_CONVERGENCE          | NO     | 1e-06              | 1e-06              
  | DOUBLE       | R_CONVERGENCE            | NO     | 1e-05              | 1e-05              
  | DOUBLE       | REG_PARAM                | NO     | 0.4                | 0.4                
  | DOUBLE       | KAPPA_REG_PARAM          | NO     | 1.1                | 1.1                
  | DOUBLE       | RMS_MOGRAD_CONVERGENCE   | NO     | 1e-06              | 1e-06              
  | DOUBLE       | SCG_TOLERANCE            | NO     | 1e-06              | 1e-06              
  | DOUBLE       | SCHMIDT_ADD_RES_TOL      | NO     | 0.001              | 0.001              
  | INT          | ACTIVE_NAT_ORBS          | NO     | 2                  | 2                  
  | INT          | CC_DIIS_MAX_VECS         | NO     | 6                  | 6                  
  | INT          | CC_DIIS_MIN_VECS         | NO     | 2                  | 2                  
  | INT          | CC_MAXITER               | NO     | 50                 | 50                 
  | INT          | CUTOFF                   | NO     | 8                  | 8                  
  | INT          | EXCITATION_RANGE         | NO     | 2                  | 2                  
  | INT          | FOLLOW_ROOT              | NO     | 1                  | 1                  
  | INT          | INTEGRAL_CUTOFF          | NO     | 9                  | 9                  
  | INT          | MAX_VECS                 | NO     | 50                 | 50                 
  | INT          | MO_DIIS_NUM_VECS         | NO     | 6                  | 6                  
  | INT          | MO_MAXITER               | NO     | 50                 | 50                 
  | INT          | NUM_ROOTS                | NO     | 4                  | 4                  
  | INT          | PCG_MAXITER              | NO     | 50                 | 50                 
  | INT          | PRINT_LEVEL              | NO     | 0                  | 0                  
  | INT          | VECS_PER_ROOT            | NO     | 1                  | 1                  
  | STRING       | CC_LAMBDA                | NO     | FALSE              | FALSE              
  | STRING       | CHOLESKY                 | NO     | FALSE              | FALSE              
  | STRING       | CIS_ALGORITHM            | NO     | MO_BASIS           | MO_BASIS           
  | STRING       | CIS_GUESS_COEFF          | NO     | MIX                | MIX                
  | STRING       | COMPUT_S2                | NO     | FALSE              | FALSE              
  | STRING       | DIAG_METHOD              | NO     | DAVIDSON           | DAVIDSON           
  | STRING       | DO_DIIS                  | NO     | TRUE               | TRUE               
  | STRING       | DO_LEVEL_SHIFT           | NO     | TRUE               | TRUE               
  | STRING       | DO_SCS                   | NO     | FALSE              | FALSE              
  | STRING       | DO_SOS                   | NO     | FALSE              | FALSE              
  | STRING       | EKT_IP                   | NO     | FALSE              | FALSE              
  | STRING       | FREEZE_CORE              | NO     | TRUE               | TRUE               
  | STRING       | HESS_TYPE                | NO     | HF                 | HF                 
  | STRING       | JK_TYPE                  | NO     | DIRECT             | DIRECT             
  | STRING       | LINEQ_SOLVER             | NO     | CDGESV             | CDGESV             
  | STRING       | MO_READ                  | NO     | FALSE              | FALSE              
  | STRING       | MO_WRITE                 | NO     | FALSE              | FALSE              
  | STRING       | MP2_AMP_TYPE             | NO     | DIRECT             | DIRECT             
  | STRING       | NAT_ORBS                 | NO     | FALSE              | FALSE              
  | STRING       | NBO                      | NO     | TRUE               | TRUE               
  | STRING       | OCC_ORBS_PRINT           | NO     | FALSE              | FALSE              
  | STRING       | OEPROP                   | NO     | FALSE              | FALSE              
  | STRING       | OPT_METHOD               | NO     | QNR                | QNR                
  | STRING       | ORB_RESP_SOLVER          | NO     | PCG                | PCG                
  | STRING       | ORTH_TYPE                | NO     | MGS                | MGS                
  | STRING       | PCG_BETA_TYPE            | NO     | FLETCHER_REEVES    | FLETCHER_REEVES    
  | STRING       | PPL_TYPE                 | NO     | AUTO               | AUTO               
  | STRING       | PRINT_CI_VECS            | NO     | FALSE              | FALSE              
  | STRING       | QCHF                     | NO     | FALSE              | FALSE              
  | STRING       | READ_SCF_3INDEX          | NO     | TRUE               | TRUE               
  | STRING       | REGULARIZATION           | NO     | FALSE              | FALSE              
  | STRING       | REG_TYPE                 | NO     | NORMAL             | NORMAL             
  | STRING       | SCS_TYPE                 | NO     | SCS                | SCS                
  | STRING       | SOS_TYPE                 | NO     | SOS                | SOS                
  | STRING       | TRIPLES_IABC_TYPE        | NO     | DISK               | DISK               
  | STRING       | UNIT_GUESS_TYPE          | NO     | GEN                | GEN                
  | STRING       | EKT_NEGATIVE_OCC         | NO     | ABS                | ABS                
  | BOOL         | SOLVATION                | YES    | TRUE               | FALSE              

	MO spaces... 

	 FC   OCC   VIR   FV 
	----------------------
	  7   18   108    0
 CC-PVDZ primary basis set file will be read for the N atom...
 CC-PVDZ primary basis set file will be read for the C atom...
 CC-PVDZ primary basis set file will be read for the H atom...
 Nmaxthread: 24 
 Nshell: 63 
 Lmax:  2 
 Npmax:  8 
 Nao: 133 
 Ndocc: 25 
 Nsocc:  0 
 NoccA: 25 
 NoccB: 25 
 Primary basis set info has been read.

 CC-PVDZ-RI aux basis set file will be read for the N atom...
 CC-PVDZ-RI aux basis set file will be read for the C atom...
 CC-PVDZ-RI aux basis set file will be read for the H atom...
 Nshell_aux: 168 
 Naux: 490 
 Aux basis set info has been read.

 Cpu time for Metric ints :       0.2700 s
 Wall time for Metric ints:       0.1428 s
 3-Index Algorithm: AUTO 

 Calling fortran integrals: ringing... 
 Done with fintegrals.

 Cpu time for 3-index ints :       3.2600 s
 Wall time for 3-index ints:       1.0626 s
 Cpu time for df-factors :       0.2300 s
 Wall time for df-factors:       0.0708 s
 CC-PVDZ primary basis set file will be read for the N atom...
 CC-PVDZ primary basis set file will be read for the C atom...
 CC-PVDZ primary basis set file will be read for the H atom...
 Nmaxthread: 24 
 Nshell: 63 
 Lmax:  2 
 Npmax:  8 
 Nao: 133 
 Ndocc: 25 
 Nsocc:  0 
 NoccA: 25 
 NoccB: 25 
 Primary basis set info has been read.

 CC-PVDZ-JKFIT aux basis set file will be read for the N atom...
 CC-PVDZ-JKFIT aux basis set file will be read for the C atom...
 CC-PVDZ-JKFIT aux basis set file will be read for the H atom...
 Nshell_aux: 231 
 Naux: 651 
 Aux basis set info has been read.

	Reading DF integrals from disk ...
 Cpu time for Metric ints :       1.0200 s
 Wall time for Metric ints:       0.2750 s
	Number of basis functions in the DF-HF basis: 651
	Number of basis functions in the DF-CC basis: 490

	Available memory                      :  30000.00 MB 
	Minimum required memory for amplitudes:     90.70 MB 
	Memory requirement for B-CC (Q|mu nu) :     69.34 MB 
	Memory requirement for B-CC (Q|ab)    :     45.72 MB 
	Memory requirement for DF-CC int trans:    125.65 MB 

	Computing DF-MP2 energy using SCF MOs (Canonical DF-MP2)... 
	======================================================================= 
	Nuclear Repulsion Energy (a.u.)    :   272.04672084912062
	DF-HF Energy (a.u.)                :  -285.75782358607296
	REF Energy (a.u.)                  :  -285.75782358607296
	DF-MP2 Correlation Energy (a.u.)   :    -0.95744529560022
	DF-MP2 Total Energy (a.u.)         :  -286.71526888167318
	======================================================================= 

	*Total MP2 Energy: -286.71526888167318

	Computing unrelaxed response density matrices...
	Number of independent-pairs: 2700
	Computing the generalized Fock matrix (GFM)...
	Computing the orbital gradient...
	Forming effective orbital gradient...
	Solving orbital Z-vector equations...

	            PCG Solver 
	   ------------------------------ 
	Iter     RMS Z Vector        RMS Residual  
	----    ---------------    ---------------
	  1         1.30e-03         6.87e-04
	  2         4.46e-04         3.76e-04
	  3         1.68e-04         8.29e-05
	  4         4.95e-05         2.92e-05
	  5         9.71e-06         6.84e-06
	  6         2.35e-06         1.75e-06
	  7         8.79e-07         5.27e-07
	  8         5.20e-07         3.66e-07
	  9         2.00e-07         1.12e-07
	 10         6.12e-08         3.58e-08

	Computing the relaxed PDMs and GFM...
	Compute solv. is starting ...

	Initializing Liboeprop (by U. Bozkaya) ...


	-Mulliken Population Analysis for MP2-IAO:
	 1: -0.3389820178 	 2: 0.2971067814 	 3: -0.0976666948 	 4: -0.0970032744 	 5: -0.0512615492 
	 6: -0.0527234301 	 7: -0.1304066937 	 8: 0.0694878281 	 9: 0.0694703083 	10: 0.0695125895 
	11: 0.0703539675 	12: 0.0664893252 	13: 0.1971392107 	14: 0.1971598325 

	-Lowdin Population Analysis for MP2-IAO:  
	 1: -0.3389820178 	 2: 0.2971067814 	 3: -0.0976666948 	 4: -0.0970032744 	 5: -0.0512615492 
	 6: -0.0527234301 	 7: -0.1304066937 	 8: 0.0694878281 	 9: 0.0694703083 	10: 0.0695125895 
	11: 0.0703539675 	12: 0.0664893252 	13: 0.1971392107 	14: 0.1971598325 


  ## SOLVATION Options ##

  | TYPE         | KEY                      | INPUT? | VALUE              | DEFAULT            
  |--------------|--------------------------|--------|--------------------|--------------------
  | INT          | NUM_Z_POINTS             | NO     | 90                 | 90                 
  | INT          | NUM_ANG_POINTS           | YES    | 100                | 100                
  | STRING       | SASA_TYPE                | YES    | NUMERIC            | NUMERIC            
  | STRING       | CHARGE_TYPE              | YES    | IAO_MULLIKEN       | IAO_MULLIKEN       
  | STRING       | CDS_TYPE                 | YES    | SMD                | SMD                
  | STRING       | SOLVENT                  | YES    | WATER              | WATER              
  | STRING       | SOLVENT_PARAMS           | YES    | MN21               | SM8                
  | STRING       | DIELECTRIC_PARAMS        | YES    | MN21               | MN21               
  | STRING       | COULOMB_RADII            | YES    | SMD                | SMD                
  | DOUBLE       | COVALENT_VW_CONST        | NO     | 0.76               | 0.76               
  | DOUBLE       | SOLVENT_RADIUS           | NO     | 0.4                | 0.4                
  | STRING       | RADIUS_TYPE              | YES    | SMD                | SMD                
  | DOUBLE       | GB_DIJ                   | NO     | 3.7                | 3.7                
  | DOUBLE       | GB_SIJ                   | NO     | 0.75               | 0.75               
  | DOUBLE       | GB_CIJ                   | NO     | 0.0                | 0.0                
  | DOUBLE       | F_PWSASA                 | NO     | 0.4535             | 0.4535             
  | DOUBLE       | SCALE_VDW                | NO     | 1.0                | 1.0                
  | DOUBLE       | SCALE_CR                 | NO     | 1.0                | 1.0                



 Sasa Type                  : NUMERIC 
 Charge Type                : IAO_MULLIKEN 
 CDS Type                   : SMD 
 Radius Type                : SMD 
 Solvent                    : WATER 
 Solvent Parameters         : MN21 
 Dielectric Parameters      : MN21 
 Coulomb Radii Parameters   : SMD 
 GB d_ij parameter          : 3.7000000000 
 GB S_ij parameter          : 0.7500000000 
 GB C_ij parameter          : 0.0000000000 
 Sclae_vdw parameter        : 1.0000000000 
 Number of z-points         : 90 
 Number of angular points   : 100 
 Number of SASA grid points : 17902 
 Solvent Dielectric Constant: 78.3553000000 

 VDW Radii:
	  1 N :       1.5500  ang
	  2 C :       1.7000  ang
	  3 C :       1.7000  ang
	  4 C :       1.7000  ang
	  5 C :       1.7000  ang
	  6 C :       1.7000  ang
	  7 C :       1.7000  ang
	  8 H :       1.2000  ang
	  9 H :       1.2000  ang
	 10 H :       1.2000  ang
	 11 H :       1.2000  ang
	 12 H :       1.2000  ang
	 13 H :       1.2000  ang
	 14 H :       1.2000  ang

	 Computing SASA... 

 Atomic SASA values:
	  1 N :      10.7942  ang^2
	  2 C :       6.4079  ang^2
	  3 C :      10.1474  ang^2
	  4 C :      10.1474  ang^2
	  5 C :      10.5437  ang^2
	  6 C :      10.5437  ang^2
	  7 C :      10.7418  ang^2
	  8 H :      11.9303  ang^2
	  9 H :      11.9321  ang^2
	 10 H :      13.0013  ang^2
	 11 H :      13.0013  ang^2
	 12 H :      12.9402  ang^2
	 13 H :      12.8791  ang^2
	 14 H :      12.8791  ang^2

	*Total SASA (angs^2): 157.8894272349 


 Coulomb Radii:
	  1 N :       1.8900  ang
	  2 C :       1.8500  ang
	  3 C :       1.8500  ang
	  4 C :       1.8500  ang
	  5 C :       1.8500  ang
	  6 C :       1.8500  ang
	  7 C :       1.8500  ang
	  8 H :       1.2000  ang
	  9 H :       1.2000  ang
	 10 H :       1.2000  ang
	 11 H :       1.2000  ang
	 12 H :       1.2000  ang
	 13 H :       1.2000  ang
	 14 H :       1.2000  ang
 Solvent Alpha                       : 1.1700000000 

 ## Effective Born Radius (bohr) ##
   0   4.1919645181 
   1   4.7251318035 
   2   4.5999672560 
   3   4.5999647875 
   4   4.4365886803 
   5   4.4365888786 
   6   4.4057305026 
   7   3.3550619000 
   8   3.3550636420 
   9   3.1989375219 
  10   3.1989370302 
  11   3.1833553759 
  12   3.2173615494 
  13   3.2173793570 

 Effective Born Radii:
	  1 N :       2.2183  ang
	  2 C :       2.5004  ang
	  3 C :       2.4342  ang
	  4 C :       2.4342  ang
	  5 C :       2.3477  ang
	  6 C :       2.3477  ang
	  7 C :       2.3314  ang
	  8 H :       1.7754  ang
	  9 H :       1.7754  ang
	 10 H :       1.6928  ang
	 11 H :       1.6928  ang
	 12 H :       1.6846  ang
	 13 H :       1.7026  ang
	 14 H :       1.7026  ang


 Coulomb Integrals:
	  1  1 :       0.2386  bohr^-1
	  1  2 :       0.2001  bohr^-1
	  1  3 :       0.1680  bohr^-1
	  1  4 :       0.1680  bohr^-1
	  1  5 :       0.1314  bohr^-1
	  1  6 :       0.1314  bohr^-1
	  1  7 :       0.1192  bohr^-1
	  1  8 :       0.1718  bohr^-1
	  1  9 :       0.1718  bohr^-1
	  1 10 :       0.1137  bohr^-1
	  1 11 :       0.1137  bohr^-1
	  1 12 :       0.0993  bohr^-1
	  1 13 :       0.2487  bohr^-1
	  1 14 :       0.2487  bohr^-1
	  2  1 :       0.2001  bohr^-1
	  2  2 :       0.2116  bohr^-1
	  2  3 :       0.1927  bohr^-1
	  2  4 :       0.1927  bohr^-1
	  2  5 :       0.1646  bohr^-1
	  2  6 :       0.1646  bohr^-1
	  2  7 :       0.1532  bohr^-1
	  2  8 :       0.1874  bohr^-1
	  2  9 :       0.1874  bohr^-1
	  2 10 :       0.1438  bohr^-1
	  2 11 :       0.1438  bohr^-1
	  2 12 :       0.1294  bohr^-1
	  2 13 :       0.1942  bohr^-1
	  2 14 :       0.1942  bohr^-1
	  3  1 :       0.1680  bohr^-1
	  3  2 :       0.1927  bohr^-1
	  3  3 :       0.2174  bohr^-1
	  3  4 :       0.1646  bohr^-1
	  3  5 :       0.1980  bohr^-1
	  3  6 :       0.1550  bohr^-1
	  3  7 :       0.1663  bohr^-1
	  3  8 :       0.2323  bohr^-1
	  3  9 :       0.1435  bohr^-1
	  3 10 :       0.1917  bohr^-1
	  3 11 :       0.1306  bohr^-1
	  3 12 :       0.1443  bohr^-1
	  3 13 :       0.1479  bohr^-1
	  3 14 :       0.1725  bohr^-1
	  4  1 :       0.1680  bohr^-1
	  4  2 :       0.1927  bohr^-1
	  4  3 :       0.1646  bohr^-1
	  4  4 :       0.2174  bohr^-1
	  4  5 :       0.1550  bohr^-1
	  4  6 :       0.1980  bohr^-1
	  4  7 :       0.1663  bohr^-1
	  4  8 :       0.1435  bohr^-1
	  4  9 :       0.2323  bohr^-1
	  4 10 :       0.1306  bohr^-1
	  4 11 :       0.1917  bohr^-1
	  4 12 :       0.1443  bohr^-1
	  4 13 :       0.1725  bohr^-1
	  4 14 :       0.1479  bohr^-1
	  5  1 :       0.1314  bohr^-1
	  5  2 :       0.1646  bohr^-1
	  5  3 :       0.1980  bohr^-1
	  5  4 :       0.1550  bohr^-1
	  5  5 :       0.2254  bohr^-1
	  5  6 :       0.1682  bohr^-1
	  5  7 :       0.2013  bohr^-1
	  5  8 :       0.1907  bohr^-1
	  5  9 :       0.1304  bohr^-1
	  5 10 :       0.2405  bohr^-1
	  5 11 :       0.1454  bohr^-1
	  5 12 :       0.1931  bohr^-1
	  5 13 :       0.1161  bohr^-1
	  5 14 :       0.1279  bohr^-1
	  6  1 :       0.1314  bohr^-1
	  6  2 :       0.1646  bohr^-1
	  6  3 :       0.1550  bohr^-1
	  6  4 :       0.1980  bohr^-1
	  6  5 :       0.1682  bohr^-1
	  6  6 :       0.2254  bohr^-1
	  6  7 :       0.2013  bohr^-1
	  6  8 :       0.1304  bohr^-1
	  6  9 :       0.1907  bohr^-1
	  6 10 :       0.1454  bohr^-1
	  6 11 :       0.2405  bohr^-1
	  6 12 :       0.1931  bohr^-1
	  6 13 :       0.1279  bohr^-1
	  6 14 :       0.1161  bohr^-1
	  7  1 :       0.1192  bohr^-1
	  7  2 :       0.1532  bohr^-1
	  7  3 :       0.1663  bohr^-1
	  7  4 :       0.1663  bohr^-1
	  7  5 :       0.2013  bohr^-1
	  7  6 :       0.2013  bohr^-1
	  7  7 :       0.2270  bohr^-1
	  7  8 :       0.1442  bohr^-1
	  7  9 :       0.1442  bohr^-1
	  7 10 :       0.1934  bohr^-1
	  7 11 :       0.1934  bohr^-1
	  7 12 :       0.2417  bohr^-1
	  7 13 :       0.1098  bohr^-1
	  7 14 :       0.1098  bohr^-1
	  8  1 :       0.1718  bohr^-1
	  8  2 :       0.1874  bohr^-1
	  8  3 :       0.2323  bohr^-1
	  8  4 :       0.1435  bohr^-1
	  8  5 :       0.1907  bohr^-1
	  8  6 :       0.1304  bohr^-1
	  8  7 :       0.1442  bohr^-1
	  8  8 :       0.2981  bohr^-1
	  8  9 :       0.1213  bohr^-1
	  8 10 :       0.1896  bohr^-1
	  8 11 :       0.1064  bohr^-1
	  8 12 :       0.1216  bohr^-1
	  8 13 :       0.1417  bohr^-1
	  8 14 :       0.1914  bohr^-1
	  9  1 :       0.1718  bohr^-1
	  9  2 :       0.1874  bohr^-1
	  9  3 :       0.1435  bohr^-1
	  9  4 :       0.2323  bohr^-1
	  9  5 :       0.1304  bohr^-1
	  9  6 :       0.1907  bohr^-1
	  9  7 :       0.1442  bohr^-1
	  9  8 :       0.1213  bohr^-1
	  9  9 :       0.2981  bohr^-1
	  9 10 :       0.1064  bohr^-1
	  9 11 :       0.1896  bohr^-1
	  9 12 :       0.1216  bohr^-1
	  9 13 :       0.1914  bohr^-1
	  9 14 :       0.1417  bohr^-1
	 10  1 :       0.1137  bohr^-1
	 10  2 :       0.1438  bohr^-1
	 10  3 :       0.1917  bohr^-1
	 10  4 :       0.1306  bohr^-1
	 10  5 :       0.2405  bohr^-1
	 10  6 :       0.1454  bohr^-1
	 10  7 :       0.1934  bohr^-1
	 10  8 :       0.1896  bohr^-1
	 10  9 :       0.1064  bohr^-1
	 10 10 :       0.3126  bohr^-1
	 10 11 :       0.1220  bohr^-1
	 10 12 :       0.1901  bohr^-1
	 10 13 :       0.0981  bohr^-1
	 10 14 :       0.1124  bohr^-1
	 11  1 :       0.1137  bohr^-1
	 11  2 :       0.1438  bohr^-1
	 11  3 :       0.1306  bohr^-1
	 11  4 :       0.1917  bohr^-1
	 11  5 :       0.1454  bohr^-1
	 11  6 :       0.2405  bohr^-1
	 11  7 :       0.1934  bohr^-1
	 11  8 :       0.1064  bohr^-1
	 11  9 :       0.1896  bohr^-1
	 11 10 :       0.1220  bohr^-1
	 11 11 :       0.3126  bohr^-1
	 11 12 :       0.1901  bohr^-1
	 11 13 :       0.1124  bohr^-1
	 11 14 :       0.0981  bohr^-1
	 12  1 :       0.0993  bohr^-1
	 12  2 :       0.1294  bohr^-1
	 12  3 :       0.1443  bohr^-1
	 12  4 :       0.1443  bohr^-1
	 12  5 :       0.1931  bohr^-1
	 12  6 :       0.1931  bohr^-1
	 12  7 :       0.2417  bohr^-1
	 12  8 :       0.1216  bohr^-1
	 12  9 :       0.1216  bohr^-1
	 12 10 :       0.1901  bohr^-1
	 12 11 :       0.1901  bohr^-1
	 12 12 :       0.3141  bohr^-1
	 12 13 :       0.0912  bohr^-1
	 12 14 :       0.0912  bohr^-1
	 13  1 :       0.2487  bohr^-1
	 13  2 :       0.1942  bohr^-1
	 13  3 :       0.1479  bohr^-1
	 13  4 :       0.1725  bohr^-1
	 13  5 :       0.1161  bohr^-1
	 13  6 :       0.1279  bohr^-1
	 13  7 :       0.1098  bohr^-1
	 13  8 :       0.1417  bohr^-1
	 13  9 :       0.1914  bohr^-1
	 13 10 :       0.0981  bohr^-1
	 13 11 :       0.1124  bohr^-1
	 13 12 :       0.0912  bohr^-1
	 13 13 :       0.3108  bohr^-1
	 13 14 :       0.2362  bohr^-1
	 14  1 :       0.2487  bohr^-1
	 14  2 :       0.1942  bohr^-1
	 14  3 :       0.1725  bohr^-1
	 14  4 :       0.1479  bohr^-1
	 14  5 :       0.1279  bohr^-1
	 14  6 :       0.1161  bohr^-1
	 14  7 :       0.1098  bohr^-1
	 14  8 :       0.1914  bohr^-1
	 14  9 :       0.1417  bohr^-1
	 14 10 :       0.1124  bohr^-1
	 14 11 :       0.0981  bohr^-1
	 14 12 :       0.0912  bohr^-1
	 14 13 :       0.2362  bohr^-1
	 14 14 :       0.3108  bohr^-1


	*Molecular contr. to CDS energy:       0.0000  kcal/mol
	*Total CDS energy:       2.9539  kcal/mol
	*MP2::Polarization Free Energy (au)      : -0.0089933229 
	*MP2::Polarization Free Energy (kcal/mol):      -5.6434 
	*MP2::CDS Free Energy (au)      : 0.0047073235 
	*MP2::CDS Free Energy (kcal/mol):       2.9539 
	*MP2::Total Solvation Free Energy (au)      : -0.0042859993 
	*MP2::Total Solvation Free Energy (kcal/mol):      -2.6895 
	GB-MP2 Total Energy (a.u.)         :  -286.71955488101554

	*Total GB-MP2 Energy: -286.71526888167318


 Cpu time for MacroQC :       2.0535 minutes
 Wall time for MacroQC:       0.8031 minutes


 ******************************************************************************************
	 MacroQC terminates normally:) 
 ****************************************************************************************** 

