 ==========================================================================================
 =========                __  ___                         ____  ______            =========
 ======                  /  |/  /___ _______________     / __ \/ ____/               ======
 ====                   / /|_/ / __ `/ ___/ ___/ __ \   / / / / /                      ====
 ===                   / /  / / /_/ / /__/ /  / /_/ /  / /_/ / /___                     ===
 ==                   /_/  /_/\__,_/\___/_/   \____/   \___\_\____/                      ==
 ===                                                                1.0.4                ===
 =====     An electronic structure theory software for large-scale applications       =====
 ======                                 See license.txt for license info             ======
 =========                                                                        =========
 ==========================================================================================
                                                                                           
                           * * * * * * * * * * * * * * * * * * * *                        
                           *            Developed by             *                        
                           *             U. Bozkaya              *                        
                           *                                     *                        
                           *       With contributions from:      *                        
                           *         B. Ermis, Y. Alagoz,        *                        
                           *         A. Unal, and A. K. Uyar     *                        
                           *         Git Version: deab493        *                        
                           *       Latest Revision: 2026-03-23   *                        
                           * * * * * * * * * * * * * * * * * * * *                        


 Run date: Wed Mar 25 11:32:11 2026
 
 Hostname: ub27 

 ## MacroQC input file ##
 ******************************************************************************************
$set_molecule
0 1
N      -0.0000097528     1.0323755629     0.2328236025
C       0.0000105936    -1.0789350011     0.0719332383
C      -1.0537855154     0.0396923824    -0.0904734599
C       1.0537842000     0.0397118893    -0.0904734571
H       0.0000155369    -1.5063332946     1.0724624863
H       0.0000171681    -1.8798429944    -0.6636239951
H      -1.4293933874     0.1020266263    -1.1184750705
H      -1.9037303264     0.0412676708     0.5937352920
H       1.9037305069     0.0413066645     0.5937343857
H       1.4293925939     0.1020504148    -1.1184754050
H      -0.0000194913     1.8700803486    -0.3350408388
$end_molecule


$set_globals
   basis cc-pvdz
  method mp2
  reference rhf
  jobtype energy
  memory 30000
$end_globals


$set_scf
  e_convergence 1.0e-8
  d_convergence 1.0e-6
  guess sad
  solvation true
$end_scf


$set_solvation
  cds_type smd
  radius_type smd
  solvent_params mn21
  dielectric_params mn21 #sm8
  sasa_type numeric
  solvent water
  num_ang_points 100
  charge_type iao_mulliken #iao_lowdin, mulliken, lowdin
  coulomb_radii smd
$end_solvation

$set_dfocc
solvation true
$end_dfocc

 ******************************************************************************************


	-Geometry before Center-of-Mass shift (ang): 
	 Number     Atom               X                    Y                       Z  
	 ---------------------------------------------------------------------------------------
           1     N            -0.0000097528          1.0323755629           0.2328236025  
           2     C             0.0000105936         -1.0789350011           0.0719332383  
           3     C            -1.0537855154          0.0396923824          -0.0904734599  
           4     C             1.0537842000          0.0397118893          -0.0904734571  
           5     H             0.0000155369         -1.5063332946           1.0724624863  
           6     H             0.0000171681         -1.8798429944          -0.6636239951  
           7     H            -1.4293933874          0.1020266263          -1.1184750705  
           8     H            -1.9037303264          0.0412676708           0.5937352920  
           9     H             1.9037305069          0.0413066645           0.5937343857  
          10     H             1.4293925939          0.1020504148          -1.1184754050  
          11     H            -0.0000194913          1.8700803486          -0.3350408388  



	-Geometry after Center-of-Mass shift (ang): 
	 Atom               X                    Y                       Z  
	 -------------------------------------------------------------------
     N          -0.0000095332          1.0109412175           0.2158449728  
     C           0.0000108132         -1.1003693465           0.0549546086  
     C          -1.0537852958          0.0182580370          -0.1074520896  
     C           1.0537844196          0.0182775439          -0.1074520868  
     H           0.0000157565         -1.5277676400           1.0554838566  
     H           0.0000173877         -1.9012773398          -0.6806026248  
     H          -1.4293931678          0.0805922809          -1.1354537002  
     H          -1.9037301068          0.0198333254           0.5767566623  
     H           1.9037307265          0.0198723191           0.5767557560  
     H           1.4293928135          0.0806160694          -1.1354540347  
     H          -0.0000192717          1.8486460032          -0.3520194685  


	-Geometry after Center-of-Mass shift (bohr): 
	 Atom               X                    Y                       Z  
	 -------------------------------------------------------------------
     N          -0.0000180151          1.9104020300           0.4078878841  
     C           0.0000204340         -2.0793967017           0.1038491596  
     C          -1.9913656040          0.0345026895          -0.2030550210  
     C           1.9913639484          0.0345395522          -0.2030550157  
     H           0.0000297755         -2.8870624229           1.9945754188  
     H           0.0000328580         -3.5928934608          -1.2861525612  
     H          -2.7011616127          0.1522973387          -2.1456965215  
     H          -3.5975285186          0.0374795532           1.0899121328  
     H           3.5975296898          0.0375532406           1.0899104201  
     H           2.7011609433          0.1523422925          -2.1456971536  
     H          -0.0000364182          3.4934346490          -0.6652203863  


    Rotational Constants: A =     0.38327  B =     0.38095  C =      0.22060 [cm^-1] 
    Rotor Type: SYMMETRIC 

	-Nuclear Dipole Moment: (e a0)  
	 X:  0.00001   Y:  -1.29616   Z:  -1.02672   Total:  1.65354 

	-Nuclear Dipole Moment: (D)  
	 X:  0.00003   Y:  -3.29451   Z:  -2.60966   Total:  4.20287 


    Nuclear repulsion energy (V_NN)              : 128.703673829442 
   =====================================================
   Charge                : 0 
   Multiplicity          : 1 
   Number of Atoms       : 11 
   Number of Ghost Atoms : 0 
   Number of Electrons   : 32 
   Number of alpha occupied orbitals (NoccA)  : 16 
   Number of beta occupied orbitals (NoccB)   : 16 
   Number of singly occupied orbitals (Nsocc) : 0 
   Number of doubly occupied orbitals (Ndocc) : 16 
   =====================================================



  ## GLOBALS Options ##

  | TYPE         | KEY                      | INPUT? | VALUE              | DEFAULT            
  |--------------|--------------------------|--------|--------------------|--------------------
  | BOOL         | ERI_DISK                 | NO     | FALSE              | FALSE              
  | BOOL         | FREEZE_CORE              | NO     | TRUE               | TRUE               
  | BOOL         | MOL_FRAG                 | NO     | FALSE              | FALSE              
  | BOOL         | NOCOM                    | NO     | FALSE              | FALSE              
  | BOOL         | NOREORIENT               | NO     | TRUE               | TRUE               
  | BOOL         | PUREAM                   | NO     | TRUE               | TRUE               
  | BOOL         | ML                       | NO     | FALSE              | FALSE              
  | BOOL         | READ_PDB                 | NO     | FALSE              | FALSE              
  | BOOL         | TEST_MODE                | NO     | FALSE              | FALSE              
  | INT          | DERIVE_LEVEL             | NO     | 0                  | 0                  
  | INT          | FINDIF_POINTS            | NO     | 3                  | 3                  
  | INT          | MEMORY                   | YES    | 30000              | 2000               
  | INT          | NUM_THREADS              | NO     | 1                  | 1                  
  | INT          | NUM_FROZEN_DOCC          | NO     | 0                  | 0                  
  | INT          | NUM_FROZEN_VIR           | NO     | 0                  | 0                  
  | INT          | PRINT_LEVEL              | NO     | 0                  | 0                  
  | STRING       | AUX_BASIS_CORR           | NO     | CC-PVDZ-RI         | CC-PVDZ-RI         
  | STRING       | AUX_BASIS_SCF            | NO     | CC-PVDZ-JKFIT      | CC-PVDZ-JKFIT      
  | STRING       | BASIS                    | YES    | CC-PVDZ            | CC-PVDZ            
  | STRING       | BASIS2                   | NO     | MINAO              | MINAO              
  | STRING       | DERIVE_TYPE              | NO     | ANALYTIC           | ANALYTIC           
  | STRING       | FINDIF_METHOD            | NO     | GRAD               | GRAD               
  | STRING       | GEOM_UNITS               | NO     | ANG                | ANG                
  | STRING       | JOBTYPE                  | YES    | ENERGY             | ENERGY             
  | STRING       | METHOD                   | YES    | MP2                | SCF                
  | STRING       | REFERENCE                | YES    | RHF                | RHF                
  | STRING       | OUTFILE_MODE             | NO     | NEW                | NEW                
  | DOUBLE       | STEP_BOHR                | NO     | 0.05               | 0.05               
  | STR_ARRAY    | MOLECULE_GEOM_FROM       | NO     | [input]            | [input]            
  | DOUBLE_ARRAY | ELECTRIC_STRENGTH        | NO     | [0.001;0.001;0.001]| [0.001;0.001;0.001]
  | STRING       | ELECTRIC_FIELD           | NO     | NONE               | NONE               
  | STRING       | ALIGN_TWO_ATOMS          | NO     | NONE               | NONE               
  | INT_ARRAY    | TWO_ATOMS                | NO     | [0]                | [0]                



  ## INTS Options ##

  | TYPE         | KEY                      | INPUT? | VALUE              | DEFAULT            
  |--------------|--------------------------|--------|--------------------|--------------------
  | DOUBLE       | BOYS_CUTOFF              | NO     | 1e-15              | 1e-15              
  | DOUBLE       | BOYS_ZERO                | NO     | 1e-06              | 1e-06              
  | DOUBLE       | DELTA_X                  | NO     | 0.1                | 0.1                
  | DOUBLE       | INTEGRAL_CUTOFF          | NO     | 1e-10              | 1e-10              
  | DOUBLE       | X_MAX                    | NO     | 30.0               | 30.0               
  | INT          | BOYS_MAXITER             | NO     | 10000              | 10000              
  | INT          | MAX_AM                   | NO     | 7                  | 7                  
  | INT          | MAX_AM_AUX               | NO     | 7                  | 7                  
  | INT          | PRINT_LEVEL              | NO     | 0                  | 0                  
  | INT          | TAYLOR_ORDER             | NO     | 6                  | 6                  
  | STRING       | 3INDEX_ALGORITHM         | NO     | AUTO               | AUTO               
  | STRING       | BOYS_METHOD              | NO     | GHP                | GHP                
  | STRING       | ERI_ALGORITHM            | NO     | MD4                | MD4                


	Initializing Liboeprop (by U. Bozkaya) ...

	*=================================================================*
	*                  SCF                                            *
	*   Developed by U. Bozkaya & Y. Alagoz                           *
	*   Latest revision Feb 16, 2021                                  *
	*=================================================================*



  ## SCF Options ##

  | TYPE         | KEY                      | INPUT? | VALUE              | DEFAULT            
  |--------------|--------------------------|--------|--------------------|--------------------
  | BOOL         | DIIS_DAMP                | NO     | FALSE              | FALSE              
  | BOOL         | DIE_IF_NOT_CONVERGED     | NO     | TRUE               | TRUE               
  | BOOL         | DO_DF                    | NO     | TRUE               | TRUE               
  | BOOL         | DIIS                     | NO     | TRUE               | TRUE               
  | BOOL         | FOCK_DAMP                | NO     | FALSE              | FALSE              
  | BOOL         | GUESS_MIX                | NO     | FALSE              | FALSE              
  | BOOL         | GUESS_PREVIOUS           | NO     | FALSE              | FALSE              
  | BOOL         | LOCAL                    | NO     | FALSE              | FALSE              
  | BOOL         | RETRY                    | NO     | TRUE               | TRUE               
  | DOUBLE       | CUTOFF                   | NO     | 1e-10              | 1e-10              
  | DOUBLE       | D_CONVERGENCE            | YES    | 1e-06              | 1e-06              
  | DOUBLE       | DAMP_PARAM               | NO     | 0.02               | 0.02               
  | DOUBLE       | E_CONVERGENCE            | YES    | 1e-08              | 1e-08              
  | DOUBLE       | FOCK_DAMP_PERC           | NO     | 20.0               | 20.0               
  | DOUBLE       | MIN_OVERLAP_EIGVAL       | NO     | 1e-06              | 1e-06              
  | DOUBLE       | LOCAL_CONVERGENCE        | NO     | 1e-08              | 1e-08              
  | DOUBLE       | QC_GUESS_E_CONVERGENCE   | NO     | 0.0001             | 0.0001             
  | DOUBLE       | QC_GUESS_D_CONVERGENCE   | NO     | 0.005              | 0.005              
  | INT          | MAX_DIIS                 | NO     | 6                  | 6                  
  | INT          | MIN_DIIS                 | NO     | 2                  | 2                  
  | INT          | PRINT_LEVEL              | NO     | 0                  | 0                  
  | INT          | SCF_MAXITER              | NO     | 50                 | 50                 
  | INT          | LOCAL_MAXITER            | NO     | 50                 | 50                 
  | STRING       | DIIS_ALGORITHM           | NO     | DISK               | DISK               
  | STRING       | GUESS                    | YES    | SAD                | SAD                
  | BOOL         | MO_WRITE                 | NO     | FALSE              | FALSE              
  | BOOL         | FOCK_WRITE               | NO     | FALSE              | FALSE              
  | STRING       | ORTH_TYPE                | NO     | CANONICAL          | CANONICAL          
  | STRING       | ROHF_CANONIC_TYPE        | NO     | GUEST              | GUEST              
  | STRING       | ERI                      | NO     | INCORE             | INCORE             
  | STRING       | SCF_ALGORITHM            | NO     | ROOTHAAN           | ROOTHAAN           
  | STRING       | LOCAL_TYPE               | NO     | BOYS               | BOYS               
  | BOOL         | SAD_FRAC_OCC             | NO     | TRUE               | TRUE               
  | BOOL         | SAD_SPIN_AVERAGE         | NO     | TRUE               | TRUE               
  | DOUBLE       | SAD_E_CONVERGENCE        | NO     | 1e-05              | 1e-05              
  | DOUBLE       | SAD_D_CONVERGENCE        | NO     | 1e-05              | 1e-05              
  | INT          | SAD_MAXITER              | NO     | 50                 | 50                 
  | BOOL         | NIE                      | NO     | FALSE              | FALSE              
  | BOOL         | SAD_DIIS                 | NO     | TRUE               | TRUE               
  | INT          | SAD_MAX_DIIS             | NO     | 6                  | 6                  
  | INT          | SAD_MIN_DIIS             | NO     | 2                  | 2                  
  | INT          | SAD_PRINT                | NO     | 0                  | 0                  
  | STRING       | SAD_AUX_BASIS            | NO     | SAD-FIT            | SAD-FIT            
  | DOUBLE       | SAD_CHOLESKY_TOLERANCE   | NO     | 1e-07              | 1e-07              
  | BOOL         | SOLVATION                | YES    | TRUE               | FALSE              
  | BOOL         | BYPASS                   | NO     | FALSE              | FALSE              
  | STRING       | IAO_TYPE                 | NO     | STANDARD2013       | STANDARD2013       
  | BOOL         | USE_IAOS                 | NO     | FALSE              | FALSE              

	Initializing libdiis ...
	Initializing libmolint 1.1 ...
 CC-PVDZ primary basis set file will be read for the N atom...
 CC-PVDZ primary basis set file will be read for the C atom...
 CC-PVDZ primary basis set file will be read for the H atom...
 Nmaxthread: 20 
 Nshell: 45 
 Lmax:  2 
 Npmax:  8 
 Nao: 91 
 Ndocc: 16 
 Nsocc:  0 
 NoccA: 16 
 NoccB: 16 
 Primary basis set info has been read.

 CC-PVDZ-JKFIT aux basis set file will be read for the N atom...
 CC-PVDZ-JKFIT aux basis set file will be read for the C atom...
 CC-PVDZ-JKFIT aux basis set file will be read for the H atom...
 Nshell_aux: 159 
 Naux: 441 
 Aux basis set info has been read.

 orth_type: CANONICAL 
 Cpu time for S ints :       0.0300 s
 Wall time for S ints:       0.0313 s

 Using canonical orthogonalization. 
 Minimum eigenvalue in the overlap matrix is:   3.4183E-03 

 Cpu time for T ints :       0.1500 s
 Wall time for T ints:       0.0367 s
 Cpu time for V ints :       0.8000 s
 Wall time for V ints:       0.2406 s
 Cpu time for Metric ints :       0.6900 s
 Wall time for Metric ints:       0.1758 s
 3-Index Algorithm: AUTO 

 Calling fortran integrals: ringing... 
 Done with fintegrals.

 Cpu time for 3-index ints :       2.5700 s
 Wall time for 3-index ints:       0.6821 s
 Cpu time for df-factors :       0.3200 s
 Wall time for df-factors:       0.0831 s


 Puream (True=1, False=0) : 1
 Number of AO             : 91
 Number of MO             : 91
 Number of Aux Functions  : 441
 Charge                   : 0
 Multiplicity             : 1
 Alpha OCC                : 16
 Beta OCC                 : 16
 Nuclear Repulsion Energy : 128.70367383
 Energy Treshold          : 1.0e-08
 Density Treshold         : 1.0e-06
 Iteration Limit          : 50
 Guess                    : SAD
 Guess Mix                : false
 Diis                     : true
 Diis Damping             : false
 Diis Damp Parameter      : 0.02
 Diis Algorithm           : DISK
 Cutoff Treshold          : 1.0e-10
 Density Fitting          : true
 Reference                : RHF
 Die If Not Converged     : true
 Print Level              : 0
 ERI Algorithm            : INCORE
 SCF Algorithm            : ROOTHAAN




  ## SOLVATION Options ##

  | TYPE         | KEY                      | INPUT? | VALUE              | DEFAULT            
  |--------------|--------------------------|--------|--------------------|--------------------
  | INT          | NUM_Z_POINTS             | NO     | 90                 | 90                 
  | INT          | NUM_ANG_POINTS           | YES    | 100                | 100                
  | STRING       | SASA_TYPE                | YES    | NUMERIC            | NUMERIC            
  | STRING       | CHARGE_TYPE              | YES    | IAO_MULLIKEN       | IAO_MULLIKEN       
  | STRING       | CDS_TYPE                 | YES    | SMD                | SMD                
  | STRING       | SOLVENT                  | YES    | WATER              | WATER              
  | STRING       | SOLVENT_PARAMS           | YES    | MN21               | SM8                
  | STRING       | DIELECTRIC_PARAMS        | YES    | MN21               | MN21               
  | STRING       | COULOMB_RADII            | YES    | SMD                | SMD                
  | DOUBLE       | COVALENT_VW_CONST        | NO     | 0.76               | 0.76               
  | DOUBLE       | SOLVENT_RADIUS           | NO     | 0.4                | 0.4                
  | STRING       | RADIUS_TYPE              | YES    | SMD                | SMD                
  | DOUBLE       | GB_DIJ                   | NO     | 3.7                | 3.7                
  | DOUBLE       | GB_SIJ                   | NO     | 0.75               | 0.75               
  | DOUBLE       | GB_CIJ                   | NO     | 0.0                | 0.0                
  | DOUBLE       | F_PWSASA                 | NO     | 0.4535             | 0.4535             
  | DOUBLE       | SCALE_VDW                | NO     | 1.0                | 1.0                
  | DOUBLE       | SCALE_CR                 | NO     | 1.0                | 1.0                



 Sasa Type                  : NUMERIC 
 Charge Type                : IAO_MULLIKEN 
 CDS Type                   : SMD 
 Radius Type                : SMD 
 Solvent                    : WATER 
 Solvent Parameters         : MN21 
 Dielectric Parameters      : MN21 
 Coulomb Radii Parameters   : SMD 
 GB d_ij parameter          : 3.7000000000 
 GB S_ij parameter          : 0.7500000000 
 GB C_ij parameter          : 0.0000000000 
 Sclae_vdw parameter        : 1.0000000000 
 Number of z-points         : 90 
 Number of angular points   : 100 
 Number of SASA grid points : 17902 
 Solvent Dielectric Constant: 78.3553000000 

 VDW Radii:
	  1 N :       1.5500  ang
	  2 C :       1.7000  ang
	  3 C :       1.7000  ang
	  4 C :       1.7000  ang
	  5 H :       1.2000  ang
	  6 H :       1.2000  ang
	  7 H :       1.2000  ang
	  8 H :       1.2000  ang
	  9 H :       1.2000  ang
	 10 H :       1.2000  ang
	 11 H :       1.2000  ang

	 Computing SASA... 

 Atomic SASA values:
	  1 N :      10.1776  ang^2
	  2 C :       7.1416  ang^2
	  3 C :       7.4604  ang^2
	  4 C :       7.4604  ang^2
	  5 H :      12.7695  ang^2
	  6 H :      12.9690  ang^2
	  7 H :      12.9240  ang^2
	  8 H :      13.0265  ang^2
	  9 H :      13.0283  ang^2
	 10 H :      12.9240  ang^2
	 11 H :      13.8207  ang^2

	*Total SASA (angs^2): 123.7019726383 


 Coulomb Radii:
	  1 N :       1.8900  ang
	  2 C :       1.8500  ang
	  3 C :       1.8500  ang
	  4 C :       1.8500  ang
	  5 H :       1.2000  ang
	  6 H :       1.2000  ang
	  7 H :       1.2000  ang
	  8 H :       1.2000  ang
	  9 H :       1.2000  ang
	 10 H :       1.2000  ang
	 11 H :       1.2000  ang
 Solvent Alpha                       : 1.1700000000 

 ## Effective Born Radius (bohr) ##
   0   4.2743438861 
   1   4.2135212322 
   2   4.1912770085 
   3   4.1912772874 
   4   3.3532430347 
   5   3.2493823551 
   6   3.3756836307 
   7   3.2537487911 
   8   3.2537477071 
   9   3.3756821177 
  10   3.2604815267 

 Effective Born Radii:
	  1 N :       2.2619  ang
	  2 C :       2.2297  ang
	  3 C :       2.2179  ang
	  4 C :       2.2179  ang
	  5 H :       1.7745  ang
	  6 H :       1.7195  ang
	  7 H :       1.7863  ang
	  8 H :       1.7218  ang
	  9 H :       1.7218  ang
	 10 H :       1.7863  ang
	 11 H :       1.7254  ang


 Coulomb Integrals:
	  1  1 :       0.2340  bohr^-1
	  1  2 :       0.1820  bohr^-1
	  1  3 :       0.2051  bohr^-1
	  1  4 :       0.2051  bohr^-1
	  1  5 :       0.1705  bohr^-1
	  1  6 :       0.1572  bohr^-1
	  1  7 :       0.1910  bohr^-1
	  1  8 :       0.1927  bohr^-1
	  1  9 :       0.1927  bohr^-1
	  1 10 :       0.1910  bohr^-1
	  1 11 :       0.2451  bohr^-1
	  2  1 :       0.1820  bohr^-1
	  2  2 :       0.2373  bohr^-1
	  2  3 :       0.2040  bohr^-1
	  2  4 :       0.2040  bohr^-1
	  2  5 :       0.2407  bohr^-1
	  2  6 :       0.2438  bohr^-1
	  2  7 :       0.1905  bohr^-1
	  2  8 :       0.1892  bohr^-1
	  2  9 :       0.1892  bohr^-1
	  2 10 :       0.1905  bohr^-1
	  2 11 :       0.1601  bohr^-1
	  3  1 :       0.2051  bohr^-1
	  3  2 :       0.2040  bohr^-1
	  3  3 :       0.2386  bohr^-1
	  3  4 :       0.1837  bohr^-1
	  3  5 :       0.1910  bohr^-1
	  3  6 :       0.1898  bohr^-1
	  3  7 :       0.2402  bohr^-1
	  3  8 :       0.2441  bohr^-1
	  3  9 :       0.1581  bohr^-1
	  3 10 :       0.1704  bohr^-1
	  3 11 :       0.1958  bohr^-1
	  4  1 :       0.2051  bohr^-1
	  4  2 :       0.2040  bohr^-1
	  4  3 :       0.1837  bohr^-1
	  4  4 :       0.2386  bohr^-1
	  4  5 :       0.1910  bohr^-1
	  4  6 :       0.1898  bohr^-1
	  4  7 :       0.1704  bohr^-1
	  4  8 :       0.1581  bohr^-1
	  4  9 :       0.2441  bohr^-1
	  4 10 :       0.2402  bohr^-1
	  4 11 :       0.1958  bohr^-1
	  5  1 :       0.1705  bohr^-1
	  5  2 :       0.2407  bohr^-1
	  5  3 :       0.1910  bohr^-1
	  5  4 :       0.1910  bohr^-1
	  5  5 :       0.2982  bohr^-1
	  5  6 :       0.2264  bohr^-1
	  5  7 :       0.1607  bohr^-1
	  5  8 :       0.1870  bohr^-1
	  5  9 :       0.1870  bohr^-1
	  5 10 :       0.1607  bohr^-1
	  5 11 :       0.1398  bohr^-1
	  6  1 :       0.1572  bohr^-1
	  6  2 :       0.2438  bohr^-1
	  6  3 :       0.1898  bohr^-1
	  6  4 :       0.1898  bohr^-1
	  6  5 :       0.2264  bohr^-1
	  6  6 :       0.3078  bohr^-1
	  6  7 :       0.1875  bohr^-1
	  6  8 :       0.1656  bohr^-1
	  6  9 :       0.1656  bohr^-1
	  6 10 :       0.1875  bohr^-1
	  6 11 :       0.1367  bohr^-1
	  7  1 :       0.1910  bohr^-1
	  7  2 :       0.1905  bohr^-1
	  7  3 :       0.2402  bohr^-1
	  7  4 :       0.1704  bohr^-1
	  7  5 :       0.1607  bohr^-1
	  7  6 :       0.1875  bohr^-1
	  7  7 :       0.2962  bohr^-1
	  7  8 :       0.2258  bohr^-1
	  7  9 :       0.1369  bohr^-1
	  7 10 :       0.1693  bohr^-1
	  7 11 :       0.1915  bohr^-1
	  8  1 :       0.1927  bohr^-1
	  8  2 :       0.1892  bohr^-1
	  8  3 :       0.2441  bohr^-1
	  8  4 :       0.1581  bohr^-1
	  8  5 :       0.1870  bohr^-1
	  8  6 :       0.1656  bohr^-1
	  8  7 :       0.2258  bohr^-1
	  8  8 :       0.3073  bohr^-1
	  8  9 :       0.1353  bohr^-1
	  8 10 :       0.1369  bohr^-1
	  8 11 :       0.1736  bohr^-1
	  9  1 :       0.1927  bohr^-1
	  9  2 :       0.1892  bohr^-1
	  9  3 :       0.1581  bohr^-1
	  9  4 :       0.2441  bohr^-1
	  9  5 :       0.1870  bohr^-1
	  9  6 :       0.1656  bohr^-1
	  9  7 :       0.1369  bohr^-1
	  9  8 :       0.1353  bohr^-1
	  9  9 :       0.3073  bohr^-1
	  9 10 :       0.2258  bohr^-1
	  9 11 :       0.1736  bohr^-1
	 10  1 :       0.1910  bohr^-1
	 10  2 :       0.1905  bohr^-1
	 10  3 :       0.1704  bohr^-1
	 10  4 :       0.2402  bohr^-1
	 10  5 :       0.1607  bohr^-1
	 10  6 :       0.1875  bohr^-1
	 10  7 :       0.1693  bohr^-1
	 10  8 :       0.1369  bohr^-1
	 10  9 :       0.2258  bohr^-1
	 10 10 :       0.2962  bohr^-1
	 10 11 :       0.1915  bohr^-1
	 11  1 :       0.2451  bohr^-1
	 11  2 :       0.1601  bohr^-1
	 11  3 :       0.1958  bohr^-1
	 11  4 :       0.1958  bohr^-1
	 11  5 :       0.1398  bohr^-1
	 11  6 :       0.1367  bohr^-1
	 11  7 :       0.1915  bohr^-1
	 11  8 :       0.1736  bohr^-1
	 11  9 :       0.1736  bohr^-1
	 11 10 :       0.1915  bohr^-1
	 11 11 :       0.3067  bohr^-1
    ===> SCF Iteration Started <===

     Iter. |                   Energy |       Delta E |          Drms |
    -------|--------------------------|---------------|---------------|
         1 |      -171.71261119726387 |    -1.717e+02 |     1.607e-02 |
         2 |      -171.99728811689789 |    -2.847e-01 |     3.136e-03 | DIIS
         3 |      -172.07440931701581 |    -7.712e-02 |     1.264e-03 | DIIS
         4 |      -172.09149425140276 |    -1.708e-02 |     4.324e-04 | DIIS
         5 |      -172.09253912121227 |    -1.045e-03 |     8.519e-05 | DIIS
         6 |      -172.09255270786338 |    -1.359e-05 |     2.895e-05 | DIIS
         7 |      -172.09255269831129 |     9.552e-09 |     7.586e-06 | DIIS
         8 |      -172.09255235865021 |     3.397e-07 |     2.971e-06 | DIIS
         9 |      -172.09255212304998 |     2.356e-07 |     6.789e-07 | DIIS
        10 |      -172.09255210221545 |     2.083e-08 |     4.454e-07 | DIIS
        11 |      -172.09255211011134 |    -7.896e-09 |     8.961e-08 | DIIS


	-Alpha Occupied Orbital Energies (au):  
	 1: -15.5139424771 	 2: -11.2278049565 	 3: -11.2273341615 	 4: -11.2034027066 	 5: -1.2016382704 
	 6: -0.9463023954 	 7: -0.8861459579 	 8: -0.7411506362 	 9: -0.6628933325 	10: -0.6276221263 
	11: -0.5267134904 	12: -0.5036945017 	13: -0.4935388434 	14: -0.4446656944 	15: -0.4292550632 
	16: -0.3444980445 
	-Alpha Virtual Orbital Energies (au):  
	17: 0.1949637516 	18: 0.2217430742 	19: 0.2398540102 	20: 0.2423387346 	21: 0.2777782588 
	22: 0.2943892596 	23: 0.3200025806 	24: 0.3377509738 	25: 0.3595698759 	26: 0.4314567797 
	27: 0.4689933646 	28: 0.5946014962 	29: 0.6209870219 	30: 0.6348668362 	31: 0.6882851291 
	32: 0.7547324744 	33: 0.7887921552 	34: 0.8068291901 	35: 0.8269601280 	36: 0.8645088130 
	37: 0.8765527351 	38: 0.8900002373 	39: 0.9135766664 	40: 0.9189033287 	41: 0.9238353393 
	42: 0.9324770844 	43: 0.9608908324 	44: 1.0569844185 	45: 1.0825470980 	46: 1.1004754310 
	47: 1.1753648755 	48: 1.2051093793 	49: 1.4014129111 	50: 1.4337288273 	51: 1.4508793500 
	52: 1.4665379834 	53: 1.5183618382 	54: 1.6683558526 	55: 1.7106795650 	56: 1.7290221657 
	57: 1.7301329174 	58: 1.8130404191 	59: 1.8175416971 	60: 1.8614464828 	61: 1.8851923953 
	62: 1.9002051799 	63: 1.9128903983 	64: 1.9707918911 	65: 1.9923143114 	66: 1.9945179767 
	67: 2.0078949437 	68: 2.0354284728 	69: 2.0981005195 	70: 2.1606474833 	71: 2.1940534235 
	72: 2.2140979567 	73: 2.2492583721 	74: 2.3128169148 	75: 2.3541447149 	76: 2.4127918243 
	77: 2.4637033356 	78: 2.4809535931 	79: 2.5789289895 	80: 2.6007412443 	81: 2.7126908351 
	82: 2.7661140364 	83: 2.7776862348 	84: 2.8311395183 	85: 2.8540703522 	86: 2.8944445328 
	87: 2.9023038542 	88: 3.0034633324 	89: 3.0073558707 	90: 3.0961806190 	91: 3.4055598430 



	-Mulliken Population Analysis for SCF:
	 1: -0.3714698942 	 2: -0.0954865557 	 3: 0.1236987548 	 4: 0.1123442557 	 5: 0.0372755384 
	 6: 0.0255232554 	 7: 0.0116977087 	 8: 0.0247310425 	 9: 0.0291109208 	10: 0.0161133011 
	11: 0.0864616725 

	-Lowdin Population Analysis for SCF:  
	 1: -0.0507932457 	 2: -0.0247078957 	 3: 0.0058811721 	 4: 0.0024988660 	 5: 0.0192511755 
	 6: 0.0101661096 	 7: 0.0007577388 	 8: 0.0060120663 	 9: 0.0075284983 	10: 0.0023025248 
	11: 0.0211029899 

	-Electronic Dipole Moment: (e a0)  
	 X:  0.00513   Y:  1.12925   Z:  0.53942   Total:  1.25149 

	-Electronic Dipole Moment: (D)  
	 X:  0.01305   Y:  2.87028   Z:  1.37108   Total:  3.18096 

	-Total Dipole Moment: (e a0)  
	 X:  0.00515   Y:  -0.16691   Z:  -0.48730   Total:  0.51511 

	-Total Dipole Moment: (D)  
	 X:  0.01309   Y:  -0.42423   Z:  -1.23858   Total:  1.30929 



	Initializing Liboeprop (by U. Bozkaya) ...


	-Mulliken Population Analysis for SCF-IAO:
	 1: -0.4589338411 	 2: -0.2300700114 	 3: -0.0931822146 	 4: -0.0993479406 	 5: 0.1223551946 
	 6: 0.1148156732 	 7: 0.0923624918 	 8: 0.1132973325 	 9: 0.1158481149 	10: 0.0949404966 
	11: 0.2280284292 

	-Lowdin Population Analysis for SCF-IAO:  
	 1: -0.4589338411 	 2: -0.2300700114 	 3: -0.0931822146 	 4: -0.0993479406 	 5: 0.1223551946 
	 6: 0.1148156732 	 7: 0.0923624918 	 8: 0.1132973325 	 9: 0.1158481149 	10: 0.0949404966 
	11: 0.2280284292 

	Initializing Liblocal (by U. Bozkaya) ...
  ==> Pipek-Mezey Localizer <==

    Convergence =   1.000E-08
    Maxiter     =          50

    Iteration                   Metric       Residual
    PM    0   1.0458974601885958E+01              -
    PM    1   1.8252462426719941E+01   7.451484E-01
    PM    2   2.0583907230659140E+01   1.277332E-01
    PM    3   2.0663479986084216E+01   3.865775E-03
    PM    4   2.0664293289897152E+01   3.935948E-05
    PM    5   2.0664305379209395E+01   5.850339E-07
    PM    6   2.0664305648028542E+01   1.300886E-08
    PM    7   2.0664305654528743E+01   3.145618E-10

    PM Localizer converged.



	*Molecular contr. to CDS energy:       0.0000  kcal/mol
	*Total CDS energy:      -0.9299  kcal/mol
	*SCF::Polarization Free Energy (au)      : -0.0027555098 
	*SCF::Polarization Free Energy (kcal/mol):      -1.7291 
	*SCF::CDS Free Energy (au)      : -0.0014819414 
	*SCF::CDS Free Energy (kcal/mol):      -0.9299 
	*SCF::Total Solvation Free Energy (au)      : -0.0042374512 
	*SCF::Total Solvation Free Energy (kcal/mol):      -2.6590 
 CC-PVDZ primary basis set file will be read for the N atom...
 CC-PVDZ primary basis set file will be read for the C atom...
 CC-PVDZ primary basis set file will be read for the H atom...
 Nmaxthread: 20 
 Nshell: 45 
 Lmax:  2 
 Npmax:  8 
 Nao: 91 
 Ndocc: 16 
 Nsocc:  0 
 NoccA: 16 
 NoccB: 16 
 Primary basis set info has been read.

 CC-PVDZ-JKFIT aux basis set file will be read for the N atom...
 CC-PVDZ-JKFIT aux basis set file will be read for the C atom...
 CC-PVDZ-JKFIT aux basis set file will be read for the H atom...
 Nshell_aux: 159 
 Naux: 441 
 Aux basis set info has been read.


	*Total SCF Energy: -172.09255211011134

 Cpu time for SCF :       1.1472 minutes
 Wall time for SCF:       0.4799 minutes


	MO spaces... 

	 FC   OCC   VIR   FV 
	----------------------
	  4   12    75    0


	Libtrans is initialized (by U. Bozkaya) ...

 ============================================================================== 
 ============================================================================== 
 ============================================================================== 

                       DF-MP2   
              Program Written by Ugur Bozkaya
              Latest Revision May 2, 2021

 ============================================================================== 
 ============================================================================== 
 ============================================================================== 

	For this residual convergence, default PCG convergence is:     1.00e-07
    Warning: "PCG_CONVERGENCE" option is changed to     1.00e-07


  ## DFOCC Options ##

  | TYPE         | KEY                      | INPUT? | VALUE              | DEFAULT            
  |--------------|--------------------------|--------|--------------------|--------------------
  | BOOL         | EOM                      | NO     | FALSE              | FALSE              
  | BOOL         | EOM_MP2                  | NO     | FALSE              | FALSE              
  | BOOL         | EOM_MP3                  | NO     | FALSE              | FALSE              
  | BOOL         | EOM_MP2_5                | NO     | FALSE              | FALSE              
  | BOOL         | EOM_LCCD                 | NO     | FALSE              | FALSE              
  | BOOL         | LOW_MEM_MP2              | NO     | FALSE              | FALSE              
  | BOOL         | LOW_MEM_MP3              | NO     | FALSE              | FALSE              
  | BOOL         | CD_PRESCREEN             | NO     | FALSE              | FALSE              
  | DOUBLE       | CIS_E_CONV               | NO     | 1e-06              | 1e-06              
  | DOUBLE       | CIS_R_CONV               | NO     | 1e-06              | 1e-06              
  | DOUBLE       | CIS_RES_PRECONDITION_TOL | NO     | 0.0001             | 0.0001             
  | DOUBLE       | DAVIDSON_TOLERANCE       | NO     | 1e-06              | 1e-06              
  | DOUBLE       | E3_SCALE                 | NO     | 0.25               | 0.25               
  | DOUBLE       | E_CONVERGENCE            | NO     | 1e-06              | 1e-06              
  | DOUBLE       | JK_MEMORY                | NO     | 1000000000.0       | 1000000000.0       
  | DOUBLE       | LEVEL_SHIFT              | NO     | 0.02               | 0.02               
  | DOUBLE       | MAX_MOGRAD_CONVERGENCE   | NO     | 0.001              | 0.001              
  | DOUBLE       | MO_STEP_MAX              | NO     | 0.5                | 0.5                
  | DOUBLE       | MP2_OS_SCALE             | NO     | 1.2                | 1.2                
  | DOUBLE       | MP2_SOS_SCALE            | NO     | 1.3                | 1.3                
  | DOUBLE       | MP2_SOS_SCALE2           | NO     | 1.2                | 1.2                
  | DOUBLE       | MP2_SS_SCALE             | NO     | 0.3333333333333333 | 0.3333333333333333 
  | DOUBLE       | OCC_PERCENTAGE           | NO     | 99.0               | 99.0               
  | DOUBLE       | OCC_TOLERANCE            | NO     | 1e-05              | 1e-05              
  | DOUBLE       | OO_SCALE                 | NO     | 0.01               | 0.01               
  | DOUBLE       | PCG_CONVERGENCE          | NO     | 1e-06              | 1e-06              
  | DOUBLE       | R_CONVERGENCE            | NO     | 1e-05              | 1e-05              
  | DOUBLE       | REG_PARAM                | NO     | 0.4                | 0.4                
  | DOUBLE       | KAPPA_REG_PARAM          | NO     | 1.1                | 1.1                
  | DOUBLE       | RMS_MOGRAD_CONVERGENCE   | NO     | 1e-06              | 1e-06              
  | DOUBLE       | SCG_TOLERANCE            | NO     | 1e-06              | 1e-06              
  | DOUBLE       | SCHMIDT_ADD_RES_TOL      | NO     | 0.001              | 0.001              
  | INT          | ACTIVE_NAT_ORBS          | NO     | 2                  | 2                  
  | INT          | CC_DIIS_MAX_VECS         | NO     | 6                  | 6                  
  | INT          | CC_DIIS_MIN_VECS         | NO     | 2                  | 2                  
  | INT          | CC_MAXITER               | NO     | 50                 | 50                 
  | INT          | CUTOFF                   | NO     | 8                  | 8                  
  | INT          | EXCITATION_RANGE         | NO     | 2                  | 2                  
  | INT          | FOLLOW_ROOT              | NO     | 1                  | 1                  
  | INT          | INTEGRAL_CUTOFF          | NO     | 9                  | 9                  
  | INT          | MAX_VECS                 | NO     | 50                 | 50                 
  | INT          | MO_DIIS_NUM_VECS         | NO     | 6                  | 6                  
  | INT          | MO_MAXITER               | NO     | 50                 | 50                 
  | INT          | NUM_ROOTS                | NO     | 4                  | 4                  
  | INT          | PCG_MAXITER              | NO     | 50                 | 50                 
  | INT          | PRINT_LEVEL              | NO     | 0                  | 0                  
  | INT          | VECS_PER_ROOT            | NO     | 1                  | 1                  
  | STRING       | CC_LAMBDA                | NO     | FALSE              | FALSE              
  | STRING       | CHOLESKY                 | NO     | FALSE              | FALSE              
  | STRING       | CIS_ALGORITHM            | NO     | MO_BASIS           | MO_BASIS           
  | STRING       | CIS_GUESS_COEFF          | NO     | MIX                | MIX                
  | STRING       | COMPUT_S2                | NO     | FALSE              | FALSE              
  | STRING       | DIAG_METHOD              | NO     | DAVIDSON           | DAVIDSON           
  | STRING       | DO_DIIS                  | NO     | TRUE               | TRUE               
  | STRING       | DO_LEVEL_SHIFT           | NO     | TRUE               | TRUE               
  | STRING       | DO_SCS                   | NO     | FALSE              | FALSE              
  | STRING       | DO_SOS                   | NO     | FALSE              | FALSE              
  | STRING       | EKT_IP                   | NO     | FALSE              | FALSE              
  | STRING       | FREEZE_CORE              | NO     | TRUE               | TRUE               
  | STRING       | HESS_TYPE                | NO     | HF                 | HF                 
  | STRING       | JK_TYPE                  | NO     | DIRECT             | DIRECT             
  | STRING       | LINEQ_SOLVER             | NO     | CDGESV             | CDGESV             
  | STRING       | MO_READ                  | NO     | FALSE              | FALSE              
  | STRING       | MO_WRITE                 | NO     | FALSE              | FALSE              
  | STRING       | MP2_AMP_TYPE             | NO     | DIRECT             | DIRECT             
  | STRING       | NAT_ORBS                 | NO     | FALSE              | FALSE              
  | STRING       | NBO                      | NO     | TRUE               | TRUE               
  | STRING       | OCC_ORBS_PRINT           | NO     | FALSE              | FALSE              
  | STRING       | OEPROP                   | NO     | FALSE              | FALSE              
  | STRING       | OPT_METHOD               | NO     | QNR                | QNR                
  | STRING       | ORB_RESP_SOLVER          | NO     | PCG                | PCG                
  | STRING       | ORTH_TYPE                | NO     | MGS                | MGS                
  | STRING       | PCG_BETA_TYPE            | NO     | FLETCHER_REEVES    | FLETCHER_REEVES    
  | STRING       | PPL_TYPE                 | NO     | AUTO               | AUTO               
  | STRING       | PRINT_CI_VECS            | NO     | FALSE              | FALSE              
  | STRING       | QCHF                     | NO     | FALSE              | FALSE              
  | STRING       | READ_SCF_3INDEX          | NO     | TRUE               | TRUE               
  | STRING       | REGULARIZATION           | NO     | FALSE              | FALSE              
  | STRING       | REG_TYPE                 | NO     | NORMAL             | NORMAL             
  | STRING       | SCS_TYPE                 | NO     | SCS                | SCS                
  | STRING       | SOS_TYPE                 | NO     | SOS                | SOS                
  | STRING       | TRIPLES_IABC_TYPE        | NO     | DISK               | DISK               
  | STRING       | UNIT_GUESS_TYPE          | NO     | GEN                | GEN                
  | STRING       | EKT_NEGATIVE_OCC         | NO     | ABS                | ABS                
  | BOOL         | SOLVATION                | YES    | TRUE               | FALSE              

	MO spaces... 

	 FC   OCC   VIR   FV 
	----------------------
	  4   12    75    0
 CC-PVDZ primary basis set file will be read for the N atom...
 CC-PVDZ primary basis set file will be read for the C atom...
 CC-PVDZ primary basis set file will be read for the H atom...
 Nmaxthread: 20 
 Nshell: 45 
 Lmax:  2 
 Npmax:  8 
 Nao: 91 
 Ndocc: 16 
 Nsocc:  0 
 NoccA: 16 
 NoccB: 16 
 Primary basis set info has been read.

 CC-PVDZ-RI aux basis set file will be read for the N atom...
 CC-PVDZ-RI aux basis set file will be read for the C atom...
 CC-PVDZ-RI aux basis set file will be read for the H atom...
 Nshell_aux: 114 
 Naux: 322 
 Aux basis set info has been read.

 Cpu time for Metric ints :       0.1700 s
 Wall time for Metric ints:       0.0850 s
 3-Index Algorithm: AUTO 

 Calling fortran integrals: ringing... 
 Done with fintegrals.

 Cpu time for 3-index ints :       2.1500 s
 Wall time for 3-index ints:       0.5666 s
 Cpu time for df-factors :       0.1600 s
 Wall time for df-factors:       0.0421 s
 CC-PVDZ primary basis set file will be read for the N atom...
 CC-PVDZ primary basis set file will be read for the C atom...
 CC-PVDZ primary basis set file will be read for the H atom...
 Nmaxthread: 20 
 Nshell: 45 
 Lmax:  2 
 Npmax:  8 
 Nao: 91 
 Ndocc: 16 
 Nsocc:  0 
 NoccA: 16 
 NoccB: 16 
 Primary basis set info has been read.

 CC-PVDZ-JKFIT aux basis set file will be read for the N atom...
 CC-PVDZ-JKFIT aux basis set file will be read for the C atom...
 CC-PVDZ-JKFIT aux basis set file will be read for the H atom...
 Nshell_aux: 159 
 Naux: 441 
 Aux basis set info has been read.

	Reading DF integrals from disk ...
 Cpu time for Metric ints :       0.6200 s
 Wall time for Metric ints:       0.1531 s
	Number of basis functions in the DF-HF basis: 441
	Number of basis functions in the DF-CC basis: 322

	Available memory                      :  30000.00 MB 
	Minimum required memory for amplitudes:     19.44 MB 
	Memory requirement for B-CC (Q|mu nu) :     21.33 MB 
	Memory requirement for B-CC (Q|ab)    :     14.49 MB 
	Memory requirement for DF-CC int trans:     38.91 MB 

	Computing DF-MP2 energy using SCF MOs (Canonical DF-MP2)... 
	======================================================================= 
	Nuclear Repulsion Energy (a.u.)    :   128.70366725407067
	DF-HF Energy (a.u.)                :  -172.09255211011134
	REF Energy (a.u.)                  :  -172.09255211011134
	DF-MP2 Correlation Energy (a.u.)   :    -0.59399004118282
	DF-MP2 Total Energy (a.u.)         :  -172.68654215129416
	======================================================================= 

	*Total MP2 Energy: -172.68654215129416

	Computing unrelaxed response density matrices...
	Number of independent-pairs: 1200
	Computing the generalized Fock matrix (GFM)...
	Computing the orbital gradient...
	Forming effective orbital gradient...
	Solving orbital Z-vector equations...

	            PCG Solver 
	   ------------------------------ 
	Iter     RMS Z Vector        RMS Residual  
	----    ---------------    ---------------
	  1         1.48e-03         6.85e-04
	  2         4.07e-04         2.06e-04
	  3         6.80e-05         5.84e-05
	  4         3.53e-05         1.64e-05
	  5         6.09e-06         3.43e-06
	  6         1.69e-06         8.69e-07
	  7         3.21e-07         2.41e-07
	  8         9.41e-08         5.55e-08

	Computing the relaxed PDMs and GFM...
	Compute solv. is starting ...

	Initializing Liboeprop (by U. Bozkaya) ...


	-Mulliken Population Analysis for MP2-IAO:
	 1: -0.2441233514 	 2: -0.1124460394 	 3: 0.0057168102 	 4: -0.0003982872 	 5: 0.0804938842 
	 6: 0.0706585921 	 7: 0.0412182669 	 8: 0.0610131282 	 9: 0.0635778897 	10: 0.0437878806 
	11: 0.1647331791 

	-Lowdin Population Analysis for MP2-IAO:  
	 1: -0.2441233514 	 2: -0.1124460394 	 3: 0.0057168102 	 4: -0.0003982872 	 5: 0.0804938842 
	 6: 0.0706585921 	 7: 0.0412182669 	 8: 0.0610131282 	 9: 0.0635778897 	10: 0.0437878806 
	11: 0.1647331791 


  ## SOLVATION Options ##

  | TYPE         | KEY                      | INPUT? | VALUE              | DEFAULT            
  |--------------|--------------------------|--------|--------------------|--------------------
  | INT          | NUM_Z_POINTS             | NO     | 90                 | 90                 
  | INT          | NUM_ANG_POINTS           | YES    | 100                | 100                
  | STRING       | SASA_TYPE                | YES    | NUMERIC            | NUMERIC            
  | STRING       | CHARGE_TYPE              | YES    | IAO_MULLIKEN       | IAO_MULLIKEN       
  | STRING       | CDS_TYPE                 | YES    | SMD                | SMD                
  | STRING       | SOLVENT                  | YES    | WATER              | WATER              
  | STRING       | SOLVENT_PARAMS           | YES    | MN21               | SM8                
  | STRING       | DIELECTRIC_PARAMS        | YES    | MN21               | MN21               
  | STRING       | COULOMB_RADII            | YES    | SMD                | SMD                
  | DOUBLE       | COVALENT_VW_CONST        | NO     | 0.76               | 0.76               
  | DOUBLE       | SOLVENT_RADIUS           | NO     | 0.4                | 0.4                
  | STRING       | RADIUS_TYPE              | YES    | SMD                | SMD                
  | DOUBLE       | GB_DIJ                   | NO     | 3.7                | 3.7                
  | DOUBLE       | GB_SIJ                   | NO     | 0.75               | 0.75               
  | DOUBLE       | GB_CIJ                   | NO     | 0.0                | 0.0                
  | DOUBLE       | F_PWSASA                 | NO     | 0.4535             | 0.4535             
  | DOUBLE       | SCALE_VDW                | NO     | 1.0                | 1.0                
  | DOUBLE       | SCALE_CR                 | NO     | 1.0                | 1.0                



 Sasa Type                  : NUMERIC 
 Charge Type                : IAO_MULLIKEN 
 CDS Type                   : SMD 
 Radius Type                : SMD 
 Solvent                    : WATER 
 Solvent Parameters         : MN21 
 Dielectric Parameters      : MN21 
 Coulomb Radii Parameters   : SMD 
 GB d_ij parameter          : 3.7000000000 
 GB S_ij parameter          : 0.7500000000 
 GB C_ij parameter          : 0.0000000000 
 Sclae_vdw parameter        : 1.0000000000 
 Number of z-points         : 90 
 Number of angular points   : 100 
 Number of SASA grid points : 17902 
 Solvent Dielectric Constant: 78.3553000000 

 VDW Radii:
	  1 N :       1.5500  ang
	  2 C :       1.7000  ang
	  3 C :       1.7000  ang
	  4 C :       1.7000  ang
	  5 H :       1.2000  ang
	  6 H :       1.2000  ang
	  7 H :       1.2000  ang
	  8 H :       1.2000  ang
	  9 H :       1.2000  ang
	 10 H :       1.2000  ang
	 11 H :       1.2000  ang

	 Computing SASA... 

 Atomic SASA values:
	  1 N :      10.1776  ang^2
	  2 C :       7.1416  ang^2
	  3 C :       7.4604  ang^2
	  4 C :       7.4604  ang^2
	  5 H :      12.7695  ang^2
	  6 H :      12.9690  ang^2
	  7 H :      12.9240  ang^2
	  8 H :      13.0265  ang^2
	  9 H :      13.0283  ang^2
	 10 H :      12.9240  ang^2
	 11 H :      13.8207  ang^2

	*Total SASA (angs^2): 123.7019726383 


 Coulomb Radii:
	  1 N :       1.8900  ang
	  2 C :       1.8500  ang
	  3 C :       1.8500  ang
	  4 C :       1.8500  ang
	  5 H :       1.2000  ang
	  6 H :       1.2000  ang
	  7 H :       1.2000  ang
	  8 H :       1.2000  ang
	  9 H :       1.2000  ang
	 10 H :       1.2000  ang
	 11 H :       1.2000  ang
 Solvent Alpha                       : 1.1700000000 

 ## Effective Born Radius (bohr) ##
   0   4.2743438861 
   1   4.2135212322 
   2   4.1912770085 
   3   4.1912772874 
   4   3.3532430347 
   5   3.2493823551 
   6   3.3756836307 
   7   3.2537487911 
   8   3.2537477071 
   9   3.3756821177 
  10   3.2604815267 

 Effective Born Radii:
	  1 N :       2.2619  ang
	  2 C :       2.2297  ang
	  3 C :       2.2179  ang
	  4 C :       2.2179  ang
	  5 H :       1.7745  ang
	  6 H :       1.7195  ang
	  7 H :       1.7863  ang
	  8 H :       1.7218  ang
	  9 H :       1.7218  ang
	 10 H :       1.7863  ang
	 11 H :       1.7254  ang


 Coulomb Integrals:
	  1  1 :       0.2340  bohr^-1
	  1  2 :       0.1820  bohr^-1
	  1  3 :       0.2051  bohr^-1
	  1  4 :       0.2051  bohr^-1
	  1  5 :       0.1705  bohr^-1
	  1  6 :       0.1572  bohr^-1
	  1  7 :       0.1910  bohr^-1
	  1  8 :       0.1927  bohr^-1
	  1  9 :       0.1927  bohr^-1
	  1 10 :       0.1910  bohr^-1
	  1 11 :       0.2451  bohr^-1
	  2  1 :       0.1820  bohr^-1
	  2  2 :       0.2373  bohr^-1
	  2  3 :       0.2040  bohr^-1
	  2  4 :       0.2040  bohr^-1
	  2  5 :       0.2407  bohr^-1
	  2  6 :       0.2438  bohr^-1
	  2  7 :       0.1905  bohr^-1
	  2  8 :       0.1892  bohr^-1
	  2  9 :       0.1892  bohr^-1
	  2 10 :       0.1905  bohr^-1
	  2 11 :       0.1601  bohr^-1
	  3  1 :       0.2051  bohr^-1
	  3  2 :       0.2040  bohr^-1
	  3  3 :       0.2386  bohr^-1
	  3  4 :       0.1837  bohr^-1
	  3  5 :       0.1910  bohr^-1
	  3  6 :       0.1898  bohr^-1
	  3  7 :       0.2402  bohr^-1
	  3  8 :       0.2441  bohr^-1
	  3  9 :       0.1581  bohr^-1
	  3 10 :       0.1704  bohr^-1
	  3 11 :       0.1958  bohr^-1
	  4  1 :       0.2051  bohr^-1
	  4  2 :       0.2040  bohr^-1
	  4  3 :       0.1837  bohr^-1
	  4  4 :       0.2386  bohr^-1
	  4  5 :       0.1910  bohr^-1
	  4  6 :       0.1898  bohr^-1
	  4  7 :       0.1704  bohr^-1
	  4  8 :       0.1581  bohr^-1
	  4  9 :       0.2441  bohr^-1
	  4 10 :       0.2402  bohr^-1
	  4 11 :       0.1958  bohr^-1
	  5  1 :       0.1705  bohr^-1
	  5  2 :       0.2407  bohr^-1
	  5  3 :       0.1910  bohr^-1
	  5  4 :       0.1910  bohr^-1
	  5  5 :       0.2982  bohr^-1
	  5  6 :       0.2264  bohr^-1
	  5  7 :       0.1607  bohr^-1
	  5  8 :       0.1870  bohr^-1
	  5  9 :       0.1870  bohr^-1
	  5 10 :       0.1607  bohr^-1
	  5 11 :       0.1398  bohr^-1
	  6  1 :       0.1572  bohr^-1
	  6  2 :       0.2438  bohr^-1
	  6  3 :       0.1898  bohr^-1
	  6  4 :       0.1898  bohr^-1
	  6  5 :       0.2264  bohr^-1
	  6  6 :       0.3078  bohr^-1
	  6  7 :       0.1875  bohr^-1
	  6  8 :       0.1656  bohr^-1
	  6  9 :       0.1656  bohr^-1
	  6 10 :       0.1875  bohr^-1
	  6 11 :       0.1367  bohr^-1
	  7  1 :       0.1910  bohr^-1
	  7  2 :       0.1905  bohr^-1
	  7  3 :       0.2402  bohr^-1
	  7  4 :       0.1704  bohr^-1
	  7  5 :       0.1607  bohr^-1
	  7  6 :       0.1875  bohr^-1
	  7  7 :       0.2962  bohr^-1
	  7  8 :       0.2258  bohr^-1
	  7  9 :       0.1369  bohr^-1
	  7 10 :       0.1693  bohr^-1
	  7 11 :       0.1915  bohr^-1
	  8  1 :       0.1927  bohr^-1
	  8  2 :       0.1892  bohr^-1
	  8  3 :       0.2441  bohr^-1
	  8  4 :       0.1581  bohr^-1
	  8  5 :       0.1870  bohr^-1
	  8  6 :       0.1656  bohr^-1
	  8  7 :       0.2258  bohr^-1
	  8  8 :       0.3073  bohr^-1
	  8  9 :       0.1353  bohr^-1
	  8 10 :       0.1369  bohr^-1
	  8 11 :       0.1736  bohr^-1
	  9  1 :       0.1927  bohr^-1
	  9  2 :       0.1892  bohr^-1
	  9  3 :       0.1581  bohr^-1
	  9  4 :       0.2441  bohr^-1
	  9  5 :       0.1870  bohr^-1
	  9  6 :       0.1656  bohr^-1
	  9  7 :       0.1369  bohr^-1
	  9  8 :       0.1353  bohr^-1
	  9  9 :       0.3073  bohr^-1
	  9 10 :       0.2258  bohr^-1
	  9 11 :       0.1736  bohr^-1
	 10  1 :       0.1910  bohr^-1
	 10  2 :       0.1905  bohr^-1
	 10  3 :       0.1704  bohr^-1
	 10  4 :       0.2402  bohr^-1
	 10  5 :       0.1607  bohr^-1
	 10  6 :       0.1875  bohr^-1
	 10  7 :       0.1693  bohr^-1
	 10  8 :       0.1369  bohr^-1
	 10  9 :       0.2258  bohr^-1
	 10 10 :       0.2962  bohr^-1
	 10 11 :       0.1915  bohr^-1
	 11  1 :       0.2451  bohr^-1
	 11  2 :       0.1601  bohr^-1
	 11  3 :       0.1958  bohr^-1
	 11  4 :       0.1958  bohr^-1
	 11  5 :       0.1398  bohr^-1
	 11  6 :       0.1367  bohr^-1
	 11  7 :       0.1915  bohr^-1
	 11  8 :       0.1736  bohr^-1
	 11  9 :       0.1736  bohr^-1
	 11 10 :       0.1915  bohr^-1
	 11 11 :       0.3067  bohr^-1


	*Molecular contr. to CDS energy:       0.0000  kcal/mol
	*Total CDS energy:      -0.9299  kcal/mol
	*MP2::Polarization Free Energy (au)      : -0.0032070899 
	*MP2::Polarization Free Energy (kcal/mol):      -2.0125 
	*MP2::CDS Free Energy (au)      : -0.0014819414 
	*MP2::CDS Free Energy (kcal/mol):      -0.9299 
	*MP2::Total Solvation Free Energy (au)      : -0.0046890313 
	*MP2::Total Solvation Free Energy (kcal/mol):      -2.9424 
	GB-MP2 Total Energy (a.u.)         :  -172.69123118257855

	*Total GB-MP2 Energy: -172.68654215129416


 Cpu time for MacroQC :       1.4315 minutes
 Wall time for MacroQC:       0.6032 minutes


 ******************************************************************************************
	 MacroQC terminates normally:) 
 ****************************************************************************************** 

