 ==========================================================================================
 =========                __  ___                         ____  ______            =========
 ======                  /  |/  /___ _______________     / __ \/ ____/               ======
 ====                   / /|_/ / __ `/ ___/ ___/ __ \   / / / / /                      ====
 ===                   / /  / / /_/ / /__/ /  / /_/ /  / /_/ / /___                     ===
 ==                   /_/  /_/\__,_/\___/_/   \____/   \___\_\____/                      ==
 ===                                                                1.0.4                ===
 =====     An electronic structure theory software for large-scale applications       =====
 ======                                 See license.txt for license info             ======
 =========                                                                        =========
 ==========================================================================================
                                                                                           
                           * * * * * * * * * * * * * * * * * * * *                        
                           *            Developed by             *                        
                           *             U. Bozkaya              *                        
                           *                                     *                        
                           *       With contributions from:      *                        
                           *         B. Ermis, Y. Alagoz,        *                        
                           *         A. Unal, and A. K. Uyar     *                        
                           *         Git Version: deab493        *                        
                           *       Latest Revision: 2026-03-23   *                        
                           * * * * * * * * * * * * * * * * * * * *                        


 Run date: Wed Mar 25 11:56:11 2026
 
 Hostname: ub17 

 ## MacroQC input file ##
 ******************************************************************************************
$set_molecule
0 1
O       2.2785808477    -1.1887207178    -0.2788554849
N       2.4165475135     1.0125474233     0.2172816915
C       0.2185607665    -0.0223167188    -0.0145722154
C      -0.4599228960     1.1913393600    -0.1406755632
C      -0.5151676257    -1.2018670105     0.1138706528
C      -1.8487851919     1.2242926093    -0.1250409692
C      -1.9013572856    -1.1677479017     0.1386750144
C      -2.5712695594     0.0459780601     0.0204484040
C       1.7153422271    -0.1367553887    -0.0337665810
H       0.0873079765     2.1131197926    -0.2875381139
H       0.0244151470    -2.1349051758     0.1901609819
H      -2.3659594951     2.1680901805    -0.2347103764
H      -2.4612580874    -2.0871267912     0.2461975059
H      -3.6527728070     0.0728581406     0.0347831913
H       1.9864958535     1.7835674659     0.6949581395
H       3.4128894267     0.9087921085     0.3123882553
$end_molecule


$set_globals
   basis cc-pvdz
  method mp2
  reference rhf
  jobtype energy
  memory 30000
$end_globals


$set_scf
  e_convergence 1.0e-8
  d_convergence 1.0e-6
  guess sad
  solvation true
$end_scf


$set_solvation
  cds_type smd
  radius_type smd
  solvent_params mn21
  dielectric_params mn21 #sm8
  sasa_type numeric
  solvent water
  num_ang_points 100
  charge_type iao_mulliken #iao_lowdin, mulliken, lowdin
  coulomb_radii smd
$end_solvation

$set_dfocc
solvation true
$end_dfocc

 ******************************************************************************************


	-Geometry before Center-of-Mass shift (ang): 
	 Number     Atom               X                    Y                       Z  
	 ---------------------------------------------------------------------------------------
           1     O             2.2785808477         -1.1887207178          -0.2788554849  
           2     N             2.4165475135          1.0125474233           0.2172816915  
           3     C             0.2185607665         -0.0223167188          -0.0145722154  
           4     C            -0.4599228960          1.1913393600          -0.1406755632  
           5     C            -0.5151676257         -1.2018670105           0.1138706528  
           6     C            -1.8487851919          1.2242926093          -0.1250409692  
           7     C            -1.9013572856         -1.1677479017           0.1386750144  
           8     C            -2.5712695594          0.0459780601           0.0204484040  
           9     C             1.7153422271         -0.1367553887          -0.0337665810  
          10     H             0.0873079765          2.1131197926          -0.2875381139  
          11     H             0.0244151470         -2.1349051758           0.1901609819  
          12     H            -2.3659594951          2.1680901805          -0.2347103764  
          13     H            -2.4612580874         -2.0871267912           0.2461975059  
          14     H            -3.6527728070          0.0728581406           0.0347831913  
          15     H             1.9864958535          1.7835674659           0.6949581395  
          16     H             3.4128894267          0.9087921085           0.3123882553  



	-Geometry after Center-of-Mass shift (ang): 
	 Atom               X                    Y                       Z  
	 -------------------------------------------------------------------
     O           2.2542815973         -1.1656470021          -0.2710351681  
     N           2.3922482631          1.0356211390           0.2251020083  
     C           0.1942615161          0.0007569969          -0.0067518986  
     C          -0.4842221464          1.2144130757          -0.1328552464  
     C          -0.5394668761         -1.1787932948           0.1216909696  
     C          -1.8730844423          1.2473663250          -0.1172206524  
     C          -1.9256565360         -1.1446741860           0.1464953312  
     C          -2.5955688098          0.0690517758           0.0282687208  
     C           1.6910429767         -0.1136816730          -0.0259462642  
     H           0.0630087261          2.1361935083          -0.2797177971  
     H           0.0001158966         -2.1118314601           0.1979812987  
     H          -2.3902587455          2.1911638962          -0.2268900596  
     H          -2.4855573378         -2.0640530755           0.2540178227  
     H          -3.6770720574          0.0959318563           0.0426035081  
     H           1.9621966031          1.8066411816           0.7027784563  
     H           3.3885901763          0.9318658242           0.3202085721  


	-Geometry after Center-of-Mass shift (bohr): 
	 Atom               X                    Y                       Z  
	 -------------------------------------------------------------------
     O           4.2599748286         -2.2027535929          -0.5121822380  
     N           4.5206940414          1.9570403225           0.4253811461  
     C           0.3671010622          0.0014305169          -0.0127592391  
     C          -0.9150472405          2.2949081163          -0.2510600299  
     C          -1.0194446495         -2.2275964856           0.2299626046  
     C          -3.5396166058          2.3571807324          -0.2215149292  
     C          -3.6389634647         -2.1631207144           0.2768360547  
     C          -4.9049141903          0.1304889448           0.0534201403  
     C           3.1956080924         -0.2148272274          -0.0490313332  
     H           0.1190692359          4.0368206817          -0.5285900288  
     H           0.0002190129         -3.9907830827           0.3741304326  
     H          -4.5169343979          4.1406996599          -0.4287600731  
     H          -4.6970226375         -3.9004950210           0.4800241160  
     H          -6.9486591320          0.1812849352           0.0805089624  
     H           3.7080141842          3.4140570403           1.3280588094  
     H           6.4035073847          1.7609711935           0.6051065044  


    Rotational Constants: A =     0.12817  B =     0.04065  C =      0.03127 [cm^-1] 
    Rotor Type: SYMMETRIC 

	-Nuclear Dipole Moment: (e a0)  
	 X:  -2.93881   Y:  2.79059   Z:  0.94581   Total:  4.16156 

	-Nuclear Dipole Moment: (D)  
	 X:  -7.46971   Y:  7.09298   Z:  2.40401   Total:  10.57763 


    Nuclear repulsion energy (V_NN)              : 405.413242806705 
   =====================================================
   Charge                : 0 
   Multiplicity          : 1 
   Number of Atoms       : 16 
   Number of Ghost Atoms : 0 
   Number of Electrons   : 64 
   Number of alpha occupied orbitals (NoccA)  : 32 
   Number of beta occupied orbitals (NoccB)   : 32 
   Number of singly occupied orbitals (Nsocc) : 0 
   Number of doubly occupied orbitals (Ndocc) : 32 
   =====================================================



  ## GLOBALS Options ##

  | TYPE         | KEY                      | INPUT? | VALUE              | DEFAULT            
  |--------------|--------------------------|--------|--------------------|--------------------
  | BOOL         | ERI_DISK                 | NO     | FALSE              | FALSE              
  | BOOL         | FREEZE_CORE              | NO     | TRUE               | TRUE               
  | BOOL         | MOL_FRAG                 | NO     | FALSE              | FALSE              
  | BOOL         | NOCOM                    | NO     | FALSE              | FALSE              
  | BOOL         | NOREORIENT               | NO     | TRUE               | TRUE               
  | BOOL         | PUREAM                   | NO     | TRUE               | TRUE               
  | BOOL         | ML                       | NO     | FALSE              | FALSE              
  | BOOL         | READ_PDB                 | NO     | FALSE              | FALSE              
  | BOOL         | TEST_MODE                | NO     | FALSE              | FALSE              
  | INT          | DERIVE_LEVEL             | NO     | 0                  | 0                  
  | INT          | FINDIF_POINTS            | NO     | 3                  | 3                  
  | INT          | MEMORY                   | YES    | 30000              | 2000               
  | INT          | NUM_THREADS              | NO     | 1                  | 1                  
  | INT          | NUM_FROZEN_DOCC          | NO     | 0                  | 0                  
  | INT          | NUM_FROZEN_VIR           | NO     | 0                  | 0                  
  | INT          | PRINT_LEVEL              | NO     | 0                  | 0                  
  | STRING       | AUX_BASIS_CORR           | NO     | CC-PVDZ-RI         | CC-PVDZ-RI         
  | STRING       | AUX_BASIS_SCF            | NO     | CC-PVDZ-JKFIT      | CC-PVDZ-JKFIT      
  | STRING       | BASIS                    | YES    | CC-PVDZ            | CC-PVDZ            
  | STRING       | BASIS2                   | NO     | MINAO              | MINAO              
  | STRING       | DERIVE_TYPE              | NO     | ANALYTIC           | ANALYTIC           
  | STRING       | FINDIF_METHOD            | NO     | GRAD               | GRAD               
  | STRING       | GEOM_UNITS               | NO     | ANG                | ANG                
  | STRING       | JOBTYPE                  | YES    | ENERGY             | ENERGY             
  | STRING       | METHOD                   | YES    | MP2                | SCF                
  | STRING       | REFERENCE                | YES    | RHF                | RHF                
  | STRING       | OUTFILE_MODE             | NO     | NEW                | NEW                
  | DOUBLE       | STEP_BOHR                | NO     | 0.05               | 0.05               
  | STR_ARRAY    | MOLECULE_GEOM_FROM       | NO     | [input]            | [input]            
  | DOUBLE_ARRAY | ELECTRIC_STRENGTH        | NO     | [0.001;0.001;0.001]| [0.001;0.001;0.001]
  | STRING       | ELECTRIC_FIELD           | NO     | NONE               | NONE               
  | STRING       | ALIGN_TWO_ATOMS          | NO     | NONE               | NONE               
  | INT_ARRAY    | TWO_ATOMS                | NO     | [0]                | [0]                



  ## INTS Options ##

  | TYPE         | KEY                      | INPUT? | VALUE              | DEFAULT            
  |--------------|--------------------------|--------|--------------------|--------------------
  | DOUBLE       | BOYS_CUTOFF              | NO     | 1e-15              | 1e-15              
  | DOUBLE       | BOYS_ZERO                | NO     | 1e-06              | 1e-06              
  | DOUBLE       | DELTA_X                  | NO     | 0.1                | 0.1                
  | DOUBLE       | INTEGRAL_CUTOFF          | NO     | 1e-10              | 1e-10              
  | DOUBLE       | X_MAX                    | NO     | 30.0               | 30.0               
  | INT          | BOYS_MAXITER             | NO     | 10000              | 10000              
  | INT          | MAX_AM                   | NO     | 7                  | 7                  
  | INT          | MAX_AM_AUX               | NO     | 7                  | 7                  
  | INT          | PRINT_LEVEL              | NO     | 0                  | 0                  
  | INT          | TAYLOR_ORDER             | NO     | 6                  | 6                  
  | STRING       | 3INDEX_ALGORITHM         | NO     | AUTO               | AUTO               
  | STRING       | BOYS_METHOD              | NO     | GHP                | GHP                
  | STRING       | ERI_ALGORITHM            | NO     | MD4                | MD4                


	Initializing Liboeprop (by U. Bozkaya) ...

	*=================================================================*
	*                  SCF                                            *
	*   Developed by U. Bozkaya & Y. Alagoz                           *
	*   Latest revision Feb 16, 2021                                  *
	*=================================================================*



  ## SCF Options ##

  | TYPE         | KEY                      | INPUT? | VALUE              | DEFAULT            
  |--------------|--------------------------|--------|--------------------|--------------------
  | BOOL         | DIIS_DAMP                | NO     | FALSE              | FALSE              
  | BOOL         | DIE_IF_NOT_CONVERGED     | NO     | TRUE               | TRUE               
  | BOOL         | DO_DF                    | NO     | TRUE               | TRUE               
  | BOOL         | DIIS                     | NO     | TRUE               | TRUE               
  | BOOL         | FOCK_DAMP                | NO     | FALSE              | FALSE              
  | BOOL         | GUESS_MIX                | NO     | FALSE              | FALSE              
  | BOOL         | GUESS_PREVIOUS           | NO     | FALSE              | FALSE              
  | BOOL         | LOCAL                    | NO     | FALSE              | FALSE              
  | BOOL         | RETRY                    | NO     | TRUE               | TRUE               
  | DOUBLE       | CUTOFF                   | NO     | 1e-10              | 1e-10              
  | DOUBLE       | D_CONVERGENCE            | YES    | 1e-06              | 1e-06              
  | DOUBLE       | DAMP_PARAM               | NO     | 0.02               | 0.02               
  | DOUBLE       | E_CONVERGENCE            | YES    | 1e-08              | 1e-08              
  | DOUBLE       | FOCK_DAMP_PERC           | NO     | 20.0               | 20.0               
  | DOUBLE       | MIN_OVERLAP_EIGVAL       | NO     | 1e-06              | 1e-06              
  | DOUBLE       | LOCAL_CONVERGENCE        | NO     | 1e-08              | 1e-08              
  | DOUBLE       | QC_GUESS_E_CONVERGENCE   | NO     | 0.0001             | 0.0001             
  | DOUBLE       | QC_GUESS_D_CONVERGENCE   | NO     | 0.005              | 0.005              
  | INT          | MAX_DIIS                 | NO     | 6                  | 6                  
  | INT          | MIN_DIIS                 | NO     | 2                  | 2                  
  | INT          | PRINT_LEVEL              | NO     | 0                  | 0                  
  | INT          | SCF_MAXITER              | NO     | 50                 | 50                 
  | INT          | LOCAL_MAXITER            | NO     | 50                 | 50                 
  | STRING       | DIIS_ALGORITHM           | NO     | DISK               | DISK               
  | STRING       | GUESS                    | YES    | SAD                | SAD                
  | BOOL         | MO_WRITE                 | NO     | FALSE              | FALSE              
  | BOOL         | FOCK_WRITE               | NO     | FALSE              | FALSE              
  | STRING       | ORTH_TYPE                | NO     | CANONICAL          | CANONICAL          
  | STRING       | ROHF_CANONIC_TYPE        | NO     | GUEST              | GUEST              
  | STRING       | ERI                      | NO     | INCORE             | INCORE             
  | STRING       | SCF_ALGORITHM            | NO     | ROOTHAAN           | ROOTHAAN           
  | STRING       | LOCAL_TYPE               | NO     | BOYS               | BOYS               
  | BOOL         | SAD_FRAC_OCC             | NO     | TRUE               | TRUE               
  | BOOL         | SAD_SPIN_AVERAGE         | NO     | TRUE               | TRUE               
  | DOUBLE       | SAD_E_CONVERGENCE        | NO     | 1e-05              | 1e-05              
  | DOUBLE       | SAD_D_CONVERGENCE        | NO     | 1e-05              | 1e-05              
  | INT          | SAD_MAXITER              | NO     | 50                 | 50                 
  | BOOL         | NIE                      | NO     | FALSE              | FALSE              
  | BOOL         | SAD_DIIS                 | NO     | TRUE               | TRUE               
  | INT          | SAD_MAX_DIIS             | NO     | 6                  | 6                  
  | INT          | SAD_MIN_DIIS             | NO     | 2                  | 2                  
  | INT          | SAD_PRINT                | NO     | 0                  | 0                  
  | STRING       | SAD_AUX_BASIS            | NO     | SAD-FIT            | SAD-FIT            
  | DOUBLE       | SAD_CHOLESKY_TOLERANCE   | NO     | 1e-07              | 1e-07              
  | BOOL         | SOLVATION                | YES    | TRUE               | FALSE              
  | BOOL         | BYPASS                   | NO     | FALSE              | FALSE              
  | STRING       | IAO_TYPE                 | NO     | STANDARD2013       | STANDARD2013       
  | BOOL         | USE_IAOS                 | NO     | FALSE              | FALSE              

	Initializing libdiis ...
	Initializing libmolint 1.1 ...
 CC-PVDZ primary basis set file will be read for the O atom...
 CC-PVDZ primary basis set file will be read for the N atom...
 CC-PVDZ primary basis set file will be read for the C atom...
 CC-PVDZ primary basis set file will be read for the H atom...
 Nmaxthread: 16 
 Nshell: 75 
 Lmax:  2 
 Npmax:  8 
 Nao: 161 
 Ndocc: 32 
 Nsocc:  0 
 NoccA: 32 
 NoccB: 32 
 Primary basis set info has been read.

 CC-PVDZ-JKFIT aux basis set file will be read for the O atom...
 CC-PVDZ-JKFIT aux basis set file will be read for the N atom...
 CC-PVDZ-JKFIT aux basis set file will be read for the C atom...
 CC-PVDZ-JKFIT aux basis set file will be read for the H atom...
 Nshell_aux: 279 
 Naux: 791 
 Aux basis set info has been read.

 orth_type: CANONICAL 
 Cpu time for S ints :       0.0500 s
 Wall time for S ints:       0.0568 s

 Using canonical orthogonalization. 
 Minimum eigenvalue in the overlap matrix is:   3.1027E-04 

 Cpu time for T ints :       0.2400 s
 Wall time for T ints:       0.0615 s
 Cpu time for V ints :       1.1700 s
 Wall time for V ints:       0.5736 s
 Cpu time for Metric ints :       1.7300 s
 Wall time for Metric ints:       0.5460 s
 3-Index Algorithm: AUTO 

 Calling fortran integrals: ringing... 
 Done with fintegrals.

 Cpu time for 3-index ints :       9.3900 s
 Wall time for 3-index ints:       3.3504 s
 Cpu time for df-factors :       2.2400 s
 Wall time for df-factors:       0.6405 s


 Puream (True=1, False=0) : 1
 Number of AO             : 161
 Number of MO             : 161
 Number of Aux Functions  : 791
 Charge                   : 0
 Multiplicity             : 1
 Alpha OCC                : 32
 Beta OCC                 : 32
 Nuclear Repulsion Energy : 405.41324281
 Energy Treshold          : 1.0e-08
 Density Treshold         : 1.0e-06
 Iteration Limit          : 50
 Guess                    : SAD
 Guess Mix                : false
 Diis                     : true
 Diis Damping             : false
 Diis Damp Parameter      : 0.02
 Diis Algorithm           : DISK
 Cutoff Treshold          : 1.0e-10
 Density Fitting          : true
 Reference                : RHF
 Die If Not Converged     : true
 Print Level              : 0
 ERI Algorithm            : INCORE
 SCF Algorithm            : ROOTHAAN




  ## SOLVATION Options ##

  | TYPE         | KEY                      | INPUT? | VALUE              | DEFAULT            
  |--------------|--------------------------|--------|--------------------|--------------------
  | INT          | NUM_Z_POINTS             | NO     | 90                 | 90                 
  | INT          | NUM_ANG_POINTS           | YES    | 100                | 100                
  | STRING       | SASA_TYPE                | YES    | NUMERIC            | NUMERIC            
  | STRING       | CHARGE_TYPE              | YES    | IAO_MULLIKEN       | IAO_MULLIKEN       
  | STRING       | CDS_TYPE                 | YES    | SMD                | SMD                
  | STRING       | SOLVENT                  | YES    | WATER              | WATER              
  | STRING       | SOLVENT_PARAMS           | YES    | MN21               | SM8                
  | STRING       | DIELECTRIC_PARAMS        | YES    | MN21               | MN21               
  | STRING       | COULOMB_RADII            | YES    | SMD                | SMD                
  | DOUBLE       | COVALENT_VW_CONST        | NO     | 0.76               | 0.76               
  | DOUBLE       | SOLVENT_RADIUS           | NO     | 0.4                | 0.4                
  | STRING       | RADIUS_TYPE              | YES    | SMD                | SMD                
  | DOUBLE       | GB_DIJ                   | NO     | 3.7                | 3.7                
  | DOUBLE       | GB_SIJ                   | NO     | 0.75               | 0.75               
  | DOUBLE       | GB_CIJ                   | NO     | 0.0                | 0.0                
  | DOUBLE       | F_PWSASA                 | NO     | 0.4535             | 0.4535             
  | DOUBLE       | SCALE_VDW                | NO     | 1.0                | 1.0                
  | DOUBLE       | SCALE_CR                 | NO     | 1.0                | 1.0                



 Sasa Type                  : NUMERIC 
 Charge Type                : IAO_MULLIKEN 
 CDS Type                   : SMD 
 Radius Type                : SMD 
 Solvent                    : WATER 
 Solvent Parameters         : MN21 
 Dielectric Parameters      : MN21 
 Coulomb Radii Parameters   : SMD 
 GB d_ij parameter          : 3.7000000000 
 GB S_ij parameter          : 0.7500000000 
 GB C_ij parameter          : 0.0000000000 
 Sclae_vdw parameter        : 1.0000000000 
 Number of z-points         : 90 
 Number of angular points   : 100 
 Number of SASA grid points : 17902 
 Solvent Dielectric Constant: 78.3553000000 

 VDW Radii:
	  1 O :       1.5200  ang
	  2 N :       1.5500  ang
	  3 C :       1.7000  ang
	  4 C :       1.7000  ang
	  5 C :       1.7000  ang
	  6 C :       1.7000  ang
	  7 C :       1.7000  ang
	  8 C :       1.7000  ang
	  9 C :       1.7000  ang
	 10 H :       1.2000  ang
	 11 H :       1.2000  ang
	 12 H :       1.2000  ang
	 13 H :       1.2000  ang
	 14 H :       1.2000  ang
	 15 H :       1.2000  ang
	 16 H :       1.2000  ang

	 Computing SASA... 

 Atomic SASA values:
	  1 O :      22.9993  ang^2
	  2 N :       9.6357  ang^2
	  3 C :       5.2966  ang^2
	  4 C :       9.3580  ang^2
	  5 C :       9.8595  ang^2
	  6 C :      10.5777  ang^2
	  7 C :      10.6953  ang^2
	  8 C :      10.7077  ang^2
	  9 C :       7.8691  ang^2
	 10 H :       9.9823  ang^2
	 11 H :      10.5071  ang^2
	 12 H :      13.0336  ang^2
	 13 H :      12.9672  ang^2
	 14 H :      13.0390  ang^2
	 15 H :      10.8179  ang^2
	 16 H :      13.8100  ang^2

	*Total SASA (angs^2): 181.1562064683 


 Coulomb Radii:
	  1 O :       1.5200  ang
	  2 N :       1.8900  ang
	  3 C :       1.8500  ang
	  4 C :       1.8500  ang
	  5 C :       1.8500  ang
	  6 C :       1.8500  ang
	  7 C :       1.8500  ang
	  8 C :       1.8500  ang
	  9 C :       1.8500  ang
	 10 H :       1.2000  ang
	 11 H :       1.2000  ang
	 12 H :       1.2000  ang
	 13 H :       1.2000  ang
	 14 H :       1.2000  ang
	 15 H :       1.2000  ang
	 16 H :       1.2000  ang
 Solvent Alpha                       : 1.1700000000 

 ## Effective Born Radius (bohr) ##
   0   3.7581721312 
   1   4.1939890693 
   2   5.0485027897 
   3   4.7786198194 
   4   4.6865664656 
   5   4.4639589278 
   6   4.4536565917 
   7   4.4244169694 
   8   4.4804803581 
   9   3.5463792727 
  10   3.4298630698 
  11   3.2069097718 
  12   3.2007769845 
  13   3.1921992754 
  14   3.3671555310 
  15   3.1131145112 

 Effective Born Radii:
	  1 O :       1.9887  ang
	  2 N :       2.2194  ang
	  3 C :       2.6716  ang
	  4 C :       2.5287  ang
	  5 C :       2.4800  ang
	  6 C :       2.3622  ang
	  7 C :       2.3568  ang
	  8 C :       2.3413  ang
	  9 C :       2.3710  ang
	 10 H :       1.8767  ang
	 11 H :       1.8150  ang
	 12 H :       1.6970  ang
	 13 H :       1.6938  ang
	 14 H :       1.6892  ang
	 15 H :       1.7818  ang
	 16 H :       1.6474  ang


 Coulomb Integrals:
	  1  1 :       0.2661  bohr^-1
	  1  2 :       0.1833  bohr^-1
	  1  3 :       0.1703  bohr^-1
	  1  4 :       0.1337  bohr^-1
	  1  5 :       0.1585  bohr^-1
	  1  6 :       0.1077  bohr^-1
	  1  7 :       0.1203  bohr^-1
	  1  8 :       0.1033  bohr^-1
	  1  9 :       0.2195  bohr^-1
	  1 10 :       0.1287  bohr^-1
	  1 11 :       0.1819  bohr^-1
	  1 12 :       0.0920  bohr^-1
	  1 13 :       0.1079  bohr^-1
	  1 14 :       0.0869  bohr^-1
	  1 15 :       0.1558  bohr^-1
	  1 16 :       0.1868  bohr^-1
	  2  1 :       0.1833  bohr^-1
	  2  2 :       0.2384  bohr^-1
	  2  3 :       0.1635  bohr^-1
	  2  4 :       0.1517  bohr^-1
	  2  5 :       0.1309  bohr^-1
	  2  6 :       0.1172  bohr^-1
	  2  7 :       0.1059  bohr^-1
	  2  8 :       0.1015  bohr^-1
	  2  9 :       0.2051  bohr^-1
	  2 10 :       0.1712  bohr^-1
	  2 11 :       0.1282  bohr^-1
	  2 12 :       0.1057  bohr^-1
	  2 13 :       0.0911  bohr^-1
	  2 14 :       0.0858  bohr^-1
	  2 15 :       0.2441  bohr^-1
	  2 16 :       0.2521  bohr^-1
	  3  1 :       0.1703  bohr^-1
	  3  2 :       0.1635  bohr^-1
	  3  3 :       0.1981  bohr^-1
	  3  4 :       0.1848  bohr^-1
	  3  5 :       0.1863  bohr^-1
	  3  6 :       0.1614  bohr^-1
	  3  7 :       0.1615  bohr^-1
	  3  8 :       0.1512  bohr^-1
	  3  9 :       0.1870  bohr^-1
	  3 10 :       0.1809  bohr^-1
	  3 11 :       0.1836  bohr^-1
	  3 12 :       0.1424  bohr^-1
	  3 13 :       0.1425  bohr^-1
	  3 14 :       0.1290  bohr^-1
	  3 15 :       0.1664  bohr^-1
	  3 16 :       0.1446  bohr^-1
	  4  1 :       0.1337  bohr^-1
	  4  2 :       0.1517  bohr^-1
	  4  3 :       0.1848  bohr^-1
	  4  4 :       0.2093  bohr^-1
	  4  5 :       0.1619  bohr^-1
	  4  6 :       0.1945  bohr^-1
	  4  7 :       0.1533  bohr^-1
	  4  8 :       0.1646  bohr^-1
	  4  9 :       0.1597  bohr^-1
	  4 10 :       0.2234  bohr^-1
	  4 11 :       0.1427  bohr^-1
	  4 12 :       0.1894  bohr^-1
	  4 13 :       0.1300  bohr^-1
	  4 14 :       0.1438  bohr^-1
	  4 15 :       0.1674  bohr^-1
	  4 16 :       0.1290  bohr^-1
	  5  1 :       0.1585  bohr^-1
	  5  2 :       0.1309  bohr^-1
	  5  3 :       0.1863  bohr^-1
	  5  4 :       0.1619  bohr^-1
	  5  5 :       0.2134  bohr^-1
	  5  6 :       0.1539  bohr^-1
	  5  7 :       0.1963  bohr^-1
	  5  8 :       0.1655  bohr^-1
	  5  9 :       0.1628  bohr^-1
	  5 10 :       0.1419  bohr^-1
	  5 11 :       0.2285  bohr^-1
	  5 12 :       0.1302  bohr^-1
	  5 13 :       0.1905  bohr^-1
	  5 14 :       0.1442  bohr^-1
	  5 15 :       0.1275  bohr^-1
	  5 16 :       0.1154  bohr^-1
	  6  1 :       0.1077  bohr^-1
	  6  2 :       0.1172  bohr^-1
	  6  3 :       0.1614  bohr^-1
	  6  4 :       0.1945  bohr^-1
	  6  5 :       0.1539  bohr^-1
	  6  6 :       0.2240  bohr^-1
	  6  7 :       0.1674  bohr^-1
	  6  8 :       0.2005  bohr^-1
	  6  9 :       0.1271  bohr^-1
	  6 10 :       0.1880  bohr^-1
	  6 11 :       0.1300  bohr^-1
	  6 12 :       0.2397  bohr^-1
	  6 13 :       0.1450  bohr^-1
	  6 14 :       0.1929  bohr^-1
	  6 15 :       0.1275  bohr^-1
	  6 16 :       0.0991  bohr^-1
	  7  1 :       0.1203  bohr^-1
	  7  2 :       0.1059  bohr^-1
	  7  3 :       0.1615  bohr^-1
	  7  4 :       0.1533  bohr^-1
	  7  5 :       0.1963  bohr^-1
	  7  6 :       0.1674  bohr^-1
	  7  7 :       0.2245  bohr^-1
	  7  8 :       0.2007  bohr^-1
	  7  9 :       0.1284  bohr^-1
	  7 10 :       0.1296  bohr^-1
	  7 11 :       0.1890  bohr^-1
	  7 12 :       0.1450  bohr^-1
	  7 13 :       0.2401  bohr^-1
	  7 14 :       0.1929  bohr^-1
	  7 15 :       0.1058  bohr^-1
	  7 16 :       0.0921  bohr^-1
	  8  1 :       0.1033  bohr^-1
	  8  2 :       0.1015  bohr^-1
	  8  3 :       0.1512  bohr^-1
	  8  4 :       0.1646  bohr^-1
	  8  5 :       0.1655  bohr^-1
	  8  6 :       0.2005  bohr^-1
	  8  7 :       0.2007  bohr^-1
	  8  8 :       0.2260  bohr^-1
	  8  9 :       0.1164  bohr^-1
	  8 10 :       0.1434  bohr^-1
	  8 11 :       0.1437  bohr^-1
	  8 12 :       0.1930  bohr^-1
	  8 13 :       0.1931  bohr^-1
	  8 14 :       0.2410  bohr^-1
	  8 15 :       0.1056  bohr^-1
	  8 16 :       0.0871  bohr^-1
	  9  1 :       0.2195  bohr^-1
	  9  2 :       0.2051  bohr^-1
	  9  3 :       0.1870  bohr^-1
	  9  4 :       0.1597  bohr^-1
	  9  5 :       0.1628  bohr^-1
	  9  6 :       0.1271  bohr^-1
	  9  7 :       0.1284  bohr^-1
	  9  8 :       0.1164  bohr^-1
	  9  9 :       0.2232  bohr^-1
	  9 10 :       0.1629  bohr^-1
	  9 11 :       0.1700  bohr^-1
	  9 12 :       0.1105  bohr^-1
	  9 13 :       0.1121  bohr^-1
	  9 14 :       0.0975  bohr^-1
	  9 15 :       0.1932  bohr^-1
	  9 16 :       0.1995  bohr^-1
	 10  1 :       0.1287  bohr^-1
	 10  2 :       0.1712  bohr^-1
	 10  3 :       0.1809  bohr^-1
	 10  4 :       0.2234  bohr^-1
	 10  5 :       0.1419  bohr^-1
	 10  6 :       0.1880  bohr^-1
	 10  7 :       0.1296  bohr^-1
	 10  8 :       0.1434  bohr^-1
	 10  9 :       0.1629  bohr^-1
	 10 10 :       0.2820  bohr^-1
	 10 11 :       0.1212  bohr^-1
	 10 12 :       0.1879  bohr^-1
	 10 13 :       0.1062  bohr^-1
	 10 14 :       0.1216  bohr^-1
	 10 15 :       0.2004  bohr^-1
	 10 16 :       0.1421  bohr^-1
	 11  1 :       0.1819  bohr^-1
	 11  2 :       0.1282  bohr^-1
	 11  3 :       0.1836  bohr^-1
	 11  4 :       0.1427  bohr^-1
	 11  5 :       0.2285  bohr^-1
	 11  6 :       0.1300  bohr^-1
	 11  7 :       0.1890  bohr^-1
	 11  8 :       0.1437  bohr^-1
	 11  9 :       0.1700  bohr^-1
	 11 10 :       0.1212  bohr^-1
	 11 11 :       0.2916  bohr^-1
	 11 12 :       0.1063  bohr^-1
	 11 13 :       0.1875  bohr^-1
	 11 14 :       0.1213  bohr^-1
	 11 15 :       0.1180  bohr^-1
	 11 16 :       0.1149  bohr^-1
	 12  1 :       0.0920  bohr^-1
	 12  2 :       0.1057  bohr^-1
	 12  3 :       0.1424  bohr^-1
	 12  4 :       0.1894  bohr^-1
	 12  5 :       0.1302  bohr^-1
	 12  6 :       0.2397  bohr^-1
	 12  7 :       0.1450  bohr^-1
	 12  8 :       0.1930  bohr^-1
	 12  9 :       0.1105  bohr^-1
	 12 10 :       0.1879  bohr^-1
	 12 11 :       0.1063  bohr^-1
	 12 12 :       0.3118  bohr^-1
	 12 13 :       0.1219  bohr^-1
	 12 14 :       0.1903  bohr^-1
	 12 15 :       0.1170  bohr^-1
	 12 16 :       0.0890  bohr^-1
	 13  1 :       0.1079  bohr^-1
	 13  2 :       0.0911  bohr^-1
	 13  3 :       0.1425  bohr^-1
	 13  4 :       0.1300  bohr^-1
	 13  5 :       0.1905  bohr^-1
	 13  6 :       0.1450  bohr^-1
	 13  7 :       0.2401  bohr^-1
	 13  8 :       0.1931  bohr^-1
	 13  9 :       0.1121  bohr^-1
	 13 10 :       0.1062  bohr^-1
	 13 11 :       0.1875  bohr^-1
	 13 12 :       0.1219  bohr^-1
	 13 13 :       0.3124  bohr^-1
	 13 14 :       0.1903  bohr^-1
	 13 15 :       0.0893  bohr^-1
	 13 16 :       0.0802  bohr^-1
	 14  1 :       0.0869  bohr^-1
	 14  2 :       0.0858  bohr^-1
	 14  3 :       0.1290  bohr^-1
	 14  4 :       0.1438  bohr^-1
	 14  5 :       0.1442  bohr^-1
	 14  6 :       0.1929  bohr^-1
	 14  7 :       0.1929  bohr^-1
	 14  8 :       0.2410  bohr^-1
	 14  9 :       0.0975  bohr^-1
	 14 10 :       0.1216  bohr^-1
	 14 11 :       0.1213  bohr^-1
	 14 12 :       0.1903  bohr^-1
	 14 13 :       0.1903  bohr^-1
	 14 14 :       0.3133  bohr^-1
	 14 15 :       0.0891  bohr^-1
	 14 16 :       0.0743  bohr^-1
	 15  1 :       0.1558  bohr^-1
	 15  2 :       0.2441  bohr^-1
	 15  3 :       0.1664  bohr^-1
	 15  4 :       0.1674  bohr^-1
	 15  5 :       0.1275  bohr^-1
	 15  6 :       0.1275  bohr^-1
	 15  7 :       0.1058  bohr^-1
	 15  8 :       0.1056  bohr^-1
	 15  9 :       0.1932  bohr^-1
	 15 10 :       0.2004  bohr^-1
	 15 11 :       0.1180  bohr^-1
	 15 12 :       0.1170  bohr^-1
	 15 13 :       0.0893  bohr^-1
	 15 14 :       0.0891  bohr^-1
	 15 15 :       0.2970  bohr^-1
	 15 16 :       0.2324  bohr^-1
	 16  1 :       0.1868  bohr^-1
	 16  2 :       0.2521  bohr^-1
	 16  3 :       0.1446  bohr^-1
	 16  4 :       0.1290  bohr^-1
	 16  5 :       0.1154  bohr^-1
	 16  6 :       0.0991  bohr^-1
	 16  7 :       0.0921  bohr^-1
	 16  8 :       0.0871  bohr^-1
	 16  9 :       0.1995  bohr^-1
	 16 10 :       0.1421  bohr^-1
	 16 11 :       0.1149  bohr^-1
	 16 12 :       0.0890  bohr^-1
	 16 13 :       0.0802  bohr^-1
	 16 14 :       0.0743  bohr^-1
	 16 15 :       0.2324  bohr^-1
	 16 16 :       0.3212  bohr^-1
    ===> SCF Iteration Started <===

     Iter. |                   Energy |       Delta E |          Drms |
    -------|--------------------------|---------------|---------------|
         1 |      -397.73430832989652 |    -3.977e+02 |     1.113e-02 |
         2 |      -398.32204184785257 |    -5.877e-01 |     2.468e-03 | DIIS
         3 |      -398.47230985654551 |    -1.503e-01 |     1.235e-03 | DIIS
         4 |      -398.51912364137775 |    -4.681e-02 |     5.535e-04 | DIIS
         5 |      -398.52247772540488 |    -3.354e-03 |     1.491e-04 | DIIS
         6 |      -398.52306803072531 |    -5.903e-04 |     2.361e-05 | DIIS
         7 |      -398.52310826513974 |    -4.023e-05 |     4.392e-05 | DIIS
         8 |      -398.52311495312506 |    -6.688e-06 |     6.644e-06 | DIIS
         9 |      -398.52311684385666 |    -1.891e-06 |     4.459e-06 | DIIS
        10 |      -398.52311708966818 |    -2.458e-07 |     2.590e-06 | DIIS
        11 |      -398.52311711950176 |    -2.983e-08 |     7.232e-07 | DIIS
        12 |      -398.52311726714026 |    -1.476e-07 |     2.263e-07 | DIIS
        13 |      -398.52311729082089 |    -2.368e-08 |     4.919e-08 | DIIS
        14 |      -398.52311733118904 |    -4.037e-08 |     2.908e-08 | DIIS
        15 |      -398.52311735294791 |    -2.176e-08 |     3.070e-08 | DIIS
        16 |      -398.52311736061688 |    -7.669e-09 |     1.485e-08 | DIIS


	-Alpha Occupied Orbital Energies (au):  
	 1: -20.4965845550 	 2: -15.5623024095 	 3: -11.3343843910 	 4: -11.2344359211 	 5: -11.2305150890 
	 6: -11.2303847503 	 7: -11.2273462464 	 8: -11.2250395493 	 9: -11.2237600868 	10: -1.3582728998 
	11: -1.1866722968 	12: -1.1431922510 	13: -1.0171322801 	14: -1.0064572799 	15: -0.8542157824 
	16: -0.8175273341 	17: -0.7649954017 	18: -0.7202040791 	19: -0.6708057040 	20: -0.6466810770 
	21: -0.6149799396 	22: -0.5940209695 	23: -0.5771391226 	24: -0.5696475601 	25: -0.5495299994 
	26: -0.4973942980 	27: -0.4838451141 	28: -0.4797813909 	29: -0.4029263148 	30: -0.3869241063 
	31: -0.3263276676 	32: -0.3223255018 
	-Alpha Virtual Orbital Energies (au):  
	33: 0.1181357532 	34: 0.1454438776 	35: 0.1866258813 	36: 0.2063695993 	37: 0.2265197776 
	38: 0.2436161655 	39: 0.2567299380 	40: 0.2632350383 	41: 0.2828886168 	42: 0.2951687269 
	43: 0.3806721672 	44: 0.4315046897 	45: 0.4424872115 	46: 0.4514179154 	47: 0.4714770329 
	48: 0.4870198251 	49: 0.5061038407 	50: 0.5569035459 	51: 0.6364526388 	52: 0.6521463506 
	53: 0.6640564875 	54: 0.6915619391 	55: 0.6965292104 	56: 0.7040256486 	57: 0.7126168491 
	58: 0.7307432035 	59: 0.7327378856 	60: 0.7415606119 	61: 0.7476667554 	62: 0.7538860793 
	63: 0.7738083687 	64: 0.7890614117 	65: 0.8208547652 	66: 0.8479277031 	67: 0.8553991093 
	68: 0.8622129177 	69: 0.8765714724 	70: 0.8997206785 	71: 0.9209596283 	72: 0.9277463566 
	73: 0.9361636232 	74: 0.9783551317 	75: 1.0068941021 	76: 1.0152983941 	77: 1.0594549336 
	78: 1.0935789091 	79: 1.1150067338 	80: 1.1175968415 	81: 1.1310290391 	82: 1.1374200176 
	83: 1.1576340475 	84: 1.1890863885 	85: 1.2004318589 	86: 1.2221273078 	87: 1.2394612099 
	88: 1.2601463895 	89: 1.2824642663 	90: 1.2868786060 	91: 1.3051918053 	92: 1.3183640217 
	93: 1.3509154436 	94: 1.3650881136 	95: 1.4098684726 	96: 1.4359223367 	97: 1.4679495454 
	98: 1.4857267103 	99: 1.5316805144 	100: 1.5633961624 	101: 1.6231120079 	102: 1.6880766384 
	103: 1.7177480541 	104: 1.7247856172 	105: 1.7483966700 	106: 1.7653444595 	107: 1.7758542387 
	108: 1.8105384866 	109: 1.8595586895 	110: 1.8711848591 	111: 1.8856091038 	112: 1.8968452743 
	113: 1.9121224382 	114: 1.9282154946 	115: 1.9326182954 	116: 1.9426451547 	117: 1.9740202777 
	118: 1.9907067328 	119: 2.0019808818 	120: 2.0463379576 	121: 2.0694080718 	122: 2.0736558172 
	123: 2.0818850772 	124: 2.1336630254 	125: 2.1465593476 	126: 2.1480527174 	127: 2.1564385868 
	128: 2.1710969534 	129: 2.2285743150 	130: 2.2514240769 	131: 2.2693849443 	132: 2.2763993178 
	133: 2.3064665650 	134: 2.3192041968 	135: 2.3736089023 	136: 2.4322891999 	137: 2.4712810535 
	138: 2.5147136411 	139: 2.5355588306 	140: 2.5558060228 	141: 2.6800165613 	142: 2.7172888013 
	143: 2.7272817534 	144: 2.7705933485 	145: 2.7933127256 	146: 2.8141795113 	147: 2.9374732292 
	148: 2.9669174264 	149: 2.9762731216 	150: 3.0054657198 	151: 3.0970527362 	152: 3.1037387194 
	153: 3.1121438214 	154: 3.1864990193 	155: 3.2585627253 	156: 3.2769110152 	157: 3.4923541353 
	158: 3.6310499041 	159: 3.8153402810 	160: 3.9081325953 	161: 4.0134760095 


	-Mulliken Population Analysis for SCF:
	 1: -0.3917387209 	 2: -0.2323882002 	 3: -0.2093875879 	 4: -0.0023408721 	 5: 0.0568637703 
	 6: -0.0087804938 	 7: -0.0045409277 	 8: -0.0067860509 	 9: 0.3983140160 	10: 0.0214551304 
	11: 0.0452891594 	12: 0.0270199687 	13: 0.0304092167 	14: 0.0289020214 	15: 0.1206512507 
	16: 0.1270583198 

	-Lowdin Population Analysis for SCF:  
	 1: -0.1552562883 	 2: 0.0492745061 	 3: -0.0673386695 	 4: -0.0174753539 	 5: 0.0179391788 
	 6: -0.0297284539 	 7: -0.0248705889 	 8: -0.0070838808 	 9: -0.0347091254 	10: 0.0257310863 
	11: 0.0392311106 	12: 0.0291965704 	13: 0.0304207136 	14: 0.0303546659 	15: 0.0524270235 
	16: 0.0618875054 

	-Electronic Dipole Moment: (e a0)  
	 X:  2.27349   Y:  -1.54728   Z:  -0.38588   Total:  2.77700 

	-Electronic Dipole Moment: (D)  
	 X:  5.77864   Y:  -3.93279   Z:  -0.98082   Total:  7.05843 

	-Total Dipole Moment: (e a0)  
	 X:  -0.66532   Y:  1.24331   Z:  0.55992   Total:  1.51723 

	-Total Dipole Moment: (D)  
	 X:  -1.69108   Y:  3.16019   Z:  1.42319   Total:  3.85642 



	Initializing Liboeprop (by U. Bozkaya) ...


	-Mulliken Population Analysis for SCF-IAO:
	 1: -0.5677194564 	 2: -0.5541664948 	 3: -0.0632561444 	 4: -0.1356437540 	 5: -0.1109396768 
	 6: -0.1437912813 	 7: -0.1399907006 	 8: -0.1194605704 	 9: 0.5466202060 	10: 0.1361315923 
	11: 0.1679145615 	12: 0.1421196026 	13: 0.1439450268 	14: 0.1437626841 	15: 0.2709663851 
	16: 0.2837800121 

	-Lowdin Population Analysis for SCF-IAO:  
	 1: -0.5677194564 	 2: -0.5541664948 	 3: -0.0632561444 	 4: -0.1356437540 	 5: -0.1109396768 
	 6: -0.1437912813 	 7: -0.1399907006 	 8: -0.1194605704 	 9: 0.5466202060 	10: 0.1361315923 
	11: 0.1679145615 	12: 0.1421196026 	13: 0.1439450268 	14: 0.1437626841 	15: 0.2709663851 
	16: 0.2837800121 

	Initializing Liblocal (by U. Bozkaya) ...
  ==> Pipek-Mezey Localizer <==

    Convergence =   1.000E-08
    Maxiter     =          50

    Iteration                   Metric       Residual
    PM    0   1.8023030099426663E+01              -
    PM    1   3.2665933123622850E+01   8.124551E-01
    PM    2   3.8514036791207602E+01   1.790276E-01
    PM    3   3.9041056935092691E+01   1.368385E-02
    PM    4   3.9059468248726610E+01   4.715885E-04
    PM    5   3.9066562259665027E+01   1.816208E-04
    PM    6   3.9072923955724498E+01   1.628425E-04
    PM    7   3.9079033910529155E+01   1.563731E-04
    PM    8   3.9084418040393821E+01   1.377754E-04
    PM    9   3.9087575329496147E+01   8.078127E-05
    PM   10   3.9090137979819197E+01   6.556176E-05
    PM   11   3.9091863358503986E+01   4.413846E-05
    PM   12   3.9092707377159776E+01   2.159065E-05
    PM   13   3.9093587129530427E+01   2.250426E-05
    PM   14   3.9093971494518598E+01   9.831919E-06
    PM   15   3.9094242114599680E+01   6.922297E-06
    PM   16   3.9094407279129129E+01   4.224779E-06
    PM   17   3.9094547370580472E+01   3.583414E-06
    PM   18   3.9094623737448629E+01   1.953389E-06
    PM   19   3.9094677425869726E+01   1.373294E-06
    PM   20   3.9094729097667873E+01   1.321709E-06
    PM   21   3.9094759930846166E+01   7.886787E-07
    PM   22   3.9094776617052517E+01   4.268144E-07
    PM   23   3.9094786592136828E+01   2.551513E-07
    PM   24   3.9094794039886374E+01   1.905049E-07
    PM   25   3.9094801141341669E+01   1.816471E-07
    PM   26   3.9094804308512579E+01   8.101259E-08
    PM   27   3.9094806691027628E+01   6.094199E-08
    PM   28   3.9094807879249167E+01   3.039333E-08
    PM   29   3.9094809037379491E+01   2.962364E-08
    PM   30   3.9094809497948724E+01   1.178083E-08
    PM   31   3.9094809820420139E+01   8.248446E-09

    PM Localizer converged.



	*Molecular contr. to CDS energy:       0.0000  kcal/mol
	*Total CDS energy:       4.2545  kcal/mol
	*SCF::Polarization Free Energy (au)      : -0.0128016471 
	*SCF::Polarization Free Energy (kcal/mol):      -8.0332 
	*SCF::CDS Free Energy (au)      : 0.0067800382 
	*SCF::CDS Free Energy (kcal/mol):       4.2545 
	*SCF::Total Solvation Free Energy (au)      : -0.0060216089 
	*SCF::Total Solvation Free Energy (kcal/mol):      -3.7786 
 CC-PVDZ primary basis set file will be read for the O atom...
 CC-PVDZ primary basis set file will be read for the N atom...
 CC-PVDZ primary basis set file will be read for the C atom...
 CC-PVDZ primary basis set file will be read for the H atom...
 Nmaxthread: 16 
 Nshell: 75 
 Lmax:  2 
 Npmax:  8 
 Nao: 161 
 Ndocc: 32 
 Nsocc:  0 
 NoccA: 32 
 NoccB: 32 
 Primary basis set info has been read.

 CC-PVDZ-JKFIT aux basis set file will be read for the O atom...
 CC-PVDZ-JKFIT aux basis set file will be read for the N atom...
 CC-PVDZ-JKFIT aux basis set file will be read for the C atom...
 CC-PVDZ-JKFIT aux basis set file will be read for the H atom...
 Nshell_aux: 279 
 Naux: 791 
 Aux basis set info has been read.


	*Total SCF Energy: -398.52311736061688

 Cpu time for SCF :       2.5750 minutes
 Wall time for SCF:       1.1800 minutes


	MO spaces... 

	 FC   OCC   VIR   FV 
	----------------------
	  9   23   129    0


	Libtrans is initialized (by U. Bozkaya) ...

 ============================================================================== 
 ============================================================================== 
 ============================================================================== 

                       DF-MP2   
              Program Written by Ugur Bozkaya
              Latest Revision May 2, 2021

 ============================================================================== 
 ============================================================================== 
 ============================================================================== 

	For this residual convergence, default PCG convergence is:     1.00e-07
    Warning: "PCG_CONVERGENCE" option is changed to     1.00e-07


  ## DFOCC Options ##

  | TYPE         | KEY                      | INPUT? | VALUE              | DEFAULT            
  |--------------|--------------------------|--------|--------------------|--------------------
  | BOOL         | EOM                      | NO     | FALSE              | FALSE              
  | BOOL         | EOM_MP2                  | NO     | FALSE              | FALSE              
  | BOOL         | EOM_MP3                  | NO     | FALSE              | FALSE              
  | BOOL         | EOM_MP2_5                | NO     | FALSE              | FALSE              
  | BOOL         | EOM_LCCD                 | NO     | FALSE              | FALSE              
  | BOOL         | LOW_MEM_MP2              | NO     | FALSE              | FALSE              
  | BOOL         | LOW_MEM_MP3              | NO     | FALSE              | FALSE              
  | BOOL         | CD_PRESCREEN             | NO     | FALSE              | FALSE              
  | DOUBLE       | CIS_E_CONV               | NO     | 1e-06              | 1e-06              
  | DOUBLE       | CIS_R_CONV               | NO     | 1e-06              | 1e-06              
  | DOUBLE       | CIS_RES_PRECONDITION_TOL | NO     | 0.0001             | 0.0001             
  | DOUBLE       | DAVIDSON_TOLERANCE       | NO     | 1e-06              | 1e-06              
  | DOUBLE       | E3_SCALE                 | NO     | 0.25               | 0.25               
  | DOUBLE       | E_CONVERGENCE            | NO     | 1e-06              | 1e-06              
  | DOUBLE       | JK_MEMORY                | NO     | 1000000000.0       | 1000000000.0       
  | DOUBLE       | LEVEL_SHIFT              | NO     | 0.02               | 0.02               
  | DOUBLE       | MAX_MOGRAD_CONVERGENCE   | NO     | 0.001              | 0.001              
  | DOUBLE       | MO_STEP_MAX              | NO     | 0.5                | 0.5                
  | DOUBLE       | MP2_OS_SCALE             | NO     | 1.2                | 1.2                
  | DOUBLE       | MP2_SOS_SCALE            | NO     | 1.3                | 1.3                
  | DOUBLE       | MP2_SOS_SCALE2           | NO     | 1.2                | 1.2                
  | DOUBLE       | MP2_SS_SCALE             | NO     | 0.3333333333333333 | 0.3333333333333333 
  | DOUBLE       | OCC_PERCENTAGE           | NO     | 99.0               | 99.0               
  | DOUBLE       | OCC_TOLERANCE            | NO     | 1e-05              | 1e-05              
  | DOUBLE       | OO_SCALE                 | NO     | 0.01               | 0.01               
  | DOUBLE       | PCG_CONVERGENCE          | NO     | 1e-06              | 1e-06              
  | DOUBLE       | R_CONVERGENCE            | NO     | 1e-05              | 1e-05              
  | DOUBLE       | REG_PARAM                | NO     | 0.4                | 0.4                
  | DOUBLE       | KAPPA_REG_PARAM          | NO     | 1.1                | 1.1                
  | DOUBLE       | RMS_MOGRAD_CONVERGENCE   | NO     | 1e-06              | 1e-06              
  | DOUBLE       | SCG_TOLERANCE            | NO     | 1e-06              | 1e-06              
  | DOUBLE       | SCHMIDT_ADD_RES_TOL      | NO     | 0.001              | 0.001              
  | INT          | ACTIVE_NAT_ORBS          | NO     | 2                  | 2                  
  | INT          | CC_DIIS_MAX_VECS         | NO     | 6                  | 6                  
  | INT          | CC_DIIS_MIN_VECS         | NO     | 2                  | 2                  
  | INT          | CC_MAXITER               | NO     | 50                 | 50                 
  | INT          | CUTOFF                   | NO     | 8                  | 8                  
  | INT          | EXCITATION_RANGE         | NO     | 2                  | 2                  
  | INT          | FOLLOW_ROOT              | NO     | 1                  | 1                  
  | INT          | INTEGRAL_CUTOFF          | NO     | 9                  | 9                  
  | INT          | MAX_VECS                 | NO     | 50                 | 50                 
  | INT          | MO_DIIS_NUM_VECS         | NO     | 6                  | 6                  
  | INT          | MO_MAXITER               | NO     | 50                 | 50                 
  | INT          | NUM_ROOTS                | NO     | 4                  | 4                  
  | INT          | PCG_MAXITER              | NO     | 50                 | 50                 
  | INT          | PRINT_LEVEL              | NO     | 0                  | 0                  
  | INT          | VECS_PER_ROOT            | NO     | 1                  | 1                  
  | STRING       | CC_LAMBDA                | NO     | FALSE              | FALSE              
  | STRING       | CHOLESKY                 | NO     | FALSE              | FALSE              
  | STRING       | CIS_ALGORITHM            | NO     | MO_BASIS           | MO_BASIS           
  | STRING       | CIS_GUESS_COEFF          | NO     | MIX                | MIX                
  | STRING       | COMPUT_S2                | NO     | FALSE              | FALSE              
  | STRING       | DIAG_METHOD              | NO     | DAVIDSON           | DAVIDSON           
  | STRING       | DO_DIIS                  | NO     | TRUE               | TRUE               
  | STRING       | DO_LEVEL_SHIFT           | NO     | TRUE               | TRUE               
  | STRING       | DO_SCS                   | NO     | FALSE              | FALSE              
  | STRING       | DO_SOS                   | NO     | FALSE              | FALSE              
  | STRING       | EKT_IP                   | NO     | FALSE              | FALSE              
  | STRING       | FREEZE_CORE              | NO     | TRUE               | TRUE               
  | STRING       | HESS_TYPE                | NO     | HF                 | HF                 
  | STRING       | JK_TYPE                  | NO     | DIRECT             | DIRECT             
  | STRING       | LINEQ_SOLVER             | NO     | CDGESV             | CDGESV             
  | STRING       | MO_READ                  | NO     | FALSE              | FALSE              
  | STRING       | MO_WRITE                 | NO     | FALSE              | FALSE              
  | STRING       | MP2_AMP_TYPE             | NO     | DIRECT             | DIRECT             
  | STRING       | NAT_ORBS                 | NO     | FALSE              | FALSE              
  | STRING       | NBO                      | NO     | TRUE               | TRUE               
  | STRING       | OCC_ORBS_PRINT           | NO     | FALSE              | FALSE              
  | STRING       | OEPROP                   | NO     | FALSE              | FALSE              
  | STRING       | OPT_METHOD               | NO     | QNR                | QNR                
  | STRING       | ORB_RESP_SOLVER          | NO     | PCG                | PCG                
  | STRING       | ORTH_TYPE                | NO     | MGS                | MGS                
  | STRING       | PCG_BETA_TYPE            | NO     | FLETCHER_REEVES    | FLETCHER_REEVES    
  | STRING       | PPL_TYPE                 | NO     | AUTO               | AUTO               
  | STRING       | PRINT_CI_VECS            | NO     | FALSE              | FALSE              
  | STRING       | QCHF                     | NO     | FALSE              | FALSE              
  | STRING       | READ_SCF_3INDEX          | NO     | TRUE               | TRUE               
  | STRING       | REGULARIZATION           | NO     | FALSE              | FALSE              
  | STRING       | REG_TYPE                 | NO     | NORMAL             | NORMAL             
  | STRING       | SCS_TYPE                 | NO     | SCS                | SCS                
  | STRING       | SOS_TYPE                 | NO     | SOS                | SOS                
  | STRING       | TRIPLES_IABC_TYPE        | NO     | DISK               | DISK               
  | STRING       | UNIT_GUESS_TYPE          | NO     | GEN                | GEN                
  | STRING       | EKT_NEGATIVE_OCC         | NO     | ABS                | ABS                
  | BOOL         | SOLVATION                | YES    | TRUE               | FALSE              

	MO spaces... 

	 FC   OCC   VIR   FV 
	----------------------
	  9   23   129    0
 CC-PVDZ primary basis set file will be read for the O atom...
 CC-PVDZ primary basis set file will be read for the N atom...
 CC-PVDZ primary basis set file will be read for the C atom...
 CC-PVDZ primary basis set file will be read for the H atom...
 Nmaxthread: 16 
 Nshell: 75 
 Lmax:  2 
 Npmax:  8 
 Nao: 161 
 Ndocc: 32 
 Nsocc:  0 
 NoccA: 32 
 NoccB: 32 
 Primary basis set info has been read.

 CC-PVDZ-RI aux basis set file will be read for the O atom...
 CC-PVDZ-RI aux basis set file will be read for the N atom...
 CC-PVDZ-RI aux basis set file will be read for the C atom...
 CC-PVDZ-RI aux basis set file will be read for the H atom...
 Nshell_aux: 204 
 Naux: 602 
 Aux basis set info has been read.

 Cpu time for Metric ints :       0.7100 s
 Wall time for Metric ints:       0.3326 s
 3-Index Algorithm: AUTO 

 Calling fortran integrals: ringing... 
 Done with fintegrals.

 Cpu time for 3-index ints :       7.3800 s
 Wall time for 3-index ints:       2.9673 s
 Cpu time for df-factors :       1.4200 s
 Wall time for df-factors:       0.3893 s
 CC-PVDZ primary basis set file will be read for the O atom...
 CC-PVDZ primary basis set file will be read for the N atom...
 CC-PVDZ primary basis set file will be read for the C atom...
 CC-PVDZ primary basis set file will be read for the H atom...
 Nmaxthread: 16 
 Nshell: 75 
 Lmax:  2 
 Npmax:  8 
 Nao: 161 
 Ndocc: 32 
 Nsocc:  0 
 NoccA: 32 
 NoccB: 32 
 Primary basis set info has been read.

 CC-PVDZ-JKFIT aux basis set file will be read for the O atom...
 CC-PVDZ-JKFIT aux basis set file will be read for the N atom...
 CC-PVDZ-JKFIT aux basis set file will be read for the C atom...
 CC-PVDZ-JKFIT aux basis set file will be read for the H atom...
 Nshell_aux: 279 
 Naux: 791 
 Aux basis set info has been read.

	Reading DF integrals from disk ...
 Cpu time for Metric ints :       1.5800 s
 Wall time for Metric ints:       0.5818 s
	Number of basis functions in the DF-HF basis: 791
	Number of basis functions in the DF-CC basis: 602

	Available memory                      :  30000.00 MB 
	Minimum required memory for amplitudes:    211.27 MB 
	Memory requirement for B-CC (Q|mu nu) :    124.84 MB 
	Memory requirement for B-CC (Q|ab)    :     80.14 MB 
	Memory requirement for DF-CC int trans:    224.86 MB 

	Computing DF-MP2 energy using SCF MOs (Canonical DF-MP2)... 
	======================================================================= 
	Nuclear Repulsion Energy (a.u.)    :   405.41323448641168
	DF-HF Energy (a.u.)                :  -398.52311736061688
	REF Energy (a.u.)                  :  -398.52311736061688
	DF-MP2 Correlation Energy (a.u.)   :    -1.25903061230898
	DF-MP2 Total Energy (a.u.)         :  -399.78214797292588
	======================================================================= 

	*Total MP2 Energy: -399.78214797292588

	Computing unrelaxed response density matrices...
	Number of independent-pairs: 4128
	Computing the generalized Fock matrix (GFM)...
	Computing the orbital gradient...
	Forming effective orbital gradient...
	Solving orbital Z-vector equations...

	            PCG Solver 
	   ------------------------------ 
	Iter     RMS Z Vector        RMS Residual  
	----    ---------------    ---------------
	  1         1.25e-03         8.79e-04
	  2         8.03e-04         5.94e-04
	  3         3.03e-04         1.83e-04
	  4         1.66e-04         9.78e-05
	  5         4.88e-05         4.04e-05
	  6         2.48e-05         1.91e-05
	  7         7.24e-06         5.15e-06
	  8         2.54e-06         1.90e-06
	  9         1.05e-06         7.76e-07
	 10         3.80e-07         3.03e-07
	 11         1.54e-07         8.19e-08
	 12         3.83e-08         3.32e-08

	Computing the relaxed PDMs and GFM...
	Compute solv. is starting ...

	Initializing Liboeprop (by U. Bozkaya) ...


	-Mulliken Population Analysis for MP2-IAO:
	 1: -0.3024243002 	 2: -0.3727503756 	 3: 0.2043315568 	 4: -0.0768293374 	 5: -0.0537686010 
	 6: -0.0655410395 	 7: -0.0626321081 	 8: -0.1552225649 	 9: 0.4559920587 	10: 0.0783140606 
	11: 0.1038866345 	12: 0.0645630216 	13: 0.0659287677 	14: 0.0548902085 	15: 0.2110672758 
	16: 0.1982791979 

	-Lowdin Population Analysis for MP2-IAO:  
	 1: -0.3024243002 	 2: -0.3727503756 	 3: 0.2043315568 	 4: -0.0768293374 	 5: -0.0537686010 
	 6: -0.0655410395 	 7: -0.0626321081 	 8: -0.1552225649 	 9: 0.4559920587 	10: 0.0783140606 
	11: 0.1038866345 	12: 0.0645630216 	13: 0.0659287677 	14: 0.0548902085 	15: 0.2110672758 
	16: 0.1982791979 


  ## SOLVATION Options ##

  | TYPE         | KEY                      | INPUT? | VALUE              | DEFAULT            
  |--------------|--------------------------|--------|--------------------|--------------------
  | INT          | NUM_Z_POINTS             | NO     | 90                 | 90                 
  | INT          | NUM_ANG_POINTS           | YES    | 100                | 100                
  | STRING       | SASA_TYPE                | YES    | NUMERIC            | NUMERIC            
  | STRING       | CHARGE_TYPE              | YES    | IAO_MULLIKEN       | IAO_MULLIKEN       
  | STRING       | CDS_TYPE                 | YES    | SMD                | SMD                
  | STRING       | SOLVENT                  | YES    | WATER              | WATER              
  | STRING       | SOLVENT_PARAMS           | YES    | MN21               | SM8                
  | STRING       | DIELECTRIC_PARAMS        | YES    | MN21               | MN21               
  | STRING       | COULOMB_RADII            | YES    | SMD                | SMD                
  | DOUBLE       | COVALENT_VW_CONST        | NO     | 0.76               | 0.76               
  | DOUBLE       | SOLVENT_RADIUS           | NO     | 0.4                | 0.4                
  | STRING       | RADIUS_TYPE              | YES    | SMD                | SMD                
  | DOUBLE       | GB_DIJ                   | NO     | 3.7                | 3.7                
  | DOUBLE       | GB_SIJ                   | NO     | 0.75               | 0.75               
  | DOUBLE       | GB_CIJ                   | NO     | 0.0                | 0.0                
  | DOUBLE       | F_PWSASA                 | NO     | 0.4535             | 0.4535             
  | DOUBLE       | SCALE_VDW                | NO     | 1.0                | 1.0                
  | DOUBLE       | SCALE_CR                 | NO     | 1.0                | 1.0                



 Sasa Type                  : NUMERIC 
 Charge Type                : IAO_MULLIKEN 
 CDS Type                   : SMD 
 Radius Type                : SMD 
 Solvent                    : WATER 
 Solvent Parameters         : MN21 
 Dielectric Parameters      : MN21 
 Coulomb Radii Parameters   : SMD 
 GB d_ij parameter          : 3.7000000000 
 GB S_ij parameter          : 0.7500000000 
 GB C_ij parameter          : 0.0000000000 
 Sclae_vdw parameter        : 1.0000000000 
 Number of z-points         : 90 
 Number of angular points   : 100 
 Number of SASA grid points : 17902 
 Solvent Dielectric Constant: 78.3553000000 

 VDW Radii:
	  1 O :       1.5200  ang
	  2 N :       1.5500  ang
	  3 C :       1.7000  ang
	  4 C :       1.7000  ang
	  5 C :       1.7000  ang
	  6 C :       1.7000  ang
	  7 C :       1.7000  ang
	  8 C :       1.7000  ang
	  9 C :       1.7000  ang
	 10 H :       1.2000  ang
	 11 H :       1.2000  ang
	 12 H :       1.2000  ang
	 13 H :       1.2000  ang
	 14 H :       1.2000  ang
	 15 H :       1.2000  ang
	 16 H :       1.2000  ang

	 Computing SASA... 

 Atomic SASA values:
	  1 O :      22.9993  ang^2
	  2 N :       9.6357  ang^2
	  3 C :       5.2966  ang^2
	  4 C :       9.3580  ang^2
	  5 C :       9.8595  ang^2
	  6 C :      10.5777  ang^2
	  7 C :      10.6953  ang^2
	  8 C :      10.7077  ang^2
	  9 C :       7.8691  ang^2
	 10 H :       9.9823  ang^2
	 11 H :      10.5071  ang^2
	 12 H :      13.0336  ang^2
	 13 H :      12.9672  ang^2
	 14 H :      13.0390  ang^2
	 15 H :      10.8179  ang^2
	 16 H :      13.8100  ang^2

	*Total SASA (angs^2): 181.1562064683 


 Coulomb Radii:
	  1 O :       1.5200  ang
	  2 N :       1.8900  ang
	  3 C :       1.8500  ang
	  4 C :       1.8500  ang
	  5 C :       1.8500  ang
	  6 C :       1.8500  ang
	  7 C :       1.8500  ang
	  8 C :       1.8500  ang
	  9 C :       1.8500  ang
	 10 H :       1.2000  ang
	 11 H :       1.2000  ang
	 12 H :       1.2000  ang
	 13 H :       1.2000  ang
	 14 H :       1.2000  ang
	 15 H :       1.2000  ang
	 16 H :       1.2000  ang
 Solvent Alpha                       : 1.1700000000 

 ## Effective Born Radius (bohr) ##
   0   3.7581721312 
   1   4.1939890693 
   2   5.0485027897 
   3   4.7786198194 
   4   4.6865664656 
   5   4.4639589278 
   6   4.4536565917 
   7   4.4244169694 
   8   4.4804803581 
   9   3.5463792727 
  10   3.4298630698 
  11   3.2069097718 
  12   3.2007769845 
  13   3.1921992754 
  14   3.3671555310 
  15   3.1131145112 

 Effective Born Radii:
	  1 O :       1.9887  ang
	  2 N :       2.2194  ang
	  3 C :       2.6716  ang
	  4 C :       2.5287  ang
	  5 C :       2.4800  ang
	  6 C :       2.3622  ang
	  7 C :       2.3568  ang
	  8 C :       2.3413  ang
	  9 C :       2.3710  ang
	 10 H :       1.8767  ang
	 11 H :       1.8150  ang
	 12 H :       1.6970  ang
	 13 H :       1.6938  ang
	 14 H :       1.6892  ang
	 15 H :       1.7818  ang
	 16 H :       1.6474  ang


 Coulomb Integrals:
	  1  1 :       0.2661  bohr^-1
	  1  2 :       0.1833  bohr^-1
	  1  3 :       0.1703  bohr^-1
	  1  4 :       0.1337  bohr^-1
	  1  5 :       0.1585  bohr^-1
	  1  6 :       0.1077  bohr^-1
	  1  7 :       0.1203  bohr^-1
	  1  8 :       0.1033  bohr^-1
	  1  9 :       0.2195  bohr^-1
	  1 10 :       0.1287  bohr^-1
	  1 11 :       0.1819  bohr^-1
	  1 12 :       0.0920  bohr^-1
	  1 13 :       0.1079  bohr^-1
	  1 14 :       0.0869  bohr^-1
	  1 15 :       0.1558  bohr^-1
	  1 16 :       0.1868  bohr^-1
	  2  1 :       0.1833  bohr^-1
	  2  2 :       0.2384  bohr^-1
	  2  3 :       0.1635  bohr^-1
	  2  4 :       0.1517  bohr^-1
	  2  5 :       0.1309  bohr^-1
	  2  6 :       0.1172  bohr^-1
	  2  7 :       0.1059  bohr^-1
	  2  8 :       0.1015  bohr^-1
	  2  9 :       0.2051  bohr^-1
	  2 10 :       0.1712  bohr^-1
	  2 11 :       0.1282  bohr^-1
	  2 12 :       0.1057  bohr^-1
	  2 13 :       0.0911  bohr^-1
	  2 14 :       0.0858  bohr^-1
	  2 15 :       0.2441  bohr^-1
	  2 16 :       0.2521  bohr^-1
	  3  1 :       0.1703  bohr^-1
	  3  2 :       0.1635  bohr^-1
	  3  3 :       0.1981  bohr^-1
	  3  4 :       0.1848  bohr^-1
	  3  5 :       0.1863  bohr^-1
	  3  6 :       0.1614  bohr^-1
	  3  7 :       0.1615  bohr^-1
	  3  8 :       0.1512  bohr^-1
	  3  9 :       0.1870  bohr^-1
	  3 10 :       0.1809  bohr^-1
	  3 11 :       0.1836  bohr^-1
	  3 12 :       0.1424  bohr^-1
	  3 13 :       0.1425  bohr^-1
	  3 14 :       0.1290  bohr^-1
	  3 15 :       0.1664  bohr^-1
	  3 16 :       0.1446  bohr^-1
	  4  1 :       0.1337  bohr^-1
	  4  2 :       0.1517  bohr^-1
	  4  3 :       0.1848  bohr^-1
	  4  4 :       0.2093  bohr^-1
	  4  5 :       0.1619  bohr^-1
	  4  6 :       0.1945  bohr^-1
	  4  7 :       0.1533  bohr^-1
	  4  8 :       0.1646  bohr^-1
	  4  9 :       0.1597  bohr^-1
	  4 10 :       0.2234  bohr^-1
	  4 11 :       0.1427  bohr^-1
	  4 12 :       0.1894  bohr^-1
	  4 13 :       0.1300  bohr^-1
	  4 14 :       0.1438  bohr^-1
	  4 15 :       0.1674  bohr^-1
	  4 16 :       0.1290  bohr^-1
	  5  1 :       0.1585  bohr^-1
	  5  2 :       0.1309  bohr^-1
	  5  3 :       0.1863  bohr^-1
	  5  4 :       0.1619  bohr^-1
	  5  5 :       0.2134  bohr^-1
	  5  6 :       0.1539  bohr^-1
	  5  7 :       0.1963  bohr^-1
	  5  8 :       0.1655  bohr^-1
	  5  9 :       0.1628  bohr^-1
	  5 10 :       0.1419  bohr^-1
	  5 11 :       0.2285  bohr^-1
	  5 12 :       0.1302  bohr^-1
	  5 13 :       0.1905  bohr^-1
	  5 14 :       0.1442  bohr^-1
	  5 15 :       0.1275  bohr^-1
	  5 16 :       0.1154  bohr^-1
	  6  1 :       0.1077  bohr^-1
	  6  2 :       0.1172  bohr^-1
	  6  3 :       0.1614  bohr^-1
	  6  4 :       0.1945  bohr^-1
	  6  5 :       0.1539  bohr^-1
	  6  6 :       0.2240  bohr^-1
	  6  7 :       0.1674  bohr^-1
	  6  8 :       0.2005  bohr^-1
	  6  9 :       0.1271  bohr^-1
	  6 10 :       0.1880  bohr^-1
	  6 11 :       0.1300  bohr^-1
	  6 12 :       0.2397  bohr^-1
	  6 13 :       0.1450  bohr^-1
	  6 14 :       0.1929  bohr^-1
	  6 15 :       0.1275  bohr^-1
	  6 16 :       0.0991  bohr^-1
	  7  1 :       0.1203  bohr^-1
	  7  2 :       0.1059  bohr^-1
	  7  3 :       0.1615  bohr^-1
	  7  4 :       0.1533  bohr^-1
	  7  5 :       0.1963  bohr^-1
	  7  6 :       0.1674  bohr^-1
	  7  7 :       0.2245  bohr^-1
	  7  8 :       0.2007  bohr^-1
	  7  9 :       0.1284  bohr^-1
	  7 10 :       0.1296  bohr^-1
	  7 11 :       0.1890  bohr^-1
	  7 12 :       0.1450  bohr^-1
	  7 13 :       0.2401  bohr^-1
	  7 14 :       0.1929  bohr^-1
	  7 15 :       0.1058  bohr^-1
	  7 16 :       0.0921  bohr^-1
	  8  1 :       0.1033  bohr^-1
	  8  2 :       0.1015  bohr^-1
	  8  3 :       0.1512  bohr^-1
	  8  4 :       0.1646  bohr^-1
	  8  5 :       0.1655  bohr^-1
	  8  6 :       0.2005  bohr^-1
	  8  7 :       0.2007  bohr^-1
	  8  8 :       0.2260  bohr^-1
	  8  9 :       0.1164  bohr^-1
	  8 10 :       0.1434  bohr^-1
	  8 11 :       0.1437  bohr^-1
	  8 12 :       0.1930  bohr^-1
	  8 13 :       0.1931  bohr^-1
	  8 14 :       0.2410  bohr^-1
	  8 15 :       0.1056  bohr^-1
	  8 16 :       0.0871  bohr^-1
	  9  1 :       0.2195  bohr^-1
	  9  2 :       0.2051  bohr^-1
	  9  3 :       0.1870  bohr^-1
	  9  4 :       0.1597  bohr^-1
	  9  5 :       0.1628  bohr^-1
	  9  6 :       0.1271  bohr^-1
	  9  7 :       0.1284  bohr^-1
	  9  8 :       0.1164  bohr^-1
	  9  9 :       0.2232  bohr^-1
	  9 10 :       0.1629  bohr^-1
	  9 11 :       0.1700  bohr^-1
	  9 12 :       0.1105  bohr^-1
	  9 13 :       0.1121  bohr^-1
	  9 14 :       0.0975  bohr^-1
	  9 15 :       0.1932  bohr^-1
	  9 16 :       0.1995  bohr^-1
	 10  1 :       0.1287  bohr^-1
	 10  2 :       0.1712  bohr^-1
	 10  3 :       0.1809  bohr^-1
	 10  4 :       0.2234  bohr^-1
	 10  5 :       0.1419  bohr^-1
	 10  6 :       0.1880  bohr^-1
	 10  7 :       0.1296  bohr^-1
	 10  8 :       0.1434  bohr^-1
	 10  9 :       0.1629  bohr^-1
	 10 10 :       0.2820  bohr^-1
	 10 11 :       0.1212  bohr^-1
	 10 12 :       0.1879  bohr^-1
	 10 13 :       0.1062  bohr^-1
	 10 14 :       0.1216  bohr^-1
	 10 15 :       0.2004  bohr^-1
	 10 16 :       0.1421  bohr^-1
	 11  1 :       0.1819  bohr^-1
	 11  2 :       0.1282  bohr^-1
	 11  3 :       0.1836  bohr^-1
	 11  4 :       0.1427  bohr^-1
	 11  5 :       0.2285  bohr^-1
	 11  6 :       0.1300  bohr^-1
	 11  7 :       0.1890  bohr^-1
	 11  8 :       0.1437  bohr^-1
	 11  9 :       0.1700  bohr^-1
	 11 10 :       0.1212  bohr^-1
	 11 11 :       0.2916  bohr^-1
	 11 12 :       0.1063  bohr^-1
	 11 13 :       0.1875  bohr^-1
	 11 14 :       0.1213  bohr^-1
	 11 15 :       0.1180  bohr^-1
	 11 16 :       0.1149  bohr^-1
	 12  1 :       0.0920  bohr^-1
	 12  2 :       0.1057  bohr^-1
	 12  3 :       0.1424  bohr^-1
	 12  4 :       0.1894  bohr^-1
	 12  5 :       0.1302  bohr^-1
	 12  6 :       0.2397  bohr^-1
	 12  7 :       0.1450  bohr^-1
	 12  8 :       0.1930  bohr^-1
	 12  9 :       0.1105  bohr^-1
	 12 10 :       0.1879  bohr^-1
	 12 11 :       0.1063  bohr^-1
	 12 12 :       0.3118  bohr^-1
	 12 13 :       0.1219  bohr^-1
	 12 14 :       0.1903  bohr^-1
	 12 15 :       0.1170  bohr^-1
	 12 16 :       0.0890  bohr^-1
	 13  1 :       0.1079  bohr^-1
	 13  2 :       0.0911  bohr^-1
	 13  3 :       0.1425  bohr^-1
	 13  4 :       0.1300  bohr^-1
	 13  5 :       0.1905  bohr^-1
	 13  6 :       0.1450  bohr^-1
	 13  7 :       0.2401  bohr^-1
	 13  8 :       0.1931  bohr^-1
	 13  9 :       0.1121  bohr^-1
	 13 10 :       0.1062  bohr^-1
	 13 11 :       0.1875  bohr^-1
	 13 12 :       0.1219  bohr^-1
	 13 13 :       0.3124  bohr^-1
	 13 14 :       0.1903  bohr^-1
	 13 15 :       0.0893  bohr^-1
	 13 16 :       0.0802  bohr^-1
	 14  1 :       0.0869  bohr^-1
	 14  2 :       0.0858  bohr^-1
	 14  3 :       0.1290  bohr^-1
	 14  4 :       0.1438  bohr^-1
	 14  5 :       0.1442  bohr^-1
	 14  6 :       0.1929  bohr^-1
	 14  7 :       0.1929  bohr^-1
	 14  8 :       0.2410  bohr^-1
	 14  9 :       0.0975  bohr^-1
	 14 10 :       0.1216  bohr^-1
	 14 11 :       0.1213  bohr^-1
	 14 12 :       0.1903  bohr^-1
	 14 13 :       0.1903  bohr^-1
	 14 14 :       0.3133  bohr^-1
	 14 15 :       0.0891  bohr^-1
	 14 16 :       0.0743  bohr^-1
	 15  1 :       0.1558  bohr^-1
	 15  2 :       0.2441  bohr^-1
	 15  3 :       0.1664  bohr^-1
	 15  4 :       0.1674  bohr^-1
	 15  5 :       0.1275  bohr^-1
	 15  6 :       0.1275  bohr^-1
	 15  7 :       0.1058  bohr^-1
	 15  8 :       0.1056  bohr^-1
	 15  9 :       0.1932  bohr^-1
	 15 10 :       0.2004  bohr^-1
	 15 11 :       0.1180  bohr^-1
	 15 12 :       0.1170  bohr^-1
	 15 13 :       0.0893  bohr^-1
	 15 14 :       0.0891  bohr^-1
	 15 15 :       0.2970  bohr^-1
	 15 16 :       0.2324  bohr^-1
	 16  1 :       0.1868  bohr^-1
	 16  2 :       0.2521  bohr^-1
	 16  3 :       0.1446  bohr^-1
	 16  4 :       0.1290  bohr^-1
	 16  5 :       0.1154  bohr^-1
	 16  6 :       0.0991  bohr^-1
	 16  7 :       0.0921  bohr^-1
	 16  8 :       0.0871  bohr^-1
	 16  9 :       0.1995  bohr^-1
	 16 10 :       0.1421  bohr^-1
	 16 11 :       0.1149  bohr^-1
	 16 12 :       0.0890  bohr^-1
	 16 13 :       0.0802  bohr^-1
	 16 14 :       0.0743  bohr^-1
	 16 15 :       0.2324  bohr^-1
	 16 16 :       0.3212  bohr^-1


	*Molecular contr. to CDS energy:       0.0000  kcal/mol
	*Total CDS energy:       4.2545  kcal/mol
	*MP2::Polarization Free Energy (au)      : -0.0171601326 
	*MP2::Polarization Free Energy (kcal/mol):     -10.7681 
	*MP2::CDS Free Energy (au)      : 0.0067800382 
	*MP2::CDS Free Energy (kcal/mol):       4.2545 
	*MP2::Total Solvation Free Energy (au)      : -0.0103800944 
	*MP2::Total Solvation Free Energy (kcal/mol):      -6.5136 
	GB-MP2 Total Energy (a.u.)         :  -399.79252806731523

	*Total GB-MP2 Energy: -399.78214797292588


 Cpu time for MacroQC :       3.6132 minutes
 Wall time for MacroQC:       1.5752 minutes


 ******************************************************************************************
	 MacroQC terminates normally:) 
 ****************************************************************************************** 

