 ==========================================================================================
 =========                __  ___                         ____  ______            =========
 ======                  /  |/  /___ _______________     / __ \/ ____/               ======
 ====                   / /|_/ / __ `/ ___/ ___/ __ \   / / / / /                      ====
 ===                   / /  / / /_/ / /__/ /  / /_/ /  / /_/ / /___                     ===
 ==                   /_/  /_/\__,_/\___/_/   \____/   \___\_\____/                      ==
 ===                                                                1.0.4                ===
 =====     An electronic structure theory software for large-scale applications       =====
 ======                                 See license.txt for license info             ======
 =========                                                                        =========
 ==========================================================================================
                                                                                           
                           * * * * * * * * * * * * * * * * * * * *                        
                           *            Developed by             *                        
                           *             U. Bozkaya              *                        
                           *                                     *                        
                           *       With contributions from:      *                        
                           *         B. Ermis, Y. Alagoz,        *                        
                           *         A. Unal, and A. K. Uyar     *                        
                           *         Git Version: deab493        *                        
                           *       Latest Revision: 2026-03-23   *                        
                           * * * * * * * * * * * * * * * * * * * *                        


 Run date: Wed Mar 25 11:34:07 2026
 
 Hostname: ub17 

 ## MacroQC input file ##
 ******************************************************************************************
$set_molecule
0 1
N      -0.0000535845    -1.4125697719    -0.0000042475
C       0.0000576304     1.3787803390     0.0000001128
C      -1.1934082584     0.6697714935    -0.0000037972
C       1.1934604114     0.6696854652     0.0000024312
C      -1.1392673330    -0.7193206700     0.0000139025
C       1.1392037584    -0.7194147102    -0.0000052241
H       0.0000966740     2.4608015060    -0.0000004864
H      -2.1479422486     1.1781023473    -0.0000146575
H       2.1480478643     1.1779156980     0.0000076185
H      -2.0533326000    -1.3028411539    -0.0000129713
H       2.0532281491    -1.3030014996     0.0000056773
$end_molecule


$set_globals
   basis cc-pvdz
  method mp2
  reference rhf
  jobtype energy
  memory 30000
$end_globals


$set_scf
  e_convergence 1.0e-8
  d_convergence 1.0e-6
  guess sad
  solvation true
$end_scf


$set_solvation
  cds_type smd
  radius_type smd
  solvent_params mn21
  dielectric_params mn21 #sm8
  sasa_type numeric
  solvent water
  num_ang_points 100
  charge_type iao_mulliken #iao_lowdin, mulliken, lowdin
  coulomb_radii smd
$end_solvation

$set_dfocc
solvation true
$end_dfocc

 ******************************************************************************************


	-Geometry before Center-of-Mass shift (ang): 
	 Number     Atom               X                    Y                       Z  
	 ---------------------------------------------------------------------------------------
           1     N            -0.0000535845         -1.4125697719          -0.0000042475  
           2     C             0.0000576304          1.3787803390           0.0000001128  
           3     C            -1.1934082584          0.6697714935          -0.0000037972  
           4     C             1.1934604114          0.6696854652           0.0000024312  
           5     C            -1.1392673330         -0.7193206700           0.0000139025  
           6     C             1.1392037584         -0.7194147102          -0.0000052241  
           7     H             0.0000966740          2.4608015060          -0.0000004864  
           8     H            -2.1479422486          1.1781023473          -0.0000146575  
           9     H             2.1480478643          1.1779156980           0.0000076185  
          10     H            -2.0533326000         -1.3028411539          -0.0000129713  
          11     H             2.0532281491         -1.3030014996           0.0000056773  



	-Geometry after Center-of-Mass shift (ang): 
	 Atom               X                    Y                       Z  
	 -------------------------------------------------------------------
     N          -0.0000523543         -1.3847616112          -0.0000044333  
     C           0.0000588606          1.4065884997          -0.0000000730  
     C          -1.1934070282          0.6975796542          -0.0000039830  
     C           1.1934616416          0.6974936259           0.0000022454  
     C          -1.1392661028         -0.6915125093           0.0000137167  
     C           1.1392049886         -0.6916065495          -0.0000054099  
     H           0.0000979042          2.4886096667          -0.0000006722  
     H          -2.1479410184          1.2059105080          -0.0000148433  
     H           2.1480490945          1.2057238587           0.0000074327  
     H          -2.0533313698         -1.2750329932          -0.0000131571  
     H           2.0532293793         -1.2751933389           0.0000054915  


	-Geometry after Center-of-Mass shift (bohr): 
	 Atom               X                    Y                       Z  
	 -------------------------------------------------------------------
     N          -0.0000989353         -2.6168201941          -0.0000083778  
     C           0.0001112304          2.6580670357          -0.0000001380  
     C          -2.2552124395          1.3182344972          -0.0000075268  
     C           2.2553156439          1.3180719273           0.0000042431  
     C          -2.1529009183         -1.3067692548           0.0000259207  
     C           2.1527854292         -1.3069469650          -0.0000102233  
     H           0.0001850121          4.7027907033          -0.0000012703  
     H          -4.0590202584          2.2788405920          -0.0000280498  
     H           4.0592244926          2.2784878760           0.0000140457  
     H          -3.8802339337         -2.4094631580          -0.0000248634  
     H           3.8800411996         -2.4097661674           0.0000103774  


    Rotational Constants: A =     0.20279  B =     0.19557  C =      0.09956 [cm^-1] 
    Rotor Type: SYMMETRIC 

	-Nuclear Dipole Moment: (e a0)  
	 X:  0.00010   Y:  2.20709   Z:  -0.00001   Total:  2.20709 

	-Nuclear Dipole Moment: (D)  
	 X:  0.00025   Y:  5.60987   Z:  -0.00004   Total:  5.60987 


    Nuclear repulsion energy (V_NN)              : 206.732033153833 
   =====================================================
   Charge                : 0 
   Multiplicity          : 1 
   Number of Atoms       : 11 
   Number of Ghost Atoms : 0 
   Number of Electrons   : 42 
   Number of alpha occupied orbitals (NoccA)  : 21 
   Number of beta occupied orbitals (NoccB)   : 21 
   Number of singly occupied orbitals (Nsocc) : 0 
   Number of doubly occupied orbitals (Ndocc) : 21 
   =====================================================



  ## GLOBALS Options ##

  | TYPE         | KEY                      | INPUT? | VALUE              | DEFAULT            
  |--------------|--------------------------|--------|--------------------|--------------------
  | BOOL         | ERI_DISK                 | NO     | FALSE              | FALSE              
  | BOOL         | FREEZE_CORE              | NO     | TRUE               | TRUE               
  | BOOL         | MOL_FRAG                 | NO     | FALSE              | FALSE              
  | BOOL         | NOCOM                    | NO     | FALSE              | FALSE              
  | BOOL         | NOREORIENT               | NO     | TRUE               | TRUE               
  | BOOL         | PUREAM                   | NO     | TRUE               | TRUE               
  | BOOL         | ML                       | NO     | FALSE              | FALSE              
  | BOOL         | READ_PDB                 | NO     | FALSE              | FALSE              
  | BOOL         | TEST_MODE                | NO     | FALSE              | FALSE              
  | INT          | DERIVE_LEVEL             | NO     | 0                  | 0                  
  | INT          | FINDIF_POINTS            | NO     | 3                  | 3                  
  | INT          | MEMORY                   | YES    | 30000              | 2000               
  | INT          | NUM_THREADS              | NO     | 1                  | 1                  
  | INT          | NUM_FROZEN_DOCC          | NO     | 0                  | 0                  
  | INT          | NUM_FROZEN_VIR           | NO     | 0                  | 0                  
  | INT          | PRINT_LEVEL              | NO     | 0                  | 0                  
  | STRING       | AUX_BASIS_CORR           | NO     | CC-PVDZ-RI         | CC-PVDZ-RI         
  | STRING       | AUX_BASIS_SCF            | NO     | CC-PVDZ-JKFIT      | CC-PVDZ-JKFIT      
  | STRING       | BASIS                    | YES    | CC-PVDZ            | CC-PVDZ            
  | STRING       | BASIS2                   | NO     | MINAO              | MINAO              
  | STRING       | DERIVE_TYPE              | NO     | ANALYTIC           | ANALYTIC           
  | STRING       | FINDIF_METHOD            | NO     | GRAD               | GRAD               
  | STRING       | GEOM_UNITS               | NO     | ANG                | ANG                
  | STRING       | JOBTYPE                  | YES    | ENERGY             | ENERGY             
  | STRING       | METHOD                   | YES    | MP2                | SCF                
  | STRING       | REFERENCE                | YES    | RHF                | RHF                
  | STRING       | OUTFILE_MODE             | NO     | NEW                | NEW                
  | DOUBLE       | STEP_BOHR                | NO     | 0.05               | 0.05               
  | STR_ARRAY    | MOLECULE_GEOM_FROM       | NO     | [input]            | [input]            
  | DOUBLE_ARRAY | ELECTRIC_STRENGTH        | NO     | [0.001;0.001;0.001]| [0.001;0.001;0.001]
  | STRING       | ELECTRIC_FIELD           | NO     | NONE               | NONE               
  | STRING       | ALIGN_TWO_ATOMS          | NO     | NONE               | NONE               
  | INT_ARRAY    | TWO_ATOMS                | NO     | [0]                | [0]                



  ## INTS Options ##

  | TYPE         | KEY                      | INPUT? | VALUE              | DEFAULT            
  |--------------|--------------------------|--------|--------------------|--------------------
  | DOUBLE       | BOYS_CUTOFF              | NO     | 1e-15              | 1e-15              
  | DOUBLE       | BOYS_ZERO                | NO     | 1e-06              | 1e-06              
  | DOUBLE       | DELTA_X                  | NO     | 0.1                | 0.1                
  | DOUBLE       | INTEGRAL_CUTOFF          | NO     | 1e-10              | 1e-10              
  | DOUBLE       | X_MAX                    | NO     | 30.0               | 30.0               
  | INT          | BOYS_MAXITER             | NO     | 10000              | 10000              
  | INT          | MAX_AM                   | NO     | 7                  | 7                  
  | INT          | MAX_AM_AUX               | NO     | 7                  | 7                  
  | INT          | PRINT_LEVEL              | NO     | 0                  | 0                  
  | INT          | TAYLOR_ORDER             | NO     | 6                  | 6                  
  | STRING       | 3INDEX_ALGORITHM         | NO     | AUTO               | AUTO               
  | STRING       | BOYS_METHOD              | NO     | GHP                | GHP                
  | STRING       | ERI_ALGORITHM            | NO     | MD4                | MD4                


	Initializing Liboeprop (by U. Bozkaya) ...

	*=================================================================*
	*                  SCF                                            *
	*   Developed by U. Bozkaya & Y. Alagoz                           *
	*   Latest revision Feb 16, 2021                                  *
	*=================================================================*



  ## SCF Options ##

  | TYPE         | KEY                      | INPUT? | VALUE              | DEFAULT            
  |--------------|--------------------------|--------|--------------------|--------------------
  | BOOL         | DIIS_DAMP                | NO     | FALSE              | FALSE              
  | BOOL         | DIE_IF_NOT_CONVERGED     | NO     | TRUE               | TRUE               
  | BOOL         | DO_DF                    | NO     | TRUE               | TRUE               
  | BOOL         | DIIS                     | NO     | TRUE               | TRUE               
  | BOOL         | FOCK_DAMP                | NO     | FALSE              | FALSE              
  | BOOL         | GUESS_MIX                | NO     | FALSE              | FALSE              
  | BOOL         | GUESS_PREVIOUS           | NO     | FALSE              | FALSE              
  | BOOL         | LOCAL                    | NO     | FALSE              | FALSE              
  | BOOL         | RETRY                    | NO     | TRUE               | TRUE               
  | DOUBLE       | CUTOFF                   | NO     | 1e-10              | 1e-10              
  | DOUBLE       | D_CONVERGENCE            | YES    | 1e-06              | 1e-06              
  | DOUBLE       | DAMP_PARAM               | NO     | 0.02               | 0.02               
  | DOUBLE       | E_CONVERGENCE            | YES    | 1e-08              | 1e-08              
  | DOUBLE       | FOCK_DAMP_PERC           | NO     | 20.0               | 20.0               
  | DOUBLE       | MIN_OVERLAP_EIGVAL       | NO     | 1e-06              | 1e-06              
  | DOUBLE       | LOCAL_CONVERGENCE        | NO     | 1e-08              | 1e-08              
  | DOUBLE       | QC_GUESS_E_CONVERGENCE   | NO     | 0.0001             | 0.0001             
  | DOUBLE       | QC_GUESS_D_CONVERGENCE   | NO     | 0.005              | 0.005              
  | INT          | MAX_DIIS                 | NO     | 6                  | 6                  
  | INT          | MIN_DIIS                 | NO     | 2                  | 2                  
  | INT          | PRINT_LEVEL              | NO     | 0                  | 0                  
  | INT          | SCF_MAXITER              | NO     | 50                 | 50                 
  | INT          | LOCAL_MAXITER            | NO     | 50                 | 50                 
  | STRING       | DIIS_ALGORITHM           | NO     | DISK               | DISK               
  | STRING       | GUESS                    | YES    | SAD                | SAD                
  | BOOL         | MO_WRITE                 | NO     | FALSE              | FALSE              
  | BOOL         | FOCK_WRITE               | NO     | FALSE              | FALSE              
  | STRING       | ORTH_TYPE                | NO     | CANONICAL          | CANONICAL          
  | STRING       | ROHF_CANONIC_TYPE        | NO     | GUEST              | GUEST              
  | STRING       | ERI                      | NO     | INCORE             | INCORE             
  | STRING       | SCF_ALGORITHM            | NO     | ROOTHAAN           | ROOTHAAN           
  | STRING       | LOCAL_TYPE               | NO     | BOYS               | BOYS               
  | BOOL         | SAD_FRAC_OCC             | NO     | TRUE               | TRUE               
  | BOOL         | SAD_SPIN_AVERAGE         | NO     | TRUE               | TRUE               
  | DOUBLE       | SAD_E_CONVERGENCE        | NO     | 1e-05              | 1e-05              
  | DOUBLE       | SAD_D_CONVERGENCE        | NO     | 1e-05              | 1e-05              
  | INT          | SAD_MAXITER              | NO     | 50                 | 50                 
  | BOOL         | NIE                      | NO     | FALSE              | FALSE              
  | BOOL         | SAD_DIIS                 | NO     | TRUE               | TRUE               
  | INT          | SAD_MAX_DIIS             | NO     | 6                  | 6                  
  | INT          | SAD_MIN_DIIS             | NO     | 2                  | 2                  
  | INT          | SAD_PRINT                | NO     | 0                  | 0                  
  | STRING       | SAD_AUX_BASIS            | NO     | SAD-FIT            | SAD-FIT            
  | DOUBLE       | SAD_CHOLESKY_TOLERANCE   | NO     | 1e-07              | 1e-07              
  | BOOL         | SOLVATION                | YES    | TRUE               | FALSE              
  | BOOL         | BYPASS                   | NO     | FALSE              | FALSE              
  | STRING       | IAO_TYPE                 | NO     | STANDARD2013       | STANDARD2013       
  | BOOL         | USE_IAOS                 | NO     | FALSE              | FALSE              

	Initializing libdiis ...
	Initializing libmolint 1.1 ...
 CC-PVDZ primary basis set file will be read for the N atom...
 CC-PVDZ primary basis set file will be read for the C atom...
 CC-PVDZ primary basis set file will be read for the H atom...
 Nmaxthread: 16 
 Nshell: 51 
 Lmax:  2 
 Npmax:  8 
 Nao: 109 
 Ndocc: 21 
 Nsocc:  0 
 NoccA: 21 
 NoccB: 21 
 Primary basis set info has been read.

 CC-PVDZ-JKFIT aux basis set file will be read for the N atom...
 CC-PVDZ-JKFIT aux basis set file will be read for the C atom...
 CC-PVDZ-JKFIT aux basis set file will be read for the H atom...
 Nshell_aux: 189 
 Naux: 535 
 Aux basis set info has been read.

 orth_type: CANONICAL 
 Cpu time for S ints :       0.0200 s
 Wall time for S ints:       0.0177 s

 Using canonical orthogonalization. 
 Minimum eigenvalue in the overlap matrix is:   7.7904E-04 

 Cpu time for T ints :       0.1800 s
 Wall time for T ints:       0.0427 s
 Cpu time for V ints :       0.8500 s
 Wall time for V ints:       0.2709 s
 Cpu time for Metric ints :       1.1100 s
 Wall time for Metric ints:       0.3159 s
 3-Index Algorithm: AUTO 

 Calling fortran integrals: ringing... 
 Done with fintegrals.

 Cpu time for 3-index ints :       3.6200 s
 Wall time for 3-index ints:       1.3657 s
 Cpu time for df-factors :       0.4600 s
 Wall time for df-factors:       0.1232 s


 Puream (True=1, False=0) : 1
 Number of AO             : 109
 Number of MO             : 109
 Number of Aux Functions  : 535
 Charge                   : 0
 Multiplicity             : 1
 Alpha OCC                : 21
 Beta OCC                 : 21
 Nuclear Repulsion Energy : 206.73203315
 Energy Treshold          : 1.0e-08
 Density Treshold         : 1.0e-06
 Iteration Limit          : 50
 Guess                    : SAD
 Guess Mix                : false
 Diis                     : true
 Diis Damping             : false
 Diis Damp Parameter      : 0.02
 Diis Algorithm           : DISK
 Cutoff Treshold          : 1.0e-10
 Density Fitting          : true
 Reference                : RHF
 Die If Not Converged     : true
 Print Level              : 0
 ERI Algorithm            : INCORE
 SCF Algorithm            : ROOTHAAN




  ## SOLVATION Options ##

  | TYPE         | KEY                      | INPUT? | VALUE              | DEFAULT            
  |--------------|--------------------------|--------|--------------------|--------------------
  | INT          | NUM_Z_POINTS             | NO     | 90                 | 90                 
  | INT          | NUM_ANG_POINTS           | YES    | 100                | 100                
  | STRING       | SASA_TYPE                | YES    | NUMERIC            | NUMERIC            
  | STRING       | CHARGE_TYPE              | YES    | IAO_MULLIKEN       | IAO_MULLIKEN       
  | STRING       | CDS_TYPE                 | YES    | SMD                | SMD                
  | STRING       | SOLVENT                  | YES    | WATER              | WATER              
  | STRING       | SOLVENT_PARAMS           | YES    | MN21               | SM8                
  | STRING       | DIELECTRIC_PARAMS        | YES    | MN21               | MN21               
  | STRING       | COULOMB_RADII            | YES    | SMD                | SMD                
  | DOUBLE       | COVALENT_VW_CONST        | NO     | 0.76               | 0.76               
  | DOUBLE       | SOLVENT_RADIUS           | NO     | 0.4                | 0.4                
  | STRING       | RADIUS_TYPE              | YES    | SMD                | SMD                
  | DOUBLE       | GB_DIJ                   | NO     | 3.7                | 3.7                
  | DOUBLE       | GB_SIJ                   | NO     | 0.75               | 0.75               
  | DOUBLE       | GB_CIJ                   | NO     | 0.0                | 0.0                
  | DOUBLE       | F_PWSASA                 | NO     | 0.4535             | 0.4535             
  | DOUBLE       | SCALE_VDW                | NO     | 1.0                | 1.0                
  | DOUBLE       | SCALE_CR                 | NO     | 1.0                | 1.0                



 Sasa Type                  : NUMERIC 
 Charge Type                : IAO_MULLIKEN 
 CDS Type                   : SMD 
 Radius Type                : SMD 
 Solvent                    : WATER 
 Solvent Parameters         : MN21 
 Dielectric Parameters      : MN21 
 Coulomb Radii Parameters   : SMD 
 GB d_ij parameter          : 3.7000000000 
 GB S_ij parameter          : 0.7500000000 
 GB C_ij parameter          : 0.0000000000 
 Sclae_vdw parameter        : 1.0000000000 
 Number of z-points         : 90 
 Number of angular points   : 100 
 Number of SASA grid points : 17902 
 Solvent Dielectric Constant: 78.3553000000 

 VDW Radii:
	  1 N :       1.5500  ang
	  2 C :       1.7000  ang
	  3 C :       1.7000  ang
	  4 C :       1.7000  ang
	  5 C :       1.7000  ang
	  6 C :       1.7000  ang
	  7 H :       1.2000  ang
	  8 H :       1.2000  ang
	  9 H :       1.2000  ang
	 10 H :       1.2000  ang
	 11 H :       1.2000  ang

	 Computing SASA... 

 Atomic SASA values:
	  1 N :      14.1707  ang^2
	  2 C :      10.7975  ang^2
	  3 C :      10.8563  ang^2
	  4 C :      10.8532  ang^2
	  5 C :      11.8624  ang^2
	  6 C :      11.8593  ang^2
	  7 H :      12.9510  ang^2
	  8 H :      13.0049  ang^2
	  9 H :      13.0031  ang^2
	 10 H :      12.9725  ang^2
	 11 H :      12.9725  ang^2

	*Total SASA (angs^2): 135.3034871806 


 Coulomb Radii:
	  1 N :       1.8900  ang
	  2 C :       1.8500  ang
	  3 C :       1.8500  ang
	  4 C :       1.8500  ang
	  5 C :       1.8500  ang
	  6 C :       1.8500  ang
	  7 H :       1.2000  ang
	  8 H :       1.2000  ang
	  9 H :       1.2000  ang
	 10 H :       1.2000  ang
	 11 H :       1.2000  ang
 Solvent Alpha                       : 1.1700000000 

 ## Effective Born Radius (bohr) ##
   0   4.3948312237 
   1   4.3742141675 
   2   4.3743804219 
   3   4.3743798909 
   4   4.3281491139 
   5   4.3281502311 
   6   3.1750432733 
   7   3.1790021822 
   8   3.1790000349 
   9   3.1918258739 
  10   3.1918275865 

 Effective Born Radii:
	  1 N :       2.3256  ang
	  2 C :       2.3147  ang
	  3 C :       2.3148  ang
	  4 C :       2.3148  ang
	  5 C :       2.2904  ang
	  6 C :       2.2904  ang
	  7 H :       1.6802  ang
	  8 H :       1.6823  ang
	  9 H :       1.6823  ang
	 10 H :       1.6890  ang
	 11 H :       1.6890  ang


 Coulomb Integrals:
	  1  1 :       0.2275  bohr^-1
	  1  2 :       0.1565  bohr^-1
	  1  3 :       0.1691  bohr^-1
	  1  4 :       0.1691  bohr^-1
	  1  5 :       0.2053  bohr^-1
	  1  6 :       0.2053  bohr^-1
	  1  7 :       0.1307  bohr^-1
	  1  8 :       0.1461  bohr^-1
	  1  9 :       0.1461  bohr^-1
	  1 10 :       0.1977  bohr^-1
	  1 11 :       0.1977  bohr^-1
	  2  1 :       0.1565  bohr^-1
	  2  2 :       0.2286  bohr^-1
	  2  3 :       0.2031  bohr^-1
	  2  4 :       0.2031  bohr^-1
	  2  5 :       0.1702  bohr^-1
	  2  6 :       0.1702  bohr^-1
	  2  7 :       0.2426  bohr^-1
	  2  8 :       0.1936  bohr^-1
	  2  9 :       0.1936  bohr^-1
	  2 10 :       0.1457  bohr^-1
	  2 11 :       0.1457  bohr^-1
	  3  1 :       0.1691  bohr^-1
	  3  2 :       0.2031  bohr^-1
	  3  3 :       0.2286  bohr^-1
	  3  4 :       0.1698  bohr^-1
	  3  5 :       0.2039  bohr^-1
	  3  6 :       0.1595  bohr^-1
	  3  7 :       0.1939  bohr^-1
	  3  8 :       0.2425  bohr^-1
	  3  9 :       0.1457  bohr^-1
	  3 10 :       0.1936  bohr^-1
	  3 11 :       0.1328  bohr^-1
	  4  1 :       0.1691  bohr^-1
	  4  2 :       0.2031  bohr^-1
	  4  3 :       0.1698  bohr^-1
	  4  4 :       0.2286  bohr^-1
	  4  5 :       0.1595  bohr^-1
	  4  6 :       0.2039  bohr^-1
	  4  7 :       0.1939  bohr^-1
	  4  8 :       0.1457  bohr^-1
	  4  9 :       0.2425  bohr^-1
	  4 10 :       0.1328  bohr^-1
	  4 11 :       0.1936  bohr^-1
	  5  1 :       0.2053  bohr^-1
	  5  2 :       0.1702  bohr^-1
	  5  3 :       0.2039  bohr^-1
	  5  4 :       0.1595  bohr^-1
	  5  5 :       0.2310  bohr^-1
	  5  6 :       0.1744  bohr^-1
	  5  7 :       0.1460  bohr^-1
	  5  8 :       0.1945  bohr^-1
	  5  9 :       0.1331  bohr^-1
	  5 10 :       0.2431  bohr^-1
	  5 11 :       0.1504  bohr^-1
	  6  1 :       0.2053  bohr^-1
	  6  2 :       0.1702  bohr^-1
	  6  3 :       0.1595  bohr^-1
	  6  4 :       0.2039  bohr^-1
	  6  5 :       0.1744  bohr^-1
	  6  6 :       0.2310  bohr^-1
	  6  7 :       0.1460  bohr^-1
	  6  8 :       0.1331  bohr^-1
	  6  9 :       0.1945  bohr^-1
	  6 10 :       0.1504  bohr^-1
	  6 11 :       0.2431  bohr^-1
	  7  1 :       0.1307  bohr^-1
	  7  2 :       0.2426  bohr^-1
	  7  3 :       0.1939  bohr^-1
	  7  4 :       0.1939  bohr^-1
	  7  5 :       0.1460  bohr^-1
	  7  6 :       0.1460  bohr^-1
	  7  7 :       0.3150  bohr^-1
	  7  8 :       0.1893  bohr^-1
	  7  9 :       0.1893  bohr^-1
	  7 10 :       0.1218  bohr^-1
	  7 11 :       0.1218  bohr^-1
	  8  1 :       0.1461  bohr^-1
	  8  2 :       0.1936  bohr^-1
	  8  3 :       0.2425  bohr^-1
	  8  4 :       0.1457  bohr^-1
	  8  5 :       0.1945  bohr^-1
	  8  6 :       0.1331  bohr^-1
	  8  7 :       0.1893  bohr^-1
	  8  8 :       0.3146  bohr^-1
	  8  9 :       0.1216  bohr^-1
	  8 10 :       0.1901  bohr^-1
	  8 11 :       0.1078  bohr^-1
	  9  1 :       0.1461  bohr^-1
	  9  2 :       0.1936  bohr^-1
	  9  3 :       0.1457  bohr^-1
	  9  4 :       0.2425  bohr^-1
	  9  5 :       0.1331  bohr^-1
	  9  6 :       0.1945  bohr^-1
	  9  7 :       0.1893  bohr^-1
	  9  8 :       0.1216  bohr^-1
	  9  9 :       0.3146  bohr^-1
	  9 10 :       0.1078  bohr^-1
	  9 11 :       0.1901  bohr^-1
	 10  1 :       0.1977  bohr^-1
	 10  2 :       0.1457  bohr^-1
	 10  3 :       0.1936  bohr^-1
	 10  4 :       0.1328  bohr^-1
	 10  5 :       0.2431  bohr^-1
	 10  6 :       0.1504  bohr^-1
	 10  7 :       0.1218  bohr^-1
	 10  8 :       0.1901  bohr^-1
	 10  9 :       0.1078  bohr^-1
	 10 10 :       0.3133  bohr^-1
	 10 11 :       0.1267  bohr^-1
	 11  1 :       0.1977  bohr^-1
	 11  2 :       0.1457  bohr^-1
	 11  3 :       0.1328  bohr^-1
	 11  4 :       0.1936  bohr^-1
	 11  5 :       0.1504  bohr^-1
	 11  6 :       0.2431  bohr^-1
	 11  7 :       0.1218  bohr^-1
	 11  8 :       0.1078  bohr^-1
	 11  9 :       0.1901  bohr^-1
	 11 10 :       0.1267  bohr^-1
	 11 11 :       0.3133  bohr^-1
    ===> SCF Iteration Started <===

     Iter. |                   Energy |       Delta E |          Drms |
    -------|--------------------------|---------------|---------------|
         1 |      -246.13481666029011 |    -2.461e+02 |     1.574e-02 |
         2 |      -246.62260451055997 |    -4.878e-01 |     4.072e-03 | DIIS
         3 |      -246.70289359577421 |    -8.029e-02 |     1.438e-03 | DIIS
         4 |      -246.71395979400259 |    -1.107e-02 |     4.218e-04 | DIIS
         5 |      -246.71481063491481 |    -8.508e-04 |     1.093e-04 | DIIS
         6 |      -246.71489808479910 |    -8.745e-05 |     2.682e-05 | DIIS
         7 |      -246.71489936840507 |    -1.284e-06 |     1.511e-05 | DIIS
         8 |      -246.71489695767494 |     2.411e-06 |     2.590e-06 | DIIS
         9 |      -246.71489702087385 |    -6.320e-08 |     4.986e-06 | DIIS
        10 |      -246.71489598090923 |     1.040e-06 |     1.952e-06 | DIIS
        11 |      -246.71489575858973 |     2.223e-07 |     4.214e-07 | DIIS
        12 |      -246.71489566349831 |     9.509e-08 |     1.875e-07 | DIIS
        13 |      -246.71489563825978 |     2.524e-08 |     7.868e-08 | DIIS
        14 |      -246.71489563398896 |     4.271e-09 |     2.201e-08 | DIIS


	-Alpha Occupied Orbital Energies (au):  
	 1: -15.5453497389 	 2: -11.2556711572 	 3: -11.2556440313 	 4: -11.2416892648 	 5: -11.2239341195 
	 6: -11.2238825206 	 7: -1.2387104394 	 8: -1.0693588988 	 9: -1.0134994515 	10: -0.8369676506 
	11: -0.8348779323 	12: -0.6992571530 	13: -0.6387123600 	14: -0.6309600689 	15: -0.5761497622 
	16: -0.5532209971 	17: -0.5190261079 	18: -0.4967443276 	19: -0.3927561673 	20: -0.3597687983 
	21: -0.3256893107 
	-Alpha Virtual Orbital Energies (au):  
	22: 0.1376588315 	23: 0.1500998752 	24: 0.1946645553 	25: 0.2236718759 	26: 0.2381173537 
	27: 0.2618989629 	28: 0.2692461460 	29: 0.3600429408 	30: 0.3943074830 	31: 0.4455221197 
	32: 0.4777666015 	33: 0.4817740522 	34: 0.5561536916 	35: 0.5818283407 	36: 0.6451072918 
	37: 0.6664454758 	38: 0.6955369749 	39: 0.7179600185 	40: 0.7274477435 	41: 0.7336823267 
	42: 0.7342808314 	43: 0.7383498442 	44: 0.7963783447 	45: 0.8137355787 	46: 0.8149174960 
	47: 0.8529185746 	48: 0.8569413114 	49: 0.8887711252 	50: 0.9570823503 	51: 0.9762390616 
	52: 1.0009901637 	53: 1.0578297493 	54: 1.0872301643 	55: 1.0944837026 	56: 1.1449260995 
	57: 1.1624289635 	58: 1.1679743169 	59: 1.1959722869 	60: 1.2177483828 	61: 1.2299287823 
	62: 1.2461371881 	63: 1.2762890237 	64: 1.3203135217 	65: 1.3485632198 	66: 1.3732224842 
	67: 1.4416473061 	68: 1.4985664278 	69: 1.5104358536 	70: 1.5624333240 	71: 1.7442946136 
	72: 1.7461966467 	73: 1.7496955524 	74: 1.7707909863 	75: 1.8453009500 	76: 1.8469689720 
	77: 1.8890716047 	78: 1.9009801492 	79: 1.9121563708 	80: 1.9255359557 	81: 1.9695130211 
	82: 1.9938441204 	83: 2.0224312027 	84: 2.0282834222 	85: 2.0689647846 	86: 2.1327191106 
	87: 2.1648787037 	88: 2.1790237560 	89: 2.2248713950 	90: 2.2396664976 	91: 2.2732860091 
	92: 2.2766420146 	93: 2.2940784823 	94: 2.3621014068 	95: 2.4302329788 	96: 2.5394104860 
	97: 2.6511372128 	98: 2.7318228478 	99: 2.7752348198 	100: 2.7963828500 	101: 2.8064271597 
	102: 2.8203319108 	103: 2.9112019096 	104: 3.0536927505 	105: 3.0960296207 	106: 3.2244005772 
	107: 3.2785646958 	108: 3.3042802332 	109: 3.9192319922 


	-Mulliken Population Analysis for SCF:
	 1: -0.3412129745 	 2: 0.0720145691 	 3: -0.1176503988 	 4: -0.1314437553 	 5: 0.1758958946 
	 6: 0.1794039659 	 7: 0.0304251044 	 8: 0.0247300698 	 9: 0.0285149785 	10: 0.0397315933 
	11: 0.0395909530 

	-Lowdin Population Analysis for SCF:  
	 1: -0.0026345191 	 2: 0.0168456345 	 3: -0.0562175342 	 4: -0.0623833265 	 5: -0.0163370880 
	 6: -0.0152264864 	 7: 0.0305450124 	 8: 0.0280766021 	 9: 0.0292965239 	10: 0.0240317881 
	11: 0.0240033932 

	-Electronic Dipole Moment: (e a0)  
	 X:  -0.00615   Y:  -1.34818   Z:  0.00001   Total:  1.34819 

	-Electronic Dipole Moment: (D)  
	 X:  -0.01564   Y:  -3.42673   Z:  0.00004   Total:  3.42677 

	-Total Dipole Moment: (e a0)  
	 X:  -0.00605   Y:  0.85891   Z:  0.00000   Total:  0.85894 

	-Total Dipole Moment: (D)  
	 X:  -0.01539   Y:  2.18314   Z:  0.00000   Total:  2.18320 



	Initializing Liboeprop (by U. Bozkaya) ...


	-Mulliken Population Analysis for SCF-IAO:
	 1: -0.3076888958 	 2: -0.0866532749 	 3: -0.1815311279 	 4: -0.1900007307 	 5: 0.0228988741 
	 6: 0.0247368064 	 7: 0.1437596278 	 8: 0.1423380213 	 9: 0.1445523627 	10: 0.1439320987 
	11: 0.1438462208 

	-Lowdin Population Analysis for SCF-IAO:  
	 1: -0.3076888958 	 2: -0.0866532749 	 3: -0.1815311279 	 4: -0.1900007307 	 5: 0.0228988741 
	 6: 0.0247368064 	 7: 0.1437596278 	 8: 0.1423380213 	 9: 0.1445523627 	10: 0.1439320987 
	11: 0.1438462208 

	Initializing Liblocal (by U. Bozkaya) ...
  ==> Pipek-Mezey Localizer <==

    Convergence =   1.000E-08
    Maxiter     =          50

    Iteration                   Metric       Residual
    PM    0   1.2359398505411159E+01              -
    PM    1   2.3595445511454070E+01   9.091095E-01
    PM    2   2.5806289592158318E+01   9.369792E-02
    PM    3   2.5889603401909774E+01   3.228430E-03
    PM    4   2.5917220341359254E+01   1.066719E-03
    PM    5   2.5930484945411724E+01   5.118066E-04
    PM    6   2.5936758794244572E+01   2.419488E-04
    PM    7   2.5938756126304192E+01   7.700777E-05
    PM    8   2.5939546366391586E+01   3.046561E-05
    PM    9   2.5939780062731998E+01   9.009269E-06
    PM   10   2.5939867287229820E+01   3.362577E-06
    PM   11   2.5939882866031411E+01   6.005737E-07
    PM   12   2.5939891301483545E+01   3.251924E-07
    PM   13   2.5939893574169513E+01   8.761355E-08
    PM   14   2.5939894644825195E+01   4.127448E-08
    PM   15   2.5939895224334347E+01   2.234046E-08
    PM   16   2.5939895354889714E+01   5.032995E-09

    PM Localizer converged.



	*Molecular contr. to CDS energy:       0.0000  kcal/mol
	*Total CDS energy:       1.2001  kcal/mol
	*SCF::Polarization Free Energy (au)      : -0.0049252730 
	*SCF::Polarization Free Energy (kcal/mol):      -3.0907 
	*SCF::CDS Free Energy (au)      : 0.0019124316 
	*SCF::CDS Free Energy (kcal/mol):       1.2001 
	*SCF::Total Solvation Free Energy (au)      : -0.0030128413 
	*SCF::Total Solvation Free Energy (kcal/mol):      -1.8906 
 CC-PVDZ primary basis set file will be read for the N atom...
 CC-PVDZ primary basis set file will be read for the C atom...
 CC-PVDZ primary basis set file will be read for the H atom...
 Nmaxthread: 16 
 Nshell: 51 
 Lmax:  2 
 Npmax:  8 
 Nao: 109 
 Ndocc: 21 
 Nsocc:  0 
 NoccA: 21 
 NoccB: 21 
 Primary basis set info has been read.

 CC-PVDZ-JKFIT aux basis set file will be read for the N atom...
 CC-PVDZ-JKFIT aux basis set file will be read for the C atom...
 CC-PVDZ-JKFIT aux basis set file will be read for the H atom...
 Nshell_aux: 189 
 Naux: 535 
 Aux basis set info has been read.


	*Total SCF Energy: -246.71489563398896

 Cpu time for SCF :       1.4323 minutes
 Wall time for SCF:       0.5367 minutes


	MO spaces... 

	 FC   OCC   VIR   FV 
	----------------------
	  6   15    88    0


	Libtrans is initialized (by U. Bozkaya) ...

 ============================================================================== 
 ============================================================================== 
 ============================================================================== 

                       DF-MP2   
              Program Written by Ugur Bozkaya
              Latest Revision May 2, 2021

 ============================================================================== 
 ============================================================================== 
 ============================================================================== 

	For this residual convergence, default PCG convergence is:     1.00e-07
    Warning: "PCG_CONVERGENCE" option is changed to     1.00e-07


  ## DFOCC Options ##

  | TYPE         | KEY                      | INPUT? | VALUE              | DEFAULT            
  |--------------|--------------------------|--------|--------------------|--------------------
  | BOOL         | EOM                      | NO     | FALSE              | FALSE              
  | BOOL         | EOM_MP2                  | NO     | FALSE              | FALSE              
  | BOOL         | EOM_MP3                  | NO     | FALSE              | FALSE              
  | BOOL         | EOM_MP2_5                | NO     | FALSE              | FALSE              
  | BOOL         | EOM_LCCD                 | NO     | FALSE              | FALSE              
  | BOOL         | LOW_MEM_MP2              | NO     | FALSE              | FALSE              
  | BOOL         | LOW_MEM_MP3              | NO     | FALSE              | FALSE              
  | BOOL         | CD_PRESCREEN             | NO     | FALSE              | FALSE              
  | DOUBLE       | CIS_E_CONV               | NO     | 1e-06              | 1e-06              
  | DOUBLE       | CIS_R_CONV               | NO     | 1e-06              | 1e-06              
  | DOUBLE       | CIS_RES_PRECONDITION_TOL | NO     | 0.0001             | 0.0001             
  | DOUBLE       | DAVIDSON_TOLERANCE       | NO     | 1e-06              | 1e-06              
  | DOUBLE       | E3_SCALE                 | NO     | 0.25               | 0.25               
  | DOUBLE       | E_CONVERGENCE            | NO     | 1e-06              | 1e-06              
  | DOUBLE       | JK_MEMORY                | NO     | 1000000000.0       | 1000000000.0       
  | DOUBLE       | LEVEL_SHIFT              | NO     | 0.02               | 0.02               
  | DOUBLE       | MAX_MOGRAD_CONVERGENCE   | NO     | 0.001              | 0.001              
  | DOUBLE       | MO_STEP_MAX              | NO     | 0.5                | 0.5                
  | DOUBLE       | MP2_OS_SCALE             | NO     | 1.2                | 1.2                
  | DOUBLE       | MP2_SOS_SCALE            | NO     | 1.3                | 1.3                
  | DOUBLE       | MP2_SOS_SCALE2           | NO     | 1.2                | 1.2                
  | DOUBLE       | MP2_SS_SCALE             | NO     | 0.3333333333333333 | 0.3333333333333333 
  | DOUBLE       | OCC_PERCENTAGE           | NO     | 99.0               | 99.0               
  | DOUBLE       | OCC_TOLERANCE            | NO     | 1e-05              | 1e-05              
  | DOUBLE       | OO_SCALE                 | NO     | 0.01               | 0.01               
  | DOUBLE       | PCG_CONVERGENCE          | NO     | 1e-06              | 1e-06              
  | DOUBLE       | R_CONVERGENCE            | NO     | 1e-05              | 1e-05              
  | DOUBLE       | REG_PARAM                | NO     | 0.4                | 0.4                
  | DOUBLE       | KAPPA_REG_PARAM          | NO     | 1.1                | 1.1                
  | DOUBLE       | RMS_MOGRAD_CONVERGENCE   | NO     | 1e-06              | 1e-06              
  | DOUBLE       | SCG_TOLERANCE            | NO     | 1e-06              | 1e-06              
  | DOUBLE       | SCHMIDT_ADD_RES_TOL      | NO     | 0.001              | 0.001              
  | INT          | ACTIVE_NAT_ORBS          | NO     | 2                  | 2                  
  | INT          | CC_DIIS_MAX_VECS         | NO     | 6                  | 6                  
  | INT          | CC_DIIS_MIN_VECS         | NO     | 2                  | 2                  
  | INT          | CC_MAXITER               | NO     | 50                 | 50                 
  | INT          | CUTOFF                   | NO     | 8                  | 8                  
  | INT          | EXCITATION_RANGE         | NO     | 2                  | 2                  
  | INT          | FOLLOW_ROOT              | NO     | 1                  | 1                  
  | INT          | INTEGRAL_CUTOFF          | NO     | 9                  | 9                  
  | INT          | MAX_VECS                 | NO     | 50                 | 50                 
  | INT          | MO_DIIS_NUM_VECS         | NO     | 6                  | 6                  
  | INT          | MO_MAXITER               | NO     | 50                 | 50                 
  | INT          | NUM_ROOTS                | NO     | 4                  | 4                  
  | INT          | PCG_MAXITER              | NO     | 50                 | 50                 
  | INT          | PRINT_LEVEL              | NO     | 0                  | 0                  
  | INT          | VECS_PER_ROOT            | NO     | 1                  | 1                  
  | STRING       | CC_LAMBDA                | NO     | FALSE              | FALSE              
  | STRING       | CHOLESKY                 | NO     | FALSE              | FALSE              
  | STRING       | CIS_ALGORITHM            | NO     | MO_BASIS           | MO_BASIS           
  | STRING       | CIS_GUESS_COEFF          | NO     | MIX                | MIX                
  | STRING       | COMPUT_S2                | NO     | FALSE              | FALSE              
  | STRING       | DIAG_METHOD              | NO     | DAVIDSON           | DAVIDSON           
  | STRING       | DO_DIIS                  | NO     | TRUE               | TRUE               
  | STRING       | DO_LEVEL_SHIFT           | NO     | TRUE               | TRUE               
  | STRING       | DO_SCS                   | NO     | FALSE              | FALSE              
  | STRING       | DO_SOS                   | NO     | FALSE              | FALSE              
  | STRING       | EKT_IP                   | NO     | FALSE              | FALSE              
  | STRING       | FREEZE_CORE              | NO     | TRUE               | TRUE               
  | STRING       | HESS_TYPE                | NO     | HF                 | HF                 
  | STRING       | JK_TYPE                  | NO     | DIRECT             | DIRECT             
  | STRING       | LINEQ_SOLVER             | NO     | CDGESV             | CDGESV             
  | STRING       | MO_READ                  | NO     | FALSE              | FALSE              
  | STRING       | MO_WRITE                 | NO     | FALSE              | FALSE              
  | STRING       | MP2_AMP_TYPE             | NO     | DIRECT             | DIRECT             
  | STRING       | NAT_ORBS                 | NO     | FALSE              | FALSE              
  | STRING       | NBO                      | NO     | TRUE               | TRUE               
  | STRING       | OCC_ORBS_PRINT           | NO     | FALSE              | FALSE              
  | STRING       | OEPROP                   | NO     | FALSE              | FALSE              
  | STRING       | OPT_METHOD               | NO     | QNR                | QNR                
  | STRING       | ORB_RESP_SOLVER          | NO     | PCG                | PCG                
  | STRING       | ORTH_TYPE                | NO     | MGS                | MGS                
  | STRING       | PCG_BETA_TYPE            | NO     | FLETCHER_REEVES    | FLETCHER_REEVES    
  | STRING       | PPL_TYPE                 | NO     | AUTO               | AUTO               
  | STRING       | PRINT_CI_VECS            | NO     | FALSE              | FALSE              
  | STRING       | QCHF                     | NO     | FALSE              | FALSE              
  | STRING       | READ_SCF_3INDEX          | NO     | TRUE               | TRUE               
  | STRING       | REGULARIZATION           | NO     | FALSE              | FALSE              
  | STRING       | REG_TYPE                 | NO     | NORMAL             | NORMAL             
  | STRING       | SCS_TYPE                 | NO     | SCS                | SCS                
  | STRING       | SOS_TYPE                 | NO     | SOS                | SOS                
  | STRING       | TRIPLES_IABC_TYPE        | NO     | DISK               | DISK               
  | STRING       | UNIT_GUESS_TYPE          | NO     | GEN                | GEN                
  | STRING       | EKT_NEGATIVE_OCC         | NO     | ABS                | ABS                
  | BOOL         | SOLVATION                | YES    | TRUE               | FALSE              

	MO spaces... 

	 FC   OCC   VIR   FV 
	----------------------
	  6   15    88    0
 CC-PVDZ primary basis set file will be read for the N atom...
 CC-PVDZ primary basis set file will be read for the C atom...
 CC-PVDZ primary basis set file will be read for the H atom...
 Nmaxthread: 16 
 Nshell: 51 
 Lmax:  2 
 Npmax:  8 
 Nao: 109 
 Ndocc: 21 
 Nsocc:  0 
 NoccA: 21 
 NoccB: 21 
 Primary basis set info has been read.

 CC-PVDZ-RI aux basis set file will be read for the N atom...
 CC-PVDZ-RI aux basis set file will be read for the C atom...
 CC-PVDZ-RI aux basis set file will be read for the H atom...
 Nshell_aux: 138 
 Naux: 406 
 Aux basis set info has been read.

 Cpu time for Metric ints :       0.2500 s
 Wall time for Metric ints:       0.1464 s
 3-Index Algorithm: AUTO 

 Calling fortran integrals: ringing... 
 Done with fintegrals.

 Cpu time for 3-index ints :       2.3200 s
 Wall time for 3-index ints:       0.6631 s
 Cpu time for df-factors :       0.1700 s
 Wall time for df-factors:       0.0479 s
 CC-PVDZ primary basis set file will be read for the N atom...
 CC-PVDZ primary basis set file will be read for the C atom...
 CC-PVDZ primary basis set file will be read for the H atom...
 Nmaxthread: 16 
 Nshell: 51 
 Lmax:  2 
 Npmax:  8 
 Nao: 109 
 Ndocc: 21 
 Nsocc:  0 
 NoccA: 21 
 NoccB: 21 
 Primary basis set info has been read.

 CC-PVDZ-JKFIT aux basis set file will be read for the N atom...
 CC-PVDZ-JKFIT aux basis set file will be read for the C atom...
 CC-PVDZ-JKFIT aux basis set file will be read for the H atom...
 Nshell_aux: 189 
 Naux: 535 
 Aux basis set info has been read.

	Reading DF integrals from disk ...
 Cpu time for Metric ints :       0.9100 s
 Wall time for Metric ints:       0.2268 s
	Number of basis functions in the DF-HF basis: 535
	Number of basis functions in the DF-CC basis: 406

	Available memory                      :  30000.00 MB 
	Minimum required memory for amplitudes:     41.82 MB 
	Memory requirement for B-CC (Q|mu nu) :     38.59 MB 
	Memory requirement for B-CC (Q|ab)    :     25.15 MB 
	Memory requirement for DF-CC int trans:     69.74 MB 

	Computing DF-MP2 energy using SCF MOs (Canonical DF-MP2)... 
	======================================================================= 
	Nuclear Repulsion Energy (a.u.)    :   206.73204709411996
	DF-HF Energy (a.u.)                :  -246.71489563398896
	REF Energy (a.u.)                  :  -246.71489563398896
	DF-MP2 Correlation Energy (a.u.)   :    -0.81168563981652
	DF-MP2 Total Energy (a.u.)         :  -247.52658127380548
	======================================================================= 

	*Total MP2 Energy: -247.52658127380548

	Computing unrelaxed response density matrices...
	Number of independent-pairs: 1848
	Computing the generalized Fock matrix (GFM)...
	Computing the orbital gradient...
	Forming effective orbital gradient...
	Solving orbital Z-vector equations...

	            PCG Solver 
	   ------------------------------ 
	Iter     RMS Z Vector        RMS Residual  
	----    ---------------    ---------------
	  1         1.41e-03         9.46e-04
	  2         8.31e-04         7.58e-04
	  3         5.16e-04         2.88e-04
	  4         2.21e-04         7.57e-05
	  5         2.89e-05         2.56e-05
	  6         1.20e-05         9.40e-06
	  7         4.18e-06         1.70e-06
	  8         9.01e-07         4.18e-07
	  9         1.54e-07         1.45e-07
	 10         6.75e-08         2.40e-08

	Computing the relaxed PDMs and GFM...
	Compute solv. is starting ...

	Initializing Liboeprop (by U. Bozkaya) ...


	-Mulliken Population Analysis for MP2-IAO:
	 1: -0.0339685221 	 2: -0.0834513007 	 3: -0.0414731921 	 4: -0.0498278299 	 5: 0.0141396041 
	 6: 0.0156978865 	 7: 0.0766183959 	 8: 0.0845406436 	 9: 0.0867418609 	10: 0.0765743594 
	11: 0.0764383550 

	-Lowdin Population Analysis for MP2-IAO:  
	 1: -0.0339685221 	 2: -0.0834513007 	 3: -0.0414731921 	 4: -0.0498278299 	 5: 0.0141396041 
	 6: 0.0156978865 	 7: 0.0766183959 	 8: 0.0845406436 	 9: 0.0867418609 	10: 0.0765743594 
	11: 0.0764383550 


  ## SOLVATION Options ##

  | TYPE         | KEY                      | INPUT? | VALUE              | DEFAULT            
  |--------------|--------------------------|--------|--------------------|--------------------
  | INT          | NUM_Z_POINTS             | NO     | 90                 | 90                 
  | INT          | NUM_ANG_POINTS           | YES    | 100                | 100                
  | STRING       | SASA_TYPE                | YES    | NUMERIC            | NUMERIC            
  | STRING       | CHARGE_TYPE              | YES    | IAO_MULLIKEN       | IAO_MULLIKEN       
  | STRING       | CDS_TYPE                 | YES    | SMD                | SMD                
  | STRING       | SOLVENT                  | YES    | WATER              | WATER              
  | STRING       | SOLVENT_PARAMS           | YES    | MN21               | SM8                
  | STRING       | DIELECTRIC_PARAMS        | YES    | MN21               | MN21               
  | STRING       | COULOMB_RADII            | YES    | SMD                | SMD                
  | DOUBLE       | COVALENT_VW_CONST        | NO     | 0.76               | 0.76               
  | DOUBLE       | SOLVENT_RADIUS           | NO     | 0.4                | 0.4                
  | STRING       | RADIUS_TYPE              | YES    | SMD                | SMD                
  | DOUBLE       | GB_DIJ                   | NO     | 3.7                | 3.7                
  | DOUBLE       | GB_SIJ                   | NO     | 0.75               | 0.75               
  | DOUBLE       | GB_CIJ                   | NO     | 0.0                | 0.0                
  | DOUBLE       | F_PWSASA                 | NO     | 0.4535             | 0.4535             
  | DOUBLE       | SCALE_VDW                | NO     | 1.0                | 1.0                
  | DOUBLE       | SCALE_CR                 | NO     | 1.0                | 1.0                



 Sasa Type                  : NUMERIC 
 Charge Type                : IAO_MULLIKEN 
 CDS Type                   : SMD 
 Radius Type                : SMD 
 Solvent                    : WATER 
 Solvent Parameters         : MN21 
 Dielectric Parameters      : MN21 
 Coulomb Radii Parameters   : SMD 
 GB d_ij parameter          : 3.7000000000 
 GB S_ij parameter          : 0.7500000000 
 GB C_ij parameter          : 0.0000000000 
 Sclae_vdw parameter        : 1.0000000000 
 Number of z-points         : 90 
 Number of angular points   : 100 
 Number of SASA grid points : 17902 
 Solvent Dielectric Constant: 78.3553000000 

 VDW Radii:
	  1 N :       1.5500  ang
	  2 C :       1.7000  ang
	  3 C :       1.7000  ang
	  4 C :       1.7000  ang
	  5 C :       1.7000  ang
	  6 C :       1.7000  ang
	  7 H :       1.2000  ang
	  8 H :       1.2000  ang
	  9 H :       1.2000  ang
	 10 H :       1.2000  ang
	 11 H :       1.2000  ang

	 Computing SASA... 

 Atomic SASA values:
	  1 N :      14.1707  ang^2
	  2 C :      10.7975  ang^2
	  3 C :      10.8563  ang^2
	  4 C :      10.8532  ang^2
	  5 C :      11.8624  ang^2
	  6 C :      11.8593  ang^2
	  7 H :      12.9510  ang^2
	  8 H :      13.0049  ang^2
	  9 H :      13.0031  ang^2
	 10 H :      12.9725  ang^2
	 11 H :      12.9725  ang^2

	*Total SASA (angs^2): 135.3034871806 


 Coulomb Radii:
	  1 N :       1.8900  ang
	  2 C :       1.8500  ang
	  3 C :       1.8500  ang
	  4 C :       1.8500  ang
	  5 C :       1.8500  ang
	  6 C :       1.8500  ang
	  7 H :       1.2000  ang
	  8 H :       1.2000  ang
	  9 H :       1.2000  ang
	 10 H :       1.2000  ang
	 11 H :       1.2000  ang
 Solvent Alpha                       : 1.1700000000 

 ## Effective Born Radius (bohr) ##
   0   4.3948312237 
   1   4.3742141675 
   2   4.3743804219 
   3   4.3743798909 
   4   4.3281491139 
   5   4.3281502311 
   6   3.1750432733 
   7   3.1790021822 
   8   3.1790000349 
   9   3.1918258739 
  10   3.1918275865 

 Effective Born Radii:
	  1 N :       2.3256  ang
	  2 C :       2.3147  ang
	  3 C :       2.3148  ang
	  4 C :       2.3148  ang
	  5 C :       2.2904  ang
	  6 C :       2.2904  ang
	  7 H :       1.6802  ang
	  8 H :       1.6823  ang
	  9 H :       1.6823  ang
	 10 H :       1.6890  ang
	 11 H :       1.6890  ang


 Coulomb Integrals:
	  1  1 :       0.2275  bohr^-1
	  1  2 :       0.1565  bohr^-1
	  1  3 :       0.1691  bohr^-1
	  1  4 :       0.1691  bohr^-1
	  1  5 :       0.2053  bohr^-1
	  1  6 :       0.2053  bohr^-1
	  1  7 :       0.1307  bohr^-1
	  1  8 :       0.1461  bohr^-1
	  1  9 :       0.1461  bohr^-1
	  1 10 :       0.1977  bohr^-1
	  1 11 :       0.1977  bohr^-1
	  2  1 :       0.1565  bohr^-1
	  2  2 :       0.2286  bohr^-1
	  2  3 :       0.2031  bohr^-1
	  2  4 :       0.2031  bohr^-1
	  2  5 :       0.1702  bohr^-1
	  2  6 :       0.1702  bohr^-1
	  2  7 :       0.2426  bohr^-1
	  2  8 :       0.1936  bohr^-1
	  2  9 :       0.1936  bohr^-1
	  2 10 :       0.1457  bohr^-1
	  2 11 :       0.1457  bohr^-1
	  3  1 :       0.1691  bohr^-1
	  3  2 :       0.2031  bohr^-1
	  3  3 :       0.2286  bohr^-1
	  3  4 :       0.1698  bohr^-1
	  3  5 :       0.2039  bohr^-1
	  3  6 :       0.1595  bohr^-1
	  3  7 :       0.1939  bohr^-1
	  3  8 :       0.2425  bohr^-1
	  3  9 :       0.1457  bohr^-1
	  3 10 :       0.1936  bohr^-1
	  3 11 :       0.1328  bohr^-1
	  4  1 :       0.1691  bohr^-1
	  4  2 :       0.2031  bohr^-1
	  4  3 :       0.1698  bohr^-1
	  4  4 :       0.2286  bohr^-1
	  4  5 :       0.1595  bohr^-1
	  4  6 :       0.2039  bohr^-1
	  4  7 :       0.1939  bohr^-1
	  4  8 :       0.1457  bohr^-1
	  4  9 :       0.2425  bohr^-1
	  4 10 :       0.1328  bohr^-1
	  4 11 :       0.1936  bohr^-1
	  5  1 :       0.2053  bohr^-1
	  5  2 :       0.1702  bohr^-1
	  5  3 :       0.2039  bohr^-1
	  5  4 :       0.1595  bohr^-1
	  5  5 :       0.2310  bohr^-1
	  5  6 :       0.1744  bohr^-1
	  5  7 :       0.1460  bohr^-1
	  5  8 :       0.1945  bohr^-1
	  5  9 :       0.1331  bohr^-1
	  5 10 :       0.2431  bohr^-1
	  5 11 :       0.1504  bohr^-1
	  6  1 :       0.2053  bohr^-1
	  6  2 :       0.1702  bohr^-1
	  6  3 :       0.1595  bohr^-1
	  6  4 :       0.2039  bohr^-1
	  6  5 :       0.1744  bohr^-1
	  6  6 :       0.2310  bohr^-1
	  6  7 :       0.1460  bohr^-1
	  6  8 :       0.1331  bohr^-1
	  6  9 :       0.1945  bohr^-1
	  6 10 :       0.1504  bohr^-1
	  6 11 :       0.2431  bohr^-1
	  7  1 :       0.1307  bohr^-1
	  7  2 :       0.2426  bohr^-1
	  7  3 :       0.1939  bohr^-1
	  7  4 :       0.1939  bohr^-1
	  7  5 :       0.1460  bohr^-1
	  7  6 :       0.1460  bohr^-1
	  7  7 :       0.3150  bohr^-1
	  7  8 :       0.1893  bohr^-1
	  7  9 :       0.1893  bohr^-1
	  7 10 :       0.1218  bohr^-1
	  7 11 :       0.1218  bohr^-1
	  8  1 :       0.1461  bohr^-1
	  8  2 :       0.1936  bohr^-1
	  8  3 :       0.2425  bohr^-1
	  8  4 :       0.1457  bohr^-1
	  8  5 :       0.1945  bohr^-1
	  8  6 :       0.1331  bohr^-1
	  8  7 :       0.1893  bohr^-1
	  8  8 :       0.3146  bohr^-1
	  8  9 :       0.1216  bohr^-1
	  8 10 :       0.1901  bohr^-1
	  8 11 :       0.1078  bohr^-1
	  9  1 :       0.1461  bohr^-1
	  9  2 :       0.1936  bohr^-1
	  9  3 :       0.1457  bohr^-1
	  9  4 :       0.2425  bohr^-1
	  9  5 :       0.1331  bohr^-1
	  9  6 :       0.1945  bohr^-1
	  9  7 :       0.1893  bohr^-1
	  9  8 :       0.1216  bohr^-1
	  9  9 :       0.3146  bohr^-1
	  9 10 :       0.1078  bohr^-1
	  9 11 :       0.1901  bohr^-1
	 10  1 :       0.1977  bohr^-1
	 10  2 :       0.1457  bohr^-1
	 10  3 :       0.1936  bohr^-1
	 10  4 :       0.1328  bohr^-1
	 10  5 :       0.2431  bohr^-1
	 10  6 :       0.1504  bohr^-1
	 10  7 :       0.1218  bohr^-1
	 10  8 :       0.1901  bohr^-1
	 10  9 :       0.1078  bohr^-1
	 10 10 :       0.3133  bohr^-1
	 10 11 :       0.1267  bohr^-1
	 11  1 :       0.1977  bohr^-1
	 11  2 :       0.1457  bohr^-1
	 11  3 :       0.1328  bohr^-1
	 11  4 :       0.1936  bohr^-1
	 11  5 :       0.1504  bohr^-1
	 11  6 :       0.2431  bohr^-1
	 11  7 :       0.1218  bohr^-1
	 11  8 :       0.1078  bohr^-1
	 11  9 :       0.1901  bohr^-1
	 11 10 :       0.1267  bohr^-1
	 11 11 :       0.3133  bohr^-1


	*Molecular contr. to CDS energy:       0.0000  kcal/mol
	*Total CDS energy:       1.2001  kcal/mol
	*MP2::Polarization Free Energy (au)      : -0.0046910020 
	*MP2::Polarization Free Energy (kcal/mol):      -2.9436 
	*MP2::CDS Free Energy (au)      : 0.0019124316 
	*MP2::CDS Free Energy (kcal/mol):       1.2001 
	*MP2::Total Solvation Free Energy (au)      : -0.0027785703 
	*MP2::Total Solvation Free Energy (kcal/mol):      -1.7436 
	GB-MP2 Total Energy (a.u.)         :  -247.52935984412258

	*Total GB-MP2 Energy: -247.52658127380548


 Cpu time for MacroQC :       1.7957 minutes
 Wall time for MacroQC:       0.6682 minutes


 ******************************************************************************************
	 MacroQC terminates normally:) 
 ****************************************************************************************** 

