 ==========================================================================================
 =========                __  ___                         ____  ______            =========
 ======                  /  |/  /___ _______________     / __ \/ ____/               ======
 ====                   / /|_/ / __ `/ ___/ ___/ __ \   / / / / /                      ====
 ===                   / /  / / /_/ / /__/ /  / /_/ /  / /_/ / /___                     ===
 ==                   /_/  /_/\__,_/\___/_/   \____/   \___\_\____/                      ==
 ===                                                                1.0.4                ===
 =====     An electronic structure theory software for large-scale applications       =====
 ======                                 See license.txt for license info             ======
 =========                                                                        =========
 ==========================================================================================
                                                                                           
                           * * * * * * * * * * * * * * * * * * * *                        
                           *            Developed by             *                        
                           *             U. Bozkaya              *                        
                           *                                     *                        
                           *       With contributions from:      *                        
                           *         B. Ermis, Y. Alagoz,        *                        
                           *         A. Unal, and A. K. Uyar     *                        
                           *         Git Version: deab493        *                        
                           *       Latest Revision: 2026-03-23   *                        
                           * * * * * * * * * * * * * * * * * * * *                        


 Run date: Wed Mar 25 10:33:47 2026
 
 Hostname: ub24 

 ## MacroQC input file ##
 ******************************************************************************************
$set_molecule
0 1
O      -1.7202712736    -0.5170963315    -0.0031012572
O       1.7202715268     0.5170962495    -0.0031034603
C      -0.6446265229     0.3987538822     0.0021650294
C       0.6446261214    -0.3987534465     0.0021623526
C      -2.9817657019     0.1135666743     0.0001638356
C       2.9817659007    -0.1135670329     0.0001653058
H      -0.6782850710     1.0485742395    -0.8818799406
H      -0.6828538684     1.0431714159     0.8899387532
H       0.6782824804    -1.0485710797    -0.8818846241
H       0.6828557708    -1.0431734971     0.8899341714
H      -3.7375302804    -0.6694831624    -0.0057652355
H      -3.1176803506     0.7469058389    -0.8853004829
H      -3.1191368280     0.7349276151     0.8938580925
H       3.1191421313    -0.7349135963     0.8938686602
H       3.7375302487     0.6694827291    -0.0057812746
H       3.1176749574    -0.7469203097    -0.8852895202
$end_molecule


$set_globals
   basis cc-pvdz
  method mp2
  reference rhf
  jobtype energy
  memory 5000
$end_globals


$set_scf
  e_convergence 1.0e-8
  d_convergence 1.0e-6
  guess sad
  solvation true
$end_scf


$set_solvation
  cds_type smd
  radius_type smd
  solvent_params mn21
  dielectric_params mn21
  sasa_type numeric
  solvent water
$end_solvation

#num_ang_points 100
#charge_type iao_mulliken, iao_lowdin, mulliken, lowdin
#coulomb_radii smd

$set_dfocc
solvation true
$end_dfocc

 ******************************************************************************************


	-Geometry before Center-of-Mass shift (ang): 
	 Number     Atom               X                    Y                       Z  
	 ---------------------------------------------------------------------------------------
           1     O            -1.7202712736         -0.5170963315          -0.0031012572  
           2     O             1.7202715268          0.5170962495          -0.0031034603  
           3     C            -0.6446265229          0.3987538822           0.0021650294  
           4     C             0.6446261214         -0.3987534465           0.0021623526  
           5     C            -2.9817657019          0.1135666743           0.0001638356  
           6     C             2.9817659007         -0.1135670329           0.0001653058  
           7     H            -0.6782850710          1.0485742395          -0.8818799406  
           8     H            -0.6828538684          1.0431714159           0.8899387532  
           9     H             0.6782824804         -1.0485710797          -0.8818846241  
          10     H             0.6828557708         -1.0431734971           0.8899341714  
          11     H            -3.7375302804         -0.6694831624          -0.0057652355  
          12     H            -3.1176803506          0.7469058389          -0.8853004829  
          13     H            -3.1191368280          0.7349276151           0.8938580925  
          14     H             3.1191421313         -0.7349135963           0.8938686602  
          15     H             3.7375302487          0.6694827291          -0.0057812746  
          16     H             3.1176749574         -0.7469203097          -0.8852895202  



	-Geometry after Center-of-Mass shift (ang): 
	 Atom               X                    Y                       Z  
	 -------------------------------------------------------------------
     O          -1.7202712825         -0.5170963294          -0.0028625794  
     O           1.7202715179          0.5170962516          -0.0028647825  
     C          -0.6446265318          0.3987538843           0.0024037072  
     C           0.6446261125         -0.3987534444           0.0024010304  
     C          -2.9817657108          0.1135666764           0.0004025134  
     C           2.9817658918         -0.1135670308           0.0004039836  
     H          -0.6782850799          1.0485742416          -0.8816412628  
     H          -0.6828538773          1.0431714180           0.8901774310  
     H           0.6782824715         -1.0485710776          -0.8816459463  
     H           0.6828557619         -1.0431734950           0.8901728492  
     H          -3.7375302893         -0.6694831603          -0.0055265577  
     H          -3.1176803595          0.7469058410          -0.8850618051  
     H          -3.1191368369          0.7349276172           0.8940967703  
     H           3.1191421224         -0.7349135942           0.8941073380  
     H           3.7375302398          0.6694827312          -0.0055425968  
     H           3.1176749485         -0.7469203076          -0.8850508424  


	-Geometry after Center-of-Mass shift (bohr): 
	 Atom               X                    Y                       Z  
	 -------------------------------------------------------------------
     O          -3.2508415854         -0.9771704430          -0.0054094910  
     O           3.2508420303          0.9771702961          -0.0054136543  
     C          -1.2181675983          0.7535356328           0.0045423484  
     C           1.2181668059         -0.7535348014           0.0045372899  
     C          -5.6347205637          0.2146099154           0.0007606402  
     C           5.6347209057         -0.2146105850           0.0007634184  
     H          -1.2817730360          1.9815181389          -1.6660605275  
     H          -1.2904068118          1.9713082820           1.6821915477  
     H           1.2817681068         -1.9815121597          -1.6660693781  
     H           1.2904103732         -1.9713122068           1.6821828894  
     H          -7.0629086324         -1.2651398185          -0.0104436804  
     H          -5.8915620262          1.4114474810          -1.6725244157  
     H          -5.8943143696          1.3888119186           1.6895980256  
     H           5.8943243577         -1.3887854189           1.6896179956  
     H           7.0629085388          1.2651390077          -0.0104739899  
     H           5.8915518009         -1.4114748189          -1.6725036992  


    Rotational Constants: A =     0.63792  B =     0.04281  C =      0.04137 [cm^-1] 
    Rotor Type: SYMMETRIC 

	-Nuclear Dipole Moment: (e a0)  
	 X:  -0.00000   Y:  0.00000   Z:  0.02255   Total:  0.02255 

	-Nuclear Dipole Moment: (D)  
	 X:  -0.00000   Y:  0.00000   Z:  0.05732   Total:  0.05732 


    Nuclear repulsion energy (V_NN)              : 252.554104927936 
   =====================================================
   Charge                : 0 
   Multiplicity          : 1 
   Number of Atoms       : 16 
   Number of Ghost Atoms : 0 
   Number of Electrons   : 50 
   Number of alpha occupied orbitals (NoccA)  : 25 
   Number of beta occupied orbitals (NoccB)   : 25 
   Number of singly occupied orbitals (Nsocc) : 0 
   Number of doubly occupied orbitals (Ndocc) : 25 
   =====================================================



  ## GLOBALS Options ##

  | TYPE         | KEY                      | INPUT? | VALUE              | DEFAULT            
  |--------------|--------------------------|--------|--------------------|--------------------
  | BOOL         | ERI_DISK                 | NO     | FALSE              | FALSE              
  | BOOL         | FREEZE_CORE              | NO     | TRUE               | TRUE               
  | BOOL         | MOL_FRAG                 | NO     | FALSE              | FALSE              
  | BOOL         | NOCOM                    | NO     | FALSE              | FALSE              
  | BOOL         | NOREORIENT               | NO     | TRUE               | TRUE               
  | BOOL         | PUREAM                   | NO     | TRUE               | TRUE               
  | BOOL         | ML                       | NO     | FALSE              | FALSE              
  | BOOL         | READ_PDB                 | NO     | FALSE              | FALSE              
  | BOOL         | TEST_MODE                | NO     | FALSE              | FALSE              
  | INT          | DERIVE_LEVEL             | NO     | 0                  | 0                  
  | INT          | FINDIF_POINTS            | NO     | 3                  | 3                  
  | INT          | MEMORY                   | YES    | 5000               | 2000               
  | INT          | NUM_THREADS              | NO     | 1                  | 1                  
  | INT          | NUM_FROZEN_DOCC          | NO     | 0                  | 0                  
  | INT          | NUM_FROZEN_VIR           | NO     | 0                  | 0                  
  | INT          | PRINT_LEVEL              | NO     | 0                  | 0                  
  | STRING       | AUX_BASIS_CORR           | NO     | CC-PVDZ-RI         | CC-PVDZ-RI         
  | STRING       | AUX_BASIS_SCF            | NO     | CC-PVDZ-JKFIT      | CC-PVDZ-JKFIT      
  | STRING       | BASIS                    | YES    | CC-PVDZ            | CC-PVDZ            
  | STRING       | BASIS2                   | NO     | MINAO              | MINAO              
  | STRING       | DERIVE_TYPE              | NO     | ANALYTIC           | ANALYTIC           
  | STRING       | FINDIF_METHOD            | NO     | GRAD               | GRAD               
  | STRING       | GEOM_UNITS               | NO     | ANG                | ANG                
  | STRING       | JOBTYPE                  | YES    | ENERGY             | ENERGY             
  | STRING       | METHOD                   | YES    | MP2                | SCF                
  | STRING       | REFERENCE                | YES    | RHF                | RHF                
  | STRING       | OUTFILE_MODE             | NO     | NEW                | NEW                
  | DOUBLE       | STEP_BOHR                | NO     | 0.05               | 0.05               
  | STR_ARRAY    | MOLECULE_GEOM_FROM       | NO     | [input]            | [input]            
  | DOUBLE_ARRAY | ELECTRIC_STRENGTH        | NO     | [0.001;0.001;0.001]| [0.001;0.001;0.001]
  | STRING       | ELECTRIC_FIELD           | NO     | NONE               | NONE               
  | STRING       | ALIGN_TWO_ATOMS          | NO     | NONE               | NONE               
  | INT_ARRAY    | TWO_ATOMS                | NO     | [0]                | [0]                



  ## INTS Options ##

  | TYPE         | KEY                      | INPUT? | VALUE              | DEFAULT            
  |--------------|--------------------------|--------|--------------------|--------------------
  | DOUBLE       | BOYS_CUTOFF              | NO     | 1e-15              | 1e-15              
  | DOUBLE       | BOYS_ZERO                | NO     | 1e-06              | 1e-06              
  | DOUBLE       | DELTA_X                  | NO     | 0.1                | 0.1                
  | DOUBLE       | INTEGRAL_CUTOFF          | NO     | 1e-10              | 1e-10              
  | DOUBLE       | X_MAX                    | NO     | 30.0               | 30.0               
  | INT          | BOYS_MAXITER             | NO     | 10000              | 10000              
  | INT          | MAX_AM                   | NO     | 7                  | 7                  
  | INT          | MAX_AM_AUX               | NO     | 7                  | 7                  
  | INT          | PRINT_LEVEL              | NO     | 0                  | 0                  
  | INT          | TAYLOR_ORDER             | NO     | 6                  | 6                  
  | STRING       | 3INDEX_ALGORITHM         | NO     | AUTO               | AUTO               
  | STRING       | BOYS_METHOD              | NO     | GHP                | GHP                
  | STRING       | ERI_ALGORITHM            | NO     | MD4                | MD4                


	Initializing Liboeprop (by U. Bozkaya) ...

	*=================================================================*
	*                  SCF                                            *
	*   Developed by U. Bozkaya & Y. Alagoz                           *
	*   Latest revision Feb 16, 2021                                  *
	*=================================================================*



  ## SCF Options ##

  | TYPE         | KEY                      | INPUT? | VALUE              | DEFAULT            
  |--------------|--------------------------|--------|--------------------|--------------------
  | BOOL         | DIIS_DAMP                | NO     | FALSE              | FALSE              
  | BOOL         | DIE_IF_NOT_CONVERGED     | NO     | TRUE               | TRUE               
  | BOOL         | DO_DF                    | NO     | TRUE               | TRUE               
  | BOOL         | DIIS                     | NO     | TRUE               | TRUE               
  | BOOL         | FOCK_DAMP                | NO     | FALSE              | FALSE              
  | BOOL         | GUESS_MIX                | NO     | FALSE              | FALSE              
  | BOOL         | GUESS_PREVIOUS           | NO     | FALSE              | FALSE              
  | BOOL         | LOCAL                    | NO     | FALSE              | FALSE              
  | BOOL         | RETRY                    | NO     | TRUE               | TRUE               
  | DOUBLE       | CUTOFF                   | NO     | 1e-10              | 1e-10              
  | DOUBLE       | D_CONVERGENCE            | YES    | 1e-06              | 1e-06              
  | DOUBLE       | DAMP_PARAM               | NO     | 0.02               | 0.02               
  | DOUBLE       | E_CONVERGENCE            | YES    | 1e-08              | 1e-08              
  | DOUBLE       | FOCK_DAMP_PERC           | NO     | 20.0               | 20.0               
  | DOUBLE       | MIN_OVERLAP_EIGVAL       | NO     | 1e-06              | 1e-06              
  | DOUBLE       | LOCAL_CONVERGENCE        | NO     | 1e-08              | 1e-08              
  | DOUBLE       | QC_GUESS_E_CONVERGENCE   | NO     | 0.0001             | 0.0001             
  | DOUBLE       | QC_GUESS_D_CONVERGENCE   | NO     | 0.005              | 0.005              
  | INT          | MAX_DIIS                 | NO     | 6                  | 6                  
  | INT          | MIN_DIIS                 | NO     | 2                  | 2                  
  | INT          | PRINT_LEVEL              | NO     | 0                  | 0                  
  | INT          | SCF_MAXITER              | NO     | 50                 | 50                 
  | INT          | LOCAL_MAXITER            | NO     | 50                 | 50                 
  | STRING       | DIIS_ALGORITHM           | NO     | DISK               | DISK               
  | STRING       | GUESS                    | YES    | SAD                | SAD                
  | BOOL         | MO_WRITE                 | NO     | FALSE              | FALSE              
  | BOOL         | FOCK_WRITE               | NO     | FALSE              | FALSE              
  | STRING       | ORTH_TYPE                | NO     | CANONICAL          | CANONICAL          
  | STRING       | ROHF_CANONIC_TYPE        | NO     | GUEST              | GUEST              
  | STRING       | ERI                      | NO     | INCORE             | INCORE             
  | STRING       | SCF_ALGORITHM            | NO     | ROOTHAAN           | ROOTHAAN           
  | STRING       | LOCAL_TYPE               | NO     | BOYS               | BOYS               
  | BOOL         | SAD_FRAC_OCC             | NO     | TRUE               | TRUE               
  | BOOL         | SAD_SPIN_AVERAGE         | NO     | TRUE               | TRUE               
  | DOUBLE       | SAD_E_CONVERGENCE        | NO     | 1e-05              | 1e-05              
  | DOUBLE       | SAD_D_CONVERGENCE        | NO     | 1e-05              | 1e-05              
  | INT          | SAD_MAXITER              | NO     | 50                 | 50                 
  | BOOL         | NIE                      | NO     | FALSE              | FALSE              
  | BOOL         | SAD_DIIS                 | NO     | TRUE               | TRUE               
  | INT          | SAD_MAX_DIIS             | NO     | 6                  | 6                  
  | INT          | SAD_MIN_DIIS             | NO     | 2                  | 2                  
  | INT          | SAD_PRINT                | NO     | 0                  | 0                  
  | STRING       | SAD_AUX_BASIS            | NO     | SAD-FIT            | SAD-FIT            
  | DOUBLE       | SAD_CHOLESKY_TOLERANCE   | NO     | 1e-07              | 1e-07              
  | BOOL         | SOLVATION                | YES    | TRUE               | FALSE              
  | BOOL         | BYPASS                   | NO     | FALSE              | FALSE              
  | STRING       | IAO_TYPE                 | NO     | STANDARD2013       | STANDARD2013       
  | BOOL         | USE_IAOS                 | NO     | FALSE              | FALSE              

	Initializing libdiis ...
	Initializing libmolint 1.1 ...
 CC-PVDZ primary basis set file will be read for the O atom...
 CC-PVDZ primary basis set file will be read for the C atom...
 CC-PVDZ primary basis set file will be read for the H atom...
 Nmaxthread: 16 
 Nshell: 66 
 Lmax:  2 
 Npmax:  8 
 Nao: 134 
 Ndocc: 25 
 Nsocc:  0 
 NoccA: 25 
 NoccB: 25 
 Primary basis set info has been read.

 CC-PVDZ-JKFIT aux basis set file will be read for the O atom...
 CC-PVDZ-JKFIT aux basis set file will be read for the C atom...
 CC-PVDZ-JKFIT aux basis set file will be read for the H atom...
 Nshell_aux: 234 
 Naux: 650 
 Aux basis set info has been read.

 orth_type: CANONICAL 
 Cpu time for S ints :       0.0200 s
 Wall time for S ints:       0.0263 s

 Using canonical orthogonalization. 
 Minimum eigenvalue in the overlap matrix is:   3.8035E-03 

 Cpu time for T ints :       0.2600 s
 Wall time for T ints:       0.0667 s
 Cpu time for V ints :       1.1800 s
 Wall time for V ints:       0.6460 s
 Cpu time for Metric ints :       1.8400 s
 Wall time for Metric ints:       0.6141 s
 3-Index Algorithm: AUTO 

 Calling fortran integrals: ringing... 
 Done with fintegrals.

 Cpu time for 3-index ints :       5.6500 s
 Wall time for 3-index ints:       2.2963 s
 Cpu time for df-factors :       1.3700 s
 Wall time for df-factors:       0.3765 s


 Puream (True=1, False=0) : 1
 Number of AO             : 134
 Number of MO             : 134
 Number of Aux Functions  : 650
 Charge                   : 0
 Multiplicity             : 1
 Alpha OCC                : 25
 Beta OCC                 : 25
 Nuclear Repulsion Energy : 252.55410493
 Energy Treshold          : 1.0e-08
 Density Treshold         : 1.0e-06
 Iteration Limit          : 50
 Guess                    : SAD
 Guess Mix                : false
 Diis                     : true
 Diis Damping             : false
 Diis Damp Parameter      : 0.02
 Diis Algorithm           : DISK
 Cutoff Treshold          : 1.0e-10
 Density Fitting          : true
 Reference                : RHF
 Die If Not Converged     : true
 Print Level              : 0
 ERI Algorithm            : INCORE
 SCF Algorithm            : ROOTHAAN




  ## SOLVATION Options ##

  | TYPE         | KEY                      | INPUT? | VALUE              | DEFAULT            
  |--------------|--------------------------|--------|--------------------|--------------------
  | INT          | NUM_Z_POINTS             | NO     | 90                 | 90                 
  | INT          | NUM_ANG_POINTS           | NO     | 100                | 100                
  | STRING       | SASA_TYPE                | YES    | NUMERIC            | NUMERIC            
  | STRING       | CHARGE_TYPE              | NO     | IAO_MULLIKEN       | IAO_MULLIKEN       
  | STRING       | CDS_TYPE                 | YES    | SMD                | SMD                
  | STRING       | SOLVENT                  | YES    | WATER              | WATER              
  | STRING       | SOLVENT_PARAMS           | YES    | MN21               | SM8                
  | STRING       | DIELECTRIC_PARAMS        | YES    | MN21               | MN21               
  | STRING       | COULOMB_RADII            | NO     | SMD                | SMD                
  | DOUBLE       | COVALENT_VW_CONST        | NO     | 0.76               | 0.76               
  | DOUBLE       | SOLVENT_RADIUS           | NO     | 0.4                | 0.4                
  | STRING       | RADIUS_TYPE              | YES    | SMD                | SMD                
  | DOUBLE       | GB_DIJ                   | NO     | 3.7                | 3.7                
  | DOUBLE       | GB_SIJ                   | NO     | 0.75               | 0.75               
  | DOUBLE       | GB_CIJ                   | NO     | 0.0                | 0.0                
  | DOUBLE       | F_PWSASA                 | NO     | 0.4535             | 0.4535             
  | DOUBLE       | SCALE_VDW                | NO     | 1.0                | 1.0                
  | DOUBLE       | SCALE_CR                 | NO     | 1.0                | 1.0                



 Sasa Type                  : NUMERIC 
 Charge Type                : IAO_MULLIKEN 
 CDS Type                   : SMD 
 Radius Type                : SMD 
 Solvent                    : WATER 
 Solvent Parameters         : MN21 
 Dielectric Parameters      : MN21 
 Coulomb Radii Parameters   : SMD 
 GB d_ij parameter          : 3.7000000000 
 GB S_ij parameter          : 0.7500000000 
 GB C_ij parameter          : 0.0000000000 
 Sclae_vdw parameter        : 1.0000000000 
 Number of z-points         : 90 
 Number of angular points   : 100 
 Number of SASA grid points : 17902 
 Solvent Dielectric Constant: 78.3553000000 

 VDW Radii:
	  1 O :       1.5200  ang
	  2 O :       1.5200  ang
	  3 C :       1.7000  ang
	  4 C :       1.7000  ang
	  5 C :       1.7000  ang
	  6 C :       1.7000  ang
	  7 H :       1.2000  ang
	  8 H :       1.2000  ang
	  9 H :       1.2000  ang
	 10 H :       1.2000  ang
	 11 H :       1.2000  ang
	 12 H :       1.2000  ang
	 13 H :       1.2000  ang
	 14 H :       1.2000  ang
	 15 H :       1.2000  ang
	 16 H :       1.2000  ang

	 Computing SASA... 

 Atomic SASA values:
	  1 O :      12.5813  ang^2
	  2 O :      12.5813  ang^2
	  3 C :       3.5538  ang^2
	  4 C :       3.5538  ang^2
	  5 C :      10.5437  ang^2
	  6 C :      10.5437  ang^2
	  7 H :      11.4936  ang^2
	  8 H :      11.5062  ang^2
	  9 H :      11.4936  ang^2
	 10 H :      11.5062  ang^2
	 11 H :      13.0265  ang^2
	 12 H :      12.0687  ang^2
	 13 H :      12.0525  ang^2
	 14 H :      12.0525  ang^2
	 15 H :      13.0265  ang^2
	 16 H :      12.0687  ang^2

	*Total SASA (angs^2): 173.6522998286 


 Coulomb Radii:
	  1 O :       1.5200  ang
	  2 O :       1.5200  ang
	  3 C :       1.8500  ang
	  4 C :       1.8500  ang
	  5 C :       1.8500  ang
	  6 C :       1.8500  ang
	  7 H :       1.2000  ang
	  8 H :       1.2000  ang
	  9 H :       1.2000  ang
	 10 H :       1.2000  ang
	 11 H :       1.2000  ang
	 12 H :       1.2000  ang
	 13 H :       1.2000  ang
	 14 H :       1.2000  ang
	 15 H :       1.2000  ang
	 16 H :       1.2000  ang
 Solvent Alpha                       : 1.1700000000 

 ## Effective Born Radius (bohr) ##
   0   4.0622163280 
   1   4.0622157563 
   2   4.2582206152 
   3   4.2582207178 
   4   3.8661940876 
   5   3.8661939393 
   6   3.3929223320 
   7   3.3931947358 
   8   3.3929210323 
   9   3.3931956127 
  10   2.9769357308 
  11   3.0948811993 
  12   3.0945967172 
  13   3.0945934216 
  14   2.9769357411 
  15   3.0948833594 

 Effective Born Radii:
	  1 O :       2.1496  ang
	  2 O :       2.1496  ang
	  3 C :       2.2534  ang
	  4 C :       2.2534  ang
	  5 C :       2.0459  ang
	  6 C :       2.0459  ang
	  7 H :       1.7955  ang
	  8 H :       1.7956  ang
	  9 H :       1.7955  ang
	 10 H :       1.7956  ang
	 11 H :       1.5753  ang
	 12 H :       1.6377  ang
	 13 H :       1.6376  ang
	 14 H :       1.6376  ang
	 15 H :       1.5753  ang
	 16 H :       1.6377  ang


 Coulomb Integrals:
	  1  1 :       0.2462  bohr^-1
	  1  2 :       0.1363  bohr^-1
	  1  3 :       0.2103  bohr^-1
	  1  4 :       0.1749  bohr^-1
	  1  5 :       0.2182  bohr^-1
	  1  6 :       0.1094  bohr^-1
	  1  7 :       0.1977  bohr^-1
	  1  8 :       0.1977  bohr^-1
	  1  9 :       0.1744  bohr^-1
	  1 10 :       0.1741  bohr^-1
	  1 11 :       0.2070  bohr^-1
	  1 12 :       0.2021  bohr^-1
	  1 13 :       0.2021  bohr^-1
	  1 14 :       0.1062  bohr^-1
	  1 15 :       0.0943  bohr^-1
	  1 16 :       0.1063  bohr^-1
	  2  1 :       0.1363  bohr^-1
	  2  2 :       0.2462  bohr^-1
	  2  3 :       0.1749  bohr^-1
	  2  4 :       0.2103  bohr^-1
	  2  5 :       0.1094  bohr^-1
	  2  6 :       0.2182  bohr^-1
	  2  7 :       0.1744  bohr^-1
	  2  8 :       0.1741  bohr^-1
	  2  9 :       0.1977  bohr^-1
	  2 10 :       0.1977  bohr^-1
	  2 11 :       0.0943  bohr^-1
	  2 12 :       0.1063  bohr^-1
	  2 13 :       0.1062  bohr^-1
	  2 14 :       0.2021  bohr^-1
	  2 15 :       0.2070  bohr^-1
	  2 16 :       0.2021  bohr^-1
	  3  1 :       0.2103  bohr^-1
	  3  2 :       0.1749  bohr^-1
	  3  3 :       0.2348  bohr^-1
	  3  4 :       0.2031  bohr^-1
	  3  5 :       0.1776  bohr^-1
	  3  6 :       0.1344  bohr^-1
	  3  7 :       0.2381  bohr^-1
	  3  8 :       0.2381  bohr^-1
	  3  9 :       0.1920  bohr^-1
	  3 10 :       0.1920  bohr^-1
	  3 11 :       0.1510  bohr^-1
	  3 12 :       0.1742  bohr^-1
	  3 13 :       0.1741  bohr^-1
	  3 14 :       0.1270  bohr^-1
	  3 15 :       0.1180  bohr^-1
	  3 16 :       0.1269  bohr^-1
	  4  1 :       0.1749  bohr^-1
	  4  2 :       0.2103  bohr^-1
	  4  3 :       0.2031  bohr^-1
	  4  4 :       0.2348  bohr^-1
	  4  5 :       0.1344  bohr^-1
	  4  6 :       0.1776  bohr^-1
	  4  7 :       0.1920  bohr^-1
	  4  8 :       0.1920  bohr^-1
	  4  9 :       0.2381  bohr^-1
	  4 10 :       0.2381  bohr^-1
	  4 11 :       0.1180  bohr^-1
	  4 12 :       0.1269  bohr^-1
	  4 13 :       0.1270  bohr^-1
	  4 14 :       0.1741  bohr^-1
	  4 15 :       0.1510  bohr^-1
	  4 16 :       0.1742  bohr^-1
	  5  1 :       0.2182  bohr^-1
	  5  2 :       0.1094  bohr^-1
	  5  3 :       0.1776  bohr^-1
	  5  4 :       0.1344  bohr^-1
	  5  5 :       0.2587  bohr^-1
	  5  6 :       0.0882  bohr^-1
	  5  7 :       0.1748  bohr^-1
	  5  8 :       0.1750  bohr^-1
	  5  9 :       0.1295  bohr^-1
	  5 10 :       0.1294  bohr^-1
	  5 11 :       0.2613  bohr^-1
	  5 12 :       0.2569  bohr^-1
	  5 13 :       0.2569  bohr^-1
	  5 14 :       0.0849  bohr^-1
	  5 15 :       0.0784  bohr^-1
	  5 16 :       0.0849  bohr^-1
	  6  1 :       0.1094  bohr^-1
	  6  2 :       0.2182  bohr^-1
	  6  3 :       0.1344  bohr^-1
	  6  4 :       0.1776  bohr^-1
	  6  5 :       0.0882  bohr^-1
	  6  6 :       0.2587  bohr^-1
	  6  7 :       0.1295  bohr^-1
	  6  8 :       0.1294  bohr^-1
	  6  9 :       0.1748  bohr^-1
	  6 10 :       0.1750  bohr^-1
	  6 11 :       0.0784  bohr^-1
	  6 12 :       0.0849  bohr^-1
	  6 13 :       0.0849  bohr^-1
	  6 14 :       0.2569  bohr^-1
	  6 15 :       0.2613  bohr^-1
	  6 16 :       0.2569  bohr^-1
	  7  1 :       0.1977  bohr^-1
	  7  2 :       0.1744  bohr^-1
	  7  3 :       0.2381  bohr^-1
	  7  4 :       0.1920  bohr^-1
	  7  5 :       0.1748  bohr^-1
	  7  6 :       0.1295  bohr^-1
	  7  7 :       0.2947  bohr^-1
	  7  8 :       0.2233  bohr^-1
	  7  9 :       0.1854  bohr^-1
	  7 10 :       0.1607  bohr^-1
	  7 11 :       0.1420  bohr^-1
	  7 12 :       0.1903  bohr^-1
	  7 13 :       0.1635  bohr^-1
	  7 14 :       0.1150  bohr^-1
	  7 15 :       0.1160  bohr^-1
	  7 16 :       0.1240  bohr^-1
	  8  1 :       0.1977  bohr^-1
	  8  2 :       0.1741  bohr^-1
	  8  3 :       0.2381  bohr^-1
	  8  4 :       0.1920  bohr^-1
	  8  5 :       0.1750  bohr^-1
	  8  6 :       0.1294  bohr^-1
	  8  7 :       0.2233  bohr^-1
	  8  8 :       0.2947  bohr^-1
	  8  9 :       0.1607  bohr^-1
	  8 10 :       0.1856  bohr^-1
	  8 11 :       0.1420  bohr^-1
	  8 12 :       0.1638  bohr^-1
	  8 13 :       0.1905  bohr^-1
	  8 14 :       0.1240  bohr^-1
	  8 15 :       0.1158  bohr^-1
	  8 16 :       0.1148  bohr^-1
	  9  1 :       0.1744  bohr^-1
	  9  2 :       0.1977  bohr^-1
	  9  3 :       0.1920  bohr^-1
	  9  4 :       0.2381  bohr^-1
	  9  5 :       0.1295  bohr^-1
	  9  6 :       0.1748  bohr^-1
	  9  7 :       0.1854  bohr^-1
	  9  8 :       0.1607  bohr^-1
	  9  9 :       0.2947  bohr^-1
	  9 10 :       0.2233  bohr^-1
	  9 11 :       0.1160  bohr^-1
	  9 12 :       0.1240  bohr^-1
	  9 13 :       0.1150  bohr^-1
	  9 14 :       0.1635  bohr^-1
	  9 15 :       0.1420  bohr^-1
	  9 16 :       0.1903  bohr^-1
	 10  1 :       0.1741  bohr^-1
	 10  2 :       0.1977  bohr^-1
	 10  3 :       0.1920  bohr^-1
	 10  4 :       0.2381  bohr^-1
	 10  5 :       0.1294  bohr^-1
	 10  6 :       0.1750  bohr^-1
	 10  7 :       0.1607  bohr^-1
	 10  8 :       0.1856  bohr^-1
	 10  9 :       0.2233  bohr^-1
	 10 10 :       0.2947  bohr^-1
	 10 11 :       0.1158  bohr^-1
	 10 12 :       0.1148  bohr^-1
	 10 13 :       0.1240  bohr^-1
	 10 14 :       0.1905  bohr^-1
	 10 15 :       0.1420  bohr^-1
	 10 16 :       0.1638  bohr^-1
	 11  1 :       0.2070  bohr^-1
	 11  2 :       0.0943  bohr^-1
	 11  3 :       0.1510  bohr^-1
	 11  4 :       0.1180  bohr^-1
	 11  5 :       0.2613  bohr^-1
	 11  6 :       0.0784  bohr^-1
	 11  7 :       0.1420  bohr^-1
	 11  8 :       0.1420  bohr^-1
	 11  9 :       0.1160  bohr^-1
	 11 10 :       0.1158  bohr^-1
	 11 11 :       0.3359  bohr^-1
	 11 12 :       0.2363  bohr^-1
	 11 13 :       0.2363  bohr^-1
	 11 14 :       0.0765  bohr^-1
	 11 15 :       0.0697  bohr^-1
	 11 16 :       0.0765  bohr^-1
	 12  1 :       0.2021  bohr^-1
	 12  2 :       0.1063  bohr^-1
	 12  3 :       0.1742  bohr^-1
	 12  4 :       0.1269  bohr^-1
	 12  5 :       0.2569  bohr^-1
	 12  6 :       0.0849  bohr^-1
	 12  7 :       0.1903  bohr^-1
	 12  8 :       0.1638  bohr^-1
	 12  9 :       0.1240  bohr^-1
	 12 10 :       0.1148  bohr^-1
	 12 11 :       0.2363  bohr^-1
	 12 12 :       0.3231  bohr^-1
	 12 13 :       0.2340  bohr^-1
	 12 14 :       0.0795  bohr^-1
	 12 15 :       0.0765  bohr^-1
	 12 16 :       0.0825  bohr^-1
	 13  1 :       0.2021  bohr^-1
	 13  2 :       0.1062  bohr^-1
	 13  3 :       0.1741  bohr^-1
	 13  4 :       0.1270  bohr^-1
	 13  5 :       0.2569  bohr^-1
	 13  6 :       0.0849  bohr^-1
	 13  7 :       0.1635  bohr^-1
	 13  8 :       0.1905  bohr^-1
	 13  9 :       0.1150  bohr^-1
	 13 10 :       0.1240  bohr^-1
	 13 11 :       0.2363  bohr^-1
	 13 12 :       0.2340  bohr^-1
	 13 13 :       0.3231  bohr^-1
	 13 14 :       0.0825  bohr^-1
	 13 15 :       0.0765  bohr^-1
	 13 16 :       0.0795  bohr^-1
	 14  1 :       0.1062  bohr^-1
	 14  2 :       0.2021  bohr^-1
	 14  3 :       0.1270  bohr^-1
	 14  4 :       0.1741  bohr^-1
	 14  5 :       0.0849  bohr^-1
	 14  6 :       0.2569  bohr^-1
	 14  7 :       0.1150  bohr^-1
	 14  8 :       0.1240  bohr^-1
	 14  9 :       0.1635  bohr^-1
	 14 10 :       0.1905  bohr^-1
	 14 11 :       0.0765  bohr^-1
	 14 12 :       0.0795  bohr^-1
	 14 13 :       0.0825  bohr^-1
	 14 14 :       0.3231  bohr^-1
	 14 15 :       0.2363  bohr^-1
	 14 16 :       0.2340  bohr^-1
	 15  1 :       0.0943  bohr^-1
	 15  2 :       0.2070  bohr^-1
	 15  3 :       0.1180  bohr^-1
	 15  4 :       0.1510  bohr^-1
	 15  5 :       0.0784  bohr^-1
	 15  6 :       0.2613  bohr^-1
	 15  7 :       0.1160  bohr^-1
	 15  8 :       0.1158  bohr^-1
	 15  9 :       0.1420  bohr^-1
	 15 10 :       0.1420  bohr^-1
	 15 11 :       0.0697  bohr^-1
	 15 12 :       0.0765  bohr^-1
	 15 13 :       0.0765  bohr^-1
	 15 14 :       0.2363  bohr^-1
	 15 15 :       0.3359  bohr^-1
	 15 16 :       0.2363  bohr^-1
	 16  1 :       0.1063  bohr^-1
	 16  2 :       0.2021  bohr^-1
	 16  3 :       0.1269  bohr^-1
	 16  4 :       0.1742  bohr^-1
	 16  5 :       0.0849  bohr^-1
	 16  6 :       0.2569  bohr^-1
	 16  7 :       0.1240  bohr^-1
	 16  8 :       0.1148  bohr^-1
	 16  9 :       0.1903  bohr^-1
	 16 10 :       0.1638  bohr^-1
	 16 11 :       0.0765  bohr^-1
	 16 12 :       0.0825  bohr^-1
	 16 13 :       0.0795  bohr^-1
	 16 14 :       0.2340  bohr^-1
	 16 15 :       0.2363  bohr^-1
	 16 16 :       0.3231  bohr^-1
    ===> SCF Iteration Started <===

     Iter. |                   Energy |       Delta E |          Drms |
    -------|--------------------------|---------------|---------------|
         1 |      -306.02024493847978 |    -3.060e+02 |     1.292e-02 |
         2 |      -306.89107662309721 |    -8.708e-01 |     2.920e-03 | DIIS
         3 |      -306.98824980238669 |    -9.717e-02 |     6.722e-04 | DIIS
         4 |      -306.99926171151662 |    -1.101e-02 |     2.813e-04 | DIIS
         5 |      -307.00124850385350 |    -1.987e-03 |     6.981e-05 | DIIS
         6 |      -307.00130348184825 |    -5.498e-05 |     2.059e-05 | DIIS
         7 |      -307.00130742300325 |    -3.941e-06 |     5.641e-06 | DIIS
         8 |      -307.00130706514290 |     3.579e-07 |     1.250e-06 | DIIS
         9 |      -307.00130704778530 |     1.736e-08 |     6.319e-07 | DIIS
        10 |      -307.00130703898424 |     8.801e-09 |     2.340e-07 | DIIS


	-Alpha Occupied Orbital Energies (au):  
	 1: -20.5252520346 	 2: -20.5250762325 	 3: -11.2477440371 	 4: -11.2471479933 	 5: -11.2456784402 
	 6: -11.2450345792 	 7: -1.3513188807 	 8: -1.3402196645 	 9: -0.9960262592 	10: -0.9066305431 
	11: -0.8541410106 	12: -0.7988852818 	13: -0.6553907272 	14: -0.6368016629 	15: -0.6231978156 
	16: -0.6112957957 	17: -0.5819940407 	18: -0.5647929750 	19: -0.5437562134 	20: -0.4844846442 
	21: -0.4755711699 	22: -0.4545261476 	23: -0.4387294477 	24: -0.3910356399 	25: -0.3905329006 

	-Alpha Virtual Orbital Energies (au):  
	26: 0.2046194957 	27: 0.2079438513 	28: 0.2462624359 	29: 0.2477270705 	30: 0.2597680032 
	31: 0.2807363999 	32: 0.2835734927 	33: 0.2934592897 	34: 0.3023460455 	35: 0.3132808765 
	36: 0.3317867388 	37: 0.3683346935 	38: 0.4234744611 	39: 0.4471053992 	40: 0.4910795531 
	41: 0.5844558153 	42: 0.6197150834 	43: 0.6415718713 	44: 0.6664761975 	45: 0.6786207248 
	46: 0.7299027785 	47: 0.7392491968 	48: 0.7634751238 	49: 0.7938266684 	50: 0.8209073065 
	51: 0.8550534097 	52: 0.8707424708 	53: 0.8782504618 	54: 0.8826183233 	55: 0.8865418686 
	56: 0.8992438451 	57: 0.9082806334 	58: 0.9107107661 	59: 0.9155541419 	60: 0.9204508117 
	61: 0.9464464889 	62: 0.9636331179 	63: 1.0767538350 	64: 1.1267236904 	65: 1.1308052949 
	66: 1.1399276374 	67: 1.1740229950 	68: 1.2103911273 	69: 1.2486158779 	70: 1.3799505053 
	71: 1.4297017877 	72: 1.4365983901 	73: 1.4654759099 	74: 1.4834130861 	75: 1.4949177703 
	76: 1.5010958924 	77: 1.5280101498 	78: 1.6349972778 	79: 1.6492968818 	80: 1.6732789266 
	81: 1.6741874911 	82: 1.7132964092 	83: 1.8123438011 	84: 1.8284044012 	85: 1.8299924129 
	86: 1.8700081128 	87: 1.8871483095 	88: 1.8933511393 	89: 1.9118704401 	90: 1.9310389577 
	91: 1.9359243394 	92: 1.9481551977 	93: 1.9703531576 	94: 1.9823215563 	95: 1.9896367117 
	96: 2.0284504524 	97: 2.0364781136 	98: 2.0598496360 	99: 2.0771340108 	100: 2.0947710058 
	101: 2.1376691611 	102: 2.1654636137 	103: 2.2478465149 	104: 2.2934131710 	105: 2.2943143748 
	106: 2.3172814205 	107: 2.3434380889 	108: 2.3710901772 	109: 2.4001263557 	110: 2.4178463459 
	111: 2.4621324971 	112: 2.4876614974 	113: 2.5780923351 	114: 2.6382654439 	115: 2.7358165815 
	116: 2.7472073264 	117: 2.7586415111 	118: 2.7860250093 	119: 2.7921929378 	120: 2.7994551311 
	121: 2.8034865674 	122: 2.8160402558 	123: 2.8415247651 	124: 2.8778015519 	125: 3.3110037566 
	126: 3.3484910222 	127: 3.3794290812 	128: 3.3969664930 	129: 3.4249253830 	130: 3.5162494869 
	131: 3.5987764241 	132: 3.6448593208 	133: 3.7156732355 	134: 3.7804571762 


	-Mulliken Population Analysis for SCF:
	 1: -0.5000090592 	 2: -0.4993527450 	 3: 0.2034304448 	 4: 0.2035489046 	 5: 0.1875542200 
	 6: 0.1850372215 	 7: 0.0214706972 	 8: 0.0211703642 	 9: 0.0214965656 	10: 0.0211965116 
	11: 0.0399951802 	12: 0.0131759497 	13: 0.0131986509 	14: 0.0134373839 	15: 0.0412173334 
	16: 0.0134323766 

	-Lowdin Population Analysis for SCF:  
	 1: -0.0811066018 	 2: -0.0807445290 	 3: 0.0175612272 	 4: 0.0176115752 	 5: 0.0146768748 
	 6: 0.0136192355 	 7: 0.0078320408 	 8: 0.0077378998 	 9: 0.0078541043 	10: 0.0077602593 
	11: 0.0207618946 	12: 0.0062787613 	13: 0.0062659409 	14: 0.0063155865 	15: 0.0212394047 
	16: 0.0063363261 

	-Electronic Dipole Moment: (e a0)  
	 X:  -0.00037   Y:  0.00155   Z:  -0.01662   Total:  0.01669 

	-Electronic Dipole Moment: (D)  
	 X:  -0.00094   Y:  0.00394   Z:  -0.04224   Total:  0.04243 

	-Total Dipole Moment: (e a0)  
	 X:  -0.00037   Y:  0.00155   Z:  0.00593   Total:  0.00614 

	-Total Dipole Moment: (D)  
	 X:  -0.00095   Y:  0.00394   Z:  0.01508   Total:  0.01562 



	Initializing Liboeprop (by U. Bozkaya) ...


	-Mulliken Population Analysis for SCF-IAO:
	 1: -0.4568686416 	 2: -0.4563139946 	 3: 0.0235409747 	 4: 0.0236333645 	 5: -0.1137192534 
	 6: -0.1154984429 	 7: 0.1026589214 	 8: 0.1024167323 	 9: 0.1026944309 	10: 0.1024526666 
	11: 0.1364684429 	12: 0.1028121720 	13: 0.1027964650 	14: 0.1029263863 	15: 0.1372700108 
	16: 0.1029541576 

	-Lowdin Population Analysis for SCF-IAO:  
	 1: -0.4568686416 	 2: -0.4563139946 	 3: 0.0235409747 	 4: 0.0236333645 	 5: -0.1137192534 
	 6: -0.1154984429 	 7: 0.1026589214 	 8: 0.1024167323 	 9: 0.1026944309 	10: 0.1024526666 
	11: 0.1364684429 	12: 0.1028121720 	13: 0.1027964650 	14: 0.1029263863 	15: 0.1372700108 
	16: 0.1029541576 

	Initializing Liblocal (by U. Bozkaya) ...
  ==> Pipek-Mezey Localizer <==

    Convergence =   1.000E-08
    Maxiter     =          50

    Iteration                   Metric       Residual
    PM    0   1.1463989992278655E+01              -
    PM    1   2.6766158834304381E+01   1.334803E+00
    PM    2   3.1090468068771102E+01   1.615588E-01
    PM    3   3.1308766603102868E+01   7.021397E-03
    PM    4   3.1311662138835690E+01   9.248323E-05
    PM    5   3.1311695824386305E+01   1.075815E-06
    PM    6   3.1311696288701324E+01   1.482880E-08
    PM    7   3.1311696298195603E+01   3.032183E-10

    PM Localizer converged.



	*Molecular contr. to CDS energy:       0.0000  kcal/mol
	*Total CDS energy:       4.2983  kcal/mol
	*SCF::Polarization Free Energy (au)      : -0.0092965865 
	*SCF::Polarization Free Energy (kcal/mol):      -5.8337 
	*SCF::CDS Free Energy (au)      : 0.0068498300 
	*SCF::CDS Free Energy (kcal/mol):       4.2983 
	*SCF::Total Solvation Free Energy (au)      : -0.0024467565 
	*SCF::Total Solvation Free Energy (kcal/mol):      -1.5354 
 CC-PVDZ primary basis set file will be read for the O atom...
 CC-PVDZ primary basis set file will be read for the C atom...
 CC-PVDZ primary basis set file will be read for the H atom...
 Nmaxthread: 16 
 Nshell: 66 
 Lmax:  2 
 Npmax:  8 
 Nao: 134 
 Ndocc: 25 
 Nsocc:  0 
 NoccA: 25 
 NoccB: 25 
 Primary basis set info has been read.

 CC-PVDZ-JKFIT aux basis set file will be read for the O atom...
 CC-PVDZ-JKFIT aux basis set file will be read for the C atom...
 CC-PVDZ-JKFIT aux basis set file will be read for the H atom...
 Nshell_aux: 234 
 Naux: 650 
 Aux basis set info has been read.


	*Total SCF Energy: -307.00130703898424

 Cpu time for SCF :       1.3685 minutes
 Wall time for SCF:       0.6131 minutes


	MO spaces... 

	 FC   OCC   VIR   FV 
	----------------------
	  6   19   109    0


	Libtrans is initialized (by U. Bozkaya) ...

 ============================================================================== 
 ============================================================================== 
 ============================================================================== 

                       DF-MP2   
              Program Written by Ugur Bozkaya
              Latest Revision May 2, 2021

 ============================================================================== 
 ============================================================================== 
 ============================================================================== 

	For this residual convergence, default PCG convergence is:     1.00e-07
    Warning: "PCG_CONVERGENCE" option is changed to     1.00e-07


  ## DFOCC Options ##

  | TYPE         | KEY                      | INPUT? | VALUE              | DEFAULT            
  |--------------|--------------------------|--------|--------------------|--------------------
  | BOOL         | EOM                      | NO     | FALSE              | FALSE              
  | BOOL         | EOM_MP2                  | NO     | FALSE              | FALSE              
  | BOOL         | EOM_MP3                  | NO     | FALSE              | FALSE              
  | BOOL         | EOM_MP2_5                | NO     | FALSE              | FALSE              
  | BOOL         | EOM_LCCD                 | NO     | FALSE              | FALSE              
  | BOOL         | LOW_MEM_MP2              | NO     | FALSE              | FALSE              
  | BOOL         | LOW_MEM_MP3              | NO     | FALSE              | FALSE              
  | BOOL         | CD_PRESCREEN             | NO     | FALSE              | FALSE              
  | DOUBLE       | CIS_E_CONV               | NO     | 1e-06              | 1e-06              
  | DOUBLE       | CIS_R_CONV               | NO     | 1e-06              | 1e-06              
  | DOUBLE       | CIS_RES_PRECONDITION_TOL | NO     | 0.0001             | 0.0001             
  | DOUBLE       | DAVIDSON_TOLERANCE       | NO     | 1e-06              | 1e-06              
  | DOUBLE       | E3_SCALE                 | NO     | 0.25               | 0.25               
  | DOUBLE       | E_CONVERGENCE            | NO     | 1e-06              | 1e-06              
  | DOUBLE       | JK_MEMORY                | NO     | 1000000000.0       | 1000000000.0       
  | DOUBLE       | LEVEL_SHIFT              | NO     | 0.02               | 0.02               
  | DOUBLE       | MAX_MOGRAD_CONVERGENCE   | NO     | 0.001              | 0.001              
  | DOUBLE       | MO_STEP_MAX              | NO     | 0.5                | 0.5                
  | DOUBLE       | MP2_OS_SCALE             | NO     | 1.2                | 1.2                
  | DOUBLE       | MP2_SOS_SCALE            | NO     | 1.3                | 1.3                
  | DOUBLE       | MP2_SOS_SCALE2           | NO     | 1.2                | 1.2                
  | DOUBLE       | MP2_SS_SCALE             | NO     | 0.3333333333333333 | 0.3333333333333333 
  | DOUBLE       | OCC_PERCENTAGE           | NO     | 99.0               | 99.0               
  | DOUBLE       | OCC_TOLERANCE            | NO     | 1e-05              | 1e-05              
  | DOUBLE       | OO_SCALE                 | NO     | 0.01               | 0.01               
  | DOUBLE       | PCG_CONVERGENCE          | NO     | 1e-06              | 1e-06              
  | DOUBLE       | R_CONVERGENCE            | NO     | 1e-05              | 1e-05              
  | DOUBLE       | REG_PARAM                | NO     | 0.4                | 0.4                
  | DOUBLE       | KAPPA_REG_PARAM          | NO     | 1.1                | 1.1                
  | DOUBLE       | RMS_MOGRAD_CONVERGENCE   | NO     | 1e-06              | 1e-06              
  | DOUBLE       | SCG_TOLERANCE            | NO     | 1e-06              | 1e-06              
  | DOUBLE       | SCHMIDT_ADD_RES_TOL      | NO     | 0.001              | 0.001              
  | INT          | ACTIVE_NAT_ORBS          | NO     | 2                  | 2                  
  | INT          | CC_DIIS_MAX_VECS         | NO     | 6                  | 6                  
  | INT          | CC_DIIS_MIN_VECS         | NO     | 2                  | 2                  
  | INT          | CC_MAXITER               | NO     | 50                 | 50                 
  | INT          | CUTOFF                   | NO     | 8                  | 8                  
  | INT          | EXCITATION_RANGE         | NO     | 2                  | 2                  
  | INT          | FOLLOW_ROOT              | NO     | 1                  | 1                  
  | INT          | INTEGRAL_CUTOFF          | NO     | 9                  | 9                  
  | INT          | MAX_VECS                 | NO     | 50                 | 50                 
  | INT          | MO_DIIS_NUM_VECS         | NO     | 6                  | 6                  
  | INT          | MO_MAXITER               | NO     | 50                 | 50                 
  | INT          | NUM_ROOTS                | NO     | 4                  | 4                  
  | INT          | PCG_MAXITER              | NO     | 50                 | 50                 
  | INT          | PRINT_LEVEL              | NO     | 0                  | 0                  
  | INT          | VECS_PER_ROOT            | NO     | 1                  | 1                  
  | STRING       | CC_LAMBDA                | NO     | FALSE              | FALSE              
  | STRING       | CHOLESKY                 | NO     | FALSE              | FALSE              
  | STRING       | CIS_ALGORITHM            | NO     | MO_BASIS           | MO_BASIS           
  | STRING       | CIS_GUESS_COEFF          | NO     | MIX                | MIX                
  | STRING       | COMPUT_S2                | NO     | FALSE              | FALSE              
  | STRING       | DIAG_METHOD              | NO     | DAVIDSON           | DAVIDSON           
  | STRING       | DO_DIIS                  | NO     | TRUE               | TRUE               
  | STRING       | DO_LEVEL_SHIFT           | NO     | TRUE               | TRUE               
  | STRING       | DO_SCS                   | NO     | FALSE              | FALSE              
  | STRING       | DO_SOS                   | NO     | FALSE              | FALSE              
  | STRING       | EKT_IP                   | NO     | FALSE              | FALSE              
  | STRING       | FREEZE_CORE              | NO     | TRUE               | TRUE               
  | STRING       | HESS_TYPE                | NO     | HF                 | HF                 
  | STRING       | JK_TYPE                  | NO     | DIRECT             | DIRECT             
  | STRING       | LINEQ_SOLVER             | NO     | CDGESV             | CDGESV             
  | STRING       | MO_READ                  | NO     | FALSE              | FALSE              
  | STRING       | MO_WRITE                 | NO     | FALSE              | FALSE              
  | STRING       | MP2_AMP_TYPE             | NO     | DIRECT             | DIRECT             
  | STRING       | NAT_ORBS                 | NO     | FALSE              | FALSE              
  | STRING       | NBO                      | NO     | TRUE               | TRUE               
  | STRING       | OCC_ORBS_PRINT           | NO     | FALSE              | FALSE              
  | STRING       | OEPROP                   | NO     | FALSE              | FALSE              
  | STRING       | OPT_METHOD               | NO     | QNR                | QNR                
  | STRING       | ORB_RESP_SOLVER          | NO     | PCG                | PCG                
  | STRING       | ORTH_TYPE                | NO     | MGS                | MGS                
  | STRING       | PCG_BETA_TYPE            | NO     | FLETCHER_REEVES    | FLETCHER_REEVES    
  | STRING       | PPL_TYPE                 | NO     | AUTO               | AUTO               
  | STRING       | PRINT_CI_VECS            | NO     | FALSE              | FALSE              
  | STRING       | QCHF                     | NO     | FALSE              | FALSE              
  | STRING       | READ_SCF_3INDEX          | NO     | TRUE               | TRUE               
  | STRING       | REGULARIZATION           | NO     | FALSE              | FALSE              
  | STRING       | REG_TYPE                 | NO     | NORMAL             | NORMAL             
  | STRING       | SCS_TYPE                 | NO     | SCS                | SCS                
  | STRING       | SOS_TYPE                 | NO     | SOS                | SOS                
  | STRING       | TRIPLES_IABC_TYPE        | NO     | DISK               | DISK               
  | STRING       | UNIT_GUESS_TYPE          | NO     | GEN                | GEN                
  | STRING       | EKT_NEGATIVE_OCC         | NO     | ABS                | ABS                
  | BOOL         | SOLVATION                | YES    | TRUE               | FALSE              

	MO spaces... 

	 FC   OCC   VIR   FV 
	----------------------
	  6   19   109    0
 CC-PVDZ primary basis set file will be read for the O atom...
 CC-PVDZ primary basis set file will be read for the C atom...
 CC-PVDZ primary basis set file will be read for the H atom...
 Nmaxthread: 16 
 Nshell: 66 
 Lmax:  2 
 Npmax:  8 
 Nao: 134 
 Ndocc: 25 
 Nsocc:  0 
 NoccA: 25 
 NoccB: 25 
 Primary basis set info has been read.

 CC-PVDZ-RI aux basis set file will be read for the O atom...
 CC-PVDZ-RI aux basis set file will be read for the C atom...
 CC-PVDZ-RI aux basis set file will be read for the H atom...
 Nshell_aux: 168 
 Naux: 476 
 Aux basis set info has been read.

 Cpu time for Metric ints :       0.4400 s
 Wall time for Metric ints:       0.2034 s
 3-Index Algorithm: AUTO 

 Calling fortran integrals: ringing... 
 Done with fintegrals.

 Cpu time for 3-index ints :       4.9200 s
 Wall time for 3-index ints:       2.2983 s
 Cpu time for df-factors :       0.8600 s
 Wall time for df-factors:       0.2217 s
 CC-PVDZ primary basis set file will be read for the O atom...
 CC-PVDZ primary basis set file will be read for the C atom...
 CC-PVDZ primary basis set file will be read for the H atom...
 Nmaxthread: 16 
 Nshell: 66 
 Lmax:  2 
 Npmax:  8 
 Nao: 134 
 Ndocc: 25 
 Nsocc:  0 
 NoccA: 25 
 NoccB: 25 
 Primary basis set info has been read.

 CC-PVDZ-JKFIT aux basis set file will be read for the O atom...
 CC-PVDZ-JKFIT aux basis set file will be read for the C atom...
 CC-PVDZ-JKFIT aux basis set file will be read for the H atom...
 Nshell_aux: 234 
 Naux: 650 
 Aux basis set info has been read.

	Reading DF integrals from disk ...
 Cpu time for Metric ints :       1.3100 s
 Wall time for Metric ints:       0.3887 s
	Number of basis functions in the DF-HF basis: 650
	Number of basis functions in the DF-CC basis: 476

	Available memory                      :   5000.00 MB 
	Minimum required memory for amplitudes:    102.94 MB 
	Memory requirement for B-CC (Q|mu nu) :     68.38 MB 
	Memory requirement for B-CC (Q|ab)    :     45.24 MB 
	Memory requirement for DF-CC int trans:    124.00 MB 

	Computing DF-MP2 energy using SCF MOs (Canonical DF-MP2)... 
	======================================================================= 
	Nuclear Repulsion Energy (a.u.)    :   252.55411183311310
	DF-HF Energy (a.u.)                :  -307.00130703898424
	REF Energy (a.u.)                  :  -307.00130703898424
	DF-MP2 Correlation Energy (a.u.)   :    -0.94572335543394
	DF-MP2 Total Energy (a.u.)         :  -307.94703039441816
	======================================================================= 

	*Total MP2 Energy: -307.94703039441816

	Computing unrelaxed response density matrices...
	Number of independent-pairs: 2725
	Computing the generalized Fock matrix (GFM)...
	Computing the orbital gradient...
	Forming effective orbital gradient...
	Solving orbital Z-vector equations...

	            PCG Solver 
	   ------------------------------ 
	Iter     RMS Z Vector        RMS Residual  
	----    ---------------    ---------------
	  1         1.12e-03         7.98e-04
	  2         3.84e-04         3.07e-04
	  3         1.25e-04         5.50e-05
	  4         2.94e-05         1.84e-05
	  5         6.47e-06         4.67e-06
	  6         2.11e-06         7.90e-07
	  7         2.65e-07         1.82e-07
	  8         6.54e-08         2.88e-08

	Computing the relaxed PDMs and GFM...
	Compute solv. is starting ...

	Initializing Liboeprop (by U. Bozkaya) ...


	-Mulliken Population Analysis for MP2-IAO:
	 1: -0.1965072621 	 2: -0.1959977494 	 3: 0.1165172442 	 4: 0.1166200907 	 5: -0.0260377514 
	 6: -0.0278638693 	 7: 0.0414150922 	 8: 0.0412757187 	 9: 0.0414541985 	10: 0.0413154198 
	11: 0.0748436432 	12: 0.0426323701 	13: 0.0426107746 	14: 0.0427667690 	15: 0.0756794540 
	16: 0.0428009196 

	-Lowdin Population Analysis for MP2-IAO:  
	 1: -0.1965072621 	 2: -0.1959977494 	 3: 0.1165172442 	 4: 0.1166200907 	 5: -0.0260377514 
	 6: -0.0278638693 	 7: 0.0414150922 	 8: 0.0412757187 	 9: 0.0414541985 	10: 0.0413154198 
	11: 0.0748436432 	12: 0.0426323701 	13: 0.0426107746 	14: 0.0427667690 	15: 0.0756794540 
	16: 0.0428009196 


  ## SOLVATION Options ##

  | TYPE         | KEY                      | INPUT? | VALUE              | DEFAULT            
  |--------------|--------------------------|--------|--------------------|--------------------
  | INT          | NUM_Z_POINTS             | NO     | 90                 | 90                 
  | INT          | NUM_ANG_POINTS           | NO     | 100                | 100                
  | STRING       | SASA_TYPE                | YES    | NUMERIC            | NUMERIC            
  | STRING       | CHARGE_TYPE              | NO     | IAO_MULLIKEN       | IAO_MULLIKEN       
  | STRING       | CDS_TYPE                 | YES    | SMD                | SMD                
  | STRING       | SOLVENT                  | YES    | WATER              | WATER              
  | STRING       | SOLVENT_PARAMS           | YES    | MN21               | SM8                
  | STRING       | DIELECTRIC_PARAMS        | YES    | MN21               | MN21               
  | STRING       | COULOMB_RADII            | NO     | SMD                | SMD                
  | DOUBLE       | COVALENT_VW_CONST        | NO     | 0.76               | 0.76               
  | DOUBLE       | SOLVENT_RADIUS           | NO     | 0.4                | 0.4                
  | STRING       | RADIUS_TYPE              | YES    | SMD                | SMD                
  | DOUBLE       | GB_DIJ                   | NO     | 3.7                | 3.7                
  | DOUBLE       | GB_SIJ                   | NO     | 0.75               | 0.75               
  | DOUBLE       | GB_CIJ                   | NO     | 0.0                | 0.0                
  | DOUBLE       | F_PWSASA                 | NO     | 0.4535             | 0.4535             
  | DOUBLE       | SCALE_VDW                | NO     | 1.0                | 1.0                
  | DOUBLE       | SCALE_CR                 | NO     | 1.0                | 1.0                



 Sasa Type                  : NUMERIC 
 Charge Type                : IAO_MULLIKEN 
 CDS Type                   : SMD 
 Radius Type                : SMD 
 Solvent                    : WATER 
 Solvent Parameters         : MN21 
 Dielectric Parameters      : MN21 
 Coulomb Radii Parameters   : SMD 
 GB d_ij parameter          : 3.7000000000 
 GB S_ij parameter          : 0.7500000000 
 GB C_ij parameter          : 0.0000000000 
 Sclae_vdw parameter        : 1.0000000000 
 Number of z-points         : 90 
 Number of angular points   : 100 
 Number of SASA grid points : 17902 
 Solvent Dielectric Constant: 78.3553000000 

 VDW Radii:
	  1 O :       1.5200  ang
	  2 O :       1.5200  ang
	  3 C :       1.7000  ang
	  4 C :       1.7000  ang
	  5 C :       1.7000  ang
	  6 C :       1.7000  ang
	  7 H :       1.2000  ang
	  8 H :       1.2000  ang
	  9 H :       1.2000  ang
	 10 H :       1.2000  ang
	 11 H :       1.2000  ang
	 12 H :       1.2000  ang
	 13 H :       1.2000  ang
	 14 H :       1.2000  ang
	 15 H :       1.2000  ang
	 16 H :       1.2000  ang

	 Computing SASA... 

 Atomic SASA values:
	  1 O :      12.5813  ang^2
	  2 O :      12.5813  ang^2
	  3 C :       3.5538  ang^2
	  4 C :       3.5538  ang^2
	  5 C :      10.5437  ang^2
	  6 C :      10.5437  ang^2
	  7 H :      11.4936  ang^2
	  8 H :      11.5062  ang^2
	  9 H :      11.4936  ang^2
	 10 H :      11.5062  ang^2
	 11 H :      13.0265  ang^2
	 12 H :      12.0687  ang^2
	 13 H :      12.0525  ang^2
	 14 H :      12.0525  ang^2
	 15 H :      13.0265  ang^2
	 16 H :      12.0687  ang^2

	*Total SASA (angs^2): 173.6522998286 


 Coulomb Radii:
	  1 O :       1.5200  ang
	  2 O :       1.5200  ang
	  3 C :       1.8500  ang
	  4 C :       1.8500  ang
	  5 C :       1.8500  ang
	  6 C :       1.8500  ang
	  7 H :       1.2000  ang
	  8 H :       1.2000  ang
	  9 H :       1.2000  ang
	 10 H :       1.2000  ang
	 11 H :       1.2000  ang
	 12 H :       1.2000  ang
	 13 H :       1.2000  ang
	 14 H :       1.2000  ang
	 15 H :       1.2000  ang
	 16 H :       1.2000  ang
 Solvent Alpha                       : 1.1700000000 

 ## Effective Born Radius (bohr) ##
   0   4.0622163280 
   1   4.0622157563 
   2   4.2582206152 
   3   4.2582207178 
   4   3.8661940876 
   5   3.8661939393 
   6   3.3929223320 
   7   3.3931947358 
   8   3.3929210323 
   9   3.3931956127 
  10   2.9769357308 
  11   3.0948811993 
  12   3.0945967172 
  13   3.0945934216 
  14   2.9769357411 
  15   3.0948833594 

 Effective Born Radii:
	  1 O :       2.1496  ang
	  2 O :       2.1496  ang
	  3 C :       2.2534  ang
	  4 C :       2.2534  ang
	  5 C :       2.0459  ang
	  6 C :       2.0459  ang
	  7 H :       1.7955  ang
	  8 H :       1.7956  ang
	  9 H :       1.7955  ang
	 10 H :       1.7956  ang
	 11 H :       1.5753  ang
	 12 H :       1.6377  ang
	 13 H :       1.6376  ang
	 14 H :       1.6376  ang
	 15 H :       1.5753  ang
	 16 H :       1.6377  ang


 Coulomb Integrals:
	  1  1 :       0.2462  bohr^-1
	  1  2 :       0.1363  bohr^-1
	  1  3 :       0.2103  bohr^-1
	  1  4 :       0.1749  bohr^-1
	  1  5 :       0.2182  bohr^-1
	  1  6 :       0.1094  bohr^-1
	  1  7 :       0.1977  bohr^-1
	  1  8 :       0.1977  bohr^-1
	  1  9 :       0.1744  bohr^-1
	  1 10 :       0.1741  bohr^-1
	  1 11 :       0.2070  bohr^-1
	  1 12 :       0.2021  bohr^-1
	  1 13 :       0.2021  bohr^-1
	  1 14 :       0.1062  bohr^-1
	  1 15 :       0.0943  bohr^-1
	  1 16 :       0.1063  bohr^-1
	  2  1 :       0.1363  bohr^-1
	  2  2 :       0.2462  bohr^-1
	  2  3 :       0.1749  bohr^-1
	  2  4 :       0.2103  bohr^-1
	  2  5 :       0.1094  bohr^-1
	  2  6 :       0.2182  bohr^-1
	  2  7 :       0.1744  bohr^-1
	  2  8 :       0.1741  bohr^-1
	  2  9 :       0.1977  bohr^-1
	  2 10 :       0.1977  bohr^-1
	  2 11 :       0.0943  bohr^-1
	  2 12 :       0.1063  bohr^-1
	  2 13 :       0.1062  bohr^-1
	  2 14 :       0.2021  bohr^-1
	  2 15 :       0.2070  bohr^-1
	  2 16 :       0.2021  bohr^-1
	  3  1 :       0.2103  bohr^-1
	  3  2 :       0.1749  bohr^-1
	  3  3 :       0.2348  bohr^-1
	  3  4 :       0.2031  bohr^-1
	  3  5 :       0.1776  bohr^-1
	  3  6 :       0.1344  bohr^-1
	  3  7 :       0.2381  bohr^-1
	  3  8 :       0.2381  bohr^-1
	  3  9 :       0.1920  bohr^-1
	  3 10 :       0.1920  bohr^-1
	  3 11 :       0.1510  bohr^-1
	  3 12 :       0.1742  bohr^-1
	  3 13 :       0.1741  bohr^-1
	  3 14 :       0.1270  bohr^-1
	  3 15 :       0.1180  bohr^-1
	  3 16 :       0.1269  bohr^-1
	  4  1 :       0.1749  bohr^-1
	  4  2 :       0.2103  bohr^-1
	  4  3 :       0.2031  bohr^-1
	  4  4 :       0.2348  bohr^-1
	  4  5 :       0.1344  bohr^-1
	  4  6 :       0.1776  bohr^-1
	  4  7 :       0.1920  bohr^-1
	  4  8 :       0.1920  bohr^-1
	  4  9 :       0.2381  bohr^-1
	  4 10 :       0.2381  bohr^-1
	  4 11 :       0.1180  bohr^-1
	  4 12 :       0.1269  bohr^-1
	  4 13 :       0.1270  bohr^-1
	  4 14 :       0.1741  bohr^-1
	  4 15 :       0.1510  bohr^-1
	  4 16 :       0.1742  bohr^-1
	  5  1 :       0.2182  bohr^-1
	  5  2 :       0.1094  bohr^-1
	  5  3 :       0.1776  bohr^-1
	  5  4 :       0.1344  bohr^-1
	  5  5 :       0.2587  bohr^-1
	  5  6 :       0.0882  bohr^-1
	  5  7 :       0.1748  bohr^-1
	  5  8 :       0.1750  bohr^-1
	  5  9 :       0.1295  bohr^-1
	  5 10 :       0.1294  bohr^-1
	  5 11 :       0.2613  bohr^-1
	  5 12 :       0.2569  bohr^-1
	  5 13 :       0.2569  bohr^-1
	  5 14 :       0.0849  bohr^-1
	  5 15 :       0.0784  bohr^-1
	  5 16 :       0.0849  bohr^-1
	  6  1 :       0.1094  bohr^-1
	  6  2 :       0.2182  bohr^-1
	  6  3 :       0.1344  bohr^-1
	  6  4 :       0.1776  bohr^-1
	  6  5 :       0.0882  bohr^-1
	  6  6 :       0.2587  bohr^-1
	  6  7 :       0.1295  bohr^-1
	  6  8 :       0.1294  bohr^-1
	  6  9 :       0.1748  bohr^-1
	  6 10 :       0.1750  bohr^-1
	  6 11 :       0.0784  bohr^-1
	  6 12 :       0.0849  bohr^-1
	  6 13 :       0.0849  bohr^-1
	  6 14 :       0.2569  bohr^-1
	  6 15 :       0.2613  bohr^-1
	  6 16 :       0.2569  bohr^-1
	  7  1 :       0.1977  bohr^-1
	  7  2 :       0.1744  bohr^-1
	  7  3 :       0.2381  bohr^-1
	  7  4 :       0.1920  bohr^-1
	  7  5 :       0.1748  bohr^-1
	  7  6 :       0.1295  bohr^-1
	  7  7 :       0.2947  bohr^-1
	  7  8 :       0.2233  bohr^-1
	  7  9 :       0.1854  bohr^-1
	  7 10 :       0.1607  bohr^-1
	  7 11 :       0.1420  bohr^-1
	  7 12 :       0.1903  bohr^-1
	  7 13 :       0.1635  bohr^-1
	  7 14 :       0.1150  bohr^-1
	  7 15 :       0.1160  bohr^-1
	  7 16 :       0.1240  bohr^-1
	  8  1 :       0.1977  bohr^-1
	  8  2 :       0.1741  bohr^-1
	  8  3 :       0.2381  bohr^-1
	  8  4 :       0.1920  bohr^-1
	  8  5 :       0.1750  bohr^-1
	  8  6 :       0.1294  bohr^-1
	  8  7 :       0.2233  bohr^-1
	  8  8 :       0.2947  bohr^-1
	  8  9 :       0.1607  bohr^-1
	  8 10 :       0.1856  bohr^-1
	  8 11 :       0.1420  bohr^-1
	  8 12 :       0.1638  bohr^-1
	  8 13 :       0.1905  bohr^-1
	  8 14 :       0.1240  bohr^-1
	  8 15 :       0.1158  bohr^-1
	  8 16 :       0.1148  bohr^-1
	  9  1 :       0.1744  bohr^-1
	  9  2 :       0.1977  bohr^-1
	  9  3 :       0.1920  bohr^-1
	  9  4 :       0.2381  bohr^-1
	  9  5 :       0.1295  bohr^-1
	  9  6 :       0.1748  bohr^-1
	  9  7 :       0.1854  bohr^-1
	  9  8 :       0.1607  bohr^-1
	  9  9 :       0.2947  bohr^-1
	  9 10 :       0.2233  bohr^-1
	  9 11 :       0.1160  bohr^-1
	  9 12 :       0.1240  bohr^-1
	  9 13 :       0.1150  bohr^-1
	  9 14 :       0.1635  bohr^-1
	  9 15 :       0.1420  bohr^-1
	  9 16 :       0.1903  bohr^-1
	 10  1 :       0.1741  bohr^-1
	 10  2 :       0.1977  bohr^-1
	 10  3 :       0.1920  bohr^-1
	 10  4 :       0.2381  bohr^-1
	 10  5 :       0.1294  bohr^-1
	 10  6 :       0.1750  bohr^-1
	 10  7 :       0.1607  bohr^-1
	 10  8 :       0.1856  bohr^-1
	 10  9 :       0.2233  bohr^-1
	 10 10 :       0.2947  bohr^-1
	 10 11 :       0.1158  bohr^-1
	 10 12 :       0.1148  bohr^-1
	 10 13 :       0.1240  bohr^-1
	 10 14 :       0.1905  bohr^-1
	 10 15 :       0.1420  bohr^-1
	 10 16 :       0.1638  bohr^-1
	 11  1 :       0.2070  bohr^-1
	 11  2 :       0.0943  bohr^-1
	 11  3 :       0.1510  bohr^-1
	 11  4 :       0.1180  bohr^-1
	 11  5 :       0.2613  bohr^-1
	 11  6 :       0.0784  bohr^-1
	 11  7 :       0.1420  bohr^-1
	 11  8 :       0.1420  bohr^-1
	 11  9 :       0.1160  bohr^-1
	 11 10 :       0.1158  bohr^-1
	 11 11 :       0.3359  bohr^-1
	 11 12 :       0.2363  bohr^-1
	 11 13 :       0.2363  bohr^-1
	 11 14 :       0.0765  bohr^-1
	 11 15 :       0.0697  bohr^-1
	 11 16 :       0.0765  bohr^-1
	 12  1 :       0.2021  bohr^-1
	 12  2 :       0.1063  bohr^-1
	 12  3 :       0.1742  bohr^-1
	 12  4 :       0.1269  bohr^-1
	 12  5 :       0.2569  bohr^-1
	 12  6 :       0.0849  bohr^-1
	 12  7 :       0.1903  bohr^-1
	 12  8 :       0.1638  bohr^-1
	 12  9 :       0.1240  bohr^-1
	 12 10 :       0.1148  bohr^-1
	 12 11 :       0.2363  bohr^-1
	 12 12 :       0.3231  bohr^-1
	 12 13 :       0.2340  bohr^-1
	 12 14 :       0.0795  bohr^-1
	 12 15 :       0.0765  bohr^-1
	 12 16 :       0.0825  bohr^-1
	 13  1 :       0.2021  bohr^-1
	 13  2 :       0.1062  bohr^-1
	 13  3 :       0.1741  bohr^-1
	 13  4 :       0.1270  bohr^-1
	 13  5 :       0.2569  bohr^-1
	 13  6 :       0.0849  bohr^-1
	 13  7 :       0.1635  bohr^-1
	 13  8 :       0.1905  bohr^-1
	 13  9 :       0.1150  bohr^-1
	 13 10 :       0.1240  bohr^-1
	 13 11 :       0.2363  bohr^-1
	 13 12 :       0.2340  bohr^-1
	 13 13 :       0.3231  bohr^-1
	 13 14 :       0.0825  bohr^-1
	 13 15 :       0.0765  bohr^-1
	 13 16 :       0.0795  bohr^-1
	 14  1 :       0.1062  bohr^-1
	 14  2 :       0.2021  bohr^-1
	 14  3 :       0.1270  bohr^-1
	 14  4 :       0.1741  bohr^-1
	 14  5 :       0.0849  bohr^-1
	 14  6 :       0.2569  bohr^-1
	 14  7 :       0.1150  bohr^-1
	 14  8 :       0.1240  bohr^-1
	 14  9 :       0.1635  bohr^-1
	 14 10 :       0.1905  bohr^-1
	 14 11 :       0.0765  bohr^-1
	 14 12 :       0.0795  bohr^-1
	 14 13 :       0.0825  bohr^-1
	 14 14 :       0.3231  bohr^-1
	 14 15 :       0.2363  bohr^-1
	 14 16 :       0.2340  bohr^-1
	 15  1 :       0.0943  bohr^-1
	 15  2 :       0.2070  bohr^-1
	 15  3 :       0.1180  bohr^-1
	 15  4 :       0.1510  bohr^-1
	 15  5 :       0.0784  bohr^-1
	 15  6 :       0.2613  bohr^-1
	 15  7 :       0.1160  bohr^-1
	 15  8 :       0.1158  bohr^-1
	 15  9 :       0.1420  bohr^-1
	 15 10 :       0.1420  bohr^-1
	 15 11 :       0.0697  bohr^-1
	 15 12 :       0.0765  bohr^-1
	 15 13 :       0.0765  bohr^-1
	 15 14 :       0.2363  bohr^-1
	 15 15 :       0.3359  bohr^-1
	 15 16 :       0.2363  bohr^-1
	 16  1 :       0.1063  bohr^-1
	 16  2 :       0.2021  bohr^-1
	 16  3 :       0.1269  bohr^-1
	 16  4 :       0.1742  bohr^-1
	 16  5 :       0.0849  bohr^-1
	 16  6 :       0.2569  bohr^-1
	 16  7 :       0.1240  bohr^-1
	 16  8 :       0.1148  bohr^-1
	 16  9 :       0.1903  bohr^-1
	 16 10 :       0.1638  bohr^-1
	 16 11 :       0.0765  bohr^-1
	 16 12 :       0.0825  bohr^-1
	 16 13 :       0.0795  bohr^-1
	 16 14 :       0.2340  bohr^-1
	 16 15 :       0.2363  bohr^-1
	 16 16 :       0.3231  bohr^-1


	*Molecular contr. to CDS energy:       0.0000  kcal/mol
	*Total CDS energy:       4.2983  kcal/mol
	*MP2::Polarization Free Energy (au)      : -0.0073999433 
	*MP2::Polarization Free Energy (kcal/mol):      -4.6435 
	*MP2::CDS Free Energy (au)      : 0.0068498300 
	*MP2::CDS Free Energy (kcal/mol):       4.2983 
	*MP2::Total Solvation Free Energy (au)      : -0.0005501134 
	*MP2::Total Solvation Free Energy (kcal/mol):      -0.3452 
	GB-MP2 Total Energy (a.u.)         :  -307.94758050776892

	*Total GB-MP2 Energy: -307.94703039441816


 Cpu time for MacroQC :       2.0735 minutes
 Wall time for MacroQC:       0.8786 minutes


 ******************************************************************************************
	 MacroQC terminates normally:) 
 ****************************************************************************************** 

