 ==========================================================================================
 =========                __  ___                         ____  ______            =========
 ======                  /  |/  /___ _______________     / __ \/ ____/               ======
 ====                   / /|_/ / __ `/ ___/ ___/ __ \   / / / / /                      ====
 ===                   / /  / / /_/ / /__/ /  / /_/ /  / /_/ / /___                     ===
 ==                   /_/  /_/\__,_/\___/_/   \____/   \___\_\____/                      ==
 ===                                                                1.0.4                ===
 =====     An electronic structure theory software for large-scale applications       =====
 ======                                 See license.txt for license info             ======
 =========                                                                        =========
 ==========================================================================================
                                                                                           
                           * * * * * * * * * * * * * * * * * * * *                        
                           *            Developed by             *                        
                           *             U. Bozkaya              *                        
                           *                                     *                        
                           *       With contributions from:      *                        
                           *         B. Ermis, Y. Alagoz,        *                        
                           *         A. Unal, and A. K. Uyar     *                        
                           *         Git Version: deab493        *                        
                           *       Latest Revision: 2026-03-23   *                        
                           * * * * * * * * * * * * * * * * * * * *                        


 Run date: Wed Mar 25 11:44:02 2026
 
 Hostname: ub26 

 ## MacroQC input file ##
 ******************************************************************************************
$set_molecule
0 1
C      -0.5358768836    -0.5173848161     0.3043737611
C      -1.7294813794     0.2415872748    -0.2890461554
C       0.7206409184     0.3005795096     0.3275565147
C       1.8597667591    -0.0199019679    -0.2724108936
H      -0.3616092461    -1.4384032127    -0.2563787251
H      -0.7855488724    -0.8175459055     1.3278758273
H      -2.6350307621    -0.3656244874    -0.2566030239
H      -1.5413500913     0.5151608838    -1.3279914928
H      -1.9253263008     1.1612171294     0.2657737314
H       0.6643903564     1.2346281939     0.8816017164
H       2.7304105473     0.6200923552    -0.2192487800
H       1.9637678824    -0.9388049586    -0.8378686142
$end_molecule


$set_globals
   basis cc-pvdz
  method mp2
  reference rhf
  jobtype energy
  memory 5000
$end_globals


$set_scf
  e_convergence 1.0e-8
  d_convergence 1.0e-6
  guess sad
  solvation true
$end_scf


$set_solvation
  cds_type smd
  radius_type smd
  solvent_params mn21
  dielectric_params mn21
  sasa_type numeric
  solvent water
$end_solvation

#num_ang_points 100
#charge_type iao_mulliken, iao_lowdin, mulliken, lowdin
#coulomb_radii smd

$set_dfocc
solvation true
$end_dfocc

 ******************************************************************************************


	-Geometry before Center-of-Mass shift (ang): 
	 Number     Atom               X                    Y                       Z  
	 ---------------------------------------------------------------------------------------
           1     C            -0.5358768836         -0.5173848161           0.3043737611  
           2     C            -1.7294813794          0.2415872748          -0.2890461554  
           3     C             0.7206409184          0.3005795096           0.3275565147  
           4     C             1.8597667591         -0.0199019679          -0.2724108936  
           5     H            -0.3616092461         -1.4384032127          -0.2563787251  
           6     H            -0.7855488724         -0.8175459055           1.3278758273  
           7     H            -2.6350307621         -0.3656244874          -0.2566030239  
           8     H            -1.5413500913          0.5151608838          -1.3279914928  
           9     H            -1.9253263008          1.1612171294           0.2657737314  
          10     H             0.6643903564          1.2346281939           0.8816017164  
          11     H             2.7304105473          0.6200923552          -0.2192487800  
          12     H             1.9637678824         -0.9388049586          -0.8378686142  



	-Geometry after Center-of-Mass shift (ang): 
	 Atom               X                    Y                       Z  
	 -------------------------------------------------------------------
     C          -0.5693306451         -0.5179030027           0.2968905080  
     C          -1.7629351409          0.2410690882          -0.2965294085  
     C           0.6871871569          0.3000613230           0.3200732616  
     C           1.8263129976         -0.0204201545          -0.2798941467  
     H          -0.3950630076         -1.4389213993          -0.2638619782  
     H          -0.8190026339         -0.8180640921           1.3203925742  
     H          -2.6684845236         -0.3661426740          -0.2640862770  
     H          -1.5748038528          0.5146426972          -1.3354747459  
     H          -1.9587800623          1.1606989428           0.2582904783  
     H           0.6309365949          1.2341100073           0.8741184633  
     H           2.6969567858          0.6195741686          -0.2267320331  
     H           1.9303141209         -0.9393231452          -0.8453518673  


	-Geometry after Center-of-Mass shift (bohr): 
	 Atom               X                    Y                       Z  
	 -------------------------------------------------------------------
     C          -1.0758789940         -0.9786948346           0.5610417493  
     C          -3.3314645932          0.4555545541          -0.5603593703  
     C           1.2985955235          0.5670337214           0.6048508044  
     C           3.4512313849         -0.0385884994          -0.5289232814  
     H          -0.7465608866         -2.7191673607          -0.4986268738  
     H          -1.5476906741         -1.5459170871           2.4951803433  
     H          -5.0427049196         -0.6919093766          -0.4990507371  
     H          -2.9759479831          0.9725337503          -2.5236815173  
     H          -3.7015578577          2.1934031161           0.4880982647  
     H           1.1922973669          2.3321299226           1.6518444968  
     H           5.0965096974          1.1708254931          -0.4284614465  
     H           3.6477650246         -1.7750634877          -1.5974835089  


    Rotational Constants: A =     0.76912  B =     0.13802  C =      0.13458 [cm^-1] 
    Rotor Type: SYMMETRIC 

	-Nuclear Dipole Moment: (e a0)  
	 X:  -2.02299   Y:  -0.03134   Z:  -0.45252   Total:  2.07322 

	-Nuclear Dipole Moment: (D)  
	 X:  -5.14193   Y:  -0.07965   Z:  -1.15020   Total:  5.26960 


    Nuclear repulsion energy (V_NN)              : 117.226633282993 
   =====================================================
   Charge                : 0 
   Multiplicity          : 1 
   Number of Atoms       : 12 
   Number of Ghost Atoms : 0 
   Number of Electrons   : 32 
   Number of alpha occupied orbitals (NoccA)  : 16 
   Number of beta occupied orbitals (NoccB)   : 16 
   Number of singly occupied orbitals (Nsocc) : 0 
   Number of doubly occupied orbitals (Ndocc) : 16 
   =====================================================



  ## GLOBALS Options ##

  | TYPE         | KEY                      | INPUT? | VALUE              | DEFAULT            
  |--------------|--------------------------|--------|--------------------|--------------------
  | BOOL         | ERI_DISK                 | NO     | FALSE              | FALSE              
  | BOOL         | FREEZE_CORE              | NO     | TRUE               | TRUE               
  | BOOL         | MOL_FRAG                 | NO     | FALSE              | FALSE              
  | BOOL         | NOCOM                    | NO     | FALSE              | FALSE              
  | BOOL         | NOREORIENT               | NO     | TRUE               | TRUE               
  | BOOL         | PUREAM                   | NO     | TRUE               | TRUE               
  | BOOL         | ML                       | NO     | FALSE              | FALSE              
  | BOOL         | READ_PDB                 | NO     | FALSE              | FALSE              
  | BOOL         | TEST_MODE                | NO     | FALSE              | FALSE              
  | INT          | DERIVE_LEVEL             | NO     | 0                  | 0                  
  | INT          | FINDIF_POINTS            | NO     | 3                  | 3                  
  | INT          | MEMORY                   | YES    | 5000               | 2000               
  | INT          | NUM_THREADS              | NO     | 1                  | 1                  
  | INT          | NUM_FROZEN_DOCC          | NO     | 0                  | 0                  
  | INT          | NUM_FROZEN_VIR           | NO     | 0                  | 0                  
  | INT          | PRINT_LEVEL              | NO     | 0                  | 0                  
  | STRING       | AUX_BASIS_CORR           | NO     | CC-PVDZ-RI         | CC-PVDZ-RI         
  | STRING       | AUX_BASIS_SCF            | NO     | CC-PVDZ-JKFIT      | CC-PVDZ-JKFIT      
  | STRING       | BASIS                    | YES    | CC-PVDZ            | CC-PVDZ            
  | STRING       | BASIS2                   | NO     | MINAO              | MINAO              
  | STRING       | DERIVE_TYPE              | NO     | ANALYTIC           | ANALYTIC           
  | STRING       | FINDIF_METHOD            | NO     | GRAD               | GRAD               
  | STRING       | GEOM_UNITS               | NO     | ANG                | ANG                
  | STRING       | JOBTYPE                  | YES    | ENERGY             | ENERGY             
  | STRING       | METHOD                   | YES    | MP2                | SCF                
  | STRING       | REFERENCE                | YES    | RHF                | RHF                
  | STRING       | OUTFILE_MODE             | NO     | NEW                | NEW                
  | DOUBLE       | STEP_BOHR                | NO     | 0.05               | 0.05               
  | STR_ARRAY    | MOLECULE_GEOM_FROM       | NO     | [input]            | [input]            
  | DOUBLE_ARRAY | ELECTRIC_STRENGTH        | NO     | [0.001;0.001;0.001]| [0.001;0.001;0.001]
  | STRING       | ELECTRIC_FIELD           | NO     | NONE               | NONE               
  | STRING       | ALIGN_TWO_ATOMS          | NO     | NONE               | NONE               
  | INT_ARRAY    | TWO_ATOMS                | NO     | [0]                | [0]                



  ## INTS Options ##

  | TYPE         | KEY                      | INPUT? | VALUE              | DEFAULT            
  |--------------|--------------------------|--------|--------------------|--------------------
  | DOUBLE       | BOYS_CUTOFF              | NO     | 1e-15              | 1e-15              
  | DOUBLE       | BOYS_ZERO                | NO     | 1e-06              | 1e-06              
  | DOUBLE       | DELTA_X                  | NO     | 0.1                | 0.1                
  | DOUBLE       | INTEGRAL_CUTOFF          | NO     | 1e-10              | 1e-10              
  | DOUBLE       | X_MAX                    | NO     | 30.0               | 30.0               
  | INT          | BOYS_MAXITER             | NO     | 10000              | 10000              
  | INT          | MAX_AM                   | NO     | 7                  | 7                  
  | INT          | MAX_AM_AUX               | NO     | 7                  | 7                  
  | INT          | PRINT_LEVEL              | NO     | 0                  | 0                  
  | INT          | TAYLOR_ORDER             | NO     | 6                  | 6                  
  | STRING       | 3INDEX_ALGORITHM         | NO     | AUTO               | AUTO               
  | STRING       | BOYS_METHOD              | NO     | GHP                | GHP                
  | STRING       | ERI_ALGORITHM            | NO     | MD4                | MD4                


	Initializing Liboeprop (by U. Bozkaya) ...

	*=================================================================*
	*                  SCF                                            *
	*   Developed by U. Bozkaya & Y. Alagoz                           *
	*   Latest revision Feb 16, 2021                                  *
	*=================================================================*



  ## SCF Options ##

  | TYPE         | KEY                      | INPUT? | VALUE              | DEFAULT            
  |--------------|--------------------------|--------|--------------------|--------------------
  | BOOL         | DIIS_DAMP                | NO     | FALSE              | FALSE              
  | BOOL         | DIE_IF_NOT_CONVERGED     | NO     | TRUE               | TRUE               
  | BOOL         | DO_DF                    | NO     | TRUE               | TRUE               
  | BOOL         | DIIS                     | NO     | TRUE               | TRUE               
  | BOOL         | FOCK_DAMP                | NO     | FALSE              | FALSE              
  | BOOL         | GUESS_MIX                | NO     | FALSE              | FALSE              
  | BOOL         | GUESS_PREVIOUS           | NO     | FALSE              | FALSE              
  | BOOL         | LOCAL                    | NO     | FALSE              | FALSE              
  | BOOL         | RETRY                    | NO     | TRUE               | TRUE               
  | DOUBLE       | CUTOFF                   | NO     | 1e-10              | 1e-10              
  | DOUBLE       | D_CONVERGENCE            | YES    | 1e-06              | 1e-06              
  | DOUBLE       | DAMP_PARAM               | NO     | 0.02               | 0.02               
  | DOUBLE       | E_CONVERGENCE            | YES    | 1e-08              | 1e-08              
  | DOUBLE       | FOCK_DAMP_PERC           | NO     | 20.0               | 20.0               
  | DOUBLE       | MIN_OVERLAP_EIGVAL       | NO     | 1e-06              | 1e-06              
  | DOUBLE       | LOCAL_CONVERGENCE        | NO     | 1e-08              | 1e-08              
  | DOUBLE       | QC_GUESS_E_CONVERGENCE   | NO     | 0.0001             | 0.0001             
  | DOUBLE       | QC_GUESS_D_CONVERGENCE   | NO     | 0.005              | 0.005              
  | INT          | MAX_DIIS                 | NO     | 6                  | 6                  
  | INT          | MIN_DIIS                 | NO     | 2                  | 2                  
  | INT          | PRINT_LEVEL              | NO     | 0                  | 0                  
  | INT          | SCF_MAXITER              | NO     | 50                 | 50                 
  | INT          | LOCAL_MAXITER            | NO     | 50                 | 50                 
  | STRING       | DIIS_ALGORITHM           | NO     | DISK               | DISK               
  | STRING       | GUESS                    | YES    | SAD                | SAD                
  | BOOL         | MO_WRITE                 | NO     | FALSE              | FALSE              
  | BOOL         | FOCK_WRITE               | NO     | FALSE              | FALSE              
  | STRING       | ORTH_TYPE                | NO     | CANONICAL          | CANONICAL          
  | STRING       | ROHF_CANONIC_TYPE        | NO     | GUEST              | GUEST              
  | STRING       | ERI                      | NO     | INCORE             | INCORE             
  | STRING       | SCF_ALGORITHM            | NO     | ROOTHAAN           | ROOTHAAN           
  | STRING       | LOCAL_TYPE               | NO     | BOYS               | BOYS               
  | BOOL         | SAD_FRAC_OCC             | NO     | TRUE               | TRUE               
  | BOOL         | SAD_SPIN_AVERAGE         | NO     | TRUE               | TRUE               
  | DOUBLE       | SAD_E_CONVERGENCE        | NO     | 1e-05              | 1e-05              
  | DOUBLE       | SAD_D_CONVERGENCE        | NO     | 1e-05              | 1e-05              
  | INT          | SAD_MAXITER              | NO     | 50                 | 50                 
  | BOOL         | NIE                      | NO     | FALSE              | FALSE              
  | BOOL         | SAD_DIIS                 | NO     | TRUE               | TRUE               
  | INT          | SAD_MAX_DIIS             | NO     | 6                  | 6                  
  | INT          | SAD_MIN_DIIS             | NO     | 2                  | 2                  
  | INT          | SAD_PRINT                | NO     | 0                  | 0                  
  | STRING       | SAD_AUX_BASIS            | NO     | SAD-FIT            | SAD-FIT            
  | DOUBLE       | SAD_CHOLESKY_TOLERANCE   | NO     | 1e-07              | 1e-07              
  | BOOL         | SOLVATION                | YES    | TRUE               | FALSE              
  | BOOL         | BYPASS                   | NO     | FALSE              | FALSE              
  | STRING       | IAO_TYPE                 | NO     | STANDARD2013       | STANDARD2013       
  | BOOL         | USE_IAOS                 | NO     | FALSE              | FALSE              

	Initializing libdiis ...
	Initializing libmolint 1.1 ...
 CC-PVDZ primary basis set file will be read for the C atom...
 CC-PVDZ primary basis set file will be read for the H atom...
 Nmaxthread: 20 
 Nshell: 48 
 Lmax:  2 
 Npmax:  8 
 Nao: 96 
 Ndocc: 16 
 Nsocc:  0 
 NoccA: 16 
 NoccB: 16 
 Primary basis set info has been read.

 CC-PVDZ-JKFIT aux basis set file will be read for the C atom...
 CC-PVDZ-JKFIT aux basis set file will be read for the H atom...
 Nshell_aux: 168 
 Naux: 464 
 Aux basis set info has been read.

 orth_type: CANONICAL 
 Cpu time for S ints :       0.0200 s
 Wall time for S ints:       0.0125 s

 Using canonical orthogonalization. 
 Minimum eigenvalue in the overlap matrix is:   2.9413E-03 

 Cpu time for T ints :       0.0900 s
 Wall time for T ints:       0.0230 s
 Cpu time for V ints :       0.7800 s
 Wall time for V ints:       0.1952 s
 Cpu time for Metric ints :       1.0100 s
 Wall time for Metric ints:       0.2539 s
 3-Index Algorithm: AUTO 

 Calling fortran integrals: ringing... 
 Done with fintegrals.

 Cpu time for 3-index ints :       3.1600 s
 Wall time for 3-index ints:       0.8241 s
 Cpu time for df-factors :       0.3800 s
 Wall time for df-factors:       0.0978 s


 Puream (True=1, False=0) : 1
 Number of AO             : 96
 Number of MO             : 96
 Number of Aux Functions  : 464
 Charge                   : 0
 Multiplicity             : 1
 Alpha OCC                : 16
 Beta OCC                 : 16
 Nuclear Repulsion Energy : 117.22663328
 Energy Treshold          : 1.0e-08
 Density Treshold         : 1.0e-06
 Iteration Limit          : 50
 Guess                    : SAD
 Guess Mix                : false
 Diis                     : true
 Diis Damping             : false
 Diis Damp Parameter      : 0.02
 Diis Algorithm           : DISK
 Cutoff Treshold          : 1.0e-10
 Density Fitting          : true
 Reference                : RHF
 Die If Not Converged     : true
 Print Level              : 0
 ERI Algorithm            : INCORE
 SCF Algorithm            : ROOTHAAN




  ## SOLVATION Options ##

  | TYPE         | KEY                      | INPUT? | VALUE              | DEFAULT            
  |--------------|--------------------------|--------|--------------------|--------------------
  | INT          | NUM_Z_POINTS             | NO     | 90                 | 90                 
  | INT          | NUM_ANG_POINTS           | NO     | 100                | 100                
  | STRING       | SASA_TYPE                | YES    | NUMERIC            | NUMERIC            
  | STRING       | CHARGE_TYPE              | NO     | IAO_MULLIKEN       | IAO_MULLIKEN       
  | STRING       | CDS_TYPE                 | YES    | SMD                | SMD                
  | STRING       | SOLVENT                  | YES    | WATER              | WATER              
  | STRING       | SOLVENT_PARAMS           | YES    | MN21               | SM8                
  | STRING       | DIELECTRIC_PARAMS        | YES    | MN21               | MN21               
  | STRING       | COULOMB_RADII            | NO     | SMD                | SMD                
  | DOUBLE       | COVALENT_VW_CONST        | NO     | 0.76               | 0.76               
  | DOUBLE       | SOLVENT_RADIUS           | NO     | 0.4                | 0.4                
  | STRING       | RADIUS_TYPE              | YES    | SMD                | SMD                
  | DOUBLE       | GB_DIJ                   | NO     | 3.7                | 3.7                
  | DOUBLE       | GB_SIJ                   | NO     | 0.75               | 0.75               
  | DOUBLE       | GB_CIJ                   | NO     | 0.0                | 0.0                
  | DOUBLE       | F_PWSASA                 | NO     | 0.4535             | 0.4535             
  | DOUBLE       | SCALE_VDW                | NO     | 1.0                | 1.0                
  | DOUBLE       | SCALE_CR                 | NO     | 1.0                | 1.0                



 Sasa Type                  : NUMERIC 
 Charge Type                : IAO_MULLIKEN 
 CDS Type                   : SMD 
 Radius Type                : SMD 
 Solvent                    : WATER 
 Solvent Parameters         : MN21 
 Dielectric Parameters      : MN21 
 Coulomb Radii Parameters   : SMD 
 GB d_ij parameter          : 3.7000000000 
 GB S_ij parameter          : 0.7500000000 
 GB C_ij parameter          : 0.0000000000 
 Sclae_vdw parameter        : 1.0000000000 
 Number of z-points         : 90 
 Number of angular points   : 100 
 Number of SASA grid points : 17902 
 Solvent Dielectric Constant: 78.3553000000 

 VDW Radii:
	  1 C :       1.7000  ang
	  2 C :       1.7000  ang
	  3 C :       1.7000  ang
	  4 C :       1.7000  ang
	  5 H :       1.2000  ang
	  6 H :       1.2000  ang
	  7 H :       1.2000  ang
	  8 H :       1.2000  ang
	  9 H :       1.2000  ang
	 10 H :       1.2000  ang
	 11 H :       1.2000  ang
	 12 H :       1.2000  ang

	 Computing SASA... 

 Atomic SASA values:
	  1 C :       4.5351  ang^2
	  2 C :       9.0856  ang^2
	  3 C :       8.6151  ang^2
	  4 C :      17.2766  ang^2
	  5 H :      11.2474  ang^2
	  6 H :      12.4874  ang^2
	  7 H :      12.9438  ang^2
	  8 H :      12.5844  ang^2
	  9 H :      12.2555  ang^2
	 10 H :      12.4011  ang^2
	 11 H :      12.9618  ang^2
	 12 H :      11.8710  ang^2

	*Total SASA (angs^2): 138.2648094145 


 Coulomb Radii:
	  1 C :       1.8500  ang
	  2 C :       1.8500  ang
	  3 C :       1.8500  ang
	  4 C :       1.8500  ang
	  5 H :       1.2000  ang
	  6 H :       1.2000  ang
	  7 H :       1.2000  ang
	  8 H :       1.2000  ang
	  9 H :       1.2000  ang
	 10 H :       1.2000  ang
	 11 H :       1.2000  ang
	 12 H :       1.2000  ang
 Solvent Alpha                       : 1.1700000000 

 ## Effective Born Radius (bohr) ##
   0   4.2112859320 
   1   3.9780233470 
   2   4.2250157794 
   3   3.9390933712 
   4   3.4327384921 
   5   3.3258120572 
   6   3.0984467600 
   7   3.1717582015 
   8   3.1761322626 
   9   3.2409776833 
  10   2.9593560907 
  11   3.0479795538 

 Effective Born Radii:
	  1 C :       2.2285  ang
	  2 C :       2.1051  ang
	  3 C :       2.2358  ang
	  4 C :       2.0845  ang
	  5 H :       1.8165  ang
	  6 H :       1.7599  ang
	  7 H :       1.6396  ang
	  8 H :       1.6784  ang
	  9 H :       1.6807  ang
	 10 H :       1.7151  ang
	 11 H :       1.5660  ang
	 12 H :       1.6129  ang


 Coulomb Integrals:
	  1  1 :       0.2375  bohr^-1
	  1  2 :       0.2084  bohr^-1
	  1  3 :       0.2051  bohr^-1
	  1  4 :       0.1714  bohr^-1
	  1  5 :       0.2383  bohr^-1
	  1  6 :       0.2413  bohr^-1
	  1  7 :       0.1956  bohr^-1
	  1  8 :       0.1946  bohr^-1
	  1  9 :       0.1944  bohr^-1
	  1 10 :       0.1925  bohr^-1
	  1 11 :       0.1435  bohr^-1
	  1 12 :       0.1696  bohr^-1
	  2  1 :       0.2084  bohr^-1
	  2  2 :       0.2514  bohr^-1
	  2  3 :       0.1704  bohr^-1
	  2  4 :       0.1370  bohr^-1
	  2  5 :       0.1940  bohr^-1
	  2  6 :       0.1963  bohr^-1
	  2  7 :       0.2542  bohr^-1
	  2  8 :       0.2518  bohr^-1
	  2  9 :       0.2516  bohr^-1
	  2 10 :       0.1669  bohr^-1
	  2 11 :       0.1164  bohr^-1
	  2 12 :       0.1309  bohr^-1
	  3  1 :       0.2051  bohr^-1
	  3  2 :       0.1704  bohr^-1
	  3  3 :       0.2367  bohr^-1
	  3  4 :       0.2166  bohr^-1
	  3  5 :       0.1927  bohr^-1
	  3  6 :       0.1945  bohr^-1
	  3  7 :       0.1437  bohr^-1
	  3  8 :       0.1671  bohr^-1
	  3  9 :       0.1682  bohr^-1
	  3 10 :       0.2438  bohr^-1
	  3 11 :       0.2011  bohr^-1
	  3 12 :       0.1997  bohr^-1
	  4  1 :       0.1714  bohr^-1
	  4  2 :       0.1370  bohr^-1
	  4  3 :       0.2166  bohr^-1
	  4  4 :       0.2539  bohr^-1
	  4  5 :       0.1740  bohr^-1
	  4  6 :       0.1532  bohr^-1
	  4  7 :       0.1155  bohr^-1
	  4  8 :       0.1402  bohr^-1
	  4  9 :       0.1282  bohr^-1
	  4 10 :       0.2013  bohr^-1
	  4 11 :       0.2603  bohr^-1
	  4 12 :       0.2572  bohr^-1
	  5  1 :       0.2383  bohr^-1
	  5  2 :       0.1940  bohr^-1
	  5  3 :       0.1927  bohr^-1
	  5  4 :       0.1740  bohr^-1
	  5  5 :       0.2913  bohr^-1
	  5  6 :       0.2248  bohr^-1
	  5  7 :       0.1871  bohr^-1
	  5  8 :       0.1860  bohr^-1
	  5  9 :       0.1611  bohr^-1
	  5 10 :       0.1606  bohr^-1
	  5 11 :       0.1387  bohr^-1
	  5 12 :       0.1909  bohr^-1
	  6  1 :       0.2413  bohr^-1
	  6  2 :       0.1963  bohr^-1
	  6  3 :       0.1945  bohr^-1
	  6  4 :       0.1532  bohr^-1
	  6  5 :       0.2248  bohr^-1
	  6  6 :       0.3007  bohr^-1
	  6  7 :       0.1900  bohr^-1
	  6  8 :       0.1621  bohr^-1
	  6  9 :       0.1871  bohr^-1
	  6 10 :       0.1848  bohr^-1
	  6 11 :       0.1270  bohr^-1
	  6 12 :       0.1459  bohr^-1
	  7  1 :       0.1956  bohr^-1
	  7  2 :       0.2542  bohr^-1
	  7  3 :       0.1437  bohr^-1
	  7  4 :       0.1155  bohr^-1
	  7  5 :       0.1871  bohr^-1
	  7  6 :       0.1900  bohr^-1
	  7  7 :       0.3227  bohr^-1
	  7  8 :       0.2333  bohr^-1
	  7  9 :       0.2334  bohr^-1
	  7 10 :       0.1347  bohr^-1
	  7 11 :       0.0968  bohr^-1
	  7 12 :       0.1126  bohr^-1
	  8  1 :       0.1946  bohr^-1
	  8  2 :       0.2518  bohr^-1
	  8  3 :       0.1671  bohr^-1
	  8  4 :       0.1402  bohr^-1
	  8  5 :       0.1860  bohr^-1
	  8  6 :       0.1621  bohr^-1
	  8  7 :       0.2333  bohr^-1
	  8  8 :       0.3153  bohr^-1
	  8  9 :       0.2321  bohr^-1
	  8 10 :       0.1570  bohr^-1
	  8 11 :       0.1188  bohr^-1
	  8 12 :       0.1354  bohr^-1
	  9  1 :       0.1944  bohr^-1
	  9  2 :       0.2516  bohr^-1
	  9  3 :       0.1682  bohr^-1
	  9  4 :       0.1282  bohr^-1
	  9  5 :       0.1611  bohr^-1
	  9  6 :       0.1871  bohr^-1
	  9  7 :       0.2334  bohr^-1
	  9  8 :       0.2321  bohr^-1
	  9  9 :       0.3148  bohr^-1
	  9 10 :       0.1807  bohr^-1
	  9 11 :       0.1116  bohr^-1
	  9 12 :       0.1152  bohr^-1
	 10  1 :       0.1925  bohr^-1
	 10  2 :       0.1669  bohr^-1
	 10  3 :       0.2438  bohr^-1
	 10  4 :       0.2013  bohr^-1
	 10  5 :       0.1606  bohr^-1
	 10  6 :       0.1848  bohr^-1
	 10  7 :       0.1347  bohr^-1
	 10  8 :       0.1570  bohr^-1
	 10  9 :       0.1807  bohr^-1
	 10 10 :       0.3085  bohr^-1
	 10 11 :       0.1952  bohr^-1
	 10 12 :       0.1635  bohr^-1
	 11  1 :       0.1435  bohr^-1
	 11  2 :       0.1164  bohr^-1
	 11  3 :       0.2011  bohr^-1
	 11  4 :       0.2603  bohr^-1
	 11  5 :       0.1387  bohr^-1
	 11  6 :       0.1270  bohr^-1
	 11  7 :       0.0968  bohr^-1
	 11  8 :       0.1188  bohr^-1
	 11  9 :       0.1116  bohr^-1
	 11 10 :       0.1952  bohr^-1
	 11 11 :       0.3379  bohr^-1
	 11 12 :       0.2330  bohr^-1
	 12  1 :       0.1696  bohr^-1
	 12  2 :       0.1309  bohr^-1
	 12  3 :       0.1997  bohr^-1
	 12  4 :       0.2572  bohr^-1
	 12  5 :       0.1909  bohr^-1
	 12  6 :       0.1459  bohr^-1
	 12  7 :       0.1126  bohr^-1
	 12  8 :       0.1354  bohr^-1
	 12  9 :       0.1152  bohr^-1
	 12 10 :       0.1635  bohr^-1
	 12 11 :       0.2330  bohr^-1
	 12 12 :       0.3281  bohr^-1
    ===> SCF Iteration Started <===

     Iter. |                   Energy |       Delta E |          Drms |
    -------|--------------------------|---------------|---------------|
         1 |      -155.33864258455611 |    -1.553e+02 |     1.739e-02 |
         2 |      -156.00269580764461 |    -6.641e-01 |     4.661e-03 | DIIS
         3 |      -156.10465137949387 |    -1.020e-01 |     1.226e-03 | DIIS
         4 |      -156.11832734516230 |    -1.368e-02 |     5.763e-04 | DIIS
         5 |      -156.11932643108543 |    -9.991e-04 |     7.924e-05 | DIIS
         6 |      -156.11938929938816 |    -6.287e-05 |     2.448e-05 | DIIS
         7 |      -156.11939172771383 |    -2.428e-06 |     9.591e-06 | DIIS
         8 |      -156.11939208066792 |    -3.530e-07 |     3.728e-06 | DIIS
         9 |      -156.11939215193775 |    -7.127e-08 |     1.137e-06 | DIIS
        10 |      -156.11939216336378 |    -1.143e-08 |     4.643e-07 | DIIS
        11 |      -156.11939218406405 |    -2.070e-08 |     8.024e-08 | DIIS
        12 |      -156.11939218543785 |    -1.374e-09 |     1.626e-08 | DIIS


	-Alpha Occupied Orbital Energies (au):  
	 1: -11.2083795482 	 2: -11.2051189759 	 3: -11.1975988476 	 4: -11.1975156027 	 5: -1.0548984398 
	 6: -0.9641899878 	 7: -0.8311333490 	 8: -0.7285623499 	 9: -0.6152906359 	10: -0.5796996825 
	11: -0.5589488163 	12: -0.5081238161 	13: -0.4907156940 	14: -0.4604610858 	15: -0.4478443420 
	16: -0.3330294698 
	-Alpha Virtual Orbital Energies (au):  
	17: 0.1904255379 	18: 0.2123235021 	19: 0.2270446202 	20: 0.2382904556 	21: 0.2555294829 
	22: 0.2815644041 	23: 0.2904885323 	24: 0.2960116772 	25: 0.3109830447 	26: 0.3935161839 
	27: 0.4348855455 	28: 0.5157318375 	29: 0.5866614066 	30: 0.6084108990 	31: 0.6213266211 
	32: 0.6278695416 	33: 0.6787461472 	34: 0.7238080846 	35: 0.7716472988 	36: 0.7947588201 
	37: 0.8484056765 	38: 0.8614567262 	39: 0.8839454966 	40: 0.8904951498 	41: 0.8940883646 
	42: 0.9069533647 	43: 0.9282677863 	44: 0.9495080544 	45: 0.9613672339 	46: 0.9649286517 
	47: 1.0195359006 	48: 1.0414363415 	49: 1.1174535651 	50: 1.2029954907 	51: 1.2396723498 
	52: 1.2744082254 	53: 1.3014594608 	54: 1.3632722231 	55: 1.4046716697 	56: 1.4558247432 
	57: 1.5129054277 	58: 1.6045309538 	59: 1.6869023654 	60: 1.6997251298 	61: 1.7150167193 
	62: 1.7615556998 	63: 1.8313255820 	64: 1.8691362757 	65: 1.8870913672 	66: 1.9089383202 
	67: 1.9186429200 	68: 1.9326174020 	69: 1.9424776703 	70: 1.9612116212 	71: 1.9774878908 
	72: 1.9939041480 	73: 2.0028518499 	74: 2.0160624002 	75: 2.0848895283 	76: 2.1496945434 
	77: 2.1921723953 	78: 2.2194637435 	79: 2.2664222927 	80: 2.3090748900 	81: 2.3643906115 
	82: 2.4527169977 	83: 2.4868676810 	84: 2.5347980589 	85: 2.5409257109 	86: 2.5906210727 
	87: 2.6153300280 	88: 2.6947951441 	89: 2.7670675898 	90: 2.7863577698 	91: 2.8625461852 
	92: 2.8937328674 	93: 2.9106263080 	94: 3.0138942611 	95: 3.1160421325 	96: 3.3774267211 



	-Mulliken Population Analysis for SCF:
	 1: -0.0269184446 	 2: -0.0472160218 	 3: -0.1442193000 	 4: -0.0278803258 	 5: 0.0225252870 
	 6: 0.0365843312 	 7: 0.0285318379 	 8: 0.0350565364 	 9: 0.0271816545 	10: 0.0212652983 
	11: 0.0414838500 	12: 0.0336052968 

	-Lowdin Population Analysis for SCF:  
	 1: -0.0351802255 	 2: -0.0473815757 	 3: -0.0239099967 	 4: -0.0649452320 	 5: 0.0225347757 
	 6: 0.0256518127 	 7: 0.0215086567 	 8: 0.0212427910 	 9: 0.0193630568 	10: 0.0216124627 
	11: 0.0215496588 	12: 0.0179538156 

	-Electronic Dipole Moment: (e a0)  
	 X:  1.88654   Y:  0.02027   Z:  0.49092   Total:  1.94947 

	-Electronic Dipole Moment: (D)  
	 X:  4.79511   Y:  0.05151   Z:  1.24780   Total:  4.95507 

	-Total Dipole Moment: (e a0)  
	 X:  -0.13645   Y:  -0.01107   Z:  0.03840   Total:  0.14218 

	-Total Dipole Moment: (D)  
	 X:  -0.34682   Y:  -0.02813   Z:  0.09760   Total:  0.36139 



	Initializing Liboeprop (by U. Bozkaya) ...


	-Mulliken Population Analysis for SCF-IAO:
	 1: -0.2094271070 	 2: -0.3543174483 	 3: -0.1065548199 	 4: -0.3043519285 	 5: 0.1149011102 
	 6: 0.1182674395 	 7: 0.1200320167 	 8: 0.1205900625 	 9: 0.1152341342 	10: 0.1230765770 
	11: 0.1352013289 	12: 0.1274676013 

	-Lowdin Population Analysis for SCF-IAO:  
	 1: -0.2094271070 	 2: -0.3543174483 	 3: -0.1065548199 	 4: -0.3043519285 	 5: 0.1149011102 
	 6: 0.1182674395 	 7: 0.1200320167 	 8: 0.1205900625 	 9: 0.1152341342 	10: 0.1230765770 
	11: 0.1352013289 	12: 0.1274676013 

	Initializing Liblocal (by U. Bozkaya) ...
  ==> Pipek-Mezey Localizer <==

    Convergence =   1.000E-08
    Maxiter     =          50

    Iteration                   Metric       Residual
    PM    0   1.0283607469097275E+01              -
    PM    1   1.9108268501750640E+01   8.581289E-01
    PM    2   2.1245725896781092E+01   1.118603E-01
    PM    3   2.1310793819267023E+01   3.062636E-03
    PM    4   2.1311481629272873E+01   3.227519E-05
    PM    5   2.1311487918177118E+01   2.950947E-07
    PM    6   2.1311488031918092E+01   5.337073E-09

    PM Localizer converged.



	*Molecular contr. to CDS energy:       0.0000  kcal/mol
	*Total CDS energy:       3.3767  kcal/mol
	*SCF::Polarization Free Energy (au)      : -0.0015430600 
	*SCF::Polarization Free Energy (kcal/mol):      -0.9683 
	*SCF::CDS Free Energy (au)      : 0.0053811923 
	*SCF::CDS Free Energy (kcal/mol):       3.3767 
	*SCF::Total Solvation Free Energy (au)      : 0.0038381323 
	*SCF::Total Solvation Free Energy (kcal/mol):       2.4085 
 CC-PVDZ primary basis set file will be read for the C atom...
 CC-PVDZ primary basis set file will be read for the H atom...
 Nmaxthread: 20 
 Nshell: 48 
 Lmax:  2 
 Npmax:  8 
 Nao: 96 
 Ndocc: 16 
 Nsocc:  0 
 NoccA: 16 
 NoccB: 16 
 Primary basis set info has been read.

 CC-PVDZ-JKFIT aux basis set file will be read for the C atom...
 CC-PVDZ-JKFIT aux basis set file will be read for the H atom...
 Nshell_aux: 168 
 Naux: 464 
 Aux basis set info has been read.


	*Total SCF Energy: -156.11939218543785

 Cpu time for SCF :       1.2107 minutes
 Wall time for SCF:       0.4837 minutes


	MO spaces... 

	 FC   OCC   VIR   FV 
	----------------------
	  4   12    80    0


	Libtrans is initialized (by U. Bozkaya) ...

 ============================================================================== 
 ============================================================================== 
 ============================================================================== 

                       DF-MP2   
              Program Written by Ugur Bozkaya
              Latest Revision May 2, 2021

 ============================================================================== 
 ============================================================================== 
 ============================================================================== 

	For this residual convergence, default PCG convergence is:     1.00e-07
    Warning: "PCG_CONVERGENCE" option is changed to     1.00e-07


  ## DFOCC Options ##

  | TYPE         | KEY                      | INPUT? | VALUE              | DEFAULT            
  |--------------|--------------------------|--------|--------------------|--------------------
  | BOOL         | EOM                      | NO     | FALSE              | FALSE              
  | BOOL         | EOM_MP2                  | NO     | FALSE              | FALSE              
  | BOOL         | EOM_MP3                  | NO     | FALSE              | FALSE              
  | BOOL         | EOM_MP2_5                | NO     | FALSE              | FALSE              
  | BOOL         | EOM_LCCD                 | NO     | FALSE              | FALSE              
  | BOOL         | LOW_MEM_MP2              | NO     | FALSE              | FALSE              
  | BOOL         | LOW_MEM_MP3              | NO     | FALSE              | FALSE              
  | BOOL         | CD_PRESCREEN             | NO     | FALSE              | FALSE              
  | DOUBLE       | CIS_E_CONV               | NO     | 1e-06              | 1e-06              
  | DOUBLE       | CIS_R_CONV               | NO     | 1e-06              | 1e-06              
  | DOUBLE       | CIS_RES_PRECONDITION_TOL | NO     | 0.0001             | 0.0001             
  | DOUBLE       | DAVIDSON_TOLERANCE       | NO     | 1e-06              | 1e-06              
  | DOUBLE       | E3_SCALE                 | NO     | 0.25               | 0.25               
  | DOUBLE       | E_CONVERGENCE            | NO     | 1e-06              | 1e-06              
  | DOUBLE       | JK_MEMORY                | NO     | 1000000000.0       | 1000000000.0       
  | DOUBLE       | LEVEL_SHIFT              | NO     | 0.02               | 0.02               
  | DOUBLE       | MAX_MOGRAD_CONVERGENCE   | NO     | 0.001              | 0.001              
  | DOUBLE       | MO_STEP_MAX              | NO     | 0.5                | 0.5                
  | DOUBLE       | MP2_OS_SCALE             | NO     | 1.2                | 1.2                
  | DOUBLE       | MP2_SOS_SCALE            | NO     | 1.3                | 1.3                
  | DOUBLE       | MP2_SOS_SCALE2           | NO     | 1.2                | 1.2                
  | DOUBLE       | MP2_SS_SCALE             | NO     | 0.3333333333333333 | 0.3333333333333333 
  | DOUBLE       | OCC_PERCENTAGE           | NO     | 99.0               | 99.0               
  | DOUBLE       | OCC_TOLERANCE            | NO     | 1e-05              | 1e-05              
  | DOUBLE       | OO_SCALE                 | NO     | 0.01               | 0.01               
  | DOUBLE       | PCG_CONVERGENCE          | NO     | 1e-06              | 1e-06              
  | DOUBLE       | R_CONVERGENCE            | NO     | 1e-05              | 1e-05              
  | DOUBLE       | REG_PARAM                | NO     | 0.4                | 0.4                
  | DOUBLE       | KAPPA_REG_PARAM          | NO     | 1.1                | 1.1                
  | DOUBLE       | RMS_MOGRAD_CONVERGENCE   | NO     | 1e-06              | 1e-06              
  | DOUBLE       | SCG_TOLERANCE            | NO     | 1e-06              | 1e-06              
  | DOUBLE       | SCHMIDT_ADD_RES_TOL      | NO     | 0.001              | 0.001              
  | INT          | ACTIVE_NAT_ORBS          | NO     | 2                  | 2                  
  | INT          | CC_DIIS_MAX_VECS         | NO     | 6                  | 6                  
  | INT          | CC_DIIS_MIN_VECS         | NO     | 2                  | 2                  
  | INT          | CC_MAXITER               | NO     | 50                 | 50                 
  | INT          | CUTOFF                   | NO     | 8                  | 8                  
  | INT          | EXCITATION_RANGE         | NO     | 2                  | 2                  
  | INT          | FOLLOW_ROOT              | NO     | 1                  | 1                  
  | INT          | INTEGRAL_CUTOFF          | NO     | 9                  | 9                  
  | INT          | MAX_VECS                 | NO     | 50                 | 50                 
  | INT          | MO_DIIS_NUM_VECS         | NO     | 6                  | 6                  
  | INT          | MO_MAXITER               | NO     | 50                 | 50                 
  | INT          | NUM_ROOTS                | NO     | 4                  | 4                  
  | INT          | PCG_MAXITER              | NO     | 50                 | 50                 
  | INT          | PRINT_LEVEL              | NO     | 0                  | 0                  
  | INT          | VECS_PER_ROOT            | NO     | 1                  | 1                  
  | STRING       | CC_LAMBDA                | NO     | FALSE              | FALSE              
  | STRING       | CHOLESKY                 | NO     | FALSE              | FALSE              
  | STRING       | CIS_ALGORITHM            | NO     | MO_BASIS           | MO_BASIS           
  | STRING       | CIS_GUESS_COEFF          | NO     | MIX                | MIX                
  | STRING       | COMPUT_S2                | NO     | FALSE              | FALSE              
  | STRING       | DIAG_METHOD              | NO     | DAVIDSON           | DAVIDSON           
  | STRING       | DO_DIIS                  | NO     | TRUE               | TRUE               
  | STRING       | DO_LEVEL_SHIFT           | NO     | TRUE               | TRUE               
  | STRING       | DO_SCS                   | NO     | FALSE              | FALSE              
  | STRING       | DO_SOS                   | NO     | FALSE              | FALSE              
  | STRING       | EKT_IP                   | NO     | FALSE              | FALSE              
  | STRING       | FREEZE_CORE              | NO     | TRUE               | TRUE               
  | STRING       | HESS_TYPE                | NO     | HF                 | HF                 
  | STRING       | JK_TYPE                  | NO     | DIRECT             | DIRECT             
  | STRING       | LINEQ_SOLVER             | NO     | CDGESV             | CDGESV             
  | STRING       | MO_READ                  | NO     | FALSE              | FALSE              
  | STRING       | MO_WRITE                 | NO     | FALSE              | FALSE              
  | STRING       | MP2_AMP_TYPE             | NO     | DIRECT             | DIRECT             
  | STRING       | NAT_ORBS                 | NO     | FALSE              | FALSE              
  | STRING       | NBO                      | NO     | TRUE               | TRUE               
  | STRING       | OCC_ORBS_PRINT           | NO     | FALSE              | FALSE              
  | STRING       | OEPROP                   | NO     | FALSE              | FALSE              
  | STRING       | OPT_METHOD               | NO     | QNR                | QNR                
  | STRING       | ORB_RESP_SOLVER          | NO     | PCG                | PCG                
  | STRING       | ORTH_TYPE                | NO     | MGS                | MGS                
  | STRING       | PCG_BETA_TYPE            | NO     | FLETCHER_REEVES    | FLETCHER_REEVES    
  | STRING       | PPL_TYPE                 | NO     | AUTO               | AUTO               
  | STRING       | PRINT_CI_VECS            | NO     | FALSE              | FALSE              
  | STRING       | QCHF                     | NO     | FALSE              | FALSE              
  | STRING       | READ_SCF_3INDEX          | NO     | TRUE               | TRUE               
  | STRING       | REGULARIZATION           | NO     | FALSE              | FALSE              
  | STRING       | REG_TYPE                 | NO     | NORMAL             | NORMAL             
  | STRING       | SCS_TYPE                 | NO     | SCS                | SCS                
  | STRING       | SOS_TYPE                 | NO     | SOS                | SOS                
  | STRING       | TRIPLES_IABC_TYPE        | NO     | DISK               | DISK               
  | STRING       | UNIT_GUESS_TYPE          | NO     | GEN                | GEN                
  | STRING       | EKT_NEGATIVE_OCC         | NO     | ABS                | ABS                
  | BOOL         | SOLVATION                | YES    | TRUE               | FALSE              

	MO spaces... 

	 FC   OCC   VIR   FV 
	----------------------
	  4   12    80    0
 CC-PVDZ primary basis set file will be read for the C atom...
 CC-PVDZ primary basis set file will be read for the H atom...
 Nmaxthread: 20 
 Nshell: 48 
 Lmax:  2 
 Npmax:  8 
 Nao: 96 
 Ndocc: 16 
 Nsocc:  0 
 NoccA: 16 
 NoccB: 16 
 Primary basis set info has been read.

 CC-PVDZ-RI aux basis set file will be read for the C atom...
 CC-PVDZ-RI aux basis set file will be read for the H atom...
 Nshell_aux: 120 
 Naux: 336 
 Aux basis set info has been read.

 Cpu time for Metric ints :       0.2000 s
 Wall time for Metric ints:       0.1132 s
 3-Index Algorithm: AUTO 

 Calling fortran integrals: ringing... 
 Done with fintegrals.

 Cpu time for 3-index ints :       2.2200 s
 Wall time for 3-index ints:       0.5830 s
 Cpu time for df-factors :       0.2000 s
 Wall time for df-factors:       0.0534 s
 CC-PVDZ primary basis set file will be read for the C atom...
 CC-PVDZ primary basis set file will be read for the H atom...
 Nmaxthread: 20 
 Nshell: 48 
 Lmax:  2 
 Npmax:  8 
 Nao: 96 
 Ndocc: 16 
 Nsocc:  0 
 NoccA: 16 
 NoccB: 16 
 Primary basis set info has been read.

 CC-PVDZ-JKFIT aux basis set file will be read for the C atom...
 CC-PVDZ-JKFIT aux basis set file will be read for the H atom...
 Nshell_aux: 168 
 Naux: 464 
 Aux basis set info has been read.

	Reading DF integrals from disk ...
 Cpu time for Metric ints :       1.1800 s
 Wall time for Metric ints:       0.4218 s
	Number of basis functions in the DF-HF basis: 464
	Number of basis functions in the DF-CC basis: 336

	Available memory                      :   5000.00 MB 
	Minimum required memory for amplitudes:     22.12 MB 
	Memory requirement for B-CC (Q|mu nu) :     24.77 MB 
	Memory requirement for B-CC (Q|ab)    :     17.20 MB 
	Memory requirement for DF-CC int trans:     45.42 MB 

	Computing DF-MP2 energy using SCF MOs (Canonical DF-MP2)... 
	======================================================================= 
	Nuclear Repulsion Energy (a.u.)    :   117.22662632495651
	DF-HF Energy (a.u.)                :  -156.11939218543785
	REF Energy (a.u.)                  :  -156.11939218543785
	DF-MP2 Correlation Energy (a.u.)   :    -0.56399517135794
	DF-MP2 Total Energy (a.u.)         :  -156.68338735679578
	======================================================================= 

	*Total MP2 Energy: -156.68338735679578

	Computing unrelaxed response density matrices...
	Number of independent-pairs: 1280
	Computing the generalized Fock matrix (GFM)...
	Computing the orbital gradient...
	Forming effective orbital gradient...
	Solving orbital Z-vector equations...

	            PCG Solver 
	   ------------------------------ 
	Iter     RMS Z Vector        RMS Residual  
	----    ---------------    ---------------
	  1         1.17e-03         6.51e-04
	  2         4.70e-04         3.89e-04
	  3         1.67e-04         9.09e-05
	  4         7.43e-05         2.02e-05
	  5         6.77e-06         4.97e-06
	  6         2.17e-06         1.22e-06
	  7         4.47e-07         3.12e-07
	  8         1.38e-07         5.44e-08
	  9         2.30e-08         1.59e-08

	Computing the relaxed PDMs and GFM...
	Compute solv. is starting ...

	Initializing Liboeprop (by U. Bozkaya) ...


	-Mulliken Population Analysis for MP2-IAO:
	 1: -0.0763946184 	 2: -0.2221571063 	 3: 0.0783791387 	 4: -0.2902984641 	 5: 0.0844291139 
	 6: 0.0804255466 	 7: 0.0798263979 	 8: 0.0898175522 	 9: 0.0822686786 	10: 0.0906882251 
	11: 0.0846724815 	12: 0.0855711219 

	-Lowdin Population Analysis for MP2-IAO:  
	 1: -0.0763946184 	 2: -0.2221571063 	 3: 0.0783791387 	 4: -0.2902984641 	 5: 0.0844291139 
	 6: 0.0804255466 	 7: 0.0798263979 	 8: 0.0898175522 	 9: 0.0822686786 	10: 0.0906882251 
	11: 0.0846724815 	12: 0.0855711219 


  ## SOLVATION Options ##

  | TYPE         | KEY                      | INPUT? | VALUE              | DEFAULT            
  |--------------|--------------------------|--------|--------------------|--------------------
  | INT          | NUM_Z_POINTS             | NO     | 90                 | 90                 
  | INT          | NUM_ANG_POINTS           | NO     | 100                | 100                
  | STRING       | SASA_TYPE                | YES    | NUMERIC            | NUMERIC            
  | STRING       | CHARGE_TYPE              | NO     | IAO_MULLIKEN       | IAO_MULLIKEN       
  | STRING       | CDS_TYPE                 | YES    | SMD                | SMD                
  | STRING       | SOLVENT                  | YES    | WATER              | WATER              
  | STRING       | SOLVENT_PARAMS           | YES    | MN21               | SM8                
  | STRING       | DIELECTRIC_PARAMS        | YES    | MN21               | MN21               
  | STRING       | COULOMB_RADII            | NO     | SMD                | SMD                
  | DOUBLE       | COVALENT_VW_CONST        | NO     | 0.76               | 0.76               
  | DOUBLE       | SOLVENT_RADIUS           | NO     | 0.4                | 0.4                
  | STRING       | RADIUS_TYPE              | YES    | SMD                | SMD                
  | DOUBLE       | GB_DIJ                   | NO     | 3.7                | 3.7                
  | DOUBLE       | GB_SIJ                   | NO     | 0.75               | 0.75               
  | DOUBLE       | GB_CIJ                   | NO     | 0.0                | 0.0                
  | DOUBLE       | F_PWSASA                 | NO     | 0.4535             | 0.4535             
  | DOUBLE       | SCALE_VDW                | NO     | 1.0                | 1.0                
  | DOUBLE       | SCALE_CR                 | NO     | 1.0                | 1.0                



 Sasa Type                  : NUMERIC 
 Charge Type                : IAO_MULLIKEN 
 CDS Type                   : SMD 
 Radius Type                : SMD 
 Solvent                    : WATER 
 Solvent Parameters         : MN21 
 Dielectric Parameters      : MN21 
 Coulomb Radii Parameters   : SMD 
 GB d_ij parameter          : 3.7000000000 
 GB S_ij parameter          : 0.7500000000 
 GB C_ij parameter          : 0.0000000000 
 Sclae_vdw parameter        : 1.0000000000 
 Number of z-points         : 90 
 Number of angular points   : 100 
 Number of SASA grid points : 17902 
 Solvent Dielectric Constant: 78.3553000000 

 VDW Radii:
	  1 C :       1.7000  ang
	  2 C :       1.7000  ang
	  3 C :       1.7000  ang
	  4 C :       1.7000  ang
	  5 H :       1.2000  ang
	  6 H :       1.2000  ang
	  7 H :       1.2000  ang
	  8 H :       1.2000  ang
	  9 H :       1.2000  ang
	 10 H :       1.2000  ang
	 11 H :       1.2000  ang
	 12 H :       1.2000  ang

	 Computing SASA... 

 Atomic SASA values:
	  1 C :       4.5351  ang^2
	  2 C :       9.0856  ang^2
	  3 C :       8.6151  ang^2
	  4 C :      17.2766  ang^2
	  5 H :      11.2474  ang^2
	  6 H :      12.4874  ang^2
	  7 H :      12.9438  ang^2
	  8 H :      12.5844  ang^2
	  9 H :      12.2555  ang^2
	 10 H :      12.4011  ang^2
	 11 H :      12.9618  ang^2
	 12 H :      11.8710  ang^2

	*Total SASA (angs^2): 138.2648094145 


 Coulomb Radii:
	  1 C :       1.8500  ang
	  2 C :       1.8500  ang
	  3 C :       1.8500  ang
	  4 C :       1.8500  ang
	  5 H :       1.2000  ang
	  6 H :       1.2000  ang
	  7 H :       1.2000  ang
	  8 H :       1.2000  ang
	  9 H :       1.2000  ang
	 10 H :       1.2000  ang
	 11 H :       1.2000  ang
	 12 H :       1.2000  ang
 Solvent Alpha                       : 1.1700000000 

 ## Effective Born Radius (bohr) ##
   0   4.2112859320 
   1   3.9780233470 
   2   4.2250157794 
   3   3.9390933712 
   4   3.4327384921 
   5   3.3258120572 
   6   3.0984467600 
   7   3.1717582015 
   8   3.1761322626 
   9   3.2409776833 
  10   2.9593560907 
  11   3.0479795538 

 Effective Born Radii:
	  1 C :       2.2285  ang
	  2 C :       2.1051  ang
	  3 C :       2.2358  ang
	  4 C :       2.0845  ang
	  5 H :       1.8165  ang
	  6 H :       1.7599  ang
	  7 H :       1.6396  ang
	  8 H :       1.6784  ang
	  9 H :       1.6807  ang
	 10 H :       1.7151  ang
	 11 H :       1.5660  ang
	 12 H :       1.6129  ang


 Coulomb Integrals:
	  1  1 :       0.2375  bohr^-1
	  1  2 :       0.2084  bohr^-1
	  1  3 :       0.2051  bohr^-1
	  1  4 :       0.1714  bohr^-1
	  1  5 :       0.2383  bohr^-1
	  1  6 :       0.2413  bohr^-1
	  1  7 :       0.1956  bohr^-1
	  1  8 :       0.1946  bohr^-1
	  1  9 :       0.1944  bohr^-1
	  1 10 :       0.1925  bohr^-1
	  1 11 :       0.1435  bohr^-1
	  1 12 :       0.1696  bohr^-1
	  2  1 :       0.2084  bohr^-1
	  2  2 :       0.2514  bohr^-1
	  2  3 :       0.1704  bohr^-1
	  2  4 :       0.1370  bohr^-1
	  2  5 :       0.1940  bohr^-1
	  2  6 :       0.1963  bohr^-1
	  2  7 :       0.2542  bohr^-1
	  2  8 :       0.2518  bohr^-1
	  2  9 :       0.2516  bohr^-1
	  2 10 :       0.1669  bohr^-1
	  2 11 :       0.1164  bohr^-1
	  2 12 :       0.1309  bohr^-1
	  3  1 :       0.2051  bohr^-1
	  3  2 :       0.1704  bohr^-1
	  3  3 :       0.2367  bohr^-1
	  3  4 :       0.2166  bohr^-1
	  3  5 :       0.1927  bohr^-1
	  3  6 :       0.1945  bohr^-1
	  3  7 :       0.1437  bohr^-1
	  3  8 :       0.1671  bohr^-1
	  3  9 :       0.1682  bohr^-1
	  3 10 :       0.2438  bohr^-1
	  3 11 :       0.2011  bohr^-1
	  3 12 :       0.1997  bohr^-1
	  4  1 :       0.1714  bohr^-1
	  4  2 :       0.1370  bohr^-1
	  4  3 :       0.2166  bohr^-1
	  4  4 :       0.2539  bohr^-1
	  4  5 :       0.1740  bohr^-1
	  4  6 :       0.1532  bohr^-1
	  4  7 :       0.1155  bohr^-1
	  4  8 :       0.1402  bohr^-1
	  4  9 :       0.1282  bohr^-1
	  4 10 :       0.2013  bohr^-1
	  4 11 :       0.2603  bohr^-1
	  4 12 :       0.2572  bohr^-1
	  5  1 :       0.2383  bohr^-1
	  5  2 :       0.1940  bohr^-1
	  5  3 :       0.1927  bohr^-1
	  5  4 :       0.1740  bohr^-1
	  5  5 :       0.2913  bohr^-1
	  5  6 :       0.2248  bohr^-1
	  5  7 :       0.1871  bohr^-1
	  5  8 :       0.1860  bohr^-1
	  5  9 :       0.1611  bohr^-1
	  5 10 :       0.1606  bohr^-1
	  5 11 :       0.1387  bohr^-1
	  5 12 :       0.1909  bohr^-1
	  6  1 :       0.2413  bohr^-1
	  6  2 :       0.1963  bohr^-1
	  6  3 :       0.1945  bohr^-1
	  6  4 :       0.1532  bohr^-1
	  6  5 :       0.2248  bohr^-1
	  6  6 :       0.3007  bohr^-1
	  6  7 :       0.1900  bohr^-1
	  6  8 :       0.1621  bohr^-1
	  6  9 :       0.1871  bohr^-1
	  6 10 :       0.1848  bohr^-1
	  6 11 :       0.1270  bohr^-1
	  6 12 :       0.1459  bohr^-1
	  7  1 :       0.1956  bohr^-1
	  7  2 :       0.2542  bohr^-1
	  7  3 :       0.1437  bohr^-1
	  7  4 :       0.1155  bohr^-1
	  7  5 :       0.1871  bohr^-1
	  7  6 :       0.1900  bohr^-1
	  7  7 :       0.3227  bohr^-1
	  7  8 :       0.2333  bohr^-1
	  7  9 :       0.2334  bohr^-1
	  7 10 :       0.1347  bohr^-1
	  7 11 :       0.0968  bohr^-1
	  7 12 :       0.1126  bohr^-1
	  8  1 :       0.1946  bohr^-1
	  8  2 :       0.2518  bohr^-1
	  8  3 :       0.1671  bohr^-1
	  8  4 :       0.1402  bohr^-1
	  8  5 :       0.1860  bohr^-1
	  8  6 :       0.1621  bohr^-1
	  8  7 :       0.2333  bohr^-1
	  8  8 :       0.3153  bohr^-1
	  8  9 :       0.2321  bohr^-1
	  8 10 :       0.1570  bohr^-1
	  8 11 :       0.1188  bohr^-1
	  8 12 :       0.1354  bohr^-1
	  9  1 :       0.1944  bohr^-1
	  9  2 :       0.2516  bohr^-1
	  9  3 :       0.1682  bohr^-1
	  9  4 :       0.1282  bohr^-1
	  9  5 :       0.1611  bohr^-1
	  9  6 :       0.1871  bohr^-1
	  9  7 :       0.2334  bohr^-1
	  9  8 :       0.2321  bohr^-1
	  9  9 :       0.3148  bohr^-1
	  9 10 :       0.1807  bohr^-1
	  9 11 :       0.1116  bohr^-1
	  9 12 :       0.1152  bohr^-1
	 10  1 :       0.1925  bohr^-1
	 10  2 :       0.1669  bohr^-1
	 10  3 :       0.2438  bohr^-1
	 10  4 :       0.2013  bohr^-1
	 10  5 :       0.1606  bohr^-1
	 10  6 :       0.1848  bohr^-1
	 10  7 :       0.1347  bohr^-1
	 10  8 :       0.1570  bohr^-1
	 10  9 :       0.1807  bohr^-1
	 10 10 :       0.3085  bohr^-1
	 10 11 :       0.1952  bohr^-1
	 10 12 :       0.1635  bohr^-1
	 11  1 :       0.1435  bohr^-1
	 11  2 :       0.1164  bohr^-1
	 11  3 :       0.2011  bohr^-1
	 11  4 :       0.2603  bohr^-1
	 11  5 :       0.1387  bohr^-1
	 11  6 :       0.1270  bohr^-1
	 11  7 :       0.0968  bohr^-1
	 11  8 :       0.1188  bohr^-1
	 11  9 :       0.1116  bohr^-1
	 11 10 :       0.1952  bohr^-1
	 11 11 :       0.3379  bohr^-1
	 11 12 :       0.2330  bohr^-1
	 12  1 :       0.1696  bohr^-1
	 12  2 :       0.1309  bohr^-1
	 12  3 :       0.1997  bohr^-1
	 12  4 :       0.2572  bohr^-1
	 12  5 :       0.1909  bohr^-1
	 12  6 :       0.1459  bohr^-1
	 12  7 :       0.1126  bohr^-1
	 12  8 :       0.1354  bohr^-1
	 12  9 :       0.1152  bohr^-1
	 12 10 :       0.1635  bohr^-1
	 12 11 :       0.2330  bohr^-1
	 12 12 :       0.3281  bohr^-1


	*Molecular contr. to CDS energy:       0.0000  kcal/mol
	*Total CDS energy:       3.3767  kcal/mol
	*MP2::Polarization Free Energy (au)      : -0.0033714967 
	*MP2::Polarization Free Energy (kcal/mol):      -2.1156 
	*MP2::CDS Free Energy (au)      : 0.0053811923 
	*MP2::CDS Free Energy (kcal/mol):       3.3767 
	*MP2::Total Solvation Free Energy (au)      : 0.0020096956 
	*MP2::Total Solvation Free Energy (kcal/mol):       1.2611 
	GB-MP2 Total Energy (a.u.)         :  -156.68137766114765

	*Total GB-MP2 Energy: -156.68338735679578


 Cpu time for MacroQC :       1.5377 minutes
 Wall time for MacroQC:       0.5948 minutes


 ******************************************************************************************
	 MacroQC terminates normally:) 
 ****************************************************************************************** 

