 ==========================================================================================
 =========                __  ___                         ____  ______            =========
 ======                  /  |/  /___ _______________     / __ \/ ____/               ======
 ====                   / /|_/ / __ `/ ___/ ___/ __ \   / / / / /                      ====
 ===                   / /  / / /_/ / /__/ /  / /_/ /  / /_/ / /___                     ===
 ==                   /_/  /_/\__,_/\___/_/   \____/   \___\_\____/                      ==
 ===                                                                1.0.4                ===
 =====     An electronic structure theory software for large-scale applications       =====
 ======                                 See license.txt for license info             ======
 =========                                                                        =========
 ==========================================================================================
                                                                                           
                           * * * * * * * * * * * * * * * * * * * *                        
                           *            Developed by             *                        
                           *             U. Bozkaya              *                        
                           *                                     *                        
                           *       With contributions from:      *                        
                           *         B. Ermis, Y. Alagoz,        *                        
                           *         A. Unal, and A. K. Uyar     *                        
                           *         Git Version: deab493        *                        
                           *       Latest Revision: 2026-03-23   *                        
                           * * * * * * * * * * * * * * * * * * * *                        


 Run date: Wed Mar 25 09:58:01 2026
 
 Hostname: ub24 

 ## MacroQC input file ##
 ******************************************************************************************
$set_molecule
0 1
O       2.3008473814    -0.1107473185     0.0000033067
C       0.9364997657    -0.0254151999    -0.0000041246
C       0.2626336447     1.1936350107    -0.0000003357
C       0.2184485873    -1.2190721498    -0.0000013445
C      -1.1271827266     1.2146082061     0.0000009509
C      -1.1683999238    -1.1847288329     0.0000018035
C      -1.8504176186     0.0286047301    -0.0000009856
H       0.8236244446     2.1212472338     0.0000044202
H       0.7590175731    -2.1552431258    -0.0000003506
H      -1.6431137943     2.1657317510     0.0000018091
H      -1.7208929958    -2.1151125477     0.0000026107
H      -2.9312936139     0.0484840154    -0.0000009870
H       2.6763889635     0.7750806352    -0.0000097405
$end_molecule


$set_globals
   basis cc-pvdz
  method mp2
  reference rhf
  jobtype energy
  memory 30000
$end_globals


$set_scf
  e_convergence 1.0e-8
  d_convergence 1.0e-6
  guess sad
  solvation true
$end_scf


$set_solvation
  cds_type smd
  radius_type smd
  solvent_params mn21
  dielectric_params mn21 #sm8
  sasa_type numeric
  solvent water
  num_ang_points 100
  charge_type iao_mulliken #iao_lowdin, mulliken, lowdin
  coulomb_radii smd
$end_solvation

$set_dfocc
solvation true
$end_dfocc

 ******************************************************************************************


	-Geometry before Center-of-Mass shift (ang): 
	 Number     Atom               X                    Y                       Z  
	 ---------------------------------------------------------------------------------------
           1     O             2.3008473814         -0.1107473185           0.0000033067  
           2     C             0.9364997657         -0.0254151999          -0.0000041246  
           3     C             0.2626336447          1.1936350107          -0.0000003357  
           4     C             0.2184485873         -1.2190721498          -0.0000013445  
           5     C            -1.1271827266          1.2146082061           0.0000009509  
           6     C            -1.1683999238         -1.1847288329           0.0000018035  
           7     C            -1.8504176186          0.0286047301          -0.0000009856  
           8     H             0.8236244446          2.1212472338           0.0000044202  
           9     H             0.7590175731         -2.1552431258          -0.0000003506  
          10     H            -1.6431137943          2.1657317510           0.0000018091  
          11     H            -1.7208929958         -2.1151125477           0.0000026107  
          12     H            -2.9312936139          0.0484840154          -0.0000009870  
          13     H             2.6763889635          0.7750806352          -0.0000097405  



	-Geometry after Center-of-Mass shift (ang): 
	 Atom               X                    Y                       Z  
	 -------------------------------------------------------------------
     O           2.2794884380         -0.1018890268           0.0000032833  
     C           0.9151408223         -0.0165569082          -0.0000041480  
     C           0.2412747013          1.2024933024          -0.0000003591  
     C           0.1970896439         -1.2102138581          -0.0000013679  
     C          -1.1485416700          1.2234664978           0.0000009275  
     C          -1.1897588672         -1.1758705412           0.0000017801  
     C          -1.8717765620          0.0374630218          -0.0000010090  
     H           0.8022655012          2.1301055255           0.0000043968  
     H           0.7376586297         -2.1463848341          -0.0000003740  
     H          -1.6644727377          2.1745900427           0.0000017857  
     H          -1.7422519392         -2.1062542560           0.0000025873  
     H          -2.9526525573          0.0573423071          -0.0000010104  
     H           2.6550300201          0.7839389269          -0.0000097639  


	-Geometry after Center-of-Mass shift (bohr): 
	 Atom               X                    Y                       Z  
	 -------------------------------------------------------------------
     O           4.3076088540         -0.1925423558           0.0000062045  
     C           1.7293655204         -0.0312880219          -0.0000078386  
     C           0.4559431065          2.2723830093          -0.0000006786  
     C           0.3724454492         -2.2869727450          -0.0000025850  
     C          -2.1704291999          2.3120166046           0.0000017527  
     C          -2.2483184143         -2.2220732818           0.0000033639  
     C          -3.5371450702          0.0707948511          -0.0000019068  
     H           1.5160620772          4.0253160616           0.0000083087  
     H           1.3939727842         -4.0560794962          -0.0000007068  
     H          -3.1453976175          4.1093796159           0.0000033744  
     H          -3.2923790066         -3.9802436944           0.0000048892  
     H          -5.5797046769          0.1083612559          -0.0000019094  
     H           5.0172795929          1.4814298710          -0.0000184511  


    Rotational Constants: A =     0.19005  B =     0.08772  C =      0.06002 [cm^-1] 
    Rotor Type: ASYMMETRIC 

	-Nuclear Dipole Moment: (e a0)  
	 X:  -2.01813   Y:  0.83699   Z:  -0.00000   Total:  2.18481 

	-Nuclear Dipole Moment: (D)  
	 X:  -5.12957   Y:  2.12741   Z:  -0.00001   Total:  5.55323 


    Nuclear repulsion energy (V_NN)              : 271.783720527232 
   =====================================================
   Charge                : 0 
   Multiplicity          : 1 
   Number of Atoms       : 13 
   Number of Ghost Atoms : 0 
   Number of Electrons   : 50 
   Number of alpha occupied orbitals (NoccA)  : 25 
   Number of beta occupied orbitals (NoccB)   : 25 
   Number of singly occupied orbitals (Nsocc) : 0 
   Number of doubly occupied orbitals (Ndocc) : 25 
   =====================================================



  ## GLOBALS Options ##

  | TYPE         | KEY                      | INPUT? | VALUE              | DEFAULT            
  |--------------|--------------------------|--------|--------------------|--------------------
  | BOOL         | ERI_DISK                 | NO     | FALSE              | FALSE              
  | BOOL         | FREEZE_CORE              | NO     | TRUE               | TRUE               
  | BOOL         | MOL_FRAG                 | NO     | FALSE              | FALSE              
  | BOOL         | NOCOM                    | NO     | FALSE              | FALSE              
  | BOOL         | NOREORIENT               | NO     | TRUE               | TRUE               
  | BOOL         | PUREAM                   | NO     | TRUE               | TRUE               
  | BOOL         | ML                       | NO     | FALSE              | FALSE              
  | BOOL         | READ_PDB                 | NO     | FALSE              | FALSE              
  | BOOL         | TEST_MODE                | NO     | FALSE              | FALSE              
  | INT          | DERIVE_LEVEL             | NO     | 0                  | 0                  
  | INT          | FINDIF_POINTS            | NO     | 3                  | 3                  
  | INT          | MEMORY                   | YES    | 30000              | 2000               
  | INT          | NUM_THREADS              | NO     | 1                  | 1                  
  | INT          | NUM_FROZEN_DOCC          | NO     | 0                  | 0                  
  | INT          | NUM_FROZEN_VIR           | NO     | 0                  | 0                  
  | INT          | PRINT_LEVEL              | NO     | 0                  | 0                  
  | STRING       | AUX_BASIS_CORR           | NO     | CC-PVDZ-RI         | CC-PVDZ-RI         
  | STRING       | AUX_BASIS_SCF            | NO     | CC-PVDZ-JKFIT      | CC-PVDZ-JKFIT      
  | STRING       | BASIS                    | YES    | CC-PVDZ            | CC-PVDZ            
  | STRING       | BASIS2                   | NO     | MINAO              | MINAO              
  | STRING       | DERIVE_TYPE              | NO     | ANALYTIC           | ANALYTIC           
  | STRING       | FINDIF_METHOD            | NO     | GRAD               | GRAD               
  | STRING       | GEOM_UNITS               | NO     | ANG                | ANG                
  | STRING       | JOBTYPE                  | YES    | ENERGY             | ENERGY             
  | STRING       | METHOD                   | YES    | MP2                | SCF                
  | STRING       | REFERENCE                | YES    | RHF                | RHF                
  | STRING       | OUTFILE_MODE             | NO     | NEW                | NEW                
  | DOUBLE       | STEP_BOHR                | NO     | 0.05               | 0.05               
  | STR_ARRAY    | MOLECULE_GEOM_FROM       | NO     | [input]            | [input]            
  | DOUBLE_ARRAY | ELECTRIC_STRENGTH        | NO     | [0.001;0.001;0.001]| [0.001;0.001;0.001]
  | STRING       | ELECTRIC_FIELD           | NO     | NONE               | NONE               
  | STRING       | ALIGN_TWO_ATOMS          | NO     | NONE               | NONE               
  | INT_ARRAY    | TWO_ATOMS                | NO     | [0]                | [0]                



  ## INTS Options ##

  | TYPE         | KEY                      | INPUT? | VALUE              | DEFAULT            
  |--------------|--------------------------|--------|--------------------|--------------------
  | DOUBLE       | BOYS_CUTOFF              | NO     | 1e-15              | 1e-15              
  | DOUBLE       | BOYS_ZERO                | NO     | 1e-06              | 1e-06              
  | DOUBLE       | DELTA_X                  | NO     | 0.1                | 0.1                
  | DOUBLE       | INTEGRAL_CUTOFF          | NO     | 1e-10              | 1e-10              
  | DOUBLE       | X_MAX                    | NO     | 30.0               | 30.0               
  | INT          | BOYS_MAXITER             | NO     | 10000              | 10000              
  | INT          | MAX_AM                   | NO     | 7                  | 7                  
  | INT          | MAX_AM_AUX               | NO     | 7                  | 7                  
  | INT          | PRINT_LEVEL              | NO     | 0                  | 0                  
  | INT          | TAYLOR_ORDER             | NO     | 6                  | 6                  
  | STRING       | 3INDEX_ALGORITHM         | NO     | AUTO               | AUTO               
  | STRING       | BOYS_METHOD              | NO     | GHP                | GHP                
  | STRING       | ERI_ALGORITHM            | NO     | MD4                | MD4                


	Initializing Liboeprop (by U. Bozkaya) ...

	*=================================================================*
	*                  SCF                                            *
	*   Developed by U. Bozkaya & Y. Alagoz                           *
	*   Latest revision Feb 16, 2021                                  *
	*=================================================================*



  ## SCF Options ##

  | TYPE         | KEY                      | INPUT? | VALUE              | DEFAULT            
  |--------------|--------------------------|--------|--------------------|--------------------
  | BOOL         | DIIS_DAMP                | NO     | FALSE              | FALSE              
  | BOOL         | DIE_IF_NOT_CONVERGED     | NO     | TRUE               | TRUE               
  | BOOL         | DO_DF                    | NO     | TRUE               | TRUE               
  | BOOL         | DIIS                     | NO     | TRUE               | TRUE               
  | BOOL         | FOCK_DAMP                | NO     | FALSE              | FALSE              
  | BOOL         | GUESS_MIX                | NO     | FALSE              | FALSE              
  | BOOL         | GUESS_PREVIOUS           | NO     | FALSE              | FALSE              
  | BOOL         | LOCAL                    | NO     | FALSE              | FALSE              
  | BOOL         | RETRY                    | NO     | TRUE               | TRUE               
  | DOUBLE       | CUTOFF                   | NO     | 1e-10              | 1e-10              
  | DOUBLE       | D_CONVERGENCE            | YES    | 1e-06              | 1e-06              
  | DOUBLE       | DAMP_PARAM               | NO     | 0.02               | 0.02               
  | DOUBLE       | E_CONVERGENCE            | YES    | 1e-08              | 1e-08              
  | DOUBLE       | FOCK_DAMP_PERC           | NO     | 20.0               | 20.0               
  | DOUBLE       | MIN_OVERLAP_EIGVAL       | NO     | 1e-06              | 1e-06              
  | DOUBLE       | LOCAL_CONVERGENCE        | NO     | 1e-08              | 1e-08              
  | DOUBLE       | QC_GUESS_E_CONVERGENCE   | NO     | 0.0001             | 0.0001             
  | DOUBLE       | QC_GUESS_D_CONVERGENCE   | NO     | 0.005              | 0.005              
  | INT          | MAX_DIIS                 | NO     | 6                  | 6                  
  | INT          | MIN_DIIS                 | NO     | 2                  | 2                  
  | INT          | PRINT_LEVEL              | NO     | 0                  | 0                  
  | INT          | SCF_MAXITER              | NO     | 50                 | 50                 
  | INT          | LOCAL_MAXITER            | NO     | 50                 | 50                 
  | STRING       | DIIS_ALGORITHM           | NO     | DISK               | DISK               
  | STRING       | GUESS                    | YES    | SAD                | SAD                
  | BOOL         | MO_WRITE                 | NO     | FALSE              | FALSE              
  | BOOL         | FOCK_WRITE               | NO     | FALSE              | FALSE              
  | STRING       | ORTH_TYPE                | NO     | CANONICAL          | CANONICAL          
  | STRING       | ROHF_CANONIC_TYPE        | NO     | GUEST              | GUEST              
  | STRING       | ERI                      | NO     | INCORE             | INCORE             
  | STRING       | SCF_ALGORITHM            | NO     | ROOTHAAN           | ROOTHAAN           
  | STRING       | LOCAL_TYPE               | NO     | BOYS               | BOYS               
  | BOOL         | SAD_FRAC_OCC             | NO     | TRUE               | TRUE               
  | BOOL         | SAD_SPIN_AVERAGE         | NO     | TRUE               | TRUE               
  | DOUBLE       | SAD_E_CONVERGENCE        | NO     | 1e-05              | 1e-05              
  | DOUBLE       | SAD_D_CONVERGENCE        | NO     | 1e-05              | 1e-05              
  | INT          | SAD_MAXITER              | NO     | 50                 | 50                 
  | BOOL         | NIE                      | NO     | FALSE              | FALSE              
  | BOOL         | SAD_DIIS                 | NO     | TRUE               | TRUE               
  | INT          | SAD_MAX_DIIS             | NO     | 6                  | 6                  
  | INT          | SAD_MIN_DIIS             | NO     | 2                  | 2                  
  | INT          | SAD_PRINT                | NO     | 0                  | 0                  
  | STRING       | SAD_AUX_BASIS            | NO     | SAD-FIT            | SAD-FIT            
  | DOUBLE       | SAD_CHOLESKY_TOLERANCE   | NO     | 1e-07              | 1e-07              
  | BOOL         | SOLVATION                | YES    | TRUE               | FALSE              
  | BOOL         | BYPASS                   | NO     | FALSE              | FALSE              
  | STRING       | IAO_TYPE                 | NO     | STANDARD2013       | STANDARD2013       
  | BOOL         | USE_IAOS                 | NO     | FALSE              | FALSE              

	Initializing libdiis ...
	Initializing libmolint 1.1 ...
 CC-PVDZ primary basis set file will be read for the O atom...
 CC-PVDZ primary basis set file will be read for the C atom...
 CC-PVDZ primary basis set file will be read for the H atom...
 Nmaxthread: 16 
 Nshell: 60 
 Lmax:  2 
 Npmax:  8 
 Nao: 128 
 Ndocc: 25 
 Nsocc:  0 
 NoccA: 25 
 NoccB: 25 
 Primary basis set info has been read.

 CC-PVDZ-JKFIT aux basis set file will be read for the O atom...
 CC-PVDZ-JKFIT aux basis set file will be read for the C atom...
 CC-PVDZ-JKFIT aux basis set file will be read for the H atom...
 Nshell_aux: 222 
 Naux: 628 
 Aux basis set info has been read.

 orth_type: CANONICAL 
 Cpu time for S ints :       0.0300 s
 Wall time for S ints:       0.0252 s

 Using canonical orthogonalization. 
 Minimum eigenvalue in the overlap matrix is:   3.6832E-04 

 Cpu time for T ints :       0.1800 s
 Wall time for T ints:       0.0429 s
 Cpu time for V ints :       0.9100 s
 Wall time for V ints:       0.3471 s
 Cpu time for Metric ints :       1.3900 s
 Wall time for Metric ints:       0.4114 s
 3-Index Algorithm: AUTO 

 Calling fortran integrals: ringing... 
 Done with fintegrals.

 Cpu time for 3-index ints :       4.5100 s
 Wall time for 3-index ints:       1.6359 s
 Cpu time for df-factors :       0.8300 s
 Wall time for df-factors:       0.2154 s


 Puream (True=1, False=0) : 1
 Number of AO             : 128
 Number of MO             : 128
 Number of Aux Functions  : 628
 Charge                   : 0
 Multiplicity             : 1
 Alpha OCC                : 25
 Beta OCC                 : 25
 Nuclear Repulsion Energy : 271.78372053
 Energy Treshold          : 1.0e-08
 Density Treshold         : 1.0e-06
 Iteration Limit          : 50
 Guess                    : SAD
 Guess Mix                : false
 Diis                     : true
 Diis Damping             : false
 Diis Damp Parameter      : 0.02
 Diis Algorithm           : DISK
 Cutoff Treshold          : 1.0e-10
 Density Fitting          : true
 Reference                : RHF
 Die If Not Converged     : true
 Print Level              : 0
 ERI Algorithm            : INCORE
 SCF Algorithm            : ROOTHAAN




  ## SOLVATION Options ##

  | TYPE         | KEY                      | INPUT? | VALUE              | DEFAULT            
  |--------------|--------------------------|--------|--------------------|--------------------
  | INT          | NUM_Z_POINTS             | NO     | 90                 | 90                 
  | INT          | NUM_ANG_POINTS           | YES    | 100                | 100                
  | STRING       | SASA_TYPE                | YES    | NUMERIC            | NUMERIC            
  | STRING       | CHARGE_TYPE              | YES    | IAO_MULLIKEN       | IAO_MULLIKEN       
  | STRING       | CDS_TYPE                 | YES    | SMD                | SMD                
  | STRING       | SOLVENT                  | YES    | WATER              | WATER              
  | STRING       | SOLVENT_PARAMS           | YES    | MN21               | SM8                
  | STRING       | DIELECTRIC_PARAMS        | YES    | MN21               | MN21               
  | STRING       | COULOMB_RADII            | YES    | SMD                | SMD                
  | DOUBLE       | COVALENT_VW_CONST        | NO     | 0.76               | 0.76               
  | DOUBLE       | SOLVENT_RADIUS           | NO     | 0.4                | 0.4                
  | STRING       | RADIUS_TYPE              | YES    | SMD                | SMD                
  | DOUBLE       | GB_DIJ                   | NO     | 3.7                | 3.7                
  | DOUBLE       | GB_SIJ                   | NO     | 0.75               | 0.75               
  | DOUBLE       | GB_CIJ                   | NO     | 0.0                | 0.0                
  | DOUBLE       | F_PWSASA                 | NO     | 0.4535             | 0.4535             
  | DOUBLE       | SCALE_VDW                | NO     | 1.0                | 1.0                
  | DOUBLE       | SCALE_CR                 | NO     | 1.0                | 1.0                



 Sasa Type                  : NUMERIC 
 Charge Type                : IAO_MULLIKEN 
 CDS Type                   : SMD 
 Radius Type                : SMD 
 Solvent                    : WATER 
 Solvent Parameters         : MN21 
 Dielectric Parameters      : MN21 
 Coulomb Radii Parameters   : SMD 
 GB d_ij parameter          : 3.7000000000 
 GB S_ij parameter          : 0.7500000000 
 GB C_ij parameter          : 0.0000000000 
 Sclae_vdw parameter        : 1.0000000000 
 Number of z-points         : 90 
 Number of angular points   : 100 
 Number of SASA grid points : 17902 
 Solvent Dielectric Constant: 78.3553000000 

 VDW Radii:
	  1 O :       1.5200  ang
	  2 C :       1.7000  ang
	  3 C :       1.7000  ang
	  4 C :       1.7000  ang
	  5 C :       1.7000  ang
	  6 C :       1.7000  ang
	  7 C :       1.7000  ang
	  8 H :       1.2000  ang
	  9 H :       1.2000  ang
	 10 H :       1.2000  ang
	 11 H :       1.2000  ang
	 12 H :       1.2000  ang
	 13 H :       1.2000  ang

	 Computing SASA... 

 Atomic SASA values:
	  1 O :      18.3855  ang^2
	  2 C :       6.6618  ang^2
	  3 C :      10.2867  ang^2
	  4 C :      10.3765  ang^2
	  5 C :      10.5313  ang^2
	  6 C :      10.6830  ang^2
	  7 C :      10.7944  ang^2
	  8 H :      11.8027  ang^2
	  9 H :      12.5107  ang^2
	 10 H :      12.9510  ang^2
	 11 H :      13.0642  ang^2
	 12 H :      13.0211  ang^2
	 13 H :      12.0740  ang^2

	*Total SASA (angs^2): 153.1428404865 


 Coulomb Radii:
	  1 O :       1.5200  ang
	  2 C :       1.8500  ang
	  3 C :       1.8500  ang
	  4 C :       1.8500  ang
	  5 C :       1.8500  ang
	  6 C :       1.8500  ang
	  7 C :       1.8500  ang
	  8 H :       1.2000  ang
	  9 H :       1.2000  ang
	 10 H :       1.2000  ang
	 11 H :       1.2000  ang
	 12 H :       1.2000  ang
	 13 H :       1.2000  ang
 Solvent Alpha                       : 1.1700000000 

 ## Effective Born Radius (bohr) ##
   0   3.6066053322 
   1   4.5304977210 
   2   4.4942841839 
   3   4.4534840112 
   4   4.3991279934 
   5   4.3967467301 
   6   4.3861043991 
   7   3.2631512581 
   8   3.2289376415 
   9   3.1897952750 
  10   3.1888727262 
  11   3.1810654590 
  12   2.9516507941 

 Effective Born Radii:
	  1 O :       1.9085  ang
	  2 C :       2.3974  ang
	  3 C :       2.3783  ang
	  4 C :       2.3567  ang
	  5 C :       2.3279  ang
	  6 C :       2.3267  ang
	  7 C :       2.3210  ang
	  8 H :       1.7268  ang
	  9 H :       1.7087  ang
	 10 H :       1.6880  ang
	 11 H :       1.6875  ang
	 12 H :       1.6833  ang
	 13 H :       1.5619  ang


 Coulomb Integrals:
	  1  1 :       0.2773  bohr^-1
	  1  2 :       0.2166  bohr^-1
	  1  3 :       0.1758  bohr^-1
	  1  4 :       0.1785  bohr^-1
	  1  5 :       0.1346  bohr^-1
	  1  6 :       0.1358  bohr^-1
	  1  7 :       0.1221  bohr^-1
	  1  8 :       0.1764  bohr^-1
	  1  9 :       0.1820  bohr^-1
	  1 10 :       0.1147  bohr^-1
	  1 11 :       0.1161  bohr^-1
	  1 12 :       0.1005  bohr^-1
	  1 13 :       0.2764  bohr^-1
	  2  1 :       0.2166  bohr^-1
	  2  2 :       0.2207  bohr^-1
	  2  3 :       0.1980  bohr^-1
	  2  4 :       0.1987  bohr^-1
	  2  5 :       0.1672  bohr^-1
	  2  6 :       0.1674  bohr^-1
	  2  7 :       0.1555  bohr^-1
	  2  8 :       0.1909  bohr^-1
	  2  9 :       0.1920  bohr^-1
	  2 10 :       0.1449  bohr^-1
	  2 11 :       0.1450  bohr^-1
	  2 12 :       0.1305  bohr^-1
	  2 13 :       0.2069  bohr^-1
	  3  1 :       0.1758  bohr^-1
	  3  2 :       0.1980  bohr^-1
	  3  3 :       0.2225  bohr^-1
	  3  4 :       0.1669  bohr^-1
	  3  5 :       0.2004  bohr^-1
	  3  6 :       0.1560  bohr^-1
	  3  7 :       0.1676  bohr^-1
	  3  8 :       0.2372  bohr^-1
	  3  9 :       0.1448  bohr^-1
	  3 10 :       0.1929  bohr^-1
	  3 11 :       0.1308  bohr^-1
	  3 12 :       0.1448  bohr^-1
	  3 13 :       0.1826  bohr^-1
	  4  1 :       0.1785  bohr^-1
	  4  2 :       0.1987  bohr^-1
	  4  3 :       0.1669  bohr^-1
	  4  4 :       0.2245  bohr^-1
	  4  5 :       0.1562  bohr^-1
	  4  6 :       0.2013  bohr^-1
	  4  7 :       0.1679  bohr^-1
	  4  8 :       0.1445  bohr^-1
	  4  9 :       0.2393  bohr^-1
	  4 10 :       0.1308  bohr^-1
	  4 11 :       0.1935  bohr^-1
	  4 12 :       0.1449  bohr^-1
	  4 13 :       0.1542  bohr^-1
	  5  1 :       0.1346  bohr^-1
	  5  2 :       0.1672  bohr^-1
	  5  3 :       0.2004  bohr^-1
	  5  4 :       0.1562  bohr^-1
	  5  5 :       0.2273  bohr^-1
	  5  6 :       0.1688  bohr^-1
	  5  7 :       0.2024  bohr^-1
	  5  8 :       0.1923  bohr^-1
	  5  9 :       0.1308  bohr^-1
	  5 10 :       0.2416  bohr^-1
	  5 11 :       0.1455  bohr^-1
	  5 12 :       0.1937  bohr^-1
	  5 13 :       0.1328  bohr^-1
	  6  1 :       0.1358  bohr^-1
	  6  2 :       0.1674  bohr^-1
	  6  3 :       0.1560  bohr^-1
	  6  4 :       0.2013  bohr^-1
	  6  5 :       0.1688  bohr^-1
	  6  6 :       0.2274  bohr^-1
	  6  7 :       0.2024  bohr^-1
	  6  8 :       0.1308  bohr^-1
	  6  9 :       0.1925  bohr^-1
	  6 10 :       0.1454  bohr^-1
	  6 11 :       0.2417  bohr^-1
	  6 12 :       0.1936  bohr^-1
	  6 13 :       0.1197  bohr^-1
	  7  1 :       0.1221  bohr^-1
	  7  2 :       0.1555  bohr^-1
	  7  3 :       0.1676  bohr^-1
	  7  4 :       0.1679  bohr^-1
	  7  5 :       0.2024  bohr^-1
	  7  6 :       0.2024  bohr^-1
	  7  7 :       0.2280  bohr^-1
	  7  8 :       0.1447  bohr^-1
	  7  9 :       0.1447  bohr^-1
	  7 10 :       0.1937  bohr^-1
	  7 11 :       0.1937  bohr^-1
	  7 12 :       0.2422  bohr^-1
	  7 13 :       0.1133  bohr^-1
	  8  1 :       0.1764  bohr^-1
	  8  2 :       0.1909  bohr^-1
	  8  3 :       0.2372  bohr^-1
	  8  4 :       0.1445  bohr^-1
	  8  5 :       0.1923  bohr^-1
	  8  6 :       0.1308  bohr^-1
	  8  7 :       0.1447  bohr^-1
	  8  8 :       0.3065  bohr^-1
	  8  9 :       0.1219  bohr^-1
	  8 10 :       0.1902  bohr^-1
	  8 11 :       0.1064  bohr^-1
	  8 12 :       0.1217  bohr^-1
	  8 13 :       0.2023  bohr^-1
	  9  1 :       0.1820  bohr^-1
	  9  2 :       0.1920  bohr^-1
	  9  3 :       0.1448  bohr^-1
	  9  4 :       0.2393  bohr^-1
	  9  5 :       0.1308  bohr^-1
	  9  6 :       0.1925  bohr^-1
	  9  7 :       0.1447  bohr^-1
	  9  8 :       0.1219  bohr^-1
	  9  9 :       0.3097  bohr^-1
	  9 10 :       0.1064  bohr^-1
	  9 11 :       0.1898  bohr^-1
	  9 12 :       0.1215  bohr^-1
	  9 13 :       0.1466  bohr^-1
	 10  1 :       0.1147  bohr^-1
	 10  2 :       0.1449  bohr^-1
	 10  3 :       0.1929  bohr^-1
	 10  4 :       0.1308  bohr^-1
	 10  5 :       0.2416  bohr^-1
	 10  6 :       0.1454  bohr^-1
	 10  7 :       0.1937  bohr^-1
	 10  8 :       0.1902  bohr^-1
	 10  9 :       0.1064  bohr^-1
	 10 10 :       0.3135  bohr^-1
	 10 11 :       0.1219  bohr^-1
	 10 12 :       0.1904  bohr^-1
	 10 13 :       0.1157  bohr^-1
	 11  1 :       0.1161  bohr^-1
	 11  2 :       0.1450  bohr^-1
	 11  3 :       0.1308  bohr^-1
	 11  4 :       0.1935  bohr^-1
	 11  5 :       0.1455  bohr^-1
	 11  6 :       0.2417  bohr^-1
	 11  7 :       0.1937  bohr^-1
	 11  8 :       0.1064  bohr^-1
	 11  9 :       0.1898  bohr^-1
	 11 10 :       0.1219  bohr^-1
	 11 11 :       0.3136  bohr^-1
	 11 12 :       0.1903  bohr^-1
	 11 13 :       0.1003  bohr^-1
	 12  1 :       0.1005  bohr^-1
	 12  2 :       0.1305  bohr^-1
	 12  3 :       0.1448  bohr^-1
	 12  4 :       0.1449  bohr^-1
	 12  5 :       0.1937  bohr^-1
	 12  6 :       0.1936  bohr^-1
	 12  7 :       0.2422  bohr^-1
	 12  8 :       0.1217  bohr^-1
	 12  9 :       0.1215  bohr^-1
	 12 10 :       0.1904  bohr^-1
	 12 11 :       0.1903  bohr^-1
	 12 12 :       0.3144  bohr^-1
	 12 13 :       0.0934  bohr^-1
	 13  1 :       0.2764  bohr^-1
	 13  2 :       0.2069  bohr^-1
	 13  3 :       0.1826  bohr^-1
	 13  4 :       0.1542  bohr^-1
	 13  5 :       0.1328  bohr^-1
	 13  6 :       0.1197  bohr^-1
	 13  7 :       0.1133  bohr^-1
	 13  8 :       0.2023  bohr^-1
	 13  9 :       0.1466  bohr^-1
	 13 10 :       0.1157  bohr^-1
	 13 11 :       0.1003  bohr^-1
	 13 12 :       0.0934  bohr^-1
	 13 13 :       0.3388  bohr^-1
    ===> SCF Iteration Started <===

     Iter. |                   Energy |       Delta E |          Drms |
    -------|--------------------------|---------------|---------------|
         1 |      -304.99084262796958 |    -3.050e+02 |     1.474e-02 |
         2 |      -305.44347413499526 |    -4.526e-01 |     4.486e-03 | DIIS
         3 |      -305.56487572843338 |    -1.214e-01 |     1.187e-03 | DIIS
         4 |      -305.58545477614581 |    -2.058e-02 |     4.787e-04 | DIIS
         5 |      -305.58687801885861 |    -1.423e-03 |     6.569e-05 | DIIS
         6 |      -305.58696820306039 |    -9.018e-05 |     4.441e-05 | DIIS
         7 |      -305.58698426768393 |    -1.606e-05 |     2.096e-05 | DIIS
         8 |      -305.58698124037284 |     3.027e-06 |     4.976e-06 | DIIS
         9 |      -305.58698123313314 |     7.240e-09 |     2.574e-06 | DIIS
        10 |      -305.58698066309677 |     5.700e-07 |     3.941e-07 | DIIS
        11 |      -305.58698061337230 |     4.972e-08 |     4.879e-07 | DIIS
        12 |      -305.58698055802728 |     5.535e-08 |     2.613e-07 | DIIS
        13 |      -305.58698055265057 |     5.377e-09 |     1.135e-07 | DIIS


	-Alpha Occupied Orbital Energies (au):  
	 1: -20.5665311280 	 2: -11.2824545311 	 3: -11.2235413175 	 4: -11.2207720174 	 5: -11.2138506562 
	 6: -11.2082332716 	 7: -11.2073554898 	 8: -1.3812564684 	 9: -1.1271193058 	10: -0.9991876813 
	11: -0.9837144194 	12: -0.8240790755 	13: -0.8007614913 	14: -0.7100862503 	15: -0.6620313215 
	16: -0.6284779260 	17: -0.5871703181 	18: -0.5688565439 	19: -0.5634719159 	20: -0.5429802243 
	21: -0.4929618646 	22: -0.4698860165 	23: -0.4594978773 	24: -0.3189996408 	25: -0.2907486096 

	-Alpha Virtual Orbital Energies (au):  
	26: 0.1536293873 	27: 0.1745335938 	28: 0.1911290832 	29: 0.2039043860 	30: 0.2327374573 
	31: 0.2501922897 	32: 0.2740604914 	33: 0.2822340303 	34: 0.3807230847 	35: 0.4269461724 
	36: 0.4384220636 	37: 0.4601060679 	38: 0.5050391189 	39: 0.5171716038 	40: 0.6173305118 
	41: 0.6486590050 	42: 0.6716541672 	43: 0.6761197270 	44: 0.7109752767 	45: 0.7268059788 
	46: 0.7374789308 	47: 0.7382356054 	48: 0.7454350286 	49: 0.7486816946 	50: 0.7688210003 
	51: 0.7910681725 	52: 0.8197062631 	53: 0.8288963687 	54: 0.8498088731 	55: 0.8787389669 
	56: 0.8896331037 	57: 0.9055055152 	58: 0.9145196908 	59: 0.9371431268 	60: 1.0015451228 
	61: 1.0299939150 	62: 1.0620324781 	63: 1.1212706000 	64: 1.1289233914 	65: 1.1399135571 
	66: 1.1417258455 	67: 1.2039758817 	68: 1.2332724403 	69: 1.2430728715 	70: 1.2591301557 
	71: 1.2653175110 	72: 1.2886996034 	73: 1.3047105491 	74: 1.3112802790 	75: 1.3522596145 
	76: 1.3679991850 	77: 1.4061330693 	78: 1.4931154571 	79: 1.5036905274 	80: 1.5532542908 
	81: 1.6033058619 	82: 1.7296631995 	83: 1.7382781932 	84: 1.7547507537 	85: 1.7969683802 
	86: 1.8159520401 	87: 1.8647297251 	88: 1.8776320603 	89: 1.8977313891 	90: 1.9198090389 
	91: 1.9201648556 	92: 1.9215100138 	93: 1.9493437251 	94: 1.9496970911 	95: 1.9919087082 
	96: 2.0426634645 	97: 2.0672510503 	98: 2.0860622243 	99: 2.1336078344 	100: 2.1482776991 
	101: 2.1607687135 	102: 2.1642273074 	103: 2.1654728435 	104: 2.2139828426 	105: 2.2681121716 
	106: 2.2958078026 	107: 2.3064406043 	108: 2.3688880965 	109: 2.4537798102 	110: 2.4918304767 
	111: 2.5066718983 	112: 2.5244470161 	113: 2.6285099909 	114: 2.7392426686 	115: 2.7787491053 
	116: 2.7982038748 	117: 2.8194984204 	118: 2.9461118051 	119: 2.9912196299 	120: 3.0857224718 
	121: 3.1821302310 	122: 3.2525138655 	123: 3.2703905750 	124: 3.3338819808 	125: 3.5769187038 
	126: 3.7173118289 	127: 3.9903673597 	128: 4.2070733849 


	-Mulliken Population Analysis for SCF:
	 1: -0.3066136678 	 2: 0.1439598970 	 3: -0.0543314596 	 4: -0.0157276696 	 5: 0.0064882095 
	 6: 0.0085339368 	 7: -0.0509392718 	 8: 0.0122633728 	 9: 0.0269576251 	10: 0.0219038542 
	11: 0.0257886873 	12: 0.0182353824 	13: 0.1634811038 

	-Lowdin Population Analysis for SCF:  
	 1: 0.0119168758 	 2: 0.0015704085 	 3: -0.0786096827 	 4: -0.0524159317 	 5: -0.0050132034 
	 6: -0.0034285151 	 7: -0.0637102693 	 8: 0.0197844567 	 9: 0.0286628931 	10: 0.0280012520 
	11: 0.0295663253 	12: 0.0244144072 	13: 0.0592609836 

	-Electronic Dipole Moment: (e a0)  
	 X:  1.97792   Y:  -0.29518   Z:  -0.00001   Total:  1.99982 

	-Electronic Dipole Moment: (D)  
	 X:  5.02737   Y:  -0.75028   Z:  -0.00001   Total:  5.08305 

	-Total Dipole Moment: (e a0)  
	 X:  -0.04021   Y:  0.54180   Z:  -0.00001   Total:  0.54329 

	-Total Dipole Moment: (D)  
	 X:  -0.10220   Y:  1.37713   Z:  -0.00002   Total:  1.38092 



	Initializing Liboeprop (by U. Bozkaya) ...


	-Mulliken Population Analysis for SCF-IAO:
	 1: -0.5233811205 	 2: 0.2737081557 	 3: -0.2128492409 	 4: -0.1912077976 	 5: -0.1072997138 
	 6: -0.1088107442 	 7: -0.1826428014 	 8: 0.1252832102 	 9: 0.1468813169 	10: 0.1393966862 
	11: 0.1419248687 	12: 0.1372749258 	13: 0.3618978533 

	-Lowdin Population Analysis for SCF-IAO:  
	 1: -0.5233811205 	 2: 0.2737081557 	 3: -0.2128492409 	 4: -0.1912077976 	 5: -0.1072997138 
	 6: -0.1088107442 	 7: -0.1826428014 	 8: 0.1252832102 	 9: 0.1468813169 	10: 0.1393966862 
	11: 0.1419248687 	12: 0.1372749258 	13: 0.3618978533 

	Initializing Liblocal (by U. Bozkaya) ...
  ==> Pipek-Mezey Localizer <==

    Convergence =   1.000E-08
    Maxiter     =          50

    Iteration                   Metric       Residual
    PM    0   1.5171517315443396E+01              -
    PM    1   2.7181826424313684E+01   7.916353E-01
    PM    2   3.0642163542686390E+01   1.273033E-01
    PM    3   3.0750753541914758E+01   3.543810E-03
    PM    4   3.0757935630611978E+01   2.335581E-04
    PM    5   3.0759915267183139E+01   6.436182E-05
    PM    6   3.0760704289960110E+01   2.565101E-05
    PM    7   3.0760895973421629E+01   6.231439E-06
    PM    8   3.0760982556885214E+01   2.814725E-06
    PM    9   3.0761006958317711E+01   7.932592E-07
    PM   10   3.0761015919747702E+01   2.913243E-07
    PM   11   3.0761021058331679E+01   1.670486E-07
    PM   12   3.0761022330419856E+01   4.135390E-08
    PM   13   3.0761023003493023E+01   2.188072E-08
    PM   14   3.0761023227192076E+01   7.272159E-09

    PM Localizer converged.



	*Molecular contr. to CDS energy:       0.0000  kcal/mol
	*Total CDS energy:       3.2225  kcal/mol
	*SCF::Polarization Free Energy (au)      : -0.0067296020 
	*SCF::Polarization Free Energy (kcal/mol):      -4.2229 
	*SCF::CDS Free Energy (au)      : 0.0051353778 
	*SCF::CDS Free Energy (kcal/mol):       3.2225 
	*SCF::Total Solvation Free Energy (au)      : -0.0015942242 
	*SCF::Total Solvation Free Energy (kcal/mol):      -1.0004 
 CC-PVDZ primary basis set file will be read for the O atom...
 CC-PVDZ primary basis set file will be read for the C atom...
 CC-PVDZ primary basis set file will be read for the H atom...
 Nmaxthread: 16 
 Nshell: 60 
 Lmax:  2 
 Npmax:  8 
 Nao: 128 
 Ndocc: 25 
 Nsocc:  0 
 NoccA: 25 
 NoccB: 25 
 Primary basis set info has been read.

 CC-PVDZ-JKFIT aux basis set file will be read for the O atom...
 CC-PVDZ-JKFIT aux basis set file will be read for the C atom...
 CC-PVDZ-JKFIT aux basis set file will be read for the H atom...
 Nshell_aux: 222 
 Naux: 628 
 Aux basis set info has been read.


	*Total SCF Energy: -305.58698055265057

 Cpu time for SCF :       1.5343 minutes
 Wall time for SCF:       0.6140 minutes


	MO spaces... 

	 FC   OCC   VIR   FV 
	----------------------
	  7   18   103    0


	Libtrans is initialized (by U. Bozkaya) ...

 ============================================================================== 
 ============================================================================== 
 ============================================================================== 

                       DF-MP2   
              Program Written by Ugur Bozkaya
              Latest Revision May 2, 2021

 ============================================================================== 
 ============================================================================== 
 ============================================================================== 

	For this residual convergence, default PCG convergence is:     1.00e-07
    Warning: "PCG_CONVERGENCE" option is changed to     1.00e-07


  ## DFOCC Options ##

  | TYPE         | KEY                      | INPUT? | VALUE              | DEFAULT            
  |--------------|--------------------------|--------|--------------------|--------------------
  | BOOL         | EOM                      | NO     | FALSE              | FALSE              
  | BOOL         | EOM_MP2                  | NO     | FALSE              | FALSE              
  | BOOL         | EOM_MP3                  | NO     | FALSE              | FALSE              
  | BOOL         | EOM_MP2_5                | NO     | FALSE              | FALSE              
  | BOOL         | EOM_LCCD                 | NO     | FALSE              | FALSE              
  | BOOL         | LOW_MEM_MP2              | NO     | FALSE              | FALSE              
  | BOOL         | LOW_MEM_MP3              | NO     | FALSE              | FALSE              
  | BOOL         | CD_PRESCREEN             | NO     | FALSE              | FALSE              
  | DOUBLE       | CIS_E_CONV               | NO     | 1e-06              | 1e-06              
  | DOUBLE       | CIS_R_CONV               | NO     | 1e-06              | 1e-06              
  | DOUBLE       | CIS_RES_PRECONDITION_TOL | NO     | 0.0001             | 0.0001             
  | DOUBLE       | DAVIDSON_TOLERANCE       | NO     | 1e-06              | 1e-06              
  | DOUBLE       | E3_SCALE                 | NO     | 0.25               | 0.25               
  | DOUBLE       | E_CONVERGENCE            | NO     | 1e-06              | 1e-06              
  | DOUBLE       | JK_MEMORY                | NO     | 1000000000.0       | 1000000000.0       
  | DOUBLE       | LEVEL_SHIFT              | NO     | 0.02               | 0.02               
  | DOUBLE       | MAX_MOGRAD_CONVERGENCE   | NO     | 0.001              | 0.001              
  | DOUBLE       | MO_STEP_MAX              | NO     | 0.5                | 0.5                
  | DOUBLE       | MP2_OS_SCALE             | NO     | 1.2                | 1.2                
  | DOUBLE       | MP2_SOS_SCALE            | NO     | 1.3                | 1.3                
  | DOUBLE       | MP2_SOS_SCALE2           | NO     | 1.2                | 1.2                
  | DOUBLE       | MP2_SS_SCALE             | NO     | 0.3333333333333333 | 0.3333333333333333 
  | DOUBLE       | OCC_PERCENTAGE           | NO     | 99.0               | 99.0               
  | DOUBLE       | OCC_TOLERANCE            | NO     | 1e-05              | 1e-05              
  | DOUBLE       | OO_SCALE                 | NO     | 0.01               | 0.01               
  | DOUBLE       | PCG_CONVERGENCE          | NO     | 1e-06              | 1e-06              
  | DOUBLE       | R_CONVERGENCE            | NO     | 1e-05              | 1e-05              
  | DOUBLE       | REG_PARAM                | NO     | 0.4                | 0.4                
  | DOUBLE       | KAPPA_REG_PARAM          | NO     | 1.1                | 1.1                
  | DOUBLE       | RMS_MOGRAD_CONVERGENCE   | NO     | 1e-06              | 1e-06              
  | DOUBLE       | SCG_TOLERANCE            | NO     | 1e-06              | 1e-06              
  | DOUBLE       | SCHMIDT_ADD_RES_TOL      | NO     | 0.001              | 0.001              
  | INT          | ACTIVE_NAT_ORBS          | NO     | 2                  | 2                  
  | INT          | CC_DIIS_MAX_VECS         | NO     | 6                  | 6                  
  | INT          | CC_DIIS_MIN_VECS         | NO     | 2                  | 2                  
  | INT          | CC_MAXITER               | NO     | 50                 | 50                 
  | INT          | CUTOFF                   | NO     | 8                  | 8                  
  | INT          | EXCITATION_RANGE         | NO     | 2                  | 2                  
  | INT          | FOLLOW_ROOT              | NO     | 1                  | 1                  
  | INT          | INTEGRAL_CUTOFF          | NO     | 9                  | 9                  
  | INT          | MAX_VECS                 | NO     | 50                 | 50                 
  | INT          | MO_DIIS_NUM_VECS         | NO     | 6                  | 6                  
  | INT          | MO_MAXITER               | NO     | 50                 | 50                 
  | INT          | NUM_ROOTS                | NO     | 4                  | 4                  
  | INT          | PCG_MAXITER              | NO     | 50                 | 50                 
  | INT          | PRINT_LEVEL              | NO     | 0                  | 0                  
  | INT          | VECS_PER_ROOT            | NO     | 1                  | 1                  
  | STRING       | CC_LAMBDA                | NO     | FALSE              | FALSE              
  | STRING       | CHOLESKY                 | NO     | FALSE              | FALSE              
  | STRING       | CIS_ALGORITHM            | NO     | MO_BASIS           | MO_BASIS           
  | STRING       | CIS_GUESS_COEFF          | NO     | MIX                | MIX                
  | STRING       | COMPUT_S2                | NO     | FALSE              | FALSE              
  | STRING       | DIAG_METHOD              | NO     | DAVIDSON           | DAVIDSON           
  | STRING       | DO_DIIS                  | NO     | TRUE               | TRUE               
  | STRING       | DO_LEVEL_SHIFT           | NO     | TRUE               | TRUE               
  | STRING       | DO_SCS                   | NO     | FALSE              | FALSE              
  | STRING       | DO_SOS                   | NO     | FALSE              | FALSE              
  | STRING       | EKT_IP                   | NO     | FALSE              | FALSE              
  | STRING       | FREEZE_CORE              | NO     | TRUE               | TRUE               
  | STRING       | HESS_TYPE                | NO     | HF                 | HF                 
  | STRING       | JK_TYPE                  | NO     | DIRECT             | DIRECT             
  | STRING       | LINEQ_SOLVER             | NO     | CDGESV             | CDGESV             
  | STRING       | MO_READ                  | NO     | FALSE              | FALSE              
  | STRING       | MO_WRITE                 | NO     | FALSE              | FALSE              
  | STRING       | MP2_AMP_TYPE             | NO     | DIRECT             | DIRECT             
  | STRING       | NAT_ORBS                 | NO     | FALSE              | FALSE              
  | STRING       | NBO                      | NO     | TRUE               | TRUE               
  | STRING       | OCC_ORBS_PRINT           | NO     | FALSE              | FALSE              
  | STRING       | OEPROP                   | NO     | FALSE              | FALSE              
  | STRING       | OPT_METHOD               | NO     | QNR                | QNR                
  | STRING       | ORB_RESP_SOLVER          | NO     | PCG                | PCG                
  | STRING       | ORTH_TYPE                | NO     | MGS                | MGS                
  | STRING       | PCG_BETA_TYPE            | NO     | FLETCHER_REEVES    | FLETCHER_REEVES    
  | STRING       | PPL_TYPE                 | NO     | AUTO               | AUTO               
  | STRING       | PRINT_CI_VECS            | NO     | FALSE              | FALSE              
  | STRING       | QCHF                     | NO     | FALSE              | FALSE              
  | STRING       | READ_SCF_3INDEX          | NO     | TRUE               | TRUE               
  | STRING       | REGULARIZATION           | NO     | FALSE              | FALSE              
  | STRING       | REG_TYPE                 | NO     | NORMAL             | NORMAL             
  | STRING       | SCS_TYPE                 | NO     | SCS                | SCS                
  | STRING       | SOS_TYPE                 | NO     | SOS                | SOS                
  | STRING       | TRIPLES_IABC_TYPE        | NO     | DISK               | DISK               
  | STRING       | UNIT_GUESS_TYPE          | NO     | GEN                | GEN                
  | STRING       | EKT_NEGATIVE_OCC         | NO     | ABS                | ABS                
  | BOOL         | SOLVATION                | YES    | TRUE               | FALSE              

	MO spaces... 

	 FC   OCC   VIR   FV 
	----------------------
	  7   18   103    0
 CC-PVDZ primary basis set file will be read for the O atom...
 CC-PVDZ primary basis set file will be read for the C atom...
 CC-PVDZ primary basis set file will be read for the H atom...
 Nmaxthread: 16 
 Nshell: 60 
 Lmax:  2 
 Npmax:  8 
 Nao: 128 
 Ndocc: 25 
 Nsocc:  0 
 NoccA: 25 
 NoccB: 25 
 Primary basis set info has been read.

 CC-PVDZ-RI aux basis set file will be read for the O atom...
 CC-PVDZ-RI aux basis set file will be read for the C atom...
 CC-PVDZ-RI aux basis set file will be read for the H atom...
 Nshell_aux: 162 
 Naux: 476 
 Aux basis set info has been read.

 Cpu time for Metric ints :       0.4600 s
 Wall time for Metric ints:       0.2196 s
 3-Index Algorithm: AUTO 

 Calling fortran integrals: ringing... 
 Done with fintegrals.

 Cpu time for 3-index ints :       3.6900 s
 Wall time for 3-index ints:       1.0090 s
 Cpu time for df-factors :       0.4600 s
 Wall time for df-factors:       0.1275 s
 CC-PVDZ primary basis set file will be read for the O atom...
 CC-PVDZ primary basis set file will be read for the C atom...
 CC-PVDZ primary basis set file will be read for the H atom...
 Nmaxthread: 16 
 Nshell: 60 
 Lmax:  2 
 Npmax:  8 
 Nao: 128 
 Ndocc: 25 
 Nsocc:  0 
 NoccA: 25 
 NoccB: 25 
 Primary basis set info has been read.

 CC-PVDZ-JKFIT aux basis set file will be read for the O atom...
 CC-PVDZ-JKFIT aux basis set file will be read for the C atom...
 CC-PVDZ-JKFIT aux basis set file will be read for the H atom...
 Nshell_aux: 222 
 Naux: 628 
 Aux basis set info has been read.

	Reading DF integrals from disk ...
 Cpu time for Metric ints :       1.6500 s
 Wall time for Metric ints:       0.8449 s
	Number of basis functions in the DF-HF basis: 628
	Number of basis functions in the DF-CC basis: 476

	Available memory                      :  30000.00 MB 
	Minimum required memory for amplitudes:     82.50 MB 
	Memory requirement for B-CC (Q|mu nu) :     62.39 MB 
	Memory requirement for B-CC (Q|ab)    :     40.40 MB 
	Memory requirement for DF-CC int trans:    112.59 MB 

	Computing DF-MP2 energy using SCF MOs (Canonical DF-MP2)... 
	======================================================================= 
	Nuclear Repulsion Energy (a.u.)    :   271.78371528136762
	DF-HF Energy (a.u.)                :  -305.58698055265057
	REF Energy (a.u.)                  :  -305.58698055265057
	DF-MP2 Correlation Energy (a.u.)   :    -0.97084719269185
	DF-MP2 Total Energy (a.u.)         :  -306.55782774534242
	======================================================================= 

	*Total MP2 Energy: -306.55782774534242

	Computing unrelaxed response density matrices...
	Number of independent-pairs: 2575
	Computing the generalized Fock matrix (GFM)...
	Computing the orbital gradient...
	Forming effective orbital gradient...
	Solving orbital Z-vector equations...

	            PCG Solver 
	   ------------------------------ 
	Iter     RMS Z Vector        RMS Residual  
	----    ---------------    ---------------
	  1         1.30e-03         7.59e-04
	  2         6.11e-04         4.49e-04
	  3         1.97e-04         1.19e-04
	  4         9.67e-05         4.64e-05
	  5         2.86e-05         2.48e-05
	  6         1.74e-05         1.10e-05
	  7         4.67e-06         2.83e-06
	  8         1.05e-06         9.32e-07
	  9         3.28e-07         2.07e-07
	 10         8.47e-08         6.38e-08

	Computing the relaxed PDMs and GFM...
	Compute solv. is starting ...

	Initializing Liboeprop (by U. Bozkaya) ...


	-Mulliken Population Analysis for MP2-IAO:
	 1: -0.2990723971 	 2: 0.4122104408 	 3: -0.1348699271 	 4: -0.1158097843 	 5: -0.0406111264 
	 6: -0.0437661306 	 7: -0.1494780220 	 8: 0.0642197332 	 9: 0.0840925205 	10: 0.0693052665 
	11: 0.0723144454 	12: 0.0652920761 	13: 0.2871717925 

	-Lowdin Population Analysis for MP2-IAO:  
	 1: -0.2990723971 	 2: 0.4122104408 	 3: -0.1348699271 	 4: -0.1158097843 	 5: -0.0406111264 
	 6: -0.0437661306 	 7: -0.1494780220 	 8: 0.0642197332 	 9: 0.0840925205 	10: 0.0693052665 
	11: 0.0723144454 	12: 0.0652920761 	13: 0.2871717925 


  ## SOLVATION Options ##

  | TYPE         | KEY                      | INPUT? | VALUE              | DEFAULT            
  |--------------|--------------------------|--------|--------------------|--------------------
  | INT          | NUM_Z_POINTS             | NO     | 90                 | 90                 
  | INT          | NUM_ANG_POINTS           | YES    | 100                | 100                
  | STRING       | SASA_TYPE                | YES    | NUMERIC            | NUMERIC            
  | STRING       | CHARGE_TYPE              | YES    | IAO_MULLIKEN       | IAO_MULLIKEN       
  | STRING       | CDS_TYPE                 | YES    | SMD                | SMD                
  | STRING       | SOLVENT                  | YES    | WATER              | WATER              
  | STRING       | SOLVENT_PARAMS           | YES    | MN21               | SM8                
  | STRING       | DIELECTRIC_PARAMS        | YES    | MN21               | MN21               
  | STRING       | COULOMB_RADII            | YES    | SMD                | SMD                
  | DOUBLE       | COVALENT_VW_CONST        | NO     | 0.76               | 0.76               
  | DOUBLE       | SOLVENT_RADIUS           | NO     | 0.4                | 0.4                
  | STRING       | RADIUS_TYPE              | YES    | SMD                | SMD                
  | DOUBLE       | GB_DIJ                   | NO     | 3.7                | 3.7                
  | DOUBLE       | GB_SIJ                   | NO     | 0.75               | 0.75               
  | DOUBLE       | GB_CIJ                   | NO     | 0.0                | 0.0                
  | DOUBLE       | F_PWSASA                 | NO     | 0.4535             | 0.4535             
  | DOUBLE       | SCALE_VDW                | NO     | 1.0                | 1.0                
  | DOUBLE       | SCALE_CR                 | NO     | 1.0                | 1.0                



 Sasa Type                  : NUMERIC 
 Charge Type                : IAO_MULLIKEN 
 CDS Type                   : SMD 
 Radius Type                : SMD 
 Solvent                    : WATER 
 Solvent Parameters         : MN21 
 Dielectric Parameters      : MN21 
 Coulomb Radii Parameters   : SMD 
 GB d_ij parameter          : 3.7000000000 
 GB S_ij parameter          : 0.7500000000 
 GB C_ij parameter          : 0.0000000000 
 Sclae_vdw parameter        : 1.0000000000 
 Number of z-points         : 90 
 Number of angular points   : 100 
 Number of SASA grid points : 17902 
 Solvent Dielectric Constant: 78.3553000000 

 VDW Radii:
	  1 O :       1.5200  ang
	  2 C :       1.7000  ang
	  3 C :       1.7000  ang
	  4 C :       1.7000  ang
	  5 C :       1.7000  ang
	  6 C :       1.7000  ang
	  7 C :       1.7000  ang
	  8 H :       1.2000  ang
	  9 H :       1.2000  ang
	 10 H :       1.2000  ang
	 11 H :       1.2000  ang
	 12 H :       1.2000  ang
	 13 H :       1.2000  ang

	 Computing SASA... 

 Atomic SASA values:
	  1 O :      18.3855  ang^2
	  2 C :       6.6618  ang^2
	  3 C :      10.2867  ang^2
	  4 C :      10.3765  ang^2
	  5 C :      10.5313  ang^2
	  6 C :      10.6830  ang^2
	  7 C :      10.7944  ang^2
	  8 H :      11.8027  ang^2
	  9 H :      12.5107  ang^2
	 10 H :      12.9510  ang^2
	 11 H :      13.0642  ang^2
	 12 H :      13.0211  ang^2
	 13 H :      12.0740  ang^2

	*Total SASA (angs^2): 153.1428404865 


 Coulomb Radii:
	  1 O :       1.5200  ang
	  2 C :       1.8500  ang
	  3 C :       1.8500  ang
	  4 C :       1.8500  ang
	  5 C :       1.8500  ang
	  6 C :       1.8500  ang
	  7 C :       1.8500  ang
	  8 H :       1.2000  ang
	  9 H :       1.2000  ang
	 10 H :       1.2000  ang
	 11 H :       1.2000  ang
	 12 H :       1.2000  ang
	 13 H :       1.2000  ang
 Solvent Alpha                       : 1.1700000000 

 ## Effective Born Radius (bohr) ##
   0   3.6066053322 
   1   4.5304977210 
   2   4.4942841839 
   3   4.4534840112 
   4   4.3991279934 
   5   4.3967467301 
   6   4.3861043991 
   7   3.2631512581 
   8   3.2289376415 
   9   3.1897952750 
  10   3.1888727262 
  11   3.1810654590 
  12   2.9516507941 

 Effective Born Radii:
	  1 O :       1.9085  ang
	  2 C :       2.3974  ang
	  3 C :       2.3783  ang
	  4 C :       2.3567  ang
	  5 C :       2.3279  ang
	  6 C :       2.3267  ang
	  7 C :       2.3210  ang
	  8 H :       1.7268  ang
	  9 H :       1.7087  ang
	 10 H :       1.6880  ang
	 11 H :       1.6875  ang
	 12 H :       1.6833  ang
	 13 H :       1.5619  ang


 Coulomb Integrals:
	  1  1 :       0.2773  bohr^-1
	  1  2 :       0.2166  bohr^-1
	  1  3 :       0.1758  bohr^-1
	  1  4 :       0.1785  bohr^-1
	  1  5 :       0.1346  bohr^-1
	  1  6 :       0.1358  bohr^-1
	  1  7 :       0.1221  bohr^-1
	  1  8 :       0.1764  bohr^-1
	  1  9 :       0.1820  bohr^-1
	  1 10 :       0.1147  bohr^-1
	  1 11 :       0.1161  bohr^-1
	  1 12 :       0.1005  bohr^-1
	  1 13 :       0.2764  bohr^-1
	  2  1 :       0.2166  bohr^-1
	  2  2 :       0.2207  bohr^-1
	  2  3 :       0.1980  bohr^-1
	  2  4 :       0.1987  bohr^-1
	  2  5 :       0.1672  bohr^-1
	  2  6 :       0.1674  bohr^-1
	  2  7 :       0.1555  bohr^-1
	  2  8 :       0.1909  bohr^-1
	  2  9 :       0.1920  bohr^-1
	  2 10 :       0.1449  bohr^-1
	  2 11 :       0.1450  bohr^-1
	  2 12 :       0.1305  bohr^-1
	  2 13 :       0.2069  bohr^-1
	  3  1 :       0.1758  bohr^-1
	  3  2 :       0.1980  bohr^-1
	  3  3 :       0.2225  bohr^-1
	  3  4 :       0.1669  bohr^-1
	  3  5 :       0.2004  bohr^-1
	  3  6 :       0.1560  bohr^-1
	  3  7 :       0.1676  bohr^-1
	  3  8 :       0.2372  bohr^-1
	  3  9 :       0.1448  bohr^-1
	  3 10 :       0.1929  bohr^-1
	  3 11 :       0.1308  bohr^-1
	  3 12 :       0.1448  bohr^-1
	  3 13 :       0.1826  bohr^-1
	  4  1 :       0.1785  bohr^-1
	  4  2 :       0.1987  bohr^-1
	  4  3 :       0.1669  bohr^-1
	  4  4 :       0.2245  bohr^-1
	  4  5 :       0.1562  bohr^-1
	  4  6 :       0.2013  bohr^-1
	  4  7 :       0.1679  bohr^-1
	  4  8 :       0.1445  bohr^-1
	  4  9 :       0.2393  bohr^-1
	  4 10 :       0.1308  bohr^-1
	  4 11 :       0.1935  bohr^-1
	  4 12 :       0.1449  bohr^-1
	  4 13 :       0.1542  bohr^-1
	  5  1 :       0.1346  bohr^-1
	  5  2 :       0.1672  bohr^-1
	  5  3 :       0.2004  bohr^-1
	  5  4 :       0.1562  bohr^-1
	  5  5 :       0.2273  bohr^-1
	  5  6 :       0.1688  bohr^-1
	  5  7 :       0.2024  bohr^-1
	  5  8 :       0.1923  bohr^-1
	  5  9 :       0.1308  bohr^-1
	  5 10 :       0.2416  bohr^-1
	  5 11 :       0.1455  bohr^-1
	  5 12 :       0.1937  bohr^-1
	  5 13 :       0.1328  bohr^-1
	  6  1 :       0.1358  bohr^-1
	  6  2 :       0.1674  bohr^-1
	  6  3 :       0.1560  bohr^-1
	  6  4 :       0.2013  bohr^-1
	  6  5 :       0.1688  bohr^-1
	  6  6 :       0.2274  bohr^-1
	  6  7 :       0.2024  bohr^-1
	  6  8 :       0.1308  bohr^-1
	  6  9 :       0.1925  bohr^-1
	  6 10 :       0.1454  bohr^-1
	  6 11 :       0.2417  bohr^-1
	  6 12 :       0.1936  bohr^-1
	  6 13 :       0.1197  bohr^-1
	  7  1 :       0.1221  bohr^-1
	  7  2 :       0.1555  bohr^-1
	  7  3 :       0.1676  bohr^-1
	  7  4 :       0.1679  bohr^-1
	  7  5 :       0.2024  bohr^-1
	  7  6 :       0.2024  bohr^-1
	  7  7 :       0.2280  bohr^-1
	  7  8 :       0.1447  bohr^-1
	  7  9 :       0.1447  bohr^-1
	  7 10 :       0.1937  bohr^-1
	  7 11 :       0.1937  bohr^-1
	  7 12 :       0.2422  bohr^-1
	  7 13 :       0.1133  bohr^-1
	  8  1 :       0.1764  bohr^-1
	  8  2 :       0.1909  bohr^-1
	  8  3 :       0.2372  bohr^-1
	  8  4 :       0.1445  bohr^-1
	  8  5 :       0.1923  bohr^-1
	  8  6 :       0.1308  bohr^-1
	  8  7 :       0.1447  bohr^-1
	  8  8 :       0.3065  bohr^-1
	  8  9 :       0.1219  bohr^-1
	  8 10 :       0.1902  bohr^-1
	  8 11 :       0.1064  bohr^-1
	  8 12 :       0.1217  bohr^-1
	  8 13 :       0.2023  bohr^-1
	  9  1 :       0.1820  bohr^-1
	  9  2 :       0.1920  bohr^-1
	  9  3 :       0.1448  bohr^-1
	  9  4 :       0.2393  bohr^-1
	  9  5 :       0.1308  bohr^-1
	  9  6 :       0.1925  bohr^-1
	  9  7 :       0.1447  bohr^-1
	  9  8 :       0.1219  bohr^-1
	  9  9 :       0.3097  bohr^-1
	  9 10 :       0.1064  bohr^-1
	  9 11 :       0.1898  bohr^-1
	  9 12 :       0.1215  bohr^-1
	  9 13 :       0.1466  bohr^-1
	 10  1 :       0.1147  bohr^-1
	 10  2 :       0.1449  bohr^-1
	 10  3 :       0.1929  bohr^-1
	 10  4 :       0.1308  bohr^-1
	 10  5 :       0.2416  bohr^-1
	 10  6 :       0.1454  bohr^-1
	 10  7 :       0.1937  bohr^-1
	 10  8 :       0.1902  bohr^-1
	 10  9 :       0.1064  bohr^-1
	 10 10 :       0.3135  bohr^-1
	 10 11 :       0.1219  bohr^-1
	 10 12 :       0.1904  bohr^-1
	 10 13 :       0.1157  bohr^-1
	 11  1 :       0.1161  bohr^-1
	 11  2 :       0.1450  bohr^-1
	 11  3 :       0.1308  bohr^-1
	 11  4 :       0.1935  bohr^-1
	 11  5 :       0.1455  bohr^-1
	 11  6 :       0.2417  bohr^-1
	 11  7 :       0.1937  bohr^-1
	 11  8 :       0.1064  bohr^-1
	 11  9 :       0.1898  bohr^-1
	 11 10 :       0.1219  bohr^-1
	 11 11 :       0.3136  bohr^-1
	 11 12 :       0.1903  bohr^-1
	 11 13 :       0.1003  bohr^-1
	 12  1 :       0.1005  bohr^-1
	 12  2 :       0.1305  bohr^-1
	 12  3 :       0.1448  bohr^-1
	 12  4 :       0.1449  bohr^-1
	 12  5 :       0.1937  bohr^-1
	 12  6 :       0.1936  bohr^-1
	 12  7 :       0.2422  bohr^-1
	 12  8 :       0.1217  bohr^-1
	 12  9 :       0.1215  bohr^-1
	 12 10 :       0.1904  bohr^-1
	 12 11 :       0.1903  bohr^-1
	 12 12 :       0.3144  bohr^-1
	 12 13 :       0.0934  bohr^-1
	 13  1 :       0.2764  bohr^-1
	 13  2 :       0.2069  bohr^-1
	 13  3 :       0.1826  bohr^-1
	 13  4 :       0.1542  bohr^-1
	 13  5 :       0.1328  bohr^-1
	 13  6 :       0.1197  bohr^-1
	 13  7 :       0.1133  bohr^-1
	 13  8 :       0.2023  bohr^-1
	 13  9 :       0.1466  bohr^-1
	 13 10 :       0.1157  bohr^-1
	 13 11 :       0.1003  bohr^-1
	 13 12 :       0.0934  bohr^-1
	 13 13 :       0.3388  bohr^-1


	*Molecular contr. to CDS energy:       0.0000  kcal/mol
	*Total CDS energy:       3.2225  kcal/mol
	*MP2::Polarization Free Energy (au)      : -0.0104350277 
	*MP2::Polarization Free Energy (kcal/mol):      -6.5481 
	*MP2::CDS Free Energy (au)      : 0.0051353778 
	*MP2::CDS Free Energy (kcal/mol):       3.2225 
	*MP2::Total Solvation Free Energy (au)      : -0.0052996499 
	*MP2::Total Solvation Free Energy (kcal/mol):      -3.3256 
	GB-MP2 Total Energy (a.u.)         :  -306.56312739524623

	*Total GB-MP2 Energy: -306.55782774534242


 Cpu time for MacroQC :       2.1402 minutes
 Wall time for MacroQC:       0.8235 minutes


 ******************************************************************************************
	 MacroQC terminates normally:) 
 ****************************************************************************************** 

