 ==========================================================================================
 =========                __  ___                         ____  ______            =========
 ======                  /  |/  /___ _______________     / __ \/ ____/               ======
 ====                   / /|_/ / __ `/ ___/ ___/ __ \   / / / / /                      ====
 ===                   / /  / / /_/ / /__/ /  / /_/ /  / /_/ / /___                     ===
 ==                   /_/  /_/\__,_/\___/_/   \____/   \___\_\____/                      ==
 ===                                                                1.0.4                ===
 =====     An electronic structure theory software for large-scale applications       =====
 ======                                 See license.txt for license info             ======
 =========                                                                        =========
 ==========================================================================================
                                                                                           
                           * * * * * * * * * * * * * * * * * * * *                        
                           *            Developed by             *                        
                           *             U. Bozkaya              *                        
                           *                                     *                        
                           *       With contributions from:      *                        
                           *         B. Ermis, Y. Alagoz,        *                        
                           *         A. Unal, and A. K. Uyar     *                        
                           *         Git Version: deab493        *                        
                           *       Latest Revision: 2026-03-23   *                        
                           * * * * * * * * * * * * * * * * * * * *                        


 Run date: Wed Mar 25 08:00:41 2026
 
 Hostname: ub12 

 ## MacroQC input file ##
 ******************************************************************************************
$set_molecule
0 1
O       0.0000325011    -1.2496222224    -0.0000421572
C      -0.7333230655     0.9941215980    -0.2226599822
C       0.7332465388     0.9941885714     0.2226351634
C      -1.1667248598    -0.4290129529     0.1296772931
C       1.1667665891    -0.4289494189    -0.1296215932
H      -1.3367710163     1.7525543763     0.2745086898
H      -0.8027025031     1.1586773609    -1.2995441365
H       1.3366499510     1.7526297046    -0.2745743254
H       0.8026276871     1.1588134102     1.2995104989
H      -1.5368516019    -0.4865384276     1.1596590921
H      -1.9423533454    -0.8174372355    -0.5323523503
H       1.5370105128    -0.4864859423    -1.1595599205
H       1.9423390912    -0.8173222529     0.5325044233
$end_molecule


$set_globals
   basis cc-pvdz
  method mp2
  reference rhf
  jobtype energy
  memory 30000
$end_globals


$set_scf
  e_convergence 1.0e-8
  d_convergence 1.0e-6
  guess sad
  solvation true
$end_scf


$set_solvation
  cds_type smd
  radius_type smd
  solvent_params mn21
  dielectric_params mn21 #sm8
  sasa_type numeric
  solvent water
  num_ang_points 100
  charge_type iao_mulliken #iao_lowdin, mulliken, lowdin
  coulomb_radii smd
$end_solvation

$set_dfocc
solvation true
$end_dfocc

 ******************************************************************************************


	-Geometry before Center-of-Mass shift (ang): 
	 Number     Atom               X                    Y                       Z  
	 ---------------------------------------------------------------------------------------
           1     O             0.0000325011         -1.2496222224          -0.0000421572  
           2     C            -0.7333230655          0.9941215980          -0.2226599822  
           3     C             0.7332465388          0.9941885714           0.2226351634  
           4     C            -1.1667248598         -0.4290129529           0.1296772931  
           5     C             1.1667665891         -0.4289494189          -0.1296215932  
           6     H            -1.3367710163          1.7525543763           0.2745086898  
           7     H            -0.8027025031          1.1586773609          -1.2995441365  
           8     H             1.3366499510          1.7526297046          -0.2745743254  
           9     H             0.8026276871          1.1588134102           1.2995104989  
          10     H            -1.5368516019         -0.4865384276           1.1596590921  
          11     H            -1.9423533454         -0.8174372355          -0.5323523503  
          12     H             1.5370105128         -0.4864859423          -1.1595599205  
          13     H             1.9423390912         -0.8173222529           0.5325044233  



	-Geometry after Center-of-Mass shift (ang): 
	 Atom               X                    Y                       Z  
	 -------------------------------------------------------------------
     O           0.0000317981         -1.2054439078          -0.0000400677  
     C          -0.7333237685          1.0382999126          -0.2226578927  
     C           0.7332458358          1.0383668860           0.2226372529  
     C          -1.1667255628         -0.3848346383           0.1296793826  
     C           1.1667658861         -0.3847711043          -0.1296195037  
     H          -1.3367717193          1.7967326909           0.2745107793  
     H          -0.8027032061          1.2028556755          -1.2995420470  
     H           1.3366492480          1.7968080192          -0.2745722359  
     H           0.8026269841          1.2029917248           1.2995125884  
     H          -1.5368523049         -0.4423601130           1.1596611816  
     H          -1.9423540484         -0.7732589209          -0.5323502608  
     H           1.5370098098         -0.4423076277          -1.1595578310  
     H           1.9423383882         -0.7731439383           0.5325065128  


	-Geometry after Center-of-Mass shift (bohr): 
	 Atom               X                    Y                       Z  
	 -------------------------------------------------------------------
     O           0.0000600897         -2.2779588453          -0.0000757169  
     C          -1.3857810838          1.9621024710          -0.4207624368  
     C           1.3856338123          1.9622290323           0.4207234334  
     C          -2.2047917773         -0.7272320699           0.2450585173  
     C           2.2048679772         -0.7271120081          -0.2449453624  
     H          -2.5261324418          3.3953327065           0.5187501914  
     H          -1.5168892196          2.2730677952          -2.4557785573  
     H           2.5259010045          3.3954750564          -0.5188663274  
     H           1.5167451808          2.2733248911           2.4557228887  
     H          -2.9042299516         -0.8359394623           2.1914420316  
     H          -3.6705171902         -1.4612475845          -1.0059961957  
     H           2.9045275926         -0.8358402795          -2.1912467271  
     H           3.6704875966         -1.4610302989           1.0062914693  


    Rotational Constants: A =     0.23652  B =     0.23373  C =      0.13322 [cm^-1] 
    Rotor Type: SYMMETRIC 

	-Nuclear Dipole Moment: (e a0)  
	 X:  -0.00005   Y:  3.33940   Z:  0.00016   Total:  3.33940 

	-Nuclear Dipole Moment: (D)  
	 X:  -0.00014   Y:  8.48790   Z:  0.00040   Total:  8.48790 


    Nuclear repulsion energy (V_NN)              : 190.600356072264 
   =====================================================
   Charge                : 0 
   Multiplicity          : 1 
   Number of Atoms       : 13 
   Number of Ghost Atoms : 0 
   Number of Electrons   : 40 
   Number of alpha occupied orbitals (NoccA)  : 20 
   Number of beta occupied orbitals (NoccB)   : 20 
   Number of singly occupied orbitals (Nsocc) : 0 
   Number of doubly occupied orbitals (Ndocc) : 20 
   =====================================================



  ## GLOBALS Options ##

  | TYPE         | KEY                      | INPUT? | VALUE              | DEFAULT            
  |--------------|--------------------------|--------|--------------------|--------------------
  | BOOL         | ERI_DISK                 | NO     | FALSE              | FALSE              
  | BOOL         | FREEZE_CORE              | NO     | TRUE               | TRUE               
  | BOOL         | MOL_FRAG                 | NO     | FALSE              | FALSE              
  | BOOL         | NOCOM                    | NO     | FALSE              | FALSE              
  | BOOL         | NOREORIENT               | NO     | TRUE               | TRUE               
  | BOOL         | PUREAM                   | NO     | TRUE               | TRUE               
  | BOOL         | ML                       | NO     | FALSE              | FALSE              
  | BOOL         | READ_PDB                 | NO     | FALSE              | FALSE              
  | BOOL         | TEST_MODE                | NO     | FALSE              | FALSE              
  | INT          | DERIVE_LEVEL             | NO     | 0                  | 0                  
  | INT          | FINDIF_POINTS            | NO     | 3                  | 3                  
  | INT          | MEMORY                   | YES    | 30000              | 2000               
  | INT          | NUM_THREADS              | NO     | 1                  | 1                  
  | INT          | NUM_FROZEN_DOCC          | NO     | 0                  | 0                  
  | INT          | NUM_FROZEN_VIR           | NO     | 0                  | 0                  
  | INT          | PRINT_LEVEL              | NO     | 0                  | 0                  
  | STRING       | AUX_BASIS_CORR           | NO     | CC-PVDZ-RI         | CC-PVDZ-RI         
  | STRING       | AUX_BASIS_SCF            | NO     | CC-PVDZ-JKFIT      | CC-PVDZ-JKFIT      
  | STRING       | BASIS                    | YES    | CC-PVDZ            | CC-PVDZ            
  | STRING       | BASIS2                   | NO     | MINAO              | MINAO              
  | STRING       | DERIVE_TYPE              | NO     | ANALYTIC           | ANALYTIC           
  | STRING       | FINDIF_METHOD            | NO     | GRAD               | GRAD               
  | STRING       | GEOM_UNITS               | NO     | ANG                | ANG                
  | STRING       | JOBTYPE                  | YES    | ENERGY             | ENERGY             
  | STRING       | METHOD                   | YES    | MP2                | SCF                
  | STRING       | REFERENCE                | YES    | RHF                | RHF                
  | STRING       | OUTFILE_MODE             | NO     | NEW                | NEW                
  | DOUBLE       | STEP_BOHR                | NO     | 0.05               | 0.05               
  | STR_ARRAY    | MOLECULE_GEOM_FROM       | NO     | [input]            | [input]            
  | DOUBLE_ARRAY | ELECTRIC_STRENGTH        | NO     | [0.001;0.001;0.001]| [0.001;0.001;0.001]
  | STRING       | ELECTRIC_FIELD           | NO     | NONE               | NONE               
  | STRING       | ALIGN_TWO_ATOMS          | NO     | NONE               | NONE               
  | INT_ARRAY    | TWO_ATOMS                | NO     | [0]                | [0]                



  ## INTS Options ##

  | TYPE         | KEY                      | INPUT? | VALUE              | DEFAULT            
  |--------------|--------------------------|--------|--------------------|--------------------
  | DOUBLE       | BOYS_CUTOFF              | NO     | 1e-15              | 1e-15              
  | DOUBLE       | BOYS_ZERO                | NO     | 1e-06              | 1e-06              
  | DOUBLE       | DELTA_X                  | NO     | 0.1                | 0.1                
  | DOUBLE       | INTEGRAL_CUTOFF          | NO     | 1e-10              | 1e-10              
  | DOUBLE       | X_MAX                    | NO     | 30.0               | 30.0               
  | INT          | BOYS_MAXITER             | NO     | 10000              | 10000              
  | INT          | MAX_AM                   | NO     | 7                  | 7                  
  | INT          | MAX_AM_AUX               | NO     | 7                  | 7                  
  | INT          | PRINT_LEVEL              | NO     | 0                  | 0                  
  | INT          | TAYLOR_ORDER             | NO     | 6                  | 6                  
  | STRING       | 3INDEX_ALGORITHM         | NO     | AUTO               | AUTO               
  | STRING       | BOYS_METHOD              | NO     | GHP                | GHP                
  | STRING       | ERI_ALGORITHM            | NO     | MD4                | MD4                


	Initializing Liboeprop (by U. Bozkaya) ...

	*=================================================================*
	*                  SCF                                            *
	*   Developed by U. Bozkaya & Y. Alagoz                           *
	*   Latest revision Feb 16, 2021                                  *
	*=================================================================*



  ## SCF Options ##

  | TYPE         | KEY                      | INPUT? | VALUE              | DEFAULT            
  |--------------|--------------------------|--------|--------------------|--------------------
  | BOOL         | DIIS_DAMP                | NO     | FALSE              | FALSE              
  | BOOL         | DIE_IF_NOT_CONVERGED     | NO     | TRUE               | TRUE               
  | BOOL         | DO_DF                    | NO     | TRUE               | TRUE               
  | BOOL         | DIIS                     | NO     | TRUE               | TRUE               
  | BOOL         | FOCK_DAMP                | NO     | FALSE              | FALSE              
  | BOOL         | GUESS_MIX                | NO     | FALSE              | FALSE              
  | BOOL         | GUESS_PREVIOUS           | NO     | FALSE              | FALSE              
  | BOOL         | LOCAL                    | NO     | FALSE              | FALSE              
  | BOOL         | RETRY                    | NO     | TRUE               | TRUE               
  | DOUBLE       | CUTOFF                   | NO     | 1e-10              | 1e-10              
  | DOUBLE       | D_CONVERGENCE            | YES    | 1e-06              | 1e-06              
  | DOUBLE       | DAMP_PARAM               | NO     | 0.02               | 0.02               
  | DOUBLE       | E_CONVERGENCE            | YES    | 1e-08              | 1e-08              
  | DOUBLE       | FOCK_DAMP_PERC           | NO     | 20.0               | 20.0               
  | DOUBLE       | MIN_OVERLAP_EIGVAL       | NO     | 1e-06              | 1e-06              
  | DOUBLE       | LOCAL_CONVERGENCE        | NO     | 1e-08              | 1e-08              
  | DOUBLE       | QC_GUESS_E_CONVERGENCE   | NO     | 0.0001             | 0.0001             
  | DOUBLE       | QC_GUESS_D_CONVERGENCE   | NO     | 0.005              | 0.005              
  | INT          | MAX_DIIS                 | NO     | 6                  | 6                  
  | INT          | MIN_DIIS                 | NO     | 2                  | 2                  
  | INT          | PRINT_LEVEL              | NO     | 0                  | 0                  
  | INT          | SCF_MAXITER              | NO     | 50                 | 50                 
  | INT          | LOCAL_MAXITER            | NO     | 50                 | 50                 
  | STRING       | DIIS_ALGORITHM           | NO     | DISK               | DISK               
  | STRING       | GUESS                    | YES    | SAD                | SAD                
  | BOOL         | MO_WRITE                 | NO     | FALSE              | FALSE              
  | BOOL         | FOCK_WRITE               | NO     | FALSE              | FALSE              
  | STRING       | ORTH_TYPE                | NO     | CANONICAL          | CANONICAL          
  | STRING       | ROHF_CANONIC_TYPE        | NO     | GUEST              | GUEST              
  | STRING       | ERI                      | NO     | INCORE             | INCORE             
  | STRING       | SCF_ALGORITHM            | NO     | ROOTHAAN           | ROOTHAAN           
  | STRING       | LOCAL_TYPE               | NO     | BOYS               | BOYS               
  | BOOL         | SAD_FRAC_OCC             | NO     | TRUE               | TRUE               
  | BOOL         | SAD_SPIN_AVERAGE         | NO     | TRUE               | TRUE               
  | DOUBLE       | SAD_E_CONVERGENCE        | NO     | 1e-05              | 1e-05              
  | DOUBLE       | SAD_D_CONVERGENCE        | NO     | 1e-05              | 1e-05              
  | INT          | SAD_MAXITER              | NO     | 50                 | 50                 
  | BOOL         | NIE                      | NO     | FALSE              | FALSE              
  | BOOL         | SAD_DIIS                 | NO     | TRUE               | TRUE               
  | INT          | SAD_MAX_DIIS             | NO     | 6                  | 6                  
  | INT          | SAD_MIN_DIIS             | NO     | 2                  | 2                  
  | INT          | SAD_PRINT                | NO     | 0                  | 0                  
  | STRING       | SAD_AUX_BASIS            | NO     | SAD-FIT            | SAD-FIT            
  | DOUBLE       | SAD_CHOLESKY_TOLERANCE   | NO     | 1e-07              | 1e-07              
  | BOOL         | SOLVATION                | YES    | TRUE               | FALSE              
  | BOOL         | BYPASS                   | NO     | FALSE              | FALSE              
  | STRING       | IAO_TYPE                 | NO     | STANDARD2013       | STANDARD2013       
  | BOOL         | USE_IAOS                 | NO     | FALSE              | FALSE              

	Initializing libdiis ...
	Initializing libmolint 1.1 ...
 CC-PVDZ primary basis set file will be read for the O atom...
 CC-PVDZ primary basis set file will be read for the C atom...
 CC-PVDZ primary basis set file will be read for the H atom...
 Nmaxthread: 12 
 Nshell: 54 
 Lmax:  2 
 Npmax:  8 
 Nao: 110 
 Ndocc: 20 
 Nsocc:  0 
 NoccA: 20 
 NoccB: 20 
 Primary basis set info has been read.

 CC-PVDZ-JKFIT aux basis set file will be read for the O atom...
 CC-PVDZ-JKFIT aux basis set file will be read for the C atom...
 CC-PVDZ-JKFIT aux basis set file will be read for the H atom...
 Nshell_aux: 192 
 Naux: 534 
 Aux basis set info has been read.

 orth_type: CANONICAL 
 Cpu time for S ints :       0.0200 s
 Wall time for S ints:       0.0168 s

 Using canonical orthogonalization. 
 Minimum eigenvalue in the overlap matrix is:   3.6455E-03 

 Cpu time for T ints :       0.1500 s
 Wall time for T ints:       0.0376 s
 Cpu time for V ints :       0.8600 s
 Wall time for V ints:       0.2807 s
 Cpu time for Metric ints :       1.0900 s
 Wall time for Metric ints:       0.2919 s
 3-Index Algorithm: AUTO 

 Calling fortran integrals: ringing... 
 Done with fintegrals.

 Cpu time for 3-index ints :       3.8600 s
 Wall time for 3-index ints:       1.2172 s
 Cpu time for df-factors :       0.4200 s
 Wall time for df-factors:       0.1135 s


 Puream (True=1, False=0) : 1
 Number of AO             : 110
 Number of MO             : 110
 Number of Aux Functions  : 534
 Charge                   : 0
 Multiplicity             : 1
 Alpha OCC                : 20
 Beta OCC                 : 20
 Nuclear Repulsion Energy : 190.60035607
 Energy Treshold          : 1.0e-08
 Density Treshold         : 1.0e-06
 Iteration Limit          : 50
 Guess                    : SAD
 Guess Mix                : false
 Diis                     : true
 Diis Damping             : false
 Diis Damp Parameter      : 0.02
 Diis Algorithm           : DISK
 Cutoff Treshold          : 1.0e-10
 Density Fitting          : true
 Reference                : RHF
 Die If Not Converged     : true
 Print Level              : 0
 ERI Algorithm            : INCORE
 SCF Algorithm            : ROOTHAAN




  ## SOLVATION Options ##

  | TYPE         | KEY                      | INPUT? | VALUE              | DEFAULT            
  |--------------|--------------------------|--------|--------------------|--------------------
  | INT          | NUM_Z_POINTS             | NO     | 90                 | 90                 
  | INT          | NUM_ANG_POINTS           | YES    | 100                | 100                
  | STRING       | SASA_TYPE                | YES    | NUMERIC            | NUMERIC            
  | STRING       | CHARGE_TYPE              | YES    | IAO_MULLIKEN       | IAO_MULLIKEN       
  | STRING       | CDS_TYPE                 | YES    | SMD                | SMD                
  | STRING       | SOLVENT                  | YES    | WATER              | WATER              
  | STRING       | SOLVENT_PARAMS           | YES    | MN21               | SM8                
  | STRING       | DIELECTRIC_PARAMS        | YES    | MN21               | MN21               
  | STRING       | COULOMB_RADII            | YES    | SMD                | SMD                
  | DOUBLE       | COVALENT_VW_CONST        | NO     | 0.76               | 0.76               
  | DOUBLE       | SOLVENT_RADIUS           | NO     | 0.4                | 0.4                
  | STRING       | RADIUS_TYPE              | YES    | SMD                | SMD                
  | DOUBLE       | GB_DIJ                   | NO     | 3.7                | 3.7                
  | DOUBLE       | GB_SIJ                   | NO     | 0.75               | 0.75               
  | DOUBLE       | GB_CIJ                   | NO     | 0.0                | 0.0                
  | DOUBLE       | F_PWSASA                 | NO     | 0.4535             | 0.4535             
  | DOUBLE       | SCALE_VDW                | NO     | 1.0                | 1.0                
  | DOUBLE       | SCALE_CR                 | NO     | 1.0                | 1.0                



 Sasa Type                  : NUMERIC 
 Charge Type                : IAO_MULLIKEN 
 CDS Type                   : SMD 
 Radius Type                : SMD 
 Solvent                    : WATER 
 Solvent Parameters         : MN21 
 Dielectric Parameters      : MN21 
 Coulomb Radii Parameters   : SMD 
 GB d_ij parameter          : 3.7000000000 
 GB S_ij parameter          : 0.7500000000 
 GB C_ij parameter          : 0.0000000000 
 Sclae_vdw parameter        : 1.0000000000 
 Number of z-points         : 90 
 Number of angular points   : 100 
 Number of SASA grid points : 17902 
 Solvent Dielectric Constant: 78.3553000000 

 VDW Radii:
	  1 O :       1.5200  ang
	  2 C :       1.7000  ang
	  3 C :       1.7000  ang
	  4 C :       1.7000  ang
	  5 C :       1.7000  ang
	  6 H :       1.2000  ang
	  7 H :       1.2000  ang
	  8 H :       1.2000  ang
	  9 H :       1.2000  ang
	 10 H :       1.2000  ang
	 11 H :       1.2000  ang
	 12 H :       1.2000  ang
	 13 H :       1.2000  ang

	 Computing SASA... 

 Atomic SASA values:
	  1 O :      14.9775  ang^2
	  2 C :       4.9808  ang^2
	  3 C :       4.9808  ang^2
	  4 C :       5.8043  ang^2
	  5 C :       5.8043  ang^2
	  6 H :      12.7677  ang^2
	  7 H :      12.4945  ang^2
	  8 H :      12.7677  ang^2
	  9 H :      12.4945  ang^2
	 10 H :      12.8665  ang^2
	 11 H :      12.8557  ang^2
	 12 H :      12.8665  ang^2
	 13 H :      12.8557  ang^2

	*Total SASA (angs^2): 138.5167567921 


 Coulomb Radii:
	  1 O :       1.5200  ang
	  2 C :       1.8500  ang
	  3 C :       1.8500  ang
	  4 C :       1.8500  ang
	  5 C :       1.8500  ang
	  6 H :       1.2000  ang
	  7 H :       1.2000  ang
	  8 H :       1.2000  ang
	  9 H :       1.2000  ang
	 10 H :       1.2000  ang
	 11 H :       1.2000  ang
	 12 H :       1.2000  ang
	 13 H :       1.2000  ang
 Solvent Alpha                       : 1.1700000000 

 ## Effective Born Radius (bohr) ##
   0   4.1653549159 
   1   4.3386647287 
   2   4.3386711409 
   3   4.2404918751 
   4   4.2404935294 
   5   3.3122923786 
   6   3.4274773971 
   7   3.3122899067 
   8   3.4274680280 
   9   3.2817711117 
  10   3.2032048568 
  11   3.2817397544 
  12   3.2032050397 

 Effective Born Radii:
	  1 O :       2.2042  ang
	  2 C :       2.2959  ang
	  3 C :       2.2959  ang
	  4 C :       2.2440  ang
	  5 C :       2.2440  ang
	  6 H :       1.7528  ang
	  7 H :       1.8137  ang
	  8 H :       1.7528  ang
	  9 H :       1.8137  ang
	 10 H :       1.7366  ang
	 11 H :       1.6951  ang
	 12 H :       1.7366  ang
	 13 H :       1.6951  ang


 Coulomb Integrals:
	  1  1 :       0.2401  bohr^-1
	  1  2 :       0.1729  bohr^-1
	  1  3 :       0.1729  bohr^-1
	  1  4 :       0.2080  bohr^-1
	  1  5 :       0.2080  bohr^-1
	  1  6 :       0.1486  bohr^-1
	  1  7 :       0.1638  bohr^-1
	  1  8 :       0.1486  bohr^-1
	  1  9 :       0.1638  bohr^-1
	  1 10 :       0.1984  bohr^-1
	  1 11 :       0.2001  bohr^-1
	  1 12 :       0.1984  bohr^-1
	  1 13 :       0.2001  bohr^-1
	  2  1 :       0.1729  bohr^-1
	  2  2 :       0.2305  bohr^-1
	  2  3 :       0.1997  bohr^-1
	  2  4 :       0.2015  bohr^-1
	  2  5 :       0.1719  bohr^-1
	  2  6 :       0.2390  bohr^-1
	  2  7 :       0.2356  bohr^-1
	  2  8 :       0.1899  bohr^-1
	  2  9 :       0.1898  bohr^-1
	  2 10 :       0.1915  bohr^-1
	  2 11 :       0.1917  bohr^-1
	  2 12 :       0.1632  bohr^-1
	  2 13 :       0.1478  bohr^-1
	  3  1 :       0.1729  bohr^-1
	  3  2 :       0.1997  bohr^-1
	  3  3 :       0.2305  bohr^-1
	  3  4 :       0.1719  bohr^-1
	  3  5 :       0.2015  bohr^-1
	  3  6 :       0.1899  bohr^-1
	  3  7 :       0.1898  bohr^-1
	  3  8 :       0.2390  bohr^-1
	  3  9 :       0.2356  bohr^-1
	  3 10 :       0.1633  bohr^-1
	  3 11 :       0.1478  bohr^-1
	  3 12 :       0.1915  bohr^-1
	  3 13 :       0.1917  bohr^-1
	  4  1 :       0.2080  bohr^-1
	  4  2 :       0.2015  bohr^-1
	  4  3 :       0.1719  bohr^-1
	  4  4 :       0.2358  bohr^-1
	  4  5 :       0.1739  bohr^-1
	  4  6 :       0.1915  bohr^-1
	  4  7 :       0.1910  bohr^-1
	  4  8 :       0.1467  bohr^-1
	  4  9 :       0.1657  bohr^-1
	  4 10 :       0.2419  bohr^-1
	  4 11 :       0.2445  bohr^-1
	  4 12 :       0.1591  bohr^-1
	  4 13 :       0.1537  bohr^-1
	  5  1 :       0.2080  bohr^-1
	  5  2 :       0.1719  bohr^-1
	  5  3 :       0.2015  bohr^-1
	  5  4 :       0.1739  bohr^-1
	  5  5 :       0.2358  bohr^-1
	  5  6 :       0.1467  bohr^-1
	  5  7 :       0.1657  bohr^-1
	  5  8 :       0.1915  bohr^-1
	  5  9 :       0.1910  bohr^-1
	  5 10 :       0.1591  bohr^-1
	  5 11 :       0.1537  bohr^-1
	  5 12 :       0.2419  bohr^-1
	  5 13 :       0.2445  bohr^-1
	  6  1 :       0.1486  bohr^-1
	  6  2 :       0.2390  bohr^-1
	  6  3 :       0.1899  bohr^-1
	  6  4 :       0.1915  bohr^-1
	  6  5 :       0.1467  bohr^-1
	  6  6 :       0.3019  bohr^-1
	  6  7 :       0.2245  bohr^-1
	  6  8 :       0.1760  bohr^-1
	  6  9 :       0.1884  bohr^-1
	  6 10 :       0.1913  bohr^-1
	  6 11 :       0.1753  bohr^-1
	  6 12 :       0.1318  bohr^-1
	  6 13 :       0.1246  bohr^-1
	  7  1 :       0.1638  bohr^-1
	  7  2 :       0.2356  bohr^-1
	  7  3 :       0.1898  bohr^-1
	  7  4 :       0.1910  bohr^-1
	  7  5 :       0.1657  bohr^-1
	  7  6 :       0.2245  bohr^-1
	  7  7 :       0.2918  bohr^-1
	  7  8 :       0.1884  bohr^-1
	  7  9 :       0.1606  bohr^-1
	  7 10 :       0.1617  bohr^-1
	  7 11 :       0.1914  bohr^-1
	  7 12 :       0.1694  bohr^-1
	  7 13 :       0.1338  bohr^-1
	  8  1 :       0.1486  bohr^-1
	  8  2 :       0.1899  bohr^-1
	  8  3 :       0.2390  bohr^-1
	  8  4 :       0.1467  bohr^-1
	  8  5 :       0.1915  bohr^-1
	  8  6 :       0.1760  bohr^-1
	  8  7 :       0.1884  bohr^-1
	  8  8 :       0.3019  bohr^-1
	  8  9 :       0.2245  bohr^-1
	  8 10 :       0.1318  bohr^-1
	  8 11 :       0.1246  bohr^-1
	  8 12 :       0.1913  bohr^-1
	  8 13 :       0.1753  bohr^-1
	  9  1 :       0.1638  bohr^-1
	  9  2 :       0.1898  bohr^-1
	  9  3 :       0.2356  bohr^-1
	  9  4 :       0.1657  bohr^-1
	  9  5 :       0.1910  bohr^-1
	  9  6 :       0.1884  bohr^-1
	  9  7 :       0.1606  bohr^-1
	  9  8 :       0.2245  bohr^-1
	  9  9 :       0.2918  bohr^-1
	  9 10 :       0.1694  bohr^-1
	  9 11 :       0.1338  bohr^-1
	  9 12 :       0.1617  bohr^-1
	  9 13 :       0.1914  bohr^-1
	 10  1 :       0.1984  bohr^-1
	 10  2 :       0.1915  bohr^-1
	 10  3 :       0.1633  bohr^-1
	 10  4 :       0.2419  bohr^-1
	 10  5 :       0.1591  bohr^-1
	 10  6 :       0.1913  bohr^-1
	 10  7 :       0.1617  bohr^-1
	 10  8 :       0.1318  bohr^-1
	 10  9 :       0.1694  bohr^-1
	 10 10 :       0.3047  bohr^-1
	 10 11 :       0.2289  bohr^-1
	 10 12 :       0.1339  bohr^-1
	 10 13 :       0.1439  bohr^-1
	 11  1 :       0.2001  bohr^-1
	 11  2 :       0.1917  bohr^-1
	 11  3 :       0.1478  bohr^-1
	 11  4 :       0.2445  bohr^-1
	 11  5 :       0.1537  bohr^-1
	 11  6 :       0.1753  bohr^-1
	 11  7 :       0.1914  bohr^-1
	 11  8 :       0.1246  bohr^-1
	 11  9 :       0.1338  bohr^-1
	 11 10 :       0.2289  bohr^-1
	 11 11 :       0.3122  bohr^-1
	 11 12 :       0.1438  bohr^-1
	 11 13 :       0.1289  bohr^-1
	 12  1 :       0.1984  bohr^-1
	 12  2 :       0.1632  bohr^-1
	 12  3 :       0.1915  bohr^-1
	 12  4 :       0.1591  bohr^-1
	 12  5 :       0.2419  bohr^-1
	 12  6 :       0.1318  bohr^-1
	 12  7 :       0.1694  bohr^-1
	 12  8 :       0.1913  bohr^-1
	 12  9 :       0.1617  bohr^-1
	 12 10 :       0.1339  bohr^-1
	 12 11 :       0.1438  bohr^-1
	 12 12 :       0.3047  bohr^-1
	 12 13 :       0.2289  bohr^-1
	 13  1 :       0.2001  bohr^-1
	 13  2 :       0.1478  bohr^-1
	 13  3 :       0.1917  bohr^-1
	 13  4 :       0.1537  bohr^-1
	 13  5 :       0.2445  bohr^-1
	 13  6 :       0.1246  bohr^-1
	 13  7 :       0.1338  bohr^-1
	 13  8 :       0.1753  bohr^-1
	 13  9 :       0.1914  bohr^-1
	 13 10 :       0.1439  bohr^-1
	 13 11 :       0.1289  bohr^-1
	 13 12 :       0.2289  bohr^-1
	 13 13 :       0.3122  bohr^-1
    ===> SCF Iteration Started <===

     Iter. |                   Energy |       Delta E |          Drms |
    -------|--------------------------|---------------|---------------|
         1 |      -230.52780855632443 |    -2.305e+02 |     1.480e-02 |
         2 |      -230.88639803418567 |    -3.586e-01 |     3.009e-03 | DIIS
         3 |      -230.97501743452096 |    -8.862e-02 |     1.491e-03 | DIIS
         4 |      -230.98988099630799 |    -1.486e-02 |     3.402e-04 | DIIS
         5 |      -230.99118469020891 |    -1.304e-03 |     6.107e-05 | DIIS
         6 |      -230.99121703576179 |    -3.235e-05 |     1.276e-05 | DIIS
         7 |      -230.99121553062054 |     1.505e-06 |     8.995e-06 | DIIS
         8 |      -230.99121366476771 |     1.866e-06 |     1.506e-06 | DIIS
         9 |      -230.99121289797171 |     7.668e-07 |     2.732e-07 | DIIS
        10 |      -230.99121286571375 |     3.226e-08 |     2.046e-07 | DIIS
        11 |      -230.99121282491643 |     4.080e-08 |     5.614e-08 | DIIS
        12 |      -230.99121281962488 |     5.292e-09 |     8.524e-09 | DIIS


	-Alpha Occupied Orbital Energies (au):  
	 1: -20.5169201519 	 2: -11.2488917291 	 3: -11.2479932093 	 4: -11.2071033287 	 5: -11.2058719780 
	 6: -1.3383719533 	 7: -1.0358863292 	 8: -0.9672882355 	 9: -0.7860754160 	10: -0.7844212331 
	11: -0.6567981985 	12: -0.6460948205 	13: -0.5645365450 	14: -0.5641273951 	15: -0.5345669120 
	16: -0.4764338596 	17: -0.4698204991 	18: -0.4508411433 	19: -0.4366591382 	20: -0.3791824967 

	-Alpha Virtual Orbital Energies (au):  
	21: 0.1894534282 	22: 0.2201232468 	23: 0.2355657337 	24: 0.2506484090 	25: 0.2686642001 
	26: 0.2746468310 	27: 0.3004523943 	28: 0.3136628383 	29: 0.3277497470 	30: 0.3589279557 
	31: 0.4075791930 	32: 0.4173063105 	33: 0.4786595443 	34: 0.5793051610 	35: 0.6251128570 
	36: 0.6293875479 	37: 0.6564231785 	38: 0.7532899349 	39: 0.7733377106 	40: 0.7822132758 
	41: 0.7851603378 	42: 0.8268578729 	43: 0.8521043403 	44: 0.8624411274 	45: 0.8729620032 
	46: 0.8854606967 	47: 0.9000762023 	48: 0.9140027701 	49: 0.9183810276 	50: 0.9377396067 
	51: 0.9378670926 	52: 0.9620527815 	53: 0.9645539137 	54: 1.0864915200 	55: 1.1120632265 
	56: 1.1266172485 	57: 1.2988912497 	58: 1.3655291261 	59: 1.4241750231 	60: 1.4487410741 
	61: 1.4678797428 	62: 1.5077337003 	63: 1.5481297326 	64: 1.5506252114 	65: 1.6340446850 
	66: 1.6509815385 	67: 1.6896432540 	68: 1.7913139903 	69: 1.8478884921 	70: 1.8694490531 
	71: 1.8748419307 	72: 1.8944399758 	73: 1.8983042296 	74: 1.9124406656 	75: 1.9391135222 
	76: 1.9534346420 	77: 1.9781967720 	78: 1.9884618774 	79: 1.9991719173 	80: 2.0343199704 
	81: 2.0415354264 	82: 2.0431598308 	83: 2.0727907934 	84: 2.0849155978 	85: 2.1296776930 
	86: 2.1506138170 	87: 2.2318560410 	88: 2.2706488399 	89: 2.2754393122 	90: 2.3846806858 
	91: 2.3968099265 	92: 2.4310083771 	93: 2.4698029040 	94: 2.5103943921 	95: 2.5494175382 
	96: 2.5996154336 	97: 2.6339447128 	98: 2.7900403668 	99: 2.7924942678 	100: 2.8288430959 
	101: 2.8293939101 	102: 2.8855967944 	103: 2.9115425455 	104: 2.9751448051 	105: 3.0670365734 
	106: 3.3747959049 	107: 3.3889683273 	108: 3.4260583775 	109: 3.6251666187 	110: 3.6923474059 



	-Mulliken Population Analysis for SCF:
	 1: -0.5101931471 	 2: -0.0871311973 	 3: -0.0936168706 	 4: 0.2358504322 	 5: 0.2391507717 
	 6: 0.0264107886 	 7: 0.0298501408 	 8: 0.0290807212 	 9: 0.0297597896 	10: 0.0207581421 
	11: 0.0293375221 	12: 0.0210336243 	13: 0.0297092823 

	-Lowdin Population Analysis for SCF:  
	 1: -0.1030300137 	 2: -0.0360243084 	 3: -0.0382069384 	 4: 0.0274537106 	 5: 0.0288113508 
	 6: 0.0195385581 	 7: 0.0183455515 	 8: 0.0205310330 	 9: 0.0181761301 	10: 0.0078577148 
	11: 0.0141581507 	12: 0.0080149945 	13: 0.0143740663 

	-Electronic Dipole Moment: (e a0)  
	 X:  0.00508   Y:  -2.58662   Z:  -0.00368   Total:  2.58663 

	-Electronic Dipole Moment: (D)  
	 X:  0.01291   Y:  -6.57453   Z:  -0.00936   Total:  6.57455 

	-Total Dipole Moment: (e a0)  
	 X:  0.00503   Y:  0.75278   Z:  -0.00352   Total:  0.75280 

	-Total Dipole Moment: (D)  
	 X:  0.01277   Y:  1.91337   Z:  -0.00895   Total:  1.91343 



	Initializing Liboeprop (by U. Bozkaya) ...


	-Mulliken Population Analysis for SCF-IAO:
	 1: -0.4716564232 	 2: -0.2273330256 	 3: -0.2312006185 	 4: 0.0030551952 	 5: 0.0050706210 
	 6: 0.1192393757 	 7: 0.1116014880 	 8: 0.1209285786 	 9: 0.1114498373 	10: 0.1064576563 
	11: 0.1227676893 	12: 0.1066812253 	13: 0.1230848007 

	-Lowdin Population Analysis for SCF-IAO:  
	 1: -0.4716564232 	 2: -0.2273330256 	 3: -0.2312006185 	 4: 0.0030551952 	 5: 0.0050706210 
	 6: 0.1192393757 	 7: 0.1116014880 	 8: 0.1209285786 	 9: 0.1114498373 	10: 0.1064576563 
	11: 0.1227676893 	12: 0.1066812253 	13: 0.1230848007 

	Initializing Liblocal (by U. Bozkaya) ...
  ==> Pipek-Mezey Localizer <==

    Convergence =   1.000E-08
    Maxiter     =          50

    Iteration                   Metric       Residual
    PM    0   1.1604270716618863E+01              -
    PM    1   2.2712752925925436E+01   9.572753E-01
    PM    2   2.5508027062676106E+01   1.230707E-01
    PM    3   2.5568846226594722E+01   2.384315E-03
    PM    4   2.5569917359638332E+01   4.189211E-05
    PM    5   2.5569934192739339E+01   6.583166E-07
    PM    6   2.5569934451136373E+01   1.010550E-08
    PM    7   2.5569934455642702E+01   1.762355E-10

    PM Localizer converged.



	*Molecular contr. to CDS energy:       0.0000  kcal/mol
	*Total CDS energy:       2.1856  kcal/mol
	*SCF::Polarization Free Energy (au)      : -0.0063898051 
	*SCF::Polarization Free Energy (kcal/mol):      -4.0097 
	*SCF::CDS Free Energy (au)      : 0.0034828961 
	*SCF::CDS Free Energy (kcal/mol):       2.1856 
	*SCF::Total Solvation Free Energy (au)      : -0.0029069090 
	*SCF::Total Solvation Free Energy (kcal/mol):      -1.8241 
 CC-PVDZ primary basis set file will be read for the O atom...
 CC-PVDZ primary basis set file will be read for the C atom...
 CC-PVDZ primary basis set file will be read for the H atom...
 Nmaxthread: 12 
 Nshell: 54 
 Lmax:  2 
 Npmax:  8 
 Nao: 110 
 Ndocc: 20 
 Nsocc:  0 
 NoccA: 20 
 NoccB: 20 
 Primary basis set info has been read.

 CC-PVDZ-JKFIT aux basis set file will be read for the O atom...
 CC-PVDZ-JKFIT aux basis set file will be read for the C atom...
 CC-PVDZ-JKFIT aux basis set file will be read for the H atom...
 Nshell_aux: 192 
 Naux: 534 
 Aux basis set info has been read.


	*Total SCF Energy: -230.99121281962488

 Cpu time for SCF :       1.2242 minutes
 Wall time for SCF:       0.4457 minutes


	MO spaces... 

	 FC   OCC   VIR   FV 
	----------------------
	  5   15    90    0


	Libtrans is initialized (by U. Bozkaya) ...

 ============================================================================== 
 ============================================================================== 
 ============================================================================== 

                       DF-MP2   
              Program Written by Ugur Bozkaya
              Latest Revision May 2, 2021

 ============================================================================== 
 ============================================================================== 
 ============================================================================== 

	For this residual convergence, default PCG convergence is:     1.00e-07
    Warning: "PCG_CONVERGENCE" option is changed to     1.00e-07


  ## DFOCC Options ##

  | TYPE         | KEY                      | INPUT? | VALUE              | DEFAULT            
  |--------------|--------------------------|--------|--------------------|--------------------
  | BOOL         | EOM                      | NO     | FALSE              | FALSE              
  | BOOL         | EOM_MP2                  | NO     | FALSE              | FALSE              
  | BOOL         | EOM_MP3                  | NO     | FALSE              | FALSE              
  | BOOL         | EOM_MP2_5                | NO     | FALSE              | FALSE              
  | BOOL         | EOM_LCCD                 | NO     | FALSE              | FALSE              
  | BOOL         | LOW_MEM_MP2              | NO     | FALSE              | FALSE              
  | BOOL         | LOW_MEM_MP3              | NO     | FALSE              | FALSE              
  | BOOL         | CD_PRESCREEN             | NO     | FALSE              | FALSE              
  | DOUBLE       | CIS_E_CONV               | NO     | 1e-06              | 1e-06              
  | DOUBLE       | CIS_R_CONV               | NO     | 1e-06              | 1e-06              
  | DOUBLE       | CIS_RES_PRECONDITION_TOL | NO     | 0.0001             | 0.0001             
  | DOUBLE       | DAVIDSON_TOLERANCE       | NO     | 1e-06              | 1e-06              
  | DOUBLE       | E3_SCALE                 | NO     | 0.25               | 0.25               
  | DOUBLE       | E_CONVERGENCE            | NO     | 1e-06              | 1e-06              
  | DOUBLE       | JK_MEMORY                | NO     | 1000000000.0       | 1000000000.0       
  | DOUBLE       | LEVEL_SHIFT              | NO     | 0.02               | 0.02               
  | DOUBLE       | MAX_MOGRAD_CONVERGENCE   | NO     | 0.001              | 0.001              
  | DOUBLE       | MO_STEP_MAX              | NO     | 0.5                | 0.5                
  | DOUBLE       | MP2_OS_SCALE             | NO     | 1.2                | 1.2                
  | DOUBLE       | MP2_SOS_SCALE            | NO     | 1.3                | 1.3                
  | DOUBLE       | MP2_SOS_SCALE2           | NO     | 1.2                | 1.2                
  | DOUBLE       | MP2_SS_SCALE             | NO     | 0.3333333333333333 | 0.3333333333333333 
  | DOUBLE       | OCC_PERCENTAGE           | NO     | 99.0               | 99.0               
  | DOUBLE       | OCC_TOLERANCE            | NO     | 1e-05              | 1e-05              
  | DOUBLE       | OO_SCALE                 | NO     | 0.01               | 0.01               
  | DOUBLE       | PCG_CONVERGENCE          | NO     | 1e-06              | 1e-06              
  | DOUBLE       | R_CONVERGENCE            | NO     | 1e-05              | 1e-05              
  | DOUBLE       | REG_PARAM                | NO     | 0.4                | 0.4                
  | DOUBLE       | KAPPA_REG_PARAM          | NO     | 1.1                | 1.1                
  | DOUBLE       | RMS_MOGRAD_CONVERGENCE   | NO     | 1e-06              | 1e-06              
  | DOUBLE       | SCG_TOLERANCE            | NO     | 1e-06              | 1e-06              
  | DOUBLE       | SCHMIDT_ADD_RES_TOL      | NO     | 0.001              | 0.001              
  | INT          | ACTIVE_NAT_ORBS          | NO     | 2                  | 2                  
  | INT          | CC_DIIS_MAX_VECS         | NO     | 6                  | 6                  
  | INT          | CC_DIIS_MIN_VECS         | NO     | 2                  | 2                  
  | INT          | CC_MAXITER               | NO     | 50                 | 50                 
  | INT          | CUTOFF                   | NO     | 8                  | 8                  
  | INT          | EXCITATION_RANGE         | NO     | 2                  | 2                  
  | INT          | FOLLOW_ROOT              | NO     | 1                  | 1                  
  | INT          | INTEGRAL_CUTOFF          | NO     | 9                  | 9                  
  | INT          | MAX_VECS                 | NO     | 50                 | 50                 
  | INT          | MO_DIIS_NUM_VECS         | NO     | 6                  | 6                  
  | INT          | MO_MAXITER               | NO     | 50                 | 50                 
  | INT          | NUM_ROOTS                | NO     | 4                  | 4                  
  | INT          | PCG_MAXITER              | NO     | 50                 | 50                 
  | INT          | PRINT_LEVEL              | NO     | 0                  | 0                  
  | INT          | VECS_PER_ROOT            | NO     | 1                  | 1                  
  | STRING       | CC_LAMBDA                | NO     | FALSE              | FALSE              
  | STRING       | CHOLESKY                 | NO     | FALSE              | FALSE              
  | STRING       | CIS_ALGORITHM            | NO     | MO_BASIS           | MO_BASIS           
  | STRING       | CIS_GUESS_COEFF          | NO     | MIX                | MIX                
  | STRING       | COMPUT_S2                | NO     | FALSE              | FALSE              
  | STRING       | DIAG_METHOD              | NO     | DAVIDSON           | DAVIDSON           
  | STRING       | DO_DIIS                  | NO     | TRUE               | TRUE               
  | STRING       | DO_LEVEL_SHIFT           | NO     | TRUE               | TRUE               
  | STRING       | DO_SCS                   | NO     | FALSE              | FALSE              
  | STRING       | DO_SOS                   | NO     | FALSE              | FALSE              
  | STRING       | EKT_IP                   | NO     | FALSE              | FALSE              
  | STRING       | FREEZE_CORE              | NO     | TRUE               | TRUE               
  | STRING       | HESS_TYPE                | NO     | HF                 | HF                 
  | STRING       | JK_TYPE                  | NO     | DIRECT             | DIRECT             
  | STRING       | LINEQ_SOLVER             | NO     | CDGESV             | CDGESV             
  | STRING       | MO_READ                  | NO     | FALSE              | FALSE              
  | STRING       | MO_WRITE                 | NO     | FALSE              | FALSE              
  | STRING       | MP2_AMP_TYPE             | NO     | DIRECT             | DIRECT             
  | STRING       | NAT_ORBS                 | NO     | FALSE              | FALSE              
  | STRING       | NBO                      | NO     | TRUE               | TRUE               
  | STRING       | OCC_ORBS_PRINT           | NO     | FALSE              | FALSE              
  | STRING       | OEPROP                   | NO     | FALSE              | FALSE              
  | STRING       | OPT_METHOD               | NO     | QNR                | QNR                
  | STRING       | ORB_RESP_SOLVER          | NO     | PCG                | PCG                
  | STRING       | ORTH_TYPE                | NO     | MGS                | MGS                
  | STRING       | PCG_BETA_TYPE            | NO     | FLETCHER_REEVES    | FLETCHER_REEVES    
  | STRING       | PPL_TYPE                 | NO     | AUTO               | AUTO               
  | STRING       | PRINT_CI_VECS            | NO     | FALSE              | FALSE              
  | STRING       | QCHF                     | NO     | FALSE              | FALSE              
  | STRING       | READ_SCF_3INDEX          | NO     | TRUE               | TRUE               
  | STRING       | REGULARIZATION           | NO     | FALSE              | FALSE              
  | STRING       | REG_TYPE                 | NO     | NORMAL             | NORMAL             
  | STRING       | SCS_TYPE                 | NO     | SCS                | SCS                
  | STRING       | SOS_TYPE                 | NO     | SOS                | SOS                
  | STRING       | TRIPLES_IABC_TYPE        | NO     | DISK               | DISK               
  | STRING       | UNIT_GUESS_TYPE          | NO     | GEN                | GEN                
  | STRING       | EKT_NEGATIVE_OCC         | NO     | ABS                | ABS                
  | BOOL         | SOLVATION                | YES    | TRUE               | FALSE              

	MO spaces... 

	 FC   OCC   VIR   FV 
	----------------------
	  5   15    90    0
 CC-PVDZ primary basis set file will be read for the O atom...
 CC-PVDZ primary basis set file will be read for the C atom...
 CC-PVDZ primary basis set file will be read for the H atom...
 Nmaxthread: 12 
 Nshell: 54 
 Lmax:  2 
 Npmax:  8 
 Nao: 110 
 Ndocc: 20 
 Nsocc:  0 
 NoccA: 20 
 NoccB: 20 
 Primary basis set info has been read.

 CC-PVDZ-RI aux basis set file will be read for the O atom...
 CC-PVDZ-RI aux basis set file will be read for the C atom...
 CC-PVDZ-RI aux basis set file will be read for the H atom...
 Nshell_aux: 138 
 Naux: 392 
 Aux basis set info has been read.

 Cpu time for Metric ints :       0.1500 s
 Wall time for Metric ints:       0.0913 s
 3-Index Algorithm: AUTO 

 Calling fortran integrals: ringing... 
 Done with fintegrals.

 Cpu time for 3-index ints :       2.3500 s
 Wall time for 3-index ints:       0.8181 s
 Cpu time for df-factors :       0.2200 s
 Wall time for df-factors:       0.0623 s
 CC-PVDZ primary basis set file will be read for the O atom...
 CC-PVDZ primary basis set file will be read for the C atom...
 CC-PVDZ primary basis set file will be read for the H atom...
 Nmaxthread: 12 
 Nshell: 54 
 Lmax:  2 
 Npmax:  8 
 Nao: 110 
 Ndocc: 20 
 Nsocc:  0 
 NoccA: 20 
 NoccB: 20 
 Primary basis set info has been read.

 CC-PVDZ-JKFIT aux basis set file will be read for the O atom...
 CC-PVDZ-JKFIT aux basis set file will be read for the C atom...
 CC-PVDZ-JKFIT aux basis set file will be read for the H atom...
 Nshell_aux: 192 
 Naux: 534 
 Aux basis set info has been read.

	Reading DF integrals from disk ...
 Cpu time for Metric ints :       0.9900 s
 Wall time for Metric ints:       0.2535 s
	Number of basis functions in the DF-HF basis: 534
	Number of basis functions in the DF-CC basis: 392

	Available memory                      :  30000.00 MB 
	Minimum required memory for amplitudes:     43.74 MB 
	Memory requirement for B-CC (Q|mu nu) :     37.95 MB 
	Memory requirement for B-CC (Q|ab)    :     25.40 MB 
	Memory requirement for DF-CC int trans:     68.99 MB 

	Computing DF-MP2 energy using SCF MOs (Canonical DF-MP2)... 
	======================================================================= 
	Nuclear Repulsion Energy (a.u.)    :   190.60034535299965
	DF-HF Energy (a.u.)                :  -230.99121281962488
	REF Energy (a.u.)                  :  -230.99121281962488
	DF-MP2 Correlation Energy (a.u.)   :    -0.74929272936127
	DF-MP2 Total Energy (a.u.)         :  -231.74050554898614
	======================================================================= 

	*Total MP2 Energy: -231.74050554898614

	Computing unrelaxed response density matrices...
	Number of independent-pairs: 1800
	Computing the generalized Fock matrix (GFM)...
	Computing the orbital gradient...
	Forming effective orbital gradient...
	Solving orbital Z-vector equations...

	            PCG Solver 
	   ------------------------------ 
	Iter     RMS Z Vector        RMS Residual  
	----    ---------------    ---------------
	  1         1.34e-03         7.46e-04
	  2         3.83e-04         3.23e-04
	  3         1.11e-04         6.23e-05
	  4         3.18e-05         1.67e-05
	  5         6.20e-06         4.34e-06
	  6         1.79e-06         1.31e-06
	  7         4.93e-07         2.37e-07
	  8         1.04e-07         3.93e-08
	  9         1.75e-08         9.83e-09

	Computing the relaxed PDMs and GFM...
	Compute solv. is starting ...

	Initializing Liboeprop (by U. Bozkaya) ...


	-Mulliken Population Analysis for MP2-IAO:
	 1: -0.2216365572 	 2: -0.1027879282 	 3: -0.1065900591 	 4: 0.0900222609 	 5: 0.0917034730 
	 6: 0.0625297521 	 7: 0.0659500047 	 8: 0.0644613229 	 9: 0.0658099853 	10: 0.0430273753 
	11: 0.0604299559 	12: 0.0432104695 	13: 0.0607206650 

	-Lowdin Population Analysis for MP2-IAO:  
	 1: -0.2216365572 	 2: -0.1027879282 	 3: -0.1065900591 	 4: 0.0900222609 	 5: 0.0917034730 
	 6: 0.0625297521 	 7: 0.0659500047 	 8: 0.0644613229 	 9: 0.0658099853 	10: 0.0430273753 
	11: 0.0604299559 	12: 0.0432104695 	13: 0.0607206650 


  ## SOLVATION Options ##

  | TYPE         | KEY                      | INPUT? | VALUE              | DEFAULT            
  |--------------|--------------------------|--------|--------------------|--------------------
  | INT          | NUM_Z_POINTS             | NO     | 90                 | 90                 
  | INT          | NUM_ANG_POINTS           | YES    | 100                | 100                
  | STRING       | SASA_TYPE                | YES    | NUMERIC            | NUMERIC            
  | STRING       | CHARGE_TYPE              | YES    | IAO_MULLIKEN       | IAO_MULLIKEN       
  | STRING       | CDS_TYPE                 | YES    | SMD                | SMD                
  | STRING       | SOLVENT                  | YES    | WATER              | WATER              
  | STRING       | SOLVENT_PARAMS           | YES    | MN21               | SM8                
  | STRING       | DIELECTRIC_PARAMS        | YES    | MN21               | MN21               
  | STRING       | COULOMB_RADII            | YES    | SMD                | SMD                
  | DOUBLE       | COVALENT_VW_CONST        | NO     | 0.76               | 0.76               
  | DOUBLE       | SOLVENT_RADIUS           | NO     | 0.4                | 0.4                
  | STRING       | RADIUS_TYPE              | YES    | SMD                | SMD                
  | DOUBLE       | GB_DIJ                   | NO     | 3.7                | 3.7                
  | DOUBLE       | GB_SIJ                   | NO     | 0.75               | 0.75               
  | DOUBLE       | GB_CIJ                   | NO     | 0.0                | 0.0                
  | DOUBLE       | F_PWSASA                 | NO     | 0.4535             | 0.4535             
  | DOUBLE       | SCALE_VDW                | NO     | 1.0                | 1.0                
  | DOUBLE       | SCALE_CR                 | NO     | 1.0                | 1.0                



 Sasa Type                  : NUMERIC 
 Charge Type                : IAO_MULLIKEN 
 CDS Type                   : SMD 
 Radius Type                : SMD 
 Solvent                    : WATER 
 Solvent Parameters         : MN21 
 Dielectric Parameters      : MN21 
 Coulomb Radii Parameters   : SMD 
 GB d_ij parameter          : 3.7000000000 
 GB S_ij parameter          : 0.7500000000 
 GB C_ij parameter          : 0.0000000000 
 Sclae_vdw parameter        : 1.0000000000 
 Number of z-points         : 90 
 Number of angular points   : 100 
 Number of SASA grid points : 17902 
 Solvent Dielectric Constant: 78.3553000000 

 VDW Radii:
	  1 O :       1.5200  ang
	  2 C :       1.7000  ang
	  3 C :       1.7000  ang
	  4 C :       1.7000  ang
	  5 C :       1.7000  ang
	  6 H :       1.2000  ang
	  7 H :       1.2000  ang
	  8 H :       1.2000  ang
	  9 H :       1.2000  ang
	 10 H :       1.2000  ang
	 11 H :       1.2000  ang
	 12 H :       1.2000  ang
	 13 H :       1.2000  ang

	 Computing SASA... 

 Atomic SASA values:
	  1 O :      14.9775  ang^2
	  2 C :       4.9808  ang^2
	  3 C :       4.9808  ang^2
	  4 C :       5.8043  ang^2
	  5 C :       5.8043  ang^2
	  6 H :      12.7677  ang^2
	  7 H :      12.4945  ang^2
	  8 H :      12.7677  ang^2
	  9 H :      12.4945  ang^2
	 10 H :      12.8665  ang^2
	 11 H :      12.8557  ang^2
	 12 H :      12.8665  ang^2
	 13 H :      12.8557  ang^2

	*Total SASA (angs^2): 138.5167567921 


 Coulomb Radii:
	  1 O :       1.5200  ang
	  2 C :       1.8500  ang
	  3 C :       1.8500  ang
	  4 C :       1.8500  ang
	  5 C :       1.8500  ang
	  6 H :       1.2000  ang
	  7 H :       1.2000  ang
	  8 H :       1.2000  ang
	  9 H :       1.2000  ang
	 10 H :       1.2000  ang
	 11 H :       1.2000  ang
	 12 H :       1.2000  ang
	 13 H :       1.2000  ang
 Solvent Alpha                       : 1.1700000000 

 ## Effective Born Radius (bohr) ##
   0   4.1653549159 
   1   4.3386647287 
   2   4.3386711409 
   3   4.2404918751 
   4   4.2404935294 
   5   3.3122923786 
   6   3.4274773971 
   7   3.3122899067 
   8   3.4274680280 
   9   3.2817711117 
  10   3.2032048568 
  11   3.2817397544 
  12   3.2032050397 

 Effective Born Radii:
	  1 O :       2.2042  ang
	  2 C :       2.2959  ang
	  3 C :       2.2959  ang
	  4 C :       2.2440  ang
	  5 C :       2.2440  ang
	  6 H :       1.7528  ang
	  7 H :       1.8137  ang
	  8 H :       1.7528  ang
	  9 H :       1.8137  ang
	 10 H :       1.7366  ang
	 11 H :       1.6951  ang
	 12 H :       1.7366  ang
	 13 H :       1.6951  ang


 Coulomb Integrals:
	  1  1 :       0.2401  bohr^-1
	  1  2 :       0.1729  bohr^-1
	  1  3 :       0.1729  bohr^-1
	  1  4 :       0.2080  bohr^-1
	  1  5 :       0.2080  bohr^-1
	  1  6 :       0.1486  bohr^-1
	  1  7 :       0.1638  bohr^-1
	  1  8 :       0.1486  bohr^-1
	  1  9 :       0.1638  bohr^-1
	  1 10 :       0.1984  bohr^-1
	  1 11 :       0.2001  bohr^-1
	  1 12 :       0.1984  bohr^-1
	  1 13 :       0.2001  bohr^-1
	  2  1 :       0.1729  bohr^-1
	  2  2 :       0.2305  bohr^-1
	  2  3 :       0.1997  bohr^-1
	  2  4 :       0.2015  bohr^-1
	  2  5 :       0.1719  bohr^-1
	  2  6 :       0.2390  bohr^-1
	  2  7 :       0.2356  bohr^-1
	  2  8 :       0.1899  bohr^-1
	  2  9 :       0.1898  bohr^-1
	  2 10 :       0.1915  bohr^-1
	  2 11 :       0.1917  bohr^-1
	  2 12 :       0.1632  bohr^-1
	  2 13 :       0.1478  bohr^-1
	  3  1 :       0.1729  bohr^-1
	  3  2 :       0.1997  bohr^-1
	  3  3 :       0.2305  bohr^-1
	  3  4 :       0.1719  bohr^-1
	  3  5 :       0.2015  bohr^-1
	  3  6 :       0.1899  bohr^-1
	  3  7 :       0.1898  bohr^-1
	  3  8 :       0.2390  bohr^-1
	  3  9 :       0.2356  bohr^-1
	  3 10 :       0.1633  bohr^-1
	  3 11 :       0.1478  bohr^-1
	  3 12 :       0.1915  bohr^-1
	  3 13 :       0.1917  bohr^-1
	  4  1 :       0.2080  bohr^-1
	  4  2 :       0.2015  bohr^-1
	  4  3 :       0.1719  bohr^-1
	  4  4 :       0.2358  bohr^-1
	  4  5 :       0.1739  bohr^-1
	  4  6 :       0.1915  bohr^-1
	  4  7 :       0.1910  bohr^-1
	  4  8 :       0.1467  bohr^-1
	  4  9 :       0.1657  bohr^-1
	  4 10 :       0.2419  bohr^-1
	  4 11 :       0.2445  bohr^-1
	  4 12 :       0.1591  bohr^-1
	  4 13 :       0.1537  bohr^-1
	  5  1 :       0.2080  bohr^-1
	  5  2 :       0.1719  bohr^-1
	  5  3 :       0.2015  bohr^-1
	  5  4 :       0.1739  bohr^-1
	  5  5 :       0.2358  bohr^-1
	  5  6 :       0.1467  bohr^-1
	  5  7 :       0.1657  bohr^-1
	  5  8 :       0.1915  bohr^-1
	  5  9 :       0.1910  bohr^-1
	  5 10 :       0.1591  bohr^-1
	  5 11 :       0.1537  bohr^-1
	  5 12 :       0.2419  bohr^-1
	  5 13 :       0.2445  bohr^-1
	  6  1 :       0.1486  bohr^-1
	  6  2 :       0.2390  bohr^-1
	  6  3 :       0.1899  bohr^-1
	  6  4 :       0.1915  bohr^-1
	  6  5 :       0.1467  bohr^-1
	  6  6 :       0.3019  bohr^-1
	  6  7 :       0.2245  bohr^-1
	  6  8 :       0.1760  bohr^-1
	  6  9 :       0.1884  bohr^-1
	  6 10 :       0.1913  bohr^-1
	  6 11 :       0.1753  bohr^-1
	  6 12 :       0.1318  bohr^-1
	  6 13 :       0.1246  bohr^-1
	  7  1 :       0.1638  bohr^-1
	  7  2 :       0.2356  bohr^-1
	  7  3 :       0.1898  bohr^-1
	  7  4 :       0.1910  bohr^-1
	  7  5 :       0.1657  bohr^-1
	  7  6 :       0.2245  bohr^-1
	  7  7 :       0.2918  bohr^-1
	  7  8 :       0.1884  bohr^-1
	  7  9 :       0.1606  bohr^-1
	  7 10 :       0.1617  bohr^-1
	  7 11 :       0.1914  bohr^-1
	  7 12 :       0.1694  bohr^-1
	  7 13 :       0.1338  bohr^-1
	  8  1 :       0.1486  bohr^-1
	  8  2 :       0.1899  bohr^-1
	  8  3 :       0.2390  bohr^-1
	  8  4 :       0.1467  bohr^-1
	  8  5 :       0.1915  bohr^-1
	  8  6 :       0.1760  bohr^-1
	  8  7 :       0.1884  bohr^-1
	  8  8 :       0.3019  bohr^-1
	  8  9 :       0.2245  bohr^-1
	  8 10 :       0.1318  bohr^-1
	  8 11 :       0.1246  bohr^-1
	  8 12 :       0.1913  bohr^-1
	  8 13 :       0.1753  bohr^-1
	  9  1 :       0.1638  bohr^-1
	  9  2 :       0.1898  bohr^-1
	  9  3 :       0.2356  bohr^-1
	  9  4 :       0.1657  bohr^-1
	  9  5 :       0.1910  bohr^-1
	  9  6 :       0.1884  bohr^-1
	  9  7 :       0.1606  bohr^-1
	  9  8 :       0.2245  bohr^-1
	  9  9 :       0.2918  bohr^-1
	  9 10 :       0.1694  bohr^-1
	  9 11 :       0.1338  bohr^-1
	  9 12 :       0.1617  bohr^-1
	  9 13 :       0.1914  bohr^-1
	 10  1 :       0.1984  bohr^-1
	 10  2 :       0.1915  bohr^-1
	 10  3 :       0.1633  bohr^-1
	 10  4 :       0.2419  bohr^-1
	 10  5 :       0.1591  bohr^-1
	 10  6 :       0.1913  bohr^-1
	 10  7 :       0.1617  bohr^-1
	 10  8 :       0.1318  bohr^-1
	 10  9 :       0.1694  bohr^-1
	 10 10 :       0.3047  bohr^-1
	 10 11 :       0.2289  bohr^-1
	 10 12 :       0.1339  bohr^-1
	 10 13 :       0.1439  bohr^-1
	 11  1 :       0.2001  bohr^-1
	 11  2 :       0.1917  bohr^-1
	 11  3 :       0.1478  bohr^-1
	 11  4 :       0.2445  bohr^-1
	 11  5 :       0.1537  bohr^-1
	 11  6 :       0.1753  bohr^-1
	 11  7 :       0.1914  bohr^-1
	 11  8 :       0.1246  bohr^-1
	 11  9 :       0.1338  bohr^-1
	 11 10 :       0.2289  bohr^-1
	 11 11 :       0.3122  bohr^-1
	 11 12 :       0.1438  bohr^-1
	 11 13 :       0.1289  bohr^-1
	 12  1 :       0.1984  bohr^-1
	 12  2 :       0.1632  bohr^-1
	 12  3 :       0.1915  bohr^-1
	 12  4 :       0.1591  bohr^-1
	 12  5 :       0.2419  bohr^-1
	 12  6 :       0.1318  bohr^-1
	 12  7 :       0.1694  bohr^-1
	 12  8 :       0.1913  bohr^-1
	 12  9 :       0.1617  bohr^-1
	 12 10 :       0.1339  bohr^-1
	 12 11 :       0.1438  bohr^-1
	 12 12 :       0.3047  bohr^-1
	 12 13 :       0.2289  bohr^-1
	 13  1 :       0.2001  bohr^-1
	 13  2 :       0.1478  bohr^-1
	 13  3 :       0.1917  bohr^-1
	 13  4 :       0.1537  bohr^-1
	 13  5 :       0.2445  bohr^-1
	 13  6 :       0.1246  bohr^-1
	 13  7 :       0.1338  bohr^-1
	 13  8 :       0.1753  bohr^-1
	 13  9 :       0.1914  bohr^-1
	 13 10 :       0.1439  bohr^-1
	 13 11 :       0.1289  bohr^-1
	 13 12 :       0.2289  bohr^-1
	 13 13 :       0.3122  bohr^-1


	*Molecular contr. to CDS energy:       0.0000  kcal/mol
	*Total CDS energy:       2.1856  kcal/mol
	*MP2::Polarization Free Energy (au)      : -0.0052366885 
	*MP2::Polarization Free Energy (kcal/mol):      -3.2861 
	*MP2::CDS Free Energy (au)      : 0.0034828961 
	*MP2::CDS Free Energy (kcal/mol):       2.1856 
	*MP2::Total Solvation Free Energy (au)      : -0.0017537924 
	*MP2::Total Solvation Free Energy (kcal/mol):      -1.1005 
	GB-MP2 Total Energy (a.u.)         :  -231.74225934136757

	*Total GB-MP2 Energy: -231.74050554898614


 Cpu time for MacroQC :       1.5918 minutes
 Wall time for MacroQC:       0.5739 minutes


 ******************************************************************************************
	 MacroQC terminates normally:) 
 ****************************************************************************************** 

