 ==========================================================================================
 =========                __  ___                         ____  ______            =========
 ======                  /  |/  /___ _______________     / __ \/ ____/               ======
 ====                   / /|_/ / __ `/ ___/ ___/ __ \   / / / / /                      ====
 ===                   / /  / / /_/ / /__/ /  / /_/ /  / /_/ / /___                     ===
 ==                   /_/  /_/\__,_/\___/_/   \____/   \___\_\____/                      ==
 ===                                                                1.0.4                ===
 =====     An electronic structure theory software for large-scale applications       =====
 ======                                 See license.txt for license info             ======
 =========                                                                        =========
 ==========================================================================================
                                                                                           
                           * * * * * * * * * * * * * * * * * * * *                        
                           *            Developed by             *                        
                           *             U. Bozkaya              *                        
                           *                                     *                        
                           *       With contributions from:      *                        
                           *         B. Ermis, Y. Alagoz,        *                        
                           *         A. Unal, and A. K. Uyar     *                        
                           *         Git Version: deab493        *                        
                           *       Latest Revision: 2026-03-23   *                        
                           * * * * * * * * * * * * * * * * * * * *                        


 Run date: Wed Mar 25 09:13:05 2026
 
 Hostname: ub3 

 ## MacroQC input file ##
 ******************************************************************************************
$set_molecule
0 1
O       1.1691094666     0.5006528597    -0.0536630006
N      -2.3996184261    -0.3432083695     0.0752259168
C       0.0410379050    -0.3436836034     0.0586679341
C      -1.2130601011     0.5102102032    -0.0208902399
C       2.3920379452    -0.1974449704     0.0059030826
H       0.0416712953    -1.0899001668    -0.7509886116
H       0.0546532842    -0.8935706802     1.0078928758
H      -1.2157928016     1.2012816927     0.8235444855
H      -1.1636290005     1.1189012209    -0.9325965879
H      -2.5443347277    -0.8509250691    -0.7895651215
H      -3.2285271447     0.2179223086     0.2217197602
H       3.1916213865     0.5363426575    -0.0784411199
H       2.4847830102    -0.9196438114    -0.8152419852
H       2.5039134535    -0.7376622203     0.9543142302
$end_molecule


$set_globals
   basis cc-pvdz
  method mp2
  reference rhf
  jobtype energy
  memory 30000
$end_globals


$set_scf
  e_convergence 1.0e-8
  d_convergence 1.0e-6
  guess sad
  solvation true
$end_scf


$set_solvation
  cds_type smd
  radius_type smd
  solvent_params mn21
  dielectric_params mn21 #sm8
  sasa_type numeric
  solvent water
  num_ang_points 100
  charge_type iao_mulliken #iao_lowdin, mulliken, lowdin
  coulomb_radii smd
$end_solvation

$set_dfocc
solvation true
$end_dfocc

 ******************************************************************************************


	-Geometry before Center-of-Mass shift (ang): 
	 Number     Atom               X                    Y                       Z  
	 ---------------------------------------------------------------------------------------
           1     O             1.1691094666          0.5006528597          -0.0536630006  
           2     N            -2.3996184261         -0.3432083695           0.0752259168  
           3     C             0.0410379050         -0.3436836034           0.0586679341  
           4     C            -1.2130601011          0.5102102032          -0.0208902399  
           5     C             2.3920379452         -0.1974449704           0.0059030826  
           6     H             0.0416712953         -1.0899001668          -0.7509886116  
           7     H             0.0546532842         -0.8935706802           1.0078928758  
           8     H            -1.2157928016          1.2012816927           0.8235444855  
           9     H            -1.1636290005          1.1189012209          -0.9325965879  
          10     H            -2.5443347277         -0.8509250691          -0.7895651215  
          11     H            -3.2285271447          0.2179223086           0.2217197602  
          12     H             3.1916213865          0.5363426575          -0.0784411199  
          13     H             2.4847830102         -0.9196438114          -0.8152419852  
          14     H             2.5039134535         -0.7376622203           0.9543142302  



	-Geometry after Center-of-Mass shift (ang): 
	 Atom               X                    Y                       Z  
	 -------------------------------------------------------------------
     O           1.1709305714          0.4819690631          -0.0584193845  
     N          -2.3977973213         -0.3618921661           0.0704695329  
     C           0.0428590098         -0.3623674000           0.0539115502  
     C          -1.2112389963          0.4915264066          -0.0256466238  
     C           2.3938590500         -0.2161287670           0.0011466987  
     H           0.0434924001         -1.1085839634          -0.7557449955  
     H           0.0564743890         -0.9122544768           1.0031364919  
     H          -1.2139716968          1.1825978961           0.8187881016  
     H          -1.1618078957          1.1002174243          -0.9373529718  
     H          -2.5425136229         -0.8696088657          -0.7943215054  
     H          -3.2267060399          0.1992385120           0.2169633763  
     H           3.1934424913          0.5176588609          -0.0831975038  
     H           2.4866041150         -0.9383276080          -0.8199983691  
     H           2.5057345583         -0.7563460169           0.9495578463  


	-Geometry after Center-of-Mass shift (bohr): 
	 Atom               X                    Y                       Z  
	 -------------------------------------------------------------------
     O           2.2127380919          0.9107895303          -0.1103966371  
     N          -4.5311802416         -0.6838770808           0.1331681174  
     C           0.0809917905         -0.6847751427           0.1018780649  
     C          -2.2889099755          0.9288502920          -0.0484650950  
     C           4.5237379875         -0.4084241774           0.0021669465  
     H           0.0821887247         -2.0949200778          -1.4281510622  
     H           0.1067211283         -1.7239111178           1.8956532362  
     H          -2.2940740310          2.2347861402           1.5472852668  
     H          -2.1954987333          2.0791096105          -1.7713403996  
     H          -4.8046544175         -1.6433225924          -1.5010501008  
     H          -6.0975907028          0.3765062214           0.4100013605  
     H           6.0347317060          0.9782334736          -0.1572204965  
     H           4.6990007598         -1.7731821950          -1.5495723409  
     H           4.7351520583         -1.4292868280           1.7944042698  


    Rotational Constants: A =     0.72210  B =     0.07108  C =      0.06759 [cm^-1] 
    Rotor Type: SYMMETRIC 

	-Nuclear Dipole Moment: (e a0)  
	 X:  0.14454   Y:  -1.48290   Z:  -0.37751   Total:  1.53701 

	-Nuclear Dipole Moment: (D)  
	 X:  0.36738   Y:  -3.76917   Z:  -0.95953   Total:  3.90670 


    Nuclear repulsion energy (V_NN)              : 189.387421911392 
   =====================================================
   Charge                : 0 
   Multiplicity          : 1 
   Number of Atoms       : 14 
   Number of Ghost Atoms : 0 
   Number of Electrons   : 42 
   Number of alpha occupied orbitals (NoccA)  : 21 
   Number of beta occupied orbitals (NoccB)   : 21 
   Number of singly occupied orbitals (Nsocc) : 0 
   Number of doubly occupied orbitals (Ndocc) : 21 
   =====================================================



  ## GLOBALS Options ##

  | TYPE         | KEY                      | INPUT? | VALUE              | DEFAULT            
  |--------------|--------------------------|--------|--------------------|--------------------
  | BOOL         | ERI_DISK                 | NO     | FALSE              | FALSE              
  | BOOL         | FREEZE_CORE              | NO     | TRUE               | TRUE               
  | BOOL         | MOL_FRAG                 | NO     | FALSE              | FALSE              
  | BOOL         | NOCOM                    | NO     | FALSE              | FALSE              
  | BOOL         | NOREORIENT               | NO     | TRUE               | TRUE               
  | BOOL         | PUREAM                   | NO     | TRUE               | TRUE               
  | BOOL         | ML                       | NO     | FALSE              | FALSE              
  | BOOL         | READ_PDB                 | NO     | FALSE              | FALSE              
  | BOOL         | TEST_MODE                | NO     | FALSE              | FALSE              
  | INT          | DERIVE_LEVEL             | NO     | 0                  | 0                  
  | INT          | FINDIF_POINTS            | NO     | 3                  | 3                  
  | INT          | MEMORY                   | YES    | 30000              | 2000               
  | INT          | NUM_THREADS              | NO     | 1                  | 1                  
  | INT          | NUM_FROZEN_DOCC          | NO     | 0                  | 0                  
  | INT          | NUM_FROZEN_VIR           | NO     | 0                  | 0                  
  | INT          | PRINT_LEVEL              | NO     | 0                  | 0                  
  | STRING       | AUX_BASIS_CORR           | NO     | CC-PVDZ-RI         | CC-PVDZ-RI         
  | STRING       | AUX_BASIS_SCF            | NO     | CC-PVDZ-JKFIT      | CC-PVDZ-JKFIT      
  | STRING       | BASIS                    | YES    | CC-PVDZ            | CC-PVDZ            
  | STRING       | BASIS2                   | NO     | MINAO              | MINAO              
  | STRING       | DERIVE_TYPE              | NO     | ANALYTIC           | ANALYTIC           
  | STRING       | FINDIF_METHOD            | NO     | GRAD               | GRAD               
  | STRING       | GEOM_UNITS               | NO     | ANG                | ANG                
  | STRING       | JOBTYPE                  | YES    | ENERGY             | ENERGY             
  | STRING       | METHOD                   | YES    | MP2                | SCF                
  | STRING       | REFERENCE                | YES    | RHF                | RHF                
  | STRING       | OUTFILE_MODE             | NO     | NEW                | NEW                
  | DOUBLE       | STEP_BOHR                | NO     | 0.05               | 0.05               
  | STR_ARRAY    | MOLECULE_GEOM_FROM       | NO     | [input]            | [input]            
  | DOUBLE_ARRAY | ELECTRIC_STRENGTH        | NO     | [0.001;0.001;0.001]| [0.001;0.001;0.001]
  | STRING       | ELECTRIC_FIELD           | NO     | NONE               | NONE               
  | STRING       | ALIGN_TWO_ATOMS          | NO     | NONE               | NONE               
  | INT_ARRAY    | TWO_ATOMS                | NO     | [0]                | [0]                



  ## INTS Options ##

  | TYPE         | KEY                      | INPUT? | VALUE              | DEFAULT            
  |--------------|--------------------------|--------|--------------------|--------------------
  | DOUBLE       | BOYS_CUTOFF              | NO     | 1e-15              | 1e-15              
  | DOUBLE       | BOYS_ZERO                | NO     | 1e-06              | 1e-06              
  | DOUBLE       | DELTA_X                  | NO     | 0.1                | 0.1                
  | DOUBLE       | INTEGRAL_CUTOFF          | NO     | 1e-10              | 1e-10              
  | DOUBLE       | X_MAX                    | NO     | 30.0               | 30.0               
  | INT          | BOYS_MAXITER             | NO     | 10000              | 10000              
  | INT          | MAX_AM                   | NO     | 7                  | 7                  
  | INT          | MAX_AM_AUX               | NO     | 7                  | 7                  
  | INT          | PRINT_LEVEL              | NO     | 0                  | 0                  
  | INT          | TAYLOR_ORDER             | NO     | 6                  | 6                  
  | STRING       | 3INDEX_ALGORITHM         | NO     | AUTO               | AUTO               
  | STRING       | BOYS_METHOD              | NO     | GHP                | GHP                
  | STRING       | ERI_ALGORITHM            | NO     | MD4                | MD4                


	Initializing Liboeprop (by U. Bozkaya) ...

	*=================================================================*
	*                  SCF                                            *
	*   Developed by U. Bozkaya & Y. Alagoz                           *
	*   Latest revision Feb 16, 2021                                  *
	*=================================================================*



  ## SCF Options ##

  | TYPE         | KEY                      | INPUT? | VALUE              | DEFAULT            
  |--------------|--------------------------|--------|--------------------|--------------------
  | BOOL         | DIIS_DAMP                | NO     | FALSE              | FALSE              
  | BOOL         | DIE_IF_NOT_CONVERGED     | NO     | TRUE               | TRUE               
  | BOOL         | DO_DF                    | NO     | TRUE               | TRUE               
  | BOOL         | DIIS                     | NO     | TRUE               | TRUE               
  | BOOL         | FOCK_DAMP                | NO     | FALSE              | FALSE              
  | BOOL         | GUESS_MIX                | NO     | FALSE              | FALSE              
  | BOOL         | GUESS_PREVIOUS           | NO     | FALSE              | FALSE              
  | BOOL         | LOCAL                    | NO     | FALSE              | FALSE              
  | BOOL         | RETRY                    | NO     | TRUE               | TRUE               
  | DOUBLE       | CUTOFF                   | NO     | 1e-10              | 1e-10              
  | DOUBLE       | D_CONVERGENCE            | YES    | 1e-06              | 1e-06              
  | DOUBLE       | DAMP_PARAM               | NO     | 0.02               | 0.02               
  | DOUBLE       | E_CONVERGENCE            | YES    | 1e-08              | 1e-08              
  | DOUBLE       | FOCK_DAMP_PERC           | NO     | 20.0               | 20.0               
  | DOUBLE       | MIN_OVERLAP_EIGVAL       | NO     | 1e-06              | 1e-06              
  | DOUBLE       | LOCAL_CONVERGENCE        | NO     | 1e-08              | 1e-08              
  | DOUBLE       | QC_GUESS_E_CONVERGENCE   | NO     | 0.0001             | 0.0001             
  | DOUBLE       | QC_GUESS_D_CONVERGENCE   | NO     | 0.005              | 0.005              
  | INT          | MAX_DIIS                 | NO     | 6                  | 6                  
  | INT          | MIN_DIIS                 | NO     | 2                  | 2                  
  | INT          | PRINT_LEVEL              | NO     | 0                  | 0                  
  | INT          | SCF_MAXITER              | NO     | 50                 | 50                 
  | INT          | LOCAL_MAXITER            | NO     | 50                 | 50                 
  | STRING       | DIIS_ALGORITHM           | NO     | DISK               | DISK               
  | STRING       | GUESS                    | YES    | SAD                | SAD                
  | BOOL         | MO_WRITE                 | NO     | FALSE              | FALSE              
  | BOOL         | FOCK_WRITE               | NO     | FALSE              | FALSE              
  | STRING       | ORTH_TYPE                | NO     | CANONICAL          | CANONICAL          
  | STRING       | ROHF_CANONIC_TYPE        | NO     | GUEST              | GUEST              
  | STRING       | ERI                      | NO     | INCORE             | INCORE             
  | STRING       | SCF_ALGORITHM            | NO     | ROOTHAAN           | ROOTHAAN           
  | STRING       | LOCAL_TYPE               | NO     | BOYS               | BOYS               
  | BOOL         | SAD_FRAC_OCC             | NO     | TRUE               | TRUE               
  | BOOL         | SAD_SPIN_AVERAGE         | NO     | TRUE               | TRUE               
  | DOUBLE       | SAD_E_CONVERGENCE        | NO     | 1e-05              | 1e-05              
  | DOUBLE       | SAD_D_CONVERGENCE        | NO     | 1e-05              | 1e-05              
  | INT          | SAD_MAXITER              | NO     | 50                 | 50                 
  | BOOL         | NIE                      | NO     | FALSE              | FALSE              
  | BOOL         | SAD_DIIS                 | NO     | TRUE               | TRUE               
  | INT          | SAD_MAX_DIIS             | NO     | 6                  | 6                  
  | INT          | SAD_MIN_DIIS             | NO     | 2                  | 2                  
  | INT          | SAD_PRINT                | NO     | 0                  | 0                  
  | STRING       | SAD_AUX_BASIS            | NO     | SAD-FIT            | SAD-FIT            
  | DOUBLE       | SAD_CHOLESKY_TOLERANCE   | NO     | 1e-07              | 1e-07              
  | BOOL         | SOLVATION                | YES    | TRUE               | FALSE              
  | BOOL         | BYPASS                   | NO     | FALSE              | FALSE              
  | STRING       | IAO_TYPE                 | NO     | STANDARD2013       | STANDARD2013       
  | BOOL         | USE_IAOS                 | NO     | FALSE              | FALSE              

	Initializing libdiis ...
	Initializing libmolint 1.1 ...
 CC-PVDZ primary basis set file will be read for the O atom...
 CC-PVDZ primary basis set file will be read for the N atom...
 CC-PVDZ primary basis set file will be read for the C atom...
 CC-PVDZ primary basis set file will be read for the H atom...
 Nmaxthread: 12 
 Nshell: 57 
 Lmax:  2 
 Npmax:  8 
 Nao: 115 
 Ndocc: 21 
 Nsocc:  0 
 NoccA: 21 
 NoccB: 21 
 Primary basis set info has been read.

 CC-PVDZ-JKFIT aux basis set file will be read for the O atom...
 CC-PVDZ-JKFIT aux basis set file will be read for the N atom...
 CC-PVDZ-JKFIT aux basis set file will be read for the C atom...
 CC-PVDZ-JKFIT aux basis set file will be read for the H atom...
 Nshell_aux: 201 
 Naux: 557 
 Aux basis set info has been read.

 orth_type: CANONICAL 
 Cpu time for S ints :       0.0300 s
 Wall time for S ints:       0.0311 s

 Using canonical orthogonalization. 
 Minimum eigenvalue in the overlap matrix is:   3.8742E-03 

 Cpu time for T ints :       0.1900 s
 Wall time for T ints:       0.0486 s
 Cpu time for V ints :       0.7900 s
 Wall time for V ints:       0.2043 s
 Cpu time for Metric ints :       0.8000 s
 Wall time for Metric ints:       0.2003 s
 3-Index Algorithm: AUTO 

 Calling fortran integrals: ringing... 
 Done with fintegrals.

 Cpu time for 3-index ints :       3.1100 s
 Wall time for 3-index ints:       1.0432 s
 Cpu time for df-factors :       0.4700 s
 Wall time for df-factors:       0.1256 s


 Puream (True=1, False=0) : 1
 Number of AO             : 115
 Number of MO             : 115
 Number of Aux Functions  : 557
 Charge                   : 0
 Multiplicity             : 1
 Alpha OCC                : 21
 Beta OCC                 : 21
 Nuclear Repulsion Energy : 189.38742191
 Energy Treshold          : 1.0e-08
 Density Treshold         : 1.0e-06
 Iteration Limit          : 50
 Guess                    : SAD
 Guess Mix                : false
 Diis                     : true
 Diis Damping             : false
 Diis Damp Parameter      : 0.02
 Diis Algorithm           : DISK
 Cutoff Treshold          : 1.0e-10
 Density Fitting          : true
 Reference                : RHF
 Die If Not Converged     : true
 Print Level              : 0
 ERI Algorithm            : INCORE
 SCF Algorithm            : ROOTHAAN




  ## SOLVATION Options ##

  | TYPE         | KEY                      | INPUT? | VALUE              | DEFAULT            
  |--------------|--------------------------|--------|--------------------|--------------------
  | INT          | NUM_Z_POINTS             | NO     | 90                 | 90                 
  | INT          | NUM_ANG_POINTS           | YES    | 100                | 100                
  | STRING       | SASA_TYPE                | YES    | NUMERIC            | NUMERIC            
  | STRING       | CHARGE_TYPE              | YES    | IAO_MULLIKEN       | IAO_MULLIKEN       
  | STRING       | CDS_TYPE                 | YES    | SMD                | SMD                
  | STRING       | SOLVENT                  | YES    | WATER              | WATER              
  | STRING       | SOLVENT_PARAMS           | YES    | MN21               | SM8                
  | STRING       | DIELECTRIC_PARAMS        | YES    | MN21               | MN21               
  | STRING       | COULOMB_RADII            | YES    | SMD                | SMD                
  | DOUBLE       | COVALENT_VW_CONST        | NO     | 0.76               | 0.76               
  | DOUBLE       | SOLVENT_RADIUS           | NO     | 0.4                | 0.4                
  | STRING       | RADIUS_TYPE              | YES    | SMD                | SMD                
  | DOUBLE       | GB_DIJ                   | NO     | 3.7                | 3.7                
  | DOUBLE       | GB_SIJ                   | NO     | 0.75               | 0.75               
  | DOUBLE       | GB_CIJ                   | NO     | 0.0                | 0.0                
  | DOUBLE       | F_PWSASA                 | NO     | 0.4535             | 0.4535             
  | DOUBLE       | SCALE_VDW                | NO     | 1.0                | 1.0                
  | DOUBLE       | SCALE_CR                 | NO     | 1.0                | 1.0                



 Sasa Type                  : NUMERIC 
 Charge Type                : IAO_MULLIKEN 
 CDS Type                   : SMD 
 Radius Type                : SMD 
 Solvent                    : WATER 
 Solvent Parameters         : MN21 
 Dielectric Parameters      : MN21 
 Coulomb Radii Parameters   : SMD 
 GB d_ij parameter          : 3.7000000000 
 GB S_ij parameter          : 0.7500000000 
 GB C_ij parameter          : 0.0000000000 
 Sclae_vdw parameter        : 1.0000000000 
 Number of z-points         : 90 
 Number of angular points   : 100 
 Number of SASA grid points : 17902 
 Solvent Dielectric Constant: 78.3553000000 

 VDW Radii:
	  1 O :       1.5200  ang
	  2 N :       1.5500  ang
	  3 C :       1.7000  ang
	  4 C :       1.7000  ang
	  5 C :       1.7000  ang
	  6 H :       1.2000  ang
	  7 H :       1.2000  ang
	  8 H :       1.2000  ang
	  9 H :       1.2000  ang
	 10 H :       1.2000  ang
	 11 H :       1.2000  ang
	 12 H :       1.2000  ang
	 13 H :       1.2000  ang
	 14 H :       1.2000  ang

	 Computing SASA... 

 Atomic SASA values:
	  1 O :      12.6356  ang^2
	  2 N :      10.9410  ang^2
	  3 C :       3.5631  ang^2
	  4 C :       4.3772  ang^2
	  5 C :      10.5437  ang^2
	  6 H :      11.1216  ang^2
	  7 H :      11.5008  ang^2
	  8 H :      12.3957  ang^2
	  9 H :      12.4083  ang^2
	 10 H :      13.3823  ang^2
	 11 H :      13.9753  ang^2
	 12 H :      13.0049  ang^2
	 13 H :      12.0417  ang^2
	 14 H :      12.0309  ang^2

	*Total SASA (angs^2): 153.9220275552 


 Coulomb Radii:
	  1 O :       1.5200  ang
	  2 N :       1.8900  ang
	  3 C :       1.8500  ang
	  4 C :       1.8500  ang
	  5 C :       1.8500  ang
	  6 H :       1.2000  ang
	  7 H :       1.2000  ang
	  8 H :       1.2000  ang
	  9 H :       1.2000  ang
	 10 H :       1.2000  ang
	 11 H :       1.2000  ang
	 12 H :       1.2000  ang
	 13 H :       1.2000  ang
	 14 H :       1.2000  ang
 Solvent Alpha                       : 1.1700000000 

 ## Effective Born Radius (bohr) ##
   0   4.0754517143 
   1   4.0628666189 
   2   4.3165472549 
   3   4.1788054971 
   4   3.8690810871 
   5   3.4862167847 
   6   3.4671653819 
   7   3.3982607283 
   8   3.3882752756 
   9   3.1541704653 
  10   3.0789477064 
  11   2.9771402384 
  12   3.0950045582 
  13   3.0968214044 

 Effective Born Radii:
	  1 O :       2.1566  ang
	  2 N :       2.1500  ang
	  3 C :       2.2842  ang
	  4 C :       2.2113  ang
	  5 C :       2.0474  ang
	  6 H :       1.8448  ang
	  7 H :       1.8347  ang
	  8 H :       1.7983  ang
	  9 H :       1.7930  ang
	 10 H :       1.6691  ang
	 11 H :       1.6293  ang
	 12 H :       1.5754  ang
	 13 H :       1.6378  ang
	 14 H :       1.6388  ang


 Coulomb Integrals:
	  1  1 :       0.2454  bohr^-1
	  1  2 :       0.1341  bohr^-1
	  1  3 :       0.2090  bohr^-1
	  1  4 :       0.1751  bohr^-1
	  1  5 :       0.2179  bohr^-1
	  1  6 :       0.1964  bohr^-1
	  1  7 :       0.1964  bohr^-1
	  1  8 :       0.1732  bohr^-1
	  1  9 :       0.1761  bohr^-1
	  1 10 :       0.1275  bohr^-1
	  1 11 :       0.1175  bohr^-1
	  1 12 :       0.2068  bohr^-1
	  1 13 :       0.2020  bohr^-1
	  1 14 :       0.2019  bohr^-1
	  2  1 :       0.1341  bohr^-1
	  2  2 :       0.2461  bohr^-1
	  2  3 :       0.1717  bohr^-1
	  2  4 :       0.2099  bohr^-1
	  2  5 :       0.1079  bohr^-1
	  2  6 :       0.1705  bohr^-1
	  2  7 :       0.1707  bohr^-1
	  2  8 :       0.1972  bohr^-1
	  2  9 :       0.1938  bohr^-1
	  2 10 :       0.2538  bohr^-1
	  2 11 :       0.2564  bohr^-1
	  2 12 :       0.0931  bohr^-1
	  2 13 :       0.1048  bohr^-1
	  2 14 :       0.1048  bohr^-1
	  3  1 :       0.2090  bohr^-1
	  3  2 :       0.1717  bohr^-1
	  3  3 :       0.2317  bohr^-1
	  3  4 :       0.2033  bohr^-1
	  3  5 :       0.1769  bohr^-1
	  3  6 :       0.2341  bohr^-1
	  3  7 :       0.2347  bohr^-1
	  3  8 :       0.1920  bohr^-1
	  3  9 :       0.1919  bohr^-1
	  3 10 :       0.1684  bohr^-1
	  3 11 :       0.1485  bohr^-1
	  3 12 :       0.1507  bohr^-1
	  3 13 :       0.1734  bohr^-1
	  3 14 :       0.1737  bohr^-1
	  4  1 :       0.1751  bohr^-1
	  4  2 :       0.2099  bohr^-1
	  4  3 :       0.2033  bohr^-1
	  4  4 :       0.2393  bohr^-1
	  4  5 :       0.1343  bohr^-1
	  4  6 :       0.1912  bohr^-1
	  4  7 :       0.1918  bohr^-1
	  4  8 :       0.2401  bohr^-1
	  4  9 :       0.2401  bohr^-1
	  4 10 :       0.2011  bohr^-1
	  4 11 :       0.2024  bohr^-1
	  4 12 :       0.1178  bohr^-1
	  4 13 :       0.1268  bohr^-1
	  4 14 :       0.1269  bohr^-1
	  5  1 :       0.2179  bohr^-1
	  5  2 :       0.1079  bohr^-1
	  5  3 :       0.1769  bohr^-1
	  5  4 :       0.1343  bohr^-1
	  5  5 :       0.2585  bohr^-1
	  5  6 :       0.1745  bohr^-1
	  5  7 :       0.1742  bohr^-1
	  5  8 :       0.1291  bohr^-1
	  5  9 :       0.1305  bohr^-1
	  5 10 :       0.1040  bohr^-1
	  5 11 :       0.0935  bohr^-1
	  5 12 :       0.2612  bohr^-1
	  5 13 :       0.2568  bohr^-1
	  5 14 :       0.2567  bohr^-1
	  6  1 :       0.1964  bohr^-1
	  6  2 :       0.1705  bohr^-1
	  6  3 :       0.2341  bohr^-1
	  6  4 :       0.1912  bohr^-1
	  6  5 :       0.1745  bohr^-1
	  6  6 :       0.2868  bohr^-1
	  6  7 :       0.2203  bohr^-1
	  6  8 :       0.1606  bohr^-1
	  6  9 :       0.1833  bohr^-1
	  6 10 :       0.1820  bohr^-1
	  6 11 :       0.1402  bohr^-1
	  6 12 :       0.1420  bohr^-1
	  6 13 :       0.1899  bohr^-1
	  6 14 :       0.1638  bohr^-1
	  7  1 :       0.1964  bohr^-1
	  7  2 :       0.1707  bohr^-1
	  7  3 :       0.2347  bohr^-1
	  7  4 :       0.1918  bohr^-1
	  7  5 :       0.1742  bohr^-1
	  7  6 :       0.2203  bohr^-1
	  7  7 :       0.2884  bohr^-1
	  7  8 :       0.1865  bohr^-1
	  7  9 :       0.1608  bohr^-1
	  7 10 :       0.1577  bohr^-1
	  7 11 :       0.1436  bohr^-1
	  7 12 :       0.1418  bohr^-1
	  7 13 :       0.1630  bohr^-1
	  7 14 :       0.1898  bohr^-1
	  8  1 :       0.1732  bohr^-1
	  8  2 :       0.1972  bohr^-1
	  8  3 :       0.1920  bohr^-1
	  8  4 :       0.2401  bohr^-1
	  8  5 :       0.1291  bohr^-1
	  8  6 :       0.1606  bohr^-1
	  8  7 :       0.1865  bohr^-1
	  8  8 :       0.2943  bohr^-1
	  8  9 :       0.2240  bohr^-1
	  8 10 :       0.1676  bohr^-1
	  8 11 :       0.1977  bohr^-1
	  8 12 :       0.1153  bohr^-1
	  8 13 :       0.1146  bohr^-1
	  8 14 :       0.1240  bohr^-1
	  9  1 :       0.1761  bohr^-1
	  9  2 :       0.1938  bohr^-1
	  9  3 :       0.1919  bohr^-1
	  9  4 :       0.2401  bohr^-1
	  9  5 :       0.1305  bohr^-1
	  9  6 :       0.1833  bohr^-1
	  9  7 :       0.1608  bohr^-1
	  9  8 :       0.2240  bohr^-1
	  9  9 :       0.2951  bohr^-1
	  9 10 :       0.1922  bohr^-1
	  9 11 :       0.1868  bohr^-1
	  9 12 :       0.1170  bohr^-1
	  9 13 :       0.1245  bohr^-1
	  9 14 :       0.1157  bohr^-1
	 10  1 :       0.1275  bohr^-1
	 10  2 :       0.2538  bohr^-1
	 10  3 :       0.1684  bohr^-1
	 10  4 :       0.2011  bohr^-1
	 10  5 :       0.1040  bohr^-1
	 10  6 :       0.1820  bohr^-1
	 10  7 :       0.1577  bohr^-1
	 10  8 :       0.1676  bohr^-1
	 10  9 :       0.1922  bohr^-1
	 10 10 :       0.3170  bohr^-1
	 10 11 :       0.2434  bohr^-1
	 10 12 :       0.0889  bohr^-1
	 10 13 :       0.1047  bohr^-1
	 10 14 :       0.0988  bohr^-1
	 11  1 :       0.1175  bohr^-1
	 11  2 :       0.2564  bohr^-1
	 11  3 :       0.1485  bohr^-1
	 11  4 :       0.2024  bohr^-1
	 11  5 :       0.0935  bohr^-1
	 11  6 :       0.1402  bohr^-1
	 11  7 :       0.1436  bohr^-1
	 11  8 :       0.1977  bohr^-1
	 11  9 :       0.1868  bohr^-1
	 11 10 :       0.2434  bohr^-1
	 11 11 :       0.3248  bohr^-1
	 11 12 :       0.0822  bohr^-1
	 11 13 :       0.0893  bohr^-1
	 11 14 :       0.0902  bohr^-1
	 12  1 :       0.2068  bohr^-1
	 12  2 :       0.0931  bohr^-1
	 12  3 :       0.1507  bohr^-1
	 12  4 :       0.1178  bohr^-1
	 12  5 :       0.2612  bohr^-1
	 12  6 :       0.1420  bohr^-1
	 12  7 :       0.1418  bohr^-1
	 12  8 :       0.1153  bohr^-1
	 12  9 :       0.1170  bohr^-1
	 12 10 :       0.0889  bohr^-1
	 12 11 :       0.0822  bohr^-1
	 12 12 :       0.3359  bohr^-1
	 12 13 :       0.2363  bohr^-1
	 12 14 :       0.2363  bohr^-1
	 13  1 :       0.2020  bohr^-1
	 13  2 :       0.1048  bohr^-1
	 13  3 :       0.1734  bohr^-1
	 13  4 :       0.1268  bohr^-1
	 13  5 :       0.2568  bohr^-1
	 13  6 :       0.1899  bohr^-1
	 13  7 :       0.1630  bohr^-1
	 13  8 :       0.1146  bohr^-1
	 13  9 :       0.1245  bohr^-1
	 13 10 :       0.1047  bohr^-1
	 13 11 :       0.0893  bohr^-1
	 13 12 :       0.2363  bohr^-1
	 13 13 :       0.3231  bohr^-1
	 13 14 :       0.2339  bohr^-1
	 14  1 :       0.2019  bohr^-1
	 14  2 :       0.1048  bohr^-1
	 14  3 :       0.1737  bohr^-1
	 14  4 :       0.1269  bohr^-1
	 14  5 :       0.2567  bohr^-1
	 14  6 :       0.1638  bohr^-1
	 14  7 :       0.1898  bohr^-1
	 14  8 :       0.1240  bohr^-1
	 14  9 :       0.1157  bohr^-1
	 14 10 :       0.0988  bohr^-1
	 14 11 :       0.0902  bohr^-1
	 14 12 :       0.2363  bohr^-1
	 14 13 :       0.2339  bohr^-1
	 14 14 :       0.3229  bohr^-1
    ===> SCF Iteration Started <===

     Iter. |                   Energy |       Delta E |          Drms |
    -------|--------------------------|---------------|---------------|
         1 |      -247.31261341650830 |    -2.473e+02 |     1.455e-02 |
         2 |      -248.01870586102373 |    -7.061e-01 |     3.093e-03 | DIIS
         3 |      -248.12584538966988 |    -1.071e-01 |     1.157e-03 | DIIS
         4 |      -248.14406802068245 |    -1.822e-02 |     2.991e-04 | DIIS
         5 |      -248.14543611480494 |    -1.368e-03 |     8.423e-05 | DIIS
         6 |      -248.14552237296644 |    -8.626e-05 |     2.882e-05 | DIIS
         7 |      -248.14552166211584 |     7.109e-07 |     5.533e-06 | DIIS
         8 |      -248.14552102248805 |     6.396e-07 |     3.870e-06 | DIIS
         9 |      -248.14552090268612 |     1.198e-07 |     5.925e-07 | DIIS
        10 |      -248.14552066951623 |     2.332e-07 |     2.620e-07 | DIIS
        11 |      -248.14552060795668 |     6.156e-08 |     7.401e-08 | DIIS
        12 |      -248.14552060813222 |    -1.755e-10 |     1.509e-08 | DIIS


	-Alpha Occupied Orbital Energies (au):  
	 1: -20.5234753544 	 2: -15.5148882440 	 3: -11.2466527490 	 4: -11.2442508699 	 5: -11.2211796395 
	 6: -1.3439426507 	 7: -1.1483017955 	 8: -0.9672710537 	 9: -0.8714684805 	10: -0.7927662072 
	11: -0.6512421739 	12: -0.6325912647 	13: -0.6152739219 	14: -0.5884652576 	15: -0.5610598973 
	16: -0.5314427987 	17: -0.4848024130 	18: -0.4681410024 	19: -0.4435556671 	20: -0.3890398619 
	21: -0.3624840572 
	-Alpha Virtual Orbital Energies (au):  
	22: 0.2005128934 	23: 0.2093717945 	24: 0.2392833725 	25: 0.2510471165 	26: 0.2609731429 
	27: 0.2796092120 	28: 0.2906579929 	29: 0.3135900753 	30: 0.3262105849 	31: 0.3432948038 
	32: 0.4160135315 	33: 0.4418905629 	34: 0.4818697504 	35: 0.6038376247 	36: 0.6278637767 
	37: 0.6582261528 	38: 0.7023462297 	39: 0.7238261896 	40: 0.7533600974 	41: 0.7571120838 
	42: 0.8189728806 	43: 0.8525273988 	44: 0.8590778590 	45: 0.8824676986 	46: 0.8855192472 
	47: 0.8992122506 	48: 0.9079839489 	49: 0.9096681657 	50: 0.9263998674 	51: 0.9503154157 
	52: 0.9730194352 	53: 1.0619290218 	54: 1.0734402202 	55: 1.1001164696 	56: 1.1399990446 
	57: 1.1655264599 	58: 1.1836671598 	59: 1.2358156066 	60: 1.2467055949 	61: 1.4186696292 
	62: 1.4551912992 	63: 1.4760290635 	64: 1.4940420258 	65: 1.5062686336 	66: 1.5562210560 
	67: 1.5685264924 	68: 1.6652945104 	69: 1.6769380025 	70: 1.6887882895 	71: 1.7602854188 
	72: 1.8234410340 	73: 1.8582855740 	74: 1.8808225164 	75: 1.9134659180 	76: 1.9334948414 
	77: 1.9413002501 	78: 1.9509426519 	79: 1.9660905503 	80: 1.9814934384 	81: 1.9974793957 
	82: 2.0193192268 	83: 2.0309989485 	84: 2.0726241162 	85: 2.0948708468 	86: 2.1163474988 
	87: 2.1660472180 	88: 2.1860114602 	89: 2.2522891193 	90: 2.2901920638 	91: 2.2982796653 
	92: 2.3626121914 	93: 2.3841562098 	94: 2.3900885460 	95: 2.4690857327 	96: 2.4872076173 
	97: 2.5686818384 	98: 2.6227750607 	99: 2.7146833123 	100: 2.7317943326 	101: 2.7654889072 
	102: 2.7867305035 	103: 2.7988936367 	104: 2.8083997520 	105: 2.8279515923 	106: 2.8721704504 
	107: 2.9536230461 	108: 3.0493186318 	109: 3.1871946044 	110: 3.3572603851 	111: 3.3696910832 
	112: 3.4490083607 	113: 3.4868027029 	114: 3.6420112487 	115: 3.7445619114 


	-Mulliken Population Analysis for SCF:
	 1: -0.4903832865 	 2: -0.2909390348 	 3: 0.2329407747 	 4: 0.0459518134 	 5: 0.1674388681 
	 6: -0.0015243617 	 7: 0.0158168253 	 8: 0.0369916312 	 9: 0.0249058455 	10: 0.0894516471 
	11: 0.0934328019 	12: 0.0430337740 	13: 0.0154876822 	14: 0.0173950197 

	-Lowdin Population Analysis for SCF:  
	 1: -0.0785907973 	 2: -0.0587907978 	 3: 0.0172329483 	 4: -0.0216277802 	 5: 0.0065480659 
	 6: -0.0010981846 	 7: 0.0050698785 	 8: 0.0199049011 	 9: 0.0054800438 	10: 0.0333009148 
	11: 0.0368754351 	12: 0.0217545761 	13: 0.0064975441 	14: 0.0074432523 

	-Electronic Dipole Moment: (e a0)  
	 X:  -0.24313   Y:  1.28221   Z:  0.05363   Total:  1.30616 

	-Electronic Dipole Moment: (D)  
	 X:  -0.61799   Y:  3.25904   Z:  0.13633   Total:  3.31992 

	-Total Dipole Moment: (e a0)  
	 X:  -0.09860   Y:  -0.20070   Z:  -0.32387   Total:  0.39357 

	-Total Dipole Moment: (D)  
	 X:  -0.25061   Y:  -0.51013   Z:  -0.82320   Total:  1.00035 



	Initializing Liboeprop (by U. Bozkaya) ...


	-Mulliken Population Analysis for SCF-IAO:
	 1: -0.4522847806 	 2: -0.5819368517 	 3: 0.0321320607 	 4: -0.0945447662 	 5: -0.1247077387 
	 6: 0.0845036625 	 7: 0.0997171494 	 8: 0.1229766024 	 9: 0.0987724925 	10: 0.2304201277 
	11: 0.2386935693 	12: 0.1381514664 	13: 0.1033459988 	14: 0.1049265250 

	-Lowdin Population Analysis for SCF-IAO:  
	 1: -0.4522847806 	 2: -0.5819368517 	 3: 0.0321320607 	 4: -0.0945447662 	 5: -0.1247077387 
	 6: 0.0845036625 	 7: 0.0997171494 	 8: 0.1229766024 	 9: 0.0987724925 	10: 0.2304201277 
	11: 0.2386935693 	12: 0.1381514664 	13: 0.1033459988 	14: 0.1049265250 

	Initializing Liblocal (by U. Bozkaya) ...
  ==> Pipek-Mezey Localizer <==

    Convergence =   1.000E-08
    Maxiter     =          50

    Iteration                   Metric       Residual
    PM    0   1.2917813379412888E+01              -
    PM    1   2.2409183245713471E+01   7.347505E-01
    PM    2   2.6104447236731296E+01   1.648995E-01
    PM    3   2.6437843106071497E+01   1.277161E-02
    PM    4   2.6441592782244946E+01   1.418299E-04
    PM    5   2.6441633623613267E+01   1.544588E-06
    PM    6   2.6441634085584067E+01   1.747134E-08
    PM    7   2.6441634091990728E+01   2.422945E-10

    PM Localizer converged.



	*Molecular contr. to CDS energy:       0.0000  kcal/mol
	*Total CDS energy:       2.3390  kcal/mol
	*SCF::Polarization Free Energy (au)      : -0.0062579095 
	*SCF::Polarization Free Energy (kcal/mol):      -3.9269 
	*SCF::CDS Free Energy (au)      : 0.0037274969 
	*SCF::CDS Free Energy (kcal/mol):       2.3390 
	*SCF::Total Solvation Free Energy (au)      : -0.0025304126 
	*SCF::Total Solvation Free Energy (kcal/mol):      -1.5879 
 CC-PVDZ primary basis set file will be read for the O atom...
 CC-PVDZ primary basis set file will be read for the N atom...
 CC-PVDZ primary basis set file will be read for the C atom...
 CC-PVDZ primary basis set file will be read for the H atom...
 Nmaxthread: 12 
 Nshell: 57 
 Lmax:  2 
 Npmax:  8 
 Nao: 115 
 Ndocc: 21 
 Nsocc:  0 
 NoccA: 21 
 NoccB: 21 
 Primary basis set info has been read.

 CC-PVDZ-JKFIT aux basis set file will be read for the O atom...
 CC-PVDZ-JKFIT aux basis set file will be read for the N atom...
 CC-PVDZ-JKFIT aux basis set file will be read for the C atom...
 CC-PVDZ-JKFIT aux basis set file will be read for the H atom...
 Nshell_aux: 201 
 Naux: 557 
 Aux basis set info has been read.


	*Total SCF Energy: -248.14552060813222

 Cpu time for SCF :       1.3510 minutes
 Wall time for SCF:       0.5501 minutes


	MO spaces... 

	 FC   OCC   VIR   FV 
	----------------------
	  5   16    94    0


	Libtrans is initialized (by U. Bozkaya) ...

 ============================================================================== 
 ============================================================================== 
 ============================================================================== 

                       DF-MP2   
              Program Written by Ugur Bozkaya
              Latest Revision May 2, 2021

 ============================================================================== 
 ============================================================================== 
 ============================================================================== 

	For this residual convergence, default PCG convergence is:     1.00e-07
    Warning: "PCG_CONVERGENCE" option is changed to     1.00e-07


  ## DFOCC Options ##

  | TYPE         | KEY                      | INPUT? | VALUE              | DEFAULT            
  |--------------|--------------------------|--------|--------------------|--------------------
  | BOOL         | EOM                      | NO     | FALSE              | FALSE              
  | BOOL         | EOM_MP2                  | NO     | FALSE              | FALSE              
  | BOOL         | EOM_MP3                  | NO     | FALSE              | FALSE              
  | BOOL         | EOM_MP2_5                | NO     | FALSE              | FALSE              
  | BOOL         | EOM_LCCD                 | NO     | FALSE              | FALSE              
  | BOOL         | LOW_MEM_MP2              | NO     | FALSE              | FALSE              
  | BOOL         | LOW_MEM_MP3              | NO     | FALSE              | FALSE              
  | BOOL         | CD_PRESCREEN             | NO     | FALSE              | FALSE              
  | DOUBLE       | CIS_E_CONV               | NO     | 1e-06              | 1e-06              
  | DOUBLE       | CIS_R_CONV               | NO     | 1e-06              | 1e-06              
  | DOUBLE       | CIS_RES_PRECONDITION_TOL | NO     | 0.0001             | 0.0001             
  | DOUBLE       | DAVIDSON_TOLERANCE       | NO     | 1e-06              | 1e-06              
  | DOUBLE       | E3_SCALE                 | NO     | 0.25               | 0.25               
  | DOUBLE       | E_CONVERGENCE            | NO     | 1e-06              | 1e-06              
  | DOUBLE       | JK_MEMORY                | NO     | 1000000000.0       | 1000000000.0       
  | DOUBLE       | LEVEL_SHIFT              | NO     | 0.02               | 0.02               
  | DOUBLE       | MAX_MOGRAD_CONVERGENCE   | NO     | 0.001              | 0.001              
  | DOUBLE       | MO_STEP_MAX              | NO     | 0.5                | 0.5                
  | DOUBLE       | MP2_OS_SCALE             | NO     | 1.2                | 1.2                
  | DOUBLE       | MP2_SOS_SCALE            | NO     | 1.3                | 1.3                
  | DOUBLE       | MP2_SOS_SCALE2           | NO     | 1.2                | 1.2                
  | DOUBLE       | MP2_SS_SCALE             | NO     | 0.3333333333333333 | 0.3333333333333333 
  | DOUBLE       | OCC_PERCENTAGE           | NO     | 99.0               | 99.0               
  | DOUBLE       | OCC_TOLERANCE            | NO     | 1e-05              | 1e-05              
  | DOUBLE       | OO_SCALE                 | NO     | 0.01               | 0.01               
  | DOUBLE       | PCG_CONVERGENCE          | NO     | 1e-06              | 1e-06              
  | DOUBLE       | R_CONVERGENCE            | NO     | 1e-05              | 1e-05              
  | DOUBLE       | REG_PARAM                | NO     | 0.4                | 0.4                
  | DOUBLE       | KAPPA_REG_PARAM          | NO     | 1.1                | 1.1                
  | DOUBLE       | RMS_MOGRAD_CONVERGENCE   | NO     | 1e-06              | 1e-06              
  | DOUBLE       | SCG_TOLERANCE            | NO     | 1e-06              | 1e-06              
  | DOUBLE       | SCHMIDT_ADD_RES_TOL      | NO     | 0.001              | 0.001              
  | INT          | ACTIVE_NAT_ORBS          | NO     | 2                  | 2                  
  | INT          | CC_DIIS_MAX_VECS         | NO     | 6                  | 6                  
  | INT          | CC_DIIS_MIN_VECS         | NO     | 2                  | 2                  
  | INT          | CC_MAXITER               | NO     | 50                 | 50                 
  | INT          | CUTOFF                   | NO     | 8                  | 8                  
  | INT          | EXCITATION_RANGE         | NO     | 2                  | 2                  
  | INT          | FOLLOW_ROOT              | NO     | 1                  | 1                  
  | INT          | INTEGRAL_CUTOFF          | NO     | 9                  | 9                  
  | INT          | MAX_VECS                 | NO     | 50                 | 50                 
  | INT          | MO_DIIS_NUM_VECS         | NO     | 6                  | 6                  
  | INT          | MO_MAXITER               | NO     | 50                 | 50                 
  | INT          | NUM_ROOTS                | NO     | 4                  | 4                  
  | INT          | PCG_MAXITER              | NO     | 50                 | 50                 
  | INT          | PRINT_LEVEL              | NO     | 0                  | 0                  
  | INT          | VECS_PER_ROOT            | NO     | 1                  | 1                  
  | STRING       | CC_LAMBDA                | NO     | FALSE              | FALSE              
  | STRING       | CHOLESKY                 | NO     | FALSE              | FALSE              
  | STRING       | CIS_ALGORITHM            | NO     | MO_BASIS           | MO_BASIS           
  | STRING       | CIS_GUESS_COEFF          | NO     | MIX                | MIX                
  | STRING       | COMPUT_S2                | NO     | FALSE              | FALSE              
  | STRING       | DIAG_METHOD              | NO     | DAVIDSON           | DAVIDSON           
  | STRING       | DO_DIIS                  | NO     | TRUE               | TRUE               
  | STRING       | DO_LEVEL_SHIFT           | NO     | TRUE               | TRUE               
  | STRING       | DO_SCS                   | NO     | FALSE              | FALSE              
  | STRING       | DO_SOS                   | NO     | FALSE              | FALSE              
  | STRING       | EKT_IP                   | NO     | FALSE              | FALSE              
  | STRING       | FREEZE_CORE              | NO     | TRUE               | TRUE               
  | STRING       | HESS_TYPE                | NO     | HF                 | HF                 
  | STRING       | JK_TYPE                  | NO     | DIRECT             | DIRECT             
  | STRING       | LINEQ_SOLVER             | NO     | CDGESV             | CDGESV             
  | STRING       | MO_READ                  | NO     | FALSE              | FALSE              
  | STRING       | MO_WRITE                 | NO     | FALSE              | FALSE              
  | STRING       | MP2_AMP_TYPE             | NO     | DIRECT             | DIRECT             
  | STRING       | NAT_ORBS                 | NO     | FALSE              | FALSE              
  | STRING       | NBO                      | NO     | TRUE               | TRUE               
  | STRING       | OCC_ORBS_PRINT           | NO     | FALSE              | FALSE              
  | STRING       | OEPROP                   | NO     | FALSE              | FALSE              
  | STRING       | OPT_METHOD               | NO     | QNR                | QNR                
  | STRING       | ORB_RESP_SOLVER          | NO     | PCG                | PCG                
  | STRING       | ORTH_TYPE                | NO     | MGS                | MGS                
  | STRING       | PCG_BETA_TYPE            | NO     | FLETCHER_REEVES    | FLETCHER_REEVES    
  | STRING       | PPL_TYPE                 | NO     | AUTO               | AUTO               
  | STRING       | PRINT_CI_VECS            | NO     | FALSE              | FALSE              
  | STRING       | QCHF                     | NO     | FALSE              | FALSE              
  | STRING       | READ_SCF_3INDEX          | NO     | TRUE               | TRUE               
  | STRING       | REGULARIZATION           | NO     | FALSE              | FALSE              
  | STRING       | REG_TYPE                 | NO     | NORMAL             | NORMAL             
  | STRING       | SCS_TYPE                 | NO     | SCS                | SCS                
  | STRING       | SOS_TYPE                 | NO     | SOS                | SOS                
  | STRING       | TRIPLES_IABC_TYPE        | NO     | DISK               | DISK               
  | STRING       | UNIT_GUESS_TYPE          | NO     | GEN                | GEN                
  | STRING       | EKT_NEGATIVE_OCC         | NO     | ABS                | ABS                
  | BOOL         | SOLVATION                | YES    | TRUE               | FALSE              

	MO spaces... 

	 FC   OCC   VIR   FV 
	----------------------
	  5   16    94    0
 CC-PVDZ primary basis set file will be read for the O atom...
 CC-PVDZ primary basis set file will be read for the N atom...
 CC-PVDZ primary basis set file will be read for the C atom...
 CC-PVDZ primary basis set file will be read for the H atom...
 Nmaxthread: 12 
 Nshell: 57 
 Lmax:  2 
 Npmax:  8 
 Nao: 115 
 Ndocc: 21 
 Nsocc:  0 
 NoccA: 21 
 NoccB: 21 
 Primary basis set info has been read.

 CC-PVDZ-RI aux basis set file will be read for the O atom...
 CC-PVDZ-RI aux basis set file will be read for the N atom...
 CC-PVDZ-RI aux basis set file will be read for the C atom...
 CC-PVDZ-RI aux basis set file will be read for the H atom...
 Nshell_aux: 144 
 Naux: 406 
 Aux basis set info has been read.

 Cpu time for Metric ints :       0.2200 s
 Wall time for Metric ints:       0.1184 s
 3-Index Algorithm: AUTO 

 Calling fortran integrals: ringing... 
 Done with fintegrals.

 Cpu time for 3-index ints :       2.3800 s
 Wall time for 3-index ints:       0.7235 s
 Cpu time for df-factors :       0.1600 s
 Wall time for df-factors:       0.0482 s
 CC-PVDZ primary basis set file will be read for the O atom...
 CC-PVDZ primary basis set file will be read for the N atom...
 CC-PVDZ primary basis set file will be read for the C atom...
 CC-PVDZ primary basis set file will be read for the H atom...
 Nmaxthread: 12 
 Nshell: 57 
 Lmax:  2 
 Npmax:  8 
 Nao: 115 
 Ndocc: 21 
 Nsocc:  0 
 NoccA: 21 
 NoccB: 21 
 Primary basis set info has been read.

 CC-PVDZ-JKFIT aux basis set file will be read for the O atom...
 CC-PVDZ-JKFIT aux basis set file will be read for the N atom...
 CC-PVDZ-JKFIT aux basis set file will be read for the C atom...
 CC-PVDZ-JKFIT aux basis set file will be read for the H atom...
 Nshell_aux: 201 
 Naux: 557 
 Aux basis set info has been read.

	Reading DF integrals from disk ...
 Cpu time for Metric ints :       0.8400 s
 Wall time for Metric ints:       0.2113 s
	Number of basis functions in the DF-HF basis: 557
	Number of basis functions in the DF-CC basis: 406

	Available memory                      :  30000.00 MB 
	Minimum required memory for amplitudes:     54.29 MB 
	Memory requirement for B-CC (Q|mu nu) :     42.95 MB 
	Memory requirement for B-CC (Q|ab)    :     28.70 MB 
	Memory requirement for DF-CC int trans:     78.07 MB 

	Computing DF-MP2 energy using SCF MOs (Canonical DF-MP2)... 
	======================================================================= 
	Nuclear Repulsion Energy (a.u.)    :   189.38742973404479
	DF-HF Energy (a.u.)                :  -248.14552060813222
	REF Energy (a.u.)                  :  -248.14552060813222
	DF-MP2 Correlation Energy (a.u.)   :    -0.79212969967893
	DF-MP2 Total Energy (a.u.)         :  -248.93765030781114
	======================================================================= 

	*Total MP2 Energy: -248.93765030781114

	Computing unrelaxed response density matrices...
	Number of independent-pairs: 1974
	Computing the generalized Fock matrix (GFM)...
	Computing the orbital gradient...
	Forming effective orbital gradient...
	Solving orbital Z-vector equations...

	            PCG Solver 
	   ------------------------------ 
	Iter     RMS Z Vector        RMS Residual  
	----    ---------------    ---------------
	  1         1.17e-03         7.58e-04
	  2         3.55e-04         3.17e-04
	  3         1.26e-04         5.87e-05
	  4         3.01e-05         2.43e-05
	  5         1.04e-05         5.47e-06
	  6         2.57e-06         1.39e-06
	  7         4.84e-07         3.95e-07
	  8         1.85e-07         1.27e-07
	  9         5.42e-08         3.02e-08

	Computing the relaxed PDMs and GFM...
	Compute solv. is starting ...

	Initializing Liboeprop (by U. Bozkaya) ...


	-Mulliken Population Analysis for MP2-IAO:
	 1: -0.1918238673 	 2: -0.3896366164 	 3: 0.1308934363 	 4: 0.0127263626 	 5: -0.0366008960 
	 6: 0.0275566437 	 7: 0.0429134538 	 8: 0.0769161395 	 9: 0.0450879908 	10: 0.1724436968 
	11: 0.1684679182 	12: 0.0799028217 	13: 0.0458445218 	14: 0.0473392275 

	-Lowdin Population Analysis for MP2-IAO:  
	 1: -0.1918238673 	 2: -0.3896366164 	 3: 0.1308934363 	 4: 0.0127263626 	 5: -0.0366008960 
	 6: 0.0275566437 	 7: 0.0429134538 	 8: 0.0769161395 	 9: 0.0450879908 	10: 0.1724436968 
	11: 0.1684679182 	12: 0.0799028217 	13: 0.0458445218 	14: 0.0473392275 


  ## SOLVATION Options ##

  | TYPE         | KEY                      | INPUT? | VALUE              | DEFAULT            
  |--------------|--------------------------|--------|--------------------|--------------------
  | INT          | NUM_Z_POINTS             | NO     | 90                 | 90                 
  | INT          | NUM_ANG_POINTS           | YES    | 100                | 100                
  | STRING       | SASA_TYPE                | YES    | NUMERIC            | NUMERIC            
  | STRING       | CHARGE_TYPE              | YES    | IAO_MULLIKEN       | IAO_MULLIKEN       
  | STRING       | CDS_TYPE                 | YES    | SMD                | SMD                
  | STRING       | SOLVENT                  | YES    | WATER              | WATER              
  | STRING       | SOLVENT_PARAMS           | YES    | MN21               | SM8                
  | STRING       | DIELECTRIC_PARAMS        | YES    | MN21               | MN21               
  | STRING       | COULOMB_RADII            | YES    | SMD                | SMD                
  | DOUBLE       | COVALENT_VW_CONST        | NO     | 0.76               | 0.76               
  | DOUBLE       | SOLVENT_RADIUS           | NO     | 0.4                | 0.4                
  | STRING       | RADIUS_TYPE              | YES    | SMD                | SMD                
  | DOUBLE       | GB_DIJ                   | NO     | 3.7                | 3.7                
  | DOUBLE       | GB_SIJ                   | NO     | 0.75               | 0.75               
  | DOUBLE       | GB_CIJ                   | NO     | 0.0                | 0.0                
  | DOUBLE       | F_PWSASA                 | NO     | 0.4535             | 0.4535             
  | DOUBLE       | SCALE_VDW                | NO     | 1.0                | 1.0                
  | DOUBLE       | SCALE_CR                 | NO     | 1.0                | 1.0                



 Sasa Type                  : NUMERIC 
 Charge Type                : IAO_MULLIKEN 
 CDS Type                   : SMD 
 Radius Type                : SMD 
 Solvent                    : WATER 
 Solvent Parameters         : MN21 
 Dielectric Parameters      : MN21 
 Coulomb Radii Parameters   : SMD 
 GB d_ij parameter          : 3.7000000000 
 GB S_ij parameter          : 0.7500000000 
 GB C_ij parameter          : 0.0000000000 
 Sclae_vdw parameter        : 1.0000000000 
 Number of z-points         : 90 
 Number of angular points   : 100 
 Number of SASA grid points : 17902 
 Solvent Dielectric Constant: 78.3553000000 

 VDW Radii:
	  1 O :       1.5200  ang
	  2 N :       1.5500  ang
	  3 C :       1.7000  ang
	  4 C :       1.7000  ang
	  5 C :       1.7000  ang
	  6 H :       1.2000  ang
	  7 H :       1.2000  ang
	  8 H :       1.2000  ang
	  9 H :       1.2000  ang
	 10 H :       1.2000  ang
	 11 H :       1.2000  ang
	 12 H :       1.2000  ang
	 13 H :       1.2000  ang
	 14 H :       1.2000  ang

	 Computing SASA... 

 Atomic SASA values:
	  1 O :      12.6356  ang^2
	  2 N :      10.9410  ang^2
	  3 C :       3.5631  ang^2
	  4 C :       4.3772  ang^2
	  5 C :      10.5437  ang^2
	  6 H :      11.1216  ang^2
	  7 H :      11.5008  ang^2
	  8 H :      12.3957  ang^2
	  9 H :      12.4083  ang^2
	 10 H :      13.3823  ang^2
	 11 H :      13.9753  ang^2
	 12 H :      13.0049  ang^2
	 13 H :      12.0417  ang^2
	 14 H :      12.0309  ang^2

	*Total SASA (angs^2): 153.9220275552 


 Coulomb Radii:
	  1 O :       1.5200  ang
	  2 N :       1.8900  ang
	  3 C :       1.8500  ang
	  4 C :       1.8500  ang
	  5 C :       1.8500  ang
	  6 H :       1.2000  ang
	  7 H :       1.2000  ang
	  8 H :       1.2000  ang
	  9 H :       1.2000  ang
	 10 H :       1.2000  ang
	 11 H :       1.2000  ang
	 12 H :       1.2000  ang
	 13 H :       1.2000  ang
	 14 H :       1.2000  ang
 Solvent Alpha                       : 1.1700000000 

 ## Effective Born Radius (bohr) ##
   0   4.0754517143 
   1   4.0628666189 
   2   4.3165472549 
   3   4.1788054971 
   4   3.8690810871 
   5   3.4862167847 
   6   3.4671653819 
   7   3.3982607283 
   8   3.3882752756 
   9   3.1541704653 
  10   3.0789477064 
  11   2.9771402384 
  12   3.0950045582 
  13   3.0968214044 

 Effective Born Radii:
	  1 O :       2.1566  ang
	  2 N :       2.1500  ang
	  3 C :       2.2842  ang
	  4 C :       2.2113  ang
	  5 C :       2.0474  ang
	  6 H :       1.8448  ang
	  7 H :       1.8347  ang
	  8 H :       1.7983  ang
	  9 H :       1.7930  ang
	 10 H :       1.6691  ang
	 11 H :       1.6293  ang
	 12 H :       1.5754  ang
	 13 H :       1.6378  ang
	 14 H :       1.6388  ang


 Coulomb Integrals:
	  1  1 :       0.2454  bohr^-1
	  1  2 :       0.1341  bohr^-1
	  1  3 :       0.2090  bohr^-1
	  1  4 :       0.1751  bohr^-1
	  1  5 :       0.2179  bohr^-1
	  1  6 :       0.1964  bohr^-1
	  1  7 :       0.1964  bohr^-1
	  1  8 :       0.1732  bohr^-1
	  1  9 :       0.1761  bohr^-1
	  1 10 :       0.1275  bohr^-1
	  1 11 :       0.1175  bohr^-1
	  1 12 :       0.2068  bohr^-1
	  1 13 :       0.2020  bohr^-1
	  1 14 :       0.2019  bohr^-1
	  2  1 :       0.1341  bohr^-1
	  2  2 :       0.2461  bohr^-1
	  2  3 :       0.1717  bohr^-1
	  2  4 :       0.2099  bohr^-1
	  2  5 :       0.1079  bohr^-1
	  2  6 :       0.1705  bohr^-1
	  2  7 :       0.1707  bohr^-1
	  2  8 :       0.1972  bohr^-1
	  2  9 :       0.1938  bohr^-1
	  2 10 :       0.2538  bohr^-1
	  2 11 :       0.2564  bohr^-1
	  2 12 :       0.0931  bohr^-1
	  2 13 :       0.1048  bohr^-1
	  2 14 :       0.1048  bohr^-1
	  3  1 :       0.2090  bohr^-1
	  3  2 :       0.1717  bohr^-1
	  3  3 :       0.2317  bohr^-1
	  3  4 :       0.2033  bohr^-1
	  3  5 :       0.1769  bohr^-1
	  3  6 :       0.2341  bohr^-1
	  3  7 :       0.2347  bohr^-1
	  3  8 :       0.1920  bohr^-1
	  3  9 :       0.1919  bohr^-1
	  3 10 :       0.1684  bohr^-1
	  3 11 :       0.1485  bohr^-1
	  3 12 :       0.1507  bohr^-1
	  3 13 :       0.1734  bohr^-1
	  3 14 :       0.1737  bohr^-1
	  4  1 :       0.1751  bohr^-1
	  4  2 :       0.2099  bohr^-1
	  4  3 :       0.2033  bohr^-1
	  4  4 :       0.2393  bohr^-1
	  4  5 :       0.1343  bohr^-1
	  4  6 :       0.1912  bohr^-1
	  4  7 :       0.1918  bohr^-1
	  4  8 :       0.2401  bohr^-1
	  4  9 :       0.2401  bohr^-1
	  4 10 :       0.2011  bohr^-1
	  4 11 :       0.2024  bohr^-1
	  4 12 :       0.1178  bohr^-1
	  4 13 :       0.1268  bohr^-1
	  4 14 :       0.1269  bohr^-1
	  5  1 :       0.2179  bohr^-1
	  5  2 :       0.1079  bohr^-1
	  5  3 :       0.1769  bohr^-1
	  5  4 :       0.1343  bohr^-1
	  5  5 :       0.2585  bohr^-1
	  5  6 :       0.1745  bohr^-1
	  5  7 :       0.1742  bohr^-1
	  5  8 :       0.1291  bohr^-1
	  5  9 :       0.1305  bohr^-1
	  5 10 :       0.1040  bohr^-1
	  5 11 :       0.0935  bohr^-1
	  5 12 :       0.2612  bohr^-1
	  5 13 :       0.2568  bohr^-1
	  5 14 :       0.2567  bohr^-1
	  6  1 :       0.1964  bohr^-1
	  6  2 :       0.1705  bohr^-1
	  6  3 :       0.2341  bohr^-1
	  6  4 :       0.1912  bohr^-1
	  6  5 :       0.1745  bohr^-1
	  6  6 :       0.2868  bohr^-1
	  6  7 :       0.2203  bohr^-1
	  6  8 :       0.1606  bohr^-1
	  6  9 :       0.1833  bohr^-1
	  6 10 :       0.1820  bohr^-1
	  6 11 :       0.1402  bohr^-1
	  6 12 :       0.1420  bohr^-1
	  6 13 :       0.1899  bohr^-1
	  6 14 :       0.1638  bohr^-1
	  7  1 :       0.1964  bohr^-1
	  7  2 :       0.1707  bohr^-1
	  7  3 :       0.2347  bohr^-1
	  7  4 :       0.1918  bohr^-1
	  7  5 :       0.1742  bohr^-1
	  7  6 :       0.2203  bohr^-1
	  7  7 :       0.2884  bohr^-1
	  7  8 :       0.1865  bohr^-1
	  7  9 :       0.1608  bohr^-1
	  7 10 :       0.1577  bohr^-1
	  7 11 :       0.1436  bohr^-1
	  7 12 :       0.1418  bohr^-1
	  7 13 :       0.1630  bohr^-1
	  7 14 :       0.1898  bohr^-1
	  8  1 :       0.1732  bohr^-1
	  8  2 :       0.1972  bohr^-1
	  8  3 :       0.1920  bohr^-1
	  8  4 :       0.2401  bohr^-1
	  8  5 :       0.1291  bohr^-1
	  8  6 :       0.1606  bohr^-1
	  8  7 :       0.1865  bohr^-1
	  8  8 :       0.2943  bohr^-1
	  8  9 :       0.2240  bohr^-1
	  8 10 :       0.1676  bohr^-1
	  8 11 :       0.1977  bohr^-1
	  8 12 :       0.1153  bohr^-1
	  8 13 :       0.1146  bohr^-1
	  8 14 :       0.1240  bohr^-1
	  9  1 :       0.1761  bohr^-1
	  9  2 :       0.1938  bohr^-1
	  9  3 :       0.1919  bohr^-1
	  9  4 :       0.2401  bohr^-1
	  9  5 :       0.1305  bohr^-1
	  9  6 :       0.1833  bohr^-1
	  9  7 :       0.1608  bohr^-1
	  9  8 :       0.2240  bohr^-1
	  9  9 :       0.2951  bohr^-1
	  9 10 :       0.1922  bohr^-1
	  9 11 :       0.1868  bohr^-1
	  9 12 :       0.1170  bohr^-1
	  9 13 :       0.1245  bohr^-1
	  9 14 :       0.1157  bohr^-1
	 10  1 :       0.1275  bohr^-1
	 10  2 :       0.2538  bohr^-1
	 10  3 :       0.1684  bohr^-1
	 10  4 :       0.2011  bohr^-1
	 10  5 :       0.1040  bohr^-1
	 10  6 :       0.1820  bohr^-1
	 10  7 :       0.1577  bohr^-1
	 10  8 :       0.1676  bohr^-1
	 10  9 :       0.1922  bohr^-1
	 10 10 :       0.3170  bohr^-1
	 10 11 :       0.2434  bohr^-1
	 10 12 :       0.0889  bohr^-1
	 10 13 :       0.1047  bohr^-1
	 10 14 :       0.0988  bohr^-1
	 11  1 :       0.1175  bohr^-1
	 11  2 :       0.2564  bohr^-1
	 11  3 :       0.1485  bohr^-1
	 11  4 :       0.2024  bohr^-1
	 11  5 :       0.0935  bohr^-1
	 11  6 :       0.1402  bohr^-1
	 11  7 :       0.1436  bohr^-1
	 11  8 :       0.1977  bohr^-1
	 11  9 :       0.1868  bohr^-1
	 11 10 :       0.2434  bohr^-1
	 11 11 :       0.3248  bohr^-1
	 11 12 :       0.0822  bohr^-1
	 11 13 :       0.0893  bohr^-1
	 11 14 :       0.0902  bohr^-1
	 12  1 :       0.2068  bohr^-1
	 12  2 :       0.0931  bohr^-1
	 12  3 :       0.1507  bohr^-1
	 12  4 :       0.1178  bohr^-1
	 12  5 :       0.2612  bohr^-1
	 12  6 :       0.1420  bohr^-1
	 12  7 :       0.1418  bohr^-1
	 12  8 :       0.1153  bohr^-1
	 12  9 :       0.1170  bohr^-1
	 12 10 :       0.0889  bohr^-1
	 12 11 :       0.0822  bohr^-1
	 12 12 :       0.3359  bohr^-1
	 12 13 :       0.2363  bohr^-1
	 12 14 :       0.2363  bohr^-1
	 13  1 :       0.2020  bohr^-1
	 13  2 :       0.1048  bohr^-1
	 13  3 :       0.1734  bohr^-1
	 13  4 :       0.1268  bohr^-1
	 13  5 :       0.2568  bohr^-1
	 13  6 :       0.1899  bohr^-1
	 13  7 :       0.1630  bohr^-1
	 13  8 :       0.1146  bohr^-1
	 13  9 :       0.1245  bohr^-1
	 13 10 :       0.1047  bohr^-1
	 13 11 :       0.0893  bohr^-1
	 13 12 :       0.2363  bohr^-1
	 13 13 :       0.3231  bohr^-1
	 13 14 :       0.2339  bohr^-1
	 14  1 :       0.2019  bohr^-1
	 14  2 :       0.1048  bohr^-1
	 14  3 :       0.1737  bohr^-1
	 14  4 :       0.1269  bohr^-1
	 14  5 :       0.2567  bohr^-1
	 14  6 :       0.1638  bohr^-1
	 14  7 :       0.1898  bohr^-1
	 14  8 :       0.1240  bohr^-1
	 14  9 :       0.1157  bohr^-1
	 14 10 :       0.0988  bohr^-1
	 14 11 :       0.0902  bohr^-1
	 14 12 :       0.2363  bohr^-1
	 14 13 :       0.2339  bohr^-1
	 14 14 :       0.3229  bohr^-1


	*Molecular contr. to CDS energy:       0.0000  kcal/mol
	*Total CDS energy:       2.3390  kcal/mol
	*MP2::Polarization Free Energy (au)      : -0.0057766757 
	*MP2::Polarization Free Energy (kcal/mol):      -3.6249 
	*MP2::CDS Free Energy (au)      : 0.0037274969 
	*MP2::CDS Free Energy (kcal/mol):       2.3390 
	*MP2::Total Solvation Free Energy (au)      : -0.0020491788 
	*MP2::Total Solvation Free Energy (kcal/mol):      -1.2859 
	GB-MP2 Total Energy (a.u.)         :  -248.93969948663690

	*Total GB-MP2 Energy: -248.93765030781114


 Cpu time for MacroQC :       1.7140 minutes
 Wall time for MacroQC:       0.6801 minutes


 ******************************************************************************************
	 MacroQC terminates normally:) 
 ****************************************************************************************** 

