 ==========================================================================================
 =========                __  ___                         ____  ______            =========
 ======                  /  |/  /___ _______________     / __ \/ ____/               ======
 ====                   / /|_/ / __ `/ ___/ ___/ __ \   / / / / /                      ====
 ===                   / /  / / /_/ / /__/ /  / /_/ /  / /_/ / /___                     ===
 ==                   /_/  /_/\__,_/\___/_/   \____/   \___\_\____/                      ==
 ===                                                                1.0.4                ===
 =====     An electronic structure theory software for large-scale applications       =====
 ======                                 See license.txt for license info             ======
 =========                                                                        =========
 ==========================================================================================
                                                                                           
                           * * * * * * * * * * * * * * * * * * * *                        
                           *            Developed by             *                        
                           *             U. Bozkaya              *                        
                           *                                     *                        
                           *       With contributions from:      *                        
                           *         B. Ermis, Y. Alagoz,        *                        
                           *         A. Unal, and A. K. Uyar     *                        
                           *         Git Version: deab493        *                        
                           *       Latest Revision: 2026-03-23   *                        
                           * * * * * * * * * * * * * * * * * * * *                        


 Run date: Wed Mar 25 10:21:03 2026
 
 Hostname: ub31 

 ## MacroQC input file ##
 ******************************************************************************************
$set_molecule
0 1
N       0.0000050009    -1.8184267886    -0.0000017509
C      -1.2088970558     0.2630916371    -0.0006641426
C       1.2088915934     0.2631032643     0.0006821945
C      -0.0000019870     0.9524456841     0.0000186218
C      -2.5311429805     0.9809912525     0.0005773128
C       2.5311437368     0.9809906130    -0.0005971252
C      -1.1392047938    -1.1298066294    -0.0010860484
C       1.1392033001    -1.1298038125     0.0010840285
H      -0.0000101852     2.0375686695     0.0000410865
H      -3.3623501433     0.2768356914    -0.0140176721
H      -2.6407056257     1.6085970517     0.8874132205
H      -2.6301823335     1.6326192228    -0.8698254263
H       2.6299646134     1.6331077972     0.8694603253
H       3.3623378097     0.2768312187     0.0146047143
H       2.6409529927     1.6080930993    -0.8877620750
H      -2.0533108370    -1.7153759208    -0.0025486524
H       2.0533178220    -1.7153613644     0.0025576866
$end_molecule


$set_globals
   basis cc-pvdz
  method mp2
  reference rhf
  jobtype energy
  memory 30000
$end_globals


$set_scf
  e_convergence 1.0e-8
  d_convergence 1.0e-6
  guess sad
  solvation true
$end_scf


$set_solvation
  cds_type smd
  radius_type smd
  solvent_params mn21
  dielectric_params mn21 #sm8
  sasa_type numeric
  solvent water
  num_ang_points 100
  charge_type iao_mulliken #iao_lowdin, mulliken, lowdin
  coulomb_radii smd
$end_solvation

$set_dfocc
solvation true
$end_dfocc

 ******************************************************************************************


	-Geometry before Center-of-Mass shift (ang): 
	 Number     Atom               X                    Y                       Z  
	 ---------------------------------------------------------------------------------------
           1     N             0.0000050009         -1.8184267886          -0.0000017509  
           2     C            -1.2088970558          0.2630916371          -0.0006641426  
           3     C             1.2088915934          0.2631032643           0.0006821945  
           4     C            -0.0000019870          0.9524456841           0.0000186218  
           5     C            -2.5311429805          0.9809912525           0.0005773128  
           6     C             2.5311437368          0.9809906130          -0.0005971252  
           7     C            -1.1392047938         -1.1298066294          -0.0010860484  
           8     C             1.1392033001         -1.1298038125           0.0010840285  
           9     H            -0.0000101852          2.0375686695           0.0000410865  
          10     H            -3.3623501433          0.2768356914          -0.0140176721  
          11     H            -2.6407056257          1.6085970517           0.8874132205  
          12     H            -2.6301823335          1.6326192228          -0.8698254263  
          13     H             2.6299646134          1.6331077972           0.8694603253  
          14     H             3.3623378097          0.2768312187           0.0146047143  
          15     H             2.6409529927          1.6080930993          -0.8877620750  
          16     H            -2.0533108370         -1.7153759208          -0.0025486524  
          17     H             2.0533178220         -1.7153613644           0.0025576866  



	-Geometry after Center-of-Mass shift (ang): 
	 Atom               X                    Y                       Z  
	 -------------------------------------------------------------------
     N           0.0000051316         -1.7660856457          -0.0000024624  
     C          -1.2088969251          0.3154327800          -0.0006648541  
     C           1.2088917241          0.3154444072           0.0006814830  
     C          -0.0000018563          1.0047868270           0.0000179103  
     C          -2.5311428498          1.0333323954           0.0005766013  
     C           2.5311438675          1.0333317559          -0.0005978367  
     C          -1.1392046631         -1.0774654865          -0.0010867599  
     C           1.1392034308         -1.0774626696           0.0010833170  
     H          -0.0000100545          2.0899098124           0.0000403750  
     H          -3.3623500126          0.3291768343          -0.0140183836  
     H          -2.6407054950          1.6609381946           0.8874125090  
     H          -2.6301822028          1.6849603657          -0.8698261378  
     H           2.6299647441          1.6854489401           0.8694596138  
     H           3.3623379404          0.3291723616           0.0146040028  
     H           2.6409531234          1.6604342422          -0.8877627865  
     H          -2.0533107063         -1.6630347779          -0.0025493639  
     H           2.0533179527         -1.6630202215           0.0025569751  


	-Geometry after Center-of-Mass shift (bohr): 
	 Atom               X                    Y                       Z  
	 -------------------------------------------------------------------
     N           0.0000096972         -3.3374181845          -0.0000046533  
     C          -2.2844841024          0.5960815651          -0.0012563922  
     C           2.2844742738          0.5961035374           0.0012878162  
     C          -0.0000035080          1.8987719174           0.0000338455  
     C          -4.7831667706          1.9527152238           0.0010896185  
     C           4.7831686936          1.9527140153          -0.0011297477  
     C          -2.1527848142         -2.0361146792          -0.0020536786  
     C           2.1527824853         -2.0361093560           0.0020471724  
     H          -0.0000190003          3.9493571723           0.0000762976  
     H          -6.3539206618          0.6220540636          -0.0264909058  
     H          -4.9902101636          3.1387182990           1.6769666023  
     H          -4.9703240234          3.1841136234          -1.6437331773  
     H           4.9699130859          3.1850368952           1.6430405472  
     H           6.3538978485          0.6220456114           0.0275975656  
     H           4.9906781133          3.1377659670          -1.6776285309  
     H          -3.8801948855         -3.1426802674          -0.0048175996  
     H           3.8802085790         -3.1426527598           0.0048319826  


    Rotational Constants: A =     0.12372  B =     0.05970  C =      0.04088 [cm^-1] 
    Rotor Type: ASYMMETRIC 

	-Nuclear Dipole Moment: (e a0)  
	 X:  0.00001   Y:  5.73680   Z:  -0.00008   Total:  5.73680 

	-Nuclear Dipole Moment: (D)  
	 X:  0.00004   Y:  14.58150   Z:  -0.00020   Total:  14.58150 


    Nuclear repulsion energy (V_NN)              : 344.968882490630 
   =====================================================
   Charge                : 0 
   Multiplicity          : 1 
   Number of Atoms       : 17 
   Number of Ghost Atoms : 0 
   Number of Electrons   : 58 
   Number of alpha occupied orbitals (NoccA)  : 29 
   Number of beta occupied orbitals (NoccB)   : 29 
   Number of singly occupied orbitals (Nsocc) : 0 
   Number of doubly occupied orbitals (Ndocc) : 29 
   =====================================================



  ## GLOBALS Options ##

  | TYPE         | KEY                      | INPUT? | VALUE              | DEFAULT            
  |--------------|--------------------------|--------|--------------------|--------------------
  | BOOL         | ERI_DISK                 | NO     | FALSE              | FALSE              
  | BOOL         | FREEZE_CORE              | NO     | TRUE               | TRUE               
  | BOOL         | MOL_FRAG                 | NO     | FALSE              | FALSE              
  | BOOL         | NOCOM                    | NO     | FALSE              | FALSE              
  | BOOL         | NOREORIENT               | NO     | TRUE               | TRUE               
  | BOOL         | PUREAM                   | NO     | TRUE               | TRUE               
  | BOOL         | ML                       | NO     | FALSE              | FALSE              
  | BOOL         | READ_PDB                 | NO     | FALSE              | FALSE              
  | BOOL         | TEST_MODE                | NO     | FALSE              | FALSE              
  | INT          | DERIVE_LEVEL             | NO     | 0                  | 0                  
  | INT          | FINDIF_POINTS            | NO     | 3                  | 3                  
  | INT          | MEMORY                   | YES    | 30000              | 2000               
  | INT          | NUM_THREADS              | NO     | 1                  | 1                  
  | INT          | NUM_FROZEN_DOCC          | NO     | 0                  | 0                  
  | INT          | NUM_FROZEN_VIR           | NO     | 0                  | 0                  
  | INT          | PRINT_LEVEL              | NO     | 0                  | 0                  
  | STRING       | AUX_BASIS_CORR           | NO     | CC-PVDZ-RI         | CC-PVDZ-RI         
  | STRING       | AUX_BASIS_SCF            | NO     | CC-PVDZ-JKFIT      | CC-PVDZ-JKFIT      
  | STRING       | BASIS                    | YES    | CC-PVDZ            | CC-PVDZ            
  | STRING       | BASIS2                   | NO     | MINAO              | MINAO              
  | STRING       | DERIVE_TYPE              | NO     | ANALYTIC           | ANALYTIC           
  | STRING       | FINDIF_METHOD            | NO     | GRAD               | GRAD               
  | STRING       | GEOM_UNITS               | NO     | ANG                | ANG                
  | STRING       | JOBTYPE                  | YES    | ENERGY             | ENERGY             
  | STRING       | METHOD                   | YES    | MP2                | SCF                
  | STRING       | REFERENCE                | YES    | RHF                | RHF                
  | STRING       | OUTFILE_MODE             | NO     | NEW                | NEW                
  | DOUBLE       | STEP_BOHR                | NO     | 0.05               | 0.05               
  | STR_ARRAY    | MOLECULE_GEOM_FROM       | NO     | [input]            | [input]            
  | DOUBLE_ARRAY | ELECTRIC_STRENGTH        | NO     | [0.001;0.001;0.001]| [0.001;0.001;0.001]
  | STRING       | ELECTRIC_FIELD           | NO     | NONE               | NONE               
  | STRING       | ALIGN_TWO_ATOMS          | NO     | NONE               | NONE               
  | INT_ARRAY    | TWO_ATOMS                | NO     | [0]                | [0]                



  ## INTS Options ##

  | TYPE         | KEY                      | INPUT? | VALUE              | DEFAULT            
  |--------------|--------------------------|--------|--------------------|--------------------
  | DOUBLE       | BOYS_CUTOFF              | NO     | 1e-15              | 1e-15              
  | DOUBLE       | BOYS_ZERO                | NO     | 1e-06              | 1e-06              
  | DOUBLE       | DELTA_X                  | NO     | 0.1                | 0.1                
  | DOUBLE       | INTEGRAL_CUTOFF          | NO     | 1e-10              | 1e-10              
  | DOUBLE       | X_MAX                    | NO     | 30.0               | 30.0               
  | INT          | BOYS_MAXITER             | NO     | 10000              | 10000              
  | INT          | MAX_AM                   | NO     | 7                  | 7                  
  | INT          | MAX_AM_AUX               | NO     | 7                  | 7                  
  | INT          | PRINT_LEVEL              | NO     | 0                  | 0                  
  | INT          | TAYLOR_ORDER             | NO     | 6                  | 6                  
  | STRING       | 3INDEX_ALGORITHM         | NO     | AUTO               | AUTO               
  | STRING       | BOYS_METHOD              | NO     | GHP                | GHP                
  | STRING       | ERI_ALGORITHM            | NO     | MD4                | MD4                


	Initializing Liboeprop (by U. Bozkaya) ...

	*=================================================================*
	*                  SCF                                            *
	*   Developed by U. Bozkaya & Y. Alagoz                           *
	*   Latest revision Feb 16, 2021                                  *
	*=================================================================*



  ## SCF Options ##

  | TYPE         | KEY                      | INPUT? | VALUE              | DEFAULT            
  |--------------|--------------------------|--------|--------------------|--------------------
  | BOOL         | DIIS_DAMP                | NO     | FALSE              | FALSE              
  | BOOL         | DIE_IF_NOT_CONVERGED     | NO     | TRUE               | TRUE               
  | BOOL         | DO_DF                    | NO     | TRUE               | TRUE               
  | BOOL         | DIIS                     | NO     | TRUE               | TRUE               
  | BOOL         | FOCK_DAMP                | NO     | FALSE              | FALSE              
  | BOOL         | GUESS_MIX                | NO     | FALSE              | FALSE              
  | BOOL         | GUESS_PREVIOUS           | NO     | FALSE              | FALSE              
  | BOOL         | LOCAL                    | NO     | FALSE              | FALSE              
  | BOOL         | RETRY                    | NO     | TRUE               | TRUE               
  | DOUBLE       | CUTOFF                   | NO     | 1e-10              | 1e-10              
  | DOUBLE       | D_CONVERGENCE            | YES    | 1e-06              | 1e-06              
  | DOUBLE       | DAMP_PARAM               | NO     | 0.02               | 0.02               
  | DOUBLE       | E_CONVERGENCE            | YES    | 1e-08              | 1e-08              
  | DOUBLE       | FOCK_DAMP_PERC           | NO     | 20.0               | 20.0               
  | DOUBLE       | MIN_OVERLAP_EIGVAL       | NO     | 1e-06              | 1e-06              
  | DOUBLE       | LOCAL_CONVERGENCE        | NO     | 1e-08              | 1e-08              
  | DOUBLE       | QC_GUESS_E_CONVERGENCE   | NO     | 0.0001             | 0.0001             
  | DOUBLE       | QC_GUESS_D_CONVERGENCE   | NO     | 0.005              | 0.005              
  | INT          | MAX_DIIS                 | NO     | 6                  | 6                  
  | INT          | MIN_DIIS                 | NO     | 2                  | 2                  
  | INT          | PRINT_LEVEL              | NO     | 0                  | 0                  
  | INT          | SCF_MAXITER              | NO     | 50                 | 50                 
  | INT          | LOCAL_MAXITER            | NO     | 50                 | 50                 
  | STRING       | DIIS_ALGORITHM           | NO     | DISK               | DISK               
  | STRING       | GUESS                    | YES    | SAD                | SAD                
  | BOOL         | MO_WRITE                 | NO     | FALSE              | FALSE              
  | BOOL         | FOCK_WRITE               | NO     | FALSE              | FALSE              
  | STRING       | ORTH_TYPE                | NO     | CANONICAL          | CANONICAL          
  | STRING       | ROHF_CANONIC_TYPE        | NO     | GUEST              | GUEST              
  | STRING       | ERI                      | NO     | INCORE             | INCORE             
  | STRING       | SCF_ALGORITHM            | NO     | ROOTHAAN           | ROOTHAAN           
  | STRING       | LOCAL_TYPE               | NO     | BOYS               | BOYS               
  | BOOL         | SAD_FRAC_OCC             | NO     | TRUE               | TRUE               
  | BOOL         | SAD_SPIN_AVERAGE         | NO     | TRUE               | TRUE               
  | DOUBLE       | SAD_E_CONVERGENCE        | NO     | 1e-05              | 1e-05              
  | DOUBLE       | SAD_D_CONVERGENCE        | NO     | 1e-05              | 1e-05              
  | INT          | SAD_MAXITER              | NO     | 50                 | 50                 
  | BOOL         | NIE                      | NO     | FALSE              | FALSE              
  | BOOL         | SAD_DIIS                 | NO     | TRUE               | TRUE               
  | INT          | SAD_MAX_DIIS             | NO     | 6                  | 6                  
  | INT          | SAD_MIN_DIIS             | NO     | 2                  | 2                  
  | INT          | SAD_PRINT                | NO     | 0                  | 0                  
  | STRING       | SAD_AUX_BASIS            | NO     | SAD-FIT            | SAD-FIT            
  | DOUBLE       | SAD_CHOLESKY_TOLERANCE   | NO     | 1e-07              | 1e-07              
  | BOOL         | SOLVATION                | YES    | TRUE               | FALSE              
  | BOOL         | BYPASS                   | NO     | FALSE              | FALSE              
  | STRING       | IAO_TYPE                 | NO     | STANDARD2013       | STANDARD2013       
  | BOOL         | USE_IAOS                 | NO     | FALSE              | FALSE              

	Initializing libdiis ...
	Initializing libmolint 1.1 ...
 CC-PVDZ primary basis set file will be read for the N atom...
 CC-PVDZ primary basis set file will be read for the C atom...
 CC-PVDZ primary basis set file will be read for the H atom...
 Nmaxthread: 24 
 Nshell: 75 
 Lmax:  2 
 Npmax:  8 
 Nao: 157 
 Ndocc: 29 
 Nsocc:  0 
 NoccA: 29 
 NoccB: 29 
 Primary basis set info has been read.

 CC-PVDZ-JKFIT aux basis set file will be read for the N atom...
 CC-PVDZ-JKFIT aux basis set file will be read for the C atom...
 CC-PVDZ-JKFIT aux basis set file will be read for the H atom...
 Nshell_aux: 273 
 Naux: 767 
 Aux basis set info has been read.

 orth_type: CANONICAL 
 Cpu time for S ints :       0.0400 s
 Wall time for S ints:       0.0371 s

 Using canonical orthogonalization. 
 Minimum eigenvalue in the overlap matrix is:   5.7292E-04 

 Cpu time for T ints :       0.2800 s
 Wall time for T ints:       0.0666 s
 Cpu time for V ints :       0.9700 s
 Wall time for V ints:       0.3905 s
 Cpu time for Metric ints :       1.5700 s
 Wall time for Metric ints:       0.5235 s
 3-Index Algorithm: AUTO 

 Calling fortran integrals: ringing... 
 Done with fintegrals.

 Cpu time for 3-index ints :       8.6000 s
 Wall time for 3-index ints:       3.2811 s
 Cpu time for df-factors :       0.8000 s
 Wall time for df-factors:       0.2338 s


 Puream (True=1, False=0) : 1
 Number of AO             : 157
 Number of MO             : 157
 Number of Aux Functions  : 767
 Charge                   : 0
 Multiplicity             : 1
 Alpha OCC                : 29
 Beta OCC                 : 29
 Nuclear Repulsion Energy : 344.96888249
 Energy Treshold          : 1.0e-08
 Density Treshold         : 1.0e-06
 Iteration Limit          : 50
 Guess                    : SAD
 Guess Mix                : false
 Diis                     : true
 Diis Damping             : false
 Diis Damp Parameter      : 0.02
 Diis Algorithm           : DISK
 Cutoff Treshold          : 1.0e-10
 Density Fitting          : true
 Reference                : RHF
 Die If Not Converged     : true
 Print Level              : 0
 ERI Algorithm            : INCORE
 SCF Algorithm            : ROOTHAAN




  ## SOLVATION Options ##

  | TYPE         | KEY                      | INPUT? | VALUE              | DEFAULT            
  |--------------|--------------------------|--------|--------------------|--------------------
  | INT          | NUM_Z_POINTS             | NO     | 90                 | 90                 
  | INT          | NUM_ANG_POINTS           | YES    | 100                | 100                
  | STRING       | SASA_TYPE                | YES    | NUMERIC            | NUMERIC            
  | STRING       | CHARGE_TYPE              | YES    | IAO_MULLIKEN       | IAO_MULLIKEN       
  | STRING       | CDS_TYPE                 | YES    | SMD                | SMD                
  | STRING       | SOLVENT                  | YES    | WATER              | WATER              
  | STRING       | SOLVENT_PARAMS           | YES    | MN21               | SM8                
  | STRING       | DIELECTRIC_PARAMS        | YES    | MN21               | MN21               
  | STRING       | COULOMB_RADII            | YES    | SMD                | SMD                
  | DOUBLE       | COVALENT_VW_CONST        | NO     | 0.76               | 0.76               
  | DOUBLE       | SOLVENT_RADIUS           | NO     | 0.4                | 0.4                
  | STRING       | RADIUS_TYPE              | YES    | SMD                | SMD                
  | DOUBLE       | GB_DIJ                   | NO     | 3.7                | 3.7                
  | DOUBLE       | GB_SIJ                   | NO     | 0.75               | 0.75               
  | DOUBLE       | GB_CIJ                   | NO     | 0.0                | 0.0                
  | DOUBLE       | F_PWSASA                 | NO     | 0.4535             | 0.4535             
  | DOUBLE       | SCALE_VDW                | NO     | 1.0                | 1.0                
  | DOUBLE       | SCALE_CR                 | NO     | 1.0                | 1.0                



 Sasa Type                  : NUMERIC 
 Charge Type                : IAO_MULLIKEN 
 CDS Type                   : SMD 
 Radius Type                : SMD 
 Solvent                    : WATER 
 Solvent Parameters         : MN21 
 Dielectric Parameters      : MN21 
 Coulomb Radii Parameters   : SMD 
 GB d_ij parameter          : 3.7000000000 
 GB S_ij parameter          : 0.7500000000 
 GB C_ij parameter          : 0.0000000000 
 Sclae_vdw parameter        : 1.0000000000 
 Number of z-points         : 90 
 Number of angular points   : 100 
 Number of SASA grid points : 17902 
 Solvent Dielectric Constant: 78.3553000000 

 VDW Radii:
	  1 N :       1.5500  ang
	  2 C :       1.7000  ang
	  3 C :       1.7000  ang
	  4 C :       1.7000  ang
	  5 C :       1.7000  ang
	  6 C :       1.7000  ang
	  7 C :       1.7000  ang
	  8 C :       1.7000  ang
	  9 H :       1.2000  ang
	 10 H :       1.2000  ang
	 11 H :       1.2000  ang
	 12 H :       1.2000  ang
	 13 H :       1.2000  ang
	 14 H :       1.2000  ang
	 15 H :       1.2000  ang
	 16 H :       1.2000  ang
	 17 H :       1.2000  ang

	 Computing SASA... 

 Atomic SASA values:
	  1 N :      14.1493  ang^2
	  2 C :       5.2656  ang^2
	  3 C :       5.2687  ang^2
	  4 C :       9.3426  ang^2
	  5 C :       9.1568  ang^2
	  6 C :       9.1692  ang^2
	  7 C :      11.3671  ang^2
	  8 C :      11.3671  ang^2
	  9 H :      11.7686  ang^2
	 10 H :      11.3031  ang^2
	 11 H :      12.7497  ang^2
	 12 H :      12.7192  ang^2
	 13 H :      12.7192  ang^2
	 14 H :      11.3031  ang^2
	 15 H :      12.7533  ang^2
	 16 H :      11.6356  ang^2
	 17 H :      11.6374  ang^2

	*Total SASA (angs^2): 183.6756537804 


 Coulomb Radii:
	  1 N :       1.8900  ang
	  2 C :       1.8500  ang
	  3 C :       1.8500  ang
	  4 C :       1.8500  ang
	  5 C :       1.8500  ang
	  6 C :       1.8500  ang
	  7 C :       1.8500  ang
	  8 C :       1.8500  ang
	  9 H :       1.2000  ang
	 10 H :       1.2000  ang
	 11 H :       1.2000  ang
	 12 H :       1.2000  ang
	 13 H :       1.2000  ang
	 14 H :       1.2000  ang
	 15 H :       1.2000  ang
	 16 H :       1.2000  ang
	 17 H :       1.2000  ang
 Solvent Alpha                       : 1.1700000000 

 ## Effective Born Radius (bohr) ##
   0   4.5118471516 
   1   4.8772384028 
   2   4.8772388021 
   3   4.8569505572 
   4   4.1295327592 
   5   4.1295321618 
   6   4.5903101168 
   7   4.5903117766 
   8   3.4739240939 
   9   3.2614692317 
  10   3.2005806195 
  11   3.2018265246 
  12   3.2018531465 
  13   3.2614761541 
  14   3.2005452833 
  15   3.3563566311 
  16   3.3563635934 

 Effective Born Radii:
	  1 N :       2.3876  ang
	  2 C :       2.5809  ang
	  3 C :       2.5809  ang
	  4 C :       2.5702  ang
	  5 C :       2.1853  ang
	  6 C :       2.1853  ang
	  7 C :       2.4291  ang
	  8 C :       2.4291  ang
	  9 H :       1.8383  ang
	 10 H :       1.7259  ang
	 11 H :       1.6937  ang
	 12 H :       1.6943  ang
	 13 H :       1.6943  ang
	 14 H :       1.7259  ang
	 15 H :       1.6937  ang
	 16 H :       1.7761  ang
	 17 H :       1.7761  ang


 Coulomb Integrals:
	  1  1 :       0.2216  bohr^-1
	  1  2 :       0.1627  bohr^-1
	  1  3 :       0.1627  bohr^-1
	  1  4 :       0.1524  bohr^-1
	  1  5 :       0.1293  bohr^-1
	  1  6 :       0.1293  bohr^-1
	  1  7 :       0.1984  bohr^-1
	  1  8 :       0.1984  bohr^-1
	  1  9 :       0.1298  bohr^-1
	  1 10 :       0.1277  bohr^-1
	  1 11 :       0.1166  bohr^-1
	  1 12 :       0.1164  bohr^-1
	  1 13 :       0.1164  bohr^-1
	  1 14 :       0.1277  bohr^-1
	  1 15 :       0.1166  bohr^-1
	  1 16 :       0.1937  bohr^-1
	  1 17 :       0.1937  bohr^-1
	  2  1 :       0.1627  bohr^-1
	  2  2 :       0.2050  bohr^-1
	  2  3 :       0.1588  bohr^-1
	  2  4 :       0.1863  bohr^-1
	  2  5 :       0.1955  bohr^-1
	  2  6 :       0.1272  bohr^-1
	  2  7 :       0.1906  bohr^-1
	  2  8 :       0.1528  bohr^-1
	  2  9 :       0.1841  bohr^-1
	  2 10 :       0.1871  bohr^-1
	  2 11 :       0.1879  bohr^-1
	  2 12 :       0.1879  bohr^-1
	  2 13 :       0.1218  bohr^-1
	  2 14 :       0.1124  bohr^-1
	  2 15 :       0.1217  bohr^-1
	  2 16 :       0.1857  bohr^-1
	  2 17 :       0.1303  bohr^-1
	  3  1 :       0.1627  bohr^-1
	  3  2 :       0.1588  bohr^-1
	  3  3 :       0.2050  bohr^-1
	  3  4 :       0.1863  bohr^-1
	  3  5 :       0.1272  bohr^-1
	  3  6 :       0.1955  bohr^-1
	  3  7 :       0.1528  bohr^-1
	  3  8 :       0.1906  bohr^-1
	  3  9 :       0.1841  bohr^-1
	  3 10 :       0.1124  bohr^-1
	  3 11 :       0.1217  bohr^-1
	  3 12 :       0.1218  bohr^-1
	  3 13 :       0.1879  bohr^-1
	  3 14 :       0.1871  bohr^-1
	  3 15 :       0.1879  bohr^-1
	  3 16 :       0.1303  bohr^-1
	  3 17 :       0.1857  bohr^-1
	  4  1 :       0.1524  bohr^-1
	  4  2 :       0.1863  bohr^-1
	  4  3 :       0.1863  bohr^-1
	  4  4 :       0.2059  bohr^-1
	  4  5 :       0.1630  bohr^-1
	  4  6 :       0.1630  bohr^-1
	  4  7 :       0.1631  bohr^-1
	  4  8 :       0.1631  bohr^-1
	  4  9 :       0.2237  bohr^-1
	  4 10 :       0.1418  bohr^-1
	  4 11 :       0.1610  bohr^-1
	  4 12 :       0.1613  bohr^-1
	  4 13 :       0.1613  bohr^-1
	  4 14 :       0.1418  bohr^-1
	  4 15 :       0.1609  bohr^-1
	  4 16 :       0.1431  bohr^-1
	  4 17 :       0.1431  bohr^-1
	  5  1 :       0.1293  bohr^-1
	  5  2 :       0.1955  bohr^-1
	  5  3 :       0.1272  bohr^-1
	  5  4 :       0.1630  bohr^-1
	  5  5 :       0.2422  bohr^-1
	  5  6 :       0.1023  bohr^-1
	  5  7 :       0.1655  bohr^-1
	  5  8 :       0.1182  bohr^-1
	  5  9 :       0.1678  bohr^-1
	  5 10 :       0.2454  bohr^-1
	  5 11 :       0.2471  bohr^-1
	  5 12 :       0.2471  bohr^-1
	  5 13 :       0.0995  bohr^-1
	  5 14 :       0.0888  bohr^-1
	  5 15 :       0.0993  bohr^-1
	  5 16 :       0.1690  bohr^-1
	  5 17 :       0.0986  bohr^-1
	  6  1 :       0.1293  bohr^-1
	  6  2 :       0.1272  bohr^-1
	  6  3 :       0.1955  bohr^-1
	  6  4 :       0.1630  bohr^-1
	  6  5 :       0.1023  bohr^-1
	  6  6 :       0.2422  bohr^-1
	  6  7 :       0.1182  bohr^-1
	  6  8 :       0.1655  bohr^-1
	  6  9 :       0.1678  bohr^-1
	  6 10 :       0.0888  bohr^-1
	  6 11 :       0.0993  bohr^-1
	  6 12 :       0.0995  bohr^-1
	  6 13 :       0.2471  bohr^-1
	  6 14 :       0.2454  bohr^-1
	  6 15 :       0.2471  bohr^-1
	  6 16 :       0.0986  bohr^-1
	  6 17 :       0.1690  bohr^-1
	  7  1 :       0.1984  bohr^-1
	  7  2 :       0.1906  bohr^-1
	  7  3 :       0.1528  bohr^-1
	  7  4 :       0.1631  bohr^-1
	  7  5 :       0.1655  bohr^-1
	  7  6 :       0.1182  bohr^-1
	  7  7 :       0.2179  bohr^-1
	  7  8 :       0.1687  bohr^-1
	  7  9 :       0.1436  bohr^-1
	  7 10 :       0.1708  bohr^-1
	  7 11 :       0.1491  bohr^-1
	  7 12 :       0.1487  bohr^-1
	  7 13 :       0.1091  bohr^-1
	  7 14 :       0.1098  bohr^-1
	  7 15 :       0.1091  bohr^-1
	  7 16 :       0.2324  bohr^-1
	  7 17 :       0.1481  bohr^-1
	  8  1 :       0.1984  bohr^-1
	  8  2 :       0.1528  bohr^-1
	  8  3 :       0.1906  bohr^-1
	  8  4 :       0.1631  bohr^-1
	  8  5 :       0.1182  bohr^-1
	  8  6 :       0.1655  bohr^-1
	  8  7 :       0.1687  bohr^-1
	  8  8 :       0.2179  bohr^-1
	  8  9 :       0.1436  bohr^-1
	  8 10 :       0.1098  bohr^-1
	  8 11 :       0.1091  bohr^-1
	  8 12 :       0.1091  bohr^-1
	  8 13 :       0.1487  bohr^-1
	  8 14 :       0.1708  bohr^-1
	  8 15 :       0.1491  bohr^-1
	  8 16 :       0.1481  bohr^-1
	  8 17 :       0.2324  bohr^-1
	  9  1 :       0.1298  bohr^-1
	  9  2 :       0.1841  bohr^-1
	  9  3 :       0.1841  bohr^-1
	  9  4 :       0.2237  bohr^-1
	  9  5 :       0.1678  bohr^-1
	  9  6 :       0.1678  bohr^-1
	  9  7 :       0.1436  bohr^-1
	  9  8 :       0.1436  bohr^-1
	  9  9 :       0.2879  bohr^-1
	  9 10 :       0.1351  bohr^-1
	  9 11 :       0.1716  bohr^-1
	  9 12 :       0.1725  bohr^-1
	  9 13 :       0.1725  bohr^-1
	  9 14 :       0.1351  bohr^-1
	  9 15 :       0.1716  bohr^-1
	  9 16 :       0.1213  bohr^-1
	  9 17 :       0.1213  bohr^-1
	 10  1 :       0.1277  bohr^-1
	 10  2 :       0.1871  bohr^-1
	 10  3 :       0.1124  bohr^-1
	 10  4 :       0.1418  bohr^-1
	 10  5 :       0.2454  bohr^-1
	 10  6 :       0.0888  bohr^-1
	 10  7 :       0.1708  bohr^-1
	 10  8 :       0.1098  bohr^-1
	 10  9 :       0.1351  bohr^-1
	 10 10 :       0.3066  bohr^-1
	 10 11 :       0.2299  bohr^-1
	 10 12 :       0.2298  bohr^-1
	 10 13 :       0.0852  bohr^-1
	 10 14 :       0.0786  bohr^-1
	 10 15 :       0.0851  bohr^-1
	 10 16 :       0.1927  bohr^-1
	 10 17 :       0.0915  bohr^-1
	 11  1 :       0.1166  bohr^-1
	 11  2 :       0.1879  bohr^-1
	 11  3 :       0.1217  bohr^-1
	 11  4 :       0.1610  bohr^-1
	 11  5 :       0.2471  bohr^-1
	 11  6 :       0.0993  bohr^-1
	 11  7 :       0.1491  bohr^-1
	 11  8 :       0.1091  bohr^-1
	 11  9 :       0.1716  bohr^-1
	 11 10 :       0.2299  bohr^-1
	 11 11 :       0.3124  bohr^-1
	 11 12 :       0.2313  bohr^-1
	 11 13 :       0.1000  bohr^-1
	 11 14 :       0.0851  bohr^-1
	 11 15 :       0.0947  bohr^-1
	 11 16 :       0.1457  bohr^-1
	 11 17 :       0.0907  bohr^-1
	 12  1 :       0.1164  bohr^-1
	 12  2 :       0.1879  bohr^-1
	 12  3 :       0.1218  bohr^-1
	 12  4 :       0.1613  bohr^-1
	 12  5 :       0.2471  bohr^-1
	 12  6 :       0.0995  bohr^-1
	 12  7 :       0.1487  bohr^-1
	 12  8 :       0.1091  bohr^-1
	 12  9 :       0.1725  bohr^-1
	 12 10 :       0.2298  bohr^-1
	 12 11 :       0.2313  bohr^-1
	 12 12 :       0.3123  bohr^-1
	 12 13 :       0.0953  bohr^-1
	 12 14 :       0.0852  bohr^-1
	 12 15 :       0.1000  bohr^-1
	 12 16 :       0.1451  bohr^-1
	 12 17 :       0.0907  bohr^-1
	 13  1 :       0.1164  bohr^-1
	 13  2 :       0.1218  bohr^-1
	 13  3 :       0.1879  bohr^-1
	 13  4 :       0.1613  bohr^-1
	 13  5 :       0.0995  bohr^-1
	 13  6 :       0.2471  bohr^-1
	 13  7 :       0.1091  bohr^-1
	 13  8 :       0.1487  bohr^-1
	 13  9 :       0.1725  bohr^-1
	 13 10 :       0.0852  bohr^-1
	 13 11 :       0.1000  bohr^-1
	 13 12 :       0.0953  bohr^-1
	 13 13 :       0.3123  bohr^-1
	 13 14 :       0.2298  bohr^-1
	 13 15 :       0.2313  bohr^-1
	 13 16 :       0.0907  bohr^-1
	 13 17 :       0.1451  bohr^-1
	 14  1 :       0.1277  bohr^-1
	 14  2 :       0.1124  bohr^-1
	 14  3 :       0.1871  bohr^-1
	 14  4 :       0.1418  bohr^-1
	 14  5 :       0.0888  bohr^-1
	 14  6 :       0.2454  bohr^-1
	 14  7 :       0.1098  bohr^-1
	 14  8 :       0.1708  bohr^-1
	 14  9 :       0.1351  bohr^-1
	 14 10 :       0.0786  bohr^-1
	 14 11 :       0.0851  bohr^-1
	 14 12 :       0.0852  bohr^-1
	 14 13 :       0.2298  bohr^-1
	 14 14 :       0.3066  bohr^-1
	 14 15 :       0.2299  bohr^-1
	 14 16 :       0.0915  bohr^-1
	 14 17 :       0.1927  bohr^-1
	 15  1 :       0.1166  bohr^-1
	 15  2 :       0.1217  bohr^-1
	 15  3 :       0.1879  bohr^-1
	 15  4 :       0.1609  bohr^-1
	 15  5 :       0.0993  bohr^-1
	 15  6 :       0.2471  bohr^-1
	 15  7 :       0.1091  bohr^-1
	 15  8 :       0.1491  bohr^-1
	 15  9 :       0.1716  bohr^-1
	 15 10 :       0.0851  bohr^-1
	 15 11 :       0.0947  bohr^-1
	 15 12 :       0.1000  bohr^-1
	 15 13 :       0.2313  bohr^-1
	 15 14 :       0.2299  bohr^-1
	 15 15 :       0.3124  bohr^-1
	 15 16 :       0.0907  bohr^-1
	 15 17 :       0.1457  bohr^-1
	 16  1 :       0.1937  bohr^-1
	 16  2 :       0.1857  bohr^-1
	 16  3 :       0.1303  bohr^-1
	 16  4 :       0.1431  bohr^-1
	 16  5 :       0.1690  bohr^-1
	 16  6 :       0.0986  bohr^-1
	 16  7 :       0.2324  bohr^-1
	 16  8 :       0.1481  bohr^-1
	 16  9 :       0.1213  bohr^-1
	 16 10 :       0.1927  bohr^-1
	 16 11 :       0.1457  bohr^-1
	 16 12 :       0.1451  bohr^-1
	 16 13 :       0.0907  bohr^-1
	 16 14 :       0.0915  bohr^-1
	 16 15 :       0.0907  bohr^-1
	 16 16 :       0.2979  bohr^-1
	 16 17 :       0.1261  bohr^-1
	 17  1 :       0.1937  bohr^-1
	 17  2 :       0.1303  bohr^-1
	 17  3 :       0.1857  bohr^-1
	 17  4 :       0.1431  bohr^-1
	 17  5 :       0.0986  bohr^-1
	 17  6 :       0.1690  bohr^-1
	 17  7 :       0.1481  bohr^-1
	 17  8 :       0.2324  bohr^-1
	 17  9 :       0.1213  bohr^-1
	 17 10 :       0.0915  bohr^-1
	 17 11 :       0.0907  bohr^-1
	 17 12 :       0.0907  bohr^-1
	 17 13 :       0.1451  bohr^-1
	 17 14 :       0.1927  bohr^-1
	 17 15 :       0.1457  bohr^-1
	 17 16 :       0.1261  bohr^-1
	 17 17 :       0.2979  bohr^-1
    ===> SCF Iteration Started <===

     Iter. |                   Energy |       Delta E |          Drms |
    -------|--------------------------|---------------|---------------|
         1 |      -324.15836491361461 |    -3.242e+02 |     1.455e-02 |
         2 |      -324.63640550566458 |    -4.780e-01 |     2.261e-03 | DIIS
         3 |      -324.77720039576650 |    -1.408e-01 |     1.442e-03 | DIIS
         4 |      -324.79262067893092 |    -1.542e-02 |     5.126e-04 | DIIS
         5 |      -324.79413506757464 |    -1.514e-03 |     5.526e-05 | DIIS
         6 |      -324.79424434045075 |    -1.093e-04 |     3.285e-05 | DIIS
         7 |      -324.79425214267576 |    -7.802e-06 |     1.324e-05 | DIIS
         8 |      -324.79425177495023 |     3.677e-07 |     7.029e-06 | DIIS
         9 |      -324.79425163457029 |     1.404e-07 |     3.269e-06 | DIIS
        10 |      -324.79425125925627 |     3.753e-07 |     1.570e-06 | DIIS
        11 |      -324.79425078580550 |     4.735e-07 |     9.647e-07 | DIIS
        12 |      -324.79425063988026 |     1.459e-07 |     2.141e-07 | DIIS
        13 |      -324.79425055842569 |     8.145e-08 |     1.317e-07 | DIIS
        14 |      -324.79425053454872 |     2.388e-08 |     2.167e-08 | DIIS
        15 |      -324.79425053074260 |     3.806e-09 |     6.106e-09 | DIIS


	-Alpha Occupied Orbital Energies (au):  
	 1: -15.5334313160 	 2: -11.2366920880 	 3: -11.2364952899 	 4: -11.2208767369 	 5: -11.2195560500 
	 6: -11.2189536607 	 7: -11.2101095220 	 8: -11.2100779398 	 9: -1.2263562909 	10: -1.0766061623 
	11: -1.0416524561 	12: -0.9259780664 	13: -0.9182012329 	14: -0.8191201858 	15: -0.7778353202 
	16: -0.6716959773 	17: -0.6491592982 	18: -0.5730730788 	19: -0.5638068258 	20: -0.5476426535 
	21: -0.5400698827 	22: -0.5396551881 	23: -0.5258231732 	24: -0.5142521247 	25: -0.4851603838 
	26: -0.4715427099 	27: -0.3773934330 	28: -0.3378468789 	29: -0.2987951184 
	-Alpha Virtual Orbital Energies (au):  
	30: 0.1408564607 	31: 0.1681612686 	32: 0.1943393816 	33: 0.2108839256 	34: 0.2374542281 
	35: 0.2484564134 	36: 0.2574096286 	37: 0.2750057309 	38: 0.2793923379 	39: 0.2980717844 
	40: 0.2999342730 	41: 0.3802817055 	42: 0.3935379070 	43: 0.3964209244 	44: 0.4397140720 
	45: 0.4664655283 	46: 0.5201156475 	47: 0.5382324319 	48: 0.5630536367 	49: 0.5693121564 
	50: 0.6143584415 	51: 0.6238387389 	52: 0.6730192726 	53: 0.6793449581 	54: 0.6816704402 
	55: 0.7193168346 	56: 0.7358098893 	57: 0.7452760026 	58: 0.7485799954 	59: 0.7853722621 
	60: 0.7878888302 	61: 0.7985954128 	62: 0.8151946235 	63: 0.8312274273 	64: 0.8576945263 
	65: 0.8717391064 	66: 0.8804285204 	67: 0.8870888140 	68: 0.8896508616 	69: 0.9003472368 
	70: 0.9050599007 	71: 0.9097657406 	72: 0.9447414276 	73: 0.9488527595 	74: 1.0006475682 
	75: 1.0072878693 	76: 1.0127524525 	77: 1.0593346674 	78: 1.1103727969 	79: 1.1550643271 
	80: 1.1642106102 	81: 1.1723652369 	82: 1.1843404501 	83: 1.1901722053 	84: 1.2579717699 
	85: 1.2684455990 	86: 1.2903176380 	87: 1.2953277617 	88: 1.3372681830 	89: 1.3386896463 
	90: 1.3625731410 	91: 1.3785876562 	92: 1.3972195247 	93: 1.4950262223 	94: 1.5225640161 
	95: 1.5582686089 	96: 1.5860545773 	97: 1.5891164609 	98: 1.6508978657 	99: 1.6604736056 
	100: 1.6819977142 	101: 1.6826643980 	102: 1.7185810250 	103: 1.7516918337 	104: 1.7534665971 
	105: 1.7774856852 	106: 1.7890411864 	107: 1.8526970604 	108: 1.8857042252 	109: 1.8888364509 
	110: 1.8974829039 	111: 1.9204564919 	112: 1.9275722753 	113: 1.9412178300 	114: 1.9433984054 
	115: 1.9573401970 	116: 1.9696867176 	117: 2.0056309363 	118: 2.0124252626 	119: 2.0253503582 
	120: 2.0448617850 	121: 2.0544451041 	122: 2.0735149753 	123: 2.1305962495 	124: 2.1616004072 
	125: 2.2011909603 	126: 2.2029060366 	127: 2.2598632845 	128: 2.2713490789 	129: 2.3089809702 
	130: 2.3152997652 	131: 2.3233216895 	132: 2.3592386520 	133: 2.3983454604 	134: 2.4334033989 
	135: 2.4605768644 	136: 2.4970687805 	137: 2.4984961999 	138: 2.5389342002 	139: 2.5521836850 
	140: 2.5944064120 	141: 2.6827771479 	142: 2.7217973370 	143: 2.7589844881 	144: 2.7592429014 
	145: 2.7665621392 	146: 2.8104781265 	147: 2.8451285306 	148: 2.8625076007 	149: 2.8951393154 
	150: 2.9210052120 	151: 2.9735825632 	152: 3.1137450617 	153: 3.1516589944 	154: 3.1839169318 
	155: 3.2524632948 	156: 3.2609247859 	157: 3.7249913511 


	-Mulliken Population Analysis for SCF:
	 1: -0.3416169950 	 2: -0.3332700770 	 3: -0.3350385153 	 4: 0.1228801034 	 5: 0.0781053633 
	 6: 0.0784784637 	 7: 0.2050583821 	 8: 0.2060541885 	 9: 0.0039734926 	10: 0.0347945925 
	11: 0.0494218556 	12: 0.0488091905 	13: 0.0487967221 	14: 0.0347374997 	15: 0.0494344904 
	16: 0.0246547538 	17: 0.0247264891 

	-Lowdin Population Analysis for SCF:  
	 1: 0.0063710609 	 2: -0.0587279341 	 3: -0.0591211313 	 4: 0.0020649643 	 5: -0.0348830019 
	 6: -0.0347846606 	 7: -0.0340696504 	 8: -0.0338578823 	 9: 0.0251249716 	10: 0.0291700341 
	11: 0.0313857387 	12: 0.0311934785 	13: 0.0311956751 	14: 0.0291466518 	15: 0.0313955443 
	16: 0.0191757370 	17: 0.0192204042 

	-Electronic Dipole Moment: (e a0)  
	 X:  0.00012   Y:  -4.71964   Z:  0.00005   Total:  4.71964 

	-Electronic Dipole Moment: (D)  
	 X:  0.00031   Y:  -11.99613   Z:  0.00014   Total:  11.99613 

	-Total Dipole Moment: (e a0)  
	 X:  0.00014   Y:  1.01716   Z:  -0.00002   Total:  1.01716 

	-Total Dipole Moment: (D)  
	 X:  0.00035   Y:  2.58537   Z:  -0.00006   Total:  2.58537 



	Initializing Liboeprop (by U. Bozkaya) ...


	-Mulliken Population Analysis for SCF-IAO:
	 1: -0.2997914385 	 2: -0.0115112292 	 3: -0.0123179681 	 4: -0.1257352434 	 5: -0.3694880946 
	 6: -0.3692933391 	 7: 0.0003413593 	 8: 0.0008016903 	 9: 0.1302444654 	10: 0.1297573203 
	11: 0.1325360344 	12: 0.1323674313 	13: 0.1323703095 	14: 0.1297122557 	15: 0.1325460098 
	16: 0.1337980127 	17: 0.1338672093 

	-Lowdin Population Analysis for SCF-IAO:  
	 1: -0.2997914385 	 2: -0.0115112292 	 3: -0.0123179681 	 4: -0.1257352434 	 5: -0.3694880946 
	 6: -0.3692933391 	 7: 0.0003413593 	 8: 0.0008016903 	 9: 0.1302444654 	10: 0.1297573203 
	11: 0.1325360344 	12: 0.1323674313 	13: 0.1323703095 	14: 0.1297122557 	15: 0.1325460098 
	16: 0.1337980127 	17: 0.1338672093 

	Initializing Liblocal (by U. Bozkaya) ...
  ==> Pipek-Mezey Localizer <==

    Convergence =   1.000E-08
    Maxiter     =          50

    Iteration                   Metric       Residual
    PM    0   1.5169046498519101E+01              -
    PM    1   3.0091706162047632E+01   9.837573E-01
    PM    2   3.6188236238752459E+01   2.025984E-01
    PM    3   3.6550637383044958E+01   1.001434E-02
    PM    4   3.6555365234618186E+01   1.293507E-04
    PM    5   3.6556864551025456E+01   4.101495E-05
    PM    6   3.6559175470948183E+01   6.321439E-05
    PM    7   3.6563573911102651E+01   1.203102E-04
    PM    8   3.6568359998135954E+01   1.308977E-04
    PM    9   3.6574830701607027E+01   1.769481E-04
    PM   10   3.6580712741215244E+01   1.608221E-04
    PM   11   3.6587481457750265E+01   1.850351E-04
    PM   12   3.6594932230748739E+01   2.036427E-04
    PM   13   3.6603407969402056E+01   2.316096E-04
    PM   14   3.6608960623198350E+01   1.516977E-04
    PM   15   3.6615934228274178E+01   1.904890E-04
    PM   16   3.6620063170981581E+01   1.127635E-04
    PM   17   3.6623182896071668E+01   8.519169E-05
    PM   18   3.6624887425725518E+01   4.654237E-05
    PM   19   3.6626235161811458E+01   3.679837E-05
    PM   20   3.6626957986728591E+01   1.973517E-05
    PM   21   3.6627480377989194E+01   1.426248E-05
    PM   22   3.6627961128958070E+01   1.312542E-05
    PM   23   3.6628228608694592E+01   7.302611E-06
    PM   24   3.6628419384836782E+01   5.208446E-06
    PM   25   3.6628561056237579E+01   3.867800E-06
    PM   26   3.6628630205823903E+01   1.887860E-06
    PM   27   3.6628690328209586E+01   1.641404E-06
    PM   28   3.6628718055214982E+01   7.569751E-07
    PM   29   3.6628745057209940E+01   7.371810E-07
    PM   30   3.6628760490257527E+01   4.213371E-07
    PM   31   3.6628769834491635E+01   2.551065E-07
    PM   32   3.6628774197581258E+01   1.191165E-07
    PM   33   3.6628777418644660E+01   8.793806E-08
    PM   34   3.6628779790315825E+01   6.474885E-08
    PM   35   3.6628781019593212E+01   3.356042E-08
    PM   36   3.6628782157306048E+01   3.106063E-08
    PM   37   3.6628782776037504E+01   1.689195E-08
    PM   38   3.6628783199754437E+01   1.156787E-08
    PM   39   3.6628783485240014E+01   7.794023E-09

    PM Localizer converged.



	*Molecular contr. to CDS energy:       0.0000  kcal/mol
	*Total CDS energy:       2.1438  kcal/mol
	*SCF::Polarization Free Energy (au)      : -0.0042571230 
	*SCF::Polarization Free Energy (kcal/mol):      -2.6714 
	*SCF::CDS Free Energy (au)      : 0.0034164039 
	*SCF::CDS Free Energy (kcal/mol):       2.1438 
	*SCF::Total Solvation Free Energy (au)      : -0.0008407191 
	*SCF::Total Solvation Free Energy (kcal/mol):      -0.5276 
 CC-PVDZ primary basis set file will be read for the N atom...
 CC-PVDZ primary basis set file will be read for the C atom...
 CC-PVDZ primary basis set file will be read for the H atom...
 Nmaxthread: 24 
 Nshell: 75 
 Lmax:  2 
 Npmax:  8 
 Nao: 157 
 Ndocc: 29 
 Nsocc:  0 
 NoccA: 29 
 NoccB: 29 
 Primary basis set info has been read.

 CC-PVDZ-JKFIT aux basis set file will be read for the N atom...
 CC-PVDZ-JKFIT aux basis set file will be read for the C atom...
 CC-PVDZ-JKFIT aux basis set file will be read for the H atom...
 Nshell_aux: 273 
 Naux: 767 
 Aux basis set info has been read.


	*Total SCF Energy: -324.79425053074260

 Cpu time for SCF :       1.9322 minutes
 Wall time for SCF:       0.8402 minutes


	MO spaces... 

	 FC   OCC   VIR   FV 
	----------------------
	  8   21   128    0


	Libtrans is initialized (by U. Bozkaya) ...

 ============================================================================== 
 ============================================================================== 
 ============================================================================== 

                       DF-MP2   
              Program Written by Ugur Bozkaya
              Latest Revision May 2, 2021

 ============================================================================== 
 ============================================================================== 
 ============================================================================== 

	For this residual convergence, default PCG convergence is:     1.00e-07
    Warning: "PCG_CONVERGENCE" option is changed to     1.00e-07


  ## DFOCC Options ##

  | TYPE         | KEY                      | INPUT? | VALUE              | DEFAULT            
  |--------------|--------------------------|--------|--------------------|--------------------
  | BOOL         | EOM                      | NO     | FALSE              | FALSE              
  | BOOL         | EOM_MP2                  | NO     | FALSE              | FALSE              
  | BOOL         | EOM_MP3                  | NO     | FALSE              | FALSE              
  | BOOL         | EOM_MP2_5                | NO     | FALSE              | FALSE              
  | BOOL         | EOM_LCCD                 | NO     | FALSE              | FALSE              
  | BOOL         | LOW_MEM_MP2              | NO     | FALSE              | FALSE              
  | BOOL         | LOW_MEM_MP3              | NO     | FALSE              | FALSE              
  | BOOL         | CD_PRESCREEN             | NO     | FALSE              | FALSE              
  | DOUBLE       | CIS_E_CONV               | NO     | 1e-06              | 1e-06              
  | DOUBLE       | CIS_R_CONV               | NO     | 1e-06              | 1e-06              
  | DOUBLE       | CIS_RES_PRECONDITION_TOL | NO     | 0.0001             | 0.0001             
  | DOUBLE       | DAVIDSON_TOLERANCE       | NO     | 1e-06              | 1e-06              
  | DOUBLE       | E3_SCALE                 | NO     | 0.25               | 0.25               
  | DOUBLE       | E_CONVERGENCE            | NO     | 1e-06              | 1e-06              
  | DOUBLE       | JK_MEMORY                | NO     | 1000000000.0       | 1000000000.0       
  | DOUBLE       | LEVEL_SHIFT              | NO     | 0.02               | 0.02               
  | DOUBLE       | MAX_MOGRAD_CONVERGENCE   | NO     | 0.001              | 0.001              
  | DOUBLE       | MO_STEP_MAX              | NO     | 0.5                | 0.5                
  | DOUBLE       | MP2_OS_SCALE             | NO     | 1.2                | 1.2                
  | DOUBLE       | MP2_SOS_SCALE            | NO     | 1.3                | 1.3                
  | DOUBLE       | MP2_SOS_SCALE2           | NO     | 1.2                | 1.2                
  | DOUBLE       | MP2_SS_SCALE             | NO     | 0.3333333333333333 | 0.3333333333333333 
  | DOUBLE       | OCC_PERCENTAGE           | NO     | 99.0               | 99.0               
  | DOUBLE       | OCC_TOLERANCE            | NO     | 1e-05              | 1e-05              
  | DOUBLE       | OO_SCALE                 | NO     | 0.01               | 0.01               
  | DOUBLE       | PCG_CONVERGENCE          | NO     | 1e-06              | 1e-06              
  | DOUBLE       | R_CONVERGENCE            | NO     | 1e-05              | 1e-05              
  | DOUBLE       | REG_PARAM                | NO     | 0.4                | 0.4                
  | DOUBLE       | KAPPA_REG_PARAM          | NO     | 1.1                | 1.1                
  | DOUBLE       | RMS_MOGRAD_CONVERGENCE   | NO     | 1e-06              | 1e-06              
  | DOUBLE       | SCG_TOLERANCE            | NO     | 1e-06              | 1e-06              
  | DOUBLE       | SCHMIDT_ADD_RES_TOL      | NO     | 0.001              | 0.001              
  | INT          | ACTIVE_NAT_ORBS          | NO     | 2                  | 2                  
  | INT          | CC_DIIS_MAX_VECS         | NO     | 6                  | 6                  
  | INT          | CC_DIIS_MIN_VECS         | NO     | 2                  | 2                  
  | INT          | CC_MAXITER               | NO     | 50                 | 50                 
  | INT          | CUTOFF                   | NO     | 8                  | 8                  
  | INT          | EXCITATION_RANGE         | NO     | 2                  | 2                  
  | INT          | FOLLOW_ROOT              | NO     | 1                  | 1                  
  | INT          | INTEGRAL_CUTOFF          | NO     | 9                  | 9                  
  | INT          | MAX_VECS                 | NO     | 50                 | 50                 
  | INT          | MO_DIIS_NUM_VECS         | NO     | 6                  | 6                  
  | INT          | MO_MAXITER               | NO     | 50                 | 50                 
  | INT          | NUM_ROOTS                | NO     | 4                  | 4                  
  | INT          | PCG_MAXITER              | NO     | 50                 | 50                 
  | INT          | PRINT_LEVEL              | NO     | 0                  | 0                  
  | INT          | VECS_PER_ROOT            | NO     | 1                  | 1                  
  | STRING       | CC_LAMBDA                | NO     | FALSE              | FALSE              
  | STRING       | CHOLESKY                 | NO     | FALSE              | FALSE              
  | STRING       | CIS_ALGORITHM            | NO     | MO_BASIS           | MO_BASIS           
  | STRING       | CIS_GUESS_COEFF          | NO     | MIX                | MIX                
  | STRING       | COMPUT_S2                | NO     | FALSE              | FALSE              
  | STRING       | DIAG_METHOD              | NO     | DAVIDSON           | DAVIDSON           
  | STRING       | DO_DIIS                  | NO     | TRUE               | TRUE               
  | STRING       | DO_LEVEL_SHIFT           | NO     | TRUE               | TRUE               
  | STRING       | DO_SCS                   | NO     | FALSE              | FALSE              
  | STRING       | DO_SOS                   | NO     | FALSE              | FALSE              
  | STRING       | EKT_IP                   | NO     | FALSE              | FALSE              
  | STRING       | FREEZE_CORE              | NO     | TRUE               | TRUE               
  | STRING       | HESS_TYPE                | NO     | HF                 | HF                 
  | STRING       | JK_TYPE                  | NO     | DIRECT             | DIRECT             
  | STRING       | LINEQ_SOLVER             | NO     | CDGESV             | CDGESV             
  | STRING       | MO_READ                  | NO     | FALSE              | FALSE              
  | STRING       | MO_WRITE                 | NO     | FALSE              | FALSE              
  | STRING       | MP2_AMP_TYPE             | NO     | DIRECT             | DIRECT             
  | STRING       | NAT_ORBS                 | NO     | FALSE              | FALSE              
  | STRING       | NBO                      | NO     | TRUE               | TRUE               
  | STRING       | OCC_ORBS_PRINT           | NO     | FALSE              | FALSE              
  | STRING       | OEPROP                   | NO     | FALSE              | FALSE              
  | STRING       | OPT_METHOD               | NO     | QNR                | QNR                
  | STRING       | ORB_RESP_SOLVER          | NO     | PCG                | PCG                
  | STRING       | ORTH_TYPE                | NO     | MGS                | MGS                
  | STRING       | PCG_BETA_TYPE            | NO     | FLETCHER_REEVES    | FLETCHER_REEVES    
  | STRING       | PPL_TYPE                 | NO     | AUTO               | AUTO               
  | STRING       | PRINT_CI_VECS            | NO     | FALSE              | FALSE              
  | STRING       | QCHF                     | NO     | FALSE              | FALSE              
  | STRING       | READ_SCF_3INDEX          | NO     | TRUE               | TRUE               
  | STRING       | REGULARIZATION           | NO     | FALSE              | FALSE              
  | STRING       | REG_TYPE                 | NO     | NORMAL             | NORMAL             
  | STRING       | SCS_TYPE                 | NO     | SCS                | SCS                
  | STRING       | SOS_TYPE                 | NO     | SOS                | SOS                
  | STRING       | TRIPLES_IABC_TYPE        | NO     | DISK               | DISK               
  | STRING       | UNIT_GUESS_TYPE          | NO     | GEN                | GEN                
  | STRING       | EKT_NEGATIVE_OCC         | NO     | ABS                | ABS                
  | BOOL         | SOLVATION                | YES    | TRUE               | FALSE              

	MO spaces... 

	 FC   OCC   VIR   FV 
	----------------------
	  8   21   128    0
 CC-PVDZ primary basis set file will be read for the N atom...
 CC-PVDZ primary basis set file will be read for the C atom...
 CC-PVDZ primary basis set file will be read for the H atom...
 Nmaxthread: 24 
 Nshell: 75 
 Lmax:  2 
 Npmax:  8 
 Nao: 157 
 Ndocc: 29 
 Nsocc:  0 
 NoccA: 29 
 NoccB: 29 
 Primary basis set info has been read.

 CC-PVDZ-RI aux basis set file will be read for the N atom...
 CC-PVDZ-RI aux basis set file will be read for the C atom...
 CC-PVDZ-RI aux basis set file will be read for the H atom...
 Nshell_aux: 198 
 Naux: 574 
 Aux basis set info has been read.

 Cpu time for Metric ints :       0.5600 s
 Wall time for Metric ints:       0.3134 s
 3-Index Algorithm: AUTO 

 Calling fortran integrals: ringing... 
 Done with fintegrals.

 Cpu time for 3-index ints :       6.6500 s
 Wall time for 3-index ints:       2.1210 s
 Cpu time for df-factors :       0.4400 s
 Wall time for df-factors:       0.1244 s
 CC-PVDZ primary basis set file will be read for the N atom...
 CC-PVDZ primary basis set file will be read for the C atom...
 CC-PVDZ primary basis set file will be read for the H atom...
 Nmaxthread: 24 
 Nshell: 75 
 Lmax:  2 
 Npmax:  8 
 Nao: 157 
 Ndocc: 29 
 Nsocc:  0 
 NoccA: 29 
 NoccB: 29 
 Primary basis set info has been read.

 CC-PVDZ-JKFIT aux basis set file will be read for the N atom...
 CC-PVDZ-JKFIT aux basis set file will be read for the C atom...
 CC-PVDZ-JKFIT aux basis set file will be read for the H atom...
 Nshell_aux: 273 
 Naux: 767 
 Aux basis set info has been read.

	Reading DF integrals from disk ...
 Cpu time for Metric ints :       1.3700 s
 Wall time for Metric ints:       0.5065 s
	Number of basis functions in the DF-HF basis: 767
	Number of basis functions in the DF-CC basis: 574

	Available memory                      :  30000.00 MB 
	Minimum required memory for amplitudes:    173.41 MB 
	Memory requirement for B-CC (Q|mu nu) :    113.19 MB 
	Memory requirement for B-CC (Q|ab)    :     75.24 MB 
	Memory requirement for DF-CC int trans:    205.47 MB 

	Computing DF-MP2 energy using SCF MOs (Canonical DF-MP2)... 
	======================================================================= 
	Nuclear Repulsion Energy (a.u.)    :   344.96885936756757
	DF-HF Energy (a.u.)                :  -324.79425053074260
	REF Energy (a.u.)                  :  -324.79425053074260
	DF-MP2 Correlation Energy (a.u.)   :    -1.10691164066585
	DF-MP2 Total Energy (a.u.)         :  -325.90116217140843
	======================================================================= 

	*Total MP2 Energy: -325.90116217140843

	Computing unrelaxed response density matrices...
	Number of independent-pairs: 3712
	Computing the generalized Fock matrix (GFM)...
	Computing the orbital gradient...
	Forming effective orbital gradient...
	Solving orbital Z-vector equations...

	            PCG Solver 
	   ------------------------------ 
	Iter     RMS Z Vector        RMS Residual  
	----    ---------------    ---------------
	  1         1.10e-03         6.64e-04
	  2         7.59e-04         4.53e-04
	  3         2.71e-04         1.94e-04
	  4         1.40e-04         5.39e-05
	  5         1.81e-05         1.47e-05
	  6         7.14e-06         4.45e-06
	  7         1.54e-06         1.46e-06
	  8         6.51e-07         4.78e-07
	  9         2.02e-07         9.23e-08
	 10         4.29e-08         3.41e-08

	Computing the relaxed PDMs and GFM...
	Compute solv. is starting ...

	Initializing Liboeprop (by U. Bozkaya) ...


	-Mulliken Population Analysis for MP2-IAO:
	 1: -0.0674330342 	 2: 0.1771607004 	 3: 0.1763655966 	 4: -0.1044643771 	 5: -0.2342793429 
	 6: -0.2340806613 	 7: -0.0309973820 	 8: -0.0305466845 	 9: 0.0665160560 	10: 0.0794427076 
	11: 0.0780918176 	12: 0.0780618968 	13: 0.0780726222 	14: 0.0793859019 	15: 0.0781028889 
	16: 0.0601620018 	17: 0.0602488934 

	-Lowdin Population Analysis for MP2-IAO:  
	 1: -0.0674330342 	 2: 0.1771607004 	 3: 0.1763655966 	 4: -0.1044643771 	 5: -0.2342793429 
	 6: -0.2340806613 	 7: -0.0309973820 	 8: -0.0305466845 	 9: 0.0665160560 	10: 0.0794427076 
	11: 0.0780918176 	12: 0.0780618968 	13: 0.0780726222 	14: 0.0793859019 	15: 0.0781028889 
	16: 0.0601620018 	17: 0.0602488934 


  ## SOLVATION Options ##

  | TYPE         | KEY                      | INPUT? | VALUE              | DEFAULT            
  |--------------|--------------------------|--------|--------------------|--------------------
  | INT          | NUM_Z_POINTS             | NO     | 90                 | 90                 
  | INT          | NUM_ANG_POINTS           | YES    | 100                | 100                
  | STRING       | SASA_TYPE                | YES    | NUMERIC            | NUMERIC            
  | STRING       | CHARGE_TYPE              | YES    | IAO_MULLIKEN       | IAO_MULLIKEN       
  | STRING       | CDS_TYPE                 | YES    | SMD                | SMD                
  | STRING       | SOLVENT                  | YES    | WATER              | WATER              
  | STRING       | SOLVENT_PARAMS           | YES    | MN21               | SM8                
  | STRING       | DIELECTRIC_PARAMS        | YES    | MN21               | MN21               
  | STRING       | COULOMB_RADII            | YES    | SMD                | SMD                
  | DOUBLE       | COVALENT_VW_CONST        | NO     | 0.76               | 0.76               
  | DOUBLE       | SOLVENT_RADIUS           | NO     | 0.4                | 0.4                
  | STRING       | RADIUS_TYPE              | YES    | SMD                | SMD                
  | DOUBLE       | GB_DIJ                   | NO     | 3.7                | 3.7                
  | DOUBLE       | GB_SIJ                   | NO     | 0.75               | 0.75               
  | DOUBLE       | GB_CIJ                   | NO     | 0.0                | 0.0                
  | DOUBLE       | F_PWSASA                 | NO     | 0.4535             | 0.4535             
  | DOUBLE       | SCALE_VDW                | NO     | 1.0                | 1.0                
  | DOUBLE       | SCALE_CR                 | NO     | 1.0                | 1.0                



 Sasa Type                  : NUMERIC 
 Charge Type                : IAO_MULLIKEN 
 CDS Type                   : SMD 
 Radius Type                : SMD 
 Solvent                    : WATER 
 Solvent Parameters         : MN21 
 Dielectric Parameters      : MN21 
 Coulomb Radii Parameters   : SMD 
 GB d_ij parameter          : 3.7000000000 
 GB S_ij parameter          : 0.7500000000 
 GB C_ij parameter          : 0.0000000000 
 Sclae_vdw parameter        : 1.0000000000 
 Number of z-points         : 90 
 Number of angular points   : 100 
 Number of SASA grid points : 17902 
 Solvent Dielectric Constant: 78.3553000000 

 VDW Radii:
	  1 N :       1.5500  ang
	  2 C :       1.7000  ang
	  3 C :       1.7000  ang
	  4 C :       1.7000  ang
	  5 C :       1.7000  ang
	  6 C :       1.7000  ang
	  7 C :       1.7000  ang
	  8 C :       1.7000  ang
	  9 H :       1.2000  ang
	 10 H :       1.2000  ang
	 11 H :       1.2000  ang
	 12 H :       1.2000  ang
	 13 H :       1.2000  ang
	 14 H :       1.2000  ang
	 15 H :       1.2000  ang
	 16 H :       1.2000  ang
	 17 H :       1.2000  ang

	 Computing SASA... 

 Atomic SASA values:
	  1 N :      14.1493  ang^2
	  2 C :       5.2656  ang^2
	  3 C :       5.2687  ang^2
	  4 C :       9.3426  ang^2
	  5 C :       9.1568  ang^2
	  6 C :       9.1692  ang^2
	  7 C :      11.3671  ang^2
	  8 C :      11.3671  ang^2
	  9 H :      11.7686  ang^2
	 10 H :      11.3031  ang^2
	 11 H :      12.7497  ang^2
	 12 H :      12.7192  ang^2
	 13 H :      12.7192  ang^2
	 14 H :      11.3031  ang^2
	 15 H :      12.7533  ang^2
	 16 H :      11.6356  ang^2
	 17 H :      11.6374  ang^2

	*Total SASA (angs^2): 183.6756537804 


 Coulomb Radii:
	  1 N :       1.8900  ang
	  2 C :       1.8500  ang
	  3 C :       1.8500  ang
	  4 C :       1.8500  ang
	  5 C :       1.8500  ang
	  6 C :       1.8500  ang
	  7 C :       1.8500  ang
	  8 C :       1.8500  ang
	  9 H :       1.2000  ang
	 10 H :       1.2000  ang
	 11 H :       1.2000  ang
	 12 H :       1.2000  ang
	 13 H :       1.2000  ang
	 14 H :       1.2000  ang
	 15 H :       1.2000  ang
	 16 H :       1.2000  ang
	 17 H :       1.2000  ang
 Solvent Alpha                       : 1.1700000000 

 ## Effective Born Radius (bohr) ##
   0   4.5118471516 
   1   4.8772384028 
   2   4.8772388021 
   3   4.8569505572 
   4   4.1295327592 
   5   4.1295321618 
   6   4.5903101168 
   7   4.5903117766 
   8   3.4739240939 
   9   3.2614692317 
  10   3.2005806195 
  11   3.2018265246 
  12   3.2018531465 
  13   3.2614761541 
  14   3.2005452833 
  15   3.3563566311 
  16   3.3563635934 

 Effective Born Radii:
	  1 N :       2.3876  ang
	  2 C :       2.5809  ang
	  3 C :       2.5809  ang
	  4 C :       2.5702  ang
	  5 C :       2.1853  ang
	  6 C :       2.1853  ang
	  7 C :       2.4291  ang
	  8 C :       2.4291  ang
	  9 H :       1.8383  ang
	 10 H :       1.7259  ang
	 11 H :       1.6937  ang
	 12 H :       1.6943  ang
	 13 H :       1.6943  ang
	 14 H :       1.7259  ang
	 15 H :       1.6937  ang
	 16 H :       1.7761  ang
	 17 H :       1.7761  ang


 Coulomb Integrals:
	  1  1 :       0.2216  bohr^-1
	  1  2 :       0.1627  bohr^-1
	  1  3 :       0.1627  bohr^-1
	  1  4 :       0.1524  bohr^-1
	  1  5 :       0.1293  bohr^-1
	  1  6 :       0.1293  bohr^-1
	  1  7 :       0.1984  bohr^-1
	  1  8 :       0.1984  bohr^-1
	  1  9 :       0.1298  bohr^-1
	  1 10 :       0.1277  bohr^-1
	  1 11 :       0.1166  bohr^-1
	  1 12 :       0.1164  bohr^-1
	  1 13 :       0.1164  bohr^-1
	  1 14 :       0.1277  bohr^-1
	  1 15 :       0.1166  bohr^-1
	  1 16 :       0.1937  bohr^-1
	  1 17 :       0.1937  bohr^-1
	  2  1 :       0.1627  bohr^-1
	  2  2 :       0.2050  bohr^-1
	  2  3 :       0.1588  bohr^-1
	  2  4 :       0.1863  bohr^-1
	  2  5 :       0.1955  bohr^-1
	  2  6 :       0.1272  bohr^-1
	  2  7 :       0.1906  bohr^-1
	  2  8 :       0.1528  bohr^-1
	  2  9 :       0.1841  bohr^-1
	  2 10 :       0.1871  bohr^-1
	  2 11 :       0.1879  bohr^-1
	  2 12 :       0.1879  bohr^-1
	  2 13 :       0.1218  bohr^-1
	  2 14 :       0.1124  bohr^-1
	  2 15 :       0.1217  bohr^-1
	  2 16 :       0.1857  bohr^-1
	  2 17 :       0.1303  bohr^-1
	  3  1 :       0.1627  bohr^-1
	  3  2 :       0.1588  bohr^-1
	  3  3 :       0.2050  bohr^-1
	  3  4 :       0.1863  bohr^-1
	  3  5 :       0.1272  bohr^-1
	  3  6 :       0.1955  bohr^-1
	  3  7 :       0.1528  bohr^-1
	  3  8 :       0.1906  bohr^-1
	  3  9 :       0.1841  bohr^-1
	  3 10 :       0.1124  bohr^-1
	  3 11 :       0.1217  bohr^-1
	  3 12 :       0.1218  bohr^-1
	  3 13 :       0.1879  bohr^-1
	  3 14 :       0.1871  bohr^-1
	  3 15 :       0.1879  bohr^-1
	  3 16 :       0.1303  bohr^-1
	  3 17 :       0.1857  bohr^-1
	  4  1 :       0.1524  bohr^-1
	  4  2 :       0.1863  bohr^-1
	  4  3 :       0.1863  bohr^-1
	  4  4 :       0.2059  bohr^-1
	  4  5 :       0.1630  bohr^-1
	  4  6 :       0.1630  bohr^-1
	  4  7 :       0.1631  bohr^-1
	  4  8 :       0.1631  bohr^-1
	  4  9 :       0.2237  bohr^-1
	  4 10 :       0.1418  bohr^-1
	  4 11 :       0.1610  bohr^-1
	  4 12 :       0.1613  bohr^-1
	  4 13 :       0.1613  bohr^-1
	  4 14 :       0.1418  bohr^-1
	  4 15 :       0.1609  bohr^-1
	  4 16 :       0.1431  bohr^-1
	  4 17 :       0.1431  bohr^-1
	  5  1 :       0.1293  bohr^-1
	  5  2 :       0.1955  bohr^-1
	  5  3 :       0.1272  bohr^-1
	  5  4 :       0.1630  bohr^-1
	  5  5 :       0.2422  bohr^-1
	  5  6 :       0.1023  bohr^-1
	  5  7 :       0.1655  bohr^-1
	  5  8 :       0.1182  bohr^-1
	  5  9 :       0.1678  bohr^-1
	  5 10 :       0.2454  bohr^-1
	  5 11 :       0.2471  bohr^-1
	  5 12 :       0.2471  bohr^-1
	  5 13 :       0.0995  bohr^-1
	  5 14 :       0.0888  bohr^-1
	  5 15 :       0.0993  bohr^-1
	  5 16 :       0.1690  bohr^-1
	  5 17 :       0.0986  bohr^-1
	  6  1 :       0.1293  bohr^-1
	  6  2 :       0.1272  bohr^-1
	  6  3 :       0.1955  bohr^-1
	  6  4 :       0.1630  bohr^-1
	  6  5 :       0.1023  bohr^-1
	  6  6 :       0.2422  bohr^-1
	  6  7 :       0.1182  bohr^-1
	  6  8 :       0.1655  bohr^-1
	  6  9 :       0.1678  bohr^-1
	  6 10 :       0.0888  bohr^-1
	  6 11 :       0.0993  bohr^-1
	  6 12 :       0.0995  bohr^-1
	  6 13 :       0.2471  bohr^-1
	  6 14 :       0.2454  bohr^-1
	  6 15 :       0.2471  bohr^-1
	  6 16 :       0.0986  bohr^-1
	  6 17 :       0.1690  bohr^-1
	  7  1 :       0.1984  bohr^-1
	  7  2 :       0.1906  bohr^-1
	  7  3 :       0.1528  bohr^-1
	  7  4 :       0.1631  bohr^-1
	  7  5 :       0.1655  bohr^-1
	  7  6 :       0.1182  bohr^-1
	  7  7 :       0.2179  bohr^-1
	  7  8 :       0.1687  bohr^-1
	  7  9 :       0.1436  bohr^-1
	  7 10 :       0.1708  bohr^-1
	  7 11 :       0.1491  bohr^-1
	  7 12 :       0.1487  bohr^-1
	  7 13 :       0.1091  bohr^-1
	  7 14 :       0.1098  bohr^-1
	  7 15 :       0.1091  bohr^-1
	  7 16 :       0.2324  bohr^-1
	  7 17 :       0.1481  bohr^-1
	  8  1 :       0.1984  bohr^-1
	  8  2 :       0.1528  bohr^-1
	  8  3 :       0.1906  bohr^-1
	  8  4 :       0.1631  bohr^-1
	  8  5 :       0.1182  bohr^-1
	  8  6 :       0.1655  bohr^-1
	  8  7 :       0.1687  bohr^-1
	  8  8 :       0.2179  bohr^-1
	  8  9 :       0.1436  bohr^-1
	  8 10 :       0.1098  bohr^-1
	  8 11 :       0.1091  bohr^-1
	  8 12 :       0.1091  bohr^-1
	  8 13 :       0.1487  bohr^-1
	  8 14 :       0.1708  bohr^-1
	  8 15 :       0.1491  bohr^-1
	  8 16 :       0.1481  bohr^-1
	  8 17 :       0.2324  bohr^-1
	  9  1 :       0.1298  bohr^-1
	  9  2 :       0.1841  bohr^-1
	  9  3 :       0.1841  bohr^-1
	  9  4 :       0.2237  bohr^-1
	  9  5 :       0.1678  bohr^-1
	  9  6 :       0.1678  bohr^-1
	  9  7 :       0.1436  bohr^-1
	  9  8 :       0.1436  bohr^-1
	  9  9 :       0.2879  bohr^-1
	  9 10 :       0.1351  bohr^-1
	  9 11 :       0.1716  bohr^-1
	  9 12 :       0.1725  bohr^-1
	  9 13 :       0.1725  bohr^-1
	  9 14 :       0.1351  bohr^-1
	  9 15 :       0.1716  bohr^-1
	  9 16 :       0.1213  bohr^-1
	  9 17 :       0.1213  bohr^-1
	 10  1 :       0.1277  bohr^-1
	 10  2 :       0.1871  bohr^-1
	 10  3 :       0.1124  bohr^-1
	 10  4 :       0.1418  bohr^-1
	 10  5 :       0.2454  bohr^-1
	 10  6 :       0.0888  bohr^-1
	 10  7 :       0.1708  bohr^-1
	 10  8 :       0.1098  bohr^-1
	 10  9 :       0.1351  bohr^-1
	 10 10 :       0.3066  bohr^-1
	 10 11 :       0.2299  bohr^-1
	 10 12 :       0.2298  bohr^-1
	 10 13 :       0.0852  bohr^-1
	 10 14 :       0.0786  bohr^-1
	 10 15 :       0.0851  bohr^-1
	 10 16 :       0.1927  bohr^-1
	 10 17 :       0.0915  bohr^-1
	 11  1 :       0.1166  bohr^-1
	 11  2 :       0.1879  bohr^-1
	 11  3 :       0.1217  bohr^-1
	 11  4 :       0.1610  bohr^-1
	 11  5 :       0.2471  bohr^-1
	 11  6 :       0.0993  bohr^-1
	 11  7 :       0.1491  bohr^-1
	 11  8 :       0.1091  bohr^-1
	 11  9 :       0.1716  bohr^-1
	 11 10 :       0.2299  bohr^-1
	 11 11 :       0.3124  bohr^-1
	 11 12 :       0.2313  bohr^-1
	 11 13 :       0.1000  bohr^-1
	 11 14 :       0.0851  bohr^-1
	 11 15 :       0.0947  bohr^-1
	 11 16 :       0.1457  bohr^-1
	 11 17 :       0.0907  bohr^-1
	 12  1 :       0.1164  bohr^-1
	 12  2 :       0.1879  bohr^-1
	 12  3 :       0.1218  bohr^-1
	 12  4 :       0.1613  bohr^-1
	 12  5 :       0.2471  bohr^-1
	 12  6 :       0.0995  bohr^-1
	 12  7 :       0.1487  bohr^-1
	 12  8 :       0.1091  bohr^-1
	 12  9 :       0.1725  bohr^-1
	 12 10 :       0.2298  bohr^-1
	 12 11 :       0.2313  bohr^-1
	 12 12 :       0.3123  bohr^-1
	 12 13 :       0.0953  bohr^-1
	 12 14 :       0.0852  bohr^-1
	 12 15 :       0.1000  bohr^-1
	 12 16 :       0.1451  bohr^-1
	 12 17 :       0.0907  bohr^-1
	 13  1 :       0.1164  bohr^-1
	 13  2 :       0.1218  bohr^-1
	 13  3 :       0.1879  bohr^-1
	 13  4 :       0.1613  bohr^-1
	 13  5 :       0.0995  bohr^-1
	 13  6 :       0.2471  bohr^-1
	 13  7 :       0.1091  bohr^-1
	 13  8 :       0.1487  bohr^-1
	 13  9 :       0.1725  bohr^-1
	 13 10 :       0.0852  bohr^-1
	 13 11 :       0.1000  bohr^-1
	 13 12 :       0.0953  bohr^-1
	 13 13 :       0.3123  bohr^-1
	 13 14 :       0.2298  bohr^-1
	 13 15 :       0.2313  bohr^-1
	 13 16 :       0.0907  bohr^-1
	 13 17 :       0.1451  bohr^-1
	 14  1 :       0.1277  bohr^-1
	 14  2 :       0.1124  bohr^-1
	 14  3 :       0.1871  bohr^-1
	 14  4 :       0.1418  bohr^-1
	 14  5 :       0.0888  bohr^-1
	 14  6 :       0.2454  bohr^-1
	 14  7 :       0.1098  bohr^-1
	 14  8 :       0.1708  bohr^-1
	 14  9 :       0.1351  bohr^-1
	 14 10 :       0.0786  bohr^-1
	 14 11 :       0.0851  bohr^-1
	 14 12 :       0.0852  bohr^-1
	 14 13 :       0.2298  bohr^-1
	 14 14 :       0.3066  bohr^-1
	 14 15 :       0.2299  bohr^-1
	 14 16 :       0.0915  bohr^-1
	 14 17 :       0.1927  bohr^-1
	 15  1 :       0.1166  bohr^-1
	 15  2 :       0.1217  bohr^-1
	 15  3 :       0.1879  bohr^-1
	 15  4 :       0.1609  bohr^-1
	 15  5 :       0.0993  bohr^-1
	 15  6 :       0.2471  bohr^-1
	 15  7 :       0.1091  bohr^-1
	 15  8 :       0.1491  bohr^-1
	 15  9 :       0.1716  bohr^-1
	 15 10 :       0.0851  bohr^-1
	 15 11 :       0.0947  bohr^-1
	 15 12 :       0.1000  bohr^-1
	 15 13 :       0.2313  bohr^-1
	 15 14 :       0.2299  bohr^-1
	 15 15 :       0.3124  bohr^-1
	 15 16 :       0.0907  bohr^-1
	 15 17 :       0.1457  bohr^-1
	 16  1 :       0.1937  bohr^-1
	 16  2 :       0.1857  bohr^-1
	 16  3 :       0.1303  bohr^-1
	 16  4 :       0.1431  bohr^-1
	 16  5 :       0.1690  bohr^-1
	 16  6 :       0.0986  bohr^-1
	 16  7 :       0.2324  bohr^-1
	 16  8 :       0.1481  bohr^-1
	 16  9 :       0.1213  bohr^-1
	 16 10 :       0.1927  bohr^-1
	 16 11 :       0.1457  bohr^-1
	 16 12 :       0.1451  bohr^-1
	 16 13 :       0.0907  bohr^-1
	 16 14 :       0.0915  bohr^-1
	 16 15 :       0.0907  bohr^-1
	 16 16 :       0.2979  bohr^-1
	 16 17 :       0.1261  bohr^-1
	 17  1 :       0.1937  bohr^-1
	 17  2 :       0.1303  bohr^-1
	 17  3 :       0.1857  bohr^-1
	 17  4 :       0.1431  bohr^-1
	 17  5 :       0.0986  bohr^-1
	 17  6 :       0.1690  bohr^-1
	 17  7 :       0.1481  bohr^-1
	 17  8 :       0.2324  bohr^-1
	 17  9 :       0.1213  bohr^-1
	 17 10 :       0.0915  bohr^-1
	 17 11 :       0.0907  bohr^-1
	 17 12 :       0.0907  bohr^-1
	 17 13 :       0.1451  bohr^-1
	 17 14 :       0.1927  bohr^-1
	 17 15 :       0.1457  bohr^-1
	 17 16 :       0.1261  bohr^-1
	 17 17 :       0.2979  bohr^-1


	*Molecular contr. to CDS energy:       0.0000  kcal/mol
	*Total CDS energy:       2.1438  kcal/mol
	*MP2::Polarization Free Energy (au)      : -0.0078220870 
	*MP2::Polarization Free Energy (kcal/mol):      -4.9084 
	*MP2::CDS Free Energy (au)      : 0.0034164039 
	*MP2::CDS Free Energy (kcal/mol):       2.1438 
	*MP2::Total Solvation Free Energy (au)      : -0.0044056831 
	*MP2::Total Solvation Free Energy (kcal/mol):      -2.7646 
	GB-MP2 Total Energy (a.u.)         :  -325.90556785447512

	*Total GB-MP2 Energy: -325.90116217140843


 Cpu time for MacroQC :       2.7230 minutes
 Wall time for MacroQC:       1.1217 minutes


 ******************************************************************************************
	 MacroQC terminates normally:) 
 ****************************************************************************************** 

