 ==========================================================================================
 =========                __  ___                         ____  ______            =========
 ======                  /  |/  /___ _______________     / __ \/ ____/               ======
 ====                   / /|_/ / __ `/ ___/ ___/ __ \   / / / / /                      ====
 ===                   / /  / / /_/ / /__/ /  / /_/ /  / /_/ / /___                     ===
 ==                   /_/  /_/\__,_/\___/_/   \____/   \___\_\____/                      ==
 ===                                                                1.0.4                ===
 =====     An electronic structure theory software for large-scale applications       =====
 ======                                 See license.txt for license info             ======
 =========                                                                        =========
 ==========================================================================================
                                                                                           
                           * * * * * * * * * * * * * * * * * * * *                        
                           *            Developed by             *                        
                           *             U. Bozkaya              *                        
                           *                                     *                        
                           *       With contributions from:      *                        
                           *         B. Ermis, Y. Alagoz,        *                        
                           *         A. Unal, and A. K. Uyar     *                        
                           *         Git Version: deab493        *                        
                           *       Latest Revision: 2026-03-23   *                        
                           * * * * * * * * * * * * * * * * * * * *                        


 Run date: Wed Mar 25 09:30:11 2026
 
 Hostname: ub6 

 ## MacroQC input file ##
 ******************************************************************************************
$set_molecule
0 1
N      -2.8264563369    -0.0000254736    -0.0849600486
C       1.3898342713     0.0000474224    -0.0113762084
C      -1.4318633991    -0.0000223204     0.0430892533
C       0.6784287796     1.2037369036    -0.0068843609
C       0.6784633595    -1.2036851033    -0.0068912555
C      -0.7201300382     1.1999648426    -0.0079235712
C      -0.7200845490    -1.1999521634    -0.0079231908
C       2.8889590609    -0.0000295410     0.0176408251
H       1.2058269453     2.1545974550    -0.0193980833
H       1.2059239650    -2.1545055560    -0.0194072317
H      -1.2492745592     2.1481926152    -0.0454865685
H      -1.2491996796    -2.1482183955    -0.0454822793
H       3.2896385835    -0.8803380370    -0.4959414711
H       3.2897991533     0.8826242752    -0.4917751844
H       3.2433360837    -0.0024350949     1.0529415169
H      -3.2662387260    -0.8429385968     0.2704461602
H      -3.2662623173     0.8428394068     0.2704345316
$end_molecule


$set_globals
   basis cc-pvdz
  method mp2
  reference rhf
  jobtype energy
  memory 30000
$end_globals


$set_scf
  e_convergence 1.0e-8
  d_convergence 1.0e-6
  guess sad
  solvation true
$end_scf


$set_solvation
  cds_type smd
  radius_type smd
  solvent_params mn21
  dielectric_params mn21 #sm8
  sasa_type numeric
  solvent water
  num_ang_points 100
  charge_type iao_mulliken #iao_lowdin, mulliken, lowdin
  coulomb_radii smd
$end_solvation

$set_dfocc
solvation true
$end_dfocc

 ******************************************************************************************


	-Geometry before Center-of-Mass shift (ang): 
	 Number     Atom               X                    Y                       Z  
	 ---------------------------------------------------------------------------------------
           1     N            -2.8264563369         -0.0000254736          -0.0849600486  
           2     C             1.3898342713          0.0000474224          -0.0113762084  
           3     C            -1.4318633991         -0.0000223204           0.0430892533  
           4     C             0.6784287796          1.2037369036          -0.0068843609  
           5     C             0.6784633595         -1.2036851033          -0.0068912555  
           6     C            -0.7201300382          1.1999648426          -0.0079235712  
           7     C            -0.7200845490         -1.1999521634          -0.0079231908  
           8     C             2.8889590609         -0.0000295410           0.0176408251  
           9     H             1.2058269453          2.1545974550          -0.0193980833  
          10     H             1.2059239650         -2.1545055560          -0.0194072317  
          11     H            -1.2492745592          2.1481926152          -0.0454865685  
          12     H            -1.2491996796         -2.1482183955          -0.0454822793  
          13     H             3.2896385835         -0.8803380370          -0.4959414711  
          14     H             3.2897991533          0.8826242752          -0.4917751844  
          15     H             3.2433360837         -0.0024350949           1.0529415169  
          16     H            -3.2662387260         -0.8429385968           0.2704461602  
          17     H            -3.2662623173          0.8428394068           0.2704345316  



	-Geometry after Center-of-Mass shift (ang): 
	 Atom               X                    Y                       Z  
	 -------------------------------------------------------------------
     N          -2.7966901470         -0.0000271587          -0.0805437808  
     C           1.4196004612          0.0000457373          -0.0069599406  
     C          -1.4020972092         -0.0000240055           0.0475055211  
     C           0.7081949695          1.2037352185          -0.0024680931  
     C           0.7082295494         -1.2036867884          -0.0024749877  
     C          -0.6903638483          1.1999631575          -0.0035073034  
     C          -0.6903183591         -1.1999538485          -0.0035069230  
     C           2.9187252508         -0.0000312261           0.0220570929  
     H           1.2355931352          2.1545957699          -0.0149818155  
     H           1.2356901549         -2.1545072411          -0.0149909639  
     H          -1.2195083693          2.1481909301          -0.0410703007  
     H          -1.2194334897         -2.1482200806          -0.0410660115  
     H           3.3194047734         -0.8803397221          -0.4915252033  
     H           3.3195653432          0.8826225901          -0.4873589166  
     H           3.2731022736         -0.0024367800           1.0573577847  
     H          -3.2364725361         -0.8429402819           0.2748624280  
     H          -3.2364961274          0.8428377217           0.2748507994  


	-Geometry after Center-of-Mass shift (bohr): 
	 Atom               X                    Y                       Z  
	 -------------------------------------------------------------------
     N          -5.2849784356         -0.0000513224          -0.1522056868  
     C           2.6826560792          0.0000864310          -0.0131523815  
     C          -2.6495797267         -0.0000453638           0.0897724244  
     C           1.3382945357          2.2747298906          -0.0046640200  
     C           1.3383598823         -2.2746383708          -0.0046770489  
     C          -1.3045986002          2.2676017284          -0.0066278428  
     C          -1.3045126381         -2.2675841368          -0.0066271240  
     C           5.5155913594         -0.0000590087           0.0416818648  
     H           2.3349326280          4.0715959162          -0.0283115281  
     H           2.3351159686         -4.0714286209          -0.0283288161  
     H          -2.3045368257          4.0594925231          -0.0776116202  
     H          -2.3043953238         -4.0595476095          -0.0776035148  
     H           6.2727659212         -1.6636009721          -0.9288480179  
     H           6.2730693542          1.6679149675          -0.9209748771  
     H           6.1852668777         -0.0046048468           1.9981166298  
     H          -6.1160467058         -1.5929262728           0.5194147111  
     H          -6.1160912869          1.5927324623           0.5193927363  


    Rotational Constants: A =     0.18151  B =     0.04885  C =      0.03883 [cm^-1] 
    Rotor Type: ASYMMETRIC 

	-Nuclear Dipole Moment: (e a0)  
	 X:  3.26250   Y:  -0.00018   Z:  0.48404   Total:  3.29821 

	-Nuclear Dipole Moment: (D)  
	 X:  8.29244   Y:  -0.00047   Z:  1.23031   Total:  8.38321 


    Nuclear repulsion energy (V_NN)              : 342.711769627342 
   =====================================================
   Charge                : 0 
   Multiplicity          : 1 
   Number of Atoms       : 17 
   Number of Ghost Atoms : 0 
   Number of Electrons   : 58 
   Number of alpha occupied orbitals (NoccA)  : 29 
   Number of beta occupied orbitals (NoccB)   : 29 
   Number of singly occupied orbitals (Nsocc) : 0 
   Number of doubly occupied orbitals (Ndocc) : 29 
   =====================================================



  ## GLOBALS Options ##

  | TYPE         | KEY                      | INPUT? | VALUE              | DEFAULT            
  |--------------|--------------------------|--------|--------------------|--------------------
  | BOOL         | ERI_DISK                 | NO     | FALSE              | FALSE              
  | BOOL         | FREEZE_CORE              | NO     | TRUE               | TRUE               
  | BOOL         | MOL_FRAG                 | NO     | FALSE              | FALSE              
  | BOOL         | NOCOM                    | NO     | FALSE              | FALSE              
  | BOOL         | NOREORIENT               | NO     | TRUE               | TRUE               
  | BOOL         | PUREAM                   | NO     | TRUE               | TRUE               
  | BOOL         | ML                       | NO     | FALSE              | FALSE              
  | BOOL         | READ_PDB                 | NO     | FALSE              | FALSE              
  | BOOL         | TEST_MODE                | NO     | FALSE              | FALSE              
  | INT          | DERIVE_LEVEL             | NO     | 0                  | 0                  
  | INT          | FINDIF_POINTS            | NO     | 3                  | 3                  
  | INT          | MEMORY                   | YES    | 30000              | 2000               
  | INT          | NUM_THREADS              | NO     | 1                  | 1                  
  | INT          | NUM_FROZEN_DOCC          | NO     | 0                  | 0                  
  | INT          | NUM_FROZEN_VIR           | NO     | 0                  | 0                  
  | INT          | PRINT_LEVEL              | NO     | 0                  | 0                  
  | STRING       | AUX_BASIS_CORR           | NO     | CC-PVDZ-RI         | CC-PVDZ-RI         
  | STRING       | AUX_BASIS_SCF            | NO     | CC-PVDZ-JKFIT      | CC-PVDZ-JKFIT      
  | STRING       | BASIS                    | YES    | CC-PVDZ            | CC-PVDZ            
  | STRING       | BASIS2                   | NO     | MINAO              | MINAO              
  | STRING       | DERIVE_TYPE              | NO     | ANALYTIC           | ANALYTIC           
  | STRING       | FINDIF_METHOD            | NO     | GRAD               | GRAD               
  | STRING       | GEOM_UNITS               | NO     | ANG                | ANG                
  | STRING       | JOBTYPE                  | YES    | ENERGY             | ENERGY             
  | STRING       | METHOD                   | YES    | MP2                | SCF                
  | STRING       | REFERENCE                | YES    | RHF                | RHF                
  | STRING       | OUTFILE_MODE             | NO     | NEW                | NEW                
  | DOUBLE       | STEP_BOHR                | NO     | 0.05               | 0.05               
  | STR_ARRAY    | MOLECULE_GEOM_FROM       | NO     | [input]            | [input]            
  | DOUBLE_ARRAY | ELECTRIC_STRENGTH        | NO     | [0.001;0.001;0.001]| [0.001;0.001;0.001]
  | STRING       | ELECTRIC_FIELD           | NO     | NONE               | NONE               
  | STRING       | ALIGN_TWO_ATOMS          | NO     | NONE               | NONE               
  | INT_ARRAY    | TWO_ATOMS                | NO     | [0]                | [0]                



  ## INTS Options ##

  | TYPE         | KEY                      | INPUT? | VALUE              | DEFAULT            
  |--------------|--------------------------|--------|--------------------|--------------------
  | DOUBLE       | BOYS_CUTOFF              | NO     | 1e-15              | 1e-15              
  | DOUBLE       | BOYS_ZERO                | NO     | 1e-06              | 1e-06              
  | DOUBLE       | DELTA_X                  | NO     | 0.1                | 0.1                
  | DOUBLE       | INTEGRAL_CUTOFF          | NO     | 1e-10              | 1e-10              
  | DOUBLE       | X_MAX                    | NO     | 30.0               | 30.0               
  | INT          | BOYS_MAXITER             | NO     | 10000              | 10000              
  | INT          | MAX_AM                   | NO     | 7                  | 7                  
  | INT          | MAX_AM_AUX               | NO     | 7                  | 7                  
  | INT          | PRINT_LEVEL              | NO     | 0                  | 0                  
  | INT          | TAYLOR_ORDER             | NO     | 6                  | 6                  
  | STRING       | 3INDEX_ALGORITHM         | NO     | AUTO               | AUTO               
  | STRING       | BOYS_METHOD              | NO     | GHP                | GHP                
  | STRING       | ERI_ALGORITHM            | NO     | MD4                | MD4                


	Initializing Liboeprop (by U. Bozkaya) ...

	*=================================================================*
	*                  SCF                                            *
	*   Developed by U. Bozkaya & Y. Alagoz                           *
	*   Latest revision Feb 16, 2021                                  *
	*=================================================================*



  ## SCF Options ##

  | TYPE         | KEY                      | INPUT? | VALUE              | DEFAULT            
  |--------------|--------------------------|--------|--------------------|--------------------
  | BOOL         | DIIS_DAMP                | NO     | FALSE              | FALSE              
  | BOOL         | DIE_IF_NOT_CONVERGED     | NO     | TRUE               | TRUE               
  | BOOL         | DO_DF                    | NO     | TRUE               | TRUE               
  | BOOL         | DIIS                     | NO     | TRUE               | TRUE               
  | BOOL         | FOCK_DAMP                | NO     | FALSE              | FALSE              
  | BOOL         | GUESS_MIX                | NO     | FALSE              | FALSE              
  | BOOL         | GUESS_PREVIOUS           | NO     | FALSE              | FALSE              
  | BOOL         | LOCAL                    | NO     | FALSE              | FALSE              
  | BOOL         | RETRY                    | NO     | TRUE               | TRUE               
  | DOUBLE       | CUTOFF                   | NO     | 1e-10              | 1e-10              
  | DOUBLE       | D_CONVERGENCE            | YES    | 1e-06              | 1e-06              
  | DOUBLE       | DAMP_PARAM               | NO     | 0.02               | 0.02               
  | DOUBLE       | E_CONVERGENCE            | YES    | 1e-08              | 1e-08              
  | DOUBLE       | FOCK_DAMP_PERC           | NO     | 20.0               | 20.0               
  | DOUBLE       | MIN_OVERLAP_EIGVAL       | NO     | 1e-06              | 1e-06              
  | DOUBLE       | LOCAL_CONVERGENCE        | NO     | 1e-08              | 1e-08              
  | DOUBLE       | QC_GUESS_E_CONVERGENCE   | NO     | 0.0001             | 0.0001             
  | DOUBLE       | QC_GUESS_D_CONVERGENCE   | NO     | 0.005              | 0.005              
  | INT          | MAX_DIIS                 | NO     | 6                  | 6                  
  | INT          | MIN_DIIS                 | NO     | 2                  | 2                  
  | INT          | PRINT_LEVEL              | NO     | 0                  | 0                  
  | INT          | SCF_MAXITER              | NO     | 50                 | 50                 
  | INT          | LOCAL_MAXITER            | NO     | 50                 | 50                 
  | STRING       | DIIS_ALGORITHM           | NO     | DISK               | DISK               
  | STRING       | GUESS                    | YES    | SAD                | SAD                
  | BOOL         | MO_WRITE                 | NO     | FALSE              | FALSE              
  | BOOL         | FOCK_WRITE               | NO     | FALSE              | FALSE              
  | STRING       | ORTH_TYPE                | NO     | CANONICAL          | CANONICAL          
  | STRING       | ROHF_CANONIC_TYPE        | NO     | GUEST              | GUEST              
  | STRING       | ERI                      | NO     | INCORE             | INCORE             
  | STRING       | SCF_ALGORITHM            | NO     | ROOTHAAN           | ROOTHAAN           
  | STRING       | LOCAL_TYPE               | NO     | BOYS               | BOYS               
  | BOOL         | SAD_FRAC_OCC             | NO     | TRUE               | TRUE               
  | BOOL         | SAD_SPIN_AVERAGE         | NO     | TRUE               | TRUE               
  | DOUBLE       | SAD_E_CONVERGENCE        | NO     | 1e-05              | 1e-05              
  | DOUBLE       | SAD_D_CONVERGENCE        | NO     | 1e-05              | 1e-05              
  | INT          | SAD_MAXITER              | NO     | 50                 | 50                 
  | BOOL         | NIE                      | NO     | FALSE              | FALSE              
  | BOOL         | SAD_DIIS                 | NO     | TRUE               | TRUE               
  | INT          | SAD_MAX_DIIS             | NO     | 6                  | 6                  
  | INT          | SAD_MIN_DIIS             | NO     | 2                  | 2                  
  | INT          | SAD_PRINT                | NO     | 0                  | 0                  
  | STRING       | SAD_AUX_BASIS            | NO     | SAD-FIT            | SAD-FIT            
  | DOUBLE       | SAD_CHOLESKY_TOLERANCE   | NO     | 1e-07              | 1e-07              
  | BOOL         | SOLVATION                | YES    | TRUE               | FALSE              
  | BOOL         | BYPASS                   | NO     | FALSE              | FALSE              
  | STRING       | IAO_TYPE                 | NO     | STANDARD2013       | STANDARD2013       
  | BOOL         | USE_IAOS                 | NO     | FALSE              | FALSE              

	Initializing libdiis ...
	Initializing libmolint 1.1 ...
 CC-PVDZ primary basis set file will be read for the N atom...
 CC-PVDZ primary basis set file will be read for the C atom...
 CC-PVDZ primary basis set file will be read for the H atom...
 Nmaxthread: 8 
 Nshell: 75 
 Lmax:  2 
 Npmax:  8 
 Nao: 157 
 Ndocc: 29 
 Nsocc:  0 
 NoccA: 29 
 NoccB: 29 
 Primary basis set info has been read.

 CC-PVDZ-JKFIT aux basis set file will be read for the N atom...
 CC-PVDZ-JKFIT aux basis set file will be read for the C atom...
 CC-PVDZ-JKFIT aux basis set file will be read for the H atom...
 Nshell_aux: 273 
 Naux: 767 
 Aux basis set info has been read.

 orth_type: CANONICAL 
 Cpu time for S ints :       0.0200 s
 Wall time for S ints:       0.0260 s

 Using canonical orthogonalization. 
 Minimum eigenvalue in the overlap matrix is:   3.2721E-04 

 Cpu time for T ints :       0.1700 s
 Wall time for T ints:       0.0427 s
 Cpu time for V ints :       0.9400 s
 Wall time for V ints:       0.3651 s
 Cpu time for Metric ints :       1.0600 s
 Wall time for Metric ints:       0.2671 s
 3-Index Algorithm: AUTO 

 Calling fortran integrals: ringing... 
 Done with fintegrals.

 Cpu time for 3-index ints :       6.2500 s
 Wall time for 3-index ints:       2.2158 s
 Cpu time for df-factors :       1.0900 s
 Wall time for df-factors:       0.2822 s


 Puream (True=1, False=0) : 1
 Number of AO             : 157
 Number of MO             : 157
 Number of Aux Functions  : 767
 Charge                   : 0
 Multiplicity             : 1
 Alpha OCC                : 29
 Beta OCC                 : 29
 Nuclear Repulsion Energy : 342.71176963
 Energy Treshold          : 1.0e-08
 Density Treshold         : 1.0e-06
 Iteration Limit          : 50
 Guess                    : SAD
 Guess Mix                : false
 Diis                     : true
 Diis Damping             : false
 Diis Damp Parameter      : 0.02
 Diis Algorithm           : DISK
 Cutoff Treshold          : 1.0e-10
 Density Fitting          : true
 Reference                : RHF
 Die If Not Converged     : true
 Print Level              : 0
 ERI Algorithm            : INCORE
 SCF Algorithm            : ROOTHAAN




  ## SOLVATION Options ##

  | TYPE         | KEY                      | INPUT? | VALUE              | DEFAULT            
  |--------------|--------------------------|--------|--------------------|--------------------
  | INT          | NUM_Z_POINTS             | NO     | 90                 | 90                 
  | INT          | NUM_ANG_POINTS           | YES    | 100                | 100                
  | STRING       | SASA_TYPE                | YES    | NUMERIC            | NUMERIC            
  | STRING       | CHARGE_TYPE              | YES    | IAO_MULLIKEN       | IAO_MULLIKEN       
  | STRING       | CDS_TYPE                 | YES    | SMD                | SMD                
  | STRING       | SOLVENT                  | YES    | WATER              | WATER              
  | STRING       | SOLVENT_PARAMS           | YES    | MN21               | SM8                
  | STRING       | DIELECTRIC_PARAMS        | YES    | MN21               | MN21               
  | STRING       | COULOMB_RADII            | YES    | SMD                | SMD                
  | DOUBLE       | COVALENT_VW_CONST        | NO     | 0.76               | 0.76               
  | DOUBLE       | SOLVENT_RADIUS           | NO     | 0.4                | 0.4                
  | STRING       | RADIUS_TYPE              | YES    | SMD                | SMD                
  | DOUBLE       | GB_DIJ                   | NO     | 3.7                | 3.7                
  | DOUBLE       | GB_SIJ                   | NO     | 0.75               | 0.75               
  | DOUBLE       | GB_CIJ                   | NO     | 0.0                | 0.0                
  | DOUBLE       | F_PWSASA                 | NO     | 0.4535             | 0.4535             
  | DOUBLE       | SCALE_VDW                | NO     | 1.0                | 1.0                
  | DOUBLE       | SCALE_CR                 | NO     | 1.0                | 1.0                



 Sasa Type                  : NUMERIC 
 Charge Type                : IAO_MULLIKEN 
 CDS Type                   : SMD 
 Radius Type                : SMD 
 Solvent                    : WATER 
 Solvent Parameters         : MN21 
 Dielectric Parameters      : MN21 
 Coulomb Radii Parameters   : SMD 
 GB d_ij parameter          : 3.7000000000 
 GB S_ij parameter          : 0.7500000000 
 GB C_ij parameter          : 0.0000000000 
 Sclae_vdw parameter        : 1.0000000000 
 Number of z-points         : 90 
 Number of angular points   : 100 
 Number of SASA grid points : 17902 
 Solvent Dielectric Constant: 78.3553000000 

 VDW Radii:
	  1 N :       1.5500  ang
	  2 C :       1.7000  ang
	  3 C :       1.7000  ang
	  4 C :       1.7000  ang
	  5 C :       1.7000  ang
	  6 C :       1.7000  ang
	  7 C :       1.7000  ang
	  8 C :       1.7000  ang
	  9 H :       1.2000  ang
	 10 H :       1.2000  ang
	 11 H :       1.2000  ang
	 12 H :       1.2000  ang
	 13 H :       1.2000  ang
	 14 H :       1.2000  ang
	 15 H :       1.2000  ang
	 16 H :       1.2000  ang
	 17 H :       1.2000  ang

	 Computing SASA... 

 Atomic SASA values:
	  1 N :      10.9623  ang^2
	  2 C :       5.2718  ang^2
	  3 C :       6.3770  ang^2
	  4 C :       9.9462  ang^2
	  5 C :       9.9431  ang^2
	  6 C :      10.0236  ang^2
	  7 C :      10.0205  ang^2
	  8 C :       9.2559  ang^2
	  9 H :      11.9501  ang^2
	 10 H :      11.9536  ang^2
	 11 H :      11.9716  ang^2
	 12 H :      11.9716  ang^2
	 13 H :      11.7668  ang^2
	 14 H :      11.7398  ang^2
	 15 H :      12.8270  ang^2
	 16 H :      12.8755  ang^2
	 17 H :      12.8755  ang^2

	*Total SASA (angs^2): 181.7319552140 


 Coulomb Radii:
	  1 N :       1.8900  ang
	  2 C :       1.8500  ang
	  3 C :       1.8500  ang
	  4 C :       1.8500  ang
	  5 C :       1.8500  ang
	  6 C :       1.8500  ang
	  7 C :       1.8500  ang
	  8 C :       1.8500  ang
	  9 H :       1.2000  ang
	 10 H :       1.2000  ang
	 11 H :       1.2000  ang
	 12 H :       1.2000  ang
	 13 H :       1.2000  ang
	 14 H :       1.2000  ang
	 15 H :       1.2000  ang
	 16 H :       1.2000  ang
	 17 H :       1.2000  ang
 Solvent Alpha                       : 1.1700000000 

 ## Effective Born Radius (bohr) ##
   0   4.2004755981 
   1   4.8503412314 
   2   4.7587070970 
   3   4.6747111489 
   4   4.6747327396 
   5   4.6615334661 
   6   4.6615373617 
   7   4.1226157791 
   8   3.3387161447 
   9   3.3386866568 
  10   3.3629980570 
  11   3.3629895571 
  12   3.2393032212 
  13   3.2395557913 
  14   3.1911119346 
  15   3.2226577268 
  16   3.2226673606 

 Effective Born Radii:
	  1 N :       2.2228  ang
	  2 C :       2.5667  ang
	  3 C :       2.5182  ang
	  4 C :       2.4738  ang
	  5 C :       2.4738  ang
	  6 C :       2.4668  ang
	  7 C :       2.4668  ang
	  8 C :       2.1816  ang
	  9 H :       1.7668  ang
	 10 H :       1.7668  ang
	 11 H :       1.7796  ang
	 12 H :       1.7796  ang
	 13 H :       1.7142  ang
	 14 H :       1.7143  ang
	 15 H :       1.6887  ang
	 16 H :       1.7054  ang
	 17 H :       1.7054  ang


 Coulomb Integrals:
	  1  1 :       0.2381  bohr^-1
	  1  2 :       0.1176  bohr^-1
	  1  3 :       0.1993  bohr^-1
	  1  4 :       0.1301  bohr^-1
	  1  5 :       0.1301  bohr^-1
	  1  6 :       0.1675  bohr^-1
	  1  7 :       0.1675  bohr^-1
	  1  8 :       0.0915  bohr^-1
	  1  9 :       0.1132  bohr^-1
	  1 10 :       0.1132  bohr^-1
	  1 11 :       0.1713  bohr^-1
	  1 12 :       0.1713  bohr^-1
	  1 13 :       0.0852  bohr^-1
	  1 14 :       0.0852  bohr^-1
	  1 15 :       0.0854  bohr^-1
	  1 16 :       0.2480  bohr^-1
	  1 17 :       0.2480  bohr^-1
	  2  1 :       0.1176  bohr^-1
	  2  2 :       0.2062  bohr^-1
	  2  3 :       0.1491  bohr^-1
	  2  4 :       0.1895  bohr^-1
	  2  5 :       0.1895  bohr^-1
	  2  6 :       0.1609  bohr^-1
	  2  7 :       0.1609  bohr^-1
	  2  8 :       0.1962  bohr^-1
	  2  9 :       0.1858  bohr^-1
	  2 10 :       0.1858  bohr^-1
	  2 11 :       0.1420  bohr^-1
	  2 12 :       0.1420  bohr^-1
	  2 13 :       0.1879  bohr^-1
	  2 14 :       0.1879  bohr^-1
	  2 15 :       0.1891  bohr^-1
	  2 16 :       0.1090  bohr^-1
	  2 17 :       0.1090  bohr^-1
	  3  1 :       0.1993  bohr^-1
	  3  2 :       0.1491  bohr^-1
	  3  3 :       0.2101  bohr^-1
	  3  4 :       0.1616  bohr^-1
	  3  5 :       0.1616  bohr^-1
	  3  6 :       0.1913  bohr^-1
	  3  7 :       0.1913  bohr^-1
	  3  8 :       0.1159  bohr^-1
	  3  9 :       0.1424  bohr^-1
	  3 10 :       0.1424  bohr^-1
	  3 11 :       0.1866  bohr^-1
	  3 12 :       0.1866  bohr^-1
	  3 13 :       0.1072  bohr^-1
	  3 14 :       0.1072  bohr^-1
	  3 15 :       0.1083  bohr^-1
	  3 16 :       0.1940  bohr^-1
	  3 17 :       0.1940  bohr^-1
	  4  1 :       0.1301  bohr^-1
	  4  2 :       0.1895  bohr^-1
	  4  3 :       0.1616  bohr^-1
	  4  4 :       0.2139  bohr^-1
	  4  5 :       0.1631  bohr^-1
	  4  6 :       0.1926  bohr^-1
	  4  7 :       0.1523  bohr^-1
	  4  8 :       0.1652  bohr^-1
	  4  9 :       0.2311  bohr^-1
	  4 10 :       0.1430  bohr^-1
	  4 11 :       0.1880  bohr^-1
	  4 12 :       0.1295  bohr^-1
	  4 13 :       0.1443  bohr^-1
	  4 14 :       0.1687  bohr^-1
	  4 15 :       0.1563  bohr^-1
	  4 16 :       0.1154  bohr^-1
	  4 17 :       0.1272  bohr^-1
	  5  1 :       0.1301  bohr^-1
	  5  2 :       0.1895  bohr^-1
	  5  3 :       0.1616  bohr^-1
	  5  4 :       0.1631  bohr^-1
	  5  5 :       0.2139  bohr^-1
	  5  6 :       0.1523  bohr^-1
	  5  7 :       0.1926  bohr^-1
	  5  8 :       0.1652  bohr^-1
	  5  9 :       0.1430  bohr^-1
	  5 10 :       0.2311  bohr^-1
	  5 11 :       0.1295  bohr^-1
	  5 12 :       0.1880  bohr^-1
	  5 13 :       0.1686  bohr^-1
	  5 14 :       0.1443  bohr^-1
	  5 15 :       0.1563  bohr^-1
	  5 16 :       0.1272  bohr^-1
	  5 17 :       0.1154  bohr^-1
	  6  1 :       0.1675  bohr^-1
	  6  2 :       0.1609  bohr^-1
	  6  3 :       0.1913  bohr^-1
	  6  4 :       0.1926  bohr^-1
	  6  5 :       0.1523  bohr^-1
	  6  6 :       0.2145  bohr^-1
	  6  7 :       0.1635  bohr^-1
	  6  8 :       0.1281  bohr^-1
	  6  9 :       0.1884  bohr^-1
	  6 10 :       0.1295  bohr^-1
	  6 11 :       0.2307  bohr^-1
	  6 12 :       0.1432  bohr^-1
	  6 13 :       0.1134  bohr^-1
	  6 14 :       0.1251  bohr^-1
	  6 15 :       0.1197  bohr^-1
	  6 16 :       0.1477  bohr^-1
	  6 17 :       0.1724  bohr^-1
	  7  1 :       0.1675  bohr^-1
	  7  2 :       0.1609  bohr^-1
	  7  3 :       0.1913  bohr^-1
	  7  4 :       0.1523  bohr^-1
	  7  5 :       0.1926  bohr^-1
	  7  6 :       0.1635  bohr^-1
	  7  7 :       0.2145  bohr^-1
	  7  8 :       0.1281  bohr^-1
	  7  9 :       0.1295  bohr^-1
	  7 10 :       0.1884  bohr^-1
	  7 11 :       0.1432  bohr^-1
	  7 12 :       0.2307  bohr^-1
	  7 13 :       0.1251  bohr^-1
	  7 14 :       0.1134  bohr^-1
	  7 15 :       0.1197  bohr^-1
	  7 16 :       0.1724  bohr^-1
	  7 17 :       0.1477  bohr^-1
	  8  1 :       0.0915  bohr^-1
	  8  2 :       0.1962  bohr^-1
	  8  3 :       0.1159  bohr^-1
	  8  4 :       0.1652  bohr^-1
	  8  5 :       0.1652  bohr^-1
	  8  6 :       0.1281  bohr^-1
	  8  7 :       0.1281  bohr^-1
	  8  8 :       0.2426  bohr^-1
	  8  9 :       0.1694  bohr^-1
	  8 10 :       0.1694  bohr^-1
	  8 11 :       0.1113  bohr^-1
	  8 12 :       0.1113  bohr^-1
	  8 13 :       0.2460  bohr^-1
	  8 14 :       0.2460  bohr^-1
	  8 15 :       0.2475  bohr^-1
	  8 16 :       0.0849  bohr^-1
	  8 17 :       0.0849  bohr^-1
	  9  1 :       0.1132  bohr^-1
	  9  2 :       0.1858  bohr^-1
	  9  3 :       0.1424  bohr^-1
	  9  4 :       0.2311  bohr^-1
	  9  5 :       0.1430  bohr^-1
	  9  6 :       0.1884  bohr^-1
	  9  7 :       0.1295  bohr^-1
	  9  8 :       0.1694  bohr^-1
	  9  9 :       0.2995  bohr^-1
	  9 10 :       0.1208  bohr^-1
	  9 11 :       0.1883  bohr^-1
	  9 12 :       0.1060  bohr^-1
	  9 13 :       0.1382  bohr^-1
	  9 14 :       0.1879  bohr^-1
	  9 15 :       0.1584  bohr^-1
	  9 16 :       0.0978  bohr^-1
	  9 17 :       0.1122  bohr^-1
	 10  1 :       0.1132  bohr^-1
	 10  2 :       0.1858  bohr^-1
	 10  3 :       0.1424  bohr^-1
	 10  4 :       0.1430  bohr^-1
	 10  5 :       0.2311  bohr^-1
	 10  6 :       0.1295  bohr^-1
	 10  7 :       0.1884  bohr^-1
	 10  8 :       0.1694  bohr^-1
	 10  9 :       0.1208  bohr^-1
	 10 10 :       0.2995  bohr^-1
	 10 11 :       0.1060  bohr^-1
	 10 12 :       0.1883  bohr^-1
	 10 13 :       0.1879  bohr^-1
	 10 14 :       0.1381  bohr^-1
	 10 15 :       0.1585  bohr^-1
	 10 16 :       0.1122  bohr^-1
	 10 17 :       0.0978  bohr^-1
	 11  1 :       0.1713  bohr^-1
	 11  2 :       0.1420  bohr^-1
	 11  3 :       0.1866  bohr^-1
	 11  4 :       0.1880  bohr^-1
	 11  5 :       0.1295  bohr^-1
	 11  6 :       0.2307  bohr^-1
	 11  7 :       0.1432  bohr^-1
	 11  8 :       0.1113  bohr^-1
	 11  9 :       0.1883  bohr^-1
	 11 10 :       0.1060  bohr^-1
	 11 11 :       0.2974  bohr^-1
	 11 12 :       0.1210  bohr^-1
	 11 13 :       0.0963  bohr^-1
	 11 14 :       0.1108  bohr^-1
	 11 15 :       0.1032  bohr^-1
	 11 16 :       0.1411  bohr^-1
	 11 17 :       0.1911  bohr^-1
	 12  1 :       0.1713  bohr^-1
	 12  2 :       0.1420  bohr^-1
	 12  3 :       0.1866  bohr^-1
	 12  4 :       0.1295  bohr^-1
	 12  5 :       0.1880  bohr^-1
	 12  6 :       0.1432  bohr^-1
	 12  7 :       0.2307  bohr^-1
	 12  8 :       0.1113  bohr^-1
	 12  9 :       0.1060  bohr^-1
	 12 10 :       0.1883  bohr^-1
	 12 11 :       0.1210  bohr^-1
	 12 12 :       0.2974  bohr^-1
	 12 13 :       0.1108  bohr^-1
	 12 14 :       0.0963  bohr^-1
	 12 15 :       0.1032  bohr^-1
	 12 16 :       0.1911  bohr^-1
	 12 17 :       0.1411  bohr^-1
	 13  1 :       0.0852  bohr^-1
	 13  2 :       0.1879  bohr^-1
	 13  3 :       0.1072  bohr^-1
	 13  4 :       0.1443  bohr^-1
	 13  5 :       0.1686  bohr^-1
	 13  6 :       0.1134  bohr^-1
	 13  7 :       0.1251  bohr^-1
	 13  8 :       0.2460  bohr^-1
	 13  9 :       0.1382  bohr^-1
	 13 10 :       0.1879  bohr^-1
	 13 11 :       0.0963  bohr^-1
	 13 12 :       0.1108  bohr^-1
	 13 13 :       0.3087  bohr^-1
	 13 14 :       0.2295  bohr^-1
	 13 15 :       0.2293  bohr^-1
	 13 16 :       0.0801  bohr^-1
	 13 17 :       0.0775  bohr^-1
	 14  1 :       0.0852  bohr^-1
	 14  2 :       0.1879  bohr^-1
	 14  3 :       0.1072  bohr^-1
	 14  4 :       0.1687  bohr^-1
	 14  5 :       0.1443  bohr^-1
	 14  6 :       0.1251  bohr^-1
	 14  7 :       0.1134  bohr^-1
	 14  8 :       0.2460  bohr^-1
	 14  9 :       0.1879  bohr^-1
	 14 10 :       0.1381  bohr^-1
	 14 11 :       0.1108  bohr^-1
	 14 12 :       0.0963  bohr^-1
	 14 13 :       0.2295  bohr^-1
	 14 14 :       0.3087  bohr^-1
	 14 15 :       0.2293  bohr^-1
	 14 16 :       0.0775  bohr^-1
	 14 17 :       0.0801  bohr^-1
	 15  1 :       0.0854  bohr^-1
	 15  2 :       0.1891  bohr^-1
	 15  3 :       0.1083  bohr^-1
	 15  4 :       0.1563  bohr^-1
	 15  5 :       0.1563  bohr^-1
	 15  6 :       0.1197  bohr^-1
	 15  7 :       0.1197  bohr^-1
	 15  8 :       0.2475  bohr^-1
	 15  9 :       0.1584  bohr^-1
	 15 10 :       0.1585  bohr^-1
	 15 11 :       0.1032  bohr^-1
	 15 12 :       0.1032  bohr^-1
	 15 13 :       0.2293  bohr^-1
	 15 14 :       0.2293  bohr^-1
	 15 15 :       0.3134  bohr^-1
	 15 16 :       0.0800  bohr^-1
	 15 17 :       0.0800  bohr^-1
	 16  1 :       0.2480  bohr^-1
	 16  2 :       0.1090  bohr^-1
	 16  3 :       0.1940  bohr^-1
	 16  4 :       0.1154  bohr^-1
	 16  5 :       0.1272  bohr^-1
	 16  6 :       0.1477  bohr^-1
	 16  7 :       0.1724  bohr^-1
	 16  8 :       0.0849  bohr^-1
	 16  9 :       0.0978  bohr^-1
	 16 10 :       0.1122  bohr^-1
	 16 11 :       0.1411  bohr^-1
	 16 12 :       0.1911  bohr^-1
	 16 13 :       0.0801  bohr^-1
	 16 14 :       0.0775  bohr^-1
	 16 15 :       0.0800  bohr^-1
	 16 16 :       0.3103  bohr^-1
	 16 17 :       0.2349  bohr^-1
	 17  1 :       0.2480  bohr^-1
	 17  2 :       0.1090  bohr^-1
	 17  3 :       0.1940  bohr^-1
	 17  4 :       0.1272  bohr^-1
	 17  5 :       0.1154  bohr^-1
	 17  6 :       0.1724  bohr^-1
	 17  7 :       0.1477  bohr^-1
	 17  8 :       0.0849  bohr^-1
	 17  9 :       0.1122  bohr^-1
	 17 10 :       0.0978  bohr^-1
	 17 11 :       0.1911  bohr^-1
	 17 12 :       0.1411  bohr^-1
	 17 13 :       0.0775  bohr^-1
	 17 14 :       0.0801  bohr^-1
	 17 15 :       0.0800  bohr^-1
	 17 16 :       0.2349  bohr^-1
	 17 17 :       0.3103  bohr^-1
    ===> SCF Iteration Started <===

     Iter. |                   Energy |       Delta E |          Drms |
    -------|--------------------------|---------------|---------------|
         1 |      -324.18270209898691 |    -3.242e+02 |     1.265e-02 |
         2 |      -324.60550044646624 |    -4.228e-01 |     2.800e-03 | DIIS
         3 |      -324.76877432925556 |    -1.633e-01 |     1.291e-03 | DIIS
         4 |      -324.79174959268704 |    -2.298e-02 |     2.948e-04 | DIIS
         5 |      -324.79341290724648 |    -1.663e-03 |     8.249e-05 | DIIS
         6 |      -324.79356086112858 |    -1.480e-04 |     4.058e-05 | DIIS
         7 |      -324.79357563021625 |    -1.477e-05 |     1.148e-05 | DIIS
         8 |      -324.79357781543860 |    -2.185e-06 |     7.557e-06 | DIIS
         9 |      -324.79357786779889 |    -5.236e-08 |     1.244e-06 | DIIS
        10 |      -324.79357789414888 |    -2.635e-08 |     8.613e-07 | DIIS
        11 |      -324.79357789919578 |    -5.047e-09 |     3.182e-07 | DIIS


	-Alpha Occupied Orbital Energies (au):  
	 1: -15.5354581291 	 2: -11.2446952412 	 3: -11.2060465826 	 4: -11.2059624569 	 5: -11.1989744461 
	 6: -11.1982665292 	 7: -11.1982424837 	 8: -11.1962591585 	 9: -1.1898348906 	10: -1.1012364467 
	11: -0.9926916894 	12: -0.9793256165 	13: -0.8858596752 	14: -0.8035694357 	15: -0.7591122734 
	16: -0.6610677215 	17: -0.6546271213 	18: -0.6040772929 	19: -0.5724415436 	20: -0.5552417772 
	21: -0.5487624359 	22: -0.5446163212 	23: -0.4989512181 	24: -0.4940800488 	25: -0.4607364244 
	26: -0.4531146489 	27: -0.4063603872 	28: -0.3029154681 	29: -0.2550451151 
	-Alpha Virtual Orbital Energies (au):  
	30: 0.1603492971 	31: 0.1847560726 	32: 0.2030579718 	33: 0.2071524308 	34: 0.2256481732 
	35: 0.2379924249 	36: 0.2551191441 	37: 0.2754986086 	38: 0.2961099496 	39: 0.2995267838 
	40: 0.3145839870 	41: 0.3893717809 	42: 0.3943092643 	43: 0.4629550779 	44: 0.4884108125 
	45: 0.4986957793 	46: 0.5072315241 	47: 0.5203106651 	48: 0.5993349241 	49: 0.6440330686 
	50: 0.6575280459 	51: 0.6707215337 	52: 0.6761967378 	53: 0.7002396496 	54: 0.7200961440 
	55: 0.7447850822 	56: 0.7538534430 	57: 0.7570317078 	58: 0.7751849248 	59: 0.7869802446 
	60: 0.7905421633 	61: 0.7979067654 	62: 0.8245064084 	63: 0.8346946441 	64: 0.8615838243 
	65: 0.8882827461 	66: 0.8937957242 	67: 0.8960926998 	68: 0.9094321886 	69: 0.9271570157 
	70: 0.9417915085 	71: 0.9538307835 	72: 0.9540477102 	73: 0.9588208436 	74: 1.0011154925 
	75: 1.0209504640 	76: 1.0318919272 	77: 1.0718453080 	78: 1.0820834430 	79: 1.1694964037 
	80: 1.1756489947 	81: 1.1906554390 	82: 1.1983114568 	83: 1.2003161570 	84: 1.2005732184 
	85: 1.2529945857 	86: 1.2647497848 	87: 1.3013912092 	88: 1.3090360746 	89: 1.3204434043 
	90: 1.3380354596 	91: 1.3420344823 	92: 1.4218908536 	93: 1.4967924985 	94: 1.5144521024 
	95: 1.5745759182 	96: 1.5796048182 	97: 1.6797763928 	98: 1.7003259370 	99: 1.7033840455 
	100: 1.7301690093 	101: 1.7431321651 	102: 1.7619211132 	103: 1.7915466409 	104: 1.7969377357 
	105: 1.7984543402 	106: 1.8525168885 	107: 1.8783192223 	108: 1.8823512305 	109: 1.9080922308 
	110: 1.9107949386 	111: 1.9352063449 	112: 1.9370431505 	113: 1.9477984839 	114: 1.9481069961 
	115: 1.9809987859 	116: 1.9810588518 	117: 2.0412582229 	118: 2.0501671371 	119: 2.0593055423 
	120: 2.0843279766 	121: 2.0984306222 	122: 2.1323918266 	123: 2.1456967244 	124: 2.1538760699 
	125: 2.1701963670 	126: 2.1941784330 	127: 2.2351918973 	128: 2.2609667202 	129: 2.2778989701 
	130: 2.3002246362 	131: 2.3134032772 	132: 2.3599989178 	133: 2.3715655409 	134: 2.4560381671 
	135: 2.4607594762 	136: 2.4661884381 	137: 2.4797915583 	138: 2.5530147715 	139: 2.5899937024 
	140: 2.6197333363 	141: 2.7349186121 	142: 2.7627082358 	143: 2.7702591998 	144: 2.7992195668 
	145: 2.8326502155 	146: 2.8514098367 	147: 2.8912929064 	148: 2.9142578424 	149: 2.9890661432 
	150: 3.0033828260 	151: 3.0394053418 	152: 3.0850128132 	153: 3.1292067124 	154: 3.2415785480 
	155: 3.2711140866 	156: 3.5498134578 	157: 3.8865492940 


	-Mulliken Population Analysis for SCF:
	 1: -0.2408900129 	 2: -0.2536274239 	 3: 0.0063145378 	 4: 0.0190147101 	 5: 0.0189397498 
	 6: -0.0018452172 	 7: -0.0018074861 	 8: 0.0788887366 	 9: 0.0115310146 	10: 0.0115079723 
	11: 0.0114816566 	12: 0.0114916659 	13: 0.0319514402 	14: 0.0318384343 	15: 0.0484939834 
	16: 0.1083611070 	17: 0.1083551315 

	-Lowdin Population Analysis for SCF:  
	 1: 0.0042708660 	 2: -0.0693724448 	 3: -0.0240642671 	 4: -0.0134860444 	 5: -0.0134571206 
	 6: -0.0602396824 	 7: -0.0602118327 	 8: -0.0372305051 	 9: 0.0259092108 	10: 0.0259098698 
	11: 0.0204956976 	12: 0.0205025565 	13: 0.0258008822 	14: 0.0257827801 	15: 0.0281587972 
	16: 0.0506218560 	17: 0.0506093809 

	-Electronic Dipole Moment: (e a0)  
	 X:  -3.56602   Y:  0.00002   Z:  -0.06933   Total:  3.56670 

	-Electronic Dipole Moment: (D)  
	 X:  -9.06393   Y:  0.00006   Z:  -0.17622   Total:  9.06564 

	-Total Dipole Moment: (e a0)  
	 X:  -0.30353   Y:  -0.00016   Z:  0.41471   Total:  0.51392 

	-Total Dipole Moment: (D)  
	 X:  -0.77149   Y:  -0.00041   Z:  1.05409   Total:  1.30625 



	Initializing Liboeprop (by U. Bozkaya) ...


	-Mulliken Population Analysis for SCF-IAO:
	 1: -0.5416136485 	 2: -0.0190491524 	 3: 0.1569883960 	 4: -0.1257739241 	 5: -0.1257809712 
	 6: -0.1908388786 	 7: -0.1907908720 	 8: -0.3581714885 	 9: 0.1325084978 	10: 0.1325125268 
	11: 0.1265092231 	12: 0.1265035649 	13: 0.1220707779 	14: 0.1220425339 	15: 0.1267550403 
	16: 0.2531401250 	17: 0.2531556634 

	-Lowdin Population Analysis for SCF-IAO:  
	 1: -0.5416136485 	 2: -0.0190491524 	 3: 0.1569883960 	 4: -0.1257739241 	 5: -0.1257809712 
	 6: -0.1908388786 	 7: -0.1907908720 	 8: -0.3581714885 	 9: 0.1325084978 	10: 0.1325125268 
	11: 0.1265092231 	12: 0.1265035649 	13: 0.1220707779 	14: 0.1220425339 	15: 0.1267550403 
	16: 0.2531401250 	17: 0.2531556634 

	Initializing Liblocal (by U. Bozkaya) ...
  ==> Pipek-Mezey Localizer <==

    Convergence =   1.000E-08
    Maxiter     =          50

    Iteration                   Metric       Residual
    PM    0   1.5086050625970291E+01              -
    PM    1   3.0785959083616181E+01   1.040690E+00
    PM    2   3.6262561578755587E+01   1.778929E-01
    PM    3   3.6603503338423863E+01   9.402032E-03
    PM    4   3.6611688696281369E+01   2.236223E-04
    PM    5   3.6614929580366848E+01   8.852048E-05
    PM    6   3.6616461342399369E+01   4.183436E-05
    PM    7   3.6617260185861603E+01   2.181651E-05
    PM    8   3.6617508821350015E+01   6.790117E-06
    PM    9   3.6617689350883907E+01   4.930142E-06
    PM   10   3.6617753531578828E+01   1.752724E-06
    PM   11   3.6617795213731405E+01   1.138304E-06
    PM   12   3.6617814196655331E+01   5.184071E-07
    PM   13   3.6617828491187616E+01   3.903710E-07
    PM   14   3.6617833471580695E+01   1.360101E-07
    PM   15   3.6617836183468135E+01   7.405920E-08
    PM   16   3.6617837589394206E+01   3.839457E-08
    PM   17   3.6617838206122585E+01   1.684229E-08
    PM   18   3.6617838464800393E+01   7.064257E-09

    PM Localizer converged.



	*Molecular contr. to CDS energy:       0.0000  kcal/mol
	*Total CDS energy:       3.4489  kcal/mol
	*SCF::Polarization Free Energy (au)      : -0.0043240585 
	*SCF::Polarization Free Energy (kcal/mol):      -2.7134 
	*SCF::CDS Free Energy (au)      : 0.0054961966 
	*SCF::CDS Free Energy (kcal/mol):       3.4489 
	*SCF::Total Solvation Free Energy (au)      : 0.0011721381 
	*SCF::Total Solvation Free Energy (kcal/mol):       0.7355 
 CC-PVDZ primary basis set file will be read for the N atom...
 CC-PVDZ primary basis set file will be read for the C atom...
 CC-PVDZ primary basis set file will be read for the H atom...
 Nmaxthread: 8 
 Nshell: 75 
 Lmax:  2 
 Npmax:  8 
 Nao: 157 
 Ndocc: 29 
 Nsocc:  0 
 NoccA: 29 
 NoccB: 29 
 Primary basis set info has been read.

 CC-PVDZ-JKFIT aux basis set file will be read for the N atom...
 CC-PVDZ-JKFIT aux basis set file will be read for the C atom...
 CC-PVDZ-JKFIT aux basis set file will be read for the H atom...
 Nshell_aux: 273 
 Naux: 767 
 Aux basis set info has been read.


	*Total SCF Energy: -324.79357789919578

 Cpu time for SCF :       1.1653 minutes
 Wall time for SCF:       0.3921 minutes


	MO spaces... 

	 FC   OCC   VIR   FV 
	----------------------
	  8   21   128    0


	Libtrans is initialized (by U. Bozkaya) ...

 ============================================================================== 
 ============================================================================== 
 ============================================================================== 

                       DF-MP2   
              Program Written by Ugur Bozkaya
              Latest Revision May 2, 2021

 ============================================================================== 
 ============================================================================== 
 ============================================================================== 

	For this residual convergence, default PCG convergence is:     1.00e-07
    Warning: "PCG_CONVERGENCE" option is changed to     1.00e-07


  ## DFOCC Options ##

  | TYPE         | KEY                      | INPUT? | VALUE              | DEFAULT            
  |--------------|--------------------------|--------|--------------------|--------------------
  | BOOL         | EOM                      | NO     | FALSE              | FALSE              
  | BOOL         | EOM_MP2                  | NO     | FALSE              | FALSE              
  | BOOL         | EOM_MP3                  | NO     | FALSE              | FALSE              
  | BOOL         | EOM_MP2_5                | NO     | FALSE              | FALSE              
  | BOOL         | EOM_LCCD                 | NO     | FALSE              | FALSE              
  | BOOL         | LOW_MEM_MP2              | NO     | FALSE              | FALSE              
  | BOOL         | LOW_MEM_MP3              | NO     | FALSE              | FALSE              
  | BOOL         | CD_PRESCREEN             | NO     | FALSE              | FALSE              
  | DOUBLE       | CIS_E_CONV               | NO     | 1e-06              | 1e-06              
  | DOUBLE       | CIS_R_CONV               | NO     | 1e-06              | 1e-06              
  | DOUBLE       | CIS_RES_PRECONDITION_TOL | NO     | 0.0001             | 0.0001             
  | DOUBLE       | DAVIDSON_TOLERANCE       | NO     | 1e-06              | 1e-06              
  | DOUBLE       | E3_SCALE                 | NO     | 0.25               | 0.25               
  | DOUBLE       | E_CONVERGENCE            | NO     | 1e-06              | 1e-06              
  | DOUBLE       | JK_MEMORY                | NO     | 1000000000.0       | 1000000000.0       
  | DOUBLE       | LEVEL_SHIFT              | NO     | 0.02               | 0.02               
  | DOUBLE       | MAX_MOGRAD_CONVERGENCE   | NO     | 0.001              | 0.001              
  | DOUBLE       | MO_STEP_MAX              | NO     | 0.5                | 0.5                
  | DOUBLE       | MP2_OS_SCALE             | NO     | 1.2                | 1.2                
  | DOUBLE       | MP2_SOS_SCALE            | NO     | 1.3                | 1.3                
  | DOUBLE       | MP2_SOS_SCALE2           | NO     | 1.2                | 1.2                
  | DOUBLE       | MP2_SS_SCALE             | NO     | 0.3333333333333333 | 0.3333333333333333 
  | DOUBLE       | OCC_PERCENTAGE           | NO     | 99.0               | 99.0               
  | DOUBLE       | OCC_TOLERANCE            | NO     | 1e-05              | 1e-05              
  | DOUBLE       | OO_SCALE                 | NO     | 0.01               | 0.01               
  | DOUBLE       | PCG_CONVERGENCE          | NO     | 1e-06              | 1e-06              
  | DOUBLE       | R_CONVERGENCE            | NO     | 1e-05              | 1e-05              
  | DOUBLE       | REG_PARAM                | NO     | 0.4                | 0.4                
  | DOUBLE       | KAPPA_REG_PARAM          | NO     | 1.1                | 1.1                
  | DOUBLE       | RMS_MOGRAD_CONVERGENCE   | NO     | 1e-06              | 1e-06              
  | DOUBLE       | SCG_TOLERANCE            | NO     | 1e-06              | 1e-06              
  | DOUBLE       | SCHMIDT_ADD_RES_TOL      | NO     | 0.001              | 0.001              
  | INT          | ACTIVE_NAT_ORBS          | NO     | 2                  | 2                  
  | INT          | CC_DIIS_MAX_VECS         | NO     | 6                  | 6                  
  | INT          | CC_DIIS_MIN_VECS         | NO     | 2                  | 2                  
  | INT          | CC_MAXITER               | NO     | 50                 | 50                 
  | INT          | CUTOFF                   | NO     | 8                  | 8                  
  | INT          | EXCITATION_RANGE         | NO     | 2                  | 2                  
  | INT          | FOLLOW_ROOT              | NO     | 1                  | 1                  
  | INT          | INTEGRAL_CUTOFF          | NO     | 9                  | 9                  
  | INT          | MAX_VECS                 | NO     | 50                 | 50                 
  | INT          | MO_DIIS_NUM_VECS         | NO     | 6                  | 6                  
  | INT          | MO_MAXITER               | NO     | 50                 | 50                 
  | INT          | NUM_ROOTS                | NO     | 4                  | 4                  
  | INT          | PCG_MAXITER              | NO     | 50                 | 50                 
  | INT          | PRINT_LEVEL              | NO     | 0                  | 0                  
  | INT          | VECS_PER_ROOT            | NO     | 1                  | 1                  
  | STRING       | CC_LAMBDA                | NO     | FALSE              | FALSE              
  | STRING       | CHOLESKY                 | NO     | FALSE              | FALSE              
  | STRING       | CIS_ALGORITHM            | NO     | MO_BASIS           | MO_BASIS           
  | STRING       | CIS_GUESS_COEFF          | NO     | MIX                | MIX                
  | STRING       | COMPUT_S2                | NO     | FALSE              | FALSE              
  | STRING       | DIAG_METHOD              | NO     | DAVIDSON           | DAVIDSON           
  | STRING       | DO_DIIS                  | NO     | TRUE               | TRUE               
  | STRING       | DO_LEVEL_SHIFT           | NO     | TRUE               | TRUE               
  | STRING       | DO_SCS                   | NO     | FALSE              | FALSE              
  | STRING       | DO_SOS                   | NO     | FALSE              | FALSE              
  | STRING       | EKT_IP                   | NO     | FALSE              | FALSE              
  | STRING       | FREEZE_CORE              | NO     | TRUE               | TRUE               
  | STRING       | HESS_TYPE                | NO     | HF                 | HF                 
  | STRING       | JK_TYPE                  | NO     | DIRECT             | DIRECT             
  | STRING       | LINEQ_SOLVER             | NO     | CDGESV             | CDGESV             
  | STRING       | MO_READ                  | NO     | FALSE              | FALSE              
  | STRING       | MO_WRITE                 | NO     | FALSE              | FALSE              
  | STRING       | MP2_AMP_TYPE             | NO     | DIRECT             | DIRECT             
  | STRING       | NAT_ORBS                 | NO     | FALSE              | FALSE              
  | STRING       | NBO                      | NO     | TRUE               | TRUE               
  | STRING       | OCC_ORBS_PRINT           | NO     | FALSE              | FALSE              
  | STRING       | OEPROP                   | NO     | FALSE              | FALSE              
  | STRING       | OPT_METHOD               | NO     | QNR                | QNR                
  | STRING       | ORB_RESP_SOLVER          | NO     | PCG                | PCG                
  | STRING       | ORTH_TYPE                | NO     | MGS                | MGS                
  | STRING       | PCG_BETA_TYPE            | NO     | FLETCHER_REEVES    | FLETCHER_REEVES    
  | STRING       | PPL_TYPE                 | NO     | AUTO               | AUTO               
  | STRING       | PRINT_CI_VECS            | NO     | FALSE              | FALSE              
  | STRING       | QCHF                     | NO     | FALSE              | FALSE              
  | STRING       | READ_SCF_3INDEX          | NO     | TRUE               | TRUE               
  | STRING       | REGULARIZATION           | NO     | FALSE              | FALSE              
  | STRING       | REG_TYPE                 | NO     | NORMAL             | NORMAL             
  | STRING       | SCS_TYPE                 | NO     | SCS                | SCS                
  | STRING       | SOS_TYPE                 | NO     | SOS                | SOS                
  | STRING       | TRIPLES_IABC_TYPE        | NO     | DISK               | DISK               
  | STRING       | UNIT_GUESS_TYPE          | NO     | GEN                | GEN                
  | STRING       | EKT_NEGATIVE_OCC         | NO     | ABS                | ABS                
  | BOOL         | SOLVATION                | YES    | TRUE               | FALSE              

	MO spaces... 

	 FC   OCC   VIR   FV 
	----------------------
	  8   21   128    0
 CC-PVDZ primary basis set file will be read for the N atom...
 CC-PVDZ primary basis set file will be read for the C atom...
 CC-PVDZ primary basis set file will be read for the H atom...
 Nmaxthread: 8 
 Nshell: 75 
 Lmax:  2 
 Npmax:  8 
 Nao: 157 
 Ndocc: 29 
 Nsocc:  0 
 NoccA: 29 
 NoccB: 29 
 Primary basis set info has been read.

 CC-PVDZ-RI aux basis set file will be read for the N atom...
 CC-PVDZ-RI aux basis set file will be read for the C atom...
 CC-PVDZ-RI aux basis set file will be read for the H atom...
 Nshell_aux: 198 
 Naux: 574 
 Aux basis set info has been read.

 Cpu time for Metric ints :       0.2900 s
 Wall time for Metric ints:       0.1479 s
 3-Index Algorithm: AUTO 

 Calling fortran integrals: ringing... 
 Done with fintegrals.

 Cpu time for 3-index ints :       4.2200 s
 Wall time for 3-index ints:       1.4515 s
 Cpu time for df-factors :       0.5200 s
 Wall time for df-factors:       0.1380 s
 CC-PVDZ primary basis set file will be read for the N atom...
 CC-PVDZ primary basis set file will be read for the C atom...
 CC-PVDZ primary basis set file will be read for the H atom...
 Nmaxthread: 8 
 Nshell: 75 
 Lmax:  2 
 Npmax:  8 
 Nao: 157 
 Ndocc: 29 
 Nsocc:  0 
 NoccA: 29 
 NoccB: 29 
 Primary basis set info has been read.

 CC-PVDZ-JKFIT aux basis set file will be read for the N atom...
 CC-PVDZ-JKFIT aux basis set file will be read for the C atom...
 CC-PVDZ-JKFIT aux basis set file will be read for the H atom...
 Nshell_aux: 273 
 Naux: 767 
 Aux basis set info has been read.

	Reading DF integrals from disk ...
 Cpu time for Metric ints :       1.0200 s
 Wall time for Metric ints:       0.3089 s
	Number of basis functions in the DF-HF basis: 767
	Number of basis functions in the DF-CC basis: 574

	Available memory                      :  30000.00 MB 
	Minimum required memory for amplitudes:    173.41 MB 
	Memory requirement for B-CC (Q|mu nu) :    113.19 MB 
	Memory requirement for B-CC (Q|ab)    :     75.24 MB 
	Memory requirement for DF-CC int trans:    205.47 MB 

	Computing DF-MP2 energy using SCF MOs (Canonical DF-MP2)... 
	======================================================================= 
	Nuclear Repulsion Energy (a.u.)    :   342.71178025653376
	DF-HF Energy (a.u.)                :  -324.79357789919578
	REF Energy (a.u.)                  :  -324.79357789919578
	DF-MP2 Correlation Energy (a.u.)   :    -1.10775142942135
	DF-MP2 Total Energy (a.u.)         :  -325.90132932861712
	======================================================================= 

	*Total MP2 Energy: -325.90132932861712

	Computing unrelaxed response density matrices...
	Number of independent-pairs: 3712
	Computing the generalized Fock matrix (GFM)...
	Computing the orbital gradient...
	Forming effective orbital gradient...
	Solving orbital Z-vector equations...

	            PCG Solver 
	   ------------------------------ 
	Iter     RMS Z Vector        RMS Residual  
	----    ---------------    ---------------
	  1         1.13e-03         5.56e-04
	  2         3.21e-04         2.16e-04
	  3         7.85e-05         4.87e-05
	  4         3.56e-05         2.22e-05
	  5         8.91e-06         6.86e-06
	  6         4.36e-06         3.51e-06
	  7         2.78e-06         1.77e-06
	  8         1.18e-06         6.44e-07
	  9         3.19e-07         1.53e-07
	 10         5.63e-08         5.39e-08

	Computing the relaxed PDMs and GFM...
	Compute solv. is starting ...

	Initializing Liboeprop (by U. Bozkaya) ...


	-Mulliken Population Analysis for MP2-IAO:
	 1: -0.3421513791 	 2: 0.1180599695 	 3: 0.2556626839 	 4: -0.0639172679 	 5: -0.0639193001 
	 6: -0.1016337996 	 7: -0.1015483282 	 8: -0.2173473023 	 9: 0.0669381618 	10: 0.0669434318 
	11: 0.0627764018 	12: 0.0627699758 	13: 0.0678166389 	14: 0.0678196309 	15: 0.0664588377 
	16: 0.1842303874 	17: 0.1842598329 

	-Lowdin Population Analysis for MP2-IAO:  
	 1: -0.3421513791 	 2: 0.1180599695 	 3: 0.2556626839 	 4: -0.0639172679 	 5: -0.0639193001 
	 6: -0.1016337996 	 7: -0.1015483282 	 8: -0.2173473023 	 9: 0.0669381618 	10: 0.0669434318 
	11: 0.0627764018 	12: 0.0627699758 	13: 0.0678166389 	14: 0.0678196309 	15: 0.0664588377 
	16: 0.1842303874 	17: 0.1842598329 


  ## SOLVATION Options ##

  | TYPE         | KEY                      | INPUT? | VALUE              | DEFAULT            
  |--------------|--------------------------|--------|--------------------|--------------------
  | INT          | NUM_Z_POINTS             | NO     | 90                 | 90                 
  | INT          | NUM_ANG_POINTS           | YES    | 100                | 100                
  | STRING       | SASA_TYPE                | YES    | NUMERIC            | NUMERIC            
  | STRING       | CHARGE_TYPE              | YES    | IAO_MULLIKEN       | IAO_MULLIKEN       
  | STRING       | CDS_TYPE                 | YES    | SMD                | SMD                
  | STRING       | SOLVENT                  | YES    | WATER              | WATER              
  | STRING       | SOLVENT_PARAMS           | YES    | MN21               | SM8                
  | STRING       | DIELECTRIC_PARAMS        | YES    | MN21               | MN21               
  | STRING       | COULOMB_RADII            | YES    | SMD                | SMD                
  | DOUBLE       | COVALENT_VW_CONST        | NO     | 0.76               | 0.76               
  | DOUBLE       | SOLVENT_RADIUS           | NO     | 0.4                | 0.4                
  | STRING       | RADIUS_TYPE              | YES    | SMD                | SMD                
  | DOUBLE       | GB_DIJ                   | NO     | 3.7                | 3.7                
  | DOUBLE       | GB_SIJ                   | NO     | 0.75               | 0.75               
  | DOUBLE       | GB_CIJ                   | NO     | 0.0                | 0.0                
  | DOUBLE       | F_PWSASA                 | NO     | 0.4535             | 0.4535             
  | DOUBLE       | SCALE_VDW                | NO     | 1.0                | 1.0                
  | DOUBLE       | SCALE_CR                 | NO     | 1.0                | 1.0                



 Sasa Type                  : NUMERIC 
 Charge Type                : IAO_MULLIKEN 
 CDS Type                   : SMD 
 Radius Type                : SMD 
 Solvent                    : WATER 
 Solvent Parameters         : MN21 
 Dielectric Parameters      : MN21 
 Coulomb Radii Parameters   : SMD 
 GB d_ij parameter          : 3.7000000000 
 GB S_ij parameter          : 0.7500000000 
 GB C_ij parameter          : 0.0000000000 
 Sclae_vdw parameter        : 1.0000000000 
 Number of z-points         : 90 
 Number of angular points   : 100 
 Number of SASA grid points : 17902 
 Solvent Dielectric Constant: 78.3553000000 

 VDW Radii:
	  1 N :       1.5500  ang
	  2 C :       1.7000  ang
	  3 C :       1.7000  ang
	  4 C :       1.7000  ang
	  5 C :       1.7000  ang
	  6 C :       1.7000  ang
	  7 C :       1.7000  ang
	  8 C :       1.7000  ang
	  9 H :       1.2000  ang
	 10 H :       1.2000  ang
	 11 H :       1.2000  ang
	 12 H :       1.2000  ang
	 13 H :       1.2000  ang
	 14 H :       1.2000  ang
	 15 H :       1.2000  ang
	 16 H :       1.2000  ang
	 17 H :       1.2000  ang

	 Computing SASA... 

 Atomic SASA values:
	  1 N :      10.9623  ang^2
	  2 C :       5.2718  ang^2
	  3 C :       6.3770  ang^2
	  4 C :       9.9462  ang^2
	  5 C :       9.9431  ang^2
	  6 C :      10.0236  ang^2
	  7 C :      10.0205  ang^2
	  8 C :       9.2559  ang^2
	  9 H :      11.9501  ang^2
	 10 H :      11.9536  ang^2
	 11 H :      11.9716  ang^2
	 12 H :      11.9716  ang^2
	 13 H :      11.7668  ang^2
	 14 H :      11.7398  ang^2
	 15 H :      12.8270  ang^2
	 16 H :      12.8755  ang^2
	 17 H :      12.8755  ang^2

	*Total SASA (angs^2): 181.7319552140 


 Coulomb Radii:
	  1 N :       1.8900  ang
	  2 C :       1.8500  ang
	  3 C :       1.8500  ang
	  4 C :       1.8500  ang
	  5 C :       1.8500  ang
	  6 C :       1.8500  ang
	  7 C :       1.8500  ang
	  8 C :       1.8500  ang
	  9 H :       1.2000  ang
	 10 H :       1.2000  ang
	 11 H :       1.2000  ang
	 12 H :       1.2000  ang
	 13 H :       1.2000  ang
	 14 H :       1.2000  ang
	 15 H :       1.2000  ang
	 16 H :       1.2000  ang
	 17 H :       1.2000  ang
 Solvent Alpha                       : 1.1700000000 

 ## Effective Born Radius (bohr) ##
   0   4.2004755981 
   1   4.8503412314 
   2   4.7587070970 
   3   4.6747111489 
   4   4.6747327396 
   5   4.6615334661 
   6   4.6615373617 
   7   4.1226157791 
   8   3.3387161447 
   9   3.3386866568 
  10   3.3629980570 
  11   3.3629895571 
  12   3.2393032212 
  13   3.2395557913 
  14   3.1911119346 
  15   3.2226577268 
  16   3.2226673606 

 Effective Born Radii:
	  1 N :       2.2228  ang
	  2 C :       2.5667  ang
	  3 C :       2.5182  ang
	  4 C :       2.4738  ang
	  5 C :       2.4738  ang
	  6 C :       2.4668  ang
	  7 C :       2.4668  ang
	  8 C :       2.1816  ang
	  9 H :       1.7668  ang
	 10 H :       1.7668  ang
	 11 H :       1.7796  ang
	 12 H :       1.7796  ang
	 13 H :       1.7142  ang
	 14 H :       1.7143  ang
	 15 H :       1.6887  ang
	 16 H :       1.7054  ang
	 17 H :       1.7054  ang


 Coulomb Integrals:
	  1  1 :       0.2381  bohr^-1
	  1  2 :       0.1176  bohr^-1
	  1  3 :       0.1993  bohr^-1
	  1  4 :       0.1301  bohr^-1
	  1  5 :       0.1301  bohr^-1
	  1  6 :       0.1675  bohr^-1
	  1  7 :       0.1675  bohr^-1
	  1  8 :       0.0915  bohr^-1
	  1  9 :       0.1132  bohr^-1
	  1 10 :       0.1132  bohr^-1
	  1 11 :       0.1713  bohr^-1
	  1 12 :       0.1713  bohr^-1
	  1 13 :       0.0852  bohr^-1
	  1 14 :       0.0852  bohr^-1
	  1 15 :       0.0854  bohr^-1
	  1 16 :       0.2480  bohr^-1
	  1 17 :       0.2480  bohr^-1
	  2  1 :       0.1176  bohr^-1
	  2  2 :       0.2062  bohr^-1
	  2  3 :       0.1491  bohr^-1
	  2  4 :       0.1895  bohr^-1
	  2  5 :       0.1895  bohr^-1
	  2  6 :       0.1609  bohr^-1
	  2  7 :       0.1609  bohr^-1
	  2  8 :       0.1962  bohr^-1
	  2  9 :       0.1858  bohr^-1
	  2 10 :       0.1858  bohr^-1
	  2 11 :       0.1420  bohr^-1
	  2 12 :       0.1420  bohr^-1
	  2 13 :       0.1879  bohr^-1
	  2 14 :       0.1879  bohr^-1
	  2 15 :       0.1891  bohr^-1
	  2 16 :       0.1090  bohr^-1
	  2 17 :       0.1090  bohr^-1
	  3  1 :       0.1993  bohr^-1
	  3  2 :       0.1491  bohr^-1
	  3  3 :       0.2101  bohr^-1
	  3  4 :       0.1616  bohr^-1
	  3  5 :       0.1616  bohr^-1
	  3  6 :       0.1913  bohr^-1
	  3  7 :       0.1913  bohr^-1
	  3  8 :       0.1159  bohr^-1
	  3  9 :       0.1424  bohr^-1
	  3 10 :       0.1424  bohr^-1
	  3 11 :       0.1866  bohr^-1
	  3 12 :       0.1866  bohr^-1
	  3 13 :       0.1072  bohr^-1
	  3 14 :       0.1072  bohr^-1
	  3 15 :       0.1083  bohr^-1
	  3 16 :       0.1940  bohr^-1
	  3 17 :       0.1940  bohr^-1
	  4  1 :       0.1301  bohr^-1
	  4  2 :       0.1895  bohr^-1
	  4  3 :       0.1616  bohr^-1
	  4  4 :       0.2139  bohr^-1
	  4  5 :       0.1631  bohr^-1
	  4  6 :       0.1926  bohr^-1
	  4  7 :       0.1523  bohr^-1
	  4  8 :       0.1652  bohr^-1
	  4  9 :       0.2311  bohr^-1
	  4 10 :       0.1430  bohr^-1
	  4 11 :       0.1880  bohr^-1
	  4 12 :       0.1295  bohr^-1
	  4 13 :       0.1443  bohr^-1
	  4 14 :       0.1687  bohr^-1
	  4 15 :       0.1563  bohr^-1
	  4 16 :       0.1154  bohr^-1
	  4 17 :       0.1272  bohr^-1
	  5  1 :       0.1301  bohr^-1
	  5  2 :       0.1895  bohr^-1
	  5  3 :       0.1616  bohr^-1
	  5  4 :       0.1631  bohr^-1
	  5  5 :       0.2139  bohr^-1
	  5  6 :       0.1523  bohr^-1
	  5  7 :       0.1926  bohr^-1
	  5  8 :       0.1652  bohr^-1
	  5  9 :       0.1430  bohr^-1
	  5 10 :       0.2311  bohr^-1
	  5 11 :       0.1295  bohr^-1
	  5 12 :       0.1880  bohr^-1
	  5 13 :       0.1686  bohr^-1
	  5 14 :       0.1443  bohr^-1
	  5 15 :       0.1563  bohr^-1
	  5 16 :       0.1272  bohr^-1
	  5 17 :       0.1154  bohr^-1
	  6  1 :       0.1675  bohr^-1
	  6  2 :       0.1609  bohr^-1
	  6  3 :       0.1913  bohr^-1
	  6  4 :       0.1926  bohr^-1
	  6  5 :       0.1523  bohr^-1
	  6  6 :       0.2145  bohr^-1
	  6  7 :       0.1635  bohr^-1
	  6  8 :       0.1281  bohr^-1
	  6  9 :       0.1884  bohr^-1
	  6 10 :       0.1295  bohr^-1
	  6 11 :       0.2307  bohr^-1
	  6 12 :       0.1432  bohr^-1
	  6 13 :       0.1134  bohr^-1
	  6 14 :       0.1251  bohr^-1
	  6 15 :       0.1197  bohr^-1
	  6 16 :       0.1477  bohr^-1
	  6 17 :       0.1724  bohr^-1
	  7  1 :       0.1675  bohr^-1
	  7  2 :       0.1609  bohr^-1
	  7  3 :       0.1913  bohr^-1
	  7  4 :       0.1523  bohr^-1
	  7  5 :       0.1926  bohr^-1
	  7  6 :       0.1635  bohr^-1
	  7  7 :       0.2145  bohr^-1
	  7  8 :       0.1281  bohr^-1
	  7  9 :       0.1295  bohr^-1
	  7 10 :       0.1884  bohr^-1
	  7 11 :       0.1432  bohr^-1
	  7 12 :       0.2307  bohr^-1
	  7 13 :       0.1251  bohr^-1
	  7 14 :       0.1134  bohr^-1
	  7 15 :       0.1197  bohr^-1
	  7 16 :       0.1724  bohr^-1
	  7 17 :       0.1477  bohr^-1
	  8  1 :       0.0915  bohr^-1
	  8  2 :       0.1962  bohr^-1
	  8  3 :       0.1159  bohr^-1
	  8  4 :       0.1652  bohr^-1
	  8  5 :       0.1652  bohr^-1
	  8  6 :       0.1281  bohr^-1
	  8  7 :       0.1281  bohr^-1
	  8  8 :       0.2426  bohr^-1
	  8  9 :       0.1694  bohr^-1
	  8 10 :       0.1694  bohr^-1
	  8 11 :       0.1113  bohr^-1
	  8 12 :       0.1113  bohr^-1
	  8 13 :       0.2460  bohr^-1
	  8 14 :       0.2460  bohr^-1
	  8 15 :       0.2475  bohr^-1
	  8 16 :       0.0849  bohr^-1
	  8 17 :       0.0849  bohr^-1
	  9  1 :       0.1132  bohr^-1
	  9  2 :       0.1858  bohr^-1
	  9  3 :       0.1424  bohr^-1
	  9  4 :       0.2311  bohr^-1
	  9  5 :       0.1430  bohr^-1
	  9  6 :       0.1884  bohr^-1
	  9  7 :       0.1295  bohr^-1
	  9  8 :       0.1694  bohr^-1
	  9  9 :       0.2995  bohr^-1
	  9 10 :       0.1208  bohr^-1
	  9 11 :       0.1883  bohr^-1
	  9 12 :       0.1060  bohr^-1
	  9 13 :       0.1382  bohr^-1
	  9 14 :       0.1879  bohr^-1
	  9 15 :       0.1584  bohr^-1
	  9 16 :       0.0978  bohr^-1
	  9 17 :       0.1122  bohr^-1
	 10  1 :       0.1132  bohr^-1
	 10  2 :       0.1858  bohr^-1
	 10  3 :       0.1424  bohr^-1
	 10  4 :       0.1430  bohr^-1
	 10  5 :       0.2311  bohr^-1
	 10  6 :       0.1295  bohr^-1
	 10  7 :       0.1884  bohr^-1
	 10  8 :       0.1694  bohr^-1
	 10  9 :       0.1208  bohr^-1
	 10 10 :       0.2995  bohr^-1
	 10 11 :       0.1060  bohr^-1
	 10 12 :       0.1883  bohr^-1
	 10 13 :       0.1879  bohr^-1
	 10 14 :       0.1381  bohr^-1
	 10 15 :       0.1585  bohr^-1
	 10 16 :       0.1122  bohr^-1
	 10 17 :       0.0978  bohr^-1
	 11  1 :       0.1713  bohr^-1
	 11  2 :       0.1420  bohr^-1
	 11  3 :       0.1866  bohr^-1
	 11  4 :       0.1880  bohr^-1
	 11  5 :       0.1295  bohr^-1
	 11  6 :       0.2307  bohr^-1
	 11  7 :       0.1432  bohr^-1
	 11  8 :       0.1113  bohr^-1
	 11  9 :       0.1883  bohr^-1
	 11 10 :       0.1060  bohr^-1
	 11 11 :       0.2974  bohr^-1
	 11 12 :       0.1210  bohr^-1
	 11 13 :       0.0963  bohr^-1
	 11 14 :       0.1108  bohr^-1
	 11 15 :       0.1032  bohr^-1
	 11 16 :       0.1411  bohr^-1
	 11 17 :       0.1911  bohr^-1
	 12  1 :       0.1713  bohr^-1
	 12  2 :       0.1420  bohr^-1
	 12  3 :       0.1866  bohr^-1
	 12  4 :       0.1295  bohr^-1
	 12  5 :       0.1880  bohr^-1
	 12  6 :       0.1432  bohr^-1
	 12  7 :       0.2307  bohr^-1
	 12  8 :       0.1113  bohr^-1
	 12  9 :       0.1060  bohr^-1
	 12 10 :       0.1883  bohr^-1
	 12 11 :       0.1210  bohr^-1
	 12 12 :       0.2974  bohr^-1
	 12 13 :       0.1108  bohr^-1
	 12 14 :       0.0963  bohr^-1
	 12 15 :       0.1032  bohr^-1
	 12 16 :       0.1911  bohr^-1
	 12 17 :       0.1411  bohr^-1
	 13  1 :       0.0852  bohr^-1
	 13  2 :       0.1879  bohr^-1
	 13  3 :       0.1072  bohr^-1
	 13  4 :       0.1443  bohr^-1
	 13  5 :       0.1686  bohr^-1
	 13  6 :       0.1134  bohr^-1
	 13  7 :       0.1251  bohr^-1
	 13  8 :       0.2460  bohr^-1
	 13  9 :       0.1382  bohr^-1
	 13 10 :       0.1879  bohr^-1
	 13 11 :       0.0963  bohr^-1
	 13 12 :       0.1108  bohr^-1
	 13 13 :       0.3087  bohr^-1
	 13 14 :       0.2295  bohr^-1
	 13 15 :       0.2293  bohr^-1
	 13 16 :       0.0801  bohr^-1
	 13 17 :       0.0775  bohr^-1
	 14  1 :       0.0852  bohr^-1
	 14  2 :       0.1879  bohr^-1
	 14  3 :       0.1072  bohr^-1
	 14  4 :       0.1687  bohr^-1
	 14  5 :       0.1443  bohr^-1
	 14  6 :       0.1251  bohr^-1
	 14  7 :       0.1134  bohr^-1
	 14  8 :       0.2460  bohr^-1
	 14  9 :       0.1879  bohr^-1
	 14 10 :       0.1381  bohr^-1
	 14 11 :       0.1108  bohr^-1
	 14 12 :       0.0963  bohr^-1
	 14 13 :       0.2295  bohr^-1
	 14 14 :       0.3087  bohr^-1
	 14 15 :       0.2293  bohr^-1
	 14 16 :       0.0775  bohr^-1
	 14 17 :       0.0801  bohr^-1
	 15  1 :       0.0854  bohr^-1
	 15  2 :       0.1891  bohr^-1
	 15  3 :       0.1083  bohr^-1
	 15  4 :       0.1563  bohr^-1
	 15  5 :       0.1563  bohr^-1
	 15  6 :       0.1197  bohr^-1
	 15  7 :       0.1197  bohr^-1
	 15  8 :       0.2475  bohr^-1
	 15  9 :       0.1584  bohr^-1
	 15 10 :       0.1585  bohr^-1
	 15 11 :       0.1032  bohr^-1
	 15 12 :       0.1032  bohr^-1
	 15 13 :       0.2293  bohr^-1
	 15 14 :       0.2293  bohr^-1
	 15 15 :       0.3134  bohr^-1
	 15 16 :       0.0800  bohr^-1
	 15 17 :       0.0800  bohr^-1
	 16  1 :       0.2480  bohr^-1
	 16  2 :       0.1090  bohr^-1
	 16  3 :       0.1940  bohr^-1
	 16  4 :       0.1154  bohr^-1
	 16  5 :       0.1272  bohr^-1
	 16  6 :       0.1477  bohr^-1
	 16  7 :       0.1724  bohr^-1
	 16  8 :       0.0849  bohr^-1
	 16  9 :       0.0978  bohr^-1
	 16 10 :       0.1122  bohr^-1
	 16 11 :       0.1411  bohr^-1
	 16 12 :       0.1911  bohr^-1
	 16 13 :       0.0801  bohr^-1
	 16 14 :       0.0775  bohr^-1
	 16 15 :       0.0800  bohr^-1
	 16 16 :       0.3103  bohr^-1
	 16 17 :       0.2349  bohr^-1
	 17  1 :       0.2480  bohr^-1
	 17  2 :       0.1090  bohr^-1
	 17  3 :       0.1940  bohr^-1
	 17  4 :       0.1272  bohr^-1
	 17  5 :       0.1154  bohr^-1
	 17  6 :       0.1724  bohr^-1
	 17  7 :       0.1477  bohr^-1
	 17  8 :       0.0849  bohr^-1
	 17  9 :       0.1122  bohr^-1
	 17 10 :       0.0978  bohr^-1
	 17 11 :       0.1911  bohr^-1
	 17 12 :       0.1411  bohr^-1
	 17 13 :       0.0775  bohr^-1
	 17 14 :       0.0801  bohr^-1
	 17 15 :       0.0800  bohr^-1
	 17 16 :       0.2349  bohr^-1
	 17 17 :       0.3103  bohr^-1


	*Molecular contr. to CDS energy:       0.0000  kcal/mol
	*Total CDS energy:       3.4489  kcal/mol
	*MP2::Polarization Free Energy (au)      : -0.0087730461 
	*MP2::Polarization Free Energy (kcal/mol):      -5.5052 
	*MP2::CDS Free Energy (au)      : 0.0054961966 
	*MP2::CDS Free Energy (kcal/mol):       3.4489 
	*MP2::Total Solvation Free Energy (au)      : -0.0032768496 
	*MP2::Total Solvation Free Energy (kcal/mol):      -2.0563 
	GB-MP2 Total Energy (a.u.)         :  -325.90460617817342

	*Total GB-MP2 Energy: -325.90132932861712


 Cpu time for MacroQC :       1.7315 minutes
 Wall time for MacroQC:       0.5752 minutes


 ******************************************************************************************
	 MacroQC terminates normally:) 
 ****************************************************************************************** 

