 ==========================================================================================
 =========                __  ___                         ____  ______            =========
 ======                  /  |/  /___ _______________     / __ \/ ____/               ======
 ====                   / /|_/ / __ `/ ___/ ___/ __ \   / / / / /                      ====
 ===                   / /  / / /_/ / /__/ /  / /_/ /  / /_/ / /___                     ===
 ==                   /_/  /_/\__,_/\___/_/   \____/   \___\_\____/                      ==
 ===                                                                1.0.4                ===
 =====     An electronic structure theory software for large-scale applications       =====
 ======                                 See license.txt for license info             ======
 =========                                                                        =========
 ==========================================================================================
                                                                                           
                           * * * * * * * * * * * * * * * * * * * *                        
                           *            Developed by             *                        
                           *             U. Bozkaya              *                        
                           *                                     *                        
                           *       With contributions from:      *                        
                           *         B. Ermis, Y. Alagoz,        *                        
                           *         A. Unal, and A. K. Uyar     *                        
                           *         Git Version: deab493        *                        
                           *       Latest Revision: 2026-03-23   *                        
                           * * * * * * * * * * * * * * * * * * * *                        


 Run date: Wed Mar 25 09:13:59 2026
 
 Hostname: ub3 

 ## MacroQC input file ##
 ******************************************************************************************
$set_molecule
0 1
S       1.7878761915     0.0472849559     0.0783299537
C      -1.0104735443     0.5084872372     0.0632921917
C       0.0629078155    -0.5650426385    -0.0790748571
C      -2.4230580972    -0.0741168121    -0.0063830116
H      -0.8656357396     1.0339962662     1.0091689446
H      -0.8806172176     1.2538718301    -0.7254117971
H      -0.0274628135    -1.3058209308     0.7167864747
H      -0.0349640384    -1.0982110464    -1.0244920625
H      -2.5883316326    -0.8052586823     0.7874623073
H      -3.1749917402     0.7083524426     0.1019423492
H      -2.6008255616    -0.5749894602    -0.9600976513
H       1.7905526356     0.8155335659    -1.0256437624
$end_molecule


$set_globals
   basis cc-pvdz
  method mp2
  reference rhf
  jobtype energy
  memory 30000                                                                                                                                                                                                                        
$end_globals


$set_scf
  e_convergence 1.0e-8
  d_convergence 1.0e-6
  guess sad
  solvation true
$end_scf


$set_solvation
  cds_type smd
  radius_type smd
  solvent_params mn21
  dielectric_params mn21 #sm8
  sasa_type numeric
  solvent water
  num_ang_points 100
  charge_type iao_mulliken #iao_lowdin, mulliken, lowdin
  coulomb_radii smd
$end_solvation

$set_dfocc
solvation true
$end_dfocc

 ******************************************************************************************


	-Geometry before Center-of-Mass shift (ang): 
	 Number     Atom               X                    Y                       Z  
	 ---------------------------------------------------------------------------------------
           1     S             1.7878761915          0.0472849559           0.0783299537  
           2     C            -1.0104735443          0.5084872372           0.0632921917  
           3     C             0.0629078155         -0.5650426385          -0.0790748571  
           4     C            -2.4230580972         -0.0741168121          -0.0063830116  
           5     H            -0.8656357396          1.0339962662           1.0091689446  
           6     H            -0.8806172176          1.2538718301          -0.7254117971  
           7     H            -0.0274628135         -1.3058209308           0.7167864747  
           8     H            -0.0349640384         -1.0982110464          -1.0244920625  
           9     H            -2.5883316326         -0.8052586823           0.7874623073  
          10     H            -3.1749917402          0.7083524426           0.1019423492  
          11     H            -2.6008255616         -0.5749894602          -0.9600976513  
          12     H             1.7905526356          0.8155335659          -1.0256437624  



	-Geometry after Center-of-Mass shift (ang): 
	 Atom               X                    Y                       Z  
	 -------------------------------------------------------------------
     S           1.6791527526          0.0476608321           0.0637401457  
     C          -1.1191969832          0.5088631134           0.0487023837  
     C          -0.0458156234         -0.5646667623          -0.0936646651  
     C          -2.5317815361         -0.0737409359          -0.0209728196  
     H          -0.9743591785          1.0343721424           0.9945791366  
     H          -0.9893406565          1.2542477063          -0.7400016051  
     H          -0.1361862524         -1.3054450546           0.7021966667  
     H          -0.1436874773         -1.0978351702          -1.0390818705  
     H          -2.6970550715         -0.8048828061           0.7728724993  
     H          -3.2837151791          0.7087283188           0.0873525412  
     H          -2.7095490005         -0.5746135840          -0.9746874593  
     H           1.6818291967          0.8159094421          -1.0402335704  


	-Geometry after Center-of-Mass shift (bohr): 
	 Atom               X                    Y                       Z  
	 -------------------------------------------------------------------
     S           3.1731388253          0.0900659196           0.1204514186  
     C          -2.1149757786          0.9616119197           0.0920341669  
     C          -0.0865789804         -1.0670655329          -0.1770005646  
     C          -4.7843737127         -0.1393501731          -0.0396328850  
     H          -1.8412719951          1.9546800609           1.8794821783  
     H          -1.8695828855          2.3701846584          -1.3984003660  
     H          -0.2573547190         -2.4669336250           1.3269593863  
     H          -0.2715299797         -2.0746078026          -1.9635801571  
     H          -5.0966954304         -1.5210080666           1.4605173537  
     H          -6.2053223625          1.3393024199           0.1650723793  
     H          -5.1203055344         -1.0858623017          -1.8418923559  
     H           3.1781965716          1.5418453888          -1.9657565545  


    Rotational Constants: A =     0.80769  B =     0.07712  C =      0.07412 [cm^-1] 
    Rotor Type: SYMMETRIC 

	-Nuclear Dipole Moment: (e a0)  
	 X:  -8.62922   Y:  0.02983   Z:  -1.15797   Total:  8.70662 

	-Nuclear Dipole Moment: (D)  
	 X:  -21.93328   Y:  0.07583   Z:  -2.94327   Total:  22.13001 


    Nuclear repulsion energy (V_NN)              : 162.155712849679 
   =====================================================
   Charge                : 0 
   Multiplicity          : 1 
   Number of Atoms       : 12 
   Number of Ghost Atoms : 0 
   Number of Electrons   : 42 
   Number of alpha occupied orbitals (NoccA)  : 21 
   Number of beta occupied orbitals (NoccB)   : 21 
   Number of singly occupied orbitals (Nsocc) : 0 
   Number of doubly occupied orbitals (Ndocc) : 21 
   =====================================================



  ## GLOBALS Options ##

  | TYPE         | KEY                      | INPUT? | VALUE              | DEFAULT            
  |--------------|--------------------------|--------|--------------------|--------------------
  | BOOL         | ERI_DISK                 | NO     | FALSE              | FALSE              
  | BOOL         | FREEZE_CORE              | NO     | TRUE               | TRUE               
  | BOOL         | MOL_FRAG                 | NO     | FALSE              | FALSE              
  | BOOL         | NOCOM                    | NO     | FALSE              | FALSE              
  | BOOL         | NOREORIENT               | NO     | TRUE               | TRUE               
  | BOOL         | PUREAM                   | NO     | TRUE               | TRUE               
  | BOOL         | ML                       | NO     | FALSE              | FALSE              
  | BOOL         | READ_PDB                 | NO     | FALSE              | FALSE              
  | BOOL         | TEST_MODE                | NO     | FALSE              | FALSE              
  | INT          | DERIVE_LEVEL             | NO     | 0                  | 0                  
  | INT          | FINDIF_POINTS            | NO     | 3                  | 3                  
  | INT          | MEMORY                   | YES    | 30000              | 2000               
  | INT          | NUM_THREADS              | NO     | 1                  | 1                  
  | INT          | NUM_FROZEN_DOCC          | NO     | 0                  | 0                  
  | INT          | NUM_FROZEN_VIR           | NO     | 0                  | 0                  
  | INT          | PRINT_LEVEL              | NO     | 0                  | 0                  
  | STRING       | AUX_BASIS_CORR           | NO     | CC-PVDZ-RI         | CC-PVDZ-RI         
  | STRING       | AUX_BASIS_SCF            | NO     | CC-PVDZ-JKFIT      | CC-PVDZ-JKFIT      
  | STRING       | BASIS                    | YES    | CC-PVDZ            | CC-PVDZ            
  | STRING       | BASIS2                   | NO     | MINAO              | MINAO              
  | STRING       | DERIVE_TYPE              | NO     | ANALYTIC           | ANALYTIC           
  | STRING       | FINDIF_METHOD            | NO     | GRAD               | GRAD               
  | STRING       | GEOM_UNITS               | NO     | ANG                | ANG                
  | STRING       | JOBTYPE                  | YES    | ENERGY             | ENERGY             
  | STRING       | METHOD                   | YES    | MP2                | SCF                
  | STRING       | REFERENCE                | YES    | RHF                | RHF                
  | STRING       | OUTFILE_MODE             | NO     | NEW                | NEW                
  | DOUBLE       | STEP_BOHR                | NO     | 0.05               | 0.05               
  | STR_ARRAY    | MOLECULE_GEOM_FROM       | NO     | [input]            | [input]            
  | DOUBLE_ARRAY | ELECTRIC_STRENGTH        | NO     | [0.001;0.001;0.001]| [0.001;0.001;0.001]
  | STRING       | ELECTRIC_FIELD           | NO     | NONE               | NONE               
  | STRING       | ALIGN_TWO_ATOMS          | NO     | NONE               | NONE               
  | INT_ARRAY    | TWO_ATOMS                | NO     | [0]                | [0]                



  ## INTS Options ##

  | TYPE         | KEY                      | INPUT? | VALUE              | DEFAULT            
  |--------------|--------------------------|--------|--------------------|--------------------
  | DOUBLE       | BOYS_CUTOFF              | NO     | 1e-15              | 1e-15              
  | DOUBLE       | BOYS_ZERO                | NO     | 1e-06              | 1e-06              
  | DOUBLE       | DELTA_X                  | NO     | 0.1                | 0.1                
  | DOUBLE       | INTEGRAL_CUTOFF          | NO     | 1e-10              | 1e-10              
  | DOUBLE       | X_MAX                    | NO     | 30.0               | 30.0               
  | INT          | BOYS_MAXITER             | NO     | 10000              | 10000              
  | INT          | MAX_AM                   | NO     | 7                  | 7                  
  | INT          | MAX_AM_AUX               | NO     | 7                  | 7                  
  | INT          | PRINT_LEVEL              | NO     | 0                  | 0                  
  | INT          | TAYLOR_ORDER             | NO     | 6                  | 6                  
  | STRING       | 3INDEX_ALGORITHM         | NO     | AUTO               | AUTO               
  | STRING       | BOYS_METHOD              | NO     | GHP                | GHP                
  | STRING       | ERI_ALGORITHM            | NO     | MD4                | MD4                


	Initializing Liboeprop (by U. Bozkaya) ...

	*=================================================================*
	*                  SCF                                            *
	*   Developed by U. Bozkaya & Y. Alagoz                           *
	*   Latest revision Feb 16, 2021                                  *
	*=================================================================*



  ## SCF Options ##

  | TYPE         | KEY                      | INPUT? | VALUE              | DEFAULT            
  |--------------|--------------------------|--------|--------------------|--------------------
  | BOOL         | DIIS_DAMP                | NO     | FALSE              | FALSE              
  | BOOL         | DIE_IF_NOT_CONVERGED     | NO     | TRUE               | TRUE               
  | BOOL         | DO_DF                    | NO     | TRUE               | TRUE               
  | BOOL         | DIIS                     | NO     | TRUE               | TRUE               
  | BOOL         | FOCK_DAMP                | NO     | FALSE              | FALSE              
  | BOOL         | GUESS_MIX                | NO     | FALSE              | FALSE              
  | BOOL         | GUESS_PREVIOUS           | NO     | FALSE              | FALSE              
  | BOOL         | LOCAL                    | NO     | FALSE              | FALSE              
  | BOOL         | RETRY                    | NO     | TRUE               | TRUE               
  | DOUBLE       | CUTOFF                   | NO     | 1e-10              | 1e-10              
  | DOUBLE       | D_CONVERGENCE            | YES    | 1e-06              | 1e-06              
  | DOUBLE       | DAMP_PARAM               | NO     | 0.02               | 0.02               
  | DOUBLE       | E_CONVERGENCE            | YES    | 1e-08              | 1e-08              
  | DOUBLE       | FOCK_DAMP_PERC           | NO     | 20.0               | 20.0               
  | DOUBLE       | MIN_OVERLAP_EIGVAL       | NO     | 1e-06              | 1e-06              
  | DOUBLE       | LOCAL_CONVERGENCE        | NO     | 1e-08              | 1e-08              
  | DOUBLE       | QC_GUESS_E_CONVERGENCE   | NO     | 0.0001             | 0.0001             
  | DOUBLE       | QC_GUESS_D_CONVERGENCE   | NO     | 0.005              | 0.005              
  | INT          | MAX_DIIS                 | NO     | 6                  | 6                  
  | INT          | MIN_DIIS                 | NO     | 2                  | 2                  
  | INT          | PRINT_LEVEL              | NO     | 0                  | 0                  
  | INT          | SCF_MAXITER              | NO     | 50                 | 50                 
  | INT          | LOCAL_MAXITER            | NO     | 50                 | 50                 
  | STRING       | DIIS_ALGORITHM           | NO     | DISK               | DISK               
  | STRING       | GUESS                    | YES    | SAD                | SAD                
  | BOOL         | MO_WRITE                 | NO     | FALSE              | FALSE              
  | BOOL         | FOCK_WRITE               | NO     | FALSE              | FALSE              
  | STRING       | ORTH_TYPE                | NO     | CANONICAL          | CANONICAL          
  | STRING       | ROHF_CANONIC_TYPE        | NO     | GUEST              | GUEST              
  | STRING       | ERI                      | NO     | INCORE             | INCORE             
  | STRING       | SCF_ALGORITHM            | NO     | ROOTHAAN           | ROOTHAAN           
  | STRING       | LOCAL_TYPE               | NO     | BOYS               | BOYS               
  | BOOL         | SAD_FRAC_OCC             | NO     | TRUE               | TRUE               
  | BOOL         | SAD_SPIN_AVERAGE         | NO     | TRUE               | TRUE               
  | DOUBLE       | SAD_E_CONVERGENCE        | NO     | 1e-05              | 1e-05              
  | DOUBLE       | SAD_D_CONVERGENCE        | NO     | 1e-05              | 1e-05              
  | INT          | SAD_MAXITER              | NO     | 50                 | 50                 
  | BOOL         | NIE                      | NO     | FALSE              | FALSE              
  | BOOL         | SAD_DIIS                 | NO     | TRUE               | TRUE               
  | INT          | SAD_MAX_DIIS             | NO     | 6                  | 6                  
  | INT          | SAD_MIN_DIIS             | NO     | 2                  | 2                  
  | INT          | SAD_PRINT                | NO     | 0                  | 0                  
  | STRING       | SAD_AUX_BASIS            | NO     | SAD-FIT            | SAD-FIT            
  | DOUBLE       | SAD_CHOLESKY_TOLERANCE   | NO     | 1e-07              | 1e-07              
  | BOOL         | SOLVATION                | YES    | TRUE               | FALSE              
  | BOOL         | BYPASS                   | NO     | FALSE              | FALSE              
  | STRING       | IAO_TYPE                 | NO     | STANDARD2013       | STANDARD2013       
  | BOOL         | USE_IAOS                 | NO     | FALSE              | FALSE              

	Initializing libdiis ...
	Initializing libmolint 1.1 ...
 CC-PVDZ primary basis set file will be read for the S atom...
 CC-PVDZ primary basis set file will be read for the C atom...
 CC-PVDZ primary basis set file will be read for the H atom...
 Nmaxthread: 12 
 Nshell: 50 
 Lmax:  2 
 Npmax: 11 
 Nao: 100 
 Ndocc: 21 
 Nsocc:  0 
 NoccA: 21 
 NoccB: 21 
 Primary basis set info has been read.

 CC-PVDZ-JKFIT aux basis set file will be read for the S atom...
 CC-PVDZ-JKFIT aux basis set file will be read for the C atom...
 CC-PVDZ-JKFIT aux basis set file will be read for the H atom...
 Nshell_aux: 180 
 Naux: 506 
 Aux basis set info has been read.

 orth_type: CANONICAL 
 Cpu time for S ints :       0.0300 s
 Wall time for S ints:       0.0304 s

 Using canonical orthogonalization. 
 Minimum eigenvalue in the overlap matrix is:   4.7836E-03 

 Cpu time for T ints :       0.1700 s
 Wall time for T ints:       0.0424 s
 Cpu time for V ints :       0.7100 s
 Wall time for V ints:       0.2027 s
 Cpu time for Metric ints :       1.0000 s
 Wall time for Metric ints:       0.2676 s
 3-Index Algorithm: AUTO 

 Calling fortran integrals: ringing... 
 Done with fintegrals.

 Cpu time for 3-index ints :       3.2500 s
 Wall time for 3-index ints:       1.1860 s
 Cpu time for df-factors :       0.2200 s
 Wall time for df-factors:       0.0605 s


 Puream (True=1, False=0) : 1
 Number of AO             : 100
 Number of MO             : 100
 Number of Aux Functions  : 506
 Charge                   : 0
 Multiplicity             : 1
 Alpha OCC                : 21
 Beta OCC                 : 21
 Nuclear Repulsion Energy : 162.15571285
 Energy Treshold          : 1.0e-08
 Density Treshold         : 1.0e-06
 Iteration Limit          : 50
 Guess                    : SAD
 Guess Mix                : false
 Diis                     : true
 Diis Damping             : false
 Diis Damp Parameter      : 0.02
 Diis Algorithm           : DISK
 Cutoff Treshold          : 1.0e-10
 Density Fitting          : true
 Reference                : RHF
 Die If Not Converged     : true
 Print Level              : 0
 ERI Algorithm            : INCORE
 SCF Algorithm            : ROOTHAAN




  ## SOLVATION Options ##

  | TYPE         | KEY                      | INPUT? | VALUE              | DEFAULT            
  |--------------|--------------------------|--------|--------------------|--------------------
  | INT          | NUM_Z_POINTS             | NO     | 90                 | 90                 
  | INT          | NUM_ANG_POINTS           | YES    | 100                | 100                
  | STRING       | SASA_TYPE                | YES    | NUMERIC            | NUMERIC            
  | STRING       | CHARGE_TYPE              | YES    | IAO_MULLIKEN       | IAO_MULLIKEN       
  | STRING       | CDS_TYPE                 | YES    | SMD                | SMD                
  | STRING       | SOLVENT                  | YES    | WATER              | WATER              
  | STRING       | SOLVENT_PARAMS           | YES    | MN21               | SM8                
  | STRING       | DIELECTRIC_PARAMS        | YES    | MN21               | MN21               
  | STRING       | COULOMB_RADII            | YES    | SMD                | SMD                
  | DOUBLE       | COVALENT_VW_CONST        | NO     | 0.76               | 0.76               
  | DOUBLE       | SOLVENT_RADIUS           | NO     | 0.4                | 0.4                
  | STRING       | RADIUS_TYPE              | YES    | SMD                | SMD                
  | DOUBLE       | GB_DIJ                   | NO     | 3.7                | 3.7                
  | DOUBLE       | GB_SIJ                   | NO     | 0.75               | 0.75               
  | DOUBLE       | GB_CIJ                   | NO     | 0.0                | 0.0                
  | DOUBLE       | F_PWSASA                 | NO     | 0.4535             | 0.4535             
  | DOUBLE       | SCALE_VDW                | NO     | 1.0                | 1.0                
  | DOUBLE       | SCALE_CR                 | NO     | 1.0                | 1.0                



 Sasa Type                  : NUMERIC 
 Charge Type                : IAO_MULLIKEN 
 CDS Type                   : SMD 
 Radius Type                : SMD 
 Solvent                    : WATER 
 Solvent Parameters         : MN21 
 Dielectric Parameters      : MN21 
 Coulomb Radii Parameters   : SMD 
 GB d_ij parameter          : 3.7000000000 
 GB S_ij parameter          : 0.7500000000 
 GB C_ij parameter          : 0.0000000000 
 Sclae_vdw parameter        : 1.0000000000 
 Number of z-points         : 90 
 Number of angular points   : 100 
 Number of SASA grid points : 17902 
 Solvent Dielectric Constant: 78.3553000000 

 VDW Radii:
	  1 S :       1.8000  ang
	  2 C :       1.7000  ang
	  3 C :       1.7000  ang
	  4 C :       1.7000  ang
	  5 H :       1.2000  ang
	  6 H :       1.2000  ang
	  7 H :       1.2000  ang
	  8 H :       1.2000  ang
	  9 H :       1.2000  ang
	 10 H :       1.2000  ang
	 11 H :       1.2000  ang
	 12 H :       1.2000  ang

	 Computing SASA... 

 Atomic SASA values:
	  1 S :      34.0017  ang^2
	  2 C :       3.6869  ang^2
	  3 C :       3.6683  ang^2
	  4 C :       9.0949  ang^2
	  5 H :      12.0579  ang^2
	  6 H :      11.7829  ang^2
	  7 H :      11.5799  ang^2
	  8 H :      11.8961  ang^2
	  9 H :      12.1944  ang^2
	 10 H :      12.9546  ang^2
	 11 H :      12.2286  ang^2
	 12 H :      13.1469  ang^2

	*Total SASA (angs^2): 148.2931269493 


 Coulomb Radii:
	  1 S :       2.4900  ang
	  2 C :       1.8500  ang
	  3 C :       1.8500  ang
	  4 C :       1.8500  ang
	  5 H :       1.2000  ang
	  6 H :       1.2000  ang
	  7 H :       1.2000  ang
	  8 H :       1.2000  ang
	  9 H :       1.2000  ang
	 10 H :       1.2000  ang
	 11 H :       1.2000  ang
	 12 H :       1.2000  ang
 Solvent Alpha                       : 1.1700000000 

 ## Effective Born Radius (bohr) ##
   0   5.0266376675 
   1   4.3873841536 
   2   4.4142482583 
   3   4.0312907409 
   4   3.5712953214 
   5   3.5635773552 
   6   3.6138200590 
   7   3.5998319031 
   8   3.2001209640 
   9   3.1119052499 
  10   3.1975910473 
  11   3.2087136206 

 Effective Born Radii:
	  1 S :       2.6600  ang
	  2 C :       2.3217  ang
	  3 C :       2.3359  ang
	  4 C :       2.1333  ang
	  5 H :       1.8898  ang
	  6 H :       1.8858  ang
	  7 H :       1.9124  ang
	  8 H :       1.9049  ang
	  9 H :       1.6934  ang
	 10 H :       1.6467  ang
	 11 H :       1.6921  ang
	 12 H :       1.6980  ang


 Coulomb Integrals:
	  1  1 :       0.1989  bohr^-1
	  1  2 :       0.1504  bohr^-1
	  1  3 :       0.1790  bohr^-1
	  1  4 :       0.1178  bohr^-1
	  1  5 :       0.1528  bohr^-1
	  1  6 :       0.1510  bohr^-1
	  1  7 :       0.1733  bohr^-1
	  1  8 :       0.1711  bohr^-1
	  1  9 :       0.1136  bohr^-1
	  1 10 :       0.1038  bohr^-1
	  1 11 :       0.1128  bohr^-1
	  1 12 :       0.2186  bohr^-1
	  2  1 :       0.1504  bohr^-1
	  2  2 :       0.2279  bohr^-1
	  2  3 :       0.1978  bohr^-1
	  2  4 :       0.2045  bohr^-1
	  2  5 :       0.2305  bohr^-1
	  2  6 :       0.2307  bohr^-1
	  2  7 :       0.1868  bohr^-1
	  2  8 :       0.1867  bohr^-1
	  2  9 :       0.1922  bohr^-1
	  2 10 :       0.1937  bohr^-1
	  2 11 :       0.1922  bohr^-1
	  2 12 :       0.1579  bohr^-1
	  3  1 :       0.1790  bohr^-1
	  3  2 :       0.1978  bohr^-1
	  3  3 :       0.2265  bohr^-1
	  3  4 :       0.1678  bohr^-1
	  3  5 :       0.1879  bohr^-1
	  3  6 :       0.1879  bohr^-1
	  3  7 :       0.2288  bohr^-1
	  3  8 :       0.2293  bohr^-1
	  3  9 :       0.1661  bohr^-1
	  3 10 :       0.1426  bohr^-1
	  3 11 :       0.1659  bohr^-1
	  3 12 :       0.1819  bohr^-1
	  4  1 :       0.1178  bohr^-1
	  4  2 :       0.2045  bohr^-1
	  4  3 :       0.1678  bohr^-1
	  4  4 :       0.2481  bohr^-1
	  4  5 :       0.1916  bohr^-1
	  4  6 :       0.1919  bohr^-1
	  4  7 :       0.1656  bohr^-1
	  4  8 :       0.1656  bohr^-1
	  4  9 :       0.2496  bohr^-1
	  4 10 :       0.2524  bohr^-1
	  4 11 :       0.2496  bohr^-1
	  4 12 :       0.1171  bohr^-1
	  5  1 :       0.1528  bohr^-1
	  5  2 :       0.2305  bohr^-1
	  5  3 :       0.1879  bohr^-1
	  5  4 :       0.1916  bohr^-1
	  5  5 :       0.2800  bohr^-1
	  5  6 :       0.2182  bohr^-1
	  5  7 :       0.1812  bohr^-1
	  5  8 :       0.1585  bohr^-1
	  5  9 :       0.1841  bohr^-1
	  5 10 :       0.1863  bohr^-1
	  5 11 :       0.1602  bohr^-1
	  5 12 :       0.1497  bohr^-1
	  6  1 :       0.1510  bohr^-1
	  6  2 :       0.2307  bohr^-1
	  6  3 :       0.1879  bohr^-1
	  6  4 :       0.1919  bohr^-1
	  6  5 :       0.2182  bohr^-1
	  6  6 :       0.2806  bohr^-1
	  6  7 :       0.1585  bohr^-1
	  6  8 :       0.1808  bohr^-1
	  6  9 :       0.1604  bohr^-1
	  6 10 :       0.1865  bohr^-1
	  6 11 :       0.1846  bohr^-1
	  6 12 :       0.1751  bohr^-1
	  7  1 :       0.1733  bohr^-1
	  7  2 :       0.1868  bohr^-1
	  7  3 :       0.2288  bohr^-1
	  7  4 :       0.1656  bohr^-1
	  7  5 :       0.1812  bohr^-1
	  7  6 :       0.1585  bohr^-1
	  7  7 :       0.2767  bohr^-1
	  7  8 :       0.2165  bohr^-1
	  7  9 :       0.1800  bohr^-1
	  7 10 :       0.1355  bohr^-1
	  7 11 :       0.1569  bohr^-1
	  7 12 :       0.1518  bohr^-1
	  8  1 :       0.1711  bohr^-1
	  8  2 :       0.1867  bohr^-1
	  8  3 :       0.2293  bohr^-1
	  8  4 :       0.1656  bohr^-1
	  8  5 :       0.1585  bohr^-1
	  8  6 :       0.1808  bohr^-1
	  8  7 :       0.2165  bohr^-1
	  8  8 :       0.2778  bohr^-1
	  8  9 :       0.1574  bohr^-1
	  8 10 :       0.1353  bohr^-1
	  8 11 :       0.1797  bohr^-1
	  8 12 :       0.1784  bohr^-1
	  9  1 :       0.1136  bohr^-1
	  9  2 :       0.1922  bohr^-1
	  9  3 :       0.1661  bohr^-1
	  9  4 :       0.2496  bohr^-1
	  9  5 :       0.1841  bohr^-1
	  9  6 :       0.1604  bohr^-1
	  9  7 :       0.1800  bohr^-1
	  9  8 :       0.1574  bohr^-1
	  9  9 :       0.3125  bohr^-1
	  9 10 :       0.2328  bohr^-1
	  9 11 :       0.2311  bohr^-1
	  9 12 :       0.1051  bohr^-1
	 10  1 :       0.1038  bohr^-1
	 10  2 :       0.1937  bohr^-1
	 10  3 :       0.1426  bohr^-1
	 10  4 :       0.2524  bohr^-1
	 10  5 :       0.1863  bohr^-1
	 10  6 :       0.1865  bohr^-1
	 10  7 :       0.1355  bohr^-1
	 10  8 :       0.1353  bohr^-1
	 10  9 :       0.2328  bohr^-1
	 10 10 :       0.3213  bohr^-1
	 10 11 :       0.2328  bohr^-1
	 10 12 :       0.1034  bohr^-1
	 11  1 :       0.1128  bohr^-1
	 11  2 :       0.1922  bohr^-1
	 11  3 :       0.1659  bohr^-1
	 11  4 :       0.2496  bohr^-1
	 11  5 :       0.1602  bohr^-1
	 11  6 :       0.1846  bohr^-1
	 11  7 :       0.1569  bohr^-1
	 11  8 :       0.1797  bohr^-1
	 11  9 :       0.2311  bohr^-1
	 11 10 :       0.2328  bohr^-1
	 11 11 :       0.3127  bohr^-1
	 11 12 :       0.1138  bohr^-1
	 12  1 :       0.2186  bohr^-1
	 12  2 :       0.1579  bohr^-1
	 12  3 :       0.1819  bohr^-1
	 12  4 :       0.1171  bohr^-1
	 12  5 :       0.1497  bohr^-1
	 12  6 :       0.1751  bohr^-1
	 12  7 :       0.1518  bohr^-1
	 12  8 :       0.1784  bohr^-1
	 12  9 :       0.1051  bohr^-1
	 12 10 :       0.1034  bohr^-1
	 12 11 :       0.1138  bohr^-1
	 12 12 :       0.3117  bohr^-1
    ===> SCF Iteration Started <===

     Iter. |                   Energy |       Delta E |          Drms |
    -------|--------------------------|---------------|---------------|
         1 |      -515.26167638276979 |    -5.153e+02 |     1.416e-02 |
         2 |      -515.69176460385052 |    -4.301e-01 |     2.975e-03 | DIIS
         3 |      -515.78646923331416 |    -9.470e-02 |     9.807e-04 | DIIS
         4 |      -515.80025153252518 |    -1.378e-02 |     4.243e-04 | DIIS
         5 |      -515.80172041880303 |    -1.469e-03 |     8.724e-05 | DIIS
         6 |      -515.80177668572037 |    -5.627e-05 |     2.374e-05 | DIIS
         7 |      -515.80178586572470 |    -9.180e-06 |     6.849e-06 | DIIS
         8 |      -515.80178673947194 |    -8.737e-07 |     1.956e-06 | DIIS
         9 |      -515.80178713821726 |    -3.987e-07 |     5.287e-07 | DIIS
        10 |      -515.80178721448078 |    -7.626e-08 |     4.190e-07 | DIIS
        11 |      -515.80178720737308 |     7.108e-09 |     1.040e-07 | DIIS


	-Alpha Occupied Orbital Energies (au):  
	 1: -91.9249392238 	 2: -11.2449797166 	 3: -11.2143217473 	 4: -11.2075935548 	 5: -8.9277019811 
	 6: -6.6097855351 	 7: -6.6082832478 	 8: -6.6060093534 	 9: -1.0651841590 	10: -0.9721515183 
	11: -0.8594766220 	12: -0.7866840911 	13: -0.6301459386 	14: -0.5748254400 	15: -0.5473851229 
	16: -0.5330069066 	17: -0.4927265862 	18: -0.4725350348 	19: -0.4616067232 	20: -0.4190098682 
	21: -0.3323773421 
	-Alpha Virtual Orbital Energies (au):  
	22: 0.1707479830 	23: 0.1983653563 	24: 0.2303662986 	25: 0.2360752454 	26: 0.2437068498 
	27: 0.2643764080 	28: 0.2844372687 	29: 0.2917106879 	30: 0.3006150630 	31: 0.3783039188 
	32: 0.4034831148 	33: 0.5166721839 	34: 0.5733915646 	35: 0.5904213057 	36: 0.6019147111 
	37: 0.6126816138 	38: 0.6294154037 	39: 0.6841047587 	40: 0.7235509357 	41: 0.7438263291 
	42: 0.7871534659 	43: 0.8005990778 	44: 0.8391451473 	45: 0.8470497206 	46: 0.8530320685 
	47: 0.8848894573 	48: 0.8936757173 	49: 0.8943389708 	50: 0.9042862790 	51: 0.9130942817 
	52: 0.9262936201 	53: 0.9475989928 	54: 0.9789351642 	55: 1.0005642336 	56: 1.0226745288 
	57: 1.1607118629 	58: 1.1916674530 	59: 1.2542696205 	60: 1.3090346052 	61: 1.3759753480 
	62: 1.4493715601 	63: 1.4544374784 	64: 1.4582243268 	65: 1.5342667887 	66: 1.6523415133 
	67: 1.6859438316 	68: 1.6885977938 	69: 1.7230000201 	70: 1.7673624326 	71: 1.8739408732 
	72: 1.8799499898 	73: 1.8890433013 	74: 1.8925902023 	75: 1.9173398256 	76: 1.9579609914 
	77: 1.9670245449 	78: 1.9733950150 	79: 1.9850952504 	80: 1.9919726447 	81: 2.0557472406 
	82: 2.0730438644 	83: 2.1360471032 	84: 2.1888865061 	85: 2.2304719629 	86: 2.3102152942 
	87: 2.3512777441 	88: 2.3862340968 	89: 2.4587546210 	90: 2.4788451984 	91: 2.5497040810 
	92: 2.5813183136 	93: 2.6057064209 	94: 2.7570344361 	95: 2.7643002687 	96: 2.7774306477 
	97: 2.8756940966 	98: 2.9236210638 	99: 2.9880478968 	100: 3.0184691392 


	-Mulliken Population Analysis for SCF:
	 1: -0.1089041084 	 2: -0.0733296009 	 3: -0.1545051075 	 4: -0.0448706147 	 5: 0.0442026547 
	 6: 0.0314023195 	 7: 0.0704347019 	 8: 0.0669059106 	 9: 0.0314782826 	10: 0.0358537983 
	11: 0.0300242287 	12: 0.0713075353 

	-Lowdin Population Analysis for SCF:  
	 1: 0.1070693047 	 2: -0.0561384795 	 3: -0.1272612058 	 4: -0.0502734081 	 5: 0.0236865312 
	 6: 0.0194276864 	 7: 0.0243457392 	 8: 0.0187692231 	 9: 0.0209294576 	10: 0.0248436515 
	11: 0.0202595885 	12: -0.0256580888 

	-Electronic Dipole Moment: (e a0)  
	 X:  7.97775   Y:  -0.00421   Z:  0.84314   Total:  8.02218 

	-Electronic Dipole Moment: (D)  
	 X:  20.27742   Y:  -0.01070   Z:  2.14304   Total:  20.39036 

	-Total Dipole Moment: (e a0)  
	 X:  -0.65146   Y:  0.02562   Z:  -0.31484   Total:  0.72401 

	-Total Dipole Moment: (D)  
	 X:  -1.65586   Y:  0.06513   Z:  -0.80023   Total:  1.84024 



	Initializing Liboeprop (by U. Bozkaya) ...


	-Mulliken Population Analysis for SCF-IAO:
	 1: -0.0657711870 	 2: -0.2113143681 	 3: -0.2859303446 	 4: -0.3585555252 	 5: 0.1236165576 
	 6: 0.1135558388 	 7: 0.1360464846 	 8: 0.1305648173 	 9: 0.1170592489 	10: 0.1251508979 
	11: 0.1163957088 	12: 0.0593023175 

	-Lowdin Population Analysis for SCF-IAO:  
	 1: -0.0657711870 	 2: -0.2113143681 	 3: -0.2859303446 	 4: -0.3585555252 	 5: 0.1236165576 
	 6: 0.1135558388 	 7: 0.1360464846 	 8: 0.1305648173 	 9: 0.1170592489 	10: 0.1251508979 
	11: 0.1163957088 	12: 0.0593023175 

	Initializing Liblocal (by U. Bozkaya) ...
  ==> Pipek-Mezey Localizer <==

    Convergence =   1.000E-08
    Maxiter     =          50

    Iteration                   Metric       Residual
    PM    0   1.4591309882778953E+01              -
    PM    1   2.3701008731183318E+01   6.243236E-01
    PM    2   2.5773615190408506E+01   8.744803E-02
    PM    3   2.5830978114468433E+01   2.225645E-03
    PM    4   2.5831682470177210E+01   2.726787E-05
    PM    5   2.5831687413532482E+01   1.913679E-07
    PM    6   2.5831687456977402E+01   1.681846E-09

    PM Localizer converged.



	*Molecular contr. to CDS energy:       0.0000  kcal/mol
	*Total CDS energy:       2.2230  kcal/mol
	*SCF::Polarization Free Energy (au)      : -0.0008247465 
	*SCF::Polarization Free Energy (kcal/mol):      -0.5175 
	*SCF::CDS Free Energy (au)      : 0.0035426556 
	*SCF::CDS Free Energy (kcal/mol):       2.2230 
	*SCF::Total Solvation Free Energy (au)      : 0.0027179092 
	*SCF::Total Solvation Free Energy (kcal/mol):       1.7055 
 CC-PVDZ primary basis set file will be read for the S atom...
 CC-PVDZ primary basis set file will be read for the C atom...
 CC-PVDZ primary basis set file will be read for the H atom...
 Nmaxthread: 12 
 Nshell: 50 
 Lmax:  2 
 Npmax: 11 
 Nao: 100 
 Ndocc: 21 
 Nsocc:  0 
 NoccA: 21 
 NoccB: 21 
 Primary basis set info has been read.

 CC-PVDZ-JKFIT aux basis set file will be read for the S atom...
 CC-PVDZ-JKFIT aux basis set file will be read for the C atom...
 CC-PVDZ-JKFIT aux basis set file will be read for the H atom...
 Nshell_aux: 180 
 Naux: 506 
 Aux basis set info has been read.


	*Total SCF Energy: -515.80178720737308

 Cpu time for SCF :       1.0425 minutes
 Wall time for SCF:       0.3950 minutes


	MO spaces... 

	 FC   OCC   VIR   FV 
	----------------------
	  8   13    79    0


	Libtrans is initialized (by U. Bozkaya) ...

 ============================================================================== 
 ============================================================================== 
 ============================================================================== 

                       DF-MP2   
              Program Written by Ugur Bozkaya
              Latest Revision May 2, 2021

 ============================================================================== 
 ============================================================================== 
 ============================================================================== 

	For this residual convergence, default PCG convergence is:     1.00e-07
    Warning: "PCG_CONVERGENCE" option is changed to     1.00e-07


  ## DFOCC Options ##

  | TYPE         | KEY                      | INPUT? | VALUE              | DEFAULT            
  |--------------|--------------------------|--------|--------------------|--------------------
  | BOOL         | EOM                      | NO     | FALSE              | FALSE              
  | BOOL         | EOM_MP2                  | NO     | FALSE              | FALSE              
  | BOOL         | EOM_MP3                  | NO     | FALSE              | FALSE              
  | BOOL         | EOM_MP2_5                | NO     | FALSE              | FALSE              
  | BOOL         | EOM_LCCD                 | NO     | FALSE              | FALSE              
  | BOOL         | LOW_MEM_MP2              | NO     | FALSE              | FALSE              
  | BOOL         | LOW_MEM_MP3              | NO     | FALSE              | FALSE              
  | BOOL         | CD_PRESCREEN             | NO     | FALSE              | FALSE              
  | DOUBLE       | CIS_E_CONV               | NO     | 1e-06              | 1e-06              
  | DOUBLE       | CIS_R_CONV               | NO     | 1e-06              | 1e-06              
  | DOUBLE       | CIS_RES_PRECONDITION_TOL | NO     | 0.0001             | 0.0001             
  | DOUBLE       | DAVIDSON_TOLERANCE       | NO     | 1e-06              | 1e-06              
  | DOUBLE       | E3_SCALE                 | NO     | 0.25               | 0.25               
  | DOUBLE       | E_CONVERGENCE            | NO     | 1e-06              | 1e-06              
  | DOUBLE       | JK_MEMORY                | NO     | 1000000000.0       | 1000000000.0       
  | DOUBLE       | LEVEL_SHIFT              | NO     | 0.02               | 0.02               
  | DOUBLE       | MAX_MOGRAD_CONVERGENCE   | NO     | 0.001              | 0.001              
  | DOUBLE       | MO_STEP_MAX              | NO     | 0.5                | 0.5                
  | DOUBLE       | MP2_OS_SCALE             | NO     | 1.2                | 1.2                
  | DOUBLE       | MP2_SOS_SCALE            | NO     | 1.3                | 1.3                
  | DOUBLE       | MP2_SOS_SCALE2           | NO     | 1.2                | 1.2                
  | DOUBLE       | MP2_SS_SCALE             | NO     | 0.3333333333333333 | 0.3333333333333333 
  | DOUBLE       | OCC_PERCENTAGE           | NO     | 99.0               | 99.0               
  | DOUBLE       | OCC_TOLERANCE            | NO     | 1e-05              | 1e-05              
  | DOUBLE       | OO_SCALE                 | NO     | 0.01               | 0.01               
  | DOUBLE       | PCG_CONVERGENCE          | NO     | 1e-06              | 1e-06              
  | DOUBLE       | R_CONVERGENCE            | NO     | 1e-05              | 1e-05              
  | DOUBLE       | REG_PARAM                | NO     | 0.4                | 0.4                
  | DOUBLE       | KAPPA_REG_PARAM          | NO     | 1.1                | 1.1                
  | DOUBLE       | RMS_MOGRAD_CONVERGENCE   | NO     | 1e-06              | 1e-06              
  | DOUBLE       | SCG_TOLERANCE            | NO     | 1e-06              | 1e-06              
  | DOUBLE       | SCHMIDT_ADD_RES_TOL      | NO     | 0.001              | 0.001              
  | INT          | ACTIVE_NAT_ORBS          | NO     | 2                  | 2                  
  | INT          | CC_DIIS_MAX_VECS         | NO     | 6                  | 6                  
  | INT          | CC_DIIS_MIN_VECS         | NO     | 2                  | 2                  
  | INT          | CC_MAXITER               | NO     | 50                 | 50                 
  | INT          | CUTOFF                   | NO     | 8                  | 8                  
  | INT          | EXCITATION_RANGE         | NO     | 2                  | 2                  
  | INT          | FOLLOW_ROOT              | NO     | 1                  | 1                  
  | INT          | INTEGRAL_CUTOFF          | NO     | 9                  | 9                  
  | INT          | MAX_VECS                 | NO     | 50                 | 50                 
  | INT          | MO_DIIS_NUM_VECS         | NO     | 6                  | 6                  
  | INT          | MO_MAXITER               | NO     | 50                 | 50                 
  | INT          | NUM_ROOTS                | NO     | 4                  | 4                  
  | INT          | PCG_MAXITER              | NO     | 50                 | 50                 
  | INT          | PRINT_LEVEL              | NO     | 0                  | 0                  
  | INT          | VECS_PER_ROOT            | NO     | 1                  | 1                  
  | STRING       | CC_LAMBDA                | NO     | FALSE              | FALSE              
  | STRING       | CHOLESKY                 | NO     | FALSE              | FALSE              
  | STRING       | CIS_ALGORITHM            | NO     | MO_BASIS           | MO_BASIS           
  | STRING       | CIS_GUESS_COEFF          | NO     | MIX                | MIX                
  | STRING       | COMPUT_S2                | NO     | FALSE              | FALSE              
  | STRING       | DIAG_METHOD              | NO     | DAVIDSON           | DAVIDSON           
  | STRING       | DO_DIIS                  | NO     | TRUE               | TRUE               
  | STRING       | DO_LEVEL_SHIFT           | NO     | TRUE               | TRUE               
  | STRING       | DO_SCS                   | NO     | FALSE              | FALSE              
  | STRING       | DO_SOS                   | NO     | FALSE              | FALSE              
  | STRING       | EKT_IP                   | NO     | FALSE              | FALSE              
  | STRING       | FREEZE_CORE              | NO     | TRUE               | TRUE               
  | STRING       | HESS_TYPE                | NO     | HF                 | HF                 
  | STRING       | JK_TYPE                  | NO     | DIRECT             | DIRECT             
  | STRING       | LINEQ_SOLVER             | NO     | CDGESV             | CDGESV             
  | STRING       | MO_READ                  | NO     | FALSE              | FALSE              
  | STRING       | MO_WRITE                 | NO     | FALSE              | FALSE              
  | STRING       | MP2_AMP_TYPE             | NO     | DIRECT             | DIRECT             
  | STRING       | NAT_ORBS                 | NO     | FALSE              | FALSE              
  | STRING       | NBO                      | NO     | TRUE               | TRUE               
  | STRING       | OCC_ORBS_PRINT           | NO     | FALSE              | FALSE              
  | STRING       | OEPROP                   | NO     | FALSE              | FALSE              
  | STRING       | OPT_METHOD               | NO     | QNR                | QNR                
  | STRING       | ORB_RESP_SOLVER          | NO     | PCG                | PCG                
  | STRING       | ORTH_TYPE                | NO     | MGS                | MGS                
  | STRING       | PCG_BETA_TYPE            | NO     | FLETCHER_REEVES    | FLETCHER_REEVES    
  | STRING       | PPL_TYPE                 | NO     | AUTO               | AUTO               
  | STRING       | PRINT_CI_VECS            | NO     | FALSE              | FALSE              
  | STRING       | QCHF                     | NO     | FALSE              | FALSE              
  | STRING       | READ_SCF_3INDEX          | NO     | TRUE               | TRUE               
  | STRING       | REGULARIZATION           | NO     | FALSE              | FALSE              
  | STRING       | REG_TYPE                 | NO     | NORMAL             | NORMAL             
  | STRING       | SCS_TYPE                 | NO     | SCS                | SCS                
  | STRING       | SOS_TYPE                 | NO     | SOS                | SOS                
  | STRING       | TRIPLES_IABC_TYPE        | NO     | DISK               | DISK               
  | STRING       | UNIT_GUESS_TYPE          | NO     | GEN                | GEN                
  | STRING       | EKT_NEGATIVE_OCC         | NO     | ABS                | ABS                
  | BOOL         | SOLVATION                | YES    | TRUE               | FALSE              

	MO spaces... 

	 FC   OCC   VIR   FV 
	----------------------
	  8   13    79    0
 CC-PVDZ primary basis set file will be read for the S atom...
 CC-PVDZ primary basis set file will be read for the C atom...
 CC-PVDZ primary basis set file will be read for the H atom...
 Nmaxthread: 12 
 Nshell: 50 
 Lmax:  2 
 Npmax: 11 
 Nao: 100 
 Ndocc: 21 
 Nsocc:  0 
 NoccA: 21 
 NoccB: 21 
 Primary basis set info has been read.

 CC-PVDZ-RI aux basis set file will be read for the S atom...
 CC-PVDZ-RI aux basis set file will be read for the C atom...
 CC-PVDZ-RI aux basis set file will be read for the H atom...
 Nshell_aux: 126 
 Naux: 356 
 Aux basis set info has been read.

 Cpu time for Metric ints :       0.2400 s
 Wall time for Metric ints:       0.1141 s
 3-Index Algorithm: AUTO 

 Calling fortran integrals: ringing... 
 Done with fintegrals.

 Cpu time for 3-index ints :       2.8400 s
 Wall time for 3-index ints:       1.1437 s
 Cpu time for df-factors :       0.2200 s
 Wall time for df-factors:       0.0588 s
 CC-PVDZ primary basis set file will be read for the S atom...
 CC-PVDZ primary basis set file will be read for the C atom...
 CC-PVDZ primary basis set file will be read for the H atom...
 Nmaxthread: 12 
 Nshell: 50 
 Lmax:  2 
 Npmax: 11 
 Nao: 100 
 Ndocc: 21 
 Nsocc:  0 
 NoccA: 21 
 NoccB: 21 
 Primary basis set info has been read.

 CC-PVDZ-JKFIT aux basis set file will be read for the S atom...
 CC-PVDZ-JKFIT aux basis set file will be read for the C atom...
 CC-PVDZ-JKFIT aux basis set file will be read for the H atom...
 Nshell_aux: 180 
 Naux: 506 
 Aux basis set info has been read.

	Reading DF integrals from disk ...
 Cpu time for Metric ints :       0.6400 s
 Wall time for Metric ints:       0.1590 s
	Number of basis functions in the DF-HF basis: 506
	Number of basis functions in the DF-CC basis: 356

	Available memory                      :  30000.00 MB 
	Minimum required memory for amplitudes:     25.31 MB 
	Memory requirement for B-CC (Q|mu nu) :     28.48 MB 
	Memory requirement for B-CC (Q|ab)    :     17.77 MB 
	Memory requirement for DF-CC int trans:     50.98 MB 

	Computing DF-MP2 energy using SCF MOs (Canonical DF-MP2)... 
	======================================================================= 
	Nuclear Repulsion Energy (a.u.)    :   162.15571233514612
	DF-HF Energy (a.u.)                :  -515.80178720737308
	REF Energy (a.u.)                  :  -515.80178720737308
	DF-MP2 Correlation Energy (a.u.)   :    -0.57672303009634
	DF-MP2 Total Energy (a.u.)         :  -516.37851023746941
	======================================================================= 

	*Total MP2 Energy: -516.37851023746941

	Computing unrelaxed response density matrices...
	Number of independent-pairs: 1659
	Computing the generalized Fock matrix (GFM)...
	Computing the orbital gradient...
	Forming effective orbital gradient...
	Solving orbital Z-vector equations...

	            PCG Solver 
	   ------------------------------ 
	Iter     RMS Z Vector        RMS Residual  
	----    ---------------    ---------------
	  1         1.11e-03         6.33e-04
	  2         2.85e-04         2.25e-04
	  3         1.07e-04         3.77e-05
	  4         2.15e-05         1.31e-05
	  5         5.56e-06         3.11e-06
	  6         1.58e-06         1.04e-06
	  7         6.15e-07         3.25e-07
	  8         2.37e-07         1.04e-07
	  9         5.16e-08         3.05e-08

	Computing the relaxed PDMs and GFM...
	Compute solv. is starting ...

	Initializing Liboeprop (by U. Bozkaya) ...


	-Mulliken Population Analysis for MP2-IAO:
	 1: 0.1465435692 	 2: -0.0718071972 	 3: -0.1621041954 	 4: -0.2293315504 	 5: 0.0820089303 
	 6: 0.0747137822 	 7: 0.0860951379 	 8: 0.0808245108 	 9: 0.0770184161 	10: 0.0715404437 
	11: 0.0771496577 	12: -0.0208751182 

	-Lowdin Population Analysis for MP2-IAO:  
	 1: 0.1465435692 	 2: -0.0718071972 	 3: -0.1621041954 	 4: -0.2293315504 	 5: 0.0820089303 
	 6: 0.0747137822 	 7: 0.0860951379 	 8: 0.0808245108 	 9: 0.0770184161 	10: 0.0715404437 
	11: 0.0771496577 	12: -0.0208751182 


  ## SOLVATION Options ##

  | TYPE         | KEY                      | INPUT? | VALUE              | DEFAULT            
  |--------------|--------------------------|--------|--------------------|--------------------
  | INT          | NUM_Z_POINTS             | NO     | 90                 | 90                 
  | INT          | NUM_ANG_POINTS           | YES    | 100                | 100                
  | STRING       | SASA_TYPE                | YES    | NUMERIC            | NUMERIC            
  | STRING       | CHARGE_TYPE              | YES    | IAO_MULLIKEN       | IAO_MULLIKEN       
  | STRING       | CDS_TYPE                 | YES    | SMD                | SMD                
  | STRING       | SOLVENT                  | YES    | WATER              | WATER              
  | STRING       | SOLVENT_PARAMS           | YES    | MN21               | SM8                
  | STRING       | DIELECTRIC_PARAMS        | YES    | MN21               | MN21               
  | STRING       | COULOMB_RADII            | YES    | SMD                | SMD                
  | DOUBLE       | COVALENT_VW_CONST        | NO     | 0.76               | 0.76               
  | DOUBLE       | SOLVENT_RADIUS           | NO     | 0.4                | 0.4                
  | STRING       | RADIUS_TYPE              | YES    | SMD                | SMD                
  | DOUBLE       | GB_DIJ                   | NO     | 3.7                | 3.7                
  | DOUBLE       | GB_SIJ                   | NO     | 0.75               | 0.75               
  | DOUBLE       | GB_CIJ                   | NO     | 0.0                | 0.0                
  | DOUBLE       | F_PWSASA                 | NO     | 0.4535             | 0.4535             
  | DOUBLE       | SCALE_VDW                | NO     | 1.0                | 1.0                
  | DOUBLE       | SCALE_CR                 | NO     | 1.0                | 1.0                



 Sasa Type                  : NUMERIC 
 Charge Type                : IAO_MULLIKEN 
 CDS Type                   : SMD 
 Radius Type                : SMD 
 Solvent                    : WATER 
 Solvent Parameters         : MN21 
 Dielectric Parameters      : MN21 
 Coulomb Radii Parameters   : SMD 
 GB d_ij parameter          : 3.7000000000 
 GB S_ij parameter          : 0.7500000000 
 GB C_ij parameter          : 0.0000000000 
 Sclae_vdw parameter        : 1.0000000000 
 Number of z-points         : 90 
 Number of angular points   : 100 
 Number of SASA grid points : 17902 
 Solvent Dielectric Constant: 78.3553000000 

 VDW Radii:
	  1 S :       1.8000  ang
	  2 C :       1.7000  ang
	  3 C :       1.7000  ang
	  4 C :       1.7000  ang
	  5 H :       1.2000  ang
	  6 H :       1.2000  ang
	  7 H :       1.2000  ang
	  8 H :       1.2000  ang
	  9 H :       1.2000  ang
	 10 H :       1.2000  ang
	 11 H :       1.2000  ang
	 12 H :       1.2000  ang

	 Computing SASA... 

 Atomic SASA values:
	  1 S :      34.0017  ang^2
	  2 C :       3.6869  ang^2
	  3 C :       3.6683  ang^2
	  4 C :       9.0949  ang^2
	  5 H :      12.0579  ang^2
	  6 H :      11.7829  ang^2
	  7 H :      11.5799  ang^2
	  8 H :      11.8961  ang^2
	  9 H :      12.1944  ang^2
	 10 H :      12.9546  ang^2
	 11 H :      12.2286  ang^2
	 12 H :      13.1469  ang^2

	*Total SASA (angs^2): 148.2931269493 


 Coulomb Radii:
	  1 S :       2.4900  ang
	  2 C :       1.8500  ang
	  3 C :       1.8500  ang
	  4 C :       1.8500  ang
	  5 H :       1.2000  ang
	  6 H :       1.2000  ang
	  7 H :       1.2000  ang
	  8 H :       1.2000  ang
	  9 H :       1.2000  ang
	 10 H :       1.2000  ang
	 11 H :       1.2000  ang
	 12 H :       1.2000  ang
 Solvent Alpha                       : 1.1700000000 

 ## Effective Born Radius (bohr) ##
   0   5.0266376675 
   1   4.3873841536 
   2   4.4142482583 
   3   4.0312907409 
   4   3.5712953214 
   5   3.5635773552 
   6   3.6138200590 
   7   3.5998319031 
   8   3.2001209640 
   9   3.1119052499 
  10   3.1975910473 
  11   3.2087136206 

 Effective Born Radii:
	  1 S :       2.6600  ang
	  2 C :       2.3217  ang
	  3 C :       2.3359  ang
	  4 C :       2.1333  ang
	  5 H :       1.8898  ang
	  6 H :       1.8858  ang
	  7 H :       1.9124  ang
	  8 H :       1.9049  ang
	  9 H :       1.6934  ang
	 10 H :       1.6467  ang
	 11 H :       1.6921  ang
	 12 H :       1.6980  ang


 Coulomb Integrals:
	  1  1 :       0.1989  bohr^-1
	  1  2 :       0.1504  bohr^-1
	  1  3 :       0.1790  bohr^-1
	  1  4 :       0.1178  bohr^-1
	  1  5 :       0.1528  bohr^-1
	  1  6 :       0.1510  bohr^-1
	  1  7 :       0.1733  bohr^-1
	  1  8 :       0.1711  bohr^-1
	  1  9 :       0.1136  bohr^-1
	  1 10 :       0.1038  bohr^-1
	  1 11 :       0.1128  bohr^-1
	  1 12 :       0.2186  bohr^-1
	  2  1 :       0.1504  bohr^-1
	  2  2 :       0.2279  bohr^-1
	  2  3 :       0.1978  bohr^-1
	  2  4 :       0.2045  bohr^-1
	  2  5 :       0.2305  bohr^-1
	  2  6 :       0.2307  bohr^-1
	  2  7 :       0.1868  bohr^-1
	  2  8 :       0.1867  bohr^-1
	  2  9 :       0.1922  bohr^-1
	  2 10 :       0.1937  bohr^-1
	  2 11 :       0.1922  bohr^-1
	  2 12 :       0.1579  bohr^-1
	  3  1 :       0.1790  bohr^-1
	  3  2 :       0.1978  bohr^-1
	  3  3 :       0.2265  bohr^-1
	  3  4 :       0.1678  bohr^-1
	  3  5 :       0.1879  bohr^-1
	  3  6 :       0.1879  bohr^-1
	  3  7 :       0.2288  bohr^-1
	  3  8 :       0.2293  bohr^-1
	  3  9 :       0.1661  bohr^-1
	  3 10 :       0.1426  bohr^-1
	  3 11 :       0.1659  bohr^-1
	  3 12 :       0.1819  bohr^-1
	  4  1 :       0.1178  bohr^-1
	  4  2 :       0.2045  bohr^-1
	  4  3 :       0.1678  bohr^-1
	  4  4 :       0.2481  bohr^-1
	  4  5 :       0.1916  bohr^-1
	  4  6 :       0.1919  bohr^-1
	  4  7 :       0.1656  bohr^-1
	  4  8 :       0.1656  bohr^-1
	  4  9 :       0.2496  bohr^-1
	  4 10 :       0.2524  bohr^-1
	  4 11 :       0.2496  bohr^-1
	  4 12 :       0.1171  bohr^-1
	  5  1 :       0.1528  bohr^-1
	  5  2 :       0.2305  bohr^-1
	  5  3 :       0.1879  bohr^-1
	  5  4 :       0.1916  bohr^-1
	  5  5 :       0.2800  bohr^-1
	  5  6 :       0.2182  bohr^-1
	  5  7 :       0.1812  bohr^-1
	  5  8 :       0.1585  bohr^-1
	  5  9 :       0.1841  bohr^-1
	  5 10 :       0.1863  bohr^-1
	  5 11 :       0.1602  bohr^-1
	  5 12 :       0.1497  bohr^-1
	  6  1 :       0.1510  bohr^-1
	  6  2 :       0.2307  bohr^-1
	  6  3 :       0.1879  bohr^-1
	  6  4 :       0.1919  bohr^-1
	  6  5 :       0.2182  bohr^-1
	  6  6 :       0.2806  bohr^-1
	  6  7 :       0.1585  bohr^-1
	  6  8 :       0.1808  bohr^-1
	  6  9 :       0.1604  bohr^-1
	  6 10 :       0.1865  bohr^-1
	  6 11 :       0.1846  bohr^-1
	  6 12 :       0.1751  bohr^-1
	  7  1 :       0.1733  bohr^-1
	  7  2 :       0.1868  bohr^-1
	  7  3 :       0.2288  bohr^-1
	  7  4 :       0.1656  bohr^-1
	  7  5 :       0.1812  bohr^-1
	  7  6 :       0.1585  bohr^-1
	  7  7 :       0.2767  bohr^-1
	  7  8 :       0.2165  bohr^-1
	  7  9 :       0.1800  bohr^-1
	  7 10 :       0.1355  bohr^-1
	  7 11 :       0.1569  bohr^-1
	  7 12 :       0.1518  bohr^-1
	  8  1 :       0.1711  bohr^-1
	  8  2 :       0.1867  bohr^-1
	  8  3 :       0.2293  bohr^-1
	  8  4 :       0.1656  bohr^-1
	  8  5 :       0.1585  bohr^-1
	  8  6 :       0.1808  bohr^-1
	  8  7 :       0.2165  bohr^-1
	  8  8 :       0.2778  bohr^-1
	  8  9 :       0.1574  bohr^-1
	  8 10 :       0.1353  bohr^-1
	  8 11 :       0.1797  bohr^-1
	  8 12 :       0.1784  bohr^-1
	  9  1 :       0.1136  bohr^-1
	  9  2 :       0.1922  bohr^-1
	  9  3 :       0.1661  bohr^-1
	  9  4 :       0.2496  bohr^-1
	  9  5 :       0.1841  bohr^-1
	  9  6 :       0.1604  bohr^-1
	  9  7 :       0.1800  bohr^-1
	  9  8 :       0.1574  bohr^-1
	  9  9 :       0.3125  bohr^-1
	  9 10 :       0.2328  bohr^-1
	  9 11 :       0.2311  bohr^-1
	  9 12 :       0.1051  bohr^-1
	 10  1 :       0.1038  bohr^-1
	 10  2 :       0.1937  bohr^-1
	 10  3 :       0.1426  bohr^-1
	 10  4 :       0.2524  bohr^-1
	 10  5 :       0.1863  bohr^-1
	 10  6 :       0.1865  bohr^-1
	 10  7 :       0.1355  bohr^-1
	 10  8 :       0.1353  bohr^-1
	 10  9 :       0.2328  bohr^-1
	 10 10 :       0.3213  bohr^-1
	 10 11 :       0.2328  bohr^-1
	 10 12 :       0.1034  bohr^-1
	 11  1 :       0.1128  bohr^-1
	 11  2 :       0.1922  bohr^-1
	 11  3 :       0.1659  bohr^-1
	 11  4 :       0.2496  bohr^-1
	 11  5 :       0.1602  bohr^-1
	 11  6 :       0.1846  bohr^-1
	 11  7 :       0.1569  bohr^-1
	 11  8 :       0.1797  bohr^-1
	 11  9 :       0.2311  bohr^-1
	 11 10 :       0.2328  bohr^-1
	 11 11 :       0.3127  bohr^-1
	 11 12 :       0.1138  bohr^-1
	 12  1 :       0.2186  bohr^-1
	 12  2 :       0.1579  bohr^-1
	 12  3 :       0.1819  bohr^-1
	 12  4 :       0.1171  bohr^-1
	 12  5 :       0.1497  bohr^-1
	 12  6 :       0.1751  bohr^-1
	 12  7 :       0.1518  bohr^-1
	 12  8 :       0.1784  bohr^-1
	 12  9 :       0.1051  bohr^-1
	 12 10 :       0.1034  bohr^-1
	 12 11 :       0.1138  bohr^-1
	 12 12 :       0.3117  bohr^-1


	*Molecular contr. to CDS energy:       0.0000  kcal/mol
	*Total CDS energy:       2.2230  kcal/mol
	*MP2::Polarization Free Energy (au)      : -0.0036853367 
	*MP2::Polarization Free Energy (kcal/mol):      -2.3126 
	*MP2::CDS Free Energy (au)      : 0.0035426556 
	*MP2::CDS Free Energy (kcal/mol):       2.2230 
	*MP2::Total Solvation Free Energy (au)      : -0.0001426811 
	*MP2::Total Solvation Free Energy (kcal/mol):      -0.0895 
	GB-MP2 Total Energy (a.u.)         :  -516.37865291854462

	*Total GB-MP2 Energy: -516.37851023746941


 Cpu time for MacroQC :       1.3652 minutes
 Wall time for MacroQC:       0.5187 minutes


 ******************************************************************************************
	 MacroQC terminates normally:) 
 ****************************************************************************************** 

