 ==========================================================================================
 =========                __  ___                         ____  ______            =========
 ======                  /  |/  /___ _______________     / __ \/ ____/               ======
 ====                   / /|_/ / __ `/ ___/ ___/ __ \   / / / / /                      ====
 ===                   / /  / / /_/ / /__/ /  / /_/ /  / /_/ / /___                     ===
 ==                   /_/  /_/\__,_/\___/_/   \____/   \___\_\____/                      ==
 ===                                                                1.0.4                ===
 =====     An electronic structure theory software for large-scale applications       =====
 ======                                 See license.txt for license info             ======
 =========                                                                        =========
 ==========================================================================================
                                                                                           
                           * * * * * * * * * * * * * * * * * * * *                        
                           *            Developed by             *                        
                           *             U. Bozkaya              *                        
                           *                                     *                        
                           *       With contributions from:      *                        
                           *         B. Ermis, Y. Alagoz,        *                        
                           *         A. Unal, and A. K. Uyar     *                        
                           *         Git Version: deab493        *                        
                           *       Latest Revision: 2026-03-23   *                        
                           * * * * * * * * * * * * * * * * * * * *                        


 Run date: Wed Mar 25 10:35:04 2026
 
 Hostname: ub32 

 ## MacroQC input file ##
 ******************************************************************************************
$set_molecule
  0 1
F      -2.3332876254     0.6215974481     0.3576066447
F      -1.3321610864    -0.3676726915    -1.2937137252
F      -1.4467705896    -1.3395130414     0.6428455689
F       1.3017598878    -1.4330195187     0.3901070809
F       2.3471572273     0.4537243179     0.6225386517
F       1.4782749111    -0.0713338964    -1.2904769961
O       0.0518987009     1.8594307973    -0.0053415865
C       0.0037304096     0.5495542298     0.4851239571
C      -1.2808446712    -0.1634906998     0.0238219481
C       1.2987201340    -0.1382051886     0.0306177468
H       0.0013681513     0.5023966354     1.5791333879
H      -0.6809475160     2.3609633764     0.3660523676
$end_molecule


$set_globals
   basis cc-pvdz
  method mp2
  reference rhf
  jobtype energy
  memory 5000
$end_globals


$set_scf
  e_convergence 1.0e-8
  d_convergence 1.0e-6
  guess sad
  solvation true
$end_scf


$set_solvation
  cds_type smd
  radius_type smd
  solvent_params mn21
  dielectric_params mn21
  sasa_type numeric
  solvent water
$end_solvation

#num_ang_points 100
#charge_type iao_mulliken, iao_lowdin, mulliken, lowdin
#coulomb_radii smd

$set_dfocc
solvation true
$end_dfocc

 ******************************************************************************************


	-Geometry before Center-of-Mass shift (ang): 
	 Number     Atom               X                    Y                       Z  
	 ---------------------------------------------------------------------------------------
           1     F            -2.3332876254          0.6215974481           0.3576066447  
           2     F            -1.3321610864         -0.3676726915          -1.2937137252  
           3     F            -1.4467705896         -1.3395130414           0.6428455689  
           4     F             1.3017598878         -1.4330195187           0.3901070809  
           5     F             2.3471572273          0.4537243179           0.6225386517  
           6     F             1.4782749111         -0.0713338964          -1.2904769961  
           7     O             0.0518987009          1.8594307973          -0.0053415865  
           8     C             0.0037304096          0.5495542298           0.4851239571  
           9     C            -1.2808446712         -0.1634906998           0.0238219481  
          10     C             1.2987201340         -0.1382051886           0.0306177468  
          11     H             0.0013681513          0.5023966354           1.5791333879  
          12     H            -0.6809475160          2.3609633764           0.3660523676  



	-Geometry after Center-of-Mass shift (ang): 
	 Atom               X                    Y                       Z  
	 -------------------------------------------------------------------
     F          -2.3373884736          0.6512592765           0.3724882142  
     F          -1.3362619346         -0.3380108631          -1.2788321557  
     F          -1.4508714378         -1.3098512130           0.6577271384  
     F           1.2976590396         -1.4033576903           0.4049886504  
     F           2.3430563791          0.4833861463           0.6374202212  
     F           1.4741740629         -0.0416720680          -1.2755954266  
     O           0.0477978527          1.8890926257           0.0095399830  
     C          -0.0003704386          0.5792160582           0.5000055266  
     C          -1.2849455194         -0.1338288714           0.0387035176  
     C           1.2946192858         -0.1085433602           0.0454993163  
     H          -0.0027326969          0.5320584638           1.5940149574  
     H          -0.6850483642          2.3906252048           0.3809339371  


	-Geometry after Center-of-Mass shift (bohr): 
	 Atom               X                    Y                       Z  
	 -------------------------------------------------------------------
     F          -4.4170240638          1.2307016693           0.7039007098  
     F          -2.5251690882         -0.6387479587          -2.4166425347  
     F          -2.7417496606         -2.4752600576           1.2429241568  
     F           2.4522201891         -2.6519616907           0.7653176332  
     F           4.4277348531          0.9134674294           1.2045496449  
     F           2.7857852402         -0.0787487956          -2.4105260032  
     O           0.0903248511          3.5698676882           0.0180279551  
     C          -0.0007000274          1.0945597175           0.9448735065  
     C          -2.4281951177         -0.2528999146           0.0731390483  
     C           2.4464758870         -0.2051172235           0.0859812467  
     H          -0.0051640487          1.0054447793           3.0122517094  
     H          -1.2945537910          4.5176269057           0.7198608130  


    Rotational Constants: A =     0.06977  B =     0.03475  C =      0.03076 [cm^-1] 
    Rotor Type: SYMMETRIC 

	-Nuclear Dipole Moment: (e a0)  
	 X:  -0.63546   Y:  4.59632   Z:  2.30601   Total:  5.18148 

	-Nuclear Dipole Moment: (D)  
	 X:  -1.61517   Y:  11.68269   Z:  5.86130   Total:  13.17000 


    Nuclear repulsion energy (V_NN)              : 660.176835147170 
   =====================================================
   Charge                : 0 
   Multiplicity          : 1 
   Number of Atoms       : 12 
   Number of Ghost Atoms : 0 
   Number of Electrons   : 82 
   Number of alpha occupied orbitals (NoccA)  : 41 
   Number of beta occupied orbitals (NoccB)   : 41 
   Number of singly occupied orbitals (Nsocc) : 0 
   Number of doubly occupied orbitals (Ndocc) : 41 
   =====================================================



  ## GLOBALS Options ##

  | TYPE         | KEY                      | INPUT? | VALUE              | DEFAULT            
  |--------------|--------------------------|--------|--------------------|--------------------
  | BOOL         | ERI_DISK                 | NO     | FALSE              | FALSE              
  | BOOL         | FREEZE_CORE              | NO     | TRUE               | TRUE               
  | BOOL         | MOL_FRAG                 | NO     | FALSE              | FALSE              
  | BOOL         | NOCOM                    | NO     | FALSE              | FALSE              
  | BOOL         | NOREORIENT               | NO     | TRUE               | TRUE               
  | BOOL         | PUREAM                   | NO     | TRUE               | TRUE               
  | BOOL         | ML                       | NO     | FALSE              | FALSE              
  | BOOL         | READ_PDB                 | NO     | FALSE              | FALSE              
  | BOOL         | TEST_MODE                | NO     | FALSE              | FALSE              
  | INT          | DERIVE_LEVEL             | NO     | 0                  | 0                  
  | INT          | FINDIF_POINTS            | NO     | 3                  | 3                  
  | INT          | MEMORY                   | YES    | 5000               | 2000               
  | INT          | NUM_THREADS              | NO     | 1                  | 1                  
  | INT          | NUM_FROZEN_DOCC          | NO     | 0                  | 0                  
  | INT          | NUM_FROZEN_VIR           | NO     | 0                  | 0                  
  | INT          | PRINT_LEVEL              | NO     | 0                  | 0                  
  | STRING       | AUX_BASIS_CORR           | NO     | CC-PVDZ-RI         | CC-PVDZ-RI         
  | STRING       | AUX_BASIS_SCF            | NO     | CC-PVDZ-JKFIT      | CC-PVDZ-JKFIT      
  | STRING       | BASIS                    | YES    | CC-PVDZ            | CC-PVDZ            
  | STRING       | BASIS2                   | NO     | MINAO              | MINAO              
  | STRING       | DERIVE_TYPE              | NO     | ANALYTIC           | ANALYTIC           
  | STRING       | FINDIF_METHOD            | NO     | GRAD               | GRAD               
  | STRING       | GEOM_UNITS               | NO     | ANG                | ANG                
  | STRING       | JOBTYPE                  | YES    | ENERGY             | ENERGY             
  | STRING       | METHOD                   | YES    | MP2                | SCF                
  | STRING       | REFERENCE                | YES    | RHF                | RHF                
  | STRING       | OUTFILE_MODE             | NO     | NEW                | NEW                
  | DOUBLE       | STEP_BOHR                | NO     | 0.05               | 0.05               
  | STR_ARRAY    | MOLECULE_GEOM_FROM       | NO     | [input]            | [input]            
  | DOUBLE_ARRAY | ELECTRIC_STRENGTH        | NO     | [0.001;0.001;0.001]| [0.001;0.001;0.001]
  | STRING       | ELECTRIC_FIELD           | NO     | NONE               | NONE               
  | STRING       | ALIGN_TWO_ATOMS          | NO     | NONE               | NONE               
  | INT_ARRAY    | TWO_ATOMS                | NO     | [0]                | [0]                



  ## INTS Options ##

  | TYPE         | KEY                      | INPUT? | VALUE              | DEFAULT            
  |--------------|--------------------------|--------|--------------------|--------------------
  | DOUBLE       | BOYS_CUTOFF              | NO     | 1e-15              | 1e-15              
  | DOUBLE       | BOYS_ZERO                | NO     | 1e-06              | 1e-06              
  | DOUBLE       | DELTA_X                  | NO     | 0.1                | 0.1                
  | DOUBLE       | INTEGRAL_CUTOFF          | NO     | 1e-10              | 1e-10              
  | DOUBLE       | X_MAX                    | NO     | 30.0               | 30.0               
  | INT          | BOYS_MAXITER             | NO     | 10000              | 10000              
  | INT          | MAX_AM                   | NO     | 7                  | 7                  
  | INT          | MAX_AM_AUX               | NO     | 7                  | 7                  
  | INT          | PRINT_LEVEL              | NO     | 0                  | 0                  
  | INT          | TAYLOR_ORDER             | NO     | 6                  | 6                  
  | STRING       | 3INDEX_ALGORITHM         | NO     | AUTO               | AUTO               
  | STRING       | BOYS_METHOD              | NO     | GHP                | GHP                
  | STRING       | ERI_ALGORITHM            | NO     | MD4                | MD4                


	Initializing Liboeprop (by U. Bozkaya) ...

	*=================================================================*
	*                  SCF                                            *
	*   Developed by U. Bozkaya & Y. Alagoz                           *
	*   Latest revision Feb 16, 2021                                  *
	*=================================================================*



  ## SCF Options ##

  | TYPE         | KEY                      | INPUT? | VALUE              | DEFAULT            
  |--------------|--------------------------|--------|--------------------|--------------------
  | BOOL         | DIIS_DAMP                | NO     | FALSE              | FALSE              
  | BOOL         | DIE_IF_NOT_CONVERGED     | NO     | TRUE               | TRUE               
  | BOOL         | DO_DF                    | NO     | TRUE               | TRUE               
  | BOOL         | DIIS                     | NO     | TRUE               | TRUE               
  | BOOL         | FOCK_DAMP                | NO     | FALSE              | FALSE              
  | BOOL         | GUESS_MIX                | NO     | FALSE              | FALSE              
  | BOOL         | GUESS_PREVIOUS           | NO     | FALSE              | FALSE              
  | BOOL         | LOCAL                    | NO     | FALSE              | FALSE              
  | BOOL         | RETRY                    | NO     | TRUE               | TRUE               
  | DOUBLE       | CUTOFF                   | NO     | 1e-10              | 1e-10              
  | DOUBLE       | D_CONVERGENCE            | YES    | 1e-06              | 1e-06              
  | DOUBLE       | DAMP_PARAM               | NO     | 0.02               | 0.02               
  | DOUBLE       | E_CONVERGENCE            | YES    | 1e-08              | 1e-08              
  | DOUBLE       | FOCK_DAMP_PERC           | NO     | 20.0               | 20.0               
  | DOUBLE       | MIN_OVERLAP_EIGVAL       | NO     | 1e-06              | 1e-06              
  | DOUBLE       | LOCAL_CONVERGENCE        | NO     | 1e-08              | 1e-08              
  | DOUBLE       | QC_GUESS_E_CONVERGENCE   | NO     | 0.0001             | 0.0001             
  | DOUBLE       | QC_GUESS_D_CONVERGENCE   | NO     | 0.005              | 0.005              
  | INT          | MAX_DIIS                 | NO     | 6                  | 6                  
  | INT          | MIN_DIIS                 | NO     | 2                  | 2                  
  | INT          | PRINT_LEVEL              | NO     | 0                  | 0                  
  | INT          | SCF_MAXITER              | NO     | 50                 | 50                 
  | INT          | LOCAL_MAXITER            | NO     | 50                 | 50                 
  | STRING       | DIIS_ALGORITHM           | NO     | DISK               | DISK               
  | STRING       | GUESS                    | YES    | SAD                | SAD                
  | BOOL         | MO_WRITE                 | NO     | FALSE              | FALSE              
  | BOOL         | FOCK_WRITE               | NO     | FALSE              | FALSE              
  | STRING       | ORTH_TYPE                | NO     | CANONICAL          | CANONICAL          
  | STRING       | ROHF_CANONIC_TYPE        | NO     | GUEST              | GUEST              
  | STRING       | ERI                      | NO     | INCORE             | INCORE             
  | STRING       | SCF_ALGORITHM            | NO     | ROOTHAAN           | ROOTHAAN           
  | STRING       | LOCAL_TYPE               | NO     | BOYS               | BOYS               
  | BOOL         | SAD_FRAC_OCC             | NO     | TRUE               | TRUE               
  | BOOL         | SAD_SPIN_AVERAGE         | NO     | TRUE               | TRUE               
  | DOUBLE       | SAD_E_CONVERGENCE        | NO     | 1e-05              | 1e-05              
  | DOUBLE       | SAD_D_CONVERGENCE        | NO     | 1e-05              | 1e-05              
  | INT          | SAD_MAXITER              | NO     | 50                 | 50                 
  | BOOL         | NIE                      | NO     | FALSE              | FALSE              
  | BOOL         | SAD_DIIS                 | NO     | TRUE               | TRUE               
  | INT          | SAD_MAX_DIIS             | NO     | 6                  | 6                  
  | INT          | SAD_MIN_DIIS             | NO     | 2                  | 2                  
  | INT          | SAD_PRINT                | NO     | 0                  | 0                  
  | STRING       | SAD_AUX_BASIS            | NO     | SAD-FIT            | SAD-FIT            
  | DOUBLE       | SAD_CHOLESKY_TOLERANCE   | NO     | 1e-07              | 1e-07              
  | BOOL         | SOLVATION                | YES    | TRUE               | FALSE              
  | BOOL         | BYPASS                   | NO     | FALSE              | FALSE              
  | STRING       | IAO_TYPE                 | NO     | STANDARD2013       | STANDARD2013       
  | BOOL         | USE_IAOS                 | NO     | FALSE              | FALSE              

	Initializing libdiis ...
	Initializing libmolint 1.1 ...
 CC-PVDZ primary basis set file will be read for the F atom...
 CC-PVDZ primary basis set file will be read for the O atom...
 CC-PVDZ primary basis set file will be read for the C atom...
 CC-PVDZ primary basis set file will be read for the H atom...
 Nmaxthread: 24 
 Nshell: 66 
 Lmax:  2 
 Npmax:  8 
 Nao: 150 
 Ndocc: 41 
 Nsocc:  0 
 NoccA: 41 
 NoccB: 41 
 Primary basis set info has been read.

 CC-PVDZ-JKFIT aux basis set file will be read for the F atom...
 CC-PVDZ-JKFIT aux basis set file will be read for the O atom...
 CC-PVDZ-JKFIT aux basis set file will be read for the C atom...
 CC-PVDZ-JKFIT aux basis set file will be read for the H atom...
 Nshell_aux: 258 
 Naux: 746 
 Aux basis set info has been read.

 orth_type: CANONICAL 
 Cpu time for S ints :       0.0600 s
 Wall time for S ints:       0.0545 s

 Using canonical orthogonalization. 
 Minimum eigenvalue in the overlap matrix is:   3.1105E-03 

 Cpu time for T ints :       0.2600 s
 Wall time for T ints:       0.0659 s
 Cpu time for V ints :       0.9400 s
 Wall time for V ints:       0.3627 s
 Cpu time for Metric ints :       1.6800 s
 Wall time for Metric ints:       0.4943 s
 3-Index Algorithm: AUTO 

 Calling fortran integrals: ringing... 
 Done with fintegrals.

 Cpu time for 3-index ints :       8.2800 s
 Wall time for 3-index ints:       2.2710 s
 Cpu time for df-factors :       0.9500 s
 Wall time for df-factors:       0.2709 s


 Puream (True=1, False=0) : 1
 Number of AO             : 150
 Number of MO             : 150
 Number of Aux Functions  : 746
 Charge                   : 0
 Multiplicity             : 1
 Alpha OCC                : 41
 Beta OCC                 : 41
 Nuclear Repulsion Energy : 660.17683515
 Energy Treshold          : 1.0e-08
 Density Treshold         : 1.0e-06
 Iteration Limit          : 50
 Guess                    : SAD
 Guess Mix                : false
 Diis                     : true
 Diis Damping             : false
 Diis Damp Parameter      : 0.02
 Diis Algorithm           : DISK
 Cutoff Treshold          : 1.0e-10
 Density Fitting          : true
 Reference                : RHF
 Die If Not Converged     : true
 Print Level              : 0
 ERI Algorithm            : INCORE
 SCF Algorithm            : ROOTHAAN




  ## SOLVATION Options ##

  | TYPE         | KEY                      | INPUT? | VALUE              | DEFAULT            
  |--------------|--------------------------|--------|--------------------|--------------------
  | INT          | NUM_Z_POINTS             | NO     | 90                 | 90                 
  | INT          | NUM_ANG_POINTS           | NO     | 100                | 100                
  | STRING       | SASA_TYPE                | YES    | NUMERIC            | NUMERIC            
  | STRING       | CHARGE_TYPE              | NO     | IAO_MULLIKEN       | IAO_MULLIKEN       
  | STRING       | CDS_TYPE                 | YES    | SMD                | SMD                
  | STRING       | SOLVENT                  | YES    | WATER              | WATER              
  | STRING       | SOLVENT_PARAMS           | YES    | MN21               | SM8                
  | STRING       | DIELECTRIC_PARAMS        | YES    | MN21               | MN21               
  | STRING       | COULOMB_RADII            | NO     | SMD                | SMD                
  | DOUBLE       | COVALENT_VW_CONST        | NO     | 0.76               | 0.76               
  | DOUBLE       | SOLVENT_RADIUS           | NO     | 0.4                | 0.4                
  | STRING       | RADIUS_TYPE              | YES    | SMD                | SMD                
  | DOUBLE       | GB_DIJ                   | NO     | 3.7                | 3.7                
  | DOUBLE       | GB_SIJ                   | NO     | 0.75               | 0.75               
  | DOUBLE       | GB_CIJ                   | NO     | 0.0                | 0.0                
  | DOUBLE       | F_PWSASA                 | NO     | 0.4535             | 0.4535             
  | DOUBLE       | SCALE_VDW                | NO     | 1.0                | 1.0                
  | DOUBLE       | SCALE_CR                 | NO     | 1.0                | 1.0                



 Sasa Type                  : NUMERIC 
 Charge Type                : IAO_MULLIKEN 
 CDS Type                   : SMD 
 Radius Type                : SMD 
 Solvent                    : WATER 
 Solvent Parameters         : MN21 
 Dielectric Parameters      : MN21 
 Coulomb Radii Parameters   : SMD 
 GB d_ij parameter          : 3.7000000000 
 GB S_ij parameter          : 0.7500000000 
 GB C_ij parameter          : 0.0000000000 
 Sclae_vdw parameter        : 1.0000000000 
 Number of z-points         : 90 
 Number of angular points   : 100 
 Number of SASA grid points : 17902 
 Solvent Dielectric Constant: 78.3553000000 

 VDW Radii:
	  1 F :       1.4700  ang
	  2 F :       1.4700  ang
	  3 F :       1.4700  ang
	  4 F :       1.4700  ang
	  5 F :       1.4700  ang
	  6 F :       1.4700  ang
	  7 O :       1.5200  ang
	  8 C :       1.7000  ang
	  9 C :       1.7000  ang
	 10 C :       1.7000  ang
	 11 H :       1.2000  ang
	 12 H :       1.2000  ang

	 Computing SASA... 

 Atomic SASA values:
	  1 F :      21.1003  ang^2
	  2 F :      20.6241  ang^2
	  3 F :      20.7173  ang^2
	  4 F :      20.4670  ang^2
	  5 F :      22.4454  ang^2
	  6 F :      20.2730  ang^2
	  7 O :      15.3941  ang^2
	  8 C :       0.6377  ang^2
	  9 C :       0.6687  ang^2
	 10 C :       0.6532  ang^2
	 11 H :      11.3535  ang^2
	 12 H :      11.3139  ang^2

	*Total SASA (angs^2): 165.6481037368 


 Coulomb Radii:
	  1 F :       1.7300  ang
	  2 F :       1.7300  ang
	  3 F :       1.7300  ang
	  4 F :       1.7300  ang
	  5 F :       1.7300  ang
	  6 F :       1.7300  ang
	  7 O :       1.5200  ang
	  8 C :       1.8500  ang
	  9 C :       1.8500  ang
	 10 C :       1.8500  ang
	 11 H :       1.2000  ang
	 12 H :       1.2000  ang
 Solvent Alpha                       : 1.1700000000 

 ## Effective Born Radius (bohr) ##
   0   4.1759838809 
   1   4.3120432875 
   2   4.2629625848 
   3   4.3101221978 
   4   4.1194996843 
   5   4.2839361741 
   6   4.0684604785 
   7   4.8720914895 
   8   4.5768554792 
   9   4.5362673395 
  10   3.9581622257 
  11   3.1072059839 

 Effective Born Radii:
	  1 F :       2.2098  ang
	  2 F :       2.2818  ang
	  3 F :       2.2559  ang
	  4 F :       2.2808  ang
	  5 F :       2.1799  ang
	  6 F :       2.2670  ang
	  7 O :       2.1529  ang
	  8 C :       2.5782  ang
	  9 C :       2.4220  ang
	 10 C :       2.4005  ang
	 11 H :       2.0946  ang
	 12 H :       1.6443  ang


 Coulomb Integrals:
	  1  1 :       0.2395  bohr^-1
	  1  2 :       0.1802  bohr^-1
	  1  3 :       0.1807  bohr^-1
	  1  4 :       0.1201  bohr^-1
	  1  5 :       0.1094  bohr^-1
	  1  6 :       0.1194  bohr^-1
	  1  7 :       0.1634  bohr^-1
	  1  8 :       0.1684  bohr^-1
	  1  9 :       0.2042  bohr^-1
	  1 10 :       0.1303  bohr^-1
	  1 11 :       0.1670  bohr^-1
	  1 12 :       0.1857  bohr^-1
	  2  1 :       0.1802  bohr^-1
	  2  2 :       0.2319  bohr^-1
	  2  3 :       0.1791  bohr^-1
	  2  4 :       0.1421  bohr^-1
	  2  5 :       0.1190  bohr^-1
	  2  6 :       0.1568  bohr^-1
	  2  7 :       0.1553  bohr^-1
	  2  8 :       0.1649  bohr^-1
	  2  9 :       0.2022  bohr^-1
	  2 10 :       0.1510  bohr^-1
	  2 11 :       0.1446  bohr^-1
	  2 12 :       0.1505  bohr^-1
	  3  1 :       0.1807  bohr^-1
	  3  2 :       0.1791  bohr^-1
	  3  3 :       0.2346  bohr^-1
	  3  4 :       0.1590  bohr^-1
	  3  5 :       0.1199  bohr^-1
	  3  6 :       0.1309  bohr^-1
	  3  7 :       0.1354  bohr^-1
	  3  8 :       0.1660  bohr^-1
	  3  9 :       0.2030  bohr^-1
	  3 10 :       0.1482  bohr^-1
	  3 11 :       0.1704  bohr^-1
	  3 12 :       0.1337  bohr^-1
	  4  1 :       0.1201  bohr^-1
	  4  2 :       0.1421  bohr^-1
	  4  3 :       0.1590  bohr^-1
	  4  4 :       0.2320  bohr^-1
	  4  5 :       0.1809  bohr^-1
	  4  6 :       0.1789  bohr^-1
	  4  7 :       0.1365  bohr^-1
	  4  8 :       0.1660  bohr^-1
	  4  9 :       0.1523  bohr^-1
	  4 10 :       0.2027  bohr^-1
	  4 11 :       0.1666  bohr^-1
	  4 12 :       0.1204  bohr^-1
	  5  1 :       0.1094  bohr^-1
	  5  2 :       0.1190  bohr^-1
	  5  3 :       0.1199  bohr^-1
	  5  4 :       0.1809  bohr^-1
	  5  5 :       0.2427  bohr^-1
	  5  6 :       0.1814  bohr^-1
	  5  7 :       0.1621  bohr^-1
	  5  8 :       0.1688  bohr^-1
	  5  9 :       0.1303  bohr^-1
	  5 10 :       0.2065  bohr^-1
	  5 11 :       0.1713  bohr^-1
	  5 12 :       0.1403  bohr^-1
	  6  1 :       0.1194  bohr^-1
	  6  2 :       0.1568  bohr^-1
	  6  3 :       0.1309  bohr^-1
	  6  4 :       0.1789  bohr^-1
	  6  5 :       0.1814  bohr^-1
	  6  6 :       0.2334  bohr^-1
	  6  7 :       0.1621  bohr^-1
	  6  8 :       0.1657  bohr^-1
	  6  9 :       0.1478  bohr^-1
	  6 10 :       0.2035  bohr^-1
	  6 11 :       0.1450  bohr^-1
	  6 12 :       0.1378  bohr^-1
	  7  1 :       0.1634  bohr^-1
	  7  2 :       0.1553  bohr^-1
	  7  3 :       0.1354  bohr^-1
	  7  4 :       0.1365  bohr^-1
	  7  5 :       0.1621  bohr^-1
	  7  6 :       0.1621  bohr^-1
	  7  7 :       0.2458  bohr^-1
	  7  8 :       0.1999  bohr^-1
	  7  9 :       0.1698  bohr^-1
	  7 10 :       0.1725  bohr^-1
	  7 11 :       0.1891  bohr^-1
	  7 12 :       0.2575  bohr^-1
	  8  1 :       0.1684  bohr^-1
	  8  2 :       0.1649  bohr^-1
	  8  3 :       0.1660  bohr^-1
	  8  4 :       0.1660  bohr^-1
	  8  5 :       0.1688  bohr^-1
	  8  6 :       0.1657  bohr^-1
	  8  7 :       0.1999  bohr^-1
	  8  8 :       0.2053  bohr^-1
	  8  9 :       0.1870  bohr^-1
	  8 10 :       0.1878  bohr^-1
	  8 11 :       0.2111  bohr^-1
	  8 12 :       0.1986  bohr^-1
	  9  1 :       0.2042  bohr^-1
	  9  2 :       0.2022  bohr^-1
	  9  3 :       0.2030  bohr^-1
	  9  4 :       0.1523  bohr^-1
	  9  5 :       0.1303  bohr^-1
	  9  6 :       0.1478  bohr^-1
	  9  7 :       0.1698  bohr^-1
	  9  8 :       0.1870  bohr^-1
	  9  9 :       0.2185  bohr^-1
	  9 10 :       0.1601  bohr^-1
	  9 11 :       0.1815  bohr^-1
	  9 12 :       0.1730  bohr^-1
	 10  1 :       0.1303  bohr^-1
	 10  2 :       0.1510  bohr^-1
	 10  3 :       0.1482  bohr^-1
	 10  4 :       0.2027  bohr^-1
	 10  5 :       0.2065  bohr^-1
	 10  6 :       0.2035  bohr^-1
	 10  7 :       0.1725  bohr^-1
	 10  8 :       0.1878  bohr^-1
	 10  9 :       0.1601  bohr^-1
	 10 10 :       0.2204  bohr^-1
	 10 11 :       0.1821  bohr^-1
	 10 12 :       0.1513  bohr^-1
	 11  1 :       0.1670  bohr^-1
	 11  2 :       0.1446  bohr^-1
	 11  3 :       0.1704  bohr^-1
	 11  4 :       0.1666  bohr^-1
	 11  5 :       0.1713  bohr^-1
	 11  6 :       0.1450  bohr^-1
	 11  7 :       0.1891  bohr^-1
	 11  8 :       0.2111  bohr^-1
	 11  9 :       0.1815  bohr^-1
	 11 10 :       0.1821  bohr^-1
	 11 11 :       0.2526  bohr^-1
	 11 12 :       0.1914  bohr^-1
	 12  1 :       0.1857  bohr^-1
	 12  2 :       0.1505  bohr^-1
	 12  3 :       0.1337  bohr^-1
	 12  4 :       0.1204  bohr^-1
	 12  5 :       0.1403  bohr^-1
	 12  6 :       0.1378  bohr^-1
	 12  7 :       0.2575  bohr^-1
	 12  8 :       0.1986  bohr^-1
	 12  9 :       0.1730  bohr^-1
	 12 10 :       0.1513  bohr^-1
	 12 11 :       0.1914  bohr^-1
	 12 12 :       0.3218  bohr^-1
    ===> SCF Iteration Started <===

     Iter. |                   Energy |       Delta E |          Drms |
    -------|--------------------------|---------------|---------------|
         1 |      -785.30670628570385 |    -7.853e+02 |     1.156e-02 |
         2 |      -786.06823825275671 |    -7.615e-01 |     3.017e-03 | DIIS
         3 |      -786.24210500015954 |    -1.739e-01 |     1.162e-03 | DIIS
         4 |      -786.31499644966163 |    -7.289e-02 |     3.399e-04 | DIIS
         5 |      -786.31709302298793 |    -2.097e-03 |     8.303e-05 | DIIS
         6 |      -786.31729999599600 |    -2.070e-04 |     2.204e-05 | DIIS
         7 |      -786.31731159614117 |    -1.160e-05 |     8.966e-06 | DIIS
         8 |      -786.31731190174753 |    -3.056e-07 |     2.275e-06 | DIIS
         9 |      -786.31731197510192 |    -7.335e-08 |     4.745e-07 | DIIS
        10 |      -786.31731187374442 |     1.014e-07 |     1.614e-07 | DIIS
        11 |      -786.31731186673267 |     7.012e-09 |     4.028e-08 | DIIS


	-Alpha Occupied Orbital Energies (au):  
	 1: -26.3621003529 	 2: -26.3618267987 	 3: -26.3594519924 	 4: -26.3552314680 	 5: -26.3511273194 
	 6: -26.3505059301 	 7: -20.6154199571 	 8: -11.5316765484 	 9: -11.5270893287 	10: -11.3630789066 
	11: -1.7526017846 	12: -1.7436402268 	13: -1.6572184491 	14: -1.6550656328 	15: -1.6485476927 
	16: -1.6462940854 	17: -1.4293253677 	18: -1.1028573996 	19: -0.9953734780 	20: -0.9286328382 
	21: -0.8578692355 	22: -0.8485910568 	23: -0.8437922850 	24: -0.8324785519 	25: -0.8216856001 
	26: -0.7750637505 	27: -0.7520291743 	28: -0.7262544930 	29: -0.7183491793 	30: -0.7133936230 
	31: -0.7105621273 	32: -0.6799300036 	33: -0.6780980037 	34: -0.6661421594 	35: -0.6653261001 
	36: -0.6611879968 	37: -0.6528179909 	38: -0.6352031333 	39: -0.6178025445 	40: -0.5551240496 
	41: -0.5100580968 
	-Alpha Virtual Orbital Energies (au):  
	42: 0.1630262538 	43: 0.2034810475 	44: 0.2773935742 	45: 0.3094261698 	46: 0.3249741375 
	47: 0.3731540249 	48: 0.4072862856 	49: 0.4197222003 	50: 0.4339540117 	51: 0.4907414777 
	52: 0.5133034570 	53: 0.6073892873 	54: 0.6098135093 	55: 0.6532685144 	56: 0.6672997351 
	57: 0.6826609668 	58: 0.7104229155 	59: 0.7241967182 	60: 0.7759184214 	61: 0.8106900401 
	62: 0.8278960674 	63: 0.8601836152 	64: 0.8891709662 	65: 1.0855054100 	66: 1.1333350364 
	67: 1.1379308452 	68: 1.1746123151 	69: 1.2511721494 	70: 1.2648780985 	71: 1.3016955437 
	72: 1.3231431194 	73: 1.3354834048 	74: 1.3398552604 	75: 1.4023929045 	76: 1.4274121159 
	77: 1.4427006365 	78: 1.4591484204 	79: 1.4877605380 	80: 1.5124153152 	81: 1.5219434192 
	82: 1.5554346247 	83: 1.5679178729 	84: 1.5799673447 	85: 1.6057108769 	86: 1.6177131188 
	87: 1.6283499285 	88: 1.6499935064 	89: 1.6617780591 	90: 1.6667235493 	91: 1.6812897041 
	92: 1.7207450427 	93: 1.7294878788 	94: 1.7980981217 	95: 1.8270193470 	96: 1.9124571162 
	97: 1.9650121105 	98: 1.9772992127 	99: 2.0447660017 	100: 2.0682709970 	101: 2.1156804025 
	102: 2.1346861804 	103: 2.1605069074 	104: 2.1940129998 	105: 2.2248377730 	106: 2.3332835823 
	107: 2.4559649498 	108: 2.4763312873 	109: 2.6546523976 	110: 2.6703117219 	111: 2.7371485522 
	112: 2.8254729899 	113: 2.8431143732 	114: 3.0166569149 	115: 3.0705364647 	116: 3.2691299364 
	117: 3.3451934373 	118: 3.3750830974 	119: 3.6026246743 	120: 3.8819058626 	121: 3.8891257636 
	122: 3.9126384255 	123: 3.9153713402 	124: 3.9164432840 	125: 3.9211647529 	126: 3.9230668706 
	127: 3.9251043396 	128: 3.9296508803 	129: 3.9345447671 	130: 3.9488199914 	131: 3.9528786004 
	132: 3.9640439204 	133: 3.9884460567 	134: 4.0339142887 	135: 4.0472479744 	136: 4.0594443698 
	137: 4.0741334965 	138: 4.1132267586 	139: 4.2618576418 	140: 4.2759262687 	141: 4.4252791642 
	142: 4.4331764411 	143: 4.4389447400 	144: 4.4428369012 	145: 4.4598827082 	146: 4.4816029206 
	147: 4.5198581916 	148: 4.5276042639 	149: 4.5381032121 	150: 4.5433258880 


	-Mulliken Population Analysis for SCF:
	 1: -0.2909569118 	 2: -0.2512940087 	 3: -0.2594847525 	 4: -0.2689074573 	 5: -0.2661203179 
	 6: -0.2518715365 	 7: -0.3395019116 	 8: -0.0060519330 	 9: 0.8244309967 	10: 0.8396012524 
	11: 0.0785394672 	12: 0.1916171130 

	-Lowdin Population Analysis for SCF:  
	 1: -0.0208441543 	 2: 0.0138187412 	 3: 0.0055482038 	 4: -0.0021278185 	 5: 0.0036885031 
	 6: 0.0141722414 	 7: -0.0169689916 	 8: -0.0480945322 	 9: -0.0282747425 	10: -0.0253649369 
	11: 0.0394200381 	12: 0.0650274483 

	-Electronic Dipole Moment: (e a0)  
	 X:  0.18294   Y:  -4.00445   Z:  -1.48339   Total:  4.27429 

	-Electronic Dipole Moment: (D)  
	 X:  0.46499   Y:  -10.17829   Z:  -3.77040   Total:  10.86415 

	-Total Dipole Moment: (e a0)  
	 X:  -0.45252   Y:  0.59188   Z:  0.82262   Total:  1.10986 

	-Total Dipole Moment: (D)  
	 X:  -1.15018   Y:  1.50440   Z:  2.09089   Total:  2.82099 



	Initializing Liboeprop (by U. Bozkaya) ...


	-Mulliken Population Analysis for SCF-IAO:
	 1: -0.3315130421 	 2: -0.3058765706 	 3: -0.3131994922 	 4: -0.3197024375 	 5: -0.3139755279 
	 6: -0.3050395403 	 7: -0.5544927138 	 8: 0.0615102794 	 9: 0.9159336378 	10: 0.9343789741 
	11: 0.1531736376 	12: 0.3790745436 

	-Lowdin Population Analysis for SCF-IAO:  
	 1: -0.3315130421 	 2: -0.3058765706 	 3: -0.3131994922 	 4: -0.3197024375 	 5: -0.3139755279 
	 6: -0.3050395403 	 7: -0.5544927138 	 8: 0.0615102794 	 9: 0.9159336378 	10: 0.9343789741 
	11: 0.1531736376 	12: 0.3790745436 

	Initializing Liblocal (by U. Bozkaya) ...
  ==> Pipek-Mezey Localizer <==

    Convergence =   1.000E-08
    Maxiter     =          50

    Iteration                   Metric       Residual
    PM    0   2.0361658481049435E+01              -
    PM    1   3.9627919995083815E+01   9.462030E-01
    PM    2   4.3988615929413776E+01   1.100410E-01
    PM    3   4.4275772249021486E+01   6.527969E-03
    PM    4   4.4281710868015956E+01   1.341280E-04
    PM    5   4.4281801987020785E+01   2.057712E-06
    PM    6   4.4281802972722133E+01   2.225974E-08
    PM    7   4.4281802998364100E+01   5.790633E-10

    PM Localizer converged.



	*Molecular contr. to CDS energy:       0.0000  kcal/mol
	*Total CDS energy:       5.6152  kcal/mol
	*SCF::Polarization Free Energy (au)      : -0.0179788708 
	*SCF::Polarization Free Energy (kcal/mol):     -11.2819 
	*SCF::CDS Free Energy (au)      : 0.0089484605 
	*SCF::CDS Free Energy (kcal/mol):       5.6152 
	*SCF::Total Solvation Free Energy (au)      : -0.0090304103 
	*SCF::Total Solvation Free Energy (kcal/mol):      -5.6667 
 CC-PVDZ primary basis set file will be read for the F atom...
 CC-PVDZ primary basis set file will be read for the O atom...
 CC-PVDZ primary basis set file will be read for the C atom...
 CC-PVDZ primary basis set file will be read for the H atom...
 Nmaxthread: 24 
 Nshell: 66 
 Lmax:  2 
 Npmax:  8 
 Nao: 150 
 Ndocc: 41 
 Nsocc:  0 
 NoccA: 41 
 NoccB: 41 
 Primary basis set info has been read.

 CC-PVDZ-JKFIT aux basis set file will be read for the F atom...
 CC-PVDZ-JKFIT aux basis set file will be read for the O atom...
 CC-PVDZ-JKFIT aux basis set file will be read for the C atom...
 CC-PVDZ-JKFIT aux basis set file will be read for the H atom...
 Nshell_aux: 258 
 Naux: 746 
 Aux basis set info has been read.


	*Total SCF Energy: -786.31731186673267

 Cpu time for SCF :       1.4400 minutes
 Wall time for SCF:       0.5718 minutes


	MO spaces... 

	 FC   OCC   VIR   FV 
	----------------------
	 10   31   109    0


	Libtrans is initialized (by U. Bozkaya) ...

 ============================================================================== 
 ============================================================================== 
 ============================================================================== 

                       DF-MP2   
              Program Written by Ugur Bozkaya
              Latest Revision May 2, 2021

 ============================================================================== 
 ============================================================================== 
 ============================================================================== 

	For this residual convergence, default PCG convergence is:     1.00e-07
    Warning: "PCG_CONVERGENCE" option is changed to     1.00e-07


  ## DFOCC Options ##

  | TYPE         | KEY                      | INPUT? | VALUE              | DEFAULT            
  |--------------|--------------------------|--------|--------------------|--------------------
  | BOOL         | EOM                      | NO     | FALSE              | FALSE              
  | BOOL         | EOM_MP2                  | NO     | FALSE              | FALSE              
  | BOOL         | EOM_MP3                  | NO     | FALSE              | FALSE              
  | BOOL         | EOM_MP2_5                | NO     | FALSE              | FALSE              
  | BOOL         | EOM_LCCD                 | NO     | FALSE              | FALSE              
  | BOOL         | LOW_MEM_MP2              | NO     | FALSE              | FALSE              
  | BOOL         | LOW_MEM_MP3              | NO     | FALSE              | FALSE              
  | BOOL         | CD_PRESCREEN             | NO     | FALSE              | FALSE              
  | DOUBLE       | CIS_E_CONV               | NO     | 1e-06              | 1e-06              
  | DOUBLE       | CIS_R_CONV               | NO     | 1e-06              | 1e-06              
  | DOUBLE       | CIS_RES_PRECONDITION_TOL | NO     | 0.0001             | 0.0001             
  | DOUBLE       | DAVIDSON_TOLERANCE       | NO     | 1e-06              | 1e-06              
  | DOUBLE       | E3_SCALE                 | NO     | 0.25               | 0.25               
  | DOUBLE       | E_CONVERGENCE            | NO     | 1e-06              | 1e-06              
  | DOUBLE       | JK_MEMORY                | NO     | 1000000000.0       | 1000000000.0       
  | DOUBLE       | LEVEL_SHIFT              | NO     | 0.02               | 0.02               
  | DOUBLE       | MAX_MOGRAD_CONVERGENCE   | NO     | 0.001              | 0.001              
  | DOUBLE       | MO_STEP_MAX              | NO     | 0.5                | 0.5                
  | DOUBLE       | MP2_OS_SCALE             | NO     | 1.2                | 1.2                
  | DOUBLE       | MP2_SOS_SCALE            | NO     | 1.3                | 1.3                
  | DOUBLE       | MP2_SOS_SCALE2           | NO     | 1.2                | 1.2                
  | DOUBLE       | MP2_SS_SCALE             | NO     | 0.3333333333333333 | 0.3333333333333333 
  | DOUBLE       | OCC_PERCENTAGE           | NO     | 99.0               | 99.0               
  | DOUBLE       | OCC_TOLERANCE            | NO     | 1e-05              | 1e-05              
  | DOUBLE       | OO_SCALE                 | NO     | 0.01               | 0.01               
  | DOUBLE       | PCG_CONVERGENCE          | NO     | 1e-06              | 1e-06              
  | DOUBLE       | R_CONVERGENCE            | NO     | 1e-05              | 1e-05              
  | DOUBLE       | REG_PARAM                | NO     | 0.4                | 0.4                
  | DOUBLE       | KAPPA_REG_PARAM          | NO     | 1.1                | 1.1                
  | DOUBLE       | RMS_MOGRAD_CONVERGENCE   | NO     | 1e-06              | 1e-06              
  | DOUBLE       | SCG_TOLERANCE            | NO     | 1e-06              | 1e-06              
  | DOUBLE       | SCHMIDT_ADD_RES_TOL      | NO     | 0.001              | 0.001              
  | INT          | ACTIVE_NAT_ORBS          | NO     | 2                  | 2                  
  | INT          | CC_DIIS_MAX_VECS         | NO     | 6                  | 6                  
  | INT          | CC_DIIS_MIN_VECS         | NO     | 2                  | 2                  
  | INT          | CC_MAXITER               | NO     | 50                 | 50                 
  | INT          | CUTOFF                   | NO     | 8                  | 8                  
  | INT          | EXCITATION_RANGE         | NO     | 2                  | 2                  
  | INT          | FOLLOW_ROOT              | NO     | 1                  | 1                  
  | INT          | INTEGRAL_CUTOFF          | NO     | 9                  | 9                  
  | INT          | MAX_VECS                 | NO     | 50                 | 50                 
  | INT          | MO_DIIS_NUM_VECS         | NO     | 6                  | 6                  
  | INT          | MO_MAXITER               | NO     | 50                 | 50                 
  | INT          | NUM_ROOTS                | NO     | 4                  | 4                  
  | INT          | PCG_MAXITER              | NO     | 50                 | 50                 
  | INT          | PRINT_LEVEL              | NO     | 0                  | 0                  
  | INT          | VECS_PER_ROOT            | NO     | 1                  | 1                  
  | STRING       | CC_LAMBDA                | NO     | FALSE              | FALSE              
  | STRING       | CHOLESKY                 | NO     | FALSE              | FALSE              
  | STRING       | CIS_ALGORITHM            | NO     | MO_BASIS           | MO_BASIS           
  | STRING       | CIS_GUESS_COEFF          | NO     | MIX                | MIX                
  | STRING       | COMPUT_S2                | NO     | FALSE              | FALSE              
  | STRING       | DIAG_METHOD              | NO     | DAVIDSON           | DAVIDSON           
  | STRING       | DO_DIIS                  | NO     | TRUE               | TRUE               
  | STRING       | DO_LEVEL_SHIFT           | NO     | TRUE               | TRUE               
  | STRING       | DO_SCS                   | NO     | FALSE              | FALSE              
  | STRING       | DO_SOS                   | NO     | FALSE              | FALSE              
  | STRING       | EKT_IP                   | NO     | FALSE              | FALSE              
  | STRING       | FREEZE_CORE              | NO     | TRUE               | TRUE               
  | STRING       | HESS_TYPE                | NO     | HF                 | HF                 
  | STRING       | JK_TYPE                  | NO     | DIRECT             | DIRECT             
  | STRING       | LINEQ_SOLVER             | NO     | CDGESV             | CDGESV             
  | STRING       | MO_READ                  | NO     | FALSE              | FALSE              
  | STRING       | MO_WRITE                 | NO     | FALSE              | FALSE              
  | STRING       | MP2_AMP_TYPE             | NO     | DIRECT             | DIRECT             
  | STRING       | NAT_ORBS                 | NO     | FALSE              | FALSE              
  | STRING       | NBO                      | NO     | TRUE               | TRUE               
  | STRING       | OCC_ORBS_PRINT           | NO     | FALSE              | FALSE              
  | STRING       | OEPROP                   | NO     | FALSE              | FALSE              
  | STRING       | OPT_METHOD               | NO     | QNR                | QNR                
  | STRING       | ORB_RESP_SOLVER          | NO     | PCG                | PCG                
  | STRING       | ORTH_TYPE                | NO     | MGS                | MGS                
  | STRING       | PCG_BETA_TYPE            | NO     | FLETCHER_REEVES    | FLETCHER_REEVES    
  | STRING       | PPL_TYPE                 | NO     | AUTO               | AUTO               
  | STRING       | PRINT_CI_VECS            | NO     | FALSE              | FALSE              
  | STRING       | QCHF                     | NO     | FALSE              | FALSE              
  | STRING       | READ_SCF_3INDEX          | NO     | TRUE               | TRUE               
  | STRING       | REGULARIZATION           | NO     | FALSE              | FALSE              
  | STRING       | REG_TYPE                 | NO     | NORMAL             | NORMAL             
  | STRING       | SCS_TYPE                 | NO     | SCS                | SCS                
  | STRING       | SOS_TYPE                 | NO     | SOS                | SOS                
  | STRING       | TRIPLES_IABC_TYPE        | NO     | DISK               | DISK               
  | STRING       | UNIT_GUESS_TYPE          | NO     | GEN                | GEN                
  | STRING       | EKT_NEGATIVE_OCC         | NO     | ABS                | ABS                
  | BOOL         | SOLVATION                | YES    | TRUE               | FALSE              

	MO spaces... 

	 FC   OCC   VIR   FV 
	----------------------
	 10   31   109    0
 CC-PVDZ primary basis set file will be read for the F atom...
 CC-PVDZ primary basis set file will be read for the O atom...
 CC-PVDZ primary basis set file will be read for the C atom...
 CC-PVDZ primary basis set file will be read for the H atom...
 Nmaxthread: 24 
 Nshell: 66 
 Lmax:  2 
 Npmax:  8 
 Nao: 150 
 Ndocc: 41 
 Nsocc:  0 
 NoccA: 41 
 NoccB: 41 
 Primary basis set info has been read.

 CC-PVDZ-RI aux basis set file will be read for the F atom...
 CC-PVDZ-RI aux basis set file will be read for the O atom...
 CC-PVDZ-RI aux basis set file will be read for the C atom...
 CC-PVDZ-RI aux basis set file will be read for the H atom...
 Nshell_aux: 192 
 Naux: 588 
 Aux basis set info has been read.

 Cpu time for Metric ints :       0.5000 s
 Wall time for Metric ints:       0.2757 s
 3-Index Algorithm: AUTO 

 Calling fortran integrals: ringing... 
 Done with fintegrals.

 Cpu time for 3-index ints :       6.5000 s
 Wall time for 3-index ints:       2.1441 s
 Cpu time for df-factors :       0.6200 s
 Wall time for df-factors:       0.1879 s
 CC-PVDZ primary basis set file will be read for the F atom...
 CC-PVDZ primary basis set file will be read for the O atom...
 CC-PVDZ primary basis set file will be read for the C atom...
 CC-PVDZ primary basis set file will be read for the H atom...
 Nmaxthread: 24 
 Nshell: 66 
 Lmax:  2 
 Npmax:  8 
 Nao: 150 
 Ndocc: 41 
 Nsocc:  0 
 NoccA: 41 
 NoccB: 41 
 Primary basis set info has been read.

 CC-PVDZ-JKFIT aux basis set file will be read for the F atom...
 CC-PVDZ-JKFIT aux basis set file will be read for the O atom...
 CC-PVDZ-JKFIT aux basis set file will be read for the C atom...
 CC-PVDZ-JKFIT aux basis set file will be read for the H atom...
 Nshell_aux: 258 
 Naux: 746 
 Aux basis set info has been read.

	Reading DF integrals from disk ...
 Cpu time for Metric ints :       1.0500 s
 Wall time for Metric ints:       0.2951 s
	Number of basis functions in the DF-HF basis: 746
	Number of basis functions in the DF-CC basis: 588

	Available memory                      :   5000.00 MB 
	Minimum required memory for amplitudes:    274.02 MB 
	Memory requirement for B-CC (Q|mu nu) :    105.84 MB 
	Memory requirement for B-CC (Q|ab)    :     55.89 MB 
	Memory requirement for DF-CC int trans:    182.75 MB 

	Computing DF-MP2 energy using SCF MOs (Canonical DF-MP2)... 
	======================================================================= 
	Nuclear Repulsion Energy (a.u.)    :   660.17677646021480
	DF-HF Energy (a.u.)                :  -786.31731186673267
	REF Energy (a.u.)                  :  -786.31731186673267
	DF-MP2 Correlation Energy (a.u.)   :    -1.69149356752533
	DF-MP2 Total Energy (a.u.)         :  -788.00880543425797
	======================================================================= 

	*Total MP2 Energy: -788.00880543425797

	Computing unrelaxed response density matrices...
	Number of independent-pairs: 4469
	Computing the generalized Fock matrix (GFM)...
	Computing the orbital gradient...
	Forming effective orbital gradient...
	Solving orbital Z-vector equations...

	            PCG Solver 
	   ------------------------------ 
	Iter     RMS Z Vector        RMS Residual  
	----    ---------------    ---------------
	  1         7.88e-04         8.50e-04
	  2         3.82e-04         3.43e-04
	  3         1.11e-04         5.40e-05
	  4         2.12e-05         1.52e-05
	  5         4.01e-06         4.38e-06
	  6         1.80e-06         1.50e-06
	  7         4.02e-07         3.51e-07
	  8         1.21e-07         8.01e-08
	  9         2.43e-08         2.11e-08

	Computing the relaxed PDMs and GFM...
	Compute solv. is starting ...

	Initializing Liboeprop (by U. Bozkaya) ...


	-Mulliken Population Analysis for MP2-IAO:
	 1: -0.2379597705 	 2: -0.1957642512 	 3: -0.2111380399 	 4: -0.2118229832 	 5: -0.2250329455 
	 6: -0.1971560051 	 7: -0.4058332168 	 8: 0.1136872289 	 9: 0.8651364077 	10: 0.8832748607 
	11: 0.0320022723 	12: 0.2646901320 

	-Lowdin Population Analysis for MP2-IAO:  
	 1: -0.2379597705 	 2: -0.1957642512 	 3: -0.2111380399 	 4: -0.2118229832 	 5: -0.2250329455 
	 6: -0.1971560051 	 7: -0.4058332168 	 8: 0.1136872289 	 9: 0.8651364077 	10: 0.8832748607 
	11: 0.0320022723 	12: 0.2646901320 


  ## SOLVATION Options ##

  | TYPE         | KEY                      | INPUT? | VALUE              | DEFAULT            
  |--------------|--------------------------|--------|--------------------|--------------------
  | INT          | NUM_Z_POINTS             | NO     | 90                 | 90                 
  | INT          | NUM_ANG_POINTS           | NO     | 100                | 100                
  | STRING       | SASA_TYPE                | YES    | NUMERIC            | NUMERIC            
  | STRING       | CHARGE_TYPE              | NO     | IAO_MULLIKEN       | IAO_MULLIKEN       
  | STRING       | CDS_TYPE                 | YES    | SMD                | SMD                
  | STRING       | SOLVENT                  | YES    | WATER              | WATER              
  | STRING       | SOLVENT_PARAMS           | YES    | MN21               | SM8                
  | STRING       | DIELECTRIC_PARAMS        | YES    | MN21               | MN21               
  | STRING       | COULOMB_RADII            | NO     | SMD                | SMD                
  | DOUBLE       | COVALENT_VW_CONST        | NO     | 0.76               | 0.76               
  | DOUBLE       | SOLVENT_RADIUS           | NO     | 0.4                | 0.4                
  | STRING       | RADIUS_TYPE              | YES    | SMD                | SMD                
  | DOUBLE       | GB_DIJ                   | NO     | 3.7                | 3.7                
  | DOUBLE       | GB_SIJ                   | NO     | 0.75               | 0.75               
  | DOUBLE       | GB_CIJ                   | NO     | 0.0                | 0.0                
  | DOUBLE       | F_PWSASA                 | NO     | 0.4535             | 0.4535             
  | DOUBLE       | SCALE_VDW                | NO     | 1.0                | 1.0                
  | DOUBLE       | SCALE_CR                 | NO     | 1.0                | 1.0                



 Sasa Type                  : NUMERIC 
 Charge Type                : IAO_MULLIKEN 
 CDS Type                   : SMD 
 Radius Type                : SMD 
 Solvent                    : WATER 
 Solvent Parameters         : MN21 
 Dielectric Parameters      : MN21 
 Coulomb Radii Parameters   : SMD 
 GB d_ij parameter          : 3.7000000000 
 GB S_ij parameter          : 0.7500000000 
 GB C_ij parameter          : 0.0000000000 
 Sclae_vdw parameter        : 1.0000000000 
 Number of z-points         : 90 
 Number of angular points   : 100 
 Number of SASA grid points : 17902 
 Solvent Dielectric Constant: 78.3553000000 

 VDW Radii:
	  1 F :       1.4700  ang
	  2 F :       1.4700  ang
	  3 F :       1.4700  ang
	  4 F :       1.4700  ang
	  5 F :       1.4700  ang
	  6 F :       1.4700  ang
	  7 O :       1.5200  ang
	  8 C :       1.7000  ang
	  9 C :       1.7000  ang
	 10 C :       1.7000  ang
	 11 H :       1.2000  ang
	 12 H :       1.2000  ang

	 Computing SASA... 

 Atomic SASA values:
	  1 F :      21.1003  ang^2
	  2 F :      20.6241  ang^2
	  3 F :      20.7173  ang^2
	  4 F :      20.4670  ang^2
	  5 F :      22.4454  ang^2
	  6 F :      20.2730  ang^2
	  7 O :      15.3941  ang^2
	  8 C :       0.6377  ang^2
	  9 C :       0.6687  ang^2
	 10 C :       0.6532  ang^2
	 11 H :      11.3535  ang^2
	 12 H :      11.3139  ang^2

	*Total SASA (angs^2): 165.6481037368 


 Coulomb Radii:
	  1 F :       1.7300  ang
	  2 F :       1.7300  ang
	  3 F :       1.7300  ang
	  4 F :       1.7300  ang
	  5 F :       1.7300  ang
	  6 F :       1.7300  ang
	  7 O :       1.5200  ang
	  8 C :       1.8500  ang
	  9 C :       1.8500  ang
	 10 C :       1.8500  ang
	 11 H :       1.2000  ang
	 12 H :       1.2000  ang
 Solvent Alpha                       : 1.1700000000 

 ## Effective Born Radius (bohr) ##
   0   4.1759838809 
   1   4.3120432875 
   2   4.2629625848 
   3   4.3101221978 
   4   4.1194996843 
   5   4.2839361741 
   6   4.0684604785 
   7   4.8720914895 
   8   4.5768554792 
   9   4.5362673395 
  10   3.9581622257 
  11   3.1072059839 

 Effective Born Radii:
	  1 F :       2.2098  ang
	  2 F :       2.2818  ang
	  3 F :       2.2559  ang
	  4 F :       2.2808  ang
	  5 F :       2.1799  ang
	  6 F :       2.2670  ang
	  7 O :       2.1529  ang
	  8 C :       2.5782  ang
	  9 C :       2.4220  ang
	 10 C :       2.4005  ang
	 11 H :       2.0946  ang
	 12 H :       1.6443  ang


 Coulomb Integrals:
	  1  1 :       0.2395  bohr^-1
	  1  2 :       0.1802  bohr^-1
	  1  3 :       0.1807  bohr^-1
	  1  4 :       0.1201  bohr^-1
	  1  5 :       0.1094  bohr^-1
	  1  6 :       0.1194  bohr^-1
	  1  7 :       0.1634  bohr^-1
	  1  8 :       0.1684  bohr^-1
	  1  9 :       0.2042  bohr^-1
	  1 10 :       0.1303  bohr^-1
	  1 11 :       0.1670  bohr^-1
	  1 12 :       0.1857  bohr^-1
	  2  1 :       0.1802  bohr^-1
	  2  2 :       0.2319  bohr^-1
	  2  3 :       0.1791  bohr^-1
	  2  4 :       0.1421  bohr^-1
	  2  5 :       0.1190  bohr^-1
	  2  6 :       0.1568  bohr^-1
	  2  7 :       0.1553  bohr^-1
	  2  8 :       0.1649  bohr^-1
	  2  9 :       0.2022  bohr^-1
	  2 10 :       0.1510  bohr^-1
	  2 11 :       0.1446  bohr^-1
	  2 12 :       0.1505  bohr^-1
	  3  1 :       0.1807  bohr^-1
	  3  2 :       0.1791  bohr^-1
	  3  3 :       0.2346  bohr^-1
	  3  4 :       0.1590  bohr^-1
	  3  5 :       0.1199  bohr^-1
	  3  6 :       0.1309  bohr^-1
	  3  7 :       0.1354  bohr^-1
	  3  8 :       0.1660  bohr^-1
	  3  9 :       0.2030  bohr^-1
	  3 10 :       0.1482  bohr^-1
	  3 11 :       0.1704  bohr^-1
	  3 12 :       0.1337  bohr^-1
	  4  1 :       0.1201  bohr^-1
	  4  2 :       0.1421  bohr^-1
	  4  3 :       0.1590  bohr^-1
	  4  4 :       0.2320  bohr^-1
	  4  5 :       0.1809  bohr^-1
	  4  6 :       0.1789  bohr^-1
	  4  7 :       0.1365  bohr^-1
	  4  8 :       0.1660  bohr^-1
	  4  9 :       0.1523  bohr^-1
	  4 10 :       0.2027  bohr^-1
	  4 11 :       0.1666  bohr^-1
	  4 12 :       0.1204  bohr^-1
	  5  1 :       0.1094  bohr^-1
	  5  2 :       0.1190  bohr^-1
	  5  3 :       0.1199  bohr^-1
	  5  4 :       0.1809  bohr^-1
	  5  5 :       0.2427  bohr^-1
	  5  6 :       0.1814  bohr^-1
	  5  7 :       0.1621  bohr^-1
	  5  8 :       0.1688  bohr^-1
	  5  9 :       0.1303  bohr^-1
	  5 10 :       0.2065  bohr^-1
	  5 11 :       0.1713  bohr^-1
	  5 12 :       0.1403  bohr^-1
	  6  1 :       0.1194  bohr^-1
	  6  2 :       0.1568  bohr^-1
	  6  3 :       0.1309  bohr^-1
	  6  4 :       0.1789  bohr^-1
	  6  5 :       0.1814  bohr^-1
	  6  6 :       0.2334  bohr^-1
	  6  7 :       0.1621  bohr^-1
	  6  8 :       0.1657  bohr^-1
	  6  9 :       0.1478  bohr^-1
	  6 10 :       0.2035  bohr^-1
	  6 11 :       0.1450  bohr^-1
	  6 12 :       0.1378  bohr^-1
	  7  1 :       0.1634  bohr^-1
	  7  2 :       0.1553  bohr^-1
	  7  3 :       0.1354  bohr^-1
	  7  4 :       0.1365  bohr^-1
	  7  5 :       0.1621  bohr^-1
	  7  6 :       0.1621  bohr^-1
	  7  7 :       0.2458  bohr^-1
	  7  8 :       0.1999  bohr^-1
	  7  9 :       0.1698  bohr^-1
	  7 10 :       0.1725  bohr^-1
	  7 11 :       0.1891  bohr^-1
	  7 12 :       0.2575  bohr^-1
	  8  1 :       0.1684  bohr^-1
	  8  2 :       0.1649  bohr^-1
	  8  3 :       0.1660  bohr^-1
	  8  4 :       0.1660  bohr^-1
	  8  5 :       0.1688  bohr^-1
	  8  6 :       0.1657  bohr^-1
	  8  7 :       0.1999  bohr^-1
	  8  8 :       0.2053  bohr^-1
	  8  9 :       0.1870  bohr^-1
	  8 10 :       0.1878  bohr^-1
	  8 11 :       0.2111  bohr^-1
	  8 12 :       0.1986  bohr^-1
	  9  1 :       0.2042  bohr^-1
	  9  2 :       0.2022  bohr^-1
	  9  3 :       0.2030  bohr^-1
	  9  4 :       0.1523  bohr^-1
	  9  5 :       0.1303  bohr^-1
	  9  6 :       0.1478  bohr^-1
	  9  7 :       0.1698  bohr^-1
	  9  8 :       0.1870  bohr^-1
	  9  9 :       0.2185  bohr^-1
	  9 10 :       0.1601  bohr^-1
	  9 11 :       0.1815  bohr^-1
	  9 12 :       0.1730  bohr^-1
	 10  1 :       0.1303  bohr^-1
	 10  2 :       0.1510  bohr^-1
	 10  3 :       0.1482  bohr^-1
	 10  4 :       0.2027  bohr^-1
	 10  5 :       0.2065  bohr^-1
	 10  6 :       0.2035  bohr^-1
	 10  7 :       0.1725  bohr^-1
	 10  8 :       0.1878  bohr^-1
	 10  9 :       0.1601  bohr^-1
	 10 10 :       0.2204  bohr^-1
	 10 11 :       0.1821  bohr^-1
	 10 12 :       0.1513  bohr^-1
	 11  1 :       0.1670  bohr^-1
	 11  2 :       0.1446  bohr^-1
	 11  3 :       0.1704  bohr^-1
	 11  4 :       0.1666  bohr^-1
	 11  5 :       0.1713  bohr^-1
	 11  6 :       0.1450  bohr^-1
	 11  7 :       0.1891  bohr^-1
	 11  8 :       0.2111  bohr^-1
	 11  9 :       0.1815  bohr^-1
	 11 10 :       0.1821  bohr^-1
	 11 11 :       0.2526  bohr^-1
	 11 12 :       0.1914  bohr^-1
	 12  1 :       0.1857  bohr^-1
	 12  2 :       0.1505  bohr^-1
	 12  3 :       0.1337  bohr^-1
	 12  4 :       0.1204  bohr^-1
	 12  5 :       0.1403  bohr^-1
	 12  6 :       0.1378  bohr^-1
	 12  7 :       0.2575  bohr^-1
	 12  8 :       0.1986  bohr^-1
	 12  9 :       0.1730  bohr^-1
	 12 10 :       0.1513  bohr^-1
	 12 11 :       0.1914  bohr^-1
	 12 12 :       0.3218  bohr^-1


	*Molecular contr. to CDS energy:       0.0000  kcal/mol
	*Total CDS energy:       5.6152  kcal/mol
	*MP2::Polarization Free Energy (au)      : -0.0386528120 
	*MP2::Polarization Free Energy (kcal/mol):     -24.2550 
	*MP2::CDS Free Energy (au)      : 0.0089484605 
	*MP2::CDS Free Energy (kcal/mol):       5.6152 
	*MP2::Total Solvation Free Energy (au)      : -0.0297043515 
	*MP2::Total Solvation Free Energy (kcal/mol):     -18.6398 
	GB-MP2 Total Energy (a.u.)         :  -788.03850978575110

	*Total GB-MP2 Energy: -788.00880543425797


 Cpu time for MacroQC :       2.2375 minutes
 Wall time for MacroQC:       0.8226 minutes


 ******************************************************************************************
	 MacroQC terminates normally:) 
 ****************************************************************************************** 

