 ==========================================================================================
 =========                __  ___                         ____  ______            =========
 ======                  /  |/  /___ _______________     / __ \/ ____/               ======
 ====                   / /|_/ / __ `/ ___/ ___/ __ \   / / / / /                      ====
 ===                   / /  / / /_/ / /__/ /  / /_/ /  / /_/ / /___                     ===
 ==                   /_/  /_/\__,_/\___/_/   \____/   \___\_\____/                      ==
 ===                                                                1.0.4                ===
 =====     An electronic structure theory software for large-scale applications       =====
 ======                                 See license.txt for license info             ======
 =========                                                                        =========
 ==========================================================================================
                                                                                           
                           * * * * * * * * * * * * * * * * * * * *                        
                           *            Developed by             *                        
                           *             U. Bozkaya              *                        
                           *                                     *                        
                           *       With contributions from:      *                        
                           *         B. Ermis, Y. Alagoz,        *                        
                           *         A. Unal, and A. K. Uyar     *                        
                           *         Git Version: deab493        *                        
                           *       Latest Revision: 2026-03-23   *                        
                           * * * * * * * * * * * * * * * * * * * *                        


 Run date: Wed Mar 25 09:48:26 2026
 
 Hostname: ub8 

 ## MacroQC input file ##
 ******************************************************************************************
$set_molecule
0 1
Br      1.2903271109     0.0488280482    -0.0004063496
C      -1.5791425991     0.5060331587     0.0020120442
C      -0.5631359604    -0.6205742021     0.0017665820
C      -3.0085920653    -0.0436035267    -0.0017737877
H      -1.4214050682     1.1358166441     0.8790200520
H      -1.4184567388     1.1386764878    -0.8723564425
H      -0.6432165199    -1.2439532734    -0.8840651742
H      -0.6416829725    -1.2434641092     0.8880339054
H      -3.7349275101     0.7695058664     0.0002680115
H      -3.1969937240    -0.6550532895    -0.8861909445
H      -3.1995426005    -0.6616425932     0.8774837976
$end_molecule


$set_globals
   basis cc-pvdz
  method mp2
  reference rhf
  jobtype energy
  memory 5000
$end_globals


$set_scf
  e_convergence 1.0e-8
  d_convergence 1.0e-6
  guess sad
  solvation true
$end_scf


$set_solvation
  cds_type smd
  radius_type smd
  solvent_params mn21
  dielectric_params mn21
  sasa_type numeric
  solvent water
$end_solvation

#num_ang_points 100
#charge_type iao_mulliken, iao_lowdin, mulliken, lowdin
#coulomb_radii smd

$set_dfocc
solvation true
$end_dfocc

 ******************************************************************************************


	-Geometry before Center-of-Mass shift (ang): 
	 Number     Atom               X                    Y                       Z  
	 ---------------------------------------------------------------------------------------
           1     BR             1.2903271109          0.0488280482          -0.0004063496  
           2     C            -1.5791425991          0.5060331587           0.0020120442  
           3     C            -0.5631359604         -0.6205742021           0.0017665820  
           4     C            -3.0085920653         -0.0436035267          -0.0017737877  
           5     H            -1.4214050682          1.1358166441           0.8790200520  
           6     H            -1.4184567388          1.1386764878          -0.8723564425  
           7     H            -0.6432165199         -1.2439532734          -0.8840651742  
           8     H            -0.6416829725         -1.2434641092           0.8880339054  
           9     H            -3.7349275101          0.7695058664           0.0002680115  
          10     H            -3.1969937240         -0.6550532895          -0.8861909445  
          11     H            -3.1995426005         -0.6616425932           0.8774837976  



	-Geometry after Center-of-Mass shift (ang): 
	 Atom               X                    Y                       Z  
	 -------------------------------------------------------------------
     BR           1.0800164830          0.0390748221          -0.0003587981  
     C          -1.7894532270          0.4962799326           0.0020595957  
     C          -0.7734465883         -0.6303274282           0.0018141335  
     C          -3.2189026932         -0.0533567528          -0.0017262362  
     H          -1.6317156961          1.1260634180           0.8790676035  
     H          -1.6287673667          1.1289232617          -0.8723088910  
     H          -0.8535271478         -1.2537064995          -0.8840176227  
     H          -0.8519936004         -1.2532173353           0.8880814569  
     H          -3.9452381380          0.7597526403           0.0003155630  
     H          -3.4073043519         -0.6648065156          -0.8861433930  
     H          -3.4098532284         -0.6713958193           0.8775313491  


	-Geometry after Center-of-Mass shift (bohr): 
	 Atom               X                    Y                       Z  
	 -------------------------------------------------------------------
     BR           2.0409353638          0.0738407122          -0.0006780301  
     C          -3.3815765134          0.9378331542           0.0038920718  
     C          -1.4616022246         -1.1911462086           0.0034282155  
     C          -6.0828445147         -0.1008296497          -0.0032621136  
     H          -3.0834957803          2.1279514599           1.6611970164  
     H          -3.0779242452          2.1333557813          -1.6484249008  
     H          -1.6129325500         -2.3691619257          -1.6705511970  
     H          -1.6100345654         -2.3682375394           1.6782307307  
     H          -7.4554195806          1.4357244133           0.0005963277  
     H          -6.4388720512         -1.2563022409          -1.6745683206  
     H          -6.4436887297         -1.2687542202           1.6582939163  


    Rotational Constants: A =     0.85212  B =     0.05392  C =      0.05219 [cm^-1] 
    Rotor Type: SYMMETRIC 

	-Nuclear Dipole Moment: (e a0)  
	 X:  -23.84577   Y:  -1.10586   Z:  0.00539   Total:  23.87140 

	-Nuclear Dipole Moment: (D)  
	 X:  -60.60990   Y:  -2.81080   Z:  0.01370   Total:  60.67504 


    Nuclear repulsion energy (V_NN)              : 235.278803138209 
   =====================================================
   Charge                : 0 
   Multiplicity          : 1 
   Number of Atoms       : 11 
   Number of Ghost Atoms : 0 
   Number of Electrons   : 60 
   Number of alpha occupied orbitals (NoccA)  : 30 
   Number of beta occupied orbitals (NoccB)   : 30 
   Number of singly occupied orbitals (Nsocc) : 0 
   Number of doubly occupied orbitals (Ndocc) : 30 
   =====================================================



  ## GLOBALS Options ##

  | TYPE         | KEY                      | INPUT? | VALUE              | DEFAULT            
  |--------------|--------------------------|--------|--------------------|--------------------
  | BOOL         | ERI_DISK                 | NO     | FALSE              | FALSE              
  | BOOL         | FREEZE_CORE              | NO     | TRUE               | TRUE               
  | BOOL         | MOL_FRAG                 | NO     | FALSE              | FALSE              
  | BOOL         | NOCOM                    | NO     | FALSE              | FALSE              
  | BOOL         | NOREORIENT               | NO     | TRUE               | TRUE               
  | BOOL         | PUREAM                   | NO     | TRUE               | TRUE               
  | BOOL         | ML                       | NO     | FALSE              | FALSE              
  | BOOL         | READ_PDB                 | NO     | FALSE              | FALSE              
  | BOOL         | TEST_MODE                | NO     | FALSE              | FALSE              
  | INT          | DERIVE_LEVEL             | NO     | 0                  | 0                  
  | INT          | FINDIF_POINTS            | NO     | 3                  | 3                  
  | INT          | MEMORY                   | YES    | 5000               | 2000               
  | INT          | NUM_THREADS              | NO     | 1                  | 1                  
  | INT          | NUM_FROZEN_DOCC          | NO     | 0                  | 0                  
  | INT          | NUM_FROZEN_VIR           | NO     | 0                  | 0                  
  | INT          | PRINT_LEVEL              | NO     | 0                  | 0                  
  | STRING       | AUX_BASIS_CORR           | NO     | CC-PVDZ-RI         | CC-PVDZ-RI         
  | STRING       | AUX_BASIS_SCF            | NO     | CC-PVDZ-JKFIT      | CC-PVDZ-JKFIT      
  | STRING       | BASIS                    | YES    | CC-PVDZ            | CC-PVDZ            
  | STRING       | BASIS2                   | NO     | MINAO              | MINAO              
  | STRING       | DERIVE_TYPE              | NO     | ANALYTIC           | ANALYTIC           
  | STRING       | FINDIF_METHOD            | NO     | GRAD               | GRAD               
  | STRING       | GEOM_UNITS               | NO     | ANG                | ANG                
  | STRING       | JOBTYPE                  | YES    | ENERGY             | ENERGY             
  | STRING       | METHOD                   | YES    | MP2                | SCF                
  | STRING       | REFERENCE                | YES    | RHF                | RHF                
  | STRING       | OUTFILE_MODE             | NO     | NEW                | NEW                
  | DOUBLE       | STEP_BOHR                | NO     | 0.05               | 0.05               
  | STR_ARRAY    | MOLECULE_GEOM_FROM       | NO     | [input]            | [input]            
  | DOUBLE_ARRAY | ELECTRIC_STRENGTH        | NO     | [0.001;0.001;0.001]| [0.001;0.001;0.001]
  | STRING       | ELECTRIC_FIELD           | NO     | NONE               | NONE               
  | STRING       | ALIGN_TWO_ATOMS          | NO     | NONE               | NONE               
  | INT_ARRAY    | TWO_ATOMS                | NO     | [0]                | [0]                



  ## INTS Options ##

  | TYPE         | KEY                      | INPUT? | VALUE              | DEFAULT            
  |--------------|--------------------------|--------|--------------------|--------------------
  | DOUBLE       | BOYS_CUTOFF              | NO     | 1e-15              | 1e-15              
  | DOUBLE       | BOYS_ZERO                | NO     | 1e-06              | 1e-06              
  | DOUBLE       | DELTA_X                  | NO     | 0.1                | 0.1                
  | DOUBLE       | INTEGRAL_CUTOFF          | NO     | 1e-10              | 1e-10              
  | DOUBLE       | X_MAX                    | NO     | 30.0               | 30.0               
  | INT          | BOYS_MAXITER             | NO     | 10000              | 10000              
  | INT          | MAX_AM                   | NO     | 7                  | 7                  
  | INT          | MAX_AM_AUX               | NO     | 7                  | 7                  
  | INT          | PRINT_LEVEL              | NO     | 0                  | 0                  
  | INT          | TAYLOR_ORDER             | NO     | 6                  | 6                  
  | STRING       | 3INDEX_ALGORITHM         | NO     | AUTO               | AUTO               
  | STRING       | BOYS_METHOD              | NO     | GHP                | GHP                
  | STRING       | ERI_ALGORITHM            | NO     | MD4                | MD4                


	Initializing Liboeprop (by U. Bozkaya) ...

	*=================================================================*
	*                  SCF                                            *
	*   Developed by U. Bozkaya & Y. Alagoz                           *
	*   Latest revision Feb 16, 2021                                  *
	*=================================================================*



  ## SCF Options ##

  | TYPE         | KEY                      | INPUT? | VALUE              | DEFAULT            
  |--------------|--------------------------|--------|--------------------|--------------------
  | BOOL         | DIIS_DAMP                | NO     | FALSE              | FALSE              
  | BOOL         | DIE_IF_NOT_CONVERGED     | NO     | TRUE               | TRUE               
  | BOOL         | DO_DF                    | NO     | TRUE               | TRUE               
  | BOOL         | DIIS                     | NO     | TRUE               | TRUE               
  | BOOL         | FOCK_DAMP                | NO     | FALSE              | FALSE              
  | BOOL         | GUESS_MIX                | NO     | FALSE              | FALSE              
  | BOOL         | GUESS_PREVIOUS           | NO     | FALSE              | FALSE              
  | BOOL         | LOCAL                    | NO     | FALSE              | FALSE              
  | BOOL         | RETRY                    | NO     | TRUE               | TRUE               
  | DOUBLE       | CUTOFF                   | NO     | 1e-10              | 1e-10              
  | DOUBLE       | D_CONVERGENCE            | YES    | 1e-06              | 1e-06              
  | DOUBLE       | DAMP_PARAM               | NO     | 0.02               | 0.02               
  | DOUBLE       | E_CONVERGENCE            | YES    | 1e-08              | 1e-08              
  | DOUBLE       | FOCK_DAMP_PERC           | NO     | 20.0               | 20.0               
  | DOUBLE       | MIN_OVERLAP_EIGVAL       | NO     | 1e-06              | 1e-06              
  | DOUBLE       | LOCAL_CONVERGENCE        | NO     | 1e-08              | 1e-08              
  | DOUBLE       | QC_GUESS_E_CONVERGENCE   | NO     | 0.0001             | 0.0001             
  | DOUBLE       | QC_GUESS_D_CONVERGENCE   | NO     | 0.005              | 0.005              
  | INT          | MAX_DIIS                 | NO     | 6                  | 6                  
  | INT          | MIN_DIIS                 | NO     | 2                  | 2                  
  | INT          | PRINT_LEVEL              | NO     | 0                  | 0                  
  | INT          | SCF_MAXITER              | NO     | 50                 | 50                 
  | INT          | LOCAL_MAXITER            | NO     | 50                 | 50                 
  | STRING       | DIIS_ALGORITHM           | NO     | DISK               | DISK               
  | STRING       | GUESS                    | YES    | SAD                | SAD                
  | BOOL         | MO_WRITE                 | NO     | FALSE              | FALSE              
  | BOOL         | FOCK_WRITE               | NO     | FALSE              | FALSE              
  | STRING       | ORTH_TYPE                | NO     | CANONICAL          | CANONICAL          
  | STRING       | ROHF_CANONIC_TYPE        | NO     | GUEST              | GUEST              
  | STRING       | ERI                      | NO     | INCORE             | INCORE             
  | STRING       | SCF_ALGORITHM            | NO     | ROOTHAAN           | ROOTHAAN           
  | STRING       | LOCAL_TYPE               | NO     | BOYS               | BOYS               
  | BOOL         | SAD_FRAC_OCC             | NO     | TRUE               | TRUE               
  | BOOL         | SAD_SPIN_AVERAGE         | NO     | TRUE               | TRUE               
  | DOUBLE       | SAD_E_CONVERGENCE        | NO     | 1e-05              | 1e-05              
  | DOUBLE       | SAD_D_CONVERGENCE        | NO     | 1e-05              | 1e-05              
  | INT          | SAD_MAXITER              | NO     | 50                 | 50                 
  | BOOL         | NIE                      | NO     | FALSE              | FALSE              
  | BOOL         | SAD_DIIS                 | NO     | TRUE               | TRUE               
  | INT          | SAD_MAX_DIIS             | NO     | 6                  | 6                  
  | INT          | SAD_MIN_DIIS             | NO     | 2                  | 2                  
  | INT          | SAD_PRINT                | NO     | 0                  | 0                  
  | STRING       | SAD_AUX_BASIS            | NO     | SAD-FIT            | SAD-FIT            
  | DOUBLE       | SAD_CHOLESKY_TOLERANCE   | NO     | 1e-07              | 1e-07              
  | BOOL         | SOLVATION                | YES    | TRUE               | FALSE              
  | BOOL         | BYPASS                   | NO     | FALSE              | FALSE              
  | STRING       | IAO_TYPE                 | NO     | STANDARD2013       | STANDARD2013       
  | BOOL         | USE_IAOS                 | NO     | FALSE              | FALSE              

	Initializing libdiis ...
	Initializing libmolint 1.1 ...
 CC-PVDZ primary basis set file will be read for the BR atom...
 CC-PVDZ primary basis set file will be read for the C atom...
 CC-PVDZ primary basis set file will be read for the H atom...
 Nmaxthread: 32 
 Nshell: 50 
 Lmax:  2 
 Npmax: 13 
 Nao: 104 
 Ndocc: 30 
 Nsocc:  0 
 NoccA: 30 
 NoccB: 30 
 Primary basis set info has been read.

 CC-PVDZ-JKFIT aux basis set file will be read for the BR atom...
 CC-PVDZ-JKFIT aux basis set file will be read for the C atom...
 CC-PVDZ-JKFIT aux basis set file will be read for the H atom...
 Nshell_aux: 182 
 Naux: 542 
 Aux basis set info has been read.

 orth_type: CANONICAL 
 Cpu time for S ints :       0.0400 s
 Wall time for S ints:       0.0376 s

 Using canonical orthogonalization. 
 Minimum eigenvalue in the overlap matrix is:   4.7938E-03 

 Cpu time for T ints :       0.1400 s
 Wall time for T ints:       0.0345 s
 Cpu time for V ints :       0.8500 s
 Wall time for V ints:       0.2700 s
 Cpu time for Metric ints :       0.9700 s
 Wall time for Metric ints:       0.2451 s
 3-Index Algorithm: AUTO 

 Calling fortran integrals: ringing... 
 Done with fintegrals.

 Cpu time for 3-index ints :       4.5500 s
 Wall time for 3-index ints:       2.1537 s
 Cpu time for df-factors :       0.2700 s
 Wall time for df-factors:       0.0714 s


 Puream (True=1, False=0) : 1
 Number of AO             : 104
 Number of MO             : 104
 Number of Aux Functions  : 542
 Charge                   : 0
 Multiplicity             : 1
 Alpha OCC                : 30
 Beta OCC                 : 30
 Nuclear Repulsion Energy : 235.27880314
 Energy Treshold          : 1.0e-08
 Density Treshold         : 1.0e-06
 Iteration Limit          : 50
 Guess                    : SAD
 Guess Mix                : false
 Diis                     : true
 Diis Damping             : false
 Diis Damp Parameter      : 0.02
 Diis Algorithm           : DISK
 Cutoff Treshold          : 1.0e-10
 Density Fitting          : true
 Reference                : RHF
 Die If Not Converged     : true
 Print Level              : 0
 ERI Algorithm            : INCORE
 SCF Algorithm            : ROOTHAAN




  ## SOLVATION Options ##

  | TYPE         | KEY                      | INPUT? | VALUE              | DEFAULT            
  |--------------|--------------------------|--------|--------------------|--------------------
  | INT          | NUM_Z_POINTS             | NO     | 90                 | 90                 
  | INT          | NUM_ANG_POINTS           | NO     | 100                | 100                
  | STRING       | SASA_TYPE                | YES    | NUMERIC            | NUMERIC            
  | STRING       | CHARGE_TYPE              | NO     | IAO_MULLIKEN       | IAO_MULLIKEN       
  | STRING       | CDS_TYPE                 | YES    | SMD                | SMD                
  | STRING       | SOLVENT                  | YES    | WATER              | WATER              
  | STRING       | SOLVENT_PARAMS           | YES    | MN21               | SM8                
  | STRING       | DIELECTRIC_PARAMS        | YES    | MN21               | MN21               
  | STRING       | COULOMB_RADII            | NO     | SMD                | SMD                
  | DOUBLE       | COVALENT_VW_CONST        | NO     | 0.76               | 0.76               
  | DOUBLE       | SOLVENT_RADIUS           | NO     | 0.4                | 0.4                
  | STRING       | RADIUS_TYPE              | YES    | SMD                | SMD                
  | DOUBLE       | GB_DIJ                   | NO     | 3.7                | 3.7                
  | DOUBLE       | GB_SIJ                   | NO     | 0.75               | 0.75               
  | DOUBLE       | GB_CIJ                   | NO     | 0.0                | 0.0                
  | DOUBLE       | F_PWSASA                 | NO     | 0.4535             | 0.4535             
  | DOUBLE       | SCALE_VDW                | NO     | 1.0                | 1.0                
  | DOUBLE       | SCALE_CR                 | NO     | 1.0                | 1.0                



 Sasa Type                  : NUMERIC 
 Charge Type                : IAO_MULLIKEN 
 CDS Type                   : SMD 
 Radius Type                : SMD 
 Solvent                    : WATER 
 Solvent Parameters         : MN21 
 Dielectric Parameters      : MN21 
 Coulomb Radii Parameters   : SMD 
 GB d_ij parameter          : 3.7000000000 
 GB S_ij parameter          : 0.7500000000 
 GB C_ij parameter          : 0.0000000000 
 Sclae_vdw parameter        : 1.0000000000 
 Number of z-points         : 90 
 Number of angular points   : 100 
 Number of SASA grid points : 17902 
 Solvent Dielectric Constant: 78.3553000000 

 VDW Radii:
	  1 BR :       1.8500  ang
	  2 C :       1.7000  ang
	  3 C :       1.7000  ang
	  4 C :       1.7000  ang
	  5 H :       1.2000  ang
	  6 H :       1.2000  ang
	  7 H :       1.2000  ang
	  8 H :       1.2000  ang
	  9 H :       1.2000  ang
	 10 H :       1.2000  ang
	 11 H :       1.2000  ang

	 Computing SASA... 

 Atomic SASA values:
	  1 BR :      45.3906  ang^2
	  2 C :       3.6528  ang^2
	  3 C :       4.1017  ang^2
	  4 C :       9.0361  ang^2
	  5 H :      12.0399  ang^2
	  6 H :      12.0255  ang^2
	  7 H :      11.7398  ang^2
	  8 H :      11.7596  ang^2
	  9 H :      12.9097  ang^2
	 10 H :      12.1962  ang^2
	 11 H :      12.1962  ang^2

	*Total SASA (angs^2): 147.0482072458 


 Coulomb Radii:
	  1 BR :       3.0600  ang
	  2 C :       1.8500  ang
	  3 C :       1.8500  ang
	  4 C :       1.8500  ang
	  5 H :       1.2000  ang
	  6 H :       1.2000  ang
	  7 H :       1.2000  ang
	  8 H :       1.2000  ang
	  9 H :       1.2000  ang
	 10 H :       1.2000  ang
	 11 H :       1.2000  ang
 Solvent Alpha                       : 1.1700000000 

 ## Effective Born Radius (bohr) ##
   0   5.9748428795 
   1   4.5443469239 
   2   4.6195403659 
   3   4.1015430342 
   4   3.8679740204 
   5   3.8707750907 
   6   3.9493667078 
   7   3.9478317402 
   8   3.1311852174 
   9   3.2313857228 
  10   3.2313198836 

 Effective Born Radii:
	  1 BR :       3.1618  ang
	  2 C :       2.4048  ang
	  3 C :       2.4446  ang
	  4 C :       2.1704  ang
	  5 H :       2.0468  ang
	  6 H :       2.0483  ang
	  7 H :       2.0899  ang
	  8 H :       2.0891  ang
	  9 H :       1.6570  ang
	 10 H :       1.7100  ang
	 11 H :       1.7099  ang


 Coulomb Integrals:
	  1  1 :       0.1674  bohr^-1
	  1  2 :       0.1411  bohr^-1
	  1  3 :       0.1623  bohr^-1
	  1  4 :       0.1133  bohr^-1
	  1  5 :       0.1430  bohr^-1
	  1  6 :       0.1431  bohr^-1
	  1  7 :       0.1573  bohr^-1
	  1  8 :       0.1573  bohr^-1
	  1  9 :       0.1015  bohr^-1
	  1 10 :       0.1097  bohr^-1
	  1 11 :       0.1097  bohr^-1
	  2  1 :       0.1411  bohr^-1
	  2  2 :       0.2201  bohr^-1
	  2  3 :       0.1921  bohr^-1
	  2  4 :       0.2005  bohr^-1
	  2  5 :       0.2197  bohr^-1
	  2  6 :       0.2196  bohr^-1
	  2  7 :       0.1802  bohr^-1
	  2  8 :       0.1802  bohr^-1
	  2  9 :       0.1918  bohr^-1
	  2 10 :       0.1899  bohr^-1
	  2 11 :       0.1899  bohr^-1
	  3  1 :       0.1623  bohr^-1
	  3  2 :       0.1921  bohr^-1
	  3  3 :       0.2165  bohr^-1
	  3  4 :       0.1660  bohr^-1
	  3  5 :       0.1816  bohr^-1
	  3  6 :       0.1815  bohr^-1
	  3  7 :       0.2164  bohr^-1
	  3  8 :       0.2164  bohr^-1
	  3  9 :       0.1424  bohr^-1
	  3 10 :       0.1652  bohr^-1
	  3 11 :       0.1652  bohr^-1
	  4  1 :       0.1133  bohr^-1
	  4  2 :       0.2005  bohr^-1
	  4  3 :       0.1660  bohr^-1
	  4  4 :       0.2438  bohr^-1
	  4  5 :       0.1868  bohr^-1
	  4  6 :       0.1868  bohr^-1
	  4  7 :       0.1621  bohr^-1
	  4  8 :       0.1620  bohr^-1
	  4  9 :       0.2501  bohr^-1
	  4 10 :       0.2469  bohr^-1
	  4 11 :       0.2469  bohr^-1
	  5  1 :       0.1430  bohr^-1
	  5  2 :       0.2197  bohr^-1
	  5  3 :       0.1816  bohr^-1
	  5  4 :       0.1868  bohr^-1
	  5  5 :       0.2585  bohr^-1
	  5  6 :       0.2074  bohr^-1
	  5  7 :       0.1544  bohr^-1
	  5  8 :       0.1750  bohr^-1
	  5  9 :       0.1835  bohr^-1
	  5 10 :       0.1584  bohr^-1
	  5 11 :       0.1812  bohr^-1
	  6  1 :       0.1431  bohr^-1
	  6  2 :       0.2196  bohr^-1
	  6  3 :       0.1815  bohr^-1
	  6  4 :       0.1868  bohr^-1
	  6  5 :       0.2074  bohr^-1
	  6  6 :       0.2583  bohr^-1
	  6  7 :       0.1749  bohr^-1
	  6  8 :       0.1544  bohr^-1
	  6  9 :       0.1834  bohr^-1
	  6 10 :       0.1813  bohr^-1
	  6 11 :       0.1584  bohr^-1
	  7  1 :       0.1573  bohr^-1
	  7  2 :       0.1802  bohr^-1
	  7  3 :       0.2164  bohr^-1
	  7  4 :       0.1621  bohr^-1
	  7  5 :       0.1544  bohr^-1
	  7  6 :       0.1749  bohr^-1
	  7  7 :       0.2532  bohr^-1
	  7  8 :       0.2039  bohr^-1
	  7  9 :       0.1343  bohr^-1
	  7 10 :       0.1764  bohr^-1
	  7 11 :       0.1550  bohr^-1
	  8  1 :       0.1573  bohr^-1
	  8  2 :       0.1802  bohr^-1
	  8  3 :       0.2164  bohr^-1
	  8  4 :       0.1620  bohr^-1
	  8  5 :       0.1750  bohr^-1
	  8  6 :       0.1544  bohr^-1
	  8  7 :       0.2039  bohr^-1
	  8  8 :       0.2533  bohr^-1
	  8  9 :       0.1343  bohr^-1
	  8 10 :       0.1547  bohr^-1
	  8 11 :       0.1764  bohr^-1
	  9  1 :       0.1015  bohr^-1
	  9  2 :       0.1918  bohr^-1
	  9  3 :       0.1424  bohr^-1
	  9  4 :       0.2501  bohr^-1
	  9  5 :       0.1835  bohr^-1
	  9  6 :       0.1834  bohr^-1
	  9  7 :       0.1343  bohr^-1
	  9  8 :       0.1343  bohr^-1
	  9  9 :       0.3194  bohr^-1
	  9 10 :       0.2318  bohr^-1
	  9 11 :       0.2318  bohr^-1
	 10  1 :       0.1097  bohr^-1
	 10  2 :       0.1899  bohr^-1
	 10  3 :       0.1652  bohr^-1
	 10  4 :       0.2469  bohr^-1
	 10  5 :       0.1584  bohr^-1
	 10  6 :       0.1813  bohr^-1
	 10  7 :       0.1764  bohr^-1
	 10  8 :       0.1547  bohr^-1
	 10  9 :       0.2318  bohr^-1
	 10 10 :       0.3095  bohr^-1
	 10 11 :       0.2298  bohr^-1
	 11  1 :       0.1097  bohr^-1
	 11  2 :       0.1899  bohr^-1
	 11  3 :       0.1652  bohr^-1
	 11  4 :       0.2469  bohr^-1
	 11  5 :       0.1812  bohr^-1
	 11  6 :       0.1584  bohr^-1
	 11  7 :       0.1550  bohr^-1
	 11  8 :       0.1764  bohr^-1
	 11  9 :       0.2318  bohr^-1
	 11 10 :       0.2298  bohr^-1
	 11 11 :       0.3095  bohr^-1
    ===> SCF Iteration Started <===

     Iter. |                   Energy |       Delta E |          Drms |
    -------|--------------------------|---------------|---------------|
         1 |     -2687.33355377296812 |    -2.687e+03 |     1.516e-02 |
         2 |     -2689.24825387546616 |    -1.915e+00 |     2.498e-03 | DIIS
         3 |     -2689.38814727213185 |    -1.399e-01 |     1.335e-03 | DIIS
         4 |     -2689.40326706842188 |    -1.512e-02 |     3.061e-04 | DIIS
         5 |     -2689.40427203144100 |    -1.005e-03 |     8.808e-05 | DIIS
         6 |     -2689.40427725401059 |    -5.223e-06 |     2.399e-05 | DIIS
         7 |     -2689.40429417721634 |    -1.692e-05 |     7.246e-06 | DIIS
         8 |     -2689.40429392932674 |     2.479e-07 |     3.139e-06 | DIIS
         9 |     -2689.40429583776677 |    -1.908e-06 |     1.208e-06 | DIIS
        10 |     -2689.40429646301527 |    -6.252e-07 |     2.484e-07 | DIIS
        11 |     -2689.40429674106826 |    -2.781e-07 |     8.241e-08 | DIIS
        12 |     -2689.40429677866769 |    -3.760e-08 |     1.249e-08 | DIIS
        13 |     -2689.40429678229475 |    -3.627e-09 |     4.389e-09 | DIIS


	-Alpha Occupied Orbital Energies (au):  
	 1: -490.0749182368 	 2: -65.2088177235 	 3: -58.5662372234 	 4: -58.5649739964 	 5: -58.5649052655 
	 6: -11.2810426576 	 7: -11.2276865047 	 8: -11.2182651630 	 9: -9.8401440590 	10: -7.4523770331 
	11: -7.4443621712 	12: -7.4442478773 	13: -3.0492693281 	14: -3.0428600913 	15: -3.0426622566 
	16: -3.0377772462 	17: -3.0334460471 	18: -1.0830720125 	19: -0.9965354982 	20: -0.8875727725 
	21: -0.8017260037 	22: -0.6438029531 	23: -0.5833073365 	24: -0.5546042412 	25: -0.5479841975 
	26: -0.4925557046 	27: -0.4776370542 	28: -0.4508190491 	29: -0.3820503435 	30: -0.3818363514 

	-Alpha Virtual Orbital Energies (au):  
	31: 0.1604692491 	32: 0.2108282571 	33: 0.2271150154 	34: 0.2278758698 	35: 0.2437994765 
	36: 0.2790104327 	37: 0.2813891667 	38: 0.2939619932 	39: 0.3647463141 	40: 0.3985102624 
	41: 0.5720463073 	42: 0.5797795015 	43: 0.5852716432 	44: 0.5905896290 	45: 0.5967595971 
	46: 0.6841667222 	47: 0.7192361355 	48: 0.7374081946 	49: 0.7558676801 	50: 0.7713575932 
	51: 0.7946131275 	52: 0.8262248907 	53: 0.8309016393 	54: 0.8439765650 	55: 0.8776398897 
	56: 0.8861560580 	57: 0.8865410397 	58: 0.8925792269 	59: 0.9004317245 	60: 0.9177918559 
	61: 0.9397618779 	62: 0.9668473921 	63: 0.9976870322 	64: 1.0175848785 	65: 1.1436979432 
	66: 1.1811459970 	67: 1.2737258755 	68: 1.3468778089 	69: 1.4326886715 	70: 1.4422209428 
	71: 1.4426090570 	72: 1.5295988163 	73: 1.6628204438 	74: 1.6793473686 	75: 1.6981366149 
	76: 1.8565786514 	77: 1.8639087770 	78: 1.8745996057 	79: 1.8752757471 	80: 1.9038672769 
	81: 1.9395096902 	82: 1.9521320982 	83: 1.9549068019 	84: 1.9621251909 	85: 1.9825983947 
	86: 2.0236739348 	87: 2.0700885376 	88: 2.1100530218 	89: 2.1748437693 	90: 2.2077235713 
	91: 2.2937803323 	92: 2.3400823865 	93: 2.4360627949 	94: 2.4687031619 	95: 2.5307580267 
	96: 2.5626224644 	97: 2.5935683977 	98: 2.7490716851 	99: 2.7566104591 	100: 2.7687540540 
	101: 2.8584996342 	102: 2.9104995079 	103: 2.9869770862 	104: 2.9995948366 


	-Mulliken Population Analysis for SCF:
	 1: -0.1849019543 	 2: -0.0557393585 	 3: -0.0694808214 	 4: -0.0593764082 	 5: 0.0450542661 
	 6: 0.0451367048 	 7: 0.0835206662 	 8: 0.0835563251 	 9: 0.0429762740 	10: 0.0346639659 
	11: 0.0345903403 

	-Lowdin Population Analysis for SCF:  
	 1: -0.0183381147 	 2: -0.0468422247 	 3: -0.0583333424 	 4: -0.0501451980 	 5: 0.0252355664 
	 6: 0.0252447393 	 7: 0.0252894533 	 8: 0.0252992186 	 9: 0.0284656489 	10: 0.0220803413 
	11: 0.0220439120 

	-Electronic Dipole Moment: (e a0)  
	 X:  22.81702   Y:  0.86914   Z:  -0.00457   Total:  22.83357 

	-Electronic Dipole Moment: (D)  
	 X:  57.99509   Y:  2.20913   Z:  -0.01162   Total:  58.03715 

	-Total Dipole Moment: (e a0)  
	 X:  -1.02875   Y:  -0.23672   Z:  0.00082   Total:  1.05563 

	-Total Dipole Moment: (D)  
	 X:  -2.61481   Y:  -0.60167   Z:  0.00208   Total:  2.68315 



	Initializing Liboeprop (by U. Bozkaya) ...


	-Mulliken Population Analysis for SCF-IAO:
	 1: -0.2421296845 	 2: -0.2013472030 	 3: -0.1065706688 	 4: -0.3629287827 	 5: 0.1252050293 
	 6: 0.1252946937 	 7: 0.1468747179 	 8: 0.1469229023 	 9: 0.1306044252 	10: 0.1190852562 
	11: 0.1190554012 

	-Lowdin Population Analysis for SCF-IAO:  
	 1: -0.2421296845 	 2: -0.2013472030 	 3: -0.1065706688 	 4: -0.3629287827 	 5: 0.1252050293 
	 6: 0.1252946937 	 7: 0.1468747179 	 8: 0.1469229023 	 9: 0.1306044252 	10: 0.1190852562 
	11: 0.1190554012 

	Initializing Liblocal (by U. Bozkaya) ...
  ==> Pipek-Mezey Localizer <==

    Convergence =   1.000E-08
    Maxiter     =          50

    Iteration                   Metric       Residual
    PM    0   5.7356304266807520E+01              -
    PM    1   6.9008994774605995E+01   2.031632E-01
    PM    2   7.2215321206779123E+01   4.646244E-02
    PM    3   7.2304322015154057E+01   1.232437E-03
    PM    4   7.2306232953615535E+01   2.642910E-05
    PM    5   7.2306322681913684E+01   1.240948E-06
    PM    6   7.2306324495986473E+01   2.508872E-08
    PM    7   7.2306324509356429E+01   1.849071E-10

    PM Localizer converged.



	*Molecular contr. to CDS energy:       0.0000  kcal/mol
	*Total CDS energy:       1.5241  kcal/mol
	*SCF::Polarization Free Energy (au)      : -0.0020532051 
	*SCF::Polarization Free Energy (kcal/mol):      -1.2884 
	*SCF::CDS Free Energy (au)      : 0.0024288854 
	*SCF::CDS Free Energy (kcal/mol):       1.5241 
	*SCF::Total Solvation Free Energy (au)      : 0.0003756803 
	*SCF::Total Solvation Free Energy (kcal/mol):       0.2357 
 CC-PVDZ primary basis set file will be read for the BR atom...
 CC-PVDZ primary basis set file will be read for the C atom...
 CC-PVDZ primary basis set file will be read for the H atom...
 Nmaxthread: 32 
 Nshell: 50 
 Lmax:  2 
 Npmax: 13 
 Nao: 104 
 Ndocc: 30 
 Nsocc:  0 
 NoccA: 30 
 NoccB: 30 
 Primary basis set info has been read.

 CC-PVDZ-JKFIT aux basis set file will be read for the BR atom...
 CC-PVDZ-JKFIT aux basis set file will be read for the C atom...
 CC-PVDZ-JKFIT aux basis set file will be read for the H atom...
 Nshell_aux: 182 
 Naux: 542 
 Aux basis set info has been read.


	*Total SCF Energy: -2689.40429678229475

 Cpu time for SCF :       1.4083 minutes
 Wall time for SCF:       0.5201 minutes


	MO spaces... 

	 FC   OCC   VIR   FV 
	----------------------
	 12   18    74    0


	Libtrans is initialized (by U. Bozkaya) ...

 ============================================================================== 
 ============================================================================== 
 ============================================================================== 

                       DF-MP2   
              Program Written by Ugur Bozkaya
              Latest Revision May 2, 2021

 ============================================================================== 
 ============================================================================== 
 ============================================================================== 

	For this residual convergence, default PCG convergence is:     1.00e-07
    Warning: "PCG_CONVERGENCE" option is changed to     1.00e-07


  ## DFOCC Options ##

  | TYPE         | KEY                      | INPUT? | VALUE              | DEFAULT            
  |--------------|--------------------------|--------|--------------------|--------------------
  | BOOL         | EOM                      | NO     | FALSE              | FALSE              
  | BOOL         | EOM_MP2                  | NO     | FALSE              | FALSE              
  | BOOL         | EOM_MP3                  | NO     | FALSE              | FALSE              
  | BOOL         | EOM_MP2_5                | NO     | FALSE              | FALSE              
  | BOOL         | EOM_LCCD                 | NO     | FALSE              | FALSE              
  | BOOL         | LOW_MEM_MP2              | NO     | FALSE              | FALSE              
  | BOOL         | LOW_MEM_MP3              | NO     | FALSE              | FALSE              
  | BOOL         | CD_PRESCREEN             | NO     | FALSE              | FALSE              
  | DOUBLE       | CIS_E_CONV               | NO     | 1e-06              | 1e-06              
  | DOUBLE       | CIS_R_CONV               | NO     | 1e-06              | 1e-06              
  | DOUBLE       | CIS_RES_PRECONDITION_TOL | NO     | 0.0001             | 0.0001             
  | DOUBLE       | DAVIDSON_TOLERANCE       | NO     | 1e-06              | 1e-06              
  | DOUBLE       | E3_SCALE                 | NO     | 0.25               | 0.25               
  | DOUBLE       | E_CONVERGENCE            | NO     | 1e-06              | 1e-06              
  | DOUBLE       | JK_MEMORY                | NO     | 1000000000.0       | 1000000000.0       
  | DOUBLE       | LEVEL_SHIFT              | NO     | 0.02               | 0.02               
  | DOUBLE       | MAX_MOGRAD_CONVERGENCE   | NO     | 0.001              | 0.001              
  | DOUBLE       | MO_STEP_MAX              | NO     | 0.5                | 0.5                
  | DOUBLE       | MP2_OS_SCALE             | NO     | 1.2                | 1.2                
  | DOUBLE       | MP2_SOS_SCALE            | NO     | 1.3                | 1.3                
  | DOUBLE       | MP2_SOS_SCALE2           | NO     | 1.2                | 1.2                
  | DOUBLE       | MP2_SS_SCALE             | NO     | 0.3333333333333333 | 0.3333333333333333 
  | DOUBLE       | OCC_PERCENTAGE           | NO     | 99.0               | 99.0               
  | DOUBLE       | OCC_TOLERANCE            | NO     | 1e-05              | 1e-05              
  | DOUBLE       | OO_SCALE                 | NO     | 0.01               | 0.01               
  | DOUBLE       | PCG_CONVERGENCE          | NO     | 1e-06              | 1e-06              
  | DOUBLE       | R_CONVERGENCE            | NO     | 1e-05              | 1e-05              
  | DOUBLE       | REG_PARAM                | NO     | 0.4                | 0.4                
  | DOUBLE       | KAPPA_REG_PARAM          | NO     | 1.1                | 1.1                
  | DOUBLE       | RMS_MOGRAD_CONVERGENCE   | NO     | 1e-06              | 1e-06              
  | DOUBLE       | SCG_TOLERANCE            | NO     | 1e-06              | 1e-06              
  | DOUBLE       | SCHMIDT_ADD_RES_TOL      | NO     | 0.001              | 0.001              
  | INT          | ACTIVE_NAT_ORBS          | NO     | 2                  | 2                  
  | INT          | CC_DIIS_MAX_VECS         | NO     | 6                  | 6                  
  | INT          | CC_DIIS_MIN_VECS         | NO     | 2                  | 2                  
  | INT          | CC_MAXITER               | NO     | 50                 | 50                 
  | INT          | CUTOFF                   | NO     | 8                  | 8                  
  | INT          | EXCITATION_RANGE         | NO     | 2                  | 2                  
  | INT          | FOLLOW_ROOT              | NO     | 1                  | 1                  
  | INT          | INTEGRAL_CUTOFF          | NO     | 9                  | 9                  
  | INT          | MAX_VECS                 | NO     | 50                 | 50                 
  | INT          | MO_DIIS_NUM_VECS         | NO     | 6                  | 6                  
  | INT          | MO_MAXITER               | NO     | 50                 | 50                 
  | INT          | NUM_ROOTS                | NO     | 4                  | 4                  
  | INT          | PCG_MAXITER              | NO     | 50                 | 50                 
  | INT          | PRINT_LEVEL              | NO     | 0                  | 0                  
  | INT          | VECS_PER_ROOT            | NO     | 1                  | 1                  
  | STRING       | CC_LAMBDA                | NO     | FALSE              | FALSE              
  | STRING       | CHOLESKY                 | NO     | FALSE              | FALSE              
  | STRING       | CIS_ALGORITHM            | NO     | MO_BASIS           | MO_BASIS           
  | STRING       | CIS_GUESS_COEFF          | NO     | MIX                | MIX                
  | STRING       | COMPUT_S2                | NO     | FALSE              | FALSE              
  | STRING       | DIAG_METHOD              | NO     | DAVIDSON           | DAVIDSON           
  | STRING       | DO_DIIS                  | NO     | TRUE               | TRUE               
  | STRING       | DO_LEVEL_SHIFT           | NO     | TRUE               | TRUE               
  | STRING       | DO_SCS                   | NO     | FALSE              | FALSE              
  | STRING       | DO_SOS                   | NO     | FALSE              | FALSE              
  | STRING       | EKT_IP                   | NO     | FALSE              | FALSE              
  | STRING       | FREEZE_CORE              | NO     | TRUE               | TRUE               
  | STRING       | HESS_TYPE                | NO     | HF                 | HF                 
  | STRING       | JK_TYPE                  | NO     | DIRECT             | DIRECT             
  | STRING       | LINEQ_SOLVER             | NO     | CDGESV             | CDGESV             
  | STRING       | MO_READ                  | NO     | FALSE              | FALSE              
  | STRING       | MO_WRITE                 | NO     | FALSE              | FALSE              
  | STRING       | MP2_AMP_TYPE             | NO     | DIRECT             | DIRECT             
  | STRING       | NAT_ORBS                 | NO     | FALSE              | FALSE              
  | STRING       | NBO                      | NO     | TRUE               | TRUE               
  | STRING       | OCC_ORBS_PRINT           | NO     | FALSE              | FALSE              
  | STRING       | OEPROP                   | NO     | FALSE              | FALSE              
  | STRING       | OPT_METHOD               | NO     | QNR                | QNR                
  | STRING       | ORB_RESP_SOLVER          | NO     | PCG                | PCG                
  | STRING       | ORTH_TYPE                | NO     | MGS                | MGS                
  | STRING       | PCG_BETA_TYPE            | NO     | FLETCHER_REEVES    | FLETCHER_REEVES    
  | STRING       | PPL_TYPE                 | NO     | AUTO               | AUTO               
  | STRING       | PRINT_CI_VECS            | NO     | FALSE              | FALSE              
  | STRING       | QCHF                     | NO     | FALSE              | FALSE              
  | STRING       | READ_SCF_3INDEX          | NO     | TRUE               | TRUE               
  | STRING       | REGULARIZATION           | NO     | FALSE              | FALSE              
  | STRING       | REG_TYPE                 | NO     | NORMAL             | NORMAL             
  | STRING       | SCS_TYPE                 | NO     | SCS                | SCS                
  | STRING       | SOS_TYPE                 | NO     | SOS                | SOS                
  | STRING       | TRIPLES_IABC_TYPE        | NO     | DISK               | DISK               
  | STRING       | UNIT_GUESS_TYPE          | NO     | GEN                | GEN                
  | STRING       | EKT_NEGATIVE_OCC         | NO     | ABS                | ABS                
  | BOOL         | SOLVATION                | YES    | TRUE               | FALSE              

	MO spaces... 

	 FC   OCC   VIR   FV 
	----------------------
	 12   18    74    0
 CC-PVDZ primary basis set file will be read for the BR atom...
 CC-PVDZ primary basis set file will be read for the C atom...
 CC-PVDZ primary basis set file will be read for the H atom...
 Nmaxthread: 32 
 Nshell: 50 
 Lmax:  2 
 Npmax: 13 
 Nao: 104 
 Ndocc: 30 
 Nsocc:  0 
 NoccA: 30 
 NoccB: 30 
 Primary basis set info has been read.

 CC-PVDZ-RI aux basis set file will be read for the BR atom...
 CC-PVDZ-RI aux basis set file will be read for the C atom...
 CC-PVDZ-RI aux basis set file will be read for the H atom...
 Nshell_aux: 126 
 Naux: 380 
 Aux basis set info has been read.

 Cpu time for Metric ints :       0.3100 s
 Wall time for Metric ints:       0.1956 s
 3-Index Algorithm: AUTO 

 Calling fortran integrals: ringing... 
 Done with fintegrals.

 Cpu time for 3-index ints :       4.1200 s
 Wall time for 3-index ints:       2.0750 s
 Cpu time for df-factors :       0.2200 s
 Wall time for df-factors:       0.0617 s
 CC-PVDZ primary basis set file will be read for the BR atom...
 CC-PVDZ primary basis set file will be read for the C atom...
 CC-PVDZ primary basis set file will be read for the H atom...
 Nmaxthread: 32 
 Nshell: 50 
 Lmax:  2 
 Npmax: 13 
 Nao: 104 
 Ndocc: 30 
 Nsocc:  0 
 NoccA: 30 
 NoccB: 30 
 Primary basis set info has been read.

 CC-PVDZ-JKFIT aux basis set file will be read for the BR atom...
 CC-PVDZ-JKFIT aux basis set file will be read for the C atom...
 CC-PVDZ-JKFIT aux basis set file will be read for the H atom...
 Nshell_aux: 182 
 Naux: 542 
 Aux basis set info has been read.

	Reading DF integrals from disk ...
 Cpu time for Metric ints :       0.9400 s
 Wall time for Metric ints:       0.2368 s
	Number of basis functions in the DF-HF basis: 542
	Number of basis functions in the DF-CC basis: 380

	Available memory                      :   5000.00 MB 
	Minimum required memory for amplitudes:     42.58 MB 
	Memory requirement for B-CC (Q|mu nu) :     32.88 MB 
	Memory requirement for B-CC (Q|ab)    :     16.65 MB 
	Memory requirement for DF-CC int trans:     56.28 MB 

	Computing DF-MP2 energy using SCF MOs (Canonical DF-MP2)... 
	======================================================================= 
	Nuclear Repulsion Energy (a.u.)    :   235.27880783185580
	DF-HF Energy (a.u.)                : -2689.40429678229475
	REF Energy (a.u.)                  : -2689.40429678229475
	DF-MP2 Correlation Energy (a.u.)   :    -0.56800720797849
	DF-MP2 Total Energy (a.u.)         : -2689.97230399027330
	======================================================================= 

	*Total MP2 Energy: -2689.97230399027330

	Computing unrelaxed response density matrices...
	Number of independent-pairs: 2220
	Computing the generalized Fock matrix (GFM)...
	Computing the orbital gradient...
	Forming effective orbital gradient...
	Solving orbital Z-vector equations...

	            PCG Solver 
	   ------------------------------ 
	Iter     RMS Z Vector        RMS Residual  
	----    ---------------    ---------------
	  1         1.65e-03         1.43e-03
	  2         1.17e-03         3.16e-04
	  3         1.15e-04         1.05e-04
	  4         4.99e-05         2.14e-05
	  5         8.04e-06         6.86e-06
	  6         3.10e-06         2.00e-06
	  7         8.88e-07         6.24e-07
	  8         3.72e-07         1.87e-07
	  9         7.66e-08         5.61e-08

	Computing the relaxed PDMs and GFM...
	Compute solv. is starting ...

	Initializing Liboeprop (by U. Bozkaya) ...


	-Mulliken Population Analysis for MP2-IAO:
	 1: 0.2263855636 	 2: -0.0541858008 	 3: -0.1848420195 	 4: -0.2371130516 	 5: 0.0595580258 
	 6: 0.0596718125 	 7: 0.0458507336 	 8: 0.0458720666 	 9: 0.0437437316 	10: 0.0639598344 
	11: 0.0639391596 

	-Lowdin Population Analysis for MP2-IAO:  
	 1: 0.2263855636 	 2: -0.0541858008 	 3: -0.1848420195 	 4: -0.2371130516 	 5: 0.0595580258 
	 6: 0.0596718125 	 7: 0.0458507336 	 8: 0.0458720666 	 9: 0.0437437316 	10: 0.0639598344 
	11: 0.0639391596 


  ## SOLVATION Options ##

  | TYPE         | KEY                      | INPUT? | VALUE              | DEFAULT            
  |--------------|--------------------------|--------|--------------------|--------------------
  | INT          | NUM_Z_POINTS             | NO     | 90                 | 90                 
  | INT          | NUM_ANG_POINTS           | NO     | 100                | 100                
  | STRING       | SASA_TYPE                | YES    | NUMERIC            | NUMERIC            
  | STRING       | CHARGE_TYPE              | NO     | IAO_MULLIKEN       | IAO_MULLIKEN       
  | STRING       | CDS_TYPE                 | YES    | SMD                | SMD                
  | STRING       | SOLVENT                  | YES    | WATER              | WATER              
  | STRING       | SOLVENT_PARAMS           | YES    | MN21               | SM8                
  | STRING       | DIELECTRIC_PARAMS        | YES    | MN21               | MN21               
  | STRING       | COULOMB_RADII            | NO     | SMD                | SMD                
  | DOUBLE       | COVALENT_VW_CONST        | NO     | 0.76               | 0.76               
  | DOUBLE       | SOLVENT_RADIUS           | NO     | 0.4                | 0.4                
  | STRING       | RADIUS_TYPE              | YES    | SMD                | SMD                
  | DOUBLE       | GB_DIJ                   | NO     | 3.7                | 3.7                
  | DOUBLE       | GB_SIJ                   | NO     | 0.75               | 0.75               
  | DOUBLE       | GB_CIJ                   | NO     | 0.0                | 0.0                
  | DOUBLE       | F_PWSASA                 | NO     | 0.4535             | 0.4535             
  | DOUBLE       | SCALE_VDW                | NO     | 1.0                | 1.0                
  | DOUBLE       | SCALE_CR                 | NO     | 1.0                | 1.0                



 Sasa Type                  : NUMERIC 
 Charge Type                : IAO_MULLIKEN 
 CDS Type                   : SMD 
 Radius Type                : SMD 
 Solvent                    : WATER 
 Solvent Parameters         : MN21 
 Dielectric Parameters      : MN21 
 Coulomb Radii Parameters   : SMD 
 GB d_ij parameter          : 3.7000000000 
 GB S_ij parameter          : 0.7500000000 
 GB C_ij parameter          : 0.0000000000 
 Sclae_vdw parameter        : 1.0000000000 
 Number of z-points         : 90 
 Number of angular points   : 100 
 Number of SASA grid points : 17902 
 Solvent Dielectric Constant: 78.3553000000 

 VDW Radii:
	  1 BR :       1.8500  ang
	  2 C :       1.7000  ang
	  3 C :       1.7000  ang
	  4 C :       1.7000  ang
	  5 H :       1.2000  ang
	  6 H :       1.2000  ang
	  7 H :       1.2000  ang
	  8 H :       1.2000  ang
	  9 H :       1.2000  ang
	 10 H :       1.2000  ang
	 11 H :       1.2000  ang

	 Computing SASA... 

 Atomic SASA values:
	  1 BR :      45.3906  ang^2
	  2 C :       3.6528  ang^2
	  3 C :       4.1017  ang^2
	  4 C :       9.0361  ang^2
	  5 H :      12.0399  ang^2
	  6 H :      12.0255  ang^2
	  7 H :      11.7398  ang^2
	  8 H :      11.7596  ang^2
	  9 H :      12.9097  ang^2
	 10 H :      12.1962  ang^2
	 11 H :      12.1962  ang^2

	*Total SASA (angs^2): 147.0482072458 


 Coulomb Radii:
	  1 BR :       3.0600  ang
	  2 C :       1.8500  ang
	  3 C :       1.8500  ang
	  4 C :       1.8500  ang
	  5 H :       1.2000  ang
	  6 H :       1.2000  ang
	  7 H :       1.2000  ang
	  8 H :       1.2000  ang
	  9 H :       1.2000  ang
	 10 H :       1.2000  ang
	 11 H :       1.2000  ang
 Solvent Alpha                       : 1.1700000000 

 ## Effective Born Radius (bohr) ##
   0   5.9748428795 
   1   4.5443469239 
   2   4.6195403659 
   3   4.1015430342 
   4   3.8679740204 
   5   3.8707750907 
   6   3.9493667078 
   7   3.9478317402 
   8   3.1311852174 
   9   3.2313857228 
  10   3.2313198836 

 Effective Born Radii:
	  1 BR :       3.1618  ang
	  2 C :       2.4048  ang
	  3 C :       2.4446  ang
	  4 C :       2.1704  ang
	  5 H :       2.0468  ang
	  6 H :       2.0483  ang
	  7 H :       2.0899  ang
	  8 H :       2.0891  ang
	  9 H :       1.6570  ang
	 10 H :       1.7100  ang
	 11 H :       1.7099  ang


 Coulomb Integrals:
	  1  1 :       0.1674  bohr^-1
	  1  2 :       0.1411  bohr^-1
	  1  3 :       0.1623  bohr^-1
	  1  4 :       0.1133  bohr^-1
	  1  5 :       0.1430  bohr^-1
	  1  6 :       0.1431  bohr^-1
	  1  7 :       0.1573  bohr^-1
	  1  8 :       0.1573  bohr^-1
	  1  9 :       0.1015  bohr^-1
	  1 10 :       0.1097  bohr^-1
	  1 11 :       0.1097  bohr^-1
	  2  1 :       0.1411  bohr^-1
	  2  2 :       0.2201  bohr^-1
	  2  3 :       0.1921  bohr^-1
	  2  4 :       0.2005  bohr^-1
	  2  5 :       0.2197  bohr^-1
	  2  6 :       0.2196  bohr^-1
	  2  7 :       0.1802  bohr^-1
	  2  8 :       0.1802  bohr^-1
	  2  9 :       0.1918  bohr^-1
	  2 10 :       0.1899  bohr^-1
	  2 11 :       0.1899  bohr^-1
	  3  1 :       0.1623  bohr^-1
	  3  2 :       0.1921  bohr^-1
	  3  3 :       0.2165  bohr^-1
	  3  4 :       0.1660  bohr^-1
	  3  5 :       0.1816  bohr^-1
	  3  6 :       0.1815  bohr^-1
	  3  7 :       0.2164  bohr^-1
	  3  8 :       0.2164  bohr^-1
	  3  9 :       0.1424  bohr^-1
	  3 10 :       0.1652  bohr^-1
	  3 11 :       0.1652  bohr^-1
	  4  1 :       0.1133  bohr^-1
	  4  2 :       0.2005  bohr^-1
	  4  3 :       0.1660  bohr^-1
	  4  4 :       0.2438  bohr^-1
	  4  5 :       0.1868  bohr^-1
	  4  6 :       0.1868  bohr^-1
	  4  7 :       0.1621  bohr^-1
	  4  8 :       0.1620  bohr^-1
	  4  9 :       0.2501  bohr^-1
	  4 10 :       0.2469  bohr^-1
	  4 11 :       0.2469  bohr^-1
	  5  1 :       0.1430  bohr^-1
	  5  2 :       0.2197  bohr^-1
	  5  3 :       0.1816  bohr^-1
	  5  4 :       0.1868  bohr^-1
	  5  5 :       0.2585  bohr^-1
	  5  6 :       0.2074  bohr^-1
	  5  7 :       0.1544  bohr^-1
	  5  8 :       0.1750  bohr^-1
	  5  9 :       0.1835  bohr^-1
	  5 10 :       0.1584  bohr^-1
	  5 11 :       0.1812  bohr^-1
	  6  1 :       0.1431  bohr^-1
	  6  2 :       0.2196  bohr^-1
	  6  3 :       0.1815  bohr^-1
	  6  4 :       0.1868  bohr^-1
	  6  5 :       0.2074  bohr^-1
	  6  6 :       0.2583  bohr^-1
	  6  7 :       0.1749  bohr^-1
	  6  8 :       0.1544  bohr^-1
	  6  9 :       0.1834  bohr^-1
	  6 10 :       0.1813  bohr^-1
	  6 11 :       0.1584  bohr^-1
	  7  1 :       0.1573  bohr^-1
	  7  2 :       0.1802  bohr^-1
	  7  3 :       0.2164  bohr^-1
	  7  4 :       0.1621  bohr^-1
	  7  5 :       0.1544  bohr^-1
	  7  6 :       0.1749  bohr^-1
	  7  7 :       0.2532  bohr^-1
	  7  8 :       0.2039  bohr^-1
	  7  9 :       0.1343  bohr^-1
	  7 10 :       0.1764  bohr^-1
	  7 11 :       0.1550  bohr^-1
	  8  1 :       0.1573  bohr^-1
	  8  2 :       0.1802  bohr^-1
	  8  3 :       0.2164  bohr^-1
	  8  4 :       0.1620  bohr^-1
	  8  5 :       0.1750  bohr^-1
	  8  6 :       0.1544  bohr^-1
	  8  7 :       0.2039  bohr^-1
	  8  8 :       0.2533  bohr^-1
	  8  9 :       0.1343  bohr^-1
	  8 10 :       0.1547  bohr^-1
	  8 11 :       0.1764  bohr^-1
	  9  1 :       0.1015  bohr^-1
	  9  2 :       0.1918  bohr^-1
	  9  3 :       0.1424  bohr^-1
	  9  4 :       0.2501  bohr^-1
	  9  5 :       0.1835  bohr^-1
	  9  6 :       0.1834  bohr^-1
	  9  7 :       0.1343  bohr^-1
	  9  8 :       0.1343  bohr^-1
	  9  9 :       0.3194  bohr^-1
	  9 10 :       0.2318  bohr^-1
	  9 11 :       0.2318  bohr^-1
	 10  1 :       0.1097  bohr^-1
	 10  2 :       0.1899  bohr^-1
	 10  3 :       0.1652  bohr^-1
	 10  4 :       0.2469  bohr^-1
	 10  5 :       0.1584  bohr^-1
	 10  6 :       0.1813  bohr^-1
	 10  7 :       0.1764  bohr^-1
	 10  8 :       0.1547  bohr^-1
	 10  9 :       0.2318  bohr^-1
	 10 10 :       0.3095  bohr^-1
	 10 11 :       0.2298  bohr^-1
	 11  1 :       0.1097  bohr^-1
	 11  2 :       0.1899  bohr^-1
	 11  3 :       0.1652  bohr^-1
	 11  4 :       0.2469  bohr^-1
	 11  5 :       0.1812  bohr^-1
	 11  6 :       0.1584  bohr^-1
	 11  7 :       0.1550  bohr^-1
	 11  8 :       0.1764  bohr^-1
	 11  9 :       0.2318  bohr^-1
	 11 10 :       0.2298  bohr^-1
	 11 11 :       0.3095  bohr^-1


	*Molecular contr. to CDS energy:       0.0000  kcal/mol
	*Total CDS energy:       1.5241  kcal/mol
	*MP2::Polarization Free Energy (au)      : -0.0021709475 
	*MP2::Polarization Free Energy (kcal/mol):      -1.3623 
	*MP2::CDS Free Energy (au)      : 0.0024288854 
	*MP2::CDS Free Energy (kcal/mol):       1.5241 
	*MP2::Total Solvation Free Energy (au)      : 0.0002579378 
	*MP2::Total Solvation Free Energy (kcal/mol):       0.1619 
	GB-MP2 Total Energy (a.u.)         : -2689.97204605244769

	*Total GB-MP2 Energy: -2689.97230399027330


 Cpu time for MacroQC :       1.8027 minutes
 Wall time for MacroQC:       0.6773 minutes


 ******************************************************************************************
	 MacroQC terminates normally:) 
 ****************************************************************************************** 

