 ==========================================================================================
 =========                __  ___                         ____  ______            =========
 ======                  /  |/  /___ _______________     / __ \/ ____/               ======
 ====                   / /|_/ / __ `/ ___/ ___/ __ \   / / / / /                      ====
 ===                   / /  / / /_/ / /__/ /  / /_/ /  / /_/ / /___                     ===
 ==                   /_/  /_/\__,_/\___/_/   \____/   \___\_\____/                      ==
 ===                                                                1.0.4                ===
 =====     An electronic structure theory software for large-scale applications       =====
 ======                                 See license.txt for license info             ======
 =========                                                                        =========
 ==========================================================================================
                                                                                           
                           * * * * * * * * * * * * * * * * * * * *                        
                           *            Developed by             *                        
                           *             U. Bozkaya              *                        
                           *                                     *                        
                           *       With contributions from:      *                        
                           *         B. Ermis, Y. Alagoz,        *                        
                           *         A. Unal, and A. K. Uyar     *                        
                           *         Git Version: deab493        *                        
                           *       Latest Revision: 2026-03-23   *                        
                           * * * * * * * * * * * * * * * * * * * *                        


 Run date: Wed Mar 25 10:40:01 2026
 
 Hostname: ub33 

 ## MacroQC input file ##
 ******************************************************************************************
$set_molecule
0 1
Cl     -1.9609066391     0.0716753444    -0.0000178410
F       0.8495368386     0.7853318827    -1.0852919640
F       1.8776501379    -0.7895106326     0.0009616072
F       0.8501940200     0.7889621972     1.0828725764
C       0.7834390534     0.0022793094     0.0002564723
C      -0.4489945866    -0.8818595407     0.0013382486
H      -0.4334601847    -1.5028345501    -0.8888961948
H      -0.4342227198    -1.5012159432     0.8927511887
$end_molecule


$set_globals
   basis cc-pvdz
  method mp2
  reference rhf
  jobtype energy
  memory 5000
$end_globals


$set_scf
  e_convergence 1.0e-8
  d_convergence 1.0e-6
  guess sad
  solvation true
$end_scf


$set_solvation
  cds_type smd
  radius_type smd
  solvent_params mn21
  dielectric_params mn21
  sasa_type numeric
  solvent water
$end_solvation

#num_ang_points 100
#charge_type iao_mulliken, iao_lowdin, mulliken, lowdin
#coulomb_radii smd

$set_dfocc
solvation true
$end_dfocc

 ******************************************************************************************


	-Geometry before Center-of-Mass shift (ang): 
	 Number     Atom               X                    Y                       Z  
	 ---------------------------------------------------------------------------------------
           1     CL            -1.9609066391          0.0716753444          -0.0000178410  
           2     F             0.8495368386          0.7853318827          -1.0852919640  
           3     F             1.8776501379         -0.7895106326           0.0009616072  
           4     F             0.8501940200          0.7889621972           1.0828725764  
           5     C             0.7834390534          0.0022793094           0.0002564723  
           6     C            -0.4489945866         -0.8818595407           0.0013382486  
           7     H            -0.4334601847         -1.5028345501          -0.8888961948  
           8     H            -0.4342227198         -1.5012159432           0.8927511887  



	-Geometry after Center-of-Mass shift (ang): 
	 Atom               X                    Y                       Z  
	 -------------------------------------------------------------------
     CL          -1.9823741632          0.0391823268           0.0000270614  
     F           0.8280693145          0.7528388651          -1.0852470616  
     F           1.8561826138         -0.8220036502           0.0010065096  
     F           0.8287264959          0.7564691796           1.0829174788  
     C           0.7619715293         -0.0302137082           0.0003013747  
     C          -0.4704621107         -0.9143525583           0.0013831510  
     H          -0.4549277088         -1.5353275677          -0.8888512924  
     H          -0.4556902439         -1.5337089608           0.8927960911  


	-Geometry after Center-of-Mass shift (bohr): 
	 Atom               X                    Y                       Z  
	 -------------------------------------------------------------------
     CL          -3.7461442467          0.0740438666           0.0000511386  
     F           1.5648242173          1.4226592716          -2.0508197249  
     F           3.5076767789         -1.5533617730           0.0019020274  
     F           1.5660661101          1.4295195718           2.0464174514  
     C           1.4399175057         -0.0570956338           0.0005695156  
     C          -0.8890445417         -1.7278759173           0.0026137765  
     H          -0.8596887766         -2.9013486159          -1.6796855089  
     H          -0.8611297591         -2.8982898921           1.6871400980  


    Rotational Constants: A =     0.17641  B =     0.05909  C =      0.05847 [cm^-1] 
    Rotor Type: SYMMETRIC 

	-Nuclear Dipole Moment: (e a0)  
	 X:  -2.35293   Y:  -3.56137   Z:  0.00492   Total:  4.26845 

	-Nuclear Dipole Moment: (D)  
	 X:  -5.98055   Y:  -9.05210   Z:  0.01251   Total:  10.84931 


    Nuclear repulsion energy (V_NN)              : 321.604723450119 
   =====================================================
   Charge                : 0 
   Multiplicity          : 1 
   Number of Atoms       : 8 
   Number of Ghost Atoms : 0 
   Number of Electrons   : 58 
   Number of alpha occupied orbitals (NoccA)  : 29 
   Number of beta occupied orbitals (NoccB)   : 29 
   Number of singly occupied orbitals (Nsocc) : 0 
   Number of doubly occupied orbitals (Ndocc) : 29 
   =====================================================



  ## GLOBALS Options ##

  | TYPE         | KEY                      | INPUT? | VALUE              | DEFAULT            
  |--------------|--------------------------|--------|--------------------|--------------------
  | BOOL         | ERI_DISK                 | NO     | FALSE              | FALSE              
  | BOOL         | FREEZE_CORE              | NO     | TRUE               | TRUE               
  | BOOL         | MOL_FRAG                 | NO     | FALSE              | FALSE              
  | BOOL         | NOCOM                    | NO     | FALSE              | FALSE              
  | BOOL         | NOREORIENT               | NO     | TRUE               | TRUE               
  | BOOL         | PUREAM                   | NO     | TRUE               | TRUE               
  | BOOL         | ML                       | NO     | FALSE              | FALSE              
  | BOOL         | READ_PDB                 | NO     | FALSE              | FALSE              
  | BOOL         | TEST_MODE                | NO     | FALSE              | FALSE              
  | INT          | DERIVE_LEVEL             | NO     | 0                  | 0                  
  | INT          | FINDIF_POINTS            | NO     | 3                  | 3                  
  | INT          | MEMORY                   | YES    | 5000               | 2000               
  | INT          | NUM_THREADS              | NO     | 1                  | 1                  
  | INT          | NUM_FROZEN_DOCC          | NO     | 0                  | 0                  
  | INT          | NUM_FROZEN_VIR           | NO     | 0                  | 0                  
  | INT          | PRINT_LEVEL              | NO     | 0                  | 0                  
  | STRING       | AUX_BASIS_CORR           | NO     | CC-PVDZ-RI         | CC-PVDZ-RI         
  | STRING       | AUX_BASIS_SCF            | NO     | CC-PVDZ-JKFIT      | CC-PVDZ-JKFIT      
  | STRING       | BASIS                    | YES    | CC-PVDZ            | CC-PVDZ            
  | STRING       | BASIS2                   | NO     | MINAO              | MINAO              
  | STRING       | DERIVE_TYPE              | NO     | ANALYTIC           | ANALYTIC           
  | STRING       | FINDIF_METHOD            | NO     | GRAD               | GRAD               
  | STRING       | GEOM_UNITS               | NO     | ANG                | ANG                
  | STRING       | JOBTYPE                  | YES    | ENERGY             | ENERGY             
  | STRING       | METHOD                   | YES    | MP2                | SCF                
  | STRING       | REFERENCE                | YES    | RHF                | RHF                
  | STRING       | OUTFILE_MODE             | NO     | NEW                | NEW                
  | DOUBLE       | STEP_BOHR                | NO     | 0.05               | 0.05               
  | STR_ARRAY    | MOLECULE_GEOM_FROM       | NO     | [input]            | [input]            
  | DOUBLE_ARRAY | ELECTRIC_STRENGTH        | NO     | [0.001;0.001;0.001]| [0.001;0.001;0.001]
  | STRING       | ELECTRIC_FIELD           | NO     | NONE               | NONE               
  | STRING       | ALIGN_TWO_ATOMS          | NO     | NONE               | NONE               
  | INT_ARRAY    | TWO_ATOMS                | NO     | [0]                | [0]                



  ## INTS Options ##

  | TYPE         | KEY                      | INPUT? | VALUE              | DEFAULT            
  |--------------|--------------------------|--------|--------------------|--------------------
  | DOUBLE       | BOYS_CUTOFF              | NO     | 1e-15              | 1e-15              
  | DOUBLE       | BOYS_ZERO                | NO     | 1e-06              | 1e-06              
  | DOUBLE       | DELTA_X                  | NO     | 0.1                | 0.1                
  | DOUBLE       | INTEGRAL_CUTOFF          | NO     | 1e-10              | 1e-10              
  | DOUBLE       | X_MAX                    | NO     | 30.0               | 30.0               
  | INT          | BOYS_MAXITER             | NO     | 10000              | 10000              
  | INT          | MAX_AM                   | NO     | 7                  | 7                  
  | INT          | MAX_AM_AUX               | NO     | 7                  | 7                  
  | INT          | PRINT_LEVEL              | NO     | 0                  | 0                  
  | INT          | TAYLOR_ORDER             | NO     | 6                  | 6                  
  | STRING       | 3INDEX_ALGORITHM         | NO     | AUTO               | AUTO               
  | STRING       | BOYS_METHOD              | NO     | GHP                | GHP                
  | STRING       | ERI_ALGORITHM            | NO     | MD4                | MD4                


	Initializing Liboeprop (by U. Bozkaya) ...

	*=================================================================*
	*                  SCF                                            *
	*   Developed by U. Bozkaya & Y. Alagoz                           *
	*   Latest revision Feb 16, 2021                                  *
	*=================================================================*



  ## SCF Options ##

  | TYPE         | KEY                      | INPUT? | VALUE              | DEFAULT            
  |--------------|--------------------------|--------|--------------------|--------------------
  | BOOL         | DIIS_DAMP                | NO     | FALSE              | FALSE              
  | BOOL         | DIE_IF_NOT_CONVERGED     | NO     | TRUE               | TRUE               
  | BOOL         | DO_DF                    | NO     | TRUE               | TRUE               
  | BOOL         | DIIS                     | NO     | TRUE               | TRUE               
  | BOOL         | FOCK_DAMP                | NO     | FALSE              | FALSE              
  | BOOL         | GUESS_MIX                | NO     | FALSE              | FALSE              
  | BOOL         | GUESS_PREVIOUS           | NO     | FALSE              | FALSE              
  | BOOL         | LOCAL                    | NO     | FALSE              | FALSE              
  | BOOL         | RETRY                    | NO     | TRUE               | TRUE               
  | DOUBLE       | CUTOFF                   | NO     | 1e-10              | 1e-10              
  | DOUBLE       | D_CONVERGENCE            | YES    | 1e-06              | 1e-06              
  | DOUBLE       | DAMP_PARAM               | NO     | 0.02               | 0.02               
  | DOUBLE       | E_CONVERGENCE            | YES    | 1e-08              | 1e-08              
  | DOUBLE       | FOCK_DAMP_PERC           | NO     | 20.0               | 20.0               
  | DOUBLE       | MIN_OVERLAP_EIGVAL       | NO     | 1e-06              | 1e-06              
  | DOUBLE       | LOCAL_CONVERGENCE        | NO     | 1e-08              | 1e-08              
  | DOUBLE       | QC_GUESS_E_CONVERGENCE   | NO     | 0.0001             | 0.0001             
  | DOUBLE       | QC_GUESS_D_CONVERGENCE   | NO     | 0.005              | 0.005              
  | INT          | MAX_DIIS                 | NO     | 6                  | 6                  
  | INT          | MIN_DIIS                 | NO     | 2                  | 2                  
  | INT          | PRINT_LEVEL              | NO     | 0                  | 0                  
  | INT          | SCF_MAXITER              | NO     | 50                 | 50                 
  | INT          | LOCAL_MAXITER            | NO     | 50                 | 50                 
  | STRING       | DIIS_ALGORITHM           | NO     | DISK               | DISK               
  | STRING       | GUESS                    | YES    | SAD                | SAD                
  | BOOL         | MO_WRITE                 | NO     | FALSE              | FALSE              
  | BOOL         | FOCK_WRITE               | NO     | FALSE              | FALSE              
  | STRING       | ORTH_TYPE                | NO     | CANONICAL          | CANONICAL          
  | STRING       | ROHF_CANONIC_TYPE        | NO     | GUEST              | GUEST              
  | STRING       | ERI                      | NO     | INCORE             | INCORE             
  | STRING       | SCF_ALGORITHM            | NO     | ROOTHAAN           | ROOTHAAN           
  | STRING       | LOCAL_TYPE               | NO     | BOYS               | BOYS               
  | BOOL         | SAD_FRAC_OCC             | NO     | TRUE               | TRUE               
  | BOOL         | SAD_SPIN_AVERAGE         | NO     | TRUE               | TRUE               
  | DOUBLE       | SAD_E_CONVERGENCE        | NO     | 1e-05              | 1e-05              
  | DOUBLE       | SAD_D_CONVERGENCE        | NO     | 1e-05              | 1e-05              
  | INT          | SAD_MAXITER              | NO     | 50                 | 50                 
  | BOOL         | NIE                      | NO     | FALSE              | FALSE              
  | BOOL         | SAD_DIIS                 | NO     | TRUE               | TRUE               
  | INT          | SAD_MAX_DIIS             | NO     | 6                  | 6                  
  | INT          | SAD_MIN_DIIS             | NO     | 2                  | 2                  
  | INT          | SAD_PRINT                | NO     | 0                  | 0                  
  | STRING       | SAD_AUX_BASIS            | NO     | SAD-FIT            | SAD-FIT            
  | DOUBLE       | SAD_CHOLESKY_TOLERANCE   | NO     | 1e-07              | 1e-07              
  | BOOL         | SOLVATION                | YES    | TRUE               | FALSE              
  | BOOL         | BYPASS                   | NO     | FALSE              | FALSE              
  | STRING       | IAO_TYPE                 | NO     | STANDARD2013       | STANDARD2013       
  | BOOL         | USE_IAOS                 | NO     | FALSE              | FALSE              

	Initializing libdiis ...
	Initializing libmolint 1.1 ...
 CC-PVDZ primary basis set file will be read for the CL atom...
 CC-PVDZ primary basis set file will be read for the F atom...
 CC-PVDZ primary basis set file will be read for the C atom...
 CC-PVDZ primary basis set file will be read for the H atom...
 Nmaxthread: 16 
 Nshell: 44 
 Lmax:  2 
 Npmax: 11 
 Nao: 98 
 Ndocc: 29 
 Nsocc:  0 
 NoccA: 29 
 NoccB: 29 
 Primary basis set info has been read.

 CC-PVDZ-JKFIT aux basis set file will be read for the CL atom...
 CC-PVDZ-JKFIT aux basis set file will be read for the F atom...
 CC-PVDZ-JKFIT aux basis set file will be read for the C atom...
 CC-PVDZ-JKFIT aux basis set file will be read for the H atom...
 Nshell_aux: 174 
 Naux: 508 
 Aux basis set info has been read.

 orth_type: CANONICAL 
 Cpu time for S ints :       0.0000 s
 Wall time for S ints:       0.0063 s

 Using canonical orthogonalization. 
 Minimum eigenvalue in the overlap matrix is:   4.8164E-03 

 Cpu time for T ints :       0.0200 s
 Wall time for T ints:       0.0061 s
 Cpu time for V ints :       0.1700 s
 Wall time for V ints:       0.0432 s
 Cpu time for Metric ints :       0.2700 s
 Wall time for Metric ints:       0.0670 s
 3-Index Algorithm: AUTO 

 Calling fortran integrals: ringing... 
 Done with fintegrals.

 Cpu time for 3-index ints :       1.4500 s
 Wall time for 3-index ints:       0.3741 s
 Cpu time for df-factors :       0.1200 s
 Wall time for df-factors:       0.0329 s


 Puream (True=1, False=0) : 1
 Number of AO             : 98
 Number of MO             : 98
 Number of Aux Functions  : 508
 Charge                   : 0
 Multiplicity             : 1
 Alpha OCC                : 29
 Beta OCC                 : 29
 Nuclear Repulsion Energy : 321.60472345
 Energy Treshold          : 1.0e-08
 Density Treshold         : 1.0e-06
 Iteration Limit          : 50
 Guess                    : SAD
 Guess Mix                : false
 Diis                     : true
 Diis Damping             : false
 Diis Damp Parameter      : 0.02
 Diis Algorithm           : DISK
 Cutoff Treshold          : 1.0e-10
 Density Fitting          : true
 Reference                : RHF
 Die If Not Converged     : true
 Print Level              : 0
 ERI Algorithm            : INCORE
 SCF Algorithm            : ROOTHAAN




  ## SOLVATION Options ##

  | TYPE         | KEY                      | INPUT? | VALUE              | DEFAULT            
  |--------------|--------------------------|--------|--------------------|--------------------
  | INT          | NUM_Z_POINTS             | NO     | 90                 | 90                 
  | INT          | NUM_ANG_POINTS           | NO     | 100                | 100                
  | STRING       | SASA_TYPE                | YES    | NUMERIC            | NUMERIC            
  | STRING       | CHARGE_TYPE              | NO     | IAO_MULLIKEN       | IAO_MULLIKEN       
  | STRING       | CDS_TYPE                 | YES    | SMD                | SMD                
  | STRING       | SOLVENT                  | YES    | WATER              | WATER              
  | STRING       | SOLVENT_PARAMS           | YES    | MN21               | SM8                
  | STRING       | DIELECTRIC_PARAMS        | YES    | MN21               | MN21               
  | STRING       | COULOMB_RADII            | NO     | SMD                | SMD                
  | DOUBLE       | COVALENT_VW_CONST        | NO     | 0.76               | 0.76               
  | DOUBLE       | SOLVENT_RADIUS           | NO     | 0.4                | 0.4                
  | STRING       | RADIUS_TYPE              | YES    | SMD                | SMD                
  | DOUBLE       | GB_DIJ                   | NO     | 3.7                | 3.7                
  | DOUBLE       | GB_SIJ                   | NO     | 0.75               | 0.75               
  | DOUBLE       | GB_CIJ                   | NO     | 0.0                | 0.0                
  | DOUBLE       | F_PWSASA                 | NO     | 0.4535             | 0.4535             
  | DOUBLE       | SCALE_VDW                | NO     | 1.0                | 1.0                
  | DOUBLE       | SCALE_CR                 | NO     | 1.0                | 1.0                



 Sasa Type                  : NUMERIC 
 Charge Type                : IAO_MULLIKEN 
 CDS Type                   : SMD 
 Radius Type                : SMD 
 Solvent                    : WATER 
 Solvent Parameters         : MN21 
 Dielectric Parameters      : MN21 
 Coulomb Radii Parameters   : SMD 
 GB d_ij parameter          : 3.7000000000 
 GB S_ij parameter          : 0.7500000000 
 GB C_ij parameter          : 0.0000000000 
 Sclae_vdw parameter        : 1.0000000000 
 Number of z-points         : 90 
 Number of angular points   : 100 
 Number of SASA grid points : 17902 
 Solvent Dielectric Constant: 78.3553000000 

 VDW Radii:
	  1 CL :       1.7500  ang
	  2 F :       1.4700  ang
	  3 F :       1.4700  ang
	  4 F :       1.4700  ang
	  5 C :       1.7000  ang
	  6 C :       1.7000  ang
	  7 H :       1.2000  ang
	  8 H :       1.2000  ang

	 Computing SASA... 

 Atomic SASA values:
	  1 CL :      38.3857  ang^2
	  2 F :      22.5215  ang^2
	  3 F :      22.9953  ang^2
	  4 F :      22.5264  ang^2
	  5 C :       0.9411  ang^2
	  6 C :       3.9995  ang^2
	  7 H :      12.1657  ang^2
	  8 H :      12.1675  ang^2

	*Total SASA (angs^2): 135.7027375939 


 Coulomb Radii:
	  1 CL :       2.3800  ang
	  2 F :       1.7300  ang
	  3 F :       1.7300  ang
	  4 F :       1.7300  ang
	  5 C :       1.8500  ang
	  6 C :       1.8500  ang
	  7 H :       1.2000  ang
	  8 H :       1.2000  ang
 Solvent Alpha                       : 1.1700000000 

 ## Effective Born Radius (bohr) ##
   0   4.9293157654 
   1   4.1571994132 
   2   4.0521081588 
   3   4.1568272205 
   4   4.3104060726 
   5   4.3629738230 
   6   3.6058344223 
   7   3.6048392853 

 Effective Born Radii:
	  1 CL :       2.6085  ang
	  2 F :       2.1999  ang
	  3 F :       2.1443  ang
	  4 F :       2.1997  ang
	  5 C :       2.2810  ang
	  6 C :       2.3088  ang
	  7 H :       1.9081  ang
	  8 H :       1.9076  ang


 Coulomb Integrals:
	  1  1 :       0.2029  bohr^-1
	  1  2 :       0.1454  bohr^-1
	  1  3 :       0.1243  bohr^-1
	  1  4 :       0.1454  bohr^-1
	  1  5 :       0.1543  bohr^-1
	  1  6 :       0.1824  bohr^-1
	  1  7 :       0.1738  bohr^-1
	  1  8 :       0.1738  bohr^-1
	  2  1 :       0.1454  bohr^-1
	  2  2 :       0.2405  bohr^-1
	  2  3 :       0.1835  bohr^-1
	  2  4 :       0.1823  bohr^-1
	  2  5 :       0.2100  bohr^-1
	  2  6 :       0.1725  bohr^-1
	  2  7 :       0.1707  bohr^-1
	  2  8 :       0.1474  bohr^-1
	  3  1 :       0.1243  bohr^-1
	  3  2 :       0.1835  bohr^-1
	  3  3 :       0.2468  bohr^-1
	  3  4 :       0.1835  bohr^-1
	  3  5 :       0.2117  bohr^-1
	  3  6 :       0.1754  bohr^-1
	  3  7 :       0.1737  bohr^-1
	  3  8 :       0.1737  bohr^-1
	  4  1 :       0.1454  bohr^-1
	  4  2 :       0.1823  bohr^-1
	  4  3 :       0.1835  bohr^-1
	  4  4 :       0.2406  bohr^-1
	  4  5 :       0.2100  bohr^-1
	  4  6 :       0.1725  bohr^-1
	  4  7 :       0.1474  bohr^-1
	  4  8 :       0.1706  bohr^-1
	  5  1 :       0.1543  bohr^-1
	  5  2 :       0.2100  bohr^-1
	  5  3 :       0.2117  bohr^-1
	  5  4 :       0.2100  bohr^-1
	  5  5 :       0.2320  bohr^-1
	  5  6 :       0.2003  bohr^-1
	  5  7 :       0.1892  bohr^-1
	  5  8 :       0.1892  bohr^-1
	  6  1 :       0.1824  bohr^-1
	  6  2 :       0.1725  bohr^-1
	  6  3 :       0.1754  bohr^-1
	  6  4 :       0.1725  bohr^-1
	  6  5 :       0.2003  bohr^-1
	  6  6 :       0.2292  bohr^-1
	  6  7 :       0.2304  bohr^-1
	  6  8 :       0.2304  bohr^-1
	  7  1 :       0.1738  bohr^-1
	  7  2 :       0.1707  bohr^-1
	  7  3 :       0.1737  bohr^-1
	  7  4 :       0.1474  bohr^-1
	  7  5 :       0.1892  bohr^-1
	  7  6 :       0.2304  bohr^-1
	  7  7 :       0.2773  bohr^-1
	  7  8 :       0.2151  bohr^-1
	  8  1 :       0.1738  bohr^-1
	  8  2 :       0.1474  bohr^-1
	  8  3 :       0.1737  bohr^-1
	  8  4 :       0.1706  bohr^-1
	  8  5 :       0.1892  bohr^-1
	  8  6 :       0.2304  bohr^-1
	  8  7 :       0.2151  bohr^-1
	  8  8 :       0.2774  bohr^-1
    ===> SCF Iteration Started <===

     Iter. |                   Energy |       Delta E |          Drms |
    -------|--------------------------|---------------|---------------|
         1 |      -834.16392468356753 |    -8.342e+02 |     1.504e-02 |
         2 |      -834.63305792391043 |    -4.691e-01 |     4.889e-03 | DIIS
         3 |      -834.71815184653951 |    -8.509e-02 |     1.622e-03 | DIIS
         4 |      -834.74814608520887 |    -2.999e-02 |     2.864e-04 | DIIS
         5 |      -834.74933206381183 |    -1.186e-03 |     1.113e-04 | DIIS
         6 |      -834.74943280564094 |    -1.007e-04 |     1.988e-05 | DIIS
         7 |      -834.74943327331584 |    -4.677e-07 |     7.759e-06 | DIIS
         8 |      -834.74943303573582 |     2.376e-07 |     2.013e-06 | DIIS
         9 |      -834.74943241819756 |     6.175e-07 |     8.820e-07 | DIIS
        10 |      -834.74943223456944 |     1.836e-07 |     3.323e-07 | DIIS
        11 |      -834.74943217102441 |     6.355e-08 |     5.727e-08 | DIIS
        12 |      -834.74943216145402 |     9.570e-09 |     8.840e-09 | DIIS


	-Alpha Occupied Orbital Energies (au):  
	 1: -104.8441938669 	 2: -26.3474906278 	 3: -26.3471289499 	 4: -26.3461746854 	 5: -11.5210352106 
	 6: -11.3349190291 	 7: -10.5708085825 	 8: -8.0384047485 	 9: -8.0348331397 	10: -8.0347107117 
	11: -1.7374794194 	12: -1.6424051223 	13: -1.6407419930 	14: -1.1700038185 	15: -1.0301635184 
	16: -0.9196146870 	17: -0.8296945675 	18: -0.8268952518 	19: -0.7877480757 	20: -0.7151233205 
	21: -0.7119867308 	22: -0.6712679729 	23: -0.6655750665 	24: -0.6482126921 	25: -0.6379661218 
	26: -0.6013205848 	27: -0.5673488009 	28: -0.4613366160 	29: -0.4574900727 
	-Alpha Virtual Orbital Energies (au):  
	30: 0.1658759980 	31: 0.1939001029 	32: 0.2146458430 	33: 0.3393322452 	34: 0.3626205681 
	35: 0.3888738790 	36: 0.4227007353 	37: 0.6082755281 	38: 0.6281484770 	39: 0.6295137003 
	40: 0.6632848869 	41: 0.6846312524 	42: 0.7004022402 	43: 0.7136317149 	44: 0.7570343970 
	45: 0.7699596615 	46: 0.8118469393 	47: 0.8228090581 	48: 0.8858050385 	49: 0.9677792205 
	50: 0.9719551801 	51: 1.0020123547 	52: 1.0431672994 	53: 1.0717642458 	54: 1.2832221735 
	55: 1.2850833599 	56: 1.3023836336 	57: 1.3261975316 	58: 1.3308751226 	59: 1.4417393487 
	60: 1.4991979818 	61: 1.5091757246 	62: 1.5219606330 	63: 1.5421120280 	64: 1.6165305104 
	65: 1.6252030493 	66: 1.6517671122 	67: 1.6777410586 	68: 1.7467337629 	69: 1.8609778743 
	70: 1.9311713747 	71: 1.9415823417 	72: 1.9934804435 	73: 2.0379448630 	74: 2.0448510613 
	75: 2.0781604401 	76: 2.2089419387 	77: 2.3333890824 	78: 2.4346100484 	79: 2.6708287143 
	80: 2.6714644086 	81: 2.7582376306 	82: 2.7799597524 	83: 3.0098832675 	84: 3.8935264520 
	85: 3.9280845644 	86: 3.9300178225 	87: 3.9308135558 	88: 3.9368800485 	89: 3.9377988344 
	90: 3.9623488821 	91: 4.0570440824 	92: 4.0624500731 	93: 4.2719888907 	94: 4.4367372566 
	95: 4.4492416534 	96: 4.4540038871 	97: 4.5215529530 	98: 4.5279691677 


	-Mulliken Population Analysis for SCF:
	 1: -0.1116104545 	 2: -0.2606513941 	 3: -0.2794332233 	 4: -0.2631799187 	 5: 0.7911174351 
	 6: -0.0930287443 	 7: 0.1083808985 	 8: 0.1084054014 

	-Lowdin Population Analysis for SCF:  
	 1: 0.0663868472 	 2: 0.0007900327 	 3: -0.0148414332 	 4: -0.0008536828 	 5: -0.0362887792 
	 6: -0.0984423786 	 7: 0.0416332611 	 8: 0.0416161327 

	-Electronic Dipole Moment: (e a0)  
	 X:  2.18595   Y:  2.73026   Z:  -0.00669   Total:  3.49753 

	-Electronic Dipole Moment: (D)  
	 X:  5.55614   Y:  6.93962   Z:  -0.01700   Total:  8.88984 

	-Total Dipole Moment: (e a0)  
	 X:  -0.16698   Y:  -0.83111   Z:  -0.00177   Total:  0.84772 

	-Total Dipole Moment: (D)  
	 X:  -0.42441   Y:  -2.11248   Z:  -0.00449   Total:  2.15469 



	Initializing Liboeprop (by U. Bozkaya) ...


	-Mulliken Population Analysis for SCF-IAO:
	 1: -0.0852556829 	 2: -0.3141713083 	 3: -0.3262860093 	 4: -0.3163578113 	 5: 0.9344264754 
	 6: -0.2440937764 	 7: 0.1759537990 	 8: 0.1759322398 

	-Lowdin Population Analysis for SCF-IAO:  
	 1: -0.0852556829 	 2: -0.3141713083 	 3: -0.3262860093 	 4: -0.3163578113 	 5: 0.9344264754 
	 6: -0.2440937764 	 7: 0.1759537990 	 8: 0.1759322398 

	Initializing Liblocal (by U. Bozkaya) ...
  ==> Pipek-Mezey Localizer <==

    Convergence =   1.000E-08
    Maxiter     =          50

    Iteration                   Metric       Residual
    PM    0   1.8745460913417428E+01              -
    PM    1   2.8258347099261481E+01   5.074768E-01
    PM    2   3.1244301497169335E+01   1.056663E-01
    PM    3   3.1320041703605838E+01   2.424129E-03
    PM    4   3.1321815191839097E+01   5.662471E-05
    PM    5   3.1321839044890954E+01   7.615476E-07
    PM    6   3.1321839423404661E+01   1.208466E-08
    PM    7   3.1321839435389798E+01   3.826447E-10

    PM Localizer converged.



	*Molecular contr. to CDS energy:       0.0000  kcal/mol
	*Total CDS energy:       3.5792  kcal/mol
	*SCF::Polarization Free Energy (au)      : -0.0082321758 
	*SCF::Polarization Free Energy (kcal/mol):      -5.1658 
	*SCF::CDS Free Energy (au)      : 0.0057037392 
	*SCF::CDS Free Energy (kcal/mol):       3.5792 
	*SCF::Total Solvation Free Energy (au)      : -0.0025284365 
	*SCF::Total Solvation Free Energy (kcal/mol):      -1.5866 
 CC-PVDZ primary basis set file will be read for the CL atom...
 CC-PVDZ primary basis set file will be read for the F atom...
 CC-PVDZ primary basis set file will be read for the C atom...
 CC-PVDZ primary basis set file will be read for the H atom...
 Nmaxthread: 16 
 Nshell: 44 
 Lmax:  2 
 Npmax: 11 
 Nao: 98 
 Ndocc: 29 
 Nsocc:  0 
 NoccA: 29 
 NoccB: 29 
 Primary basis set info has been read.

 CC-PVDZ-JKFIT aux basis set file will be read for the CL atom...
 CC-PVDZ-JKFIT aux basis set file will be read for the F atom...
 CC-PVDZ-JKFIT aux basis set file will be read for the C atom...
 CC-PVDZ-JKFIT aux basis set file will be read for the H atom...
 Nshell_aux: 174 
 Naux: 508 
 Aux basis set info has been read.


	*Total SCF Energy: -834.74943216145402

 Cpu time for SCF :       0.4683 minutes
 Wall time for SCF:       0.1202 minutes


	MO spaces... 

	 FC   OCC   VIR   FV 
	----------------------
	 10   19    69    0


	Libtrans is initialized (by U. Bozkaya) ...

 ============================================================================== 
 ============================================================================== 
 ============================================================================== 

                       DF-MP2   
              Program Written by Ugur Bozkaya
              Latest Revision May 2, 2021

 ============================================================================== 
 ============================================================================== 
 ============================================================================== 

	For this residual convergence, default PCG convergence is:     1.00e-07
    Warning: "PCG_CONVERGENCE" option is changed to     1.00e-07


  ## DFOCC Options ##

  | TYPE         | KEY                      | INPUT? | VALUE              | DEFAULT            
  |--------------|--------------------------|--------|--------------------|--------------------
  | BOOL         | EOM                      | NO     | FALSE              | FALSE              
  | BOOL         | EOM_MP2                  | NO     | FALSE              | FALSE              
  | BOOL         | EOM_MP3                  | NO     | FALSE              | FALSE              
  | BOOL         | EOM_MP2_5                | NO     | FALSE              | FALSE              
  | BOOL         | EOM_LCCD                 | NO     | FALSE              | FALSE              
  | BOOL         | LOW_MEM_MP2              | NO     | FALSE              | FALSE              
  | BOOL         | LOW_MEM_MP3              | NO     | FALSE              | FALSE              
  | BOOL         | CD_PRESCREEN             | NO     | FALSE              | FALSE              
  | DOUBLE       | CIS_E_CONV               | NO     | 1e-06              | 1e-06              
  | DOUBLE       | CIS_R_CONV               | NO     | 1e-06              | 1e-06              
  | DOUBLE       | CIS_RES_PRECONDITION_TOL | NO     | 0.0001             | 0.0001             
  | DOUBLE       | DAVIDSON_TOLERANCE       | NO     | 1e-06              | 1e-06              
  | DOUBLE       | E3_SCALE                 | NO     | 0.25               | 0.25               
  | DOUBLE       | E_CONVERGENCE            | NO     | 1e-06              | 1e-06              
  | DOUBLE       | JK_MEMORY                | NO     | 1000000000.0       | 1000000000.0       
  | DOUBLE       | LEVEL_SHIFT              | NO     | 0.02               | 0.02               
  | DOUBLE       | MAX_MOGRAD_CONVERGENCE   | NO     | 0.001              | 0.001              
  | DOUBLE       | MO_STEP_MAX              | NO     | 0.5                | 0.5                
  | DOUBLE       | MP2_OS_SCALE             | NO     | 1.2                | 1.2                
  | DOUBLE       | MP2_SOS_SCALE            | NO     | 1.3                | 1.3                
  | DOUBLE       | MP2_SOS_SCALE2           | NO     | 1.2                | 1.2                
  | DOUBLE       | MP2_SS_SCALE             | NO     | 0.3333333333333333 | 0.3333333333333333 
  | DOUBLE       | OCC_PERCENTAGE           | NO     | 99.0               | 99.0               
  | DOUBLE       | OCC_TOLERANCE            | NO     | 1e-05              | 1e-05              
  | DOUBLE       | OO_SCALE                 | NO     | 0.01               | 0.01               
  | DOUBLE       | PCG_CONVERGENCE          | NO     | 1e-06              | 1e-06              
  | DOUBLE       | R_CONVERGENCE            | NO     | 1e-05              | 1e-05              
  | DOUBLE       | REG_PARAM                | NO     | 0.4                | 0.4                
  | DOUBLE       | KAPPA_REG_PARAM          | NO     | 1.1                | 1.1                
  | DOUBLE       | RMS_MOGRAD_CONVERGENCE   | NO     | 1e-06              | 1e-06              
  | DOUBLE       | SCG_TOLERANCE            | NO     | 1e-06              | 1e-06              
  | DOUBLE       | SCHMIDT_ADD_RES_TOL      | NO     | 0.001              | 0.001              
  | INT          | ACTIVE_NAT_ORBS          | NO     | 2                  | 2                  
  | INT          | CC_DIIS_MAX_VECS         | NO     | 6                  | 6                  
  | INT          | CC_DIIS_MIN_VECS         | NO     | 2                  | 2                  
  | INT          | CC_MAXITER               | NO     | 50                 | 50                 
  | INT          | CUTOFF                   | NO     | 8                  | 8                  
  | INT          | EXCITATION_RANGE         | NO     | 2                  | 2                  
  | INT          | FOLLOW_ROOT              | NO     | 1                  | 1                  
  | INT          | INTEGRAL_CUTOFF          | NO     | 9                  | 9                  
  | INT          | MAX_VECS                 | NO     | 50                 | 50                 
  | INT          | MO_DIIS_NUM_VECS         | NO     | 6                  | 6                  
  | INT          | MO_MAXITER               | NO     | 50                 | 50                 
  | INT          | NUM_ROOTS                | NO     | 4                  | 4                  
  | INT          | PCG_MAXITER              | NO     | 50                 | 50                 
  | INT          | PRINT_LEVEL              | NO     | 0                  | 0                  
  | INT          | VECS_PER_ROOT            | NO     | 1                  | 1                  
  | STRING       | CC_LAMBDA                | NO     | FALSE              | FALSE              
  | STRING       | CHOLESKY                 | NO     | FALSE              | FALSE              
  | STRING       | CIS_ALGORITHM            | NO     | MO_BASIS           | MO_BASIS           
  | STRING       | CIS_GUESS_COEFF          | NO     | MIX                | MIX                
  | STRING       | COMPUT_S2                | NO     | FALSE              | FALSE              
  | STRING       | DIAG_METHOD              | NO     | DAVIDSON           | DAVIDSON           
  | STRING       | DO_DIIS                  | NO     | TRUE               | TRUE               
  | STRING       | DO_LEVEL_SHIFT           | NO     | TRUE               | TRUE               
  | STRING       | DO_SCS                   | NO     | FALSE              | FALSE              
  | STRING       | DO_SOS                   | NO     | FALSE              | FALSE              
  | STRING       | EKT_IP                   | NO     | FALSE              | FALSE              
  | STRING       | FREEZE_CORE              | NO     | TRUE               | TRUE               
  | STRING       | HESS_TYPE                | NO     | HF                 | HF                 
  | STRING       | JK_TYPE                  | NO     | DIRECT             | DIRECT             
  | STRING       | LINEQ_SOLVER             | NO     | CDGESV             | CDGESV             
  | STRING       | MO_READ                  | NO     | FALSE              | FALSE              
  | STRING       | MO_WRITE                 | NO     | FALSE              | FALSE              
  | STRING       | MP2_AMP_TYPE             | NO     | DIRECT             | DIRECT             
  | STRING       | NAT_ORBS                 | NO     | FALSE              | FALSE              
  | STRING       | NBO                      | NO     | TRUE               | TRUE               
  | STRING       | OCC_ORBS_PRINT           | NO     | FALSE              | FALSE              
  | STRING       | OEPROP                   | NO     | FALSE              | FALSE              
  | STRING       | OPT_METHOD               | NO     | QNR                | QNR                
  | STRING       | ORB_RESP_SOLVER          | NO     | PCG                | PCG                
  | STRING       | ORTH_TYPE                | NO     | MGS                | MGS                
  | STRING       | PCG_BETA_TYPE            | NO     | FLETCHER_REEVES    | FLETCHER_REEVES    
  | STRING       | PPL_TYPE                 | NO     | AUTO               | AUTO               
  | STRING       | PRINT_CI_VECS            | NO     | FALSE              | FALSE              
  | STRING       | QCHF                     | NO     | FALSE              | FALSE              
  | STRING       | READ_SCF_3INDEX          | NO     | TRUE               | TRUE               
  | STRING       | REGULARIZATION           | NO     | FALSE              | FALSE              
  | STRING       | REG_TYPE                 | NO     | NORMAL             | NORMAL             
  | STRING       | SCS_TYPE                 | NO     | SCS                | SCS                
  | STRING       | SOS_TYPE                 | NO     | SOS                | SOS                
  | STRING       | TRIPLES_IABC_TYPE        | NO     | DISK               | DISK               
  | STRING       | UNIT_GUESS_TYPE          | NO     | GEN                | GEN                
  | STRING       | EKT_NEGATIVE_OCC         | NO     | ABS                | ABS                
  | BOOL         | SOLVATION                | YES    | TRUE               | FALSE              

	MO spaces... 

	 FC   OCC   VIR   FV 
	----------------------
	 10   19    69    0
 CC-PVDZ primary basis set file will be read for the CL atom...
 CC-PVDZ primary basis set file will be read for the F atom...
 CC-PVDZ primary basis set file will be read for the C atom...
 CC-PVDZ primary basis set file will be read for the H atom...
 Nmaxthread: 16 
 Nshell: 44 
 Lmax:  2 
 Npmax: 11 
 Nao: 98 
 Ndocc: 29 
 Nsocc:  0 
 NoccA: 29 
 NoccB: 29 
 Primary basis set info has been read.

 CC-PVDZ-RI aux basis set file will be read for the CL atom...
 CC-PVDZ-RI aux basis set file will be read for the F atom...
 CC-PVDZ-RI aux basis set file will be read for the C atom...
 CC-PVDZ-RI aux basis set file will be read for the H atom...
 Nshell_aux: 126 
 Naux: 384 
 Aux basis set info has been read.

 Cpu time for Metric ints :       0.1800 s
 Wall time for Metric ints:       0.0459 s
 3-Index Algorithm: AUTO 

 Calling fortran integrals: ringing... 
 Done with fintegrals.

 Cpu time for 3-index ints :       1.1900 s
 Wall time for 3-index ints:       0.2964 s
 Cpu time for df-factors :       0.0600 s
 Wall time for df-factors:       0.0187 s
 CC-PVDZ primary basis set file will be read for the CL atom...
 CC-PVDZ primary basis set file will be read for the F atom...
 CC-PVDZ primary basis set file will be read for the C atom...
 CC-PVDZ primary basis set file will be read for the H atom...
 Nmaxthread: 16 
 Nshell: 44 
 Lmax:  2 
 Npmax: 11 
 Nao: 98 
 Ndocc: 29 
 Nsocc:  0 
 NoccA: 29 
 NoccB: 29 
 Primary basis set info has been read.

 CC-PVDZ-JKFIT aux basis set file will be read for the CL atom...
 CC-PVDZ-JKFIT aux basis set file will be read for the F atom...
 CC-PVDZ-JKFIT aux basis set file will be read for the C atom...
 CC-PVDZ-JKFIT aux basis set file will be read for the H atom...
 Nshell_aux: 174 
 Naux: 508 
 Aux basis set info has been read.

	Reading DF integrals from disk ...
 Cpu time for Metric ints :       0.3300 s
 Wall time for Metric ints:       0.0811 s
	Number of basis functions in the DF-HF basis: 508
	Number of basis functions in the DF-CC basis: 384

	Available memory                      :   5000.00 MB 
	Minimum required memory for amplitudes:     41.25 MB 
	Memory requirement for B-CC (Q|mu nu) :     29.50 MB 
	Memory requirement for B-CC (Q|ab)    :     14.63 MB 
	Memory requirement for DF-CC int trans:     50.28 MB 

	Computing DF-MP2 energy using SCF MOs (Canonical DF-MP2)... 
	======================================================================= 
	Nuclear Repulsion Energy (a.u.)    :   321.60468109569433
	DF-HF Energy (a.u.)                :  -834.74943216145402
	REF Energy (a.u.)                  :  -834.74943216145402
	DF-MP2 Correlation Energy (a.u.)   :    -0.96227362936597
	DF-MP2 Total Energy (a.u.)         :  -835.71170579082002
	======================================================================= 

	*Total MP2 Energy: -835.71170579082002

	Computing unrelaxed response density matrices...
	Number of independent-pairs: 2001
	Computing the generalized Fock matrix (GFM)...
	Computing the orbital gradient...
	Forming effective orbital gradient...
	Solving orbital Z-vector equations...

	            PCG Solver 
	   ------------------------------ 
	Iter     RMS Z Vector        RMS Residual  
	----    ---------------    ---------------
	  1         9.52e-04         9.48e-04
	  2         4.01e-04         3.65e-04
	  3         1.32e-04         5.89e-05
	  4         2.26e-05         2.03e-05
	  5         8.03e-06         5.03e-06
	  6         2.64e-06         1.81e-06
	  7         7.51e-07         4.15e-07
	  8         1.69e-07         1.44e-07
	  9         5.36e-08         4.62e-08

	Computing the relaxed PDMs and GFM...
	Compute solv. is starting ...

	Initializing Liboeprop (by U. Bozkaya) ...


	-Mulliken Population Analysis for MP2-IAO:
	 1: 0.0384909375 	 2: -0.1945712494 	 3: -0.2167959222 	 4: -0.1970225508 	 5: 0.8895741707 
	 6: -0.1725737900 	 7: 0.0842755169 	 8: 0.0841719494 

	-Lowdin Population Analysis for MP2-IAO:  
	 1: 0.0384909375 	 2: -0.1945712494 	 3: -0.2167959222 	 4: -0.1970225508 	 5: 0.8895741707 
	 6: -0.1725737900 	 7: 0.0842755169 	 8: 0.0841719494 


  ## SOLVATION Options ##

  | TYPE         | KEY                      | INPUT? | VALUE              | DEFAULT            
  |--------------|--------------------------|--------|--------------------|--------------------
  | INT          | NUM_Z_POINTS             | NO     | 90                 | 90                 
  | INT          | NUM_ANG_POINTS           | NO     | 100                | 100                
  | STRING       | SASA_TYPE                | YES    | NUMERIC            | NUMERIC            
  | STRING       | CHARGE_TYPE              | NO     | IAO_MULLIKEN       | IAO_MULLIKEN       
  | STRING       | CDS_TYPE                 | YES    | SMD                | SMD                
  | STRING       | SOLVENT                  | YES    | WATER              | WATER              
  | STRING       | SOLVENT_PARAMS           | YES    | MN21               | SM8                
  | STRING       | DIELECTRIC_PARAMS        | YES    | MN21               | MN21               
  | STRING       | COULOMB_RADII            | NO     | SMD                | SMD                
  | DOUBLE       | COVALENT_VW_CONST        | NO     | 0.76               | 0.76               
  | DOUBLE       | SOLVENT_RADIUS           | NO     | 0.4                | 0.4                
  | STRING       | RADIUS_TYPE              | YES    | SMD                | SMD                
  | DOUBLE       | GB_DIJ                   | NO     | 3.7                | 3.7                
  | DOUBLE       | GB_SIJ                   | NO     | 0.75               | 0.75               
  | DOUBLE       | GB_CIJ                   | NO     | 0.0                | 0.0                
  | DOUBLE       | F_PWSASA                 | NO     | 0.4535             | 0.4535             
  | DOUBLE       | SCALE_VDW                | NO     | 1.0                | 1.0                
  | DOUBLE       | SCALE_CR                 | NO     | 1.0                | 1.0                



 Sasa Type                  : NUMERIC 
 Charge Type                : IAO_MULLIKEN 
 CDS Type                   : SMD 
 Radius Type                : SMD 
 Solvent                    : WATER 
 Solvent Parameters         : MN21 
 Dielectric Parameters      : MN21 
 Coulomb Radii Parameters   : SMD 
 GB d_ij parameter          : 3.7000000000 
 GB S_ij parameter          : 0.7500000000 
 GB C_ij parameter          : 0.0000000000 
 Sclae_vdw parameter        : 1.0000000000 
 Number of z-points         : 90 
 Number of angular points   : 100 
 Number of SASA grid points : 17902 
 Solvent Dielectric Constant: 78.3553000000 

 VDW Radii:
	  1 CL :       1.7500  ang
	  2 F :       1.4700  ang
	  3 F :       1.4700  ang
	  4 F :       1.4700  ang
	  5 C :       1.7000  ang
	  6 C :       1.7000  ang
	  7 H :       1.2000  ang
	  8 H :       1.2000  ang

	 Computing SASA... 

 Atomic SASA values:
	  1 CL :      38.3857  ang^2
	  2 F :      22.5215  ang^2
	  3 F :      22.9953  ang^2
	  4 F :      22.5264  ang^2
	  5 C :       0.9411  ang^2
	  6 C :       3.9995  ang^2
	  7 H :      12.1657  ang^2
	  8 H :      12.1675  ang^2

	*Total SASA (angs^2): 135.7027375939 


 Coulomb Radii:
	  1 CL :       2.3800  ang
	  2 F :       1.7300  ang
	  3 F :       1.7300  ang
	  4 F :       1.7300  ang
	  5 C :       1.8500  ang
	  6 C :       1.8500  ang
	  7 H :       1.2000  ang
	  8 H :       1.2000  ang
 Solvent Alpha                       : 1.1700000000 

 ## Effective Born Radius (bohr) ##
   0   4.9293157654 
   1   4.1571994132 
   2   4.0521081588 
   3   4.1568272205 
   4   4.3104060726 
   5   4.3629738230 
   6   3.6058344223 
   7   3.6048392853 

 Effective Born Radii:
	  1 CL :       2.6085  ang
	  2 F :       2.1999  ang
	  3 F :       2.1443  ang
	  4 F :       2.1997  ang
	  5 C :       2.2810  ang
	  6 C :       2.3088  ang
	  7 H :       1.9081  ang
	  8 H :       1.9076  ang


 Coulomb Integrals:
	  1  1 :       0.2029  bohr^-1
	  1  2 :       0.1454  bohr^-1
	  1  3 :       0.1243  bohr^-1
	  1  4 :       0.1454  bohr^-1
	  1  5 :       0.1543  bohr^-1
	  1  6 :       0.1824  bohr^-1
	  1  7 :       0.1738  bohr^-1
	  1  8 :       0.1738  bohr^-1
	  2  1 :       0.1454  bohr^-1
	  2  2 :       0.2405  bohr^-1
	  2  3 :       0.1835  bohr^-1
	  2  4 :       0.1823  bohr^-1
	  2  5 :       0.2100  bohr^-1
	  2  6 :       0.1725  bohr^-1
	  2  7 :       0.1707  bohr^-1
	  2  8 :       0.1474  bohr^-1
	  3  1 :       0.1243  bohr^-1
	  3  2 :       0.1835  bohr^-1
	  3  3 :       0.2468  bohr^-1
	  3  4 :       0.1835  bohr^-1
	  3  5 :       0.2117  bohr^-1
	  3  6 :       0.1754  bohr^-1
	  3  7 :       0.1737  bohr^-1
	  3  8 :       0.1737  bohr^-1
	  4  1 :       0.1454  bohr^-1
	  4  2 :       0.1823  bohr^-1
	  4  3 :       0.1835  bohr^-1
	  4  4 :       0.2406  bohr^-1
	  4  5 :       0.2100  bohr^-1
	  4  6 :       0.1725  bohr^-1
	  4  7 :       0.1474  bohr^-1
	  4  8 :       0.1706  bohr^-1
	  5  1 :       0.1543  bohr^-1
	  5  2 :       0.2100  bohr^-1
	  5  3 :       0.2117  bohr^-1
	  5  4 :       0.2100  bohr^-1
	  5  5 :       0.2320  bohr^-1
	  5  6 :       0.2003  bohr^-1
	  5  7 :       0.1892  bohr^-1
	  5  8 :       0.1892  bohr^-1
	  6  1 :       0.1824  bohr^-1
	  6  2 :       0.1725  bohr^-1
	  6  3 :       0.1754  bohr^-1
	  6  4 :       0.1725  bohr^-1
	  6  5 :       0.2003  bohr^-1
	  6  6 :       0.2292  bohr^-1
	  6  7 :       0.2304  bohr^-1
	  6  8 :       0.2304  bohr^-1
	  7  1 :       0.1738  bohr^-1
	  7  2 :       0.1707  bohr^-1
	  7  3 :       0.1737  bohr^-1
	  7  4 :       0.1474  bohr^-1
	  7  5 :       0.1892  bohr^-1
	  7  6 :       0.2304  bohr^-1
	  7  7 :       0.2773  bohr^-1
	  7  8 :       0.2151  bohr^-1
	  8  1 :       0.1738  bohr^-1
	  8  2 :       0.1474  bohr^-1
	  8  3 :       0.1737  bohr^-1
	  8  4 :       0.1706  bohr^-1
	  8  5 :       0.1892  bohr^-1
	  8  6 :       0.2304  bohr^-1
	  8  7 :       0.2151  bohr^-1
	  8  8 :       0.2774  bohr^-1


	*Molecular contr. to CDS energy:       0.0000  kcal/mol
	*Total CDS energy:       3.5792  kcal/mol
	*MP2::Polarization Free Energy (au)      : -0.0165076742 
	*MP2::Polarization Free Energy (kcal/mol):     -10.3587 
	*MP2::CDS Free Energy (au)      : 0.0057037392 
	*MP2::CDS Free Energy (kcal/mol):       3.5792 
	*MP2::Total Solvation Free Energy (au)      : -0.0108039349 
	*MP2::Total Solvation Free Energy (kcal/mol):      -6.7796 
	GB-MP2 Total Energy (a.u.)         :  -835.72250972576069

	*Total GB-MP2 Energy: -835.71170579082002


 Cpu time for MacroQC :       0.6092 minutes
 Wall time for MacroQC:       0.1590 minutes


 ******************************************************************************************
	 MacroQC terminates normally:) 
 ****************************************************************************************** 

