 ==========================================================================================
 =========                __  ___                         ____  ______            =========
 ======                  /  |/  /___ _______________     / __ \/ ____/               ======
 ====                   / /|_/ / __ `/ ___/ ___/ __ \   / / / / /                      ====
 ===                   / /  / / /_/ / /__/ /  / /_/ /  / /_/ / /___                     ===
 ==                   /_/  /_/\__,_/\___/_/   \____/   \___\_\____/                      ==
 ===                                                                1.0.4                ===
 =====     An electronic structure theory software for large-scale applications       =====
 ======                                 See license.txt for license info             ======
 =========                                                                        =========
 ==========================================================================================
                                                                                           
                           * * * * * * * * * * * * * * * * * * * *                        
                           *            Developed by             *                        
                           *             U. Bozkaya              *                        
                           *                                     *                        
                           *       With contributions from:      *                        
                           *         B. Ermis, Y. Alagoz,        *                        
                           *         A. Unal, and A. K. Uyar     *                        
                           *         Git Version: deab493        *                        
                           *       Latest Revision: 2026-03-23   *                        
                           * * * * * * * * * * * * * * * * * * * *                        


 Run date: Wed Mar 25 11:41:34 2026
 
 Hostname: ub28 

 ## MacroQC input file ##
 ******************************************************************************************
$set_molecule
0 1
Br      1.1301143867    -0.1300039779    -0.0327922890
C      -0.6032436598     0.8578832654     0.0131223605
C      -1.7068599324    -0.0195574624     0.4685320854
C      -2.7511984110    -0.3405293380    -0.2855184293
H      -0.7498852840     1.2317785507    -0.9944139676
H      -0.4085637496     1.6795842705     0.6956735460
H      -1.6318916873    -0.3946537246     1.4829361049
H      -3.5495733771    -0.9642638547     0.0924895851
H      -2.8462774187     0.0109151952    -1.3057712528
$end_molecule


$set_globals
   basis cc-pvdz
  method mp2
  reference rhf
  jobtype energy
  memory 30000
$end_globals


$set_scf
  e_convergence 1.0e-8
  d_convergence 1.0e-6
  guess sad
  solvation true
$end_scf


$set_solvation
  cds_type smd
  radius_type smd
  solvent_params mn21
  dielectric_params mn21 #sm8
  sasa_type numeric
  solvent water
  num_ang_points 100
  charge_type iao_mulliken #iao_lowdin, mulliken, lowdin
  coulomb_radii smd
$end_solvation

$set_dfocc
solvation true
$end_dfocc

 ******************************************************************************************


	-Geometry before Center-of-Mass shift (ang): 
	 Number     Atom               X                    Y                       Z  
	 ---------------------------------------------------------------------------------------
           1     BR             1.1301143867         -0.1300039779          -0.0327922890  
           2     C            -0.6032436598          0.8578832654           0.0131223605  
           3     C            -1.7068599324         -0.0195574624           0.4685320854  
           4     C            -2.7511984110         -0.3405293380          -0.2855184293  
           5     H            -0.7498852840          1.2317785507          -0.9944139676  
           6     H            -0.4085637496          1.6795842705           0.6956735460  
           7     H            -1.6318916873         -0.3946537246           1.4829361049  
           8     H            -3.5495733771         -0.9642638547           0.0924895851  
           9     H            -2.8462774187          0.0109151952          -1.3057712528  



	-Geometry after Center-of-Mass shift (ang): 
	 Atom               X                    Y                       Z  
	 -------------------------------------------------------------------
     BR           0.9701155841         -0.1074080815          -0.0305948909  
     C          -0.7632424624          0.8804791618           0.0153197586  
     C          -1.8668587350          0.0030384340           0.4707294835  
     C          -2.9111972136         -0.3179334416          -0.2833210312  
     H          -0.9098840866          1.2543744471          -0.9922165695  
     H          -0.5685625522          1.7021801669           0.6978709441  
     H          -1.7918904899         -0.3720578282           1.4851335030  
     H          -3.7095721797         -0.9416679583           0.0946869832  
     H          -3.0062762213          0.0335110916          -1.3035738547  


	-Geometry after Center-of-Mass shift (bohr): 
	 Atom               X                    Y                       Z  
	 -------------------------------------------------------------------
     BR           1.8332527641         -0.2029718577          -0.0578159646  
     C          -1.4423192212          1.6638644750           0.0289501481  
     C          -3.5278517240          0.0057418081           0.8895498030  
     C          -5.5013654308         -0.6008071308          -0.5353991545  
     H          -1.7194317295          2.3704241638          -1.8750175735  
     H          -1.0744275088          3.2166543316           1.3187849553  
     H          -3.3861822727         -0.7030873982           2.8064955804  
     H          -7.0100754622         -1.7794945423           0.1789324659  
     H          -5.6810387157          0.0633267853          -2.4633975697  


    Rotational Constants: A =     0.64749  B =     0.06453  C =      0.06262 [cm^-1] 
    Rotor Type: SYMMETRIC 

	-Nuclear Dipole Moment: (e a0)  
	 X:  -17.53653   Y:  2.47660   Z:  0.24084   Total:  17.71218 

	-Nuclear Dipole Moment: (D)  
	 X:  -44.57341   Y:  6.29490   Z:  0.61216   Total:  45.01987 


    Nuclear repulsion energy (V_NN)              : 216.495840128627 
   =====================================================
   Charge                : 0 
   Multiplicity          : 1 
   Number of Atoms       : 9 
   Number of Ghost Atoms : 0 
   Number of Electrons   : 58 
   Number of alpha occupied orbitals (NoccA)  : 29 
   Number of beta occupied orbitals (NoccB)   : 29 
   Number of singly occupied orbitals (Nsocc) : 0 
   Number of doubly occupied orbitals (Ndocc) : 29 
   =====================================================



  ## GLOBALS Options ##

  | TYPE         | KEY                      | INPUT? | VALUE              | DEFAULT            
  |--------------|--------------------------|--------|--------------------|--------------------
  | BOOL         | ERI_DISK                 | NO     | FALSE              | FALSE              
  | BOOL         | FREEZE_CORE              | NO     | TRUE               | TRUE               
  | BOOL         | MOL_FRAG                 | NO     | FALSE              | FALSE              
  | BOOL         | NOCOM                    | NO     | FALSE              | FALSE              
  | BOOL         | NOREORIENT               | NO     | TRUE               | TRUE               
  | BOOL         | PUREAM                   | NO     | TRUE               | TRUE               
  | BOOL         | ML                       | NO     | FALSE              | FALSE              
  | BOOL         | READ_PDB                 | NO     | FALSE              | FALSE              
  | BOOL         | TEST_MODE                | NO     | FALSE              | FALSE              
  | INT          | DERIVE_LEVEL             | NO     | 0                  | 0                  
  | INT          | FINDIF_POINTS            | NO     | 3                  | 3                  
  | INT          | MEMORY                   | YES    | 30000              | 2000               
  | INT          | NUM_THREADS              | NO     | 1                  | 1                  
  | INT          | NUM_FROZEN_DOCC          | NO     | 0                  | 0                  
  | INT          | NUM_FROZEN_VIR           | NO     | 0                  | 0                  
  | INT          | PRINT_LEVEL              | NO     | 0                  | 0                  
  | STRING       | AUX_BASIS_CORR           | NO     | CC-PVDZ-RI         | CC-PVDZ-RI         
  | STRING       | AUX_BASIS_SCF            | NO     | CC-PVDZ-JKFIT      | CC-PVDZ-JKFIT      
  | STRING       | BASIS                    | YES    | CC-PVDZ            | CC-PVDZ            
  | STRING       | BASIS2                   | NO     | MINAO              | MINAO              
  | STRING       | DERIVE_TYPE              | NO     | ANALYTIC           | ANALYTIC           
  | STRING       | FINDIF_METHOD            | NO     | GRAD               | GRAD               
  | STRING       | GEOM_UNITS               | NO     | ANG                | ANG                
  | STRING       | JOBTYPE                  | YES    | ENERGY             | ENERGY             
  | STRING       | METHOD                   | YES    | MP2                | SCF                
  | STRING       | REFERENCE                | YES    | RHF                | RHF                
  | STRING       | OUTFILE_MODE             | NO     | NEW                | NEW                
  | DOUBLE       | STEP_BOHR                | NO     | 0.05               | 0.05               
  | STR_ARRAY    | MOLECULE_GEOM_FROM       | NO     | [input]            | [input]            
  | DOUBLE_ARRAY | ELECTRIC_STRENGTH        | NO     | [0.001;0.001;0.001]| [0.001;0.001;0.001]
  | STRING       | ELECTRIC_FIELD           | NO     | NONE               | NONE               
  | STRING       | ALIGN_TWO_ATOMS          | NO     | NONE               | NONE               
  | INT_ARRAY    | TWO_ATOMS                | NO     | [0]                | [0]                



  ## INTS Options ##

  | TYPE         | KEY                      | INPUT? | VALUE              | DEFAULT            
  |--------------|--------------------------|--------|--------------------|--------------------
  | DOUBLE       | BOYS_CUTOFF              | NO     | 1e-15              | 1e-15              
  | DOUBLE       | BOYS_ZERO                | NO     | 1e-06              | 1e-06              
  | DOUBLE       | DELTA_X                  | NO     | 0.1                | 0.1                
  | DOUBLE       | INTEGRAL_CUTOFF          | NO     | 1e-10              | 1e-10              
  | DOUBLE       | X_MAX                    | NO     | 30.0               | 30.0               
  | INT          | BOYS_MAXITER             | NO     | 10000              | 10000              
  | INT          | MAX_AM                   | NO     | 7                  | 7                  
  | INT          | MAX_AM_AUX               | NO     | 7                  | 7                  
  | INT          | PRINT_LEVEL              | NO     | 0                  | 0                  
  | INT          | TAYLOR_ORDER             | NO     | 6                  | 6                  
  | STRING       | 3INDEX_ALGORITHM         | NO     | AUTO               | AUTO               
  | STRING       | BOYS_METHOD              | NO     | GHP                | GHP                
  | STRING       | ERI_ALGORITHM            | NO     | MD4                | MD4                


	Initializing Liboeprop (by U. Bozkaya) ...

	*=================================================================*
	*                  SCF                                            *
	*   Developed by U. Bozkaya & Y. Alagoz                           *
	*   Latest revision Feb 16, 2021                                  *
	*=================================================================*



  ## SCF Options ##

  | TYPE         | KEY                      | INPUT? | VALUE              | DEFAULT            
  |--------------|--------------------------|--------|--------------------|--------------------
  | BOOL         | DIIS_DAMP                | NO     | FALSE              | FALSE              
  | BOOL         | DIE_IF_NOT_CONVERGED     | NO     | TRUE               | TRUE               
  | BOOL         | DO_DF                    | NO     | TRUE               | TRUE               
  | BOOL         | DIIS                     | NO     | TRUE               | TRUE               
  | BOOL         | FOCK_DAMP                | NO     | FALSE              | FALSE              
  | BOOL         | GUESS_MIX                | NO     | FALSE              | FALSE              
  | BOOL         | GUESS_PREVIOUS           | NO     | FALSE              | FALSE              
  | BOOL         | LOCAL                    | NO     | FALSE              | FALSE              
  | BOOL         | RETRY                    | NO     | TRUE               | TRUE               
  | DOUBLE       | CUTOFF                   | NO     | 1e-10              | 1e-10              
  | DOUBLE       | D_CONVERGENCE            | YES    | 1e-06              | 1e-06              
  | DOUBLE       | DAMP_PARAM               | NO     | 0.02               | 0.02               
  | DOUBLE       | E_CONVERGENCE            | YES    | 1e-08              | 1e-08              
  | DOUBLE       | FOCK_DAMP_PERC           | NO     | 20.0               | 20.0               
  | DOUBLE       | MIN_OVERLAP_EIGVAL       | NO     | 1e-06              | 1e-06              
  | DOUBLE       | LOCAL_CONVERGENCE        | NO     | 1e-08              | 1e-08              
  | DOUBLE       | QC_GUESS_E_CONVERGENCE   | NO     | 0.0001             | 0.0001             
  | DOUBLE       | QC_GUESS_D_CONVERGENCE   | NO     | 0.005              | 0.005              
  | INT          | MAX_DIIS                 | NO     | 6                  | 6                  
  | INT          | MIN_DIIS                 | NO     | 2                  | 2                  
  | INT          | PRINT_LEVEL              | NO     | 0                  | 0                  
  | INT          | SCF_MAXITER              | NO     | 50                 | 50                 
  | INT          | LOCAL_MAXITER            | NO     | 50                 | 50                 
  | STRING       | DIIS_ALGORITHM           | NO     | DISK               | DISK               
  | STRING       | GUESS                    | YES    | SAD                | SAD                
  | BOOL         | MO_WRITE                 | NO     | FALSE              | FALSE              
  | BOOL         | FOCK_WRITE               | NO     | FALSE              | FALSE              
  | STRING       | ORTH_TYPE                | NO     | CANONICAL          | CANONICAL          
  | STRING       | ROHF_CANONIC_TYPE        | NO     | GUEST              | GUEST              
  | STRING       | ERI                      | NO     | INCORE             | INCORE             
  | STRING       | SCF_ALGORITHM            | NO     | ROOTHAAN           | ROOTHAAN           
  | STRING       | LOCAL_TYPE               | NO     | BOYS               | BOYS               
  | BOOL         | SAD_FRAC_OCC             | NO     | TRUE               | TRUE               
  | BOOL         | SAD_SPIN_AVERAGE         | NO     | TRUE               | TRUE               
  | DOUBLE       | SAD_E_CONVERGENCE        | NO     | 1e-05              | 1e-05              
  | DOUBLE       | SAD_D_CONVERGENCE        | NO     | 1e-05              | 1e-05              
  | INT          | SAD_MAXITER              | NO     | 50                 | 50                 
  | BOOL         | NIE                      | NO     | FALSE              | FALSE              
  | BOOL         | SAD_DIIS                 | NO     | TRUE               | TRUE               
  | INT          | SAD_MAX_DIIS             | NO     | 6                  | 6                  
  | INT          | SAD_MIN_DIIS             | NO     | 2                  | 2                  
  | INT          | SAD_PRINT                | NO     | 0                  | 0                  
  | STRING       | SAD_AUX_BASIS            | NO     | SAD-FIT            | SAD-FIT            
  | DOUBLE       | SAD_CHOLESKY_TOLERANCE   | NO     | 1e-07              | 1e-07              
  | BOOL         | SOLVATION                | YES    | TRUE               | FALSE              
  | BOOL         | BYPASS                   | NO     | FALSE              | FALSE              
  | STRING       | IAO_TYPE                 | NO     | STANDARD2013       | STANDARD2013       
  | BOOL         | USE_IAOS                 | NO     | FALSE              | FALSE              

	Initializing libdiis ...
	Initializing libmolint 1.1 ...
 CC-PVDZ primary basis set file will be read for the BR atom...
 CC-PVDZ primary basis set file will be read for the C atom...
 CC-PVDZ primary basis set file will be read for the H atom...
 Nmaxthread: 24 
 Nshell: 44 
 Lmax:  2 
 Npmax: 13 
 Nao: 94 
 Ndocc: 29 
 Nsocc:  0 
 NoccA: 29 
 NoccB: 29 
 Primary basis set info has been read.

 CC-PVDZ-JKFIT aux basis set file will be read for the BR atom...
 CC-PVDZ-JKFIT aux basis set file will be read for the C atom...
 CC-PVDZ-JKFIT aux basis set file will be read for the H atom...
 Nshell_aux: 164 
 Naux: 496 
 Aux basis set info has been read.

 orth_type: CANONICAL 
 Cpu time for S ints :       0.0200 s
 Wall time for S ints:       0.0186 s

 Using canonical orthogonalization. 
 Minimum eigenvalue in the overlap matrix is:   3.0936E-03 

 Cpu time for T ints :       0.1100 s
 Wall time for T ints:       0.0264 s
 Cpu time for V ints :       0.8200 s
 Wall time for V ints:       0.2367 s
 Cpu time for Metric ints :       0.7000 s
 Wall time for Metric ints:       0.1781 s
 3-Index Algorithm: AUTO 

 Calling fortran integrals: ringing... 
 Done with fintegrals.

 Cpu time for 3-index ints :       3.4300 s
 Wall time for 3-index ints:       1.3769 s
 Cpu time for df-factors :       0.3800 s
 Wall time for df-factors:       0.1012 s


 Puream (True=1, False=0) : 1
 Number of AO             : 94
 Number of MO             : 94
 Number of Aux Functions  : 496
 Charge                   : 0
 Multiplicity             : 1
 Alpha OCC                : 29
 Beta OCC                 : 29
 Nuclear Repulsion Energy : 216.49584013
 Energy Treshold          : 1.0e-08
 Density Treshold         : 1.0e-06
 Iteration Limit          : 50
 Guess                    : SAD
 Guess Mix                : false
 Diis                     : true
 Diis Damping             : false
 Diis Damp Parameter      : 0.02
 Diis Algorithm           : DISK
 Cutoff Treshold          : 1.0e-10
 Density Fitting          : true
 Reference                : RHF
 Die If Not Converged     : true
 Print Level              : 0
 ERI Algorithm            : INCORE
 SCF Algorithm            : ROOTHAAN




  ## SOLVATION Options ##

  | TYPE         | KEY                      | INPUT? | VALUE              | DEFAULT            
  |--------------|--------------------------|--------|--------------------|--------------------
  | INT          | NUM_Z_POINTS             | NO     | 90                 | 90                 
  | INT          | NUM_ANG_POINTS           | YES    | 100                | 100                
  | STRING       | SASA_TYPE                | YES    | NUMERIC            | NUMERIC            
  | STRING       | CHARGE_TYPE              | YES    | IAO_MULLIKEN       | IAO_MULLIKEN       
  | STRING       | CDS_TYPE                 | YES    | SMD                | SMD                
  | STRING       | SOLVENT                  | YES    | WATER              | WATER              
  | STRING       | SOLVENT_PARAMS           | YES    | MN21               | SM8                
  | STRING       | DIELECTRIC_PARAMS        | YES    | MN21               | MN21               
  | STRING       | COULOMB_RADII            | YES    | SMD                | SMD                
  | DOUBLE       | COVALENT_VW_CONST        | NO     | 0.76               | 0.76               
  | DOUBLE       | SOLVENT_RADIUS           | NO     | 0.4                | 0.4                
  | STRING       | RADIUS_TYPE              | YES    | SMD                | SMD                
  | DOUBLE       | GB_DIJ                   | NO     | 3.7                | 3.7                
  | DOUBLE       | GB_SIJ                   | NO     | 0.75               | 0.75               
  | DOUBLE       | GB_CIJ                   | NO     | 0.0                | 0.0                
  | DOUBLE       | F_PWSASA                 | NO     | 0.4535             | 0.4535             
  | DOUBLE       | SCALE_VDW                | NO     | 1.0                | 1.0                
  | DOUBLE       | SCALE_CR                 | NO     | 1.0                | 1.0                



 Sasa Type                  : NUMERIC 
 Charge Type                : IAO_MULLIKEN 
 CDS Type                   : SMD 
 Radius Type                : SMD 
 Solvent                    : WATER 
 Solvent Parameters         : MN21 
 Dielectric Parameters      : MN21 
 Coulomb Radii Parameters   : SMD 
 GB d_ij parameter          : 3.7000000000 
 GB S_ij parameter          : 0.7500000000 
 GB C_ij parameter          : 0.0000000000 
 Sclae_vdw parameter        : 1.0000000000 
 Number of z-points         : 90 
 Number of angular points   : 100 
 Number of SASA grid points : 17902 
 Solvent Dielectric Constant: 78.3553000000 

 VDW Radii:
	  1 BR :       1.8500  ang
	  2 C :       1.7000  ang
	  3 C :       1.7000  ang
	  4 C :       1.7000  ang
	  5 H :       1.2000  ang
	  6 H :       1.2000  ang
	  7 H :       1.2000  ang
	  8 H :       1.2000  ang
	  9 H :       1.2000  ang

	 Computing SASA... 

 Atomic SASA values:
	  1 BR :      45.8633  ang^2
	  2 C :       5.4111  ang^2
	  3 C :       8.7142  ang^2
	  4 C :      17.4159  ang^2
	  5 H :      11.1414  ang^2
	  6 H :      12.3041  ang^2
	  7 H :      12.7659  ang^2
	  8 H :      12.9061  ang^2
	  9 H :      11.8243  ang^2

	*Total SASA (angs^2): 138.3461763484 


 Coulomb Radii:
	  1 BR :       3.0600  ang
	  2 C :       1.8500  ang
	  3 C :       1.8500  ang
	  4 C :       1.8500  ang
	  5 H :       1.2000  ang
	  6 H :       1.2000  ang
	  7 H :       1.2000  ang
	  8 H :       1.2000  ang
	  9 H :       1.2000  ang
 Solvent Alpha                       : 1.1700000000 

 ## Effective Born Radius (bohr) ##
   0   5.9675222584 
   1   4.4865871654 
   2   4.4376966317 
   3   4.0912068899 
   4   3.9262940025 
   5   3.7925156090 
   6   3.5692111335 
   7   2.9921231210 
   8   3.1232754273 

 Effective Born Radii:
	  1 BR :       3.1579  ang
	  2 C :       2.3742  ang
	  3 C :       2.3483  ang
	  4 C :       2.1650  ang
	  5 H :       2.0777  ang
	  6 H :       2.0069  ang
	  7 H :       1.8887  ang
	  8 H :       1.5834  ang
	  9 H :       1.6528  ang


 Coulomb Integrals:
	  1  1 :       0.1676  bohr^-1
	  1  2 :       0.1635  bohr^-1
	  1  3 :       0.1425  bohr^-1
	  1  4 :       0.1216  bohr^-1
	  1  5 :       0.1569  bohr^-1
	  1  6 :       0.1592  bohr^-1
	  1  7 :       0.1425  bohr^-1
	  1  8 :       0.1078  bohr^-1
	  1  9 :       0.1196  bohr^-1
	  2  1 :       0.1635  bohr^-1
	  2  2 :       0.2229  bohr^-1
	  2  3 :       0.1971  bohr^-1
	  2  4 :       0.1685  bohr^-1
	  2  5 :       0.2197  bohr^-1
	  2  6 :       0.2229  bohr^-1
	  2  7 :       0.1854  bohr^-1
	  2  8 :       0.1435  bohr^-1
	  2  9 :       0.1688  bohr^-1
	  3  1 :       0.1425  bohr^-1
	  3  2 :       0.1971  bohr^-1
	  3  3 :       0.2253  bohr^-1
	  3  4 :       0.2093  bohr^-1
	  3  5 :       0.1826  bohr^-1
	  3  6 :       0.1844  bohr^-1
	  3  7 :       0.2298  bohr^-1
	  3  8 :       0.1983  bohr^-1
	  3  9 :       0.1959  bohr^-1
	  4  1 :       0.1216  bohr^-1
	  4  2 :       0.1685  bohr^-1
	  4  3 :       0.2093  bohr^-1
	  4  4 :       0.2444  bohr^-1
	  4  5 :       0.1679  bohr^-1
	  4  6 :       0.1480  bohr^-1
	  4  7 :       0.1940  bohr^-1
	  4  8 :       0.2553  bohr^-1
	  4  9 :       0.2509  bohr^-1
	  5  1 :       0.1569  bohr^-1
	  5  2 :       0.2197  bohr^-1
	  5  3 :       0.1826  bohr^-1
	  5  4 :       0.1679  bohr^-1
	  5  5 :       0.2547  bohr^-1
	  5  6 :       0.2065  bohr^-1
	  5  7 :       0.1554  bohr^-1
	  5  8 :       0.1371  bohr^-1
	  5  9 :       0.1856  bohr^-1
	  6  1 :       0.1592  bohr^-1
	  6  2 :       0.2229  bohr^-1
	  6  3 :       0.1844  bohr^-1
	  6  4 :       0.1480  bohr^-1
	  6  5 :       0.2065  bohr^-1
	  6  6 :       0.2637  bohr^-1
	  6  7 :       0.1782  bohr^-1
	  6  8 :       0.1249  bohr^-1
	  6  9 :       0.1419  bohr^-1
	  7  1 :       0.1425  bohr^-1
	  7  2 :       0.1854  bohr^-1
	  7  3 :       0.2298  bohr^-1
	  7  4 :       0.1940  bohr^-1
	  7  5 :       0.1554  bohr^-1
	  7  6 :       0.1782  bohr^-1
	  7  7 :       0.2802  bohr^-1
	  7  8 :       0.1909  bohr^-1
	  7  9 :       0.1610  bohr^-1
	  8  1 :       0.1078  bohr^-1
	  8  2 :       0.1435  bohr^-1
	  8  3 :       0.1983  bohr^-1
	  8  4 :       0.2553  bohr^-1
	  8  5 :       0.1371  bohr^-1
	  8  6 :       0.1249  bohr^-1
	  8  7 :       0.1909  bohr^-1
	  8  8 :       0.3342  bohr^-1
	  8  9 :       0.2311  bohr^-1
	  9  1 :       0.1196  bohr^-1
	  9  2 :       0.1688  bohr^-1
	  9  3 :       0.1959  bohr^-1
	  9  4 :       0.2509  bohr^-1
	  9  5 :       0.1856  bohr^-1
	  9  6 :       0.1419  bohr^-1
	  9  7 :       0.1610  bohr^-1
	  9  8 :       0.2311  bohr^-1
	  9  9 :       0.3202  bohr^-1
    ===> SCF Iteration Started <===

     Iter. |                   Energy |       Delta E |          Drms |
    -------|--------------------------|---------------|---------------|
         1 |     -2685.99067956807903 |    -2.686e+03 |     1.701e-02 |
         2 |     -2688.07355009909406 |    -2.083e+00 |     2.292e-03 | DIIS
         3 |     -2688.19857132670950 |    -1.250e-01 |     1.256e-03 | DIIS
         4 |     -2688.21106669394294 |    -1.250e-02 |     2.913e-04 | DIIS
         5 |     -2688.21182664049047 |    -7.599e-04 |     6.716e-05 | DIIS
         6 |     -2688.21189582207171 |    -6.918e-05 |     3.316e-05 | DIIS
         7 |     -2688.21190021807797 |    -4.396e-06 |     9.756e-06 | DIIS
         8 |     -2688.21190266948815 |    -2.451e-06 |     4.393e-06 | DIIS
         9 |     -2688.21190299053433 |    -3.210e-07 |     7.801e-07 | DIIS
        10 |     -2688.21190330184118 |    -3.113e-07 |     4.084e-07 | DIIS
        11 |     -2688.21190334203220 |    -4.019e-08 |     1.542e-07 | DIIS
        12 |     -2688.21190333207733 |     9.955e-09 |     3.871e-08 | DIIS


	-Alpha Occupied Orbital Energies (au):  
	 1: -490.0774655737 	 2: -65.2113096902 	 3: -58.5687433068 	 4: -58.5674137422 	 5: -58.5673624775 
	 6: -11.2917819876 	 7: -11.2406324877 	 8: -11.2339585003 	 9: -9.8431212208 	10: -7.4554273116 
	11: -7.4472499522 	12: -7.4470890052 	13: -3.0531899698 	14: -3.0475609002 	15: -3.0474025046 
	16: -3.0412563708 	17: -3.0379379764 	18: -1.0937355814 	19: -1.0038627480 	20: -0.8908921857 
	21: -0.7650406506 	22: -0.6530957250 	23: -0.6061000044 	24: -0.5668994445 	25: -0.5083608510 
	26: -0.4910923831 	27: -0.3914796824 	28: -0.3855325159 	29: -0.3586547348 
	-Alpha Virtual Orbital Energies (au):  
	30: 0.1329453696 	31: 0.1867020029 	32: 0.2155241960 	33: 0.2227375719 	34: 0.2393737652 
	35: 0.2675693590 	36: 0.2830320833 	37: 0.3892967399 	38: 0.4906223341 	39: 0.5557577613 
	40: 0.5910818222 	41: 0.6206947364 	42: 0.6526512185 	43: 0.6791368281 	44: 0.6829305072 
	45: 0.6996706041 	46: 0.7437843779 	47: 0.7583603658 	48: 0.7637884627 	49: 0.7707584746 
	50: 0.7999793596 	51: 0.8109931795 	52: 0.8294160043 	53: 0.8633124387 	54: 0.8765273957 
	55: 0.9003648887 	56: 0.9243921456 	57: 0.9298854125 	58: 0.9864404962 	59: 1.0059689161 
	60: 1.1491503546 	61: 1.1841571675 	62: 1.2086342579 	63: 1.2227546159 	64: 1.2590376177 
	65: 1.3035401643 	66: 1.3489946321 	67: 1.4315464333 	68: 1.4844547540 	69: 1.6508643229 
	70: 1.6880504666 	71: 1.7399774149 	72: 1.8198733165 	73: 1.8394321750 	74: 1.8559653000 
	75: 1.8840882656 	76: 1.9213395724 	77: 1.9354195321 	78: 1.9756399417 	79: 1.9823595575 
	80: 2.0512470809 	81: 2.1122534482 	82: 2.1856685083 	83: 2.2089117786 	84: 2.2788871587 
	85: 2.3621436159 	86: 2.4775546257 	87: 2.5058103829 	88: 2.5387351330 	89: 2.6380287684 
	90: 2.7801006278 	91: 2.8047417585 	92: 2.9144378904 	93: 3.0704388140 	94: 3.3488431655 



	-Mulliken Population Analysis for SCF:
	 1: -0.1875426620 	 2: -0.0363270897 	 3: -0.1207423283 	 4: -0.0030335476 	 5: 0.0904744495 
	 6: 0.1034040716 	 7: 0.0469044831 	 8: 0.0591101884 	 9: 0.0477524351 

	-Lowdin Population Analysis for SCF:  
	 1: -0.0268585480 	 2: -0.0492165306 	 3: -0.0534868236 	 4: -0.0247579475 	 5: 0.0328959058 
	 6: 0.0353290089 	 7: 0.0312705911 	 8: 0.0301060113 	 9: 0.0247183327 

	-Electronic Dipole Moment: (e a0)  
	 X:  16.60199   Y:  -2.05809   Z:  -0.21535   Total:  16.73045 

	-Electronic Dipole Moment: (D)  
	 X:  42.19804   Y:  -5.23115   Z:  -0.54737   Total:  42.52457 

	-Total Dipole Moment: (e a0)  
	 X:  -0.93454   Y:  0.41851   Z:  0.02549   Total:  1.02428 

	-Total Dipole Moment: (D)  
	 X:  -2.37536   Y:  1.06375   Z:  0.06479   Total:  2.60347 



	Initializing Liboeprop (by U. Bozkaya) ...


	-Mulliken Population Analysis for SCF-IAO:
	 1: -0.2392952144 	 2: -0.1199667266 	 3: -0.1268933071 	 4: -0.2667549158 	 5: 0.1586226182 
	 6: 0.1640930356 	 7: 0.1451397802 	 8: 0.1480925508 	 9: 0.1370456745 

	-Lowdin Population Analysis for SCF-IAO:  
	 1: -0.2392952144 	 2: -0.1199667266 	 3: -0.1268933071 	 4: -0.2667549158 	 5: 0.1586226182 
	 6: 0.1640930356 	 7: 0.1451397802 	 8: 0.1480925508 	 9: 0.1370456745 

	Initializing Liblocal (by U. Bozkaya) ...
  ==> Pipek-Mezey Localizer <==

    Convergence =   1.000E-08
    Maxiter     =          50

    Iteration                   Metric       Residual
    PM    0   5.7153169051148318E+01              -
    PM    1   6.9303141664699595E+01   2.125862E-01
    PM    2   7.0476573082338447E+01   1.693186E-02
    PM    3   7.0521250736270900E+01   6.339362E-04
    PM    4   7.0521943759476500E+01   9.827154E-06
    PM    5   7.0521958604257605E+01   2.104988E-07
    PM    6   7.0521958907238286E+01   4.296260E-09

    PM Localizer converged.



	*Molecular contr. to CDS energy:       0.0000  kcal/mol
	*Total CDS energy:       2.1849  kcal/mol
	*SCF::Polarization Free Energy (au)      : -0.0029379973 
	*SCF::Polarization Free Energy (kcal/mol):      -1.8436 
	*SCF::CDS Free Energy (au)      : 0.0034819013 
	*SCF::CDS Free Energy (kcal/mol):       2.1849 
	*SCF::Total Solvation Free Energy (au)      : 0.0005439040 
	*SCF::Total Solvation Free Energy (kcal/mol):       0.3413 
 CC-PVDZ primary basis set file will be read for the BR atom...
 CC-PVDZ primary basis set file will be read for the C atom...
 CC-PVDZ primary basis set file will be read for the H atom...
 Nmaxthread: 24 
 Nshell: 44 
 Lmax:  2 
 Npmax: 13 
 Nao: 94 
 Ndocc: 29 
 Nsocc:  0 
 NoccA: 29 
 NoccB: 29 
 Primary basis set info has been read.

 CC-PVDZ-JKFIT aux basis set file will be read for the BR atom...
 CC-PVDZ-JKFIT aux basis set file will be read for the C atom...
 CC-PVDZ-JKFIT aux basis set file will be read for the H atom...
 Nshell_aux: 164 
 Naux: 496 
 Aux basis set info has been read.


	*Total SCF Energy: -2688.21190333207733

 Cpu time for SCF :       1.1847 minutes
 Wall time for SCF:       0.3884 minutes


	MO spaces... 

	 FC   OCC   VIR   FV 
	----------------------
	 12   17    65    0


	Libtrans is initialized (by U. Bozkaya) ...

 ============================================================================== 
 ============================================================================== 
 ============================================================================== 

                       DF-MP2   
              Program Written by Ugur Bozkaya
              Latest Revision May 2, 2021

 ============================================================================== 
 ============================================================================== 
 ============================================================================== 

	For this residual convergence, default PCG convergence is:     1.00e-07
    Warning: "PCG_CONVERGENCE" option is changed to     1.00e-07


  ## DFOCC Options ##

  | TYPE         | KEY                      | INPUT? | VALUE              | DEFAULT            
  |--------------|--------------------------|--------|--------------------|--------------------
  | BOOL         | EOM                      | NO     | FALSE              | FALSE              
  | BOOL         | EOM_MP2                  | NO     | FALSE              | FALSE              
  | BOOL         | EOM_MP3                  | NO     | FALSE              | FALSE              
  | BOOL         | EOM_MP2_5                | NO     | FALSE              | FALSE              
  | BOOL         | EOM_LCCD                 | NO     | FALSE              | FALSE              
  | BOOL         | LOW_MEM_MP2              | NO     | FALSE              | FALSE              
  | BOOL         | LOW_MEM_MP3              | NO     | FALSE              | FALSE              
  | BOOL         | CD_PRESCREEN             | NO     | FALSE              | FALSE              
  | DOUBLE       | CIS_E_CONV               | NO     | 1e-06              | 1e-06              
  | DOUBLE       | CIS_R_CONV               | NO     | 1e-06              | 1e-06              
  | DOUBLE       | CIS_RES_PRECONDITION_TOL | NO     | 0.0001             | 0.0001             
  | DOUBLE       | DAVIDSON_TOLERANCE       | NO     | 1e-06              | 1e-06              
  | DOUBLE       | E3_SCALE                 | NO     | 0.25               | 0.25               
  | DOUBLE       | E_CONVERGENCE            | NO     | 1e-06              | 1e-06              
  | DOUBLE       | JK_MEMORY                | NO     | 1000000000.0       | 1000000000.0       
  | DOUBLE       | LEVEL_SHIFT              | NO     | 0.02               | 0.02               
  | DOUBLE       | MAX_MOGRAD_CONVERGENCE   | NO     | 0.001              | 0.001              
  | DOUBLE       | MO_STEP_MAX              | NO     | 0.5                | 0.5                
  | DOUBLE       | MP2_OS_SCALE             | NO     | 1.2                | 1.2                
  | DOUBLE       | MP2_SOS_SCALE            | NO     | 1.3                | 1.3                
  | DOUBLE       | MP2_SOS_SCALE2           | NO     | 1.2                | 1.2                
  | DOUBLE       | MP2_SS_SCALE             | NO     | 0.3333333333333333 | 0.3333333333333333 
  | DOUBLE       | OCC_PERCENTAGE           | NO     | 99.0               | 99.0               
  | DOUBLE       | OCC_TOLERANCE            | NO     | 1e-05              | 1e-05              
  | DOUBLE       | OO_SCALE                 | NO     | 0.01               | 0.01               
  | DOUBLE       | PCG_CONVERGENCE          | NO     | 1e-06              | 1e-06              
  | DOUBLE       | R_CONVERGENCE            | NO     | 1e-05              | 1e-05              
  | DOUBLE       | REG_PARAM                | NO     | 0.4                | 0.4                
  | DOUBLE       | KAPPA_REG_PARAM          | NO     | 1.1                | 1.1                
  | DOUBLE       | RMS_MOGRAD_CONVERGENCE   | NO     | 1e-06              | 1e-06              
  | DOUBLE       | SCG_TOLERANCE            | NO     | 1e-06              | 1e-06              
  | DOUBLE       | SCHMIDT_ADD_RES_TOL      | NO     | 0.001              | 0.001              
  | INT          | ACTIVE_NAT_ORBS          | NO     | 2                  | 2                  
  | INT          | CC_DIIS_MAX_VECS         | NO     | 6                  | 6                  
  | INT          | CC_DIIS_MIN_VECS         | NO     | 2                  | 2                  
  | INT          | CC_MAXITER               | NO     | 50                 | 50                 
  | INT          | CUTOFF                   | NO     | 8                  | 8                  
  | INT          | EXCITATION_RANGE         | NO     | 2                  | 2                  
  | INT          | FOLLOW_ROOT              | NO     | 1                  | 1                  
  | INT          | INTEGRAL_CUTOFF          | NO     | 9                  | 9                  
  | INT          | MAX_VECS                 | NO     | 50                 | 50                 
  | INT          | MO_DIIS_NUM_VECS         | NO     | 6                  | 6                  
  | INT          | MO_MAXITER               | NO     | 50                 | 50                 
  | INT          | NUM_ROOTS                | NO     | 4                  | 4                  
  | INT          | PCG_MAXITER              | NO     | 50                 | 50                 
  | INT          | PRINT_LEVEL              | NO     | 0                  | 0                  
  | INT          | VECS_PER_ROOT            | NO     | 1                  | 1                  
  | STRING       | CC_LAMBDA                | NO     | FALSE              | FALSE              
  | STRING       | CHOLESKY                 | NO     | FALSE              | FALSE              
  | STRING       | CIS_ALGORITHM            | NO     | MO_BASIS           | MO_BASIS           
  | STRING       | CIS_GUESS_COEFF          | NO     | MIX                | MIX                
  | STRING       | COMPUT_S2                | NO     | FALSE              | FALSE              
  | STRING       | DIAG_METHOD              | NO     | DAVIDSON           | DAVIDSON           
  | STRING       | DO_DIIS                  | NO     | TRUE               | TRUE               
  | STRING       | DO_LEVEL_SHIFT           | NO     | TRUE               | TRUE               
  | STRING       | DO_SCS                   | NO     | FALSE              | FALSE              
  | STRING       | DO_SOS                   | NO     | FALSE              | FALSE              
  | STRING       | EKT_IP                   | NO     | FALSE              | FALSE              
  | STRING       | FREEZE_CORE              | NO     | TRUE               | TRUE               
  | STRING       | HESS_TYPE                | NO     | HF                 | HF                 
  | STRING       | JK_TYPE                  | NO     | DIRECT             | DIRECT             
  | STRING       | LINEQ_SOLVER             | NO     | CDGESV             | CDGESV             
  | STRING       | MO_READ                  | NO     | FALSE              | FALSE              
  | STRING       | MO_WRITE                 | NO     | FALSE              | FALSE              
  | STRING       | MP2_AMP_TYPE             | NO     | DIRECT             | DIRECT             
  | STRING       | NAT_ORBS                 | NO     | FALSE              | FALSE              
  | STRING       | NBO                      | NO     | TRUE               | TRUE               
  | STRING       | OCC_ORBS_PRINT           | NO     | FALSE              | FALSE              
  | STRING       | OEPROP                   | NO     | FALSE              | FALSE              
  | STRING       | OPT_METHOD               | NO     | QNR                | QNR                
  | STRING       | ORB_RESP_SOLVER          | NO     | PCG                | PCG                
  | STRING       | ORTH_TYPE                | NO     | MGS                | MGS                
  | STRING       | PCG_BETA_TYPE            | NO     | FLETCHER_REEVES    | FLETCHER_REEVES    
  | STRING       | PPL_TYPE                 | NO     | AUTO               | AUTO               
  | STRING       | PRINT_CI_VECS            | NO     | FALSE              | FALSE              
  | STRING       | QCHF                     | NO     | FALSE              | FALSE              
  | STRING       | READ_SCF_3INDEX          | NO     | TRUE               | TRUE               
  | STRING       | REGULARIZATION           | NO     | FALSE              | FALSE              
  | STRING       | REG_TYPE                 | NO     | NORMAL             | NORMAL             
  | STRING       | SCS_TYPE                 | NO     | SCS                | SCS                
  | STRING       | SOS_TYPE                 | NO     | SOS                | SOS                
  | STRING       | TRIPLES_IABC_TYPE        | NO     | DISK               | DISK               
  | STRING       | UNIT_GUESS_TYPE          | NO     | GEN                | GEN                
  | STRING       | EKT_NEGATIVE_OCC         | NO     | ABS                | ABS                
  | BOOL         | SOLVATION                | YES    | TRUE               | FALSE              

	MO spaces... 

	 FC   OCC   VIR   FV 
	----------------------
	 12   17    65    0
 CC-PVDZ primary basis set file will be read for the BR atom...
 CC-PVDZ primary basis set file will be read for the C atom...
 CC-PVDZ primary basis set file will be read for the H atom...
 Nmaxthread: 24 
 Nshell: 44 
 Lmax:  2 
 Npmax: 13 
 Nao: 94 
 Ndocc: 29 
 Nsocc:  0 
 NoccA: 29 
 NoccB: 29 
 Primary basis set info has been read.

 CC-PVDZ-RI aux basis set file will be read for the BR atom...
 CC-PVDZ-RI aux basis set file will be read for the C atom...
 CC-PVDZ-RI aux basis set file will be read for the H atom...
 Nshell_aux: 114 
 Naux: 352 
 Aux basis set info has been read.

 Cpu time for Metric ints :       0.1700 s
 Wall time for Metric ints:       0.0860 s
 3-Index Algorithm: AUTO 

 Calling fortran integrals: ringing... 
 Done with fintegrals.

 Cpu time for 3-index ints :       2.9300 s
 Wall time for 3-index ints:       1.0312 s
 Cpu time for df-factors :       0.1600 s
 Wall time for df-factors:       0.0448 s
 CC-PVDZ primary basis set file will be read for the BR atom...
 CC-PVDZ primary basis set file will be read for the C atom...
 CC-PVDZ primary basis set file will be read for the H atom...
 Nmaxthread: 24 
 Nshell: 44 
 Lmax:  2 
 Npmax: 13 
 Nao: 94 
 Ndocc: 29 
 Nsocc:  0 
 NoccA: 29 
 NoccB: 29 
 Primary basis set info has been read.

 CC-PVDZ-JKFIT aux basis set file will be read for the BR atom...
 CC-PVDZ-JKFIT aux basis set file will be read for the C atom...
 CC-PVDZ-JKFIT aux basis set file will be read for the H atom...
 Nshell_aux: 164 
 Naux: 496 
 Aux basis set info has been read.

	Reading DF integrals from disk ...
 Cpu time for Metric ints :       0.8300 s
 Wall time for Metric ints:       0.2085 s
	Number of basis functions in the DF-HF basis: 496
	Number of basis functions in the DF-CC basis: 352

	Available memory                      :  30000.00 MB 
	Minimum required memory for amplitudes:     29.30 MB 
	Memory requirement for B-CC (Q|mu nu) :     24.88 MB 
	Memory requirement for B-CC (Q|ab)    :     11.90 MB 
	Memory requirement for DF-CC int trans:     42.09 MB 

	Computing DF-MP2 energy using SCF MOs (Canonical DF-MP2)... 
	======================================================================= 
	Nuclear Repulsion Energy (a.u.)    :   216.49587343833002
	DF-HF Energy (a.u.)                : -2688.21190333207733
	REF Energy (a.u.)                  : -2688.21190333207733
	DF-MP2 Correlation Energy (a.u.)   :    -0.53998748773979
	DF-MP2 Total Energy (a.u.)         : -2688.75189081981716
	======================================================================= 

	*Total MP2 Energy: -2688.75189081981716

	Computing unrelaxed response density matrices...
	Number of independent-pairs: 1885
	Computing the generalized Fock matrix (GFM)...
	Computing the orbital gradient...
	Forming effective orbital gradient...
	Solving orbital Z-vector equations...

	            PCG Solver 
	   ------------------------------ 
	Iter     RMS Z Vector        RMS Residual  
	----    ---------------    ---------------
	  1         2.29e-03         2.10e-03
	  2         2.11e-03         1.05e-03
	  3         3.24e-04         2.22e-04
	  4         1.28e-04         8.17e-05
	  5         3.17e-05         2.19e-05
	  6         1.49e-05         7.74e-06
	  7         3.52e-06         2.01e-06
	  8         9.04e-07         4.20e-07
	  9         1.50e-07         1.21e-07
	 10         5.69e-08         3.56e-08

	Computing the relaxed PDMs and GFM...
	Compute solv. is starting ...

	Initializing Liboeprop (by U. Bozkaya) ...


	-Mulliken Population Analysis for MP2-IAO:
	 1: 0.3455738994 	 2: -0.2585753018 	 3: 0.2070931130 	 4: -0.4911424002 	 5: 0.0703242693 
	 6: 0.0654758470 	 7: 0.0888862244 	 8: 0.0391375530 	 9: 0.0519326242 

	-Lowdin Population Analysis for MP2-IAO:  
	 1: 0.3455738994 	 2: -0.2585753018 	 3: 0.2070931130 	 4: -0.4911424002 	 5: 0.0703242693 
	 6: 0.0654758470 	 7: 0.0888862244 	 8: 0.0391375530 	 9: 0.0519326242 


  ## SOLVATION Options ##

  | TYPE         | KEY                      | INPUT? | VALUE              | DEFAULT            
  |--------------|--------------------------|--------|--------------------|--------------------
  | INT          | NUM_Z_POINTS             | NO     | 90                 | 90                 
  | INT          | NUM_ANG_POINTS           | YES    | 100                | 100                
  | STRING       | SASA_TYPE                | YES    | NUMERIC            | NUMERIC            
  | STRING       | CHARGE_TYPE              | YES    | IAO_MULLIKEN       | IAO_MULLIKEN       
  | STRING       | CDS_TYPE                 | YES    | SMD                | SMD                
  | STRING       | SOLVENT                  | YES    | WATER              | WATER              
  | STRING       | SOLVENT_PARAMS           | YES    | MN21               | SM8                
  | STRING       | DIELECTRIC_PARAMS        | YES    | MN21               | MN21               
  | STRING       | COULOMB_RADII            | YES    | SMD                | SMD                
  | DOUBLE       | COVALENT_VW_CONST        | NO     | 0.76               | 0.76               
  | DOUBLE       | SOLVENT_RADIUS           | NO     | 0.4                | 0.4                
  | STRING       | RADIUS_TYPE              | YES    | SMD                | SMD                
  | DOUBLE       | GB_DIJ                   | NO     | 3.7                | 3.7                
  | DOUBLE       | GB_SIJ                   | NO     | 0.75               | 0.75               
  | DOUBLE       | GB_CIJ                   | NO     | 0.0                | 0.0                
  | DOUBLE       | F_PWSASA                 | NO     | 0.4535             | 0.4535             
  | DOUBLE       | SCALE_VDW                | NO     | 1.0                | 1.0                
  | DOUBLE       | SCALE_CR                 | NO     | 1.0                | 1.0                



 Sasa Type                  : NUMERIC 
 Charge Type                : IAO_MULLIKEN 
 CDS Type                   : SMD 
 Radius Type                : SMD 
 Solvent                    : WATER 
 Solvent Parameters         : MN21 
 Dielectric Parameters      : MN21 
 Coulomb Radii Parameters   : SMD 
 GB d_ij parameter          : 3.7000000000 
 GB S_ij parameter          : 0.7500000000 
 GB C_ij parameter          : 0.0000000000 
 Sclae_vdw parameter        : 1.0000000000 
 Number of z-points         : 90 
 Number of angular points   : 100 
 Number of SASA grid points : 17902 
 Solvent Dielectric Constant: 78.3553000000 

 VDW Radii:
	  1 BR :       1.8500  ang
	  2 C :       1.7000  ang
	  3 C :       1.7000  ang
	  4 C :       1.7000  ang
	  5 H :       1.2000  ang
	  6 H :       1.2000  ang
	  7 H :       1.2000  ang
	  8 H :       1.2000  ang
	  9 H :       1.2000  ang

	 Computing SASA... 

 Atomic SASA values:
	  1 BR :      45.8633  ang^2
	  2 C :       5.4111  ang^2
	  3 C :       8.7142  ang^2
	  4 C :      17.4159  ang^2
	  5 H :      11.1414  ang^2
	  6 H :      12.3041  ang^2
	  7 H :      12.7659  ang^2
	  8 H :      12.9061  ang^2
	  9 H :      11.8243  ang^2

	*Total SASA (angs^2): 138.3461763484 


 Coulomb Radii:
	  1 BR :       3.0600  ang
	  2 C :       1.8500  ang
	  3 C :       1.8500  ang
	  4 C :       1.8500  ang
	  5 H :       1.2000  ang
	  6 H :       1.2000  ang
	  7 H :       1.2000  ang
	  8 H :       1.2000  ang
	  9 H :       1.2000  ang
 Solvent Alpha                       : 1.1700000000 

 ## Effective Born Radius (bohr) ##
   0   5.9675222584 
   1   4.4865871654 
   2   4.4376966317 
   3   4.0912068899 
   4   3.9262940025 
   5   3.7925156090 
   6   3.5692111335 
   7   2.9921231210 
   8   3.1232754273 

 Effective Born Radii:
	  1 BR :       3.1579  ang
	  2 C :       2.3742  ang
	  3 C :       2.3483  ang
	  4 C :       2.1650  ang
	  5 H :       2.0777  ang
	  6 H :       2.0069  ang
	  7 H :       1.8887  ang
	  8 H :       1.5834  ang
	  9 H :       1.6528  ang


 Coulomb Integrals:
	  1  1 :       0.1676  bohr^-1
	  1  2 :       0.1635  bohr^-1
	  1  3 :       0.1425  bohr^-1
	  1  4 :       0.1216  bohr^-1
	  1  5 :       0.1569  bohr^-1
	  1  6 :       0.1592  bohr^-1
	  1  7 :       0.1425  bohr^-1
	  1  8 :       0.1078  bohr^-1
	  1  9 :       0.1196  bohr^-1
	  2  1 :       0.1635  bohr^-1
	  2  2 :       0.2229  bohr^-1
	  2  3 :       0.1971  bohr^-1
	  2  4 :       0.1685  bohr^-1
	  2  5 :       0.2197  bohr^-1
	  2  6 :       0.2229  bohr^-1
	  2  7 :       0.1854  bohr^-1
	  2  8 :       0.1435  bohr^-1
	  2  9 :       0.1688  bohr^-1
	  3  1 :       0.1425  bohr^-1
	  3  2 :       0.1971  bohr^-1
	  3  3 :       0.2253  bohr^-1
	  3  4 :       0.2093  bohr^-1
	  3  5 :       0.1826  bohr^-1
	  3  6 :       0.1844  bohr^-1
	  3  7 :       0.2298  bohr^-1
	  3  8 :       0.1983  bohr^-1
	  3  9 :       0.1959  bohr^-1
	  4  1 :       0.1216  bohr^-1
	  4  2 :       0.1685  bohr^-1
	  4  3 :       0.2093  bohr^-1
	  4  4 :       0.2444  bohr^-1
	  4  5 :       0.1679  bohr^-1
	  4  6 :       0.1480  bohr^-1
	  4  7 :       0.1940  bohr^-1
	  4  8 :       0.2553  bohr^-1
	  4  9 :       0.2509  bohr^-1
	  5  1 :       0.1569  bohr^-1
	  5  2 :       0.2197  bohr^-1
	  5  3 :       0.1826  bohr^-1
	  5  4 :       0.1679  bohr^-1
	  5  5 :       0.2547  bohr^-1
	  5  6 :       0.2065  bohr^-1
	  5  7 :       0.1554  bohr^-1
	  5  8 :       0.1371  bohr^-1
	  5  9 :       0.1856  bohr^-1
	  6  1 :       0.1592  bohr^-1
	  6  2 :       0.2229  bohr^-1
	  6  3 :       0.1844  bohr^-1
	  6  4 :       0.1480  bohr^-1
	  6  5 :       0.2065  bohr^-1
	  6  6 :       0.2637  bohr^-1
	  6  7 :       0.1782  bohr^-1
	  6  8 :       0.1249  bohr^-1
	  6  9 :       0.1419  bohr^-1
	  7  1 :       0.1425  bohr^-1
	  7  2 :       0.1854  bohr^-1
	  7  3 :       0.2298  bohr^-1
	  7  4 :       0.1940  bohr^-1
	  7  5 :       0.1554  bohr^-1
	  7  6 :       0.1782  bohr^-1
	  7  7 :       0.2802  bohr^-1
	  7  8 :       0.1909  bohr^-1
	  7  9 :       0.1610  bohr^-1
	  8  1 :       0.1078  bohr^-1
	  8  2 :       0.1435  bohr^-1
	  8  3 :       0.1983  bohr^-1
	  8  4 :       0.2553  bohr^-1
	  8  5 :       0.1371  bohr^-1
	  8  6 :       0.1249  bohr^-1
	  8  7 :       0.1909  bohr^-1
	  8  8 :       0.3342  bohr^-1
	  8  9 :       0.2311  bohr^-1
	  9  1 :       0.1196  bohr^-1
	  9  2 :       0.1688  bohr^-1
	  9  3 :       0.1959  bohr^-1
	  9  4 :       0.2509  bohr^-1
	  9  5 :       0.1856  bohr^-1
	  9  6 :       0.1419  bohr^-1
	  9  7 :       0.1610  bohr^-1
	  9  8 :       0.2311  bohr^-1
	  9  9 :       0.3202  bohr^-1


	*Molecular contr. to CDS energy:       0.0000  kcal/mol
	*Total CDS energy:       2.1849  kcal/mol
	*MP2::Polarization Free Energy (au)      : -0.0082693124 
	*MP2::Polarization Free Energy (kcal/mol):      -5.1891 
	*MP2::CDS Free Energy (au)      : 0.0034819013 
	*MP2::CDS Free Energy (kcal/mol):       2.1849 
	*MP2::Total Solvation Free Energy (au)      : -0.0047874111 
	*MP2::Total Solvation Free Energy (kcal/mol):      -3.0041 
	GB-MP2 Total Energy (a.u.)         : -2688.75667823091908

	*Total GB-MP2 Energy: -2688.75189081981716


 Cpu time for MacroQC :       1.4988 minutes
 Wall time for MacroQC:       0.4990 minutes


 ******************************************************************************************
	 MacroQC terminates normally:) 
 ****************************************************************************************** 

