 ==========================================================================================
 =========                __  ___                         ____  ______            =========
 ======                  /  |/  /___ _______________     / __ \/ ____/               ======
 ====                   / /|_/ / __ `/ ___/ ___/ __ \   / / / / /                      ====
 ===                   / /  / / /_/ / /__/ /  / /_/ /  / /_/ / /___                     ===
 ==                   /_/  /_/\__,_/\___/_/   \____/   \___\_\____/                      ==
 ===                                                                1.0.4                ===
 =====     An electronic structure theory software for large-scale applications       =====
 ======                                 See license.txt for license info             ======
 =========                                                                        =========
 ==========================================================================================
                                                                                           
                           * * * * * * * * * * * * * * * * * * * *                        
                           *            Developed by             *                        
                           *             U. Bozkaya              *                        
                           *                                     *                        
                           *       With contributions from:      *                        
                           *         B. Ermis, Y. Alagoz,        *                        
                           *         A. Unal, and A. K. Uyar     *                        
                           *         Git Version: deab493        *                        
                           *       Latest Revision: 2026-03-23   *                        
                           * * * * * * * * * * * * * * * * * * * *                        


 Run date: Wed Mar 25 11:39:23 2026
 
 Hostname: ub28 

 ## MacroQC input file ##
 ******************************************************************************************
$set_molecule
0 1
Cl      1.2890802837    -0.0503422485     0.0000000000
F      -1.0368087398    -0.1547625388    -1.0875659362
F      -1.0368087398    -0.1547625388     1.0875659362
C      -0.4501593663     0.3656642627     0.0000000000
H      -0.5508601079     1.4475589931     0.0000000000
$end_molecule


$set_globals
   basis cc-pvdz
  method mp2
  reference rhf
  jobtype energy
  memory 30000
$end_globals


$set_scf
  e_convergence 1.0e-8
  d_convergence 1.0e-6
  guess sad
  solvation true
$end_scf


$set_solvation
  cds_type smd
  radius_type smd
  solvent_params mn21
  dielectric_params mn21 #sm8
  sasa_type numeric
  solvent water
  num_ang_points 100
  charge_type iao_mulliken #iao_lowdin, mulliken, lowdin
  coulomb_radii smd
$end_solvation

$set_dfocc
solvation true
$end_dfocc

 ******************************************************************************************


	-Geometry before Center-of-Mass shift (ang): 
	 Number     Atom               X                    Y                       Z  
	 ---------------------------------------------------------------------------------------
           1     CL             1.2890802837         -0.0503422485           0.0000000000  
           2     F            -1.0368087398         -0.1547625388          -1.0875659362  
           3     F            -1.0368087398         -0.1547625388           1.0875659362  
           4     C            -0.4501593663          0.3656642627           0.0000000000  
           5     H            -0.5508601079          1.4475589931           0.0000000000  



	-Geometry after Center-of-Mass shift (ang): 
	 Atom               X                    Y                       Z  
	 -------------------------------------------------------------------
     CL           1.2922771470         -0.0294749360           0.0000000000  
     F          -1.0336118765         -0.1338952263          -1.0875659362  
     F          -1.0336118765         -0.1338952263           1.0875659362  
     C          -0.4469625030          0.3865315752           0.0000000000  
     H          -0.5476632446          1.4684263056           0.0000000000  


	-Geometry after Center-of-Mass shift (bohr): 
	 Atom               X                    Y                       Z  
	 -------------------------------------------------------------------
     CL           2.4420498860         -0.0556995566           0.0000000000  
     F          -1.9532433666         -0.2530253072          -2.0552017628  
     F          -1.9532433666         -0.2530253072           2.0552017628  
     C          -0.8446367190          0.7304388160           0.0000000000  
     H          -1.0349335413          2.7749235530           0.0000000000  


    Rotational Constants: A =     0.33981  B =     0.15848  C =      0.11496 [cm^-1] 
    Rotor Type: ASYMMETRIC 

	-Nuclear Dipole Moment: (e a0)  
	 X:  0.25371   Y:  1.65621   Z:  0.00000   Total:  1.67553 

	-Nuclear Dipole Moment: (D)  
	 X:  0.64488   Y:  4.20966   Z:  0.00000   Total:  4.25877 


    Nuclear repulsion energy (V_NN)              : 167.011421032336 
   =====================================================
   Charge                : 0 
   Multiplicity          : 1 
   Number of Atoms       : 5 
   Number of Ghost Atoms : 0 
   Number of Electrons   : 42 
   Number of alpha occupied orbitals (NoccA)  : 21 
   Number of beta occupied orbitals (NoccB)   : 21 
   Number of singly occupied orbitals (Nsocc) : 0 
   Number of doubly occupied orbitals (Ndocc) : 21 
   =====================================================



  ## GLOBALS Options ##

  | TYPE         | KEY                      | INPUT? | VALUE              | DEFAULT            
  |--------------|--------------------------|--------|--------------------|--------------------
  | BOOL         | ERI_DISK                 | NO     | FALSE              | FALSE              
  | BOOL         | FREEZE_CORE              | NO     | TRUE               | TRUE               
  | BOOL         | MOL_FRAG                 | NO     | FALSE              | FALSE              
  | BOOL         | NOCOM                    | NO     | FALSE              | FALSE              
  | BOOL         | NOREORIENT               | NO     | TRUE               | TRUE               
  | BOOL         | PUREAM                   | NO     | TRUE               | TRUE               
  | BOOL         | ML                       | NO     | FALSE              | FALSE              
  | BOOL         | READ_PDB                 | NO     | FALSE              | FALSE              
  | BOOL         | TEST_MODE                | NO     | FALSE              | FALSE              
  | INT          | DERIVE_LEVEL             | NO     | 0                  | 0                  
  | INT          | FINDIF_POINTS            | NO     | 3                  | 3                  
  | INT          | MEMORY                   | YES    | 30000              | 2000               
  | INT          | NUM_THREADS              | NO     | 1                  | 1                  
  | INT          | NUM_FROZEN_DOCC          | NO     | 0                  | 0                  
  | INT          | NUM_FROZEN_VIR           | NO     | 0                  | 0                  
  | INT          | PRINT_LEVEL              | NO     | 0                  | 0                  
  | STRING       | AUX_BASIS_CORR           | NO     | CC-PVDZ-RI         | CC-PVDZ-RI         
  | STRING       | AUX_BASIS_SCF            | NO     | CC-PVDZ-JKFIT      | CC-PVDZ-JKFIT      
  | STRING       | BASIS                    | YES    | CC-PVDZ            | CC-PVDZ            
  | STRING       | BASIS2                   | NO     | MINAO              | MINAO              
  | STRING       | DERIVE_TYPE              | NO     | ANALYTIC           | ANALYTIC           
  | STRING       | FINDIF_METHOD            | NO     | GRAD               | GRAD               
  | STRING       | GEOM_UNITS               | NO     | ANG                | ANG                
  | STRING       | JOBTYPE                  | YES    | ENERGY             | ENERGY             
  | STRING       | METHOD                   | YES    | MP2                | SCF                
  | STRING       | REFERENCE                | YES    | RHF                | RHF                
  | STRING       | OUTFILE_MODE             | NO     | NEW                | NEW                
  | DOUBLE       | STEP_BOHR                | NO     | 0.05               | 0.05               
  | STR_ARRAY    | MOLECULE_GEOM_FROM       | NO     | [input]            | [input]            
  | DOUBLE_ARRAY | ELECTRIC_STRENGTH        | NO     | [0.001;0.001;0.001]| [0.001;0.001;0.001]
  | STRING       | ELECTRIC_FIELD           | NO     | NONE               | NONE               
  | STRING       | ALIGN_TWO_ATOMS          | NO     | NONE               | NONE               
  | INT_ARRAY    | TWO_ATOMS                | NO     | [0]                | [0]                



  ## INTS Options ##

  | TYPE         | KEY                      | INPUT? | VALUE              | DEFAULT            
  |--------------|--------------------------|--------|--------------------|--------------------
  | DOUBLE       | BOYS_CUTOFF              | NO     | 1e-15              | 1e-15              
  | DOUBLE       | BOYS_ZERO                | NO     | 1e-06              | 1e-06              
  | DOUBLE       | DELTA_X                  | NO     | 0.1                | 0.1                
  | DOUBLE       | INTEGRAL_CUTOFF          | NO     | 1e-10              | 1e-10              
  | DOUBLE       | X_MAX                    | NO     | 30.0               | 30.0               
  | INT          | BOYS_MAXITER             | NO     | 10000              | 10000              
  | INT          | MAX_AM                   | NO     | 7                  | 7                  
  | INT          | MAX_AM_AUX               | NO     | 7                  | 7                  
  | INT          | PRINT_LEVEL              | NO     | 0                  | 0                  
  | INT          | TAYLOR_ORDER             | NO     | 6                  | 6                  
  | STRING       | 3INDEX_ALGORITHM         | NO     | AUTO               | AUTO               
  | STRING       | BOYS_METHOD              | NO     | GHP                | GHP                
  | STRING       | ERI_ALGORITHM            | NO     | MD4                | MD4                


	Initializing Liboeprop (by U. Bozkaya) ...

	*=================================================================*
	*                  SCF                                            *
	*   Developed by U. Bozkaya & Y. Alagoz                           *
	*   Latest revision Feb 16, 2021                                  *
	*=================================================================*



  ## SCF Options ##

  | TYPE         | KEY                      | INPUT? | VALUE              | DEFAULT            
  |--------------|--------------------------|--------|--------------------|--------------------
  | BOOL         | DIIS_DAMP                | NO     | FALSE              | FALSE              
  | BOOL         | DIE_IF_NOT_CONVERGED     | NO     | TRUE               | TRUE               
  | BOOL         | DO_DF                    | NO     | TRUE               | TRUE               
  | BOOL         | DIIS                     | NO     | TRUE               | TRUE               
  | BOOL         | FOCK_DAMP                | NO     | FALSE              | FALSE              
  | BOOL         | GUESS_MIX                | NO     | FALSE              | FALSE              
  | BOOL         | GUESS_PREVIOUS           | NO     | FALSE              | FALSE              
  | BOOL         | LOCAL                    | NO     | FALSE              | FALSE              
  | BOOL         | RETRY                    | NO     | TRUE               | TRUE               
  | DOUBLE       | CUTOFF                   | NO     | 1e-10              | 1e-10              
  | DOUBLE       | D_CONVERGENCE            | YES    | 1e-06              | 1e-06              
  | DOUBLE       | DAMP_PARAM               | NO     | 0.02               | 0.02               
  | DOUBLE       | E_CONVERGENCE            | YES    | 1e-08              | 1e-08              
  | DOUBLE       | FOCK_DAMP_PERC           | NO     | 20.0               | 20.0               
  | DOUBLE       | MIN_OVERLAP_EIGVAL       | NO     | 1e-06              | 1e-06              
  | DOUBLE       | LOCAL_CONVERGENCE        | NO     | 1e-08              | 1e-08              
  | DOUBLE       | QC_GUESS_E_CONVERGENCE   | NO     | 0.0001             | 0.0001             
  | DOUBLE       | QC_GUESS_D_CONVERGENCE   | NO     | 0.005              | 0.005              
  | INT          | MAX_DIIS                 | NO     | 6                  | 6                  
  | INT          | MIN_DIIS                 | NO     | 2                  | 2                  
  | INT          | PRINT_LEVEL              | NO     | 0                  | 0                  
  | INT          | SCF_MAXITER              | NO     | 50                 | 50                 
  | INT          | LOCAL_MAXITER            | NO     | 50                 | 50                 
  | STRING       | DIIS_ALGORITHM           | NO     | DISK               | DISK               
  | STRING       | GUESS                    | YES    | SAD                | SAD                
  | BOOL         | MO_WRITE                 | NO     | FALSE              | FALSE              
  | BOOL         | FOCK_WRITE               | NO     | FALSE              | FALSE              
  | STRING       | ORTH_TYPE                | NO     | CANONICAL          | CANONICAL          
  | STRING       | ROHF_CANONIC_TYPE        | NO     | GUEST              | GUEST              
  | STRING       | ERI                      | NO     | INCORE             | INCORE             
  | STRING       | SCF_ALGORITHM            | NO     | ROOTHAAN           | ROOTHAAN           
  | STRING       | LOCAL_TYPE               | NO     | BOYS               | BOYS               
  | BOOL         | SAD_FRAC_OCC             | NO     | TRUE               | TRUE               
  | BOOL         | SAD_SPIN_AVERAGE         | NO     | TRUE               | TRUE               
  | DOUBLE       | SAD_E_CONVERGENCE        | NO     | 1e-05              | 1e-05              
  | DOUBLE       | SAD_D_CONVERGENCE        | NO     | 1e-05              | 1e-05              
  | INT          | SAD_MAXITER              | NO     | 50                 | 50                 
  | BOOL         | NIE                      | NO     | FALSE              | FALSE              
  | BOOL         | SAD_DIIS                 | NO     | TRUE               | TRUE               
  | INT          | SAD_MAX_DIIS             | NO     | 6                  | 6                  
  | INT          | SAD_MIN_DIIS             | NO     | 2                  | 2                  
  | INT          | SAD_PRINT                | NO     | 0                  | 0                  
  | STRING       | SAD_AUX_BASIS            | NO     | SAD-FIT            | SAD-FIT            
  | DOUBLE       | SAD_CHOLESKY_TOLERANCE   | NO     | 1e-07              | 1e-07              
  | BOOL         | SOLVATION                | YES    | TRUE               | FALSE              
  | BOOL         | BYPASS                   | NO     | FALSE              | FALSE              
  | STRING       | IAO_TYPE                 | NO     | STANDARD2013       | STANDARD2013       
  | BOOL         | USE_IAOS                 | NO     | FALSE              | FALSE              

	Initializing libdiis ...
	Initializing libmolint 1.1 ...
 CC-PVDZ primary basis set file will be read for the CL atom...
 CC-PVDZ primary basis set file will be read for the F atom...
 CC-PVDZ primary basis set file will be read for the C atom...
 CC-PVDZ primary basis set file will be read for the H atom...
 Nmaxthread: 24 
 Nshell: 29 
 Lmax:  2 
 Npmax: 11 
 Nao: 65 
 Ndocc: 21 
 Nsocc:  0 
 NoccA: 21 
 NoccB: 21 
 Primary basis set info has been read.

 CC-PVDZ-JKFIT aux basis set file will be read for the CL atom...
 CC-PVDZ-JKFIT aux basis set file will be read for the F atom...
 CC-PVDZ-JKFIT aux basis set file will be read for the C atom...
 CC-PVDZ-JKFIT aux basis set file will be read for the H atom...
 Nshell_aux: 117 
 Naux: 345 
 Aux basis set info has been read.

 orth_type: CANONICAL 
 Cpu time for S ints :       0.0100 s
 Wall time for S ints:       0.0083 s

 Using canonical orthogonalization. 
 Minimum eigenvalue in the overlap matrix is:   1.2986E-02 

 Cpu time for T ints :       0.0600 s
 Wall time for T ints:       0.0157 s
 Cpu time for V ints :       0.2900 s
 Wall time for V ints:       0.0737 s
 Cpu time for Metric ints :       0.4600 s
 Wall time for Metric ints:       0.1145 s
 3-Index Algorithm: AUTO 

 Calling fortran integrals: ringing... 
 Done with fintegrals.

 Cpu time for 3-index ints :       1.5000 s
 Wall time for 3-index ints:       0.3766 s
 Cpu time for df-factors :       0.0900 s
 Wall time for df-factors:       0.0226 s


 Puream (True=1, False=0) : 1
 Number of AO             : 65
 Number of MO             : 65
 Number of Aux Functions  : 345
 Charge                   : 0
 Multiplicity             : 1
 Alpha OCC                : 21
 Beta OCC                 : 21
 Nuclear Repulsion Energy : 167.01142103
 Energy Treshold          : 1.0e-08
 Density Treshold         : 1.0e-06
 Iteration Limit          : 50
 Guess                    : SAD
 Guess Mix                : false
 Diis                     : true
 Diis Damping             : false
 Diis Damp Parameter      : 0.02
 Diis Algorithm           : DISK
 Cutoff Treshold          : 1.0e-10
 Density Fitting          : true
 Reference                : RHF
 Die If Not Converged     : true
 Print Level              : 0
 ERI Algorithm            : INCORE
 SCF Algorithm            : ROOTHAAN




  ## SOLVATION Options ##

  | TYPE         | KEY                      | INPUT? | VALUE              | DEFAULT            
  |--------------|--------------------------|--------|--------------------|--------------------
  | INT          | NUM_Z_POINTS             | NO     | 90                 | 90                 
  | INT          | NUM_ANG_POINTS           | YES    | 100                | 100                
  | STRING       | SASA_TYPE                | YES    | NUMERIC            | NUMERIC            
  | STRING       | CHARGE_TYPE              | YES    | IAO_MULLIKEN       | IAO_MULLIKEN       
  | STRING       | CDS_TYPE                 | YES    | SMD                | SMD                
  | STRING       | SOLVENT                  | YES    | WATER              | WATER              
  | STRING       | SOLVENT_PARAMS           | YES    | MN21               | SM8                
  | STRING       | DIELECTRIC_PARAMS        | YES    | MN21               | MN21               
  | STRING       | COULOMB_RADII            | YES    | SMD                | SMD                
  | DOUBLE       | COVALENT_VW_CONST        | NO     | 0.76               | 0.76               
  | DOUBLE       | SOLVENT_RADIUS           | NO     | 0.4                | 0.4                
  | STRING       | RADIUS_TYPE              | YES    | SMD                | SMD                
  | DOUBLE       | GB_DIJ                   | NO     | 3.7                | 3.7                
  | DOUBLE       | GB_SIJ                   | NO     | 0.75               | 0.75               
  | DOUBLE       | GB_CIJ                   | NO     | 0.0                | 0.0                
  | DOUBLE       | F_PWSASA                 | NO     | 0.4535             | 0.4535             
  | DOUBLE       | SCALE_VDW                | NO     | 1.0                | 1.0                
  | DOUBLE       | SCALE_CR                 | NO     | 1.0                | 1.0                



 Sasa Type                  : NUMERIC 
 Charge Type                : IAO_MULLIKEN 
 CDS Type                   : SMD 
 Radius Type                : SMD 
 Solvent                    : WATER 
 Solvent Parameters         : MN21 
 Dielectric Parameters      : MN21 
 Coulomb Radii Parameters   : SMD 
 GB d_ij parameter          : 3.7000000000 
 GB S_ij parameter          : 0.7500000000 
 GB C_ij parameter          : 0.0000000000 
 Sclae_vdw parameter        : 1.0000000000 
 Number of z-points         : 90 
 Number of angular points   : 100 
 Number of SASA grid points : 17902 
 Solvent Dielectric Constant: 78.3553000000 

 VDW Radii:
	  1 CL :       1.7500  ang
	  2 F :       1.4700  ang
	  3 F :       1.4700  ang
	  4 C :       1.7000  ang
	  5 H :       1.2000  ang

	 Computing SASA... 

 Atomic SASA values:
	  1 CL :      39.9497  ang^2
	  2 F :      24.1710  ang^2
	  3 F :      24.1710  ang^2
	  4 C :       4.4391  ang^2
	  5 H :      12.8629  ang^2

	*Total SASA (angs^2): 105.5938663469 


 Coulomb Radii:
	  1 CL :       2.3800  ang
	  2 F :       1.7300  ang
	  3 F :       1.7300  ang
	  4 C :       1.8500  ang
	  5 H :       1.2000  ang
 Solvent Alpha                       : 1.1700000000 

 ## Effective Born Radius (bohr) ##
   0   4.7543171008 
   1   3.8790573268 
   2   3.8790573268 
   3   3.9709912623 
   4   3.4171877793 

 Effective Born Radii:
	  1 CL :       2.5159  ang
	  2 F :       2.0527  ang
	  3 F :       2.0527  ang
	  4 C :       2.1014  ang
	  5 H :       1.8083  ang


 Coulomb Integrals:
	  1  1 :       0.2103  bohr^-1
	  1  2 :       0.1652  bohr^-1
	  1  3 :       0.1652  bohr^-1
	  1  4 :       0.1909  bohr^-1
	  1  5 :       0.1775  bohr^-1
	  2  1 :       0.1652  bohr^-1
	  2  2 :       0.2578  bohr^-1
	  2  3 :       0.1890  bohr^-1
	  2  4 :       0.2226  bohr^-1
	  2  5 :       0.2035  bohr^-1
	  3  1 :       0.1652  bohr^-1
	  3  2 :       0.1890  bohr^-1
	  3  3 :       0.2578  bohr^-1
	  3  4 :       0.2226  bohr^-1
	  3  5 :       0.2035  bohr^-1
	  4  1 :       0.1909  bohr^-1
	  4  2 :       0.2226  bohr^-1
	  4  3 :       0.2226  bohr^-1
	  4  4 :       0.2518  bohr^-1
	  4  5 :       0.2448  bohr^-1
	  5  1 :       0.1775  bohr^-1
	  5  2 :       0.2035  bohr^-1
	  5  3 :       0.2035  bohr^-1
	  5  4 :       0.2448  bohr^-1
	  5  5 :       0.2926  bohr^-1
    ===> SCF Iteration Started <===

     Iter. |                   Energy |       Delta E |          Drms |
    -------|--------------------------|---------------|---------------|
         1 |      -696.35750375960379 |    -6.964e+02 |     2.076e-02 |
         2 |      -696.74821008887102 |    -3.907e-01 |     5.506e-03 | DIIS
         3 |      -696.80304651435733 |    -5.484e-02 |     2.012e-03 | DIIS
         4 |      -696.83023411049692 |    -2.719e-02 |     4.865e-04 | DIIS
         5 |      -696.83095872594799 |    -7.246e-04 |     1.340e-04 | DIIS
         6 |      -696.83102121718116 |    -6.249e-05 |     4.591e-05 | DIIS
         7 |      -696.83102726800780 |    -6.051e-06 |     2.291e-05 | DIIS
         8 |      -696.83102689256714 |     3.754e-07 |     2.790e-06 | DIIS
         9 |      -696.83102678310172 |     1.095e-07 |     1.016e-06 | DIIS
        10 |      -696.83102676005228 |     2.305e-08 |     1.999e-07 | DIIS
        11 |      -696.83102675493990 |     5.112e-09 |     4.195e-08 | DIIS


	-Alpha Occupied Orbital Energies (au):  
	 1: -104.8515199069 	 2: -26.3454274023 	 3: -26.3452989549 	 4: -11.4886939943 	 5: -10.5796374462 
	 6: -8.0470967725 	 7: -8.0435126028 	 8: -8.0434682557 	 9: -1.7043452594 	10: -1.6378402745 
	11: -1.1549446975 	12: -0.9537201492 	13: -0.8167823152 	14: -0.7936982014 	15: -0.7650686717 
	16: -0.6924074316 	17: -0.6564743198 	18: -0.6458949361 	19: -0.5442892442 	20: -0.4816847226 
	21: -0.4781424085 
	-Alpha Virtual Orbital Energies (au):  
	22: 0.1670197108 	23: 0.2181254398 	24: 0.2952576311 	25: 0.3482761271 	26: 0.6192921182 
	27: 0.6674729020 	28: 0.6752929123 	29: 0.6886167097 	30: 0.7315035165 	31: 0.7568333173 
	32: 0.7599396287 	33: 0.8688994596 	34: 0.9165172201 	35: 0.9516079111 	36: 0.9616898496 
	37: 1.0139948229 	38: 1.1167251048 	39: 1.2746764772 	40: 1.3005530456 	41: 1.3686131534 
	42: 1.4788414532 	43: 1.4874076298 	44: 1.5295270443 	45: 1.5529830618 	46: 1.6397344932 
	47: 1.6718670874 	48: 1.9311277319 	49: 1.9509866232 	50: 1.9976499812 	51: 2.0610866335 
	52: 2.0737085546 	53: 2.5508742520 	54: 2.6455061575 	55: 2.8340870088 	56: 3.9279199340 
	57: 3.9354991998 	58: 3.9419569814 	59: 3.9681735242 	60: 3.9832888162 	61: 4.1830331631 
	62: 4.2607956987 	63: 4.3601458026 	64: 4.4685465160 	65: 4.4807811476 


	-Mulliken Population Analysis for SCF:
	 1: -0.1332753800 	 2: -0.2607314141 	 3: -0.2609528945 	 4: 0.5690169562 	 5: 0.0859427323 


	-Lowdin Population Analysis for SCF:  
	 1: 0.0552510701 	 2: -0.0172017551 	 3: -0.0173612305 	 4: -0.0348389114 	 5: 0.0141508270 


	-Electronic Dipole Moment: (e a0)  
	 X:  -0.28717   Y:  -0.97133   Z:  -0.00038   Total:  1.01289 

	-Electronic Dipole Moment: (D)  
	 X:  -0.72991   Y:  -2.46888   Z:  -0.00096   Total:  2.57452 

	-Total Dipole Moment: (e a0)  
	 X:  -0.03345   Y:  0.68488   Z:  -0.00038   Total:  0.68569 

	-Total Dipole Moment: (D)  
	 X:  -0.08503   Y:  1.74078   Z:  -0.00096   Total:  1.74286 



	Initializing Liboeprop (by U. Bozkaya) ...


	-Mulliken Population Analysis for SCF-IAO:
	 1: -0.0926504019 	 2: -0.3131145935 	 3: -0.3133108785 	 4: 0.5523543690 	 5: 0.1668556957 


	-Lowdin Population Analysis for SCF-IAO:  
	 1: -0.0926504019 	 2: -0.3131145935 	 3: -0.3133108785 	 4: 0.5523543690 	 5: 0.1668556957 


	Initializing Liblocal (by U. Bozkaya) ...
  ==> Pipek-Mezey Localizer <==

    Convergence =   1.000E-08
    Maxiter     =          50

    Iteration                   Metric       Residual
    PM    0   1.5364407304609205E+01              -
    PM    1   2.1635165866096983E+01   4.081354E-01
    PM    2   2.2153786529712686E+01   2.397119E-02
    PM    3   2.2161697914981158E+01   3.571121E-04
    PM    4   2.2161765271075346E+01   3.039302E-06
    PM    5   2.2161766284582654E+01   4.573225E-08
    PM    6   2.2161766302548802E+01   8.106821E-10

    PM Localizer converged.



	*Molecular contr. to CDS energy:       0.0000  kcal/mol
	*Total CDS energy:       2.9126  kcal/mol
	*SCF::Polarization Free Energy (au)      : -0.0084585839 
	*SCF::Polarization Free Energy (kcal/mol):      -5.3078 
	*SCF::CDS Free Energy (au)      : 0.0046414571 
	*SCF::CDS Free Energy (kcal/mol):       2.9126 
	*SCF::Total Solvation Free Energy (au)      : -0.0038171268 
	*SCF::Total Solvation Free Energy (kcal/mol):      -2.3953 
 CC-PVDZ primary basis set file will be read for the CL atom...
 CC-PVDZ primary basis set file will be read for the F atom...
 CC-PVDZ primary basis set file will be read for the C atom...
 CC-PVDZ primary basis set file will be read for the H atom...
 Nmaxthread: 24 
 Nshell: 29 
 Lmax:  2 
 Npmax: 11 
 Nao: 65 
 Ndocc: 21 
 Nsocc:  0 
 NoccA: 21 
 NoccB: 21 
 Primary basis set info has been read.

 CC-PVDZ-JKFIT aux basis set file will be read for the CL atom...
 CC-PVDZ-JKFIT aux basis set file will be read for the F atom...
 CC-PVDZ-JKFIT aux basis set file will be read for the C atom...
 CC-PVDZ-JKFIT aux basis set file will be read for the H atom...
 Nshell_aux: 117 
 Naux: 345 
 Aux basis set info has been read.


	*Total SCF Energy: -696.83102675493990

 Cpu time for SCF :       0.7363 minutes
 Wall time for SCF:       0.2030 minutes


	MO spaces... 

	 FC   OCC   VIR   FV 
	----------------------
	  8   13    44    0


	Libtrans is initialized (by U. Bozkaya) ...

 ============================================================================== 
 ============================================================================== 
 ============================================================================== 

                       DF-MP2   
              Program Written by Ugur Bozkaya
              Latest Revision May 2, 2021

 ============================================================================== 
 ============================================================================== 
 ============================================================================== 

	For this residual convergence, default PCG convergence is:     1.00e-07
    Warning: "PCG_CONVERGENCE" option is changed to     1.00e-07


  ## DFOCC Options ##

  | TYPE         | KEY                      | INPUT? | VALUE              | DEFAULT            
  |--------------|--------------------------|--------|--------------------|--------------------
  | BOOL         | EOM                      | NO     | FALSE              | FALSE              
  | BOOL         | EOM_MP2                  | NO     | FALSE              | FALSE              
  | BOOL         | EOM_MP3                  | NO     | FALSE              | FALSE              
  | BOOL         | EOM_MP2_5                | NO     | FALSE              | FALSE              
  | BOOL         | EOM_LCCD                 | NO     | FALSE              | FALSE              
  | BOOL         | LOW_MEM_MP2              | NO     | FALSE              | FALSE              
  | BOOL         | LOW_MEM_MP3              | NO     | FALSE              | FALSE              
  | BOOL         | CD_PRESCREEN             | NO     | FALSE              | FALSE              
  | DOUBLE       | CIS_E_CONV               | NO     | 1e-06              | 1e-06              
  | DOUBLE       | CIS_R_CONV               | NO     | 1e-06              | 1e-06              
  | DOUBLE       | CIS_RES_PRECONDITION_TOL | NO     | 0.0001             | 0.0001             
  | DOUBLE       | DAVIDSON_TOLERANCE       | NO     | 1e-06              | 1e-06              
  | DOUBLE       | E3_SCALE                 | NO     | 0.25               | 0.25               
  | DOUBLE       | E_CONVERGENCE            | NO     | 1e-06              | 1e-06              
  | DOUBLE       | JK_MEMORY                | NO     | 1000000000.0       | 1000000000.0       
  | DOUBLE       | LEVEL_SHIFT              | NO     | 0.02               | 0.02               
  | DOUBLE       | MAX_MOGRAD_CONVERGENCE   | NO     | 0.001              | 0.001              
  | DOUBLE       | MO_STEP_MAX              | NO     | 0.5                | 0.5                
  | DOUBLE       | MP2_OS_SCALE             | NO     | 1.2                | 1.2                
  | DOUBLE       | MP2_SOS_SCALE            | NO     | 1.3                | 1.3                
  | DOUBLE       | MP2_SOS_SCALE2           | NO     | 1.2                | 1.2                
  | DOUBLE       | MP2_SS_SCALE             | NO     | 0.3333333333333333 | 0.3333333333333333 
  | DOUBLE       | OCC_PERCENTAGE           | NO     | 99.0               | 99.0               
  | DOUBLE       | OCC_TOLERANCE            | NO     | 1e-05              | 1e-05              
  | DOUBLE       | OO_SCALE                 | NO     | 0.01               | 0.01               
  | DOUBLE       | PCG_CONVERGENCE          | NO     | 1e-06              | 1e-06              
  | DOUBLE       | R_CONVERGENCE            | NO     | 1e-05              | 1e-05              
  | DOUBLE       | REG_PARAM                | NO     | 0.4                | 0.4                
  | DOUBLE       | KAPPA_REG_PARAM          | NO     | 1.1                | 1.1                
  | DOUBLE       | RMS_MOGRAD_CONVERGENCE   | NO     | 1e-06              | 1e-06              
  | DOUBLE       | SCG_TOLERANCE            | NO     | 1e-06              | 1e-06              
  | DOUBLE       | SCHMIDT_ADD_RES_TOL      | NO     | 0.001              | 0.001              
  | INT          | ACTIVE_NAT_ORBS          | NO     | 2                  | 2                  
  | INT          | CC_DIIS_MAX_VECS         | NO     | 6                  | 6                  
  | INT          | CC_DIIS_MIN_VECS         | NO     | 2                  | 2                  
  | INT          | CC_MAXITER               | NO     | 50                 | 50                 
  | INT          | CUTOFF                   | NO     | 8                  | 8                  
  | INT          | EXCITATION_RANGE         | NO     | 2                  | 2                  
  | INT          | FOLLOW_ROOT              | NO     | 1                  | 1                  
  | INT          | INTEGRAL_CUTOFF          | NO     | 9                  | 9                  
  | INT          | MAX_VECS                 | NO     | 50                 | 50                 
  | INT          | MO_DIIS_NUM_VECS         | NO     | 6                  | 6                  
  | INT          | MO_MAXITER               | NO     | 50                 | 50                 
  | INT          | NUM_ROOTS                | NO     | 4                  | 4                  
  | INT          | PCG_MAXITER              | NO     | 50                 | 50                 
  | INT          | PRINT_LEVEL              | NO     | 0                  | 0                  
  | INT          | VECS_PER_ROOT            | NO     | 1                  | 1                  
  | STRING       | CC_LAMBDA                | NO     | FALSE              | FALSE              
  | STRING       | CHOLESKY                 | NO     | FALSE              | FALSE              
  | STRING       | CIS_ALGORITHM            | NO     | MO_BASIS           | MO_BASIS           
  | STRING       | CIS_GUESS_COEFF          | NO     | MIX                | MIX                
  | STRING       | COMPUT_S2                | NO     | FALSE              | FALSE              
  | STRING       | DIAG_METHOD              | NO     | DAVIDSON           | DAVIDSON           
  | STRING       | DO_DIIS                  | NO     | TRUE               | TRUE               
  | STRING       | DO_LEVEL_SHIFT           | NO     | TRUE               | TRUE               
  | STRING       | DO_SCS                   | NO     | FALSE              | FALSE              
  | STRING       | DO_SOS                   | NO     | FALSE              | FALSE              
  | STRING       | EKT_IP                   | NO     | FALSE              | FALSE              
  | STRING       | FREEZE_CORE              | NO     | TRUE               | TRUE               
  | STRING       | HESS_TYPE                | NO     | HF                 | HF                 
  | STRING       | JK_TYPE                  | NO     | DIRECT             | DIRECT             
  | STRING       | LINEQ_SOLVER             | NO     | CDGESV             | CDGESV             
  | STRING       | MO_READ                  | NO     | FALSE              | FALSE              
  | STRING       | MO_WRITE                 | NO     | FALSE              | FALSE              
  | STRING       | MP2_AMP_TYPE             | NO     | DIRECT             | DIRECT             
  | STRING       | NAT_ORBS                 | NO     | FALSE              | FALSE              
  | STRING       | NBO                      | NO     | TRUE               | TRUE               
  | STRING       | OCC_ORBS_PRINT           | NO     | FALSE              | FALSE              
  | STRING       | OEPROP                   | NO     | FALSE              | FALSE              
  | STRING       | OPT_METHOD               | NO     | QNR                | QNR                
  | STRING       | ORB_RESP_SOLVER          | NO     | PCG                | PCG                
  | STRING       | ORTH_TYPE                | NO     | MGS                | MGS                
  | STRING       | PCG_BETA_TYPE            | NO     | FLETCHER_REEVES    | FLETCHER_REEVES    
  | STRING       | PPL_TYPE                 | NO     | AUTO               | AUTO               
  | STRING       | PRINT_CI_VECS            | NO     | FALSE              | FALSE              
  | STRING       | QCHF                     | NO     | FALSE              | FALSE              
  | STRING       | READ_SCF_3INDEX          | NO     | TRUE               | TRUE               
  | STRING       | REGULARIZATION           | NO     | FALSE              | FALSE              
  | STRING       | REG_TYPE                 | NO     | NORMAL             | NORMAL             
  | STRING       | SCS_TYPE                 | NO     | SCS                | SCS                
  | STRING       | SOS_TYPE                 | NO     | SOS                | SOS                
  | STRING       | TRIPLES_IABC_TYPE        | NO     | DISK               | DISK               
  | STRING       | UNIT_GUESS_TYPE          | NO     | GEN                | GEN                
  | STRING       | EKT_NEGATIVE_OCC         | NO     | ABS                | ABS                
  | BOOL         | SOLVATION                | YES    | TRUE               | FALSE              

	MO spaces... 

	 FC   OCC   VIR   FV 
	----------------------
	  8   13    44    0
 CC-PVDZ primary basis set file will be read for the CL atom...
 CC-PVDZ primary basis set file will be read for the F atom...
 CC-PVDZ primary basis set file will be read for the C atom...
 CC-PVDZ primary basis set file will be read for the H atom...
 Nmaxthread: 24 
 Nshell: 29 
 Lmax:  2 
 Npmax: 11 
 Nao: 65 
 Ndocc: 21 
 Nsocc:  0 
 NoccA: 21 
 NoccB: 21 
 Primary basis set info has been read.

 CC-PVDZ-RI aux basis set file will be read for the CL atom...
 CC-PVDZ-RI aux basis set file will be read for the F atom...
 CC-PVDZ-RI aux basis set file will be read for the C atom...
 CC-PVDZ-RI aux basis set file will be read for the H atom...
 Nshell_aux: 84 
 Naux: 258 
 Aux basis set info has been read.

 Cpu time for Metric ints :       0.2300 s
 Wall time for Metric ints:       0.0574 s
 3-Index Algorithm: AUTO 

 Calling fortran integrals: ringing... 
 Done with fintegrals.

 Cpu time for 3-index ints :       1.1200 s
 Wall time for 3-index ints:       0.2780 s
 Cpu time for df-factors :       0.0400 s
 Wall time for df-factors:       0.0119 s
 CC-PVDZ primary basis set file will be read for the CL atom...
 CC-PVDZ primary basis set file will be read for the F atom...
 CC-PVDZ primary basis set file will be read for the C atom...
 CC-PVDZ primary basis set file will be read for the H atom...
 Nmaxthread: 24 
 Nshell: 29 
 Lmax:  2 
 Npmax: 11 
 Nao: 65 
 Ndocc: 21 
 Nsocc:  0 
 NoccA: 21 
 NoccB: 21 
 Primary basis set info has been read.

 CC-PVDZ-JKFIT aux basis set file will be read for the CL atom...
 CC-PVDZ-JKFIT aux basis set file will be read for the F atom...
 CC-PVDZ-JKFIT aux basis set file will be read for the C atom...
 CC-PVDZ-JKFIT aux basis set file will be read for the H atom...
 Nshell_aux: 117 
 Naux: 345 
 Aux basis set info has been read.

	Reading DF integrals from disk ...
 Cpu time for Metric ints :       0.4100 s
 Wall time for Metric ints:       0.1015 s
	Number of basis functions in the DF-HF basis: 345
	Number of basis functions in the DF-CC basis: 258

	Available memory                      :  30000.00 MB 
	Minimum required memory for amplitudes:      7.85 MB 
	Memory requirement for B-CC (Q|mu nu) :      8.72 MB 
	Memory requirement for B-CC (Q|ab)    :      4.00 MB 
	Memory requirement for DF-CC int trans:     14.62 MB 

	Computing DF-MP2 energy using SCF MOs (Canonical DF-MP2)... 
	======================================================================= 
	Nuclear Repulsion Energy (a.u.)    :   167.01141764526361
	DF-HF Energy (a.u.)                :  -696.83102675493990
	REF Energy (a.u.)                  :  -696.83102675493990
	DF-MP2 Correlation Energy (a.u.)   :    -0.64365388019172
	DF-MP2 Total Energy (a.u.)         :  -697.47468063513156
	======================================================================= 

	*Total MP2 Energy: -697.47468063513156

	Computing unrelaxed response density matrices...
	Number of independent-pairs: 924
	Computing the generalized Fock matrix (GFM)...
	Computing the orbital gradient...
	Forming effective orbital gradient...
	Solving orbital Z-vector equations...

	            PCG Solver 
	   ------------------------------ 
	Iter     RMS Z Vector        RMS Residual  
	----    ---------------    ---------------
	  1         1.17e-03         1.13e-03
	  2         5.12e-04         4.28e-04
	  3         1.79e-04         7.86e-05
	  4         3.48e-05         2.93e-05
	  5         1.39e-05         6.71e-06
	  6         3.58e-06         1.74e-06
	  7         5.71e-07         4.23e-07
	  8         1.95e-07         9.08e-08
	  9         4.48e-08         3.04e-08

	Computing the relaxed PDMs and GFM...
	Compute solv. is starting ...

	Initializing Liboeprop (by U. Bozkaya) ...


	-Mulliken Population Analysis for MP2-IAO:
	 1: -0.0119858950 	 2: -0.1768213758 	 3: -0.1771089459 	 4: 0.5344259253 	 5: 0.0554216076 


	-Lowdin Population Analysis for MP2-IAO:  
	 1: -0.0119858950 	 2: -0.1768213758 	 3: -0.1771089459 	 4: 0.5344259253 	 5: 0.0554216076 



  ## SOLVATION Options ##

  | TYPE         | KEY                      | INPUT? | VALUE              | DEFAULT            
  |--------------|--------------------------|--------|--------------------|--------------------
  | INT          | NUM_Z_POINTS             | NO     | 90                 | 90                 
  | INT          | NUM_ANG_POINTS           | YES    | 100                | 100                
  | STRING       | SASA_TYPE                | YES    | NUMERIC            | NUMERIC            
  | STRING       | CHARGE_TYPE              | YES    | IAO_MULLIKEN       | IAO_MULLIKEN       
  | STRING       | CDS_TYPE                 | YES    | SMD                | SMD                
  | STRING       | SOLVENT                  | YES    | WATER              | WATER              
  | STRING       | SOLVENT_PARAMS           | YES    | MN21               | SM8                
  | STRING       | DIELECTRIC_PARAMS        | YES    | MN21               | MN21               
  | STRING       | COULOMB_RADII            | YES    | SMD                | SMD                
  | DOUBLE       | COVALENT_VW_CONST        | NO     | 0.76               | 0.76               
  | DOUBLE       | SOLVENT_RADIUS           | NO     | 0.4                | 0.4                
  | STRING       | RADIUS_TYPE              | YES    | SMD                | SMD                
  | DOUBLE       | GB_DIJ                   | NO     | 3.7                | 3.7                
  | DOUBLE       | GB_SIJ                   | NO     | 0.75               | 0.75               
  | DOUBLE       | GB_CIJ                   | NO     | 0.0                | 0.0                
  | DOUBLE       | F_PWSASA                 | NO     | 0.4535             | 0.4535             
  | DOUBLE       | SCALE_VDW                | NO     | 1.0                | 1.0                
  | DOUBLE       | SCALE_CR                 | NO     | 1.0                | 1.0                



 Sasa Type                  : NUMERIC 
 Charge Type                : IAO_MULLIKEN 
 CDS Type                   : SMD 
 Radius Type                : SMD 
 Solvent                    : WATER 
 Solvent Parameters         : MN21 
 Dielectric Parameters      : MN21 
 Coulomb Radii Parameters   : SMD 
 GB d_ij parameter          : 3.7000000000 
 GB S_ij parameter          : 0.7500000000 
 GB C_ij parameter          : 0.0000000000 
 Sclae_vdw parameter        : 1.0000000000 
 Number of z-points         : 90 
 Number of angular points   : 100 
 Number of SASA grid points : 17902 
 Solvent Dielectric Constant: 78.3553000000 

 VDW Radii:
	  1 CL :       1.7500  ang
	  2 F :       1.4700  ang
	  3 F :       1.4700  ang
	  4 C :       1.7000  ang
	  5 H :       1.2000  ang

	 Computing SASA... 

 Atomic SASA values:
	  1 CL :      39.9497  ang^2
	  2 F :      24.1710  ang^2
	  3 F :      24.1710  ang^2
	  4 C :       4.4391  ang^2
	  5 H :      12.8629  ang^2

	*Total SASA (angs^2): 105.5938663469 


 Coulomb Radii:
	  1 CL :       2.3800  ang
	  2 F :       1.7300  ang
	  3 F :       1.7300  ang
	  4 C :       1.8500  ang
	  5 H :       1.2000  ang
 Solvent Alpha                       : 1.1700000000 

 ## Effective Born Radius (bohr) ##
   0   4.7543171008 
   1   3.8790573268 
   2   3.8790573268 
   3   3.9709912623 
   4   3.4171877793 

 Effective Born Radii:
	  1 CL :       2.5159  ang
	  2 F :       2.0527  ang
	  3 F :       2.0527  ang
	  4 C :       2.1014  ang
	  5 H :       1.8083  ang


 Coulomb Integrals:
	  1  1 :       0.2103  bohr^-1
	  1  2 :       0.1652  bohr^-1
	  1  3 :       0.1652  bohr^-1
	  1  4 :       0.1909  bohr^-1
	  1  5 :       0.1775  bohr^-1
	  2  1 :       0.1652  bohr^-1
	  2  2 :       0.2578  bohr^-1
	  2  3 :       0.1890  bohr^-1
	  2  4 :       0.2226  bohr^-1
	  2  5 :       0.2035  bohr^-1
	  3  1 :       0.1652  bohr^-1
	  3  2 :       0.1890  bohr^-1
	  3  3 :       0.2578  bohr^-1
	  3  4 :       0.2226  bohr^-1
	  3  5 :       0.2035  bohr^-1
	  4  1 :       0.1909  bohr^-1
	  4  2 :       0.2226  bohr^-1
	  4  3 :       0.2226  bohr^-1
	  4  4 :       0.2518  bohr^-1
	  4  5 :       0.2448  bohr^-1
	  5  1 :       0.1775  bohr^-1
	  5  2 :       0.2035  bohr^-1
	  5  3 :       0.2035  bohr^-1
	  5  4 :       0.2448  bohr^-1
	  5  5 :       0.2926  bohr^-1


	*Molecular contr. to CDS energy:       0.0000  kcal/mol
	*Total CDS energy:       2.9126  kcal/mol
	*MP2::Polarization Free Energy (au)      : -0.0107935729 
	*MP2::Polarization Free Energy (kcal/mol):      -6.7731 
	*MP2::CDS Free Energy (au)      : 0.0046414571 
	*MP2::CDS Free Energy (kcal/mol):       2.9126 
	*MP2::Total Solvation Free Energy (au)      : -0.0061521159 
	*MP2::Total Solvation Free Energy (kcal/mol):      -3.8605 
	GB-MP2 Total Energy (a.u.)         :  -697.48083275098440

	*Total GB-MP2 Energy: -697.47468063513156


 Cpu time for MacroQC :       0.8910 minutes
 Wall time for MacroQC:       0.2503 minutes


 ******************************************************************************************
	 MacroQC terminates normally:) 
 ****************************************************************************************** 

