 ==========================================================================================
 =========                __  ___                         ____  ______            =========
 ======                  /  |/  /___ _______________     / __ \/ ____/               ======
 ====                   / /|_/ / __ `/ ___/ ___/ __ \   / / / / /                      ====
 ===                   / /  / / /_/ / /__/ /  / /_/ /  / /_/ / /___                     ===
 ==                   /_/  /_/\__,_/\___/_/   \____/   \___\_\____/                      ==
 ===                                                                1.0.4                ===
 =====     An electronic structure theory software for large-scale applications       =====
 ======                                 See license.txt for license info             ======
 =========                                                                        =========
 ==========================================================================================
                                                                                           
                           * * * * * * * * * * * * * * * * * * * *                        
                           *            Developed by             *                        
                           *             U. Bozkaya              *                        
                           *                                     *                        
                           *       With contributions from:      *                        
                           *         B. Ermis, Y. Alagoz,        *                        
                           *         A. Unal, and A. K. Uyar     *                        
                           *         Git Version: deab493        *                        
                           *       Latest Revision: 2026-03-23   *                        
                           * * * * * * * * * * * * * * * * * * * *                        


 Run date: Wed Mar 25 11:33:29 2026
 
 Hostname: ub27 

 ## MacroQC input file ##
 ******************************************************************************************
$set_molecule
0 1
C       0.0004567893     0.0002676773     0.3721193307
C       1.4468934517     0.1794856589    -0.0955910737
C      -0.8790867685     1.1625691589    -0.0955771469
C      -0.5678424512    -1.3420296340    -0.0955074177
H       0.0003751706    -0.0001992262     1.4675094356
H       1.5015676269     0.1901863065    -1.1874353858
H       1.8689010495     1.1190479841     0.2659971691
H       2.0846435139    -0.6319968313     0.2603199052
H      -0.9105656630     1.2094027911    -1.1873332197
H      -0.5004777873     2.1200292959     0.2666902102
H      -1.9047850386     1.0516058449     0.2609626828
H      -0.5887017243    -1.3958535938    -1.1872265158
H      -1.5887602069    -1.4869306476     0.2624031192
H       0.0352769312    -2.1770490901     0.2654504447
$end_molecule


$set_globals
   basis cc-pvdz
  method mp2
  reference rhf
  jobtype energy
  memory 30000
$end_globals


$set_scf
  e_convergence 1.0e-8
  d_convergence 1.0e-6
  guess sad
  solvation true
$end_scf


$set_solvation
  cds_type smd
  radius_type smd
  solvent_params mn21
  dielectric_params mn21 #sm8
  sasa_type numeric
  solvent water
  num_ang_points 100
  charge_type iao_mulliken #iao_lowdin, mulliken, lowdin
  coulomb_radii smd
$end_solvation

$set_dfocc
solvation true
$end_dfocc

 ******************************************************************************************


	-Geometry before Center-of-Mass shift (ang): 
	 Number     Atom               X                    Y                       Z  
	 ---------------------------------------------------------------------------------------
           1     C             0.0004567893          0.0002676773           0.3721193307  
           2     C             1.4468934517          0.1794856589          -0.0955910737  
           3     C            -0.8790867685          1.1625691589          -0.0955771469  
           4     C            -0.5678424512         -1.3420296340          -0.0955074177  
           5     H             0.0003751706         -0.0001992262           1.4675094356  
           6     H             1.5015676269          0.1901863065          -1.1874353858  
           7     H             1.8689010495          1.1190479841           0.2659971691  
           8     H             2.0846435139         -0.6319968313           0.2603199052  
           9     H            -0.9105656630          1.2094027911          -1.1873332197  
          10     H            -0.5004777873          2.1200292959           0.2666902102  
          11     H            -1.9047850386          1.0516058449           0.2609626828  
          12     H            -0.5887017243         -1.3958535938          -1.1872265158  
          13     H            -1.5887602069         -1.4869306476           0.2624031192  
          14     H             0.0352769312         -2.1770490901           0.2654504447  



	-Geometry after Center-of-Mass shift (ang): 
	 Atom               X                    Y                       Z  
	 -------------------------------------------------------------------
     C           0.0004136344          0.0002376589           0.3633613093  
     C           1.4468502968          0.1794556405          -0.1043490951  
     C          -0.8791299234          1.1625391405          -0.1043351683  
     C          -0.5678856061         -1.3420596524          -0.1042654391  
     H           0.0003320157         -0.0002292446           1.4587514142  
     H           1.5015244720          0.1901562881          -1.1961934072  
     H           1.8688578946          1.1190179657           0.2572391477  
     H           2.0846003590         -0.6320268497           0.2515618838  
     H          -0.9106088179          1.2093727727          -1.1960912411  
     H          -0.5005209422          2.1199992775           0.2579321888  
     H          -1.9048281935          1.0515758265           0.2522046614  
     H          -0.5887448792         -1.3958836122          -1.1959845372  
     H          -1.5888033618         -1.4869606660           0.2536450978  
     H           0.0352337763         -2.1770791085           0.2566924233  


	-Geometry after Center-of-Mass shift (bohr): 
	 Atom               X                    Y                       Z  
	 -------------------------------------------------------------------
     C           0.0007816557          0.0004491102           0.6866533593  
     C           2.7341508055          0.3391220122          -0.1971912111  
     C          -1.6613147839          2.1968805856          -0.1971648933  
     C          -1.0731482661         -2.5361251871          -0.1970331242  
     H           0.0006274188         -0.0004332095           2.7566406580  
     H           2.8374700228          0.3593433055          -2.2604779326  
     H           3.5316295882          2.1146374846           0.4861115380  
     H           3.9393237596         -1.1943576499           0.4753830641  
     H          -1.7208012732          2.2853833240          -2.2602848667  
     H          -0.9458475008          4.0062180206           0.4874211959  
     H          -3.5996036017          1.9871903122           0.4765977377  
     H          -1.1125665794         -2.6378377301          -2.2600832255  
     H          -3.0024032210         -2.8099484181           0.4793197680  
     H           0.0665821876         -4.1140832685           0.4850783786  


    Rotational Constants: A =     0.25997  B =     0.25969  C =      0.15040 [cm^-1] 
    Rotor Type: SYMMETRIC 

	-Nuclear Dipole Moment: (e a0)  
	 X:  -0.00277   Y:  -0.00193   Z:  -0.56271   Total:  0.56272 

	-Nuclear Dipole Moment: (D)  
	 X:  -0.00705   Y:  -0.00490   Z:  -1.43026   Total:  1.43029 


    Nuclear repulsion energy (V_NN)              : 134.554199239409 
   =====================================================
   Charge                : 0 
   Multiplicity          : 1 
   Number of Atoms       : 14 
   Number of Ghost Atoms : 0 
   Number of Electrons   : 34 
   Number of alpha occupied orbitals (NoccA)  : 17 
   Number of beta occupied orbitals (NoccB)   : 17 
   Number of singly occupied orbitals (Nsocc) : 0 
   Number of doubly occupied orbitals (Ndocc) : 17 
   =====================================================



  ## GLOBALS Options ##

  | TYPE         | KEY                      | INPUT? | VALUE              | DEFAULT            
  |--------------|--------------------------|--------|--------------------|--------------------
  | BOOL         | ERI_DISK                 | NO     | FALSE              | FALSE              
  | BOOL         | FREEZE_CORE              | NO     | TRUE               | TRUE               
  | BOOL         | MOL_FRAG                 | NO     | FALSE              | FALSE              
  | BOOL         | NOCOM                    | NO     | FALSE              | FALSE              
  | BOOL         | NOREORIENT               | NO     | TRUE               | TRUE               
  | BOOL         | PUREAM                   | NO     | TRUE               | TRUE               
  | BOOL         | ML                       | NO     | FALSE              | FALSE              
  | BOOL         | READ_PDB                 | NO     | FALSE              | FALSE              
  | BOOL         | TEST_MODE                | NO     | FALSE              | FALSE              
  | INT          | DERIVE_LEVEL             | NO     | 0                  | 0                  
  | INT          | FINDIF_POINTS            | NO     | 3                  | 3                  
  | INT          | MEMORY                   | YES    | 30000              | 2000               
  | INT          | NUM_THREADS              | NO     | 1                  | 1                  
  | INT          | NUM_FROZEN_DOCC          | NO     | 0                  | 0                  
  | INT          | NUM_FROZEN_VIR           | NO     | 0                  | 0                  
  | INT          | PRINT_LEVEL              | NO     | 0                  | 0                  
  | STRING       | AUX_BASIS_CORR           | NO     | CC-PVDZ-RI         | CC-PVDZ-RI         
  | STRING       | AUX_BASIS_SCF            | NO     | CC-PVDZ-JKFIT      | CC-PVDZ-JKFIT      
  | STRING       | BASIS                    | YES    | CC-PVDZ            | CC-PVDZ            
  | STRING       | BASIS2                   | NO     | MINAO              | MINAO              
  | STRING       | DERIVE_TYPE              | NO     | ANALYTIC           | ANALYTIC           
  | STRING       | FINDIF_METHOD            | NO     | GRAD               | GRAD               
  | STRING       | GEOM_UNITS               | NO     | ANG                | ANG                
  | STRING       | JOBTYPE                  | YES    | ENERGY             | ENERGY             
  | STRING       | METHOD                   | YES    | MP2                | SCF                
  | STRING       | REFERENCE                | YES    | RHF                | RHF                
  | STRING       | OUTFILE_MODE             | NO     | NEW                | NEW                
  | DOUBLE       | STEP_BOHR                | NO     | 0.05               | 0.05               
  | STR_ARRAY    | MOLECULE_GEOM_FROM       | NO     | [input]            | [input]            
  | DOUBLE_ARRAY | ELECTRIC_STRENGTH        | NO     | [0.001;0.001;0.001]| [0.001;0.001;0.001]
  | STRING       | ELECTRIC_FIELD           | NO     | NONE               | NONE               
  | STRING       | ALIGN_TWO_ATOMS          | NO     | NONE               | NONE               
  | INT_ARRAY    | TWO_ATOMS                | NO     | [0]                | [0]                



  ## INTS Options ##

  | TYPE         | KEY                      | INPUT? | VALUE              | DEFAULT            
  |--------------|--------------------------|--------|--------------------|--------------------
  | DOUBLE       | BOYS_CUTOFF              | NO     | 1e-15              | 1e-15              
  | DOUBLE       | BOYS_ZERO                | NO     | 1e-06              | 1e-06              
  | DOUBLE       | DELTA_X                  | NO     | 0.1                | 0.1                
  | DOUBLE       | INTEGRAL_CUTOFF          | NO     | 1e-10              | 1e-10              
  | DOUBLE       | X_MAX                    | NO     | 30.0               | 30.0               
  | INT          | BOYS_MAXITER             | NO     | 10000              | 10000              
  | INT          | MAX_AM                   | NO     | 7                  | 7                  
  | INT          | MAX_AM_AUX               | NO     | 7                  | 7                  
  | INT          | PRINT_LEVEL              | NO     | 0                  | 0                  
  | INT          | TAYLOR_ORDER             | NO     | 6                  | 6                  
  | STRING       | 3INDEX_ALGORITHM         | NO     | AUTO               | AUTO               
  | STRING       | BOYS_METHOD              | NO     | GHP                | GHP                
  | STRING       | ERI_ALGORITHM            | NO     | MD4                | MD4                


	Initializing Liboeprop (by U. Bozkaya) ...

	*=================================================================*
	*                  SCF                                            *
	*   Developed by U. Bozkaya & Y. Alagoz                           *
	*   Latest revision Feb 16, 2021                                  *
	*=================================================================*



  ## SCF Options ##

  | TYPE         | KEY                      | INPUT? | VALUE              | DEFAULT            
  |--------------|--------------------------|--------|--------------------|--------------------
  | BOOL         | DIIS_DAMP                | NO     | FALSE              | FALSE              
  | BOOL         | DIE_IF_NOT_CONVERGED     | NO     | TRUE               | TRUE               
  | BOOL         | DO_DF                    | NO     | TRUE               | TRUE               
  | BOOL         | DIIS                     | NO     | TRUE               | TRUE               
  | BOOL         | FOCK_DAMP                | NO     | FALSE              | FALSE              
  | BOOL         | GUESS_MIX                | NO     | FALSE              | FALSE              
  | BOOL         | GUESS_PREVIOUS           | NO     | FALSE              | FALSE              
  | BOOL         | LOCAL                    | NO     | FALSE              | FALSE              
  | BOOL         | RETRY                    | NO     | TRUE               | TRUE               
  | DOUBLE       | CUTOFF                   | NO     | 1e-10              | 1e-10              
  | DOUBLE       | D_CONVERGENCE            | YES    | 1e-06              | 1e-06              
  | DOUBLE       | DAMP_PARAM               | NO     | 0.02               | 0.02               
  | DOUBLE       | E_CONVERGENCE            | YES    | 1e-08              | 1e-08              
  | DOUBLE       | FOCK_DAMP_PERC           | NO     | 20.0               | 20.0               
  | DOUBLE       | MIN_OVERLAP_EIGVAL       | NO     | 1e-06              | 1e-06              
  | DOUBLE       | LOCAL_CONVERGENCE        | NO     | 1e-08              | 1e-08              
  | DOUBLE       | QC_GUESS_E_CONVERGENCE   | NO     | 0.0001             | 0.0001             
  | DOUBLE       | QC_GUESS_D_CONVERGENCE   | NO     | 0.005              | 0.005              
  | INT          | MAX_DIIS                 | NO     | 6                  | 6                  
  | INT          | MIN_DIIS                 | NO     | 2                  | 2                  
  | INT          | PRINT_LEVEL              | NO     | 0                  | 0                  
  | INT          | SCF_MAXITER              | NO     | 50                 | 50                 
  | INT          | LOCAL_MAXITER            | NO     | 50                 | 50                 
  | STRING       | DIIS_ALGORITHM           | NO     | DISK               | DISK               
  | STRING       | GUESS                    | YES    | SAD                | SAD                
  | BOOL         | MO_WRITE                 | NO     | FALSE              | FALSE              
  | BOOL         | FOCK_WRITE               | NO     | FALSE              | FALSE              
  | STRING       | ORTH_TYPE                | NO     | CANONICAL          | CANONICAL          
  | STRING       | ROHF_CANONIC_TYPE        | NO     | GUEST              | GUEST              
  | STRING       | ERI                      | NO     | INCORE             | INCORE             
  | STRING       | SCF_ALGORITHM            | NO     | ROOTHAAN           | ROOTHAAN           
  | STRING       | LOCAL_TYPE               | NO     | BOYS               | BOYS               
  | BOOL         | SAD_FRAC_OCC             | NO     | TRUE               | TRUE               
  | BOOL         | SAD_SPIN_AVERAGE         | NO     | TRUE               | TRUE               
  | DOUBLE       | SAD_E_CONVERGENCE        | NO     | 1e-05              | 1e-05              
  | DOUBLE       | SAD_D_CONVERGENCE        | NO     | 1e-05              | 1e-05              
  | INT          | SAD_MAXITER              | NO     | 50                 | 50                 
  | BOOL         | NIE                      | NO     | FALSE              | FALSE              
  | BOOL         | SAD_DIIS                 | NO     | TRUE               | TRUE               
  | INT          | SAD_MAX_DIIS             | NO     | 6                  | 6                  
  | INT          | SAD_MIN_DIIS             | NO     | 2                  | 2                  
  | INT          | SAD_PRINT                | NO     | 0                  | 0                  
  | STRING       | SAD_AUX_BASIS            | NO     | SAD-FIT            | SAD-FIT            
  | DOUBLE       | SAD_CHOLESKY_TOLERANCE   | NO     | 1e-07              | 1e-07              
  | BOOL         | SOLVATION                | YES    | TRUE               | FALSE              
  | BOOL         | BYPASS                   | NO     | FALSE              | FALSE              
  | STRING       | IAO_TYPE                 | NO     | STANDARD2013       | STANDARD2013       
  | BOOL         | USE_IAOS                 | NO     | FALSE              | FALSE              

	Initializing libdiis ...
	Initializing libmolint 1.1 ...
 CC-PVDZ primary basis set file will be read for the C atom...
 CC-PVDZ primary basis set file will be read for the H atom...
 Nmaxthread: 20 
 Nshell: 54 
 Lmax:  2 
 Npmax:  8 
 Nao: 106 
 Ndocc: 17 
 Nsocc:  0 
 NoccA: 17 
 NoccB: 17 
 Primary basis set info has been read.

 CC-PVDZ-JKFIT aux basis set file will be read for the C atom...
 CC-PVDZ-JKFIT aux basis set file will be read for the H atom...
 Nshell_aux: 186 
 Naux: 510 
 Aux basis set info has been read.

 orth_type: CANONICAL 
 Cpu time for S ints :       0.0200 s
 Wall time for S ints:       0.0154 s

 Using canonical orthogonalization. 
 Minimum eigenvalue in the overlap matrix is:   4.6883E-03 

 Cpu time for T ints :       0.1100 s
 Wall time for T ints:       0.0281 s
 Cpu time for V ints :       0.8200 s
 Wall time for V ints:       0.2401 s
 Cpu time for Metric ints :       1.3800 s
 Wall time for Metric ints:       0.4727 s
 3-Index Algorithm: AUTO 

 Calling fortran integrals: ringing... 
 Done with fintegrals.

 Cpu time for 3-index ints :       3.5600 s
 Wall time for 3-index ints:       1.3882 s
 Cpu time for df-factors :       0.4700 s
 Wall time for df-factors:       0.1230 s


 Puream (True=1, False=0) : 1
 Number of AO             : 106
 Number of MO             : 106
 Number of Aux Functions  : 510
 Charge                   : 0
 Multiplicity             : 1
 Alpha OCC                : 17
 Beta OCC                 : 17
 Nuclear Repulsion Energy : 134.55419924
 Energy Treshold          : 1.0e-08
 Density Treshold         : 1.0e-06
 Iteration Limit          : 50
 Guess                    : SAD
 Guess Mix                : false
 Diis                     : true
 Diis Damping             : false
 Diis Damp Parameter      : 0.02
 Diis Algorithm           : DISK
 Cutoff Treshold          : 1.0e-10
 Density Fitting          : true
 Reference                : RHF
 Die If Not Converged     : true
 Print Level              : 0
 ERI Algorithm            : INCORE
 SCF Algorithm            : ROOTHAAN




  ## SOLVATION Options ##

  | TYPE         | KEY                      | INPUT? | VALUE              | DEFAULT            
  |--------------|--------------------------|--------|--------------------|--------------------
  | INT          | NUM_Z_POINTS             | NO     | 90                 | 90                 
  | INT          | NUM_ANG_POINTS           | YES    | 100                | 100                
  | STRING       | SASA_TYPE                | YES    | NUMERIC            | NUMERIC            
  | STRING       | CHARGE_TYPE              | YES    | IAO_MULLIKEN       | IAO_MULLIKEN       
  | STRING       | CDS_TYPE                 | YES    | SMD                | SMD                
  | STRING       | SOLVENT                  | YES    | WATER              | WATER              
  | STRING       | SOLVENT_PARAMS           | YES    | MN21               | SM8                
  | STRING       | DIELECTRIC_PARAMS        | YES    | MN21               | MN21               
  | STRING       | COULOMB_RADII            | YES    | SMD                | SMD                
  | DOUBLE       | COVALENT_VW_CONST        | NO     | 0.76               | 0.76               
  | DOUBLE       | SOLVENT_RADIUS           | NO     | 0.4                | 0.4                
  | STRING       | RADIUS_TYPE              | YES    | SMD                | SMD                
  | DOUBLE       | GB_DIJ                   | NO     | 3.7                | 3.7                
  | DOUBLE       | GB_SIJ                   | NO     | 0.75               | 0.75               
  | DOUBLE       | GB_CIJ                   | NO     | 0.0                | 0.0                
  | DOUBLE       | F_PWSASA                 | NO     | 0.4535             | 0.4535             
  | DOUBLE       | SCALE_VDW                | NO     | 1.0                | 1.0                
  | DOUBLE       | SCALE_CR                 | NO     | 1.0                | 1.0                



 Sasa Type                  : NUMERIC 
 Charge Type                : IAO_MULLIKEN 
 CDS Type                   : SMD 
 Radius Type                : SMD 
 Solvent                    : WATER 
 Solvent Parameters         : MN21 
 Dielectric Parameters      : MN21 
 Coulomb Radii Parameters   : SMD 
 GB d_ij parameter          : 3.7000000000 
 GB S_ij parameter          : 0.7500000000 
 GB C_ij parameter          : 0.0000000000 
 Sclae_vdw parameter        : 1.0000000000 
 Number of z-points         : 90 
 Number of angular points   : 100 
 Number of SASA grid points : 17902 
 Solvent Dielectric Constant: 78.3553000000 

 VDW Radii:
	  1 C :       1.7000  ang
	  2 C :       1.7000  ang
	  3 C :       1.7000  ang
	  4 C :       1.7000  ang
	  5 H :       1.2000  ang
	  6 H :       1.2000  ang
	  7 H :       1.2000  ang
	  8 H :       1.2000  ang
	  9 H :       1.2000  ang
	 10 H :       1.2000  ang
	 11 H :       1.2000  ang
	 12 H :       1.2000  ang
	 13 H :       1.2000  ang
	 14 H :       1.2000  ang

	 Computing SASA... 

 Atomic SASA values:
	  1 C :       1.1423  ang^2
	  2 C :       7.9124  ang^2
	  3 C :       7.9155  ang^2
	  4 C :       7.9124  ang^2
	  5 H :      12.0812  ang^2
	  6 H :      11.5439  ang^2
	  7 H :      12.0561  ang^2
	  8 H :      12.0363  ang^2
	  9 H :      11.5511  ang^2
	 10 H :      12.0723  ang^2
	 11 H :      12.0022  ang^2
	 12 H :      11.5655  ang^2
	 13 H :      12.0130  ang^2
	 14 H :      12.0615  ang^2

	*Total SASA (angs^2): 143.8655696193 


 Coulomb Radii:
	  1 C :       1.8500  ang
	  2 C :       1.8500  ang
	  3 C :       1.8500  ang
	  4 C :       1.8500  ang
	  5 H :       1.2000  ang
	  6 H :       1.2000  ang
	  7 H :       1.2000  ang
	  8 H :       1.2000  ang
	  9 H :       1.2000  ang
	 10 H :       1.2000  ang
	 11 H :       1.2000  ang
	 12 H :       1.2000  ang
	 13 H :       1.2000  ang
	 14 H :       1.2000  ang
 Solvent Alpha                       : 1.1700000000 

 ## Effective Born Radius (bohr) ##
   0   4.5095920949 
   1   4.1599606944 
   2   4.1603424668 
   3   4.1605210215 
   4   3.6064770999 
   5   3.3007403015 
   6   3.2204354709 
   7   3.2210491438 
   8   3.3005254204 
   9   3.2201208513 
  10   3.2232479086 
  11   3.2998177540 
  12   3.2229062219 
  13   3.2211784498 

 Effective Born Radii:
	  1 C :       2.3864  ang
	  2 C :       2.2014  ang
	  3 C :       2.2016  ang
	  4 C :       2.2017  ang
	  5 H :       1.9085  ang
	  6 H :       1.7467  ang
	  7 H :       1.7042  ang
	  8 H :       1.7045  ang
	  9 H :       1.7466  ang
	 10 H :       1.7040  ang
	 11 H :       1.7057  ang
	 12 H :       1.7462  ang
	 13 H :       1.7055  ang
	 14 H :       1.7046  ang


 Coulomb Integrals:
	  1  1 :       0.2217  bohr^-1
	  1  2 :       0.2000  bohr^-1
	  1  3 :       0.2000  bohr^-1
	  1  4 :       0.2000  bohr^-1
	  1  5 :       0.2269  bohr^-1
	  1  6 :       0.1896  bohr^-1
	  1  7 :       0.1905  bohr^-1
	  1  8 :       0.1904  bohr^-1
	  1  9 :       0.1896  bohr^-1
	  1 10 :       0.1905  bohr^-1
	  1 11 :       0.1905  bohr^-1
	  1 12 :       0.1895  bohr^-1
	  1 13 :       0.1905  bohr^-1
	  1 14 :       0.1905  bohr^-1
	  2  1 :       0.2000  bohr^-1
	  2  2 :       0.2404  bohr^-1
	  2  3 :       0.1693  bohr^-1
	  2  4 :       0.1693  bohr^-1
	  2  5 :       0.1907  bohr^-1
	  2  6 :       0.2433  bohr^-1
	  2  7 :       0.2458  bohr^-1
	  2  8 :       0.2458  bohr^-1
	  2  9 :       0.1671  bohr^-1
	  2 10 :       0.1687  bohr^-1
	  2 11 :       0.1430  bohr^-1
	  2 12 :       0.1670  bohr^-1
	  2 13 :       0.1430  bohr^-1
	  2 14 :       0.1687  bohr^-1
	  3  1 :       0.2000  bohr^-1
	  3  2 :       0.1693  bohr^-1
	  3  3 :       0.2404  bohr^-1
	  3  4 :       0.1693  bohr^-1
	  3  5 :       0.1907  bohr^-1
	  3  6 :       0.1671  bohr^-1
	  3  7 :       0.1687  bohr^-1
	  3  8 :       0.1430  bohr^-1
	  3  9 :       0.2433  bohr^-1
	  3 10 :       0.2458  bohr^-1
	  3 11 :       0.2457  bohr^-1
	  3 12 :       0.1670  bohr^-1
	  3 13 :       0.1689  bohr^-1
	  3 14 :       0.1430  bohr^-1
	  4  1 :       0.2000  bohr^-1
	  4  2 :       0.1693  bohr^-1
	  4  3 :       0.1693  bohr^-1
	  4  4 :       0.2404  bohr^-1
	  4  5 :       0.1907  bohr^-1
	  4  6 :       0.1670  bohr^-1
	  4  7 :       0.1430  bohr^-1
	  4  8 :       0.1688  bohr^-1
	  4  9 :       0.1670  bohr^-1
	  4 10 :       0.1430  bohr^-1
	  4 11 :       0.1690  bohr^-1
	  4 12 :       0.2433  bohr^-1
	  4 13 :       0.2457  bohr^-1
	  4 14 :       0.2458  bohr^-1
	  5  1 :       0.2269  bohr^-1
	  5  2 :       0.1907  bohr^-1
	  5  3 :       0.1907  bohr^-1
	  5  4 :       0.1907  bohr^-1
	  5  5 :       0.2773  bohr^-1
	  5  6 :       0.1603  bohr^-1
	  5  7 :       0.1856  bohr^-1
	  5  8 :       0.1854  bohr^-1
	  5  9 :       0.1603  bohr^-1
	  5 10 :       0.1856  bohr^-1
	  5 11 :       0.1855  bohr^-1
	  5 12 :       0.1602  bohr^-1
	  5 13 :       0.1855  bohr^-1
	  5 14 :       0.1856  bohr^-1
	  6  1 :       0.1896  bohr^-1
	  6  2 :       0.2433  bohr^-1
	  6  3 :       0.1671  bohr^-1
	  6  4 :       0.1670  bohr^-1
	  6  5 :       0.1603  bohr^-1
	  6  6 :       0.3030  bohr^-1
	  6  7 :       0.2287  bohr^-1
	  6  8 :       0.2286  bohr^-1
	  6  9 :       0.1813  bohr^-1
	  6 10 :       0.1591  bohr^-1
	  6 11 :       0.1355  bohr^-1
	  6 12 :       0.1811  bohr^-1
	  6 13 :       0.1354  bohr^-1
	  6 14 :       0.1590  bohr^-1
	  7  1 :       0.1905  bohr^-1
	  7  2 :       0.2458  bohr^-1
	  7  3 :       0.1687  bohr^-1
	  7  4 :       0.1430  bohr^-1
	  7  5 :       0.1856  bohr^-1
	  7  6 :       0.2287  bohr^-1
	  7  7 :       0.3105  bohr^-1
	  7  8 :       0.2301  bohr^-1
	  7  9 :       0.1591  bohr^-1
	  7 10 :       0.1850  bohr^-1
	  7 11 :       0.1365  bohr^-1
	  7 12 :       0.1354  bohr^-1
	  7 13 :       0.1206  bohr^-1
	  7 14 :       0.1366  bohr^-1
	  8  1 :       0.1904  bohr^-1
	  8  2 :       0.2458  bohr^-1
	  8  3 :       0.1430  bohr^-1
	  8  4 :       0.1688  bohr^-1
	  8  5 :       0.1854  bohr^-1
	  8  6 :       0.2286  bohr^-1
	  8  7 :       0.2301  bohr^-1
	  8  8 :       0.3105  bohr^-1
	  8  9 :       0.1355  bohr^-1
	  8 10 :       0.1365  bohr^-1
	  8 11 :       0.1206  bohr^-1
	  8 12 :       0.1592  bohr^-1
	  8 13 :       0.1366  bohr^-1
	  8 14 :       0.1852  bohr^-1
	  9  1 :       0.1896  bohr^-1
	  9  2 :       0.1671  bohr^-1
	  9  3 :       0.2433  bohr^-1
	  9  4 :       0.1670  bohr^-1
	  9  5 :       0.1603  bohr^-1
	  9  6 :       0.1813  bohr^-1
	  9  7 :       0.1591  bohr^-1
	  9  8 :       0.1355  bohr^-1
	  9  9 :       0.3030  bohr^-1
	  9 10 :       0.2287  bohr^-1
	  9 11 :       0.2286  bohr^-1
	  9 12 :       0.1810  bohr^-1
	  9 13 :       0.1592  bohr^-1
	  9 14 :       0.1354  bohr^-1
	 10  1 :       0.1905  bohr^-1
	 10  2 :       0.1687  bohr^-1
	 10  3 :       0.2458  bohr^-1
	 10  4 :       0.1430  bohr^-1
	 10  5 :       0.1856  bohr^-1
	 10  6 :       0.1591  bohr^-1
	 10  7 :       0.1850  bohr^-1
	 10  8 :       0.1365  bohr^-1
	 10  9 :       0.2287  bohr^-1
	 10 10 :       0.3105  bohr^-1
	 10 11 :       0.2301  bohr^-1
	 10 12 :       0.1354  bohr^-1
	 10 13 :       0.1368  bohr^-1
	 10 14 :       0.1206  bohr^-1
	 11  1 :       0.1905  bohr^-1
	 11  2 :       0.1430  bohr^-1
	 11  3 :       0.2457  bohr^-1
	 11  4 :       0.1690  bohr^-1
	 11  5 :       0.1855  bohr^-1
	 11  6 :       0.1355  bohr^-1
	 11  7 :       0.1365  bohr^-1
	 11  8 :       0.1206  bohr^-1
	 11  9 :       0.2286  bohr^-1
	 11 10 :       0.2301  bohr^-1
	 11 11 :       0.3102  bohr^-1
	 11 12 :       0.1593  bohr^-1
	 11 13 :       0.1856  bohr^-1
	 11 14 :       0.1368  bohr^-1
	 12  1 :       0.1895  bohr^-1
	 12  2 :       0.1670  bohr^-1
	 12  3 :       0.1670  bohr^-1
	 12  4 :       0.2433  bohr^-1
	 12  5 :       0.1602  bohr^-1
	 12  6 :       0.1811  bohr^-1
	 12  7 :       0.1354  bohr^-1
	 12  8 :       0.1592  bohr^-1
	 12  9 :       0.1810  bohr^-1
	 12 10 :       0.1354  bohr^-1
	 12 11 :       0.1593  bohr^-1
	 12 12 :       0.3030  bohr^-1
	 12 13 :       0.2287  bohr^-1
	 12 14 :       0.2287  bohr^-1
	 13  1 :       0.1905  bohr^-1
	 13  2 :       0.1430  bohr^-1
	 13  3 :       0.1689  bohr^-1
	 13  4 :       0.2457  bohr^-1
	 13  5 :       0.1855  bohr^-1
	 13  6 :       0.1354  bohr^-1
	 13  7 :       0.1206  bohr^-1
	 13  8 :       0.1366  bohr^-1
	 13  9 :       0.1592  bohr^-1
	 13 10 :       0.1368  bohr^-1
	 13 11 :       0.1856  bohr^-1
	 13 12 :       0.2287  bohr^-1
	 13 13 :       0.3103  bohr^-1
	 13 14 :       0.2301  bohr^-1
	 14  1 :       0.1905  bohr^-1
	 14  2 :       0.1687  bohr^-1
	 14  3 :       0.1430  bohr^-1
	 14  4 :       0.2458  bohr^-1
	 14  5 :       0.1856  bohr^-1
	 14  6 :       0.1590  bohr^-1
	 14  7 :       0.1366  bohr^-1
	 14  8 :       0.1852  bohr^-1
	 14  9 :       0.1354  bohr^-1
	 14 10 :       0.1206  bohr^-1
	 14 11 :       0.1368  bohr^-1
	 14 12 :       0.2287  bohr^-1
	 14 13 :       0.2301  bohr^-1
	 14 14 :       0.3104  bohr^-1
    ===> SCF Iteration Started <===

     Iter. |                   Energy |       Delta E |          Drms |
    -------|--------------------------|---------------|---------------|
         1 |      -156.69582420186211 |    -1.567e+02 |     1.521e-02 |
         2 |      -157.16361337203941 |    -4.678e-01 |     3.452e-03 | DIIS
         3 |      -157.28804960667318 |    -1.244e-01 |     1.389e-03 | DIIS
         4 |      -157.30902358474256 |    -2.097e-02 |     4.798e-04 | DIIS
         5 |      -157.31037172033101 |    -1.348e-03 |     9.600e-05 | DIIS
         6 |      -157.31041439961521 |    -4.268e-05 |     2.093e-05 | DIIS
         7 |      -157.31041513584361 |    -7.362e-07 |     5.113e-06 | DIIS
         8 |      -157.31041534716476 |    -2.113e-07 |     9.731e-07 | DIIS
         9 |      -157.31041532663667 |     2.053e-08 |     4.250e-07 | DIIS
        10 |      -157.31041532310306 |     3.534e-09 |     9.776e-08 | DIIS


	-Alpha Occupied Orbital Energies (au):  
	 1: -11.1996592130 	 2: -11.1880671321 	 3: -11.1877368394 	 4: -11.1876267952 	 5: -1.0529589801 
	 6: -0.8998296948 	 7: -0.8996366782 	 8: -0.7390925391 	 9: -0.6020156792 	10: -0.5615102993 
	11: -0.5609034288 	12: -0.5046932729 	13: -0.5044344644 	14: -0.4820726254 	15: -0.4342417688 
	16: -0.4340612767 	17: -0.4297541549 
	-Alpha Virtual Orbital Energies (au):  
	18: 0.1940170010 	19: 0.2369997532 	20: 0.2458841923 	21: 0.2460533927 	22: 0.2739807796 
	23: 0.2741809044 	24: 0.2782544342 	25: 0.3190821000 	26: 0.3193163729 	27: 0.3379950117 
	28: 0.3729463403 	29: 0.4221262689 	30: 0.4223130980 	31: 0.5699267682 	32: 0.5702458192 
	33: 0.6055641962 	34: 0.6285331816 	35: 0.6286615945 	36: 0.7654718936 	37: 0.7884324527 
	38: 0.7887653014 	39: 0.8424276517 	40: 0.8685834674 	41: 0.8873016802 	42: 0.8873810324 
	43: 0.9089791409 	44: 0.9093392181 	45: 0.9162003789 	46: 0.9277894169 	47: 0.9279073984 
	48: 0.9297722539 	49: 0.9498362644 	50: 0.9685834478 	51: 0.9888332702 	52: 0.9894346665 
	53: 1.1344212370 	54: 1.1345246173 	55: 1.1578712147 	56: 1.3640450823 	57: 1.3988129937 
	58: 1.3991920617 	59: 1.5390997743 	60: 1.5400872748 	61: 1.6585519327 	62: 1.6596090435 
	63: 1.6880363549 	64: 1.6969549840 	65: 1.6971395847 	66: 1.7036442603 	67: 1.7042915269 
	68: 1.8397636150 	69: 1.8398443094 	70: 1.8609204285 	71: 1.9337115703 	72: 1.9339238427 
	73: 1.9608534198 	74: 1.9615770088 	75: 1.9884219412 	76: 1.9894325267 	77: 1.9899628707 
	78: 2.0013220957 	79: 2.0446771826 	80: 2.0622097584 	81: 2.1001998631 	82: 2.1007673981 
	83: 2.1287890370 	84: 2.2531279585 	85: 2.2536557735 	86: 2.3080064575 	87: 2.3084497190 
	88: 2.3523833105 	89: 2.3661458327 	90: 2.3663155789 	91: 2.4868407339 	92: 2.5589288378 
	93: 2.6074789563 	94: 2.6085384860 	95: 2.7267619126 	96: 2.7278737185 	97: 2.7470705699 
	98: 2.7806760032 	99: 2.7809555809 	100: 2.7879706228 	101: 2.8365874719 	102: 2.8439351351 
	103: 2.8439911398 	104: 3.0420469563 	105: 3.0423016217 	106: 3.0819178011 


	-Mulliken Population Analysis for SCF:
	 1: -0.2388092286 	 2: 0.0068243397 	 3: 0.0049854676 	 4: -0.0008618488 	 5: 0.0143180905 
	 6: 0.0212005041 	 7: 0.0238261435 	 8: 0.0239035929 	 9: 0.0210642981 	10: 0.0252234674 
	11: 0.0236530122 	12: 0.0231399112 	13: 0.0257460750 	14: 0.0257861752 

	-Lowdin Population Analysis for SCF:  
	 1: -0.0513761493 	 2: -0.0425037736 	 3: -0.0430782795 	 4: -0.0448785611 	 5: 0.0163795566 
	 6: 0.0172110755 	 7: 0.0185936873 	 8: 0.0186453434 	 9: 0.0170989895 	10: 0.0190957189 
	11: 0.0185368324 	12: 0.0178369178 	13: 0.0192389996 	14: 0.0191996426 

	-Electronic Dipole Moment: (e a0)  
	 X:  0.00418   Y:  0.00219   Z:  0.60465   Total:  0.60467 

	-Electronic Dipole Moment: (D)  
	 X:  0.01063   Y:  0.00556   Z:  1.53688   Total:  1.53693 

	-Total Dipole Moment: (e a0)  
	 X:  0.00141   Y:  0.00026   Z:  0.04194   Total:  0.04197 

	-Total Dipole Moment: (D)  
	 X:  0.00358   Y:  0.00066   Z:  0.10661   Total:  0.10667 



	Initializing Liboeprop (by U. Bozkaya) ...


	-Mulliken Population Analysis for SCF-IAO:
	 1: -0.0506887930 	 2: -0.3545434745 	 3: -0.3557418088 	 4: -0.3588633776 	 5: 0.1013383317 
	 6: 0.1097210477 	 7: 0.1142226627 	 8: 0.1142340787 	 9: 0.1096144367 	10: 0.1151574051 
	11: 0.1141285861 	12: 0.1108204874 	13: 0.1153384774 	14: 0.1153559963 

	-Lowdin Population Analysis for SCF-IAO:  
	 1: -0.0506887930 	 2: -0.3545434745 	 3: -0.3557418088 	 4: -0.3588633776 	 5: 0.1013383317 
	 6: 0.1097210477 	 7: 0.1142226627 	 8: 0.1142340787 	 9: 0.1096144367 	10: 0.1151574051 
	11: 0.1141285861 	12: 0.1108204874 	13: 0.1153384774 	14: 0.1153559963 

	Initializing Liblocal (by U. Bozkaya) ...
  ==> Pipek-Mezey Localizer <==

    Convergence =   1.000E-08
    Maxiter     =          50

    Iteration                   Metric       Residual
    PM    0   1.0357037509844721E+01              -
    PM    1   2.1557246017719450E+01   1.081410E+00
    PM    2   2.3018015385810557E+01   6.776234E-02
    PM    3   2.3044199735797363E+01   1.137559E-03
    PM    4   2.3044435803494629E+01   1.024413E-05
    PM    5   2.3044438410801707E+01   1.131426E-07
    PM    6   2.3044438469095777E+01   2.529637E-09

    PM Localizer converged.



	*Molecular contr. to CDS energy:       0.0000  kcal/mol
	*Total CDS energy:       2.9441  kcal/mol
	*SCF::Polarization Free Energy (au)      : -0.0007075790 
	*SCF::Polarization Free Energy (kcal/mol):      -0.4440 
	*SCF::CDS Free Energy (au)      : 0.0046918009 
	*SCF::CDS Free Energy (kcal/mol):       2.9441 
	*SCF::Total Solvation Free Energy (au)      : 0.0039842219 
	*SCF::Total Solvation Free Energy (kcal/mol):       2.5001 
 CC-PVDZ primary basis set file will be read for the C atom...
 CC-PVDZ primary basis set file will be read for the H atom...
 Nmaxthread: 20 
 Nshell: 54 
 Lmax:  2 
 Npmax:  8 
 Nao: 106 
 Ndocc: 17 
 Nsocc:  0 
 NoccA: 17 
 NoccB: 17 
 Primary basis set info has been read.

 CC-PVDZ-JKFIT aux basis set file will be read for the C atom...
 CC-PVDZ-JKFIT aux basis set file will be read for the H atom...
 Nshell_aux: 186 
 Naux: 510 
 Aux basis set info has been read.


	*Total SCF Energy: -157.31041532310306

 Cpu time for SCF :       1.0737 minutes
 Wall time for SCF:       0.4316 minutes


	MO spaces... 

	 FC   OCC   VIR   FV 
	----------------------
	  4   13    89    0


	Libtrans is initialized (by U. Bozkaya) ...

 ============================================================================== 
 ============================================================================== 
 ============================================================================== 

                       DF-MP2   
              Program Written by Ugur Bozkaya
              Latest Revision May 2, 2021

 ============================================================================== 
 ============================================================================== 
 ============================================================================== 

	For this residual convergence, default PCG convergence is:     1.00e-07
    Warning: "PCG_CONVERGENCE" option is changed to     1.00e-07


  ## DFOCC Options ##

  | TYPE         | KEY                      | INPUT? | VALUE              | DEFAULT            
  |--------------|--------------------------|--------|--------------------|--------------------
  | BOOL         | EOM                      | NO     | FALSE              | FALSE              
  | BOOL         | EOM_MP2                  | NO     | FALSE              | FALSE              
  | BOOL         | EOM_MP3                  | NO     | FALSE              | FALSE              
  | BOOL         | EOM_MP2_5                | NO     | FALSE              | FALSE              
  | BOOL         | EOM_LCCD                 | NO     | FALSE              | FALSE              
  | BOOL         | LOW_MEM_MP2              | NO     | FALSE              | FALSE              
  | BOOL         | LOW_MEM_MP3              | NO     | FALSE              | FALSE              
  | BOOL         | CD_PRESCREEN             | NO     | FALSE              | FALSE              
  | DOUBLE       | CIS_E_CONV               | NO     | 1e-06              | 1e-06              
  | DOUBLE       | CIS_R_CONV               | NO     | 1e-06              | 1e-06              
  | DOUBLE       | CIS_RES_PRECONDITION_TOL | NO     | 0.0001             | 0.0001             
  | DOUBLE       | DAVIDSON_TOLERANCE       | NO     | 1e-06              | 1e-06              
  | DOUBLE       | E3_SCALE                 | NO     | 0.25               | 0.25               
  | DOUBLE       | E_CONVERGENCE            | NO     | 1e-06              | 1e-06              
  | DOUBLE       | JK_MEMORY                | NO     | 1000000000.0       | 1000000000.0       
  | DOUBLE       | LEVEL_SHIFT              | NO     | 0.02               | 0.02               
  | DOUBLE       | MAX_MOGRAD_CONVERGENCE   | NO     | 0.001              | 0.001              
  | DOUBLE       | MO_STEP_MAX              | NO     | 0.5                | 0.5                
  | DOUBLE       | MP2_OS_SCALE             | NO     | 1.2                | 1.2                
  | DOUBLE       | MP2_SOS_SCALE            | NO     | 1.3                | 1.3                
  | DOUBLE       | MP2_SOS_SCALE2           | NO     | 1.2                | 1.2                
  | DOUBLE       | MP2_SS_SCALE             | NO     | 0.3333333333333333 | 0.3333333333333333 
  | DOUBLE       | OCC_PERCENTAGE           | NO     | 99.0               | 99.0               
  | DOUBLE       | OCC_TOLERANCE            | NO     | 1e-05              | 1e-05              
  | DOUBLE       | OO_SCALE                 | NO     | 0.01               | 0.01               
  | DOUBLE       | PCG_CONVERGENCE          | NO     | 1e-06              | 1e-06              
  | DOUBLE       | R_CONVERGENCE            | NO     | 1e-05              | 1e-05              
  | DOUBLE       | REG_PARAM                | NO     | 0.4                | 0.4                
  | DOUBLE       | KAPPA_REG_PARAM          | NO     | 1.1                | 1.1                
  | DOUBLE       | RMS_MOGRAD_CONVERGENCE   | NO     | 1e-06              | 1e-06              
  | DOUBLE       | SCG_TOLERANCE            | NO     | 1e-06              | 1e-06              
  | DOUBLE       | SCHMIDT_ADD_RES_TOL      | NO     | 0.001              | 0.001              
  | INT          | ACTIVE_NAT_ORBS          | NO     | 2                  | 2                  
  | INT          | CC_DIIS_MAX_VECS         | NO     | 6                  | 6                  
  | INT          | CC_DIIS_MIN_VECS         | NO     | 2                  | 2                  
  | INT          | CC_MAXITER               | NO     | 50                 | 50                 
  | INT          | CUTOFF                   | NO     | 8                  | 8                  
  | INT          | EXCITATION_RANGE         | NO     | 2                  | 2                  
  | INT          | FOLLOW_ROOT              | NO     | 1                  | 1                  
  | INT          | INTEGRAL_CUTOFF          | NO     | 9                  | 9                  
  | INT          | MAX_VECS                 | NO     | 50                 | 50                 
  | INT          | MO_DIIS_NUM_VECS         | NO     | 6                  | 6                  
  | INT          | MO_MAXITER               | NO     | 50                 | 50                 
  | INT          | NUM_ROOTS                | NO     | 4                  | 4                  
  | INT          | PCG_MAXITER              | NO     | 50                 | 50                 
  | INT          | PRINT_LEVEL              | NO     | 0                  | 0                  
  | INT          | VECS_PER_ROOT            | NO     | 1                  | 1                  
  | STRING       | CC_LAMBDA                | NO     | FALSE              | FALSE              
  | STRING       | CHOLESKY                 | NO     | FALSE              | FALSE              
  | STRING       | CIS_ALGORITHM            | NO     | MO_BASIS           | MO_BASIS           
  | STRING       | CIS_GUESS_COEFF          | NO     | MIX                | MIX                
  | STRING       | COMPUT_S2                | NO     | FALSE              | FALSE              
  | STRING       | DIAG_METHOD              | NO     | DAVIDSON           | DAVIDSON           
  | STRING       | DO_DIIS                  | NO     | TRUE               | TRUE               
  | STRING       | DO_LEVEL_SHIFT           | NO     | TRUE               | TRUE               
  | STRING       | DO_SCS                   | NO     | FALSE              | FALSE              
  | STRING       | DO_SOS                   | NO     | FALSE              | FALSE              
  | STRING       | EKT_IP                   | NO     | FALSE              | FALSE              
  | STRING       | FREEZE_CORE              | NO     | TRUE               | TRUE               
  | STRING       | HESS_TYPE                | NO     | HF                 | HF                 
  | STRING       | JK_TYPE                  | NO     | DIRECT             | DIRECT             
  | STRING       | LINEQ_SOLVER             | NO     | CDGESV             | CDGESV             
  | STRING       | MO_READ                  | NO     | FALSE              | FALSE              
  | STRING       | MO_WRITE                 | NO     | FALSE              | FALSE              
  | STRING       | MP2_AMP_TYPE             | NO     | DIRECT             | DIRECT             
  | STRING       | NAT_ORBS                 | NO     | FALSE              | FALSE              
  | STRING       | NBO                      | NO     | TRUE               | TRUE               
  | STRING       | OCC_ORBS_PRINT           | NO     | FALSE              | FALSE              
  | STRING       | OEPROP                   | NO     | FALSE              | FALSE              
  | STRING       | OPT_METHOD               | NO     | QNR                | QNR                
  | STRING       | ORB_RESP_SOLVER          | NO     | PCG                | PCG                
  | STRING       | ORTH_TYPE                | NO     | MGS                | MGS                
  | STRING       | PCG_BETA_TYPE            | NO     | FLETCHER_REEVES    | FLETCHER_REEVES    
  | STRING       | PPL_TYPE                 | NO     | AUTO               | AUTO               
  | STRING       | PRINT_CI_VECS            | NO     | FALSE              | FALSE              
  | STRING       | QCHF                     | NO     | FALSE              | FALSE              
  | STRING       | READ_SCF_3INDEX          | NO     | TRUE               | TRUE               
  | STRING       | REGULARIZATION           | NO     | FALSE              | FALSE              
  | STRING       | REG_TYPE                 | NO     | NORMAL             | NORMAL             
  | STRING       | SCS_TYPE                 | NO     | SCS                | SCS                
  | STRING       | SOS_TYPE                 | NO     | SOS                | SOS                
  | STRING       | TRIPLES_IABC_TYPE        | NO     | DISK               | DISK               
  | STRING       | UNIT_GUESS_TYPE          | NO     | GEN                | GEN                
  | STRING       | EKT_NEGATIVE_OCC         | NO     | ABS                | ABS                
  | BOOL         | SOLVATION                | YES    | TRUE               | FALSE              

	MO spaces... 

	 FC   OCC   VIR   FV 
	----------------------
	  4   13    89    0
 CC-PVDZ primary basis set file will be read for the C atom...
 CC-PVDZ primary basis set file will be read for the H atom...
 Nmaxthread: 20 
 Nshell: 54 
 Lmax:  2 
 Npmax:  8 
 Nao: 106 
 Ndocc: 17 
 Nsocc:  0 
 NoccA: 17 
 NoccB: 17 
 Primary basis set info has been read.

 CC-PVDZ-RI aux basis set file will be read for the C atom...
 CC-PVDZ-RI aux basis set file will be read for the H atom...
 Nshell_aux: 132 
 Naux: 364 
 Aux basis set info has been read.

 Cpu time for Metric ints :       0.4000 s
 Wall time for Metric ints:       0.2705 s
 3-Index Algorithm: AUTO 

 Calling fortran integrals: ringing... 
 Done with fintegrals.

 Cpu time for 3-index ints :       3.8400 s
 Wall time for 3-index ints:       1.6324 s
 Cpu time for df-factors :       0.2800 s
 Wall time for df-factors:       0.0756 s
 CC-PVDZ primary basis set file will be read for the C atom...
 CC-PVDZ primary basis set file will be read for the H atom...
 Nmaxthread: 20 
 Nshell: 54 
 Lmax:  2 
 Npmax:  8 
 Nao: 106 
 Ndocc: 17 
 Nsocc:  0 
 NoccA: 17 
 NoccB: 17 
 Primary basis set info has been read.

 CC-PVDZ-JKFIT aux basis set file will be read for the C atom...
 CC-PVDZ-JKFIT aux basis set file will be read for the H atom...
 Nshell_aux: 186 
 Naux: 510 
 Aux basis set info has been read.

	Reading DF integrals from disk ...
 Cpu time for Metric ints :       1.0200 s
 Wall time for Metric ints:       0.2554 s
	Number of basis functions in the DF-HF basis: 510
	Number of basis functions in the DF-CC basis: 364

	Available memory                      :  30000.00 MB 
	Minimum required memory for amplitudes:     32.13 MB 
	Memory requirement for B-CC (Q|mu nu) :     32.72 MB 
	Memory requirement for B-CC (Q|ab)    :     23.07 MB 
	Memory requirement for DF-CC int trans:     60.19 MB 

	Computing DF-MP2 energy using SCF MOs (Canonical DF-MP2)... 
	======================================================================= 
	Nuclear Repulsion Energy (a.u.)    :   134.55420671103113
	DF-HF Energy (a.u.)                :  -157.31041532310306
	REF Energy (a.u.)                  :  -157.31041532310306
	DF-MP2 Correlation Energy (a.u.)   :    -0.59477176482133
	DF-MP2 Total Energy (a.u.)         :  -157.90518708792439
	======================================================================= 

	*Total MP2 Energy: -157.90518708792439

	Computing unrelaxed response density matrices...
	Number of independent-pairs: 1513
	Computing the generalized Fock matrix (GFM)...
	Computing the orbital gradient...
	Forming effective orbital gradient...
	Solving orbital Z-vector equations...

	            PCG Solver 
	   ------------------------------ 
	Iter     RMS Z Vector        RMS Residual  
	----    ---------------    ---------------
	  1         1.13e-03         4.74e-04
	  2         2.34e-04         1.26e-04
	  3         3.84e-05         1.60e-05
	  4         7.16e-06         3.41e-06
	  5         1.31e-06         7.37e-07
	  6         3.25e-07         1.02e-07
	  7         3.87e-08         1.29e-08

	Computing the relaxed PDMs and GFM...
	Compute solv. is starting ...

	Initializing Liboeprop (by U. Bozkaya) ...


	-Mulliken Population Analysis for MP2-IAO:
	 1: 0.0955305001 	 2: -0.2183221223 	 3: -0.2195492545 	 4: -0.2225872661 	 5: 0.0633042868 
	 6: 0.0766364559 	 7: 0.0745693453 	 8: 0.0745896879 	 9: 0.0765251114 	10: 0.0755793448 
	11: 0.0745842214 	12: 0.0776757187 	13: 0.0757930699 	14: 0.0757508632 

	-Lowdin Population Analysis for MP2-IAO:  
	 1: 0.0955305001 	 2: -0.2183221223 	 3: -0.2195492545 	 4: -0.2225872661 	 5: 0.0633042868 
	 6: 0.0766364559 	 7: 0.0745693453 	 8: 0.0745896879 	 9: 0.0765251114 	10: 0.0755793448 
	11: 0.0745842214 	12: 0.0776757187 	13: 0.0757930699 	14: 0.0757508632 


  ## SOLVATION Options ##

  | TYPE         | KEY                      | INPUT? | VALUE              | DEFAULT            
  |--------------|--------------------------|--------|--------------------|--------------------
  | INT          | NUM_Z_POINTS             | NO     | 90                 | 90                 
  | INT          | NUM_ANG_POINTS           | YES    | 100                | 100                
  | STRING       | SASA_TYPE                | YES    | NUMERIC            | NUMERIC            
  | STRING       | CHARGE_TYPE              | YES    | IAO_MULLIKEN       | IAO_MULLIKEN       
  | STRING       | CDS_TYPE                 | YES    | SMD                | SMD                
  | STRING       | SOLVENT                  | YES    | WATER              | WATER              
  | STRING       | SOLVENT_PARAMS           | YES    | MN21               | SM8                
  | STRING       | DIELECTRIC_PARAMS        | YES    | MN21               | MN21               
  | STRING       | COULOMB_RADII            | YES    | SMD                | SMD                
  | DOUBLE       | COVALENT_VW_CONST        | NO     | 0.76               | 0.76               
  | DOUBLE       | SOLVENT_RADIUS           | NO     | 0.4                | 0.4                
  | STRING       | RADIUS_TYPE              | YES    | SMD                | SMD                
  | DOUBLE       | GB_DIJ                   | NO     | 3.7                | 3.7                
  | DOUBLE       | GB_SIJ                   | NO     | 0.75               | 0.75               
  | DOUBLE       | GB_CIJ                   | NO     | 0.0                | 0.0                
  | DOUBLE       | F_PWSASA                 | NO     | 0.4535             | 0.4535             
  | DOUBLE       | SCALE_VDW                | NO     | 1.0                | 1.0                
  | DOUBLE       | SCALE_CR                 | NO     | 1.0                | 1.0                



 Sasa Type                  : NUMERIC 
 Charge Type                : IAO_MULLIKEN 
 CDS Type                   : SMD 
 Radius Type                : SMD 
 Solvent                    : WATER 
 Solvent Parameters         : MN21 
 Dielectric Parameters      : MN21 
 Coulomb Radii Parameters   : SMD 
 GB d_ij parameter          : 3.7000000000 
 GB S_ij parameter          : 0.7500000000 
 GB C_ij parameter          : 0.0000000000 
 Sclae_vdw parameter        : 1.0000000000 
 Number of z-points         : 90 
 Number of angular points   : 100 
 Number of SASA grid points : 17902 
 Solvent Dielectric Constant: 78.3553000000 

 VDW Radii:
	  1 C :       1.7000  ang
	  2 C :       1.7000  ang
	  3 C :       1.7000  ang
	  4 C :       1.7000  ang
	  5 H :       1.2000  ang
	  6 H :       1.2000  ang
	  7 H :       1.2000  ang
	  8 H :       1.2000  ang
	  9 H :       1.2000  ang
	 10 H :       1.2000  ang
	 11 H :       1.2000  ang
	 12 H :       1.2000  ang
	 13 H :       1.2000  ang
	 14 H :       1.2000  ang

	 Computing SASA... 

 Atomic SASA values:
	  1 C :       1.1423  ang^2
	  2 C :       7.9124  ang^2
	  3 C :       7.9155  ang^2
	  4 C :       7.9124  ang^2
	  5 H :      12.0812  ang^2
	  6 H :      11.5439  ang^2
	  7 H :      12.0561  ang^2
	  8 H :      12.0363  ang^2
	  9 H :      11.5511  ang^2
	 10 H :      12.0723  ang^2
	 11 H :      12.0022  ang^2
	 12 H :      11.5655  ang^2
	 13 H :      12.0130  ang^2
	 14 H :      12.0615  ang^2

	*Total SASA (angs^2): 143.8655696193 


 Coulomb Radii:
	  1 C :       1.8500  ang
	  2 C :       1.8500  ang
	  3 C :       1.8500  ang
	  4 C :       1.8500  ang
	  5 H :       1.2000  ang
	  6 H :       1.2000  ang
	  7 H :       1.2000  ang
	  8 H :       1.2000  ang
	  9 H :       1.2000  ang
	 10 H :       1.2000  ang
	 11 H :       1.2000  ang
	 12 H :       1.2000  ang
	 13 H :       1.2000  ang
	 14 H :       1.2000  ang
 Solvent Alpha                       : 1.1700000000 

 ## Effective Born Radius (bohr) ##
   0   4.5095920949 
   1   4.1599606944 
   2   4.1603424668 
   3   4.1605210215 
   4   3.6064770999 
   5   3.3007403015 
   6   3.2204354709 
   7   3.2210491438 
   8   3.3005254204 
   9   3.2201208513 
  10   3.2232479086 
  11   3.2998177540 
  12   3.2229062219 
  13   3.2211784498 

 Effective Born Radii:
	  1 C :       2.3864  ang
	  2 C :       2.2014  ang
	  3 C :       2.2016  ang
	  4 C :       2.2017  ang
	  5 H :       1.9085  ang
	  6 H :       1.7467  ang
	  7 H :       1.7042  ang
	  8 H :       1.7045  ang
	  9 H :       1.7466  ang
	 10 H :       1.7040  ang
	 11 H :       1.7057  ang
	 12 H :       1.7462  ang
	 13 H :       1.7055  ang
	 14 H :       1.7046  ang


 Coulomb Integrals:
	  1  1 :       0.2217  bohr^-1
	  1  2 :       0.2000  bohr^-1
	  1  3 :       0.2000  bohr^-1
	  1  4 :       0.2000  bohr^-1
	  1  5 :       0.2269  bohr^-1
	  1  6 :       0.1896  bohr^-1
	  1  7 :       0.1905  bohr^-1
	  1  8 :       0.1904  bohr^-1
	  1  9 :       0.1896  bohr^-1
	  1 10 :       0.1905  bohr^-1
	  1 11 :       0.1905  bohr^-1
	  1 12 :       0.1895  bohr^-1
	  1 13 :       0.1905  bohr^-1
	  1 14 :       0.1905  bohr^-1
	  2  1 :       0.2000  bohr^-1
	  2  2 :       0.2404  bohr^-1
	  2  3 :       0.1693  bohr^-1
	  2  4 :       0.1693  bohr^-1
	  2  5 :       0.1907  bohr^-1
	  2  6 :       0.2433  bohr^-1
	  2  7 :       0.2458  bohr^-1
	  2  8 :       0.2458  bohr^-1
	  2  9 :       0.1671  bohr^-1
	  2 10 :       0.1687  bohr^-1
	  2 11 :       0.1430  bohr^-1
	  2 12 :       0.1670  bohr^-1
	  2 13 :       0.1430  bohr^-1
	  2 14 :       0.1687  bohr^-1
	  3  1 :       0.2000  bohr^-1
	  3  2 :       0.1693  bohr^-1
	  3  3 :       0.2404  bohr^-1
	  3  4 :       0.1693  bohr^-1
	  3  5 :       0.1907  bohr^-1
	  3  6 :       0.1671  bohr^-1
	  3  7 :       0.1687  bohr^-1
	  3  8 :       0.1430  bohr^-1
	  3  9 :       0.2433  bohr^-1
	  3 10 :       0.2458  bohr^-1
	  3 11 :       0.2457  bohr^-1
	  3 12 :       0.1670  bohr^-1
	  3 13 :       0.1689  bohr^-1
	  3 14 :       0.1430  bohr^-1
	  4  1 :       0.2000  bohr^-1
	  4  2 :       0.1693  bohr^-1
	  4  3 :       0.1693  bohr^-1
	  4  4 :       0.2404  bohr^-1
	  4  5 :       0.1907  bohr^-1
	  4  6 :       0.1670  bohr^-1
	  4  7 :       0.1430  bohr^-1
	  4  8 :       0.1688  bohr^-1
	  4  9 :       0.1670  bohr^-1
	  4 10 :       0.1430  bohr^-1
	  4 11 :       0.1690  bohr^-1
	  4 12 :       0.2433  bohr^-1
	  4 13 :       0.2457  bohr^-1
	  4 14 :       0.2458  bohr^-1
	  5  1 :       0.2269  bohr^-1
	  5  2 :       0.1907  bohr^-1
	  5  3 :       0.1907  bohr^-1
	  5  4 :       0.1907  bohr^-1
	  5  5 :       0.2773  bohr^-1
	  5  6 :       0.1603  bohr^-1
	  5  7 :       0.1856  bohr^-1
	  5  8 :       0.1854  bohr^-1
	  5  9 :       0.1603  bohr^-1
	  5 10 :       0.1856  bohr^-1
	  5 11 :       0.1855  bohr^-1
	  5 12 :       0.1602  bohr^-1
	  5 13 :       0.1855  bohr^-1
	  5 14 :       0.1856  bohr^-1
	  6  1 :       0.1896  bohr^-1
	  6  2 :       0.2433  bohr^-1
	  6  3 :       0.1671  bohr^-1
	  6  4 :       0.1670  bohr^-1
	  6  5 :       0.1603  bohr^-1
	  6  6 :       0.3030  bohr^-1
	  6  7 :       0.2287  bohr^-1
	  6  8 :       0.2286  bohr^-1
	  6  9 :       0.1813  bohr^-1
	  6 10 :       0.1591  bohr^-1
	  6 11 :       0.1355  bohr^-1
	  6 12 :       0.1811  bohr^-1
	  6 13 :       0.1354  bohr^-1
	  6 14 :       0.1590  bohr^-1
	  7  1 :       0.1905  bohr^-1
	  7  2 :       0.2458  bohr^-1
	  7  3 :       0.1687  bohr^-1
	  7  4 :       0.1430  bohr^-1
	  7  5 :       0.1856  bohr^-1
	  7  6 :       0.2287  bohr^-1
	  7  7 :       0.3105  bohr^-1
	  7  8 :       0.2301  bohr^-1
	  7  9 :       0.1591  bohr^-1
	  7 10 :       0.1850  bohr^-1
	  7 11 :       0.1365  bohr^-1
	  7 12 :       0.1354  bohr^-1
	  7 13 :       0.1206  bohr^-1
	  7 14 :       0.1366  bohr^-1
	  8  1 :       0.1904  bohr^-1
	  8  2 :       0.2458  bohr^-1
	  8  3 :       0.1430  bohr^-1
	  8  4 :       0.1688  bohr^-1
	  8  5 :       0.1854  bohr^-1
	  8  6 :       0.2286  bohr^-1
	  8  7 :       0.2301  bohr^-1
	  8  8 :       0.3105  bohr^-1
	  8  9 :       0.1355  bohr^-1
	  8 10 :       0.1365  bohr^-1
	  8 11 :       0.1206  bohr^-1
	  8 12 :       0.1592  bohr^-1
	  8 13 :       0.1366  bohr^-1
	  8 14 :       0.1852  bohr^-1
	  9  1 :       0.1896  bohr^-1
	  9  2 :       0.1671  bohr^-1
	  9  3 :       0.2433  bohr^-1
	  9  4 :       0.1670  bohr^-1
	  9  5 :       0.1603  bohr^-1
	  9  6 :       0.1813  bohr^-1
	  9  7 :       0.1591  bohr^-1
	  9  8 :       0.1355  bohr^-1
	  9  9 :       0.3030  bohr^-1
	  9 10 :       0.2287  bohr^-1
	  9 11 :       0.2286  bohr^-1
	  9 12 :       0.1810  bohr^-1
	  9 13 :       0.1592  bohr^-1
	  9 14 :       0.1354  bohr^-1
	 10  1 :       0.1905  bohr^-1
	 10  2 :       0.1687  bohr^-1
	 10  3 :       0.2458  bohr^-1
	 10  4 :       0.1430  bohr^-1
	 10  5 :       0.1856  bohr^-1
	 10  6 :       0.1591  bohr^-1
	 10  7 :       0.1850  bohr^-1
	 10  8 :       0.1365  bohr^-1
	 10  9 :       0.2287  bohr^-1
	 10 10 :       0.3105  bohr^-1
	 10 11 :       0.2301  bohr^-1
	 10 12 :       0.1354  bohr^-1
	 10 13 :       0.1368  bohr^-1
	 10 14 :       0.1206  bohr^-1
	 11  1 :       0.1905  bohr^-1
	 11  2 :       0.1430  bohr^-1
	 11  3 :       0.2457  bohr^-1
	 11  4 :       0.1690  bohr^-1
	 11  5 :       0.1855  bohr^-1
	 11  6 :       0.1355  bohr^-1
	 11  7 :       0.1365  bohr^-1
	 11  8 :       0.1206  bohr^-1
	 11  9 :       0.2286  bohr^-1
	 11 10 :       0.2301  bohr^-1
	 11 11 :       0.3102  bohr^-1
	 11 12 :       0.1593  bohr^-1
	 11 13 :       0.1856  bohr^-1
	 11 14 :       0.1368  bohr^-1
	 12  1 :       0.1895  bohr^-1
	 12  2 :       0.1670  bohr^-1
	 12  3 :       0.1670  bohr^-1
	 12  4 :       0.2433  bohr^-1
	 12  5 :       0.1602  bohr^-1
	 12  6 :       0.1811  bohr^-1
	 12  7 :       0.1354  bohr^-1
	 12  8 :       0.1592  bohr^-1
	 12  9 :       0.1810  bohr^-1
	 12 10 :       0.1354  bohr^-1
	 12 11 :       0.1593  bohr^-1
	 12 12 :       0.3030  bohr^-1
	 12 13 :       0.2287  bohr^-1
	 12 14 :       0.2287  bohr^-1
	 13  1 :       0.1905  bohr^-1
	 13  2 :       0.1430  bohr^-1
	 13  3 :       0.1689  bohr^-1
	 13  4 :       0.2457  bohr^-1
	 13  5 :       0.1855  bohr^-1
	 13  6 :       0.1354  bohr^-1
	 13  7 :       0.1206  bohr^-1
	 13  8 :       0.1366  bohr^-1
	 13  9 :       0.1592  bohr^-1
	 13 10 :       0.1368  bohr^-1
	 13 11 :       0.1856  bohr^-1
	 13 12 :       0.2287  bohr^-1
	 13 13 :       0.3103  bohr^-1
	 13 14 :       0.2301  bohr^-1
	 14  1 :       0.1905  bohr^-1
	 14  2 :       0.1687  bohr^-1
	 14  3 :       0.1430  bohr^-1
	 14  4 :       0.2458  bohr^-1
	 14  5 :       0.1856  bohr^-1
	 14  6 :       0.1590  bohr^-1
	 14  7 :       0.1366  bohr^-1
	 14  8 :       0.1852  bohr^-1
	 14  9 :       0.1354  bohr^-1
	 14 10 :       0.1206  bohr^-1
	 14 11 :       0.1368  bohr^-1
	 14 12 :       0.2287  bohr^-1
	 14 13 :       0.2301  bohr^-1
	 14 14 :       0.3104  bohr^-1


	*Molecular contr. to CDS energy:       0.0000  kcal/mol
	*Total CDS energy:       2.9441  kcal/mol
	*MP2::Polarization Free Energy (au)      : -0.0027621096 
	*MP2::Polarization Free Energy (kcal/mol):      -1.7332 
	*MP2::CDS Free Energy (au)      : 0.0046918009 
	*MP2::CDS Free Energy (kcal/mol):       2.9441 
	*MP2::Total Solvation Free Energy (au)      : 0.0019296913 
	*MP2::Total Solvation Free Energy (kcal/mol):       1.2109 
	GB-MP2 Total Energy (a.u.)         :  -157.90325739660071

	*Total GB-MP2 Energy: -157.90518708792439


 Cpu time for MacroQC :       1.4862 minutes
 Wall time for MacroQC:       0.5937 minutes


 ******************************************************************************************
	 MacroQC terminates normally:) 
 ****************************************************************************************** 

