 ==========================================================================================
 =========                __  ___                         ____  ______            =========
 ======                  /  |/  /___ _______________     / __ \/ ____/               ======
 ====                   / /|_/ / __ `/ ___/ ___/ __ \   / / / / /                      ====
 ===                   / /  / / /_/ / /__/ /  / /_/ /  / /_/ / /___                     ===
 ==                   /_/  /_/\__,_/\___/_/   \____/   \___\_\____/                      ==
 ===                                                                1.0.4                ===
 =====     An electronic structure theory software for large-scale applications       =====
 ======                                 See license.txt for license info             ======
 =========                                                                        =========
 ==========================================================================================
                                                                                           
                           * * * * * * * * * * * * * * * * * * * *                        
                           *            Developed by             *                        
                           *             U. Bozkaya              *                        
                           *                                     *                        
                           *       With contributions from:      *                        
                           *         B. Ermis, Y. Alagoz,        *                        
                           *         A. Unal, and A. K. Uyar     *                        
                           *         Git Version: deab493        *                        
                           *       Latest Revision: 2026-03-23   *                        
                           * * * * * * * * * * * * * * * * * * * *                        


 Run date: Wed Mar 25 11:19:23 2026
 
 Hostname: ub28 

 ## MacroQC input file ##
 ******************************************************************************************
$set_molecule
0 1
Cl      1.4896590907     0.0000000000    -0.2166761897
Cl     -1.4896590907     0.0000000000    -0.2166761897
C      -0.0000000000     0.0000000000     0.7699167915
H      -0.0000000000     0.8977337918     1.3737448514
H      -0.0000000000    -0.8977337918     1.3737448514
$end_molecule


$set_globals
   basis cc-pvdz
  method mp2
  reference rhf
  jobtype energy
  memory 30000
$end_globals


$set_scf
  e_convergence 1.0e-8
  d_convergence 1.0e-6
  guess sad
  solvation true
$end_scf


$set_solvation
  cds_type smd
  radius_type smd
  solvent_params mn21
  dielectric_params mn21
  sasa_type numeric
  solvent water
  num_ang_points 100
  charge_type iao_mulliken
  coulomb_radii smd
$end_solvation

$set_dfocc
solvation true
$end_dfocc

 ******************************************************************************************


	-Geometry before Center-of-Mass shift (ang): 
	 Number     Atom               X                    Y                       Z  
	 ---------------------------------------------------------------------------------------
           1     CL             1.4896590907          0.0000000000          -0.2166761897  
           2     CL            -1.4896590907          0.0000000000          -0.2166761897  
           3     C            -0.0000000000          0.0000000000           0.7699167915  
           4     H            -0.0000000000          0.8977337918           1.3737448514  
           5     H            -0.0000000000         -0.8977337918           1.3737448514  



	-Geometry after Center-of-Mass shift (ang): 
	 Atom               X                    Y                       Z  
	 -------------------------------------------------------------------
     CL           1.4896590907          0.0000000000          -0.1792048450  
     CL          -1.4896590907          0.0000000000          -0.1792048450  
     C          -0.0000000000          0.0000000000           0.8073881362  
     H          -0.0000000000          0.8977337918           1.4112161961  
     H          -0.0000000000         -0.8977337918           1.4112161961  


	-Geometry after Center-of-Mass shift (bohr): 
	 Atom               X                    Y                       Z  
	 -------------------------------------------------------------------
     CL           2.8150477017          0.0000000000          -0.3386480774  
     CL          -2.8150477017          0.0000000000          -0.3386480774  
     C          -0.0000000000          0.0000000000           1.5257424543  
     H          -0.0000000000          1.6964710001           2.6668121144  
     H          -0.0000000000         -1.6964710001           2.6668121144  


    Rotational Constants: A =     1.07324  B =     0.10750  C =      0.09958 [cm^-1] 
    Rotor Type: SYMMETRIC 

	-Nuclear Dipole Moment: (e a0)  
	 X:  0.00000   Y:  0.00000   Z:  2.97404   Total:  2.97404 

	-Nuclear Dipole Moment: (D)  
	 X:  0.00000   Y:  0.00000   Z:  7.55927   Total:  7.55927 


    Nuclear repulsion energy (V_NN)              : 133.182027480652 
   =====================================================
   Charge                : 0 
   Multiplicity          : 1 
   Number of Atoms       : 5 
   Number of Ghost Atoms : 0 
   Number of Electrons   : 42 
   Number of alpha occupied orbitals (NoccA)  : 21 
   Number of beta occupied orbitals (NoccB)   : 21 
   Number of singly occupied orbitals (Nsocc) : 0 
   Number of doubly occupied orbitals (Ndocc) : 21 
   =====================================================



  ## GLOBALS Options ##

  | TYPE         | KEY                      | INPUT? | VALUE              | DEFAULT            
  |--------------|--------------------------|--------|--------------------|--------------------
  | BOOL         | ERI_DISK                 | NO     | FALSE              | FALSE              
  | BOOL         | FREEZE_CORE              | NO     | TRUE               | TRUE               
  | BOOL         | MOL_FRAG                 | NO     | FALSE              | FALSE              
  | BOOL         | NOCOM                    | NO     | FALSE              | FALSE              
  | BOOL         | NOREORIENT               | NO     | TRUE               | TRUE               
  | BOOL         | PUREAM                   | NO     | TRUE               | TRUE               
  | BOOL         | ML                       | NO     | FALSE              | FALSE              
  | BOOL         | READ_PDB                 | NO     | FALSE              | FALSE              
  | BOOL         | TEST_MODE                | NO     | FALSE              | FALSE              
  | INT          | DERIVE_LEVEL             | NO     | 0                  | 0                  
  | INT          | FINDIF_POINTS            | NO     | 3                  | 3                  
  | INT          | MEMORY                   | YES    | 30000              | 2000               
  | INT          | NUM_THREADS              | NO     | 1                  | 1                  
  | INT          | NUM_FROZEN_DOCC          | NO     | 0                  | 0                  
  | INT          | NUM_FROZEN_VIR           | NO     | 0                  | 0                  
  | INT          | PRINT_LEVEL              | NO     | 0                  | 0                  
  | STRING       | AUX_BASIS_CORR           | NO     | CC-PVDZ-RI         | CC-PVDZ-RI         
  | STRING       | AUX_BASIS_SCF            | NO     | CC-PVDZ-JKFIT      | CC-PVDZ-JKFIT      
  | STRING       | BASIS                    | YES    | CC-PVDZ            | CC-PVDZ            
  | STRING       | BASIS2                   | NO     | MINAO              | MINAO              
  | STRING       | DERIVE_TYPE              | NO     | ANALYTIC           | ANALYTIC           
  | STRING       | FINDIF_METHOD            | NO     | GRAD               | GRAD               
  | STRING       | GEOM_UNITS               | NO     | ANG                | ANG                
  | STRING       | JOBTYPE                  | YES    | ENERGY             | ENERGY             
  | STRING       | METHOD                   | YES    | MP2                | SCF                
  | STRING       | REFERENCE                | YES    | RHF                | RHF                
  | STRING       | OUTFILE_MODE             | NO     | NEW                | NEW                
  | DOUBLE       | STEP_BOHR                | NO     | 0.05               | 0.05               
  | STR_ARRAY    | MOLECULE_GEOM_FROM       | NO     | [input]            | [input]            
  | DOUBLE_ARRAY | ELECTRIC_STRENGTH        | NO     | [0.001;0.001;0.001]| [0.001;0.001;0.001]
  | STRING       | ELECTRIC_FIELD           | NO     | NONE               | NONE               
  | STRING       | ALIGN_TWO_ATOMS          | NO     | NONE               | NONE               
  | INT_ARRAY    | TWO_ATOMS                | NO     | [0]                | [0]                



  ## INTS Options ##

  | TYPE         | KEY                      | INPUT? | VALUE              | DEFAULT            
  |--------------|--------------------------|--------|--------------------|--------------------
  | DOUBLE       | BOYS_CUTOFF              | NO     | 1e-15              | 1e-15              
  | DOUBLE       | BOYS_ZERO                | NO     | 1e-06              | 1e-06              
  | DOUBLE       | DELTA_X                  | NO     | 0.1                | 0.1                
  | DOUBLE       | INTEGRAL_CUTOFF          | NO     | 1e-10              | 1e-10              
  | DOUBLE       | X_MAX                    | NO     | 30.0               | 30.0               
  | INT          | BOYS_MAXITER             | NO     | 10000              | 10000              
  | INT          | MAX_AM                   | NO     | 7                  | 7                  
  | INT          | MAX_AM_AUX               | NO     | 7                  | 7                  
  | INT          | PRINT_LEVEL              | NO     | 0                  | 0                  
  | INT          | TAYLOR_ORDER             | NO     | 6                  | 6                  
  | STRING       | 3INDEX_ALGORITHM         | NO     | AUTO               | AUTO               
  | STRING       | BOYS_METHOD              | NO     | GHP                | GHP                
  | STRING       | ERI_ALGORITHM            | NO     | MD4                | MD4                


	Initializing Liboeprop (by U. Bozkaya) ...

	*=================================================================*
	*                  SCF                                            *
	*   Developed by U. Bozkaya & Y. Alagoz                           *
	*   Latest revision Feb 16, 2021                                  *
	*=================================================================*



  ## SCF Options ##

  | TYPE         | KEY                      | INPUT? | VALUE              | DEFAULT            
  |--------------|--------------------------|--------|--------------------|--------------------
  | BOOL         | DIIS_DAMP                | NO     | FALSE              | FALSE              
  | BOOL         | DIE_IF_NOT_CONVERGED     | NO     | TRUE               | TRUE               
  | BOOL         | DO_DF                    | NO     | TRUE               | TRUE               
  | BOOL         | DIIS                     | NO     | TRUE               | TRUE               
  | BOOL         | FOCK_DAMP                | NO     | FALSE              | FALSE              
  | BOOL         | GUESS_MIX                | NO     | FALSE              | FALSE              
  | BOOL         | GUESS_PREVIOUS           | NO     | FALSE              | FALSE              
  | BOOL         | LOCAL                    | NO     | FALSE              | FALSE              
  | BOOL         | RETRY                    | NO     | TRUE               | TRUE               
  | DOUBLE       | CUTOFF                   | NO     | 1e-10              | 1e-10              
  | DOUBLE       | D_CONVERGENCE            | YES    | 1e-06              | 1e-06              
  | DOUBLE       | DAMP_PARAM               | NO     | 0.02               | 0.02               
  | DOUBLE       | E_CONVERGENCE            | YES    | 1e-08              | 1e-08              
  | DOUBLE       | FOCK_DAMP_PERC           | NO     | 20.0               | 20.0               
  | DOUBLE       | MIN_OVERLAP_EIGVAL       | NO     | 1e-06              | 1e-06              
  | DOUBLE       | LOCAL_CONVERGENCE        | NO     | 1e-08              | 1e-08              
  | DOUBLE       | QC_GUESS_E_CONVERGENCE   | NO     | 0.0001             | 0.0001             
  | DOUBLE       | QC_GUESS_D_CONVERGENCE   | NO     | 0.005              | 0.005              
  | INT          | MAX_DIIS                 | NO     | 6                  | 6                  
  | INT          | MIN_DIIS                 | NO     | 2                  | 2                  
  | INT          | PRINT_LEVEL              | NO     | 0                  | 0                  
  | INT          | SCF_MAXITER              | NO     | 50                 | 50                 
  | INT          | LOCAL_MAXITER            | NO     | 50                 | 50                 
  | STRING       | DIIS_ALGORITHM           | NO     | DISK               | DISK               
  | STRING       | GUESS                    | YES    | SAD                | SAD                
  | BOOL         | MO_WRITE                 | NO     | FALSE              | FALSE              
  | BOOL         | FOCK_WRITE               | NO     | FALSE              | FALSE              
  | STRING       | ORTH_TYPE                | NO     | CANONICAL          | CANONICAL          
  | STRING       | ROHF_CANONIC_TYPE        | NO     | GUEST              | GUEST              
  | STRING       | ERI                      | NO     | INCORE             | INCORE             
  | STRING       | SCF_ALGORITHM            | NO     | ROOTHAAN           | ROOTHAAN           
  | STRING       | LOCAL_TYPE               | NO     | BOYS               | BOYS               
  | BOOL         | SAD_FRAC_OCC             | NO     | TRUE               | TRUE               
  | BOOL         | SAD_SPIN_AVERAGE         | NO     | TRUE               | TRUE               
  | DOUBLE       | SAD_E_CONVERGENCE        | NO     | 1e-05              | 1e-05              
  | DOUBLE       | SAD_D_CONVERGENCE        | NO     | 1e-05              | 1e-05              
  | INT          | SAD_MAXITER              | NO     | 50                 | 50                 
  | BOOL         | NIE                      | NO     | FALSE              | FALSE              
  | BOOL         | SAD_DIIS                 | NO     | TRUE               | TRUE               
  | INT          | SAD_MAX_DIIS             | NO     | 6                  | 6                  
  | INT          | SAD_MIN_DIIS             | NO     | 2                  | 2                  
  | INT          | SAD_PRINT                | NO     | 0                  | 0                  
  | STRING       | SAD_AUX_BASIS            | NO     | SAD-FIT            | SAD-FIT            
  | DOUBLE       | SAD_CHOLESKY_TOLERANCE   | NO     | 1e-07              | 1e-07              
  | BOOL         | SOLVATION                | YES    | TRUE               | FALSE              
  | BOOL         | BYPASS                   | NO     | FALSE              | FALSE              
  | STRING       | IAO_TYPE                 | NO     | STANDARD2013       | STANDARD2013       
  | BOOL         | USE_IAOS                 | NO     | FALSE              | FALSE              

	Initializing libdiis ...
	Initializing libmolint 1.1 ...
 CC-PVDZ primary basis set file will be read for the CL atom...
 CC-PVDZ primary basis set file will be read for the C atom...
 CC-PVDZ primary basis set file will be read for the H atom...
 Nmaxthread: 24 
 Nshell: 28 
 Lmax:  2 
 Npmax: 11 
 Nao: 60 
 Ndocc: 21 
 Nsocc:  0 
 NoccA: 21 
 NoccB: 21 
 Primary basis set info has been read.

 CC-PVDZ-JKFIT aux basis set file will be read for the CL atom...
 CC-PVDZ-JKFIT aux basis set file will be read for the C atom...
 CC-PVDZ-JKFIT aux basis set file will be read for the H atom...
 Nshell_aux: 114 
 Naux: 340 
 Aux basis set info has been read.

 orth_type: CANONICAL 
 Cpu time for S ints :       0.0100 s
 Wall time for S ints:       0.0088 s

 Using canonical orthogonalization. 
 Minimum eigenvalue in the overlap matrix is:   1.3421E-02 

 Cpu time for T ints :       0.0700 s
 Wall time for T ints:       0.0175 s
 Cpu time for V ints :       0.3200 s
 Wall time for V ints:       0.0823 s
 Cpu time for Metric ints :       0.3100 s
 Wall time for Metric ints:       0.0791 s
 3-Index Algorithm: AUTO 

 Calling fortran integrals: ringing... 
 Done with fintegrals.

 Cpu time for 3-index ints :       1.1100 s
 Wall time for 3-index ints:       0.2807 s
 Cpu time for df-factors :       0.0400 s
 Wall time for df-factors:       0.0100 s


 Puream (True=1, False=0) : 1
 Number of AO             : 60
 Number of MO             : 60
 Number of Aux Functions  : 340
 Charge                   : 0
 Multiplicity             : 1
 Alpha OCC                : 21
 Beta OCC                 : 21
 Nuclear Repulsion Energy : 133.18202748
 Energy Treshold          : 1.0e-08
 Density Treshold         : 1.0e-06
 Iteration Limit          : 50
 Guess                    : SAD
 Guess Mix                : false
 Diis                     : true
 Diis Damping             : false
 Diis Damp Parameter      : 0.02
 Diis Algorithm           : DISK
 Cutoff Treshold          : 1.0e-10
 Density Fitting          : true
 Reference                : RHF
 Die If Not Converged     : true
 Print Level              : 0
 ERI Algorithm            : INCORE
 SCF Algorithm            : ROOTHAAN




  ## SOLVATION Options ##

  | TYPE         | KEY                      | INPUT? | VALUE              | DEFAULT            
  |--------------|--------------------------|--------|--------------------|--------------------
  | INT          | NUM_Z_POINTS             | NO     | 90                 | 90                 
  | INT          | NUM_ANG_POINTS           | YES    | 100                | 100                
  | STRING       | SASA_TYPE                | YES    | NUMERIC            | NUMERIC            
  | STRING       | CHARGE_TYPE              | YES    | IAO_MULLIKEN       | IAO_MULLIKEN       
  | STRING       | CDS_TYPE                 | YES    | SMD                | SMD                
  | STRING       | SOLVENT                  | YES    | WATER              | WATER              
  | STRING       | SOLVENT_PARAMS           | YES    | MN21               | SM8                
  | STRING       | DIELECTRIC_PARAMS        | YES    | MN21               | MN21               
  | STRING       | COULOMB_RADII            | YES    | SMD                | SMD                
  | DOUBLE       | COVALENT_VW_CONST        | NO     | 0.76               | 0.76               
  | DOUBLE       | SOLVENT_RADIUS           | NO     | 0.4                | 0.4                
  | STRING       | RADIUS_TYPE              | YES    | SMD                | SMD                
  | DOUBLE       | GB_DIJ                   | NO     | 3.7                | 3.7                
  | DOUBLE       | GB_SIJ                   | NO     | 0.75               | 0.75               
  | DOUBLE       | GB_CIJ                   | NO     | 0.0                | 0.0                
  | DOUBLE       | F_PWSASA                 | NO     | 0.4535             | 0.4535             
  | DOUBLE       | SCALE_VDW                | NO     | 1.0                | 1.0                
  | DOUBLE       | SCALE_CR                 | NO     | 1.0                | 1.0                



 Sasa Type                  : NUMERIC 
 Charge Type                : IAO_MULLIKEN 
 CDS Type                   : SMD 
 Radius Type                : SMD 
 Solvent                    : WATER 
 Solvent Parameters         : MN21 
 Dielectric Parameters      : MN21 
 Coulomb Radii Parameters   : SMD 
 GB d_ij parameter          : 3.7000000000 
 GB S_ij parameter          : 0.7500000000 
 GB C_ij parameter          : 0.0000000000 
 Sclae_vdw parameter        : 1.0000000000 
 Number of z-points         : 90 
 Number of angular points   : 100 
 Number of SASA grid points : 17902 
 Solvent Dielectric Constant: 78.3553000000 

 VDW Radii:
	  1 CL :       1.7500  ang
	  2 CL :       1.7500  ang
	  3 C :       1.7000  ang
	  4 H :       1.2000  ang
	  5 H :       1.2000  ang

	 Computing SASA... 

 Atomic SASA values:
	  1 CL :      40.3229  ang^2
	  2 CL :      40.3229  ang^2
	  3 C :       6.0953  ang^2
	  4 H :      12.4388  ang^2
	  5 H :      12.4388  ang^2

	*Total SASA (angs^2): 111.6187021803 


 Coulomb Radii:
	  1 CL :       2.3800  ang
	  2 CL :       2.3800  ang
	  3 C :       1.8500  ang
	  4 H :       1.2000  ang
	  5 H :       1.2000  ang
 Solvent Alpha                       : 1.1700000000 

 ## Effective Born Radius (bohr) ##
   0   4.7926004477 
   1   4.7926004477 
   2   4.0793267274 
   3   3.4644533961 
   4   3.4644533961 

 Effective Born Radii:
	  1 CL :       2.5361  ang
	  2 CL :       2.5361  ang
	  3 C :       2.1587  ang
	  4 H :       1.8333  ang
	  5 H :       1.8333  ang


 Coulomb Integrals:
	  1  1 :       0.2087  bohr^-1
	  1  2 :       0.1451  bohr^-1
	  1  3 :       0.1886  bohr^-1
	  1  4 :       0.1772  bohr^-1
	  1  5 :       0.1772  bohr^-1
	  2  1 :       0.1451  bohr^-1
	  2  2 :       0.2087  bohr^-1
	  2  3 :       0.1886  bohr^-1
	  2  4 :       0.1772  bohr^-1
	  2  5 :       0.1772  bohr^-1
	  3  1 :       0.1886  bohr^-1
	  3  2 :       0.1886  bohr^-1
	  3  3 :       0.2451  bohr^-1
	  3  4 :       0.2409  bohr^-1
	  3  5 :       0.2409  bohr^-1
	  4  1 :       0.1772  bohr^-1
	  4  2 :       0.1772  bohr^-1
	  4  3 :       0.2409  bohr^-1
	  4  4 :       0.2886  bohr^-1
	  4  5 :       0.2194  bohr^-1
	  5  1 :       0.1772  bohr^-1
	  5  2 :       0.1772  bohr^-1
	  5  3 :       0.2409  bohr^-1
	  5  4 :       0.2194  bohr^-1
	  5  5 :       0.2886  bohr^-1
    ===> SCF Iteration Started <===

     Iter. |                   Energy |       Delta E |          Drms |
    -------|--------------------------|---------------|---------------|
         1 |      -957.74199246810531 |    -9.577e+02 |     1.897e-02 |
         2 |      -958.00203448298066 |    -2.600e-01 |     3.119e-03 | DIIS
         3 |      -958.02532600003542 |    -2.329e-02 |     1.166e-03 | DIIS
         4 |      -958.03057170761440 |    -5.246e-03 |     6.012e-04 | DIIS
         5 |      -958.03122176128841 |    -6.501e-04 |     1.306e-04 | DIIS
         6 |      -958.03123736562065 |    -1.560e-05 |     2.003e-05 | DIIS
         7 |      -958.03123930527158 |    -1.940e-06 |     9.455e-06 | DIIS
         8 |      -958.03123945151810 |    -1.462e-07 |     9.706e-07 | DIIS
         9 |      -958.03123945998937 |    -8.471e-09 |     3.877e-07 | DIIS


	-Alpha Occupied Orbital Energies (au):  
	 1: -104.8372321539 	 2: -104.8372316825 	 3: -11.3665675025 	 4: -10.5641925800 	 5: -10.5641683429 
	 6: -8.0317171647 	 7: -8.0317153012 	 8: -8.0281795438 	 9: -8.0281781536 	10: -8.0280508052 
	11: -8.0280495202 	12: -1.1830962106 	13: -1.0895454630 	14: -0.8937467314 	15: -0.6727831115 
	16: -0.6059655117 	17: -0.5752509196 	18: -0.4664270909 	19: -0.4630325015 	20: -0.4413007015 
	21: -0.4407686712 
	-Alpha Virtual Orbital Energies (au):  
	22: 0.1480486167 	23: 0.2031950754 	24: 0.2089754709 	25: 0.2212836182 	26: 0.5815348551 
	27: 0.5857179213 	28: 0.5884571965 	29: 0.6968175016 	30: 0.7009581625 	31: 0.7263539048 
	32: 0.7507887028 	33: 0.7744025323 	34: 0.7858106462 	35: 0.8003895298 	36: 0.8244821301 
	37: 0.8312193509 	38: 0.8564557166 	39: 0.9206087065 	40: 0.9599084447 	41: 0.9796126236 
	42: 0.9810394852 	43: 0.9959328128 	44: 1.0205184724 	45: 1.1094268109 	46: 1.2382258805 
	47: 1.2478640963 	48: 1.3486116221 	49: 1.3953059815 	50: 1.5534439584 	51: 1.6002038388 
	52: 1.7870778580 	53: 1.9428700010 	54: 1.9521169692 	55: 1.9575758522 	56: 2.0807219824 
	57: 2.1573500320 	58: 2.3391561585 	59: 2.7306242692 	60: 2.7425189782 


	-Mulliken Population Analysis for SCF:
	 1: -0.1164674798 	 2: -0.1164674798 	 3: -0.0238465479 	 4: 0.1283907537 	 5: 0.1283907537 


	-Lowdin Population Analysis for SCF:  
	 1: 0.0441485144 	 2: 0.0441485144 	 3: -0.1436340182 	 4: 0.0276684947 	 5: 0.0276684947 


	-Electronic Dipole Moment: (e a0)  
	 X:  -0.00000   Y:  0.00000   Z:  -2.19603   Total:  2.19603 

	-Electronic Dipole Moment: (D)  
	 X:  -0.00000   Y:  0.00000   Z:  -5.58175   Total:  5.58175 

	-Total Dipole Moment: (e a0)  
	 X:  -0.00000   Y:  0.00000   Z:  0.77802   Total:  0.77802 

	-Total Dipole Moment: (D)  
	 X:  -0.00000   Y:  0.00000   Z:  1.97752   Total:  1.97752 



	Initializing Liboeprop (by U. Bozkaya) ...


	-Mulliken Population Analysis for SCF-IAO:
	 1: -0.0906601918 	 2: -0.0906601918 	 3: -0.1788014477 	 4: 0.1800976084 	 5: 0.1800976084 


	-Lowdin Population Analysis for SCF-IAO:  
	 1: -0.0906601918 	 2: -0.0906601918 	 3: -0.1788014477 	 4: 0.1800976084 	 5: 0.1800976084 


	Initializing Liblocal (by U. Bozkaya) ...
  ==> Pipek-Mezey Localizer <==

    Convergence =   1.000E-08
    Maxiter     =          50

    Iteration                   Metric       Residual
    PM    0   1.1605474828361736E+01              -
    PM    1   1.9606921136344194E+01   6.894545E-01
    PM    2   2.2369441601282396E+01   1.408952E-01
    PM    3   2.2411943997136252E+01   1.900020E-03
    PM    4   2.2413528773899664E+01   7.071126E-05
    PM    5   2.2413539870922474E+01   4.951038E-07
    PM    6   2.2413539947599990E+01   3.421036E-09

    PM Localizer converged.



	*Molecular contr. to CDS energy:       0.0000  kcal/mol
	*Total CDS energy:       1.7710  kcal/mol
	*SCF::Polarization Free Energy (au)      : -0.0023025846 
	*SCF::Polarization Free Energy (kcal/mol):      -1.4449 
	*SCF::CDS Free Energy (au)      : 0.0028223374 
	*SCF::CDS Free Energy (kcal/mol):       1.7710 
	*SCF::Total Solvation Free Energy (au)      : 0.0005197528 
	*SCF::Total Solvation Free Energy (kcal/mol):       0.3261 
 CC-PVDZ primary basis set file will be read for the CL atom...
 CC-PVDZ primary basis set file will be read for the C atom...
 CC-PVDZ primary basis set file will be read for the H atom...
 Nmaxthread: 24 
 Nshell: 28 
 Lmax:  2 
 Npmax: 11 
 Nao: 60 
 Ndocc: 21 
 Nsocc:  0 
 NoccA: 21 
 NoccB: 21 
 Primary basis set info has been read.

 CC-PVDZ-JKFIT aux basis set file will be read for the CL atom...
 CC-PVDZ-JKFIT aux basis set file will be read for the C atom...
 CC-PVDZ-JKFIT aux basis set file will be read for the H atom...
 Nshell_aux: 114 
 Naux: 340 
 Aux basis set info has been read.


	*Total SCF Energy: -958.03123945998937

 Cpu time for SCF :       0.5185 minutes
 Wall time for SCF:       0.1435 minutes


	MO spaces... 

	 FC   OCC   VIR   FV 
	----------------------
	 11   10    39    0


	Libtrans is initialized (by U. Bozkaya) ...

 ============================================================================== 
 ============================================================================== 
 ============================================================================== 

                       DF-MP2   
              Program Written by Ugur Bozkaya
              Latest Revision May 2, 2021

 ============================================================================== 
 ============================================================================== 
 ============================================================================== 

	For this residual convergence, default PCG convergence is:     1.00e-07
    Warning: "PCG_CONVERGENCE" option is changed to     1.00e-07


  ## DFOCC Options ##

  | TYPE         | KEY                      | INPUT? | VALUE              | DEFAULT            
  |--------------|--------------------------|--------|--------------------|--------------------
  | BOOL         | EOM                      | NO     | FALSE              | FALSE              
  | BOOL         | EOM_MP2                  | NO     | FALSE              | FALSE              
  | BOOL         | EOM_MP3                  | NO     | FALSE              | FALSE              
  | BOOL         | EOM_MP2_5                | NO     | FALSE              | FALSE              
  | BOOL         | EOM_LCCD                 | NO     | FALSE              | FALSE              
  | BOOL         | LOW_MEM_MP2              | NO     | FALSE              | FALSE              
  | BOOL         | LOW_MEM_MP3              | NO     | FALSE              | FALSE              
  | BOOL         | CD_PRESCREEN             | NO     | FALSE              | FALSE              
  | DOUBLE       | CIS_E_CONV               | NO     | 1e-06              | 1e-06              
  | DOUBLE       | CIS_R_CONV               | NO     | 1e-06              | 1e-06              
  | DOUBLE       | CIS_RES_PRECONDITION_TOL | NO     | 0.0001             | 0.0001             
  | DOUBLE       | DAVIDSON_TOLERANCE       | NO     | 1e-06              | 1e-06              
  | DOUBLE       | E3_SCALE                 | NO     | 0.25               | 0.25               
  | DOUBLE       | E_CONVERGENCE            | NO     | 1e-06              | 1e-06              
  | DOUBLE       | JK_MEMORY                | NO     | 1000000000.0       | 1000000000.0       
  | DOUBLE       | LEVEL_SHIFT              | NO     | 0.02               | 0.02               
  | DOUBLE       | MAX_MOGRAD_CONVERGENCE   | NO     | 0.001              | 0.001              
  | DOUBLE       | MO_STEP_MAX              | NO     | 0.5                | 0.5                
  | DOUBLE       | MP2_OS_SCALE             | NO     | 1.2                | 1.2                
  | DOUBLE       | MP2_SOS_SCALE            | NO     | 1.3                | 1.3                
  | DOUBLE       | MP2_SOS_SCALE2           | NO     | 1.2                | 1.2                
  | DOUBLE       | MP2_SS_SCALE             | NO     | 0.3333333333333333 | 0.3333333333333333 
  | DOUBLE       | OCC_PERCENTAGE           | NO     | 99.0               | 99.0               
  | DOUBLE       | OCC_TOLERANCE            | NO     | 1e-05              | 1e-05              
  | DOUBLE       | OO_SCALE                 | NO     | 0.01               | 0.01               
  | DOUBLE       | PCG_CONVERGENCE          | NO     | 1e-06              | 1e-06              
  | DOUBLE       | R_CONVERGENCE            | NO     | 1e-05              | 1e-05              
  | DOUBLE       | REG_PARAM                | NO     | 0.4                | 0.4                
  | DOUBLE       | KAPPA_REG_PARAM          | NO     | 1.1                | 1.1                
  | DOUBLE       | RMS_MOGRAD_CONVERGENCE   | NO     | 1e-06              | 1e-06              
  | DOUBLE       | SCG_TOLERANCE            | NO     | 1e-06              | 1e-06              
  | DOUBLE       | SCHMIDT_ADD_RES_TOL      | NO     | 0.001              | 0.001              
  | INT          | ACTIVE_NAT_ORBS          | NO     | 2                  | 2                  
  | INT          | CC_DIIS_MAX_VECS         | NO     | 6                  | 6                  
  | INT          | CC_DIIS_MIN_VECS         | NO     | 2                  | 2                  
  | INT          | CC_MAXITER               | NO     | 50                 | 50                 
  | INT          | CUTOFF                   | NO     | 8                  | 8                  
  | INT          | EXCITATION_RANGE         | NO     | 2                  | 2                  
  | INT          | FOLLOW_ROOT              | NO     | 1                  | 1                  
  | INT          | INTEGRAL_CUTOFF          | NO     | 9                  | 9                  
  | INT          | MAX_VECS                 | NO     | 50                 | 50                 
  | INT          | MO_DIIS_NUM_VECS         | NO     | 6                  | 6                  
  | INT          | MO_MAXITER               | NO     | 50                 | 50                 
  | INT          | NUM_ROOTS                | NO     | 4                  | 4                  
  | INT          | PCG_MAXITER              | NO     | 50                 | 50                 
  | INT          | PRINT_LEVEL              | NO     | 0                  | 0                  
  | INT          | VECS_PER_ROOT            | NO     | 1                  | 1                  
  | STRING       | CC_LAMBDA                | NO     | FALSE              | FALSE              
  | STRING       | CHOLESKY                 | NO     | FALSE              | FALSE              
  | STRING       | CIS_ALGORITHM            | NO     | MO_BASIS           | MO_BASIS           
  | STRING       | CIS_GUESS_COEFF          | NO     | MIX                | MIX                
  | STRING       | COMPUT_S2                | NO     | FALSE              | FALSE              
  | STRING       | DIAG_METHOD              | NO     | DAVIDSON           | DAVIDSON           
  | STRING       | DO_DIIS                  | NO     | TRUE               | TRUE               
  | STRING       | DO_LEVEL_SHIFT           | NO     | TRUE               | TRUE               
  | STRING       | DO_SCS                   | NO     | FALSE              | FALSE              
  | STRING       | DO_SOS                   | NO     | FALSE              | FALSE              
  | STRING       | EKT_IP                   | NO     | FALSE              | FALSE              
  | STRING       | FREEZE_CORE              | NO     | TRUE               | TRUE               
  | STRING       | HESS_TYPE                | NO     | HF                 | HF                 
  | STRING       | JK_TYPE                  | NO     | DIRECT             | DIRECT             
  | STRING       | LINEQ_SOLVER             | NO     | CDGESV             | CDGESV             
  | STRING       | MO_READ                  | NO     | FALSE              | FALSE              
  | STRING       | MO_WRITE                 | NO     | FALSE              | FALSE              
  | STRING       | MP2_AMP_TYPE             | NO     | DIRECT             | DIRECT             
  | STRING       | NAT_ORBS                 | NO     | FALSE              | FALSE              
  | STRING       | NBO                      | NO     | TRUE               | TRUE               
  | STRING       | OCC_ORBS_PRINT           | NO     | FALSE              | FALSE              
  | STRING       | OEPROP                   | NO     | FALSE              | FALSE              
  | STRING       | OPT_METHOD               | NO     | QNR                | QNR                
  | STRING       | ORB_RESP_SOLVER          | NO     | PCG                | PCG                
  | STRING       | ORTH_TYPE                | NO     | MGS                | MGS                
  | STRING       | PCG_BETA_TYPE            | NO     | FLETCHER_REEVES    | FLETCHER_REEVES    
  | STRING       | PPL_TYPE                 | NO     | AUTO               | AUTO               
  | STRING       | PRINT_CI_VECS            | NO     | FALSE              | FALSE              
  | STRING       | QCHF                     | NO     | FALSE              | FALSE              
  | STRING       | READ_SCF_3INDEX          | NO     | TRUE               | TRUE               
  | STRING       | REGULARIZATION           | NO     | FALSE              | FALSE              
  | STRING       | REG_TYPE                 | NO     | NORMAL             | NORMAL             
  | STRING       | SCS_TYPE                 | NO     | SCS                | SCS                
  | STRING       | SOS_TYPE                 | NO     | SOS                | SOS                
  | STRING       | TRIPLES_IABC_TYPE        | NO     | DISK               | DISK               
  | STRING       | UNIT_GUESS_TYPE          | NO     | GEN                | GEN                
  | STRING       | EKT_NEGATIVE_OCC         | NO     | ABS                | ABS                
  | BOOL         | SOLVATION                | YES    | TRUE               | FALSE              

	MO spaces... 

	 FC   OCC   VIR   FV 
	----------------------
	 11   10    39    0
 CC-PVDZ primary basis set file will be read for the CL atom...
 CC-PVDZ primary basis set file will be read for the C atom...
 CC-PVDZ primary basis set file will be read for the H atom...
 Nmaxthread: 24 
 Nshell: 28 
 Lmax:  2 
 Npmax: 11 
 Nao: 60 
 Ndocc: 21 
 Nsocc:  0 
 NoccA: 21 
 NoccB: 21 
 Primary basis set info has been read.

 CC-PVDZ-RI aux basis set file will be read for the CL atom...
 CC-PVDZ-RI aux basis set file will be read for the C atom...
 CC-PVDZ-RI aux basis set file will be read for the H atom...
 Nshell_aux: 78 
 Naux: 236 
 Aux basis set info has been read.

 Cpu time for Metric ints :       0.2000 s
 Wall time for Metric ints:       0.0520 s
 3-Index Algorithm: AUTO 

 Calling fortran integrals: ringing... 
 Done with fintegrals.

 Cpu time for 3-index ints :       1.1700 s
 Wall time for 3-index ints:       0.3200 s
 Cpu time for df-factors :       0.0200 s
 Wall time for df-factors:       0.0050 s
 CC-PVDZ primary basis set file will be read for the CL atom...
 CC-PVDZ primary basis set file will be read for the C atom...
 CC-PVDZ primary basis set file will be read for the H atom...
 Nmaxthread: 24 
 Nshell: 28 
 Lmax:  2 
 Npmax: 11 
 Nao: 60 
 Ndocc: 21 
 Nsocc:  0 
 NoccA: 21 
 NoccB: 21 
 Primary basis set info has been read.

 CC-PVDZ-JKFIT aux basis set file will be read for the CL atom...
 CC-PVDZ-JKFIT aux basis set file will be read for the C atom...
 CC-PVDZ-JKFIT aux basis set file will be read for the H atom...
 Nshell_aux: 114 
 Naux: 340 
 Aux basis set info has been read.

	Reading DF integrals from disk ...
 Cpu time for Metric ints :       0.2600 s
 Wall time for Metric ints:       0.0645 s
	Number of basis functions in the DF-HF basis: 340
	Number of basis functions in the DF-CC basis: 236

	Available memory                      :  30000.00 MB 
	Minimum required memory for amplitudes:      3.65 MB 
	Memory requirement for B-CC (Q|mu nu) :      6.80 MB 
	Memory requirement for B-CC (Q|ab)    :      2.87 MB 
	Memory requirement for DF-CC int trans:     11.21 MB 

	Computing DF-MP2 energy using SCF MOs (Canonical DF-MP2)... 
	======================================================================= 
	Nuclear Repulsion Energy (a.u.)    :   133.18203202516000
	DF-HF Energy (a.u.)                :  -958.03123945998937
	REF Energy (a.u.)                  :  -958.03123945998937
	DF-MP2 Correlation Energy (a.u.)   :    -0.41591963833813
	DF-MP2 Total Energy (a.u.)         :  -958.44715909832746
	======================================================================= 

	*Total MP2 Energy: -958.44715909832746

	Computing unrelaxed response density matrices...
	Number of independent-pairs: 819
	Computing the generalized Fock matrix (GFM)...
	Computing the orbital gradient...
	Forming effective orbital gradient...
	Solving orbital Z-vector equations...

	            PCG Solver 
	   ------------------------------ 
	Iter     RMS Z Vector        RMS Residual  
	----    ---------------    ---------------
	  1         1.34e-03         7.79e-04
	  2         4.19e-04         2.39e-04
	  3         8.98e-05         6.58e-05
	  4         3.49e-05         2.27e-05
	  5         1.01e-05         4.71e-06
	  6         2.89e-06         9.71e-07
	  7         3.67e-07         2.22e-07
	  8         1.36e-07         5.18e-08
	  9         2.44e-08         1.07e-08

	Computing the relaxed PDMs and GFM...
	Compute solv. is starting ...

	Initializing Liboeprop (by U. Bozkaya) ...


	-Mulliken Population Analysis for MP2-IAO:
	 1: 0.0810757502 	 2: 0.0810757502 	 3: -0.1492946048 	 4: 0.0974850648 	 5: 0.0974850648 


	-Lowdin Population Analysis for MP2-IAO:  
	 1: 0.0810757502 	 2: 0.0810757502 	 3: -0.1492946048 	 4: 0.0974850648 	 5: 0.0974850648 



  ## SOLVATION Options ##

  | TYPE         | KEY                      | INPUT? | VALUE              | DEFAULT            
  |--------------|--------------------------|--------|--------------------|--------------------
  | INT          | NUM_Z_POINTS             | NO     | 90                 | 90                 
  | INT          | NUM_ANG_POINTS           | YES    | 100                | 100                
  | STRING       | SASA_TYPE                | YES    | NUMERIC            | NUMERIC            
  | STRING       | CHARGE_TYPE              | YES    | IAO_MULLIKEN       | IAO_MULLIKEN       
  | STRING       | CDS_TYPE                 | YES    | SMD                | SMD                
  | STRING       | SOLVENT                  | YES    | WATER              | WATER              
  | STRING       | SOLVENT_PARAMS           | YES    | MN21               | SM8                
  | STRING       | DIELECTRIC_PARAMS        | YES    | MN21               | MN21               
  | STRING       | COULOMB_RADII            | YES    | SMD                | SMD                
  | DOUBLE       | COVALENT_VW_CONST        | NO     | 0.76               | 0.76               
  | DOUBLE       | SOLVENT_RADIUS           | NO     | 0.4                | 0.4                
  | STRING       | RADIUS_TYPE              | YES    | SMD                | SMD                
  | DOUBLE       | GB_DIJ                   | NO     | 3.7                | 3.7                
  | DOUBLE       | GB_SIJ                   | NO     | 0.75               | 0.75               
  | DOUBLE       | GB_CIJ                   | NO     | 0.0                | 0.0                
  | DOUBLE       | F_PWSASA                 | NO     | 0.4535             | 0.4535             
  | DOUBLE       | SCALE_VDW                | NO     | 1.0                | 1.0                
  | DOUBLE       | SCALE_CR                 | NO     | 1.0                | 1.0                



 Sasa Type                  : NUMERIC 
 Charge Type                : IAO_MULLIKEN 
 CDS Type                   : SMD 
 Radius Type                : SMD 
 Solvent                    : WATER 
 Solvent Parameters         : MN21 
 Dielectric Parameters      : MN21 
 Coulomb Radii Parameters   : SMD 
 GB d_ij parameter          : 3.7000000000 
 GB S_ij parameter          : 0.7500000000 
 GB C_ij parameter          : 0.0000000000 
 Sclae_vdw parameter        : 1.0000000000 
 Number of z-points         : 90 
 Number of angular points   : 100 
 Number of SASA grid points : 17902 
 Solvent Dielectric Constant: 78.3553000000 

 VDW Radii:
	  1 CL :       1.7500  ang
	  2 CL :       1.7500  ang
	  3 C :       1.7000  ang
	  4 H :       1.2000  ang
	  5 H :       1.2000  ang

	 Computing SASA... 

 Atomic SASA values:
	  1 CL :      40.3229  ang^2
	  2 CL :      40.3229  ang^2
	  3 C :       6.0953  ang^2
	  4 H :      12.4388  ang^2
	  5 H :      12.4388  ang^2

	*Total SASA (angs^2): 111.6187021803 


 Coulomb Radii:
	  1 CL :       2.3800  ang
	  2 CL :       2.3800  ang
	  3 C :       1.8500  ang
	  4 H :       1.2000  ang
	  5 H :       1.2000  ang
 Solvent Alpha                       : 1.1700000000 

 ## Effective Born Radius (bohr) ##
   0   4.7926004477 
   1   4.7926004477 
   2   4.0793267274 
   3   3.4644533961 
   4   3.4644533961 

 Effective Born Radii:
	  1 CL :       2.5361  ang
	  2 CL :       2.5361  ang
	  3 C :       2.1587  ang
	  4 H :       1.8333  ang
	  5 H :       1.8333  ang


 Coulomb Integrals:
	  1  1 :       0.2087  bohr^-1
	  1  2 :       0.1451  bohr^-1
	  1  3 :       0.1886  bohr^-1
	  1  4 :       0.1772  bohr^-1
	  1  5 :       0.1772  bohr^-1
	  2  1 :       0.1451  bohr^-1
	  2  2 :       0.2087  bohr^-1
	  2  3 :       0.1886  bohr^-1
	  2  4 :       0.1772  bohr^-1
	  2  5 :       0.1772  bohr^-1
	  3  1 :       0.1886  bohr^-1
	  3  2 :       0.1886  bohr^-1
	  3  3 :       0.2451  bohr^-1
	  3  4 :       0.2409  bohr^-1
	  3  5 :       0.2409  bohr^-1
	  4  1 :       0.1772  bohr^-1
	  4  2 :       0.1772  bohr^-1
	  4  3 :       0.2409  bohr^-1
	  4  4 :       0.2886  bohr^-1
	  4  5 :       0.2194  bohr^-1
	  5  1 :       0.1772  bohr^-1
	  5  2 :       0.1772  bohr^-1
	  5  3 :       0.2409  bohr^-1
	  5  4 :       0.2194  bohr^-1
	  5  5 :       0.2886  bohr^-1


	*Molecular contr. to CDS energy:       0.0000  kcal/mol
	*Total CDS energy:       1.7710  kcal/mol
	*MP2::Polarization Free Energy (au)      : -0.0038567550 
	*MP2::Polarization Free Energy (kcal/mol):      -2.4202 
	*MP2::CDS Free Energy (au)      : 0.0028223374 
	*MP2::CDS Free Energy (kcal/mol):       1.7710 
	*MP2::Total Solvation Free Energy (au)      : -0.0010344176 
	*MP2::Total Solvation Free Energy (kcal/mol):      -0.6491 
	GB-MP2 Total Energy (a.u.)         :  -958.44819351588944

	*Total GB-MP2 Energy: -958.44715909832746


 Cpu time for MacroQC :       0.6465 minutes
 Wall time for MacroQC:       0.1816 minutes


 ******************************************************************************************
	 MacroQC terminates normally:) 
 ****************************************************************************************** 

