 ==========================================================================================
 =========                __  ___                         ____  ______            =========
 ======                  /  |/  /___ _______________     / __ \/ ____/               ======
 ====                   / /|_/ / __ `/ ___/ ___/ __ \   / / / / /                      ====
 ===                   / /  / / /_/ / /__/ /  / /_/ /  / /_/ / /___                     ===
 ==                   /_/  /_/\__,_/\___/_/   \____/   \___\_\____/                      ==
 ===                                                                1.0.4                ===
 =====     An electronic structure theory software for large-scale applications       =====
 ======                                 See license.txt for license info             ======
 =========                                                                        =========
 ==========================================================================================
                                                                                           
                           * * * * * * * * * * * * * * * * * * * *                        
                           *            Developed by             *                        
                           *             U. Bozkaya              *                        
                           *                                     *                        
                           *       With contributions from:      *                        
                           *         B. Ermis, Y. Alagoz,        *                        
                           *         A. Unal, and A. K. Uyar     *                        
                           *         Git Version: deab493        *                        
                           *       Latest Revision: 2026-03-23   *                        
                           * * * * * * * * * * * * * * * * * * * *                        


 Run date: Wed Mar 25 09:12:54 2026
 
 Hostname: ub9 

 ## MacroQC input file ##
 ******************************************************************************************
$set_molecule
0 1
F      -0.7525330634    -0.0000000556    -0.0000020345
C       0.6338224812     0.0000005601     0.0000002610
H       0.9899715245    -0.5289271891    -0.8844988857
H       0.9899547486     1.0304964912    -0.0157872117
H       0.9899364104    -0.5015721623     0.9003028419
$end_molecule


$set_globals
   basis cc-pvdz
  method mp2
  reference rhf
  jobtype energy
  memory 30000
$end_globals


$set_scf
  e_convergence 1.0e-8
  d_convergence 1.0e-6
  guess sad
  solvation true
$end_scf


$set_solvation
  cds_type smd
  radius_type smd
  solvent_params mn21
  dielectric_params mn21
  sasa_type numeric
  solvent water
  num_ang_points 100
  charge_type iao_mulliken
  coulomb_radii smd
$end_solvation

$set_dfocc
solvation true
$end_dfocc

 ******************************************************************************************


	-Geometry before Center-of-Mass shift (ang): 
	 Number     Atom               X                    Y                       Z  
	 ---------------------------------------------------------------------------------------
           1     F            -0.7525330634         -0.0000000556          -0.0000020345  
           2     C             0.6338224812          0.0000005601           0.0000002610  
           3     H             0.9899715245         -0.5289271891          -0.8844988857  
           4     H             0.9899547486          1.0304964912          -0.0157872117  
           5     H             0.9899364104         -0.5015721623           0.9003028419  



	-Geometry after Center-of-Mass shift (ang): 
	 Atom               X                    Y                       Z  
	 -------------------------------------------------------------------
     F          -0.6438396275         -0.0000001374          -0.0000014865  
     C           0.7425159171          0.0000004783           0.0000008090  
     H           1.0986649604         -0.5289272709          -0.8844983377  
     H           1.0986481845          1.0304964094          -0.0157866637  
     H           1.0986298463         -0.5015722441           0.9003033899  


	-Geometry after Center-of-Mass shift (bohr): 
	 Atom               X                    Y                       Z  
	 -------------------------------------------------------------------
     F          -1.2166805648         -0.0000002596          -0.0000028090  
     C           1.4031517270          0.0000009039           0.0000015288  
     H           2.0761758787         -0.9995276822          -1.6714596166  
     H           2.0761441769          1.9473559871          -0.0298324708  
     H           2.0761095227         -0.9478341734           1.7013268368  


    Rotational Constants: A =     5.24943  B =     0.85371  C =      0.85370 [cm^-1] 
    Rotor Type: SYMMETRIC 

	-Nuclear Dipole Moment: (e a0)  
	 X:  3.69721   Y:  -0.00000   Z:  0.00002   Total:  3.69721 

	-Nuclear Dipole Moment: (D)  
	 X:  9.39738   Y:  -0.00001   Z:  0.00005   Total:  9.39738 


    Nuclear repulsion energy (V_NN)              : 37.294513601993 
   =====================================================
   Charge                : 0 
   Multiplicity          : 1 
   Number of Atoms       : 5 
   Number of Ghost Atoms : 0 
   Number of Electrons   : 18 
   Number of alpha occupied orbitals (NoccA)  : 9 
   Number of beta occupied orbitals (NoccB)   : 9 
   Number of singly occupied orbitals (Nsocc) : 0 
   Number of doubly occupied orbitals (Ndocc) : 9 
   =====================================================



  ## GLOBALS Options ##

  | TYPE         | KEY                      | INPUT? | VALUE              | DEFAULT            
  |--------------|--------------------------|--------|--------------------|--------------------
  | BOOL         | ERI_DISK                 | NO     | FALSE              | FALSE              
  | BOOL         | FREEZE_CORE              | NO     | TRUE               | TRUE               
  | BOOL         | MOL_FRAG                 | NO     | FALSE              | FALSE              
  | BOOL         | NOCOM                    | NO     | FALSE              | FALSE              
  | BOOL         | NOREORIENT               | NO     | TRUE               | TRUE               
  | BOOL         | PUREAM                   | NO     | TRUE               | TRUE               
  | BOOL         | ML                       | NO     | FALSE              | FALSE              
  | BOOL         | READ_PDB                 | NO     | FALSE              | FALSE              
  | BOOL         | TEST_MODE                | NO     | FALSE              | FALSE              
  | INT          | DERIVE_LEVEL             | NO     | 0                  | 0                  
  | INT          | FINDIF_POINTS            | NO     | 3                  | 3                  
  | INT          | MEMORY                   | YES    | 30000              | 2000               
  | INT          | NUM_THREADS              | NO     | 1                  | 1                  
  | INT          | NUM_FROZEN_DOCC          | NO     | 0                  | 0                  
  | INT          | NUM_FROZEN_VIR           | NO     | 0                  | 0                  
  | INT          | PRINT_LEVEL              | NO     | 0                  | 0                  
  | STRING       | AUX_BASIS_CORR           | NO     | CC-PVDZ-RI         | CC-PVDZ-RI         
  | STRING       | AUX_BASIS_SCF            | NO     | CC-PVDZ-JKFIT      | CC-PVDZ-JKFIT      
  | STRING       | BASIS                    | YES    | CC-PVDZ            | CC-PVDZ            
  | STRING       | BASIS2                   | NO     | MINAO              | MINAO              
  | STRING       | DERIVE_TYPE              | NO     | ANALYTIC           | ANALYTIC           
  | STRING       | FINDIF_METHOD            | NO     | GRAD               | GRAD               
  | STRING       | GEOM_UNITS               | NO     | ANG                | ANG                
  | STRING       | JOBTYPE                  | YES    | ENERGY             | ENERGY             
  | STRING       | METHOD                   | YES    | MP2                | SCF                
  | STRING       | REFERENCE                | YES    | RHF                | RHF                
  | STRING       | OUTFILE_MODE             | NO     | NEW                | NEW                
  | DOUBLE       | STEP_BOHR                | NO     | 0.05               | 0.05               
  | STR_ARRAY    | MOLECULE_GEOM_FROM       | NO     | [input]            | [input]            
  | DOUBLE_ARRAY | ELECTRIC_STRENGTH        | NO     | [0.001;0.001;0.001]| [0.001;0.001;0.001]
  | STRING       | ELECTRIC_FIELD           | NO     | NONE               | NONE               
  | STRING       | ALIGN_TWO_ATOMS          | NO     | NONE               | NONE               
  | INT_ARRAY    | TWO_ATOMS                | NO     | [0]                | [0]                



  ## INTS Options ##

  | TYPE         | KEY                      | INPUT? | VALUE              | DEFAULT            
  |--------------|--------------------------|--------|--------------------|--------------------
  | DOUBLE       | BOYS_CUTOFF              | NO     | 1e-15              | 1e-15              
  | DOUBLE       | BOYS_ZERO                | NO     | 1e-06              | 1e-06              
  | DOUBLE       | DELTA_X                  | NO     | 0.1                | 0.1                
  | DOUBLE       | INTEGRAL_CUTOFF          | NO     | 1e-10              | 1e-10              
  | DOUBLE       | X_MAX                    | NO     | 30.0               | 30.0               
  | INT          | BOYS_MAXITER             | NO     | 10000              | 10000              
  | INT          | MAX_AM                   | NO     | 7                  | 7                  
  | INT          | MAX_AM_AUX               | NO     | 7                  | 7                  
  | INT          | PRINT_LEVEL              | NO     | 0                  | 0                  
  | INT          | TAYLOR_ORDER             | NO     | 6                  | 6                  
  | STRING       | 3INDEX_ALGORITHM         | NO     | AUTO               | AUTO               
  | STRING       | BOYS_METHOD              | NO     | GHP                | GHP                
  | STRING       | ERI_ALGORITHM            | NO     | MD4                | MD4                


	Initializing Liboeprop (by U. Bozkaya) ...

	*=================================================================*
	*                  SCF                                            *
	*   Developed by U. Bozkaya & Y. Alagoz                           *
	*   Latest revision Feb 16, 2021                                  *
	*=================================================================*



  ## SCF Options ##

  | TYPE         | KEY                      | INPUT? | VALUE              | DEFAULT            
  |--------------|--------------------------|--------|--------------------|--------------------
  | BOOL         | DIIS_DAMP                | NO     | FALSE              | FALSE              
  | BOOL         | DIE_IF_NOT_CONVERGED     | NO     | TRUE               | TRUE               
  | BOOL         | DO_DF                    | NO     | TRUE               | TRUE               
  | BOOL         | DIIS                     | NO     | TRUE               | TRUE               
  | BOOL         | FOCK_DAMP                | NO     | FALSE              | FALSE              
  | BOOL         | GUESS_MIX                | NO     | FALSE              | FALSE              
  | BOOL         | GUESS_PREVIOUS           | NO     | FALSE              | FALSE              
  | BOOL         | LOCAL                    | NO     | FALSE              | FALSE              
  | BOOL         | RETRY                    | NO     | TRUE               | TRUE               
  | DOUBLE       | CUTOFF                   | NO     | 1e-10              | 1e-10              
  | DOUBLE       | D_CONVERGENCE            | YES    | 1e-06              | 1e-06              
  | DOUBLE       | DAMP_PARAM               | NO     | 0.02               | 0.02               
  | DOUBLE       | E_CONVERGENCE            | YES    | 1e-08              | 1e-08              
  | DOUBLE       | FOCK_DAMP_PERC           | NO     | 20.0               | 20.0               
  | DOUBLE       | MIN_OVERLAP_EIGVAL       | NO     | 1e-06              | 1e-06              
  | DOUBLE       | LOCAL_CONVERGENCE        | NO     | 1e-08              | 1e-08              
  | DOUBLE       | QC_GUESS_E_CONVERGENCE   | NO     | 0.0001             | 0.0001             
  | DOUBLE       | QC_GUESS_D_CONVERGENCE   | NO     | 0.005              | 0.005              
  | INT          | MAX_DIIS                 | NO     | 6                  | 6                  
  | INT          | MIN_DIIS                 | NO     | 2                  | 2                  
  | INT          | PRINT_LEVEL              | NO     | 0                  | 0                  
  | INT          | SCF_MAXITER              | NO     | 50                 | 50                 
  | INT          | LOCAL_MAXITER            | NO     | 50                 | 50                 
  | STRING       | DIIS_ALGORITHM           | NO     | DISK               | DISK               
  | STRING       | GUESS                    | YES    | SAD                | SAD                
  | BOOL         | MO_WRITE                 | NO     | FALSE              | FALSE              
  | BOOL         | FOCK_WRITE               | NO     | FALSE              | FALSE              
  | STRING       | ORTH_TYPE                | NO     | CANONICAL          | CANONICAL          
  | STRING       | ROHF_CANONIC_TYPE        | NO     | GUEST              | GUEST              
  | STRING       | ERI                      | NO     | INCORE             | INCORE             
  | STRING       | SCF_ALGORITHM            | NO     | ROOTHAAN           | ROOTHAAN           
  | STRING       | LOCAL_TYPE               | NO     | BOYS               | BOYS               
  | BOOL         | SAD_FRAC_OCC             | NO     | TRUE               | TRUE               
  | BOOL         | SAD_SPIN_AVERAGE         | NO     | TRUE               | TRUE               
  | DOUBLE       | SAD_E_CONVERGENCE        | NO     | 1e-05              | 1e-05              
  | DOUBLE       | SAD_D_CONVERGENCE        | NO     | 1e-05              | 1e-05              
  | INT          | SAD_MAXITER              | NO     | 50                 | 50                 
  | BOOL         | NIE                      | NO     | FALSE              | FALSE              
  | BOOL         | SAD_DIIS                 | NO     | TRUE               | TRUE               
  | INT          | SAD_MAX_DIIS             | NO     | 6                  | 6                  
  | INT          | SAD_MIN_DIIS             | NO     | 2                  | 2                  
  | INT          | SAD_PRINT                | NO     | 0                  | 0                  
  | STRING       | SAD_AUX_BASIS            | NO     | SAD-FIT            | SAD-FIT            
  | DOUBLE       | SAD_CHOLESKY_TOLERANCE   | NO     | 1e-07              | 1e-07              
  | BOOL         | SOLVATION                | YES    | TRUE               | FALSE              
  | BOOL         | BYPASS                   | NO     | FALSE              | FALSE              
  | STRING       | IAO_TYPE                 | NO     | STANDARD2013       | STANDARD2013       
  | BOOL         | USE_IAOS                 | NO     | FALSE              | FALSE              

	Initializing libdiis ...
	Initializing libmolint 1.1 ...
 CC-PVDZ primary basis set file will be read for the F atom...
 CC-PVDZ primary basis set file will be read for the C atom...
 CC-PVDZ primary basis set file will be read for the H atom...
 Nmaxthread: 16 
 Nshell: 21 
 Lmax:  2 
 Npmax:  8 
 Nao: 43 
 Ndocc:  9 
 Nsocc:  0 
 NoccA:  9 
 NoccB:  9 
 Primary basis set info has been read.

 CC-PVDZ-JKFIT aux basis set file will be read for the F atom...
 CC-PVDZ-JKFIT aux basis set file will be read for the C atom...
 CC-PVDZ-JKFIT aux basis set file will be read for the H atom...
 Nshell_aux: 75 
 Naux: 209 
 Aux basis set info has been read.

 orth_type: CANONICAL 
 Cpu time for S ints :       0.0100 s
 Wall time for S ints:       0.0026 s

 Using canonical orthogonalization. 
 Minimum eigenvalue in the overlap matrix is:   2.0859E-02 

 Cpu time for T ints :       0.0100 s
 Wall time for T ints:       0.0037 s
 Cpu time for V ints :       0.0700 s
 Wall time for V ints:       0.0164 s
 Cpu time for Metric ints :       0.1200 s
 Wall time for Metric ints:       0.0340 s
 3-Index Algorithm: AUTO 

 Calling fortran integrals: ringing... 
 Done with fintegrals.

 Cpu time for 3-index ints :       0.2100 s
 Wall time for 3-index ints:       0.0527 s
 Cpu time for df-factors :       0.0100 s
 Wall time for df-factors:       0.0024 s


 Puream (True=1, False=0) : 1
 Number of AO             : 43
 Number of MO             : 43
 Number of Aux Functions  : 209
 Charge                   : 0
 Multiplicity             : 1
 Alpha OCC                : 9
 Beta OCC                 : 9
 Nuclear Repulsion Energy : 37.29451360
 Energy Treshold          : 1.0e-08
 Density Treshold         : 1.0e-06
 Iteration Limit          : 50
 Guess                    : SAD
 Guess Mix                : false
 Diis                     : true
 Diis Damping             : false
 Diis Damp Parameter      : 0.02
 Diis Algorithm           : DISK
 Cutoff Treshold          : 1.0e-10
 Density Fitting          : true
 Reference                : RHF
 Die If Not Converged     : true
 Print Level              : 0
 ERI Algorithm            : INCORE
 SCF Algorithm            : ROOTHAAN




  ## SOLVATION Options ##

  | TYPE         | KEY                      | INPUT? | VALUE              | DEFAULT            
  |--------------|--------------------------|--------|--------------------|--------------------
  | INT          | NUM_Z_POINTS             | NO     | 90                 | 90                 
  | INT          | NUM_ANG_POINTS           | YES    | 100                | 100                
  | STRING       | SASA_TYPE                | YES    | NUMERIC            | NUMERIC            
  | STRING       | CHARGE_TYPE              | YES    | IAO_MULLIKEN       | IAO_MULLIKEN       
  | STRING       | CDS_TYPE                 | YES    | SMD                | SMD                
  | STRING       | SOLVENT                  | YES    | WATER              | WATER              
  | STRING       | SOLVENT_PARAMS           | YES    | MN21               | SM8                
  | STRING       | DIELECTRIC_PARAMS        | YES    | MN21               | MN21               
  | STRING       | COULOMB_RADII            | YES    | SMD                | SMD                
  | DOUBLE       | COVALENT_VW_CONST        | NO     | 0.76               | 0.76               
  | DOUBLE       | SOLVENT_RADIUS           | NO     | 0.4                | 0.4                
  | STRING       | RADIUS_TYPE              | YES    | SMD                | SMD                
  | DOUBLE       | GB_DIJ                   | NO     | 3.7                | 3.7                
  | DOUBLE       | GB_SIJ                   | NO     | 0.75               | 0.75               
  | DOUBLE       | GB_CIJ                   | NO     | 0.0                | 0.0                
  | DOUBLE       | F_PWSASA                 | NO     | 0.4535             | 0.4535             
  | DOUBLE       | SCALE_VDW                | NO     | 1.0                | 1.0                
  | DOUBLE       | SCALE_CR                 | NO     | 1.0                | 1.0                



 Sasa Type                  : NUMERIC 
 Charge Type                : IAO_MULLIKEN 
 CDS Type                   : SMD 
 Radius Type                : SMD 
 Solvent                    : WATER 
 Solvent Parameters         : MN21 
 Dielectric Parameters      : MN21 
 Coulomb Radii Parameters   : SMD 
 GB d_ij parameter          : 3.7000000000 
 GB S_ij parameter          : 0.7500000000 
 GB C_ij parameter          : 0.0000000000 
 Sclae_vdw parameter        : 1.0000000000 
 Number of z-points         : 90 
 Number of angular points   : 100 
 Number of SASA grid points : 17902 
 Solvent Dielectric Constant: 78.3553000000 

 VDW Radii:
	  1 F :       1.4700  ang
	  2 C :       1.7000  ang
	  3 H :       1.2000  ang
	  4 H :       1.2000  ang
	  5 H :       1.2000  ang

	 Computing SASA... 

 Atomic SASA values:
	  1 F :      26.2231  ang^2
	  2 C :      13.3762  ang^2
	  3 H :      13.0211  ang^2
	  4 H :      13.1343  ang^2
	  5 H :      13.0193  ang^2

	*Total SASA (angs^2): 78.7739126902 


 Coulomb Radii:
	  1 F :       1.7300  ang
	  2 C :       1.8500  ang
	  3 H :       1.2000  ang
	  4 H :       1.2000  ang
	  5 H :       1.2000  ang
 Solvent Alpha                       : 1.1700000000 

 ## Effective Born Radius (bohr) ##
   0   3.5857652563 
   1   3.5976606146 
   2   2.9568262368 
   3   2.9568173128 
   4   2.9568319325 

 Effective Born Radii:
	  1 F :       1.8975  ang
	  2 C :       1.9038  ang
	  3 H :       1.5647  ang
	  4 H :       1.5647  ang
	  5 H :       1.5647  ang


 Coulomb Integrals:
	  1  1 :       0.2789  bohr^-1
	  1  2 :       0.2355  bohr^-1
	  1  3 :       0.2135  bohr^-1
	  1  4 :       0.2135  bohr^-1
	  1  5 :       0.2135  bohr^-1
	  2  1 :       0.2355  bohr^-1
	  2  2 :       0.2780  bohr^-1
	  2  3 :       0.2692  bohr^-1
	  2  4 :       0.2692  bohr^-1
	  2  5 :       0.2692  bohr^-1
	  3  1 :       0.2135  bohr^-1
	  3  2 :       0.2692  bohr^-1
	  3  3 :       0.3382  bohr^-1
	  3  4 :       0.2388  bohr^-1
	  3  5 :       0.2389  bohr^-1
	  4  1 :       0.2135  bohr^-1
	  4  2 :       0.2692  bohr^-1
	  4  3 :       0.2388  bohr^-1
	  4  4 :       0.3382  bohr^-1
	  4  5 :       0.2388  bohr^-1
	  5  1 :       0.2135  bohr^-1
	  5  2 :       0.2692  bohr^-1
	  5  3 :       0.2389  bohr^-1
	  5  4 :       0.2388  bohr^-1
	  5  5 :       0.3382  bohr^-1
    ===> SCF Iteration Started <===

     Iter. |                   Energy |       Delta E |          Drms |
    -------|--------------------------|---------------|---------------|
         1 |      -138.43649125051664 |    -1.384e+02 |     1.706e-02 |
         2 |      -139.01670271606827 |    -5.802e-01 |     3.655e-03 | DIIS
         3 |      -139.04093213729985 |    -2.423e-02 |     9.655e-04 | DIIS
         4 |      -139.04421789416097 |    -3.286e-03 |     5.212e-04 | DIIS
         5 |      -139.04473230054751 |    -5.144e-04 |     1.197e-04 | DIIS
         6 |      -139.04474458017532 |    -1.228e-05 |     2.550e-05 | DIIS
         7 |      -139.04474525426926 |    -6.741e-07 |     8.119e-06 | DIIS
         8 |      -139.04474536036500 |    -1.061e-07 |     3.420e-06 | DIIS
         9 |      -139.04474537137443 |    -1.101e-08 |     7.601e-07 | DIIS
        10 |      -139.04474537228495 |    -9.105e-10 |     4.354e-08 | DIIS


	-Alpha Occupied Orbital Energies (au):  
	 1: -26.2549902252 	 2: -11.2969632150 	 3: -1.5640659248 	 4: -0.9378719727 	 5: -0.6716879748 
	 6: -0.6716870425 	 7: -0.6490611775 	 8: -0.5103637634 	 9: -0.5103631227 
	-Alpha Virtual Orbital Energies (au):  
	10: 0.1961613976 	11: 0.2636744094 	12: 0.2636773301 	13: 0.3030842836 	14: 0.6165455052 
	15: 0.6165590885 	16: 0.7296480742 	17: 0.8481664955 	18: 0.8481728673 	19: 0.8635749156 
	20: 1.1319806321 	21: 1.1622126659 	22: 1.1622221848 	23: 1.4232229481 	24: 1.5986432654 
	25: 1.5986475101 	26: 1.6515625243 	27: 1.8721391209 	28: 1.8721606105 	29: 1.9386440344 
	30: 1.9386458455 	31: 1.9501466016 	32: 2.1554808704 	33: 2.3719253579 	34: 2.3719489636 
	35: 2.5763317996 	36: 2.7421273579 	37: 2.7421716189 	38: 2.8034873692 	39: 4.0363238559 
	40: 4.0363242547 	41: 4.2687705465 	42: 4.2687715461 	43: 4.4848412911 


	-Mulliken Population Analysis for SCF:
	 1: -0.3565688851 	 2: 0.2580236426 	 3: 0.0328467583 	 4: 0.0328524833 	 5: 0.0328460009 


	-Lowdin Population Analysis for SCF:  
	 1: -0.1155474720 	 2: 0.0676654623 	 3: 0.0159589880 	 4: 0.0159647120 	 5: 0.0159583096 


	-Electronic Dipole Moment: (e a0)  
	 X:  -2.86050   Y:  -0.00001   Z:  -0.00002   Total:  2.86050 

	-Electronic Dipole Moment: (D)  
	 X:  -7.27068   Y:  -0.00002   Z:  -0.00004   Total:  7.27068 

	-Total Dipole Moment: (e a0)  
	 X:  0.83671   Y:  -0.00001   Z:  0.00000   Total:  0.83671 

	-Total Dipole Moment: (D)  
	 X:  2.12671   Y:  -0.00003   Z:  0.00001   Total:  2.12671 



	Initializing Liboeprop (by U. Bozkaya) ...


	-Mulliken Population Analysis for SCF-IAO:
	 1: -0.3668511898 	 2: -0.0218914447 	 3: 0.1296095306 	 4: 0.1296028675 	 5: 0.1296108618 


	-Lowdin Population Analysis for SCF-IAO:  
	 1: -0.3668511898 	 2: -0.0218914447 	 3: 0.1296095306 	 4: 0.1296028675 	 5: 0.1296108618 


	Initializing Liblocal (by U. Bozkaya) ...
  ==> Pipek-Mezey Localizer <==

    Convergence =   1.000E-08
    Maxiter     =          50

    Iteration                   Metric       Residual
    PM    0   7.0103435959296112E+00              -
    PM    1   1.0168684999353374E+01   4.505259E-01
    PM    2   1.0670704821390581E+01   4.936920E-02
    PM    3   1.0673345635843397E+01   2.474827E-04
    PM    4   1.0673560139260292E+01   2.009711E-05
    PM    5   1.0673561636899038E+01   1.403130E-07
    PM    6   1.0673561639737216E+01   2.659073E-10

    PM Localizer converged.



	*Molecular contr. to CDS energy:       0.0000  kcal/mol
	*Total CDS energy:       3.0402  kcal/mol
	*SCF::Polarization Free Energy (au)      : -0.0084262823 
	*SCF::Polarization Free Energy (kcal/mol):      -5.2876 
	*SCF::CDS Free Energy (au)      : 0.0048447877 
	*SCF::CDS Free Energy (kcal/mol):       3.0402 
	*SCF::Total Solvation Free Energy (au)      : -0.0035814946 
	*SCF::Total Solvation Free Energy (kcal/mol):      -2.2474 
 CC-PVDZ primary basis set file will be read for the F atom...
 CC-PVDZ primary basis set file will be read for the C atom...
 CC-PVDZ primary basis set file will be read for the H atom...
 Nmaxthread: 16 
 Nshell: 21 
 Lmax:  2 
 Npmax:  8 
 Nao: 43 
 Ndocc:  9 
 Nsocc:  0 
 NoccA:  9 
 NoccB:  9 
 Primary basis set info has been read.

 CC-PVDZ-JKFIT aux basis set file will be read for the F atom...
 CC-PVDZ-JKFIT aux basis set file will be read for the C atom...
 CC-PVDZ-JKFIT aux basis set file will be read for the H atom...
 Nshell_aux: 75 
 Naux: 209 
 Aux basis set info has been read.


	*Total SCF Energy: -139.04474537228495

 Cpu time for SCF :       0.5138 minutes
 Wall time for SCF:       0.1365 minutes


	MO spaces... 

	 FC   OCC   VIR   FV 
	----------------------
	  2    7    34    0


	Libtrans is initialized (by U. Bozkaya) ...

 ============================================================================== 
 ============================================================================== 
 ============================================================================== 

                       DF-MP2   
              Program Written by Ugur Bozkaya
              Latest Revision May 2, 2021

 ============================================================================== 
 ============================================================================== 
 ============================================================================== 

	For this residual convergence, default PCG convergence is:     1.00e-07
    Warning: "PCG_CONVERGENCE" option is changed to     1.00e-07


  ## DFOCC Options ##

  | TYPE         | KEY                      | INPUT? | VALUE              | DEFAULT            
  |--------------|--------------------------|--------|--------------------|--------------------
  | BOOL         | EOM                      | NO     | FALSE              | FALSE              
  | BOOL         | EOM_MP2                  | NO     | FALSE              | FALSE              
  | BOOL         | EOM_MP3                  | NO     | FALSE              | FALSE              
  | BOOL         | EOM_MP2_5                | NO     | FALSE              | FALSE              
  | BOOL         | EOM_LCCD                 | NO     | FALSE              | FALSE              
  | BOOL         | LOW_MEM_MP2              | NO     | FALSE              | FALSE              
  | BOOL         | LOW_MEM_MP3              | NO     | FALSE              | FALSE              
  | BOOL         | CD_PRESCREEN             | NO     | FALSE              | FALSE              
  | DOUBLE       | CIS_E_CONV               | NO     | 1e-06              | 1e-06              
  | DOUBLE       | CIS_R_CONV               | NO     | 1e-06              | 1e-06              
  | DOUBLE       | CIS_RES_PRECONDITION_TOL | NO     | 0.0001             | 0.0001             
  | DOUBLE       | DAVIDSON_TOLERANCE       | NO     | 1e-06              | 1e-06              
  | DOUBLE       | E3_SCALE                 | NO     | 0.25               | 0.25               
  | DOUBLE       | E_CONVERGENCE            | NO     | 1e-06              | 1e-06              
  | DOUBLE       | JK_MEMORY                | NO     | 1000000000.0       | 1000000000.0       
  | DOUBLE       | LEVEL_SHIFT              | NO     | 0.02               | 0.02               
  | DOUBLE       | MAX_MOGRAD_CONVERGENCE   | NO     | 0.001              | 0.001              
  | DOUBLE       | MO_STEP_MAX              | NO     | 0.5                | 0.5                
  | DOUBLE       | MP2_OS_SCALE             | NO     | 1.2                | 1.2                
  | DOUBLE       | MP2_SOS_SCALE            | NO     | 1.3                | 1.3                
  | DOUBLE       | MP2_SOS_SCALE2           | NO     | 1.2                | 1.2                
  | DOUBLE       | MP2_SS_SCALE             | NO     | 0.3333333333333333 | 0.3333333333333333 
  | DOUBLE       | OCC_PERCENTAGE           | NO     | 99.0               | 99.0               
  | DOUBLE       | OCC_TOLERANCE            | NO     | 1e-05              | 1e-05              
  | DOUBLE       | OO_SCALE                 | NO     | 0.01               | 0.01               
  | DOUBLE       | PCG_CONVERGENCE          | NO     | 1e-06              | 1e-06              
  | DOUBLE       | R_CONVERGENCE            | NO     | 1e-05              | 1e-05              
  | DOUBLE       | REG_PARAM                | NO     | 0.4                | 0.4                
  | DOUBLE       | KAPPA_REG_PARAM          | NO     | 1.1                | 1.1                
  | DOUBLE       | RMS_MOGRAD_CONVERGENCE   | NO     | 1e-06              | 1e-06              
  | DOUBLE       | SCG_TOLERANCE            | NO     | 1e-06              | 1e-06              
  | DOUBLE       | SCHMIDT_ADD_RES_TOL      | NO     | 0.001              | 0.001              
  | INT          | ACTIVE_NAT_ORBS          | NO     | 2                  | 2                  
  | INT          | CC_DIIS_MAX_VECS         | NO     | 6                  | 6                  
  | INT          | CC_DIIS_MIN_VECS         | NO     | 2                  | 2                  
  | INT          | CC_MAXITER               | NO     | 50                 | 50                 
  | INT          | CUTOFF                   | NO     | 8                  | 8                  
  | INT          | EXCITATION_RANGE         | NO     | 2                  | 2                  
  | INT          | FOLLOW_ROOT              | NO     | 1                  | 1                  
  | INT          | INTEGRAL_CUTOFF          | NO     | 9                  | 9                  
  | INT          | MAX_VECS                 | NO     | 50                 | 50                 
  | INT          | MO_DIIS_NUM_VECS         | NO     | 6                  | 6                  
  | INT          | MO_MAXITER               | NO     | 50                 | 50                 
  | INT          | NUM_ROOTS                | NO     | 4                  | 4                  
  | INT          | PCG_MAXITER              | NO     | 50                 | 50                 
  | INT          | PRINT_LEVEL              | NO     | 0                  | 0                  
  | INT          | VECS_PER_ROOT            | NO     | 1                  | 1                  
  | STRING       | CC_LAMBDA                | NO     | FALSE              | FALSE              
  | STRING       | CHOLESKY                 | NO     | FALSE              | FALSE              
  | STRING       | CIS_ALGORITHM            | NO     | MO_BASIS           | MO_BASIS           
  | STRING       | CIS_GUESS_COEFF          | NO     | MIX                | MIX                
  | STRING       | COMPUT_S2                | NO     | FALSE              | FALSE              
  | STRING       | DIAG_METHOD              | NO     | DAVIDSON           | DAVIDSON           
  | STRING       | DO_DIIS                  | NO     | TRUE               | TRUE               
  | STRING       | DO_LEVEL_SHIFT           | NO     | TRUE               | TRUE               
  | STRING       | DO_SCS                   | NO     | FALSE              | FALSE              
  | STRING       | DO_SOS                   | NO     | FALSE              | FALSE              
  | STRING       | EKT_IP                   | NO     | FALSE              | FALSE              
  | STRING       | FREEZE_CORE              | NO     | TRUE               | TRUE               
  | STRING       | HESS_TYPE                | NO     | HF                 | HF                 
  | STRING       | JK_TYPE                  | NO     | DIRECT             | DIRECT             
  | STRING       | LINEQ_SOLVER             | NO     | CDGESV             | CDGESV             
  | STRING       | MO_READ                  | NO     | FALSE              | FALSE              
  | STRING       | MO_WRITE                 | NO     | FALSE              | FALSE              
  | STRING       | MP2_AMP_TYPE             | NO     | DIRECT             | DIRECT             
  | STRING       | NAT_ORBS                 | NO     | FALSE              | FALSE              
  | STRING       | NBO                      | NO     | TRUE               | TRUE               
  | STRING       | OCC_ORBS_PRINT           | NO     | FALSE              | FALSE              
  | STRING       | OEPROP                   | NO     | FALSE              | FALSE              
  | STRING       | OPT_METHOD               | NO     | QNR                | QNR                
  | STRING       | ORB_RESP_SOLVER          | NO     | PCG                | PCG                
  | STRING       | ORTH_TYPE                | NO     | MGS                | MGS                
  | STRING       | PCG_BETA_TYPE            | NO     | FLETCHER_REEVES    | FLETCHER_REEVES    
  | STRING       | PPL_TYPE                 | NO     | AUTO               | AUTO               
  | STRING       | PRINT_CI_VECS            | NO     | FALSE              | FALSE              
  | STRING       | QCHF                     | NO     | FALSE              | FALSE              
  | STRING       | READ_SCF_3INDEX          | NO     | TRUE               | TRUE               
  | STRING       | REGULARIZATION           | NO     | FALSE              | FALSE              
  | STRING       | REG_TYPE                 | NO     | NORMAL             | NORMAL             
  | STRING       | SCS_TYPE                 | NO     | SCS                | SCS                
  | STRING       | SOS_TYPE                 | NO     | SOS                | SOS                
  | STRING       | TRIPLES_IABC_TYPE        | NO     | DISK               | DISK               
  | STRING       | UNIT_GUESS_TYPE          | NO     | GEN                | GEN                
  | STRING       | EKT_NEGATIVE_OCC         | NO     | ABS                | ABS                
  | BOOL         | SOLVATION                | YES    | TRUE               | FALSE              

	MO spaces... 

	 FC   OCC   VIR   FV 
	----------------------
	  2    7    34    0
 CC-PVDZ primary basis set file will be read for the F atom...
 CC-PVDZ primary basis set file will be read for the C atom...
 CC-PVDZ primary basis set file will be read for the H atom...
 Nmaxthread: 16 
 Nshell: 21 
 Lmax:  2 
 Npmax:  8 
 Nao: 43 
 Ndocc:  9 
 Nsocc:  0 
 NoccA:  9 
 NoccB:  9 
 Primary basis set info has been read.

 CC-PVDZ-RI aux basis set file will be read for the F atom...
 CC-PVDZ-RI aux basis set file will be read for the C atom...
 CC-PVDZ-RI aux basis set file will be read for the H atom...
 Nshell_aux: 54 
 Naux: 154 
 Aux basis set info has been read.

 Cpu time for Metric ints :       0.0200 s
 Wall time for Metric ints:       0.0144 s
 3-Index Algorithm: AUTO 

 Calling fortran integrals: ringing... 
 Done with fintegrals.

 Cpu time for 3-index ints :       0.1500 s
 Wall time for 3-index ints:       0.0364 s
 Cpu time for df-factors :       0.0000 s
 Wall time for df-factors:       0.0011 s
 CC-PVDZ primary basis set file will be read for the F atom...
 CC-PVDZ primary basis set file will be read for the C atom...
 CC-PVDZ primary basis set file will be read for the H atom...
 Nmaxthread: 16 
 Nshell: 21 
 Lmax:  2 
 Npmax:  8 
 Nao: 43 
 Ndocc:  9 
 Nsocc:  0 
 NoccA:  9 
 NoccB:  9 
 Primary basis set info has been read.

 CC-PVDZ-JKFIT aux basis set file will be read for the F atom...
 CC-PVDZ-JKFIT aux basis set file will be read for the C atom...
 CC-PVDZ-JKFIT aux basis set file will be read for the H atom...
 Nshell_aux: 75 
 Naux: 209 
 Aux basis set info has been read.

	Reading DF integrals from disk ...
 Cpu time for Metric ints :       0.1100 s
 Wall time for Metric ints:       0.0270 s
	Number of basis functions in the DF-HF basis: 209
	Number of basis functions in the DF-CC basis: 154

	Available memory                      :  30000.00 MB 
	Minimum required memory for amplitudes:      1.36 MB 
	Memory requirement for B-CC (Q|mu nu) :      2.28 MB 
	Memory requirement for B-CC (Q|ab)    :      1.42 MB 
	Memory requirement for DF-CC int trans:      4.08 MB 

	Computing DF-MP2 energy using SCF MOs (Canonical DF-MP2)... 
	======================================================================= 
	Nuclear Repulsion Energy (a.u.)    :    37.29452151507512
	DF-HF Energy (a.u.)                :  -139.04474537228495
	REF Energy (a.u.)                  :  -139.04474537228495
	DF-MP2 Correlation Energy (a.u.)   :    -0.33530151015150
	DF-MP2 Total Energy (a.u.)         :  -139.38004688243646
	======================================================================= 

	*Total MP2 Energy: -139.38004688243646

	Computing unrelaxed response density matrices...
	Number of independent-pairs: 306
	Computing the generalized Fock matrix (GFM)...
	Computing the orbital gradient...
	Forming effective orbital gradient...
	Solving orbital Z-vector equations...

	            PCG Solver 
	   ------------------------------ 
	Iter     RMS Z Vector        RMS Residual  
	----    ---------------    ---------------
	  1         1.55e-03         1.41e-03
	  2         7.63e-04         5.41e-04
	  3         1.84e-04         1.22e-04
	  4         5.63e-05         1.43e-05
	  5         4.70e-06         2.08e-06
	  6         5.46e-07         3.78e-07
	  7         1.04e-07         3.74e-08
	  8         9.89e-09         4.29e-09

	Computing the relaxed PDMs and GFM...
	Compute solv. is starting ...

	Initializing Liboeprop (by U. Bozkaya) ...


	-Mulliken Population Analysis for MP2-IAO:
	 1: -0.1715864952 	 2: 0.0485409794 	 3: 0.0740257442 	 4: 0.0740148263 	 5: 0.0740283657 


	-Lowdin Population Analysis for MP2-IAO:  
	 1: -0.1715864952 	 2: 0.0485409794 	 3: 0.0740257442 	 4: 0.0740148263 	 5: 0.0740283657 



  ## SOLVATION Options ##

  | TYPE         | KEY                      | INPUT? | VALUE              | DEFAULT            
  |--------------|--------------------------|--------|--------------------|--------------------
  | INT          | NUM_Z_POINTS             | NO     | 90                 | 90                 
  | INT          | NUM_ANG_POINTS           | YES    | 100                | 100                
  | STRING       | SASA_TYPE                | YES    | NUMERIC            | NUMERIC            
  | STRING       | CHARGE_TYPE              | YES    | IAO_MULLIKEN       | IAO_MULLIKEN       
  | STRING       | CDS_TYPE                 | YES    | SMD                | SMD                
  | STRING       | SOLVENT                  | YES    | WATER              | WATER              
  | STRING       | SOLVENT_PARAMS           | YES    | MN21               | SM8                
  | STRING       | DIELECTRIC_PARAMS        | YES    | MN21               | MN21               
  | STRING       | COULOMB_RADII            | YES    | SMD                | SMD                
  | DOUBLE       | COVALENT_VW_CONST        | NO     | 0.76               | 0.76               
  | DOUBLE       | SOLVENT_RADIUS           | NO     | 0.4                | 0.4                
  | STRING       | RADIUS_TYPE              | YES    | SMD                | SMD                
  | DOUBLE       | GB_DIJ                   | NO     | 3.7                | 3.7                
  | DOUBLE       | GB_SIJ                   | NO     | 0.75               | 0.75               
  | DOUBLE       | GB_CIJ                   | NO     | 0.0                | 0.0                
  | DOUBLE       | F_PWSASA                 | NO     | 0.4535             | 0.4535             
  | DOUBLE       | SCALE_VDW                | NO     | 1.0                | 1.0                
  | DOUBLE       | SCALE_CR                 | NO     | 1.0                | 1.0                



 Sasa Type                  : NUMERIC 
 Charge Type                : IAO_MULLIKEN 
 CDS Type                   : SMD 
 Radius Type                : SMD 
 Solvent                    : WATER 
 Solvent Parameters         : MN21 
 Dielectric Parameters      : MN21 
 Coulomb Radii Parameters   : SMD 
 GB d_ij parameter          : 3.7000000000 
 GB S_ij parameter          : 0.7500000000 
 GB C_ij parameter          : 0.0000000000 
 Sclae_vdw parameter        : 1.0000000000 
 Number of z-points         : 90 
 Number of angular points   : 100 
 Number of SASA grid points : 17902 
 Solvent Dielectric Constant: 78.3553000000 

 VDW Radii:
	  1 F :       1.4700  ang
	  2 C :       1.7000  ang
	  3 H :       1.2000  ang
	  4 H :       1.2000  ang
	  5 H :       1.2000  ang

	 Computing SASA... 

 Atomic SASA values:
	  1 F :      26.2231  ang^2
	  2 C :      13.3762  ang^2
	  3 H :      13.0211  ang^2
	  4 H :      13.1343  ang^2
	  5 H :      13.0193  ang^2

	*Total SASA (angs^2): 78.7739126902 


 Coulomb Radii:
	  1 F :       1.7300  ang
	  2 C :       1.8500  ang
	  3 H :       1.2000  ang
	  4 H :       1.2000  ang
	  5 H :       1.2000  ang
 Solvent Alpha                       : 1.1700000000 

 ## Effective Born Radius (bohr) ##
   0   3.5857652563 
   1   3.5976606146 
   2   2.9568262368 
   3   2.9568173128 
   4   2.9568319325 

 Effective Born Radii:
	  1 F :       1.8975  ang
	  2 C :       1.9038  ang
	  3 H :       1.5647  ang
	  4 H :       1.5647  ang
	  5 H :       1.5647  ang


 Coulomb Integrals:
	  1  1 :       0.2789  bohr^-1
	  1  2 :       0.2355  bohr^-1
	  1  3 :       0.2135  bohr^-1
	  1  4 :       0.2135  bohr^-1
	  1  5 :       0.2135  bohr^-1
	  2  1 :       0.2355  bohr^-1
	  2  2 :       0.2780  bohr^-1
	  2  3 :       0.2692  bohr^-1
	  2  4 :       0.2692  bohr^-1
	  2  5 :       0.2692  bohr^-1
	  3  1 :       0.2135  bohr^-1
	  3  2 :       0.2692  bohr^-1
	  3  3 :       0.3382  bohr^-1
	  3  4 :       0.2388  bohr^-1
	  3  5 :       0.2389  bohr^-1
	  4  1 :       0.2135  bohr^-1
	  4  2 :       0.2692  bohr^-1
	  4  3 :       0.2388  bohr^-1
	  4  4 :       0.3382  bohr^-1
	  4  5 :       0.2388  bohr^-1
	  5  1 :       0.2135  bohr^-1
	  5  2 :       0.2692  bohr^-1
	  5  3 :       0.2389  bohr^-1
	  5  4 :       0.2388  bohr^-1
	  5  5 :       0.3382  bohr^-1


	*Molecular contr. to CDS energy:       0.0000  kcal/mol
	*Total CDS energy:       3.0402  kcal/mol
	*MP2::Polarization Free Energy (au)      : -0.0038939075 
	*MP2::Polarization Free Energy (kcal/mol):      -2.4435 
	*MP2::CDS Free Energy (au)      : 0.0048447877 
	*MP2::CDS Free Energy (kcal/mol):       3.0402 
	*MP2::Total Solvation Free Energy (au)      : 0.0009508802 
	*MP2::Total Solvation Free Energy (kcal/mol):       0.5967 
	GB-MP2 Total Energy (a.u.)         :  -139.37909600226854

	*Total GB-MP2 Energy: -139.38004688243646


 Cpu time for MacroQC :       0.5978 minutes
 Wall time for MacroQC:       0.1634 minutes


 ******************************************************************************************
	 MacroQC terminates normally:) 
 ****************************************************************************************** 

