 ==========================================================================================
 =========                __  ___                         ____  ______            =========
 ======                  /  |/  /___ _______________     / __ \/ ____/               ======
 ====                   / /|_/ / __ `/ ___/ ___/ __ \   / / / / /                      ====
 ===                   / /  / / /_/ / /__/ /  / /_/ /  / /_/ / /___                     ===
 ==                   /_/  /_/\__,_/\___/_/   \____/   \___\_\____/                      ==
 ===                                                                1.0.4                ===
 =====     An electronic structure theory software for large-scale applications       =====
 ======                                 See license.txt for license info             ======
 =========                                                                        =========
 ==========================================================================================
                                                                                           
                           * * * * * * * * * * * * * * * * * * * *                        
                           *            Developed by             *                        
                           *             U. Bozkaya              *                        
                           *                                     *                        
                           *       With contributions from:      *                        
                           *         B. Ermis, Y. Alagoz,        *                        
                           *         A. Unal, and A. K. Uyar     *                        
                           *         Git Version: deab493        *                        
                           *       Latest Revision: 2026-03-23   *                        
                           * * * * * * * * * * * * * * * * * * * *                        


 Run date: Wed Mar 25 09:58:00 2026
 
 Hostname: ub31 

 ## MacroQC input file ##
 ******************************************************************************************
$set_molecule
0 1
Br      3.2866167362    -0.0000073316     0.0000000000
Br     -3.2866753725     0.0000254208     0.0000000000
C       1.3780669021     0.0001192801     0.0000000000
C      -1.3780136984    -0.0000810426     0.0000000000
C       0.6949741818    -1.2080956103     0.0000000000
C      -0.6948833679    -1.2083123537     0.0000000000
C       0.6951388130     1.2082451175     0.0000000000
C      -0.6949875359     1.2079839849     0.0000000000
H       1.2363207189    -2.1426961097     0.0000000000
H      -1.2357769408    -2.1432724541     0.0000000000
H       1.2356845582     2.1433717726     0.0000000000
H      -1.2359478346     2.1428074137     0.0000000000
$end_molecule


$set_globals
   basis cc-pvdz
  method mp2
  reference rhf
  jobtype energy
  memory 30000
$end_globals


$set_scf
  e_convergence 1.0e-8
  d_convergence 1.0e-6
  guess sad
  solvation true
$end_scf


$set_solvation
  cds_type smd
  radius_type smd
  solvent_params mn21
  dielectric_params mn21 #sm8
  sasa_type numeric
  solvent water
  num_ang_points 100
  charge_type iao_mulliken #iao_lowdin, mulliken, lowdin
  coulomb_radii smd
$end_solvation

$set_dfocc
solvation true
$end_dfocc

 ******************************************************************************************


	-Geometry before Center-of-Mass shift (ang): 
	 Number     Atom               X                    Y                       Z  
	 ---------------------------------------------------------------------------------------
           1     BR             3.2866167362         -0.0000073316           0.0000000000  
           2     BR            -3.2866753725          0.0000254208           0.0000000000  
           3     C             1.3780669021          0.0001192801           0.0000000000  
           4     C            -1.3780136984         -0.0000810426           0.0000000000  
           5     C             0.6949741818         -1.2080956103           0.0000000000  
           6     C            -0.6948833679         -1.2083123537           0.0000000000  
           7     C             0.6951388130          1.2082451175           0.0000000000  
           8     C            -0.6949875359          1.2079839849           0.0000000000  
           9     H             1.2363207189         -2.1426961097           0.0000000000  
          10     H            -1.2357769408         -2.1432724541           0.0000000000  
          11     H             1.2356845582          2.1433717726           0.0000000000  
          12     H            -1.2359478346          2.1428074137           0.0000000000  



	-Geometry after Center-of-Mass shift (ang): 
	 Atom               X                    Y                       Z  
	 -------------------------------------------------------------------
     BR           3.2866201623         -0.0000071279           0.0000000000  
     BR          -3.2866719464          0.0000256245           0.0000000000  
     C           1.3780703282          0.0001194838           0.0000000000  
     C          -1.3780102723         -0.0000808389           0.0000000000  
     C           0.6949776079         -1.2080954066           0.0000000000  
     C          -0.6948799418         -1.2083121500           0.0000000000  
     C           0.6951422391          1.2082453212           0.0000000000  
     C          -0.6949841098          1.2079841886           0.0000000000  
     H           1.2363241450         -2.1426959060           0.0000000000  
     H          -1.2357735147         -2.1432722504           0.0000000000  
     H           1.2356879843          2.1433719763           0.0000000000  
     H          -1.2359444085          2.1428076174           0.0000000000  


	-Geometry after Center-of-Mass shift (bohr): 
	 Atom               X                    Y                       Z  
	 -------------------------------------------------------------------
     BR           6.2108119851         -0.0000134697           0.0000000000  
     BR          -6.2109098430          0.0000484234           0.0000000000  
     C           2.6041755018          0.0002257917           0.0000000000  
     C          -2.6040620128         -0.0001527633           0.0000000000  
     C           1.3133173422         -2.2829694518           0.0000000000  
     C          -1.3131327801         -2.2833790375           0.0000000000  
     C           1.3136284501          2.2832527495           0.0000000000  
     C          -1.3133296291          2.2827592804           0.0000000000  
     H           2.3363140363         -4.0491084324           0.0000000000  
     H          -2.3352734959         -4.0501975655           0.0000000000  
     H           2.3351118668          4.0503860203           0.0000000000  
     H          -2.3355964384          4.0493195365           0.0000000000  


    Rotational Constants: A =     0.19032  B =     0.00947  C =      0.00902 [cm^-1] 
    Rotor Type: SYMMETRIC 

	-Nuclear Dipole Moment: (e a0)  
	 X:  0.00071   Y:  0.00004   Z:  0.00000   Total:  0.00071 

	-Nuclear Dipole Moment: (D)  
	 X:  0.00181   Y:  0.00011   Z:  0.00000   Total:  0.00181 


    Nuclear repulsion energy (V_NN)              : 750.461942462145 
   =====================================================
   Charge                : 0 
   Multiplicity          : 1 
   Number of Atoms       : 12 
   Number of Ghost Atoms : 0 
   Number of Electrons   : 110 
   Number of alpha occupied orbitals (NoccA)  : 55 
   Number of beta occupied orbitals (NoccB)   : 55 
   Number of singly occupied orbitals (Nsocc) : 0 
   Number of doubly occupied orbitals (Ndocc) : 55 
   =====================================================



  ## GLOBALS Options ##

  | TYPE         | KEY                      | INPUT? | VALUE              | DEFAULT            
  |--------------|--------------------------|--------|--------------------|--------------------
  | BOOL         | ERI_DISK                 | NO     | FALSE              | FALSE              
  | BOOL         | FREEZE_CORE              | NO     | TRUE               | TRUE               
  | BOOL         | MOL_FRAG                 | NO     | FALSE              | FALSE              
  | BOOL         | NOCOM                    | NO     | FALSE              | FALSE              
  | BOOL         | NOREORIENT               | NO     | TRUE               | TRUE               
  | BOOL         | PUREAM                   | NO     | TRUE               | TRUE               
  | BOOL         | ML                       | NO     | FALSE              | FALSE              
  | BOOL         | READ_PDB                 | NO     | FALSE              | FALSE              
  | BOOL         | TEST_MODE                | NO     | FALSE              | FALSE              
  | INT          | DERIVE_LEVEL             | NO     | 0                  | 0                  
  | INT          | FINDIF_POINTS            | NO     | 3                  | 3                  
  | INT          | MEMORY                   | YES    | 30000              | 2000               
  | INT          | NUM_THREADS              | NO     | 1                  | 1                  
  | INT          | NUM_FROZEN_DOCC          | NO     | 0                  | 0                  
  | INT          | NUM_FROZEN_VIR           | NO     | 0                  | 0                  
  | INT          | PRINT_LEVEL              | NO     | 0                  | 0                  
  | STRING       | AUX_BASIS_CORR           | NO     | CC-PVDZ-RI         | CC-PVDZ-RI         
  | STRING       | AUX_BASIS_SCF            | NO     | CC-PVDZ-JKFIT      | CC-PVDZ-JKFIT      
  | STRING       | BASIS                    | YES    | CC-PVDZ            | CC-PVDZ            
  | STRING       | BASIS2                   | NO     | MINAO              | MINAO              
  | STRING       | DERIVE_TYPE              | NO     | ANALYTIC           | ANALYTIC           
  | STRING       | FINDIF_METHOD            | NO     | GRAD               | GRAD               
  | STRING       | GEOM_UNITS               | NO     | ANG                | ANG                
  | STRING       | JOBTYPE                  | YES    | ENERGY             | ENERGY             
  | STRING       | METHOD                   | YES    | MP2                | SCF                
  | STRING       | REFERENCE                | YES    | RHF                | RHF                
  | STRING       | OUTFILE_MODE             | NO     | NEW                | NEW                
  | DOUBLE       | STEP_BOHR                | NO     | 0.05               | 0.05               
  | STR_ARRAY    | MOLECULE_GEOM_FROM       | NO     | [input]            | [input]            
  | DOUBLE_ARRAY | ELECTRIC_STRENGTH        | NO     | [0.001;0.001;0.001]| [0.001;0.001;0.001]
  | STRING       | ELECTRIC_FIELD           | NO     | NONE               | NONE               
  | STRING       | ALIGN_TWO_ATOMS          | NO     | NONE               | NONE               
  | INT_ARRAY    | TWO_ATOMS                | NO     | [0]                | [0]                



  ## INTS Options ##

  | TYPE         | KEY                      | INPUT? | VALUE              | DEFAULT            
  |--------------|--------------------------|--------|--------------------|--------------------
  | DOUBLE       | BOYS_CUTOFF              | NO     | 1e-15              | 1e-15              
  | DOUBLE       | BOYS_ZERO                | NO     | 1e-06              | 1e-06              
  | DOUBLE       | DELTA_X                  | NO     | 0.1                | 0.1                
  | DOUBLE       | INTEGRAL_CUTOFF          | NO     | 1e-10              | 1e-10              
  | DOUBLE       | X_MAX                    | NO     | 30.0               | 30.0               
  | INT          | BOYS_MAXITER             | NO     | 10000              | 10000              
  | INT          | MAX_AM                   | NO     | 7                  | 7                  
  | INT          | MAX_AM_AUX               | NO     | 7                  | 7                  
  | INT          | PRINT_LEVEL              | NO     | 0                  | 0                  
  | INT          | TAYLOR_ORDER             | NO     | 6                  | 6                  
  | STRING       | 3INDEX_ALGORITHM         | NO     | AUTO               | AUTO               
  | STRING       | BOYS_METHOD              | NO     | GHP                | GHP                
  | STRING       | ERI_ALGORITHM            | NO     | MD4                | MD4                


	Initializing Liboeprop (by U. Bozkaya) ...

	*=================================================================*
	*                  SCF                                            *
	*   Developed by U. Bozkaya & Y. Alagoz                           *
	*   Latest revision Feb 16, 2021                                  *
	*=================================================================*



  ## SCF Options ##

  | TYPE         | KEY                      | INPUT? | VALUE              | DEFAULT            
  |--------------|--------------------------|--------|--------------------|--------------------
  | BOOL         | DIIS_DAMP                | NO     | FALSE              | FALSE              
  | BOOL         | DIE_IF_NOT_CONVERGED     | NO     | TRUE               | TRUE               
  | BOOL         | DO_DF                    | NO     | TRUE               | TRUE               
  | BOOL         | DIIS                     | NO     | TRUE               | TRUE               
  | BOOL         | FOCK_DAMP                | NO     | FALSE              | FALSE              
  | BOOL         | GUESS_MIX                | NO     | FALSE              | FALSE              
  | BOOL         | GUESS_PREVIOUS           | NO     | FALSE              | FALSE              
  | BOOL         | LOCAL                    | NO     | FALSE              | FALSE              
  | BOOL         | RETRY                    | NO     | TRUE               | TRUE               
  | DOUBLE       | CUTOFF                   | NO     | 1e-10              | 1e-10              
  | DOUBLE       | D_CONVERGENCE            | YES    | 1e-06              | 1e-06              
  | DOUBLE       | DAMP_PARAM               | NO     | 0.02               | 0.02               
  | DOUBLE       | E_CONVERGENCE            | YES    | 1e-08              | 1e-08              
  | DOUBLE       | FOCK_DAMP_PERC           | NO     | 20.0               | 20.0               
  | DOUBLE       | MIN_OVERLAP_EIGVAL       | NO     | 1e-06              | 1e-06              
  | DOUBLE       | LOCAL_CONVERGENCE        | NO     | 1e-08              | 1e-08              
  | DOUBLE       | QC_GUESS_E_CONVERGENCE   | NO     | 0.0001             | 0.0001             
  | DOUBLE       | QC_GUESS_D_CONVERGENCE   | NO     | 0.005              | 0.005              
  | INT          | MAX_DIIS                 | NO     | 6                  | 6                  
  | INT          | MIN_DIIS                 | NO     | 2                  | 2                  
  | INT          | PRINT_LEVEL              | NO     | 0                  | 0                  
  | INT          | SCF_MAXITER              | NO     | 50                 | 50                 
  | INT          | LOCAL_MAXITER            | NO     | 50                 | 50                 
  | STRING       | DIIS_ALGORITHM           | NO     | DISK               | DISK               
  | STRING       | GUESS                    | YES    | SAD                | SAD                
  | BOOL         | MO_WRITE                 | NO     | FALSE              | FALSE              
  | BOOL         | FOCK_WRITE               | NO     | FALSE              | FALSE              
  | STRING       | ORTH_TYPE                | NO     | CANONICAL          | CANONICAL          
  | STRING       | ROHF_CANONIC_TYPE        | NO     | GUEST              | GUEST              
  | STRING       | ERI                      | NO     | INCORE             | INCORE             
  | STRING       | SCF_ALGORITHM            | NO     | ROOTHAAN           | ROOTHAAN           
  | STRING       | LOCAL_TYPE               | NO     | BOYS               | BOYS               
  | BOOL         | SAD_FRAC_OCC             | NO     | TRUE               | TRUE               
  | BOOL         | SAD_SPIN_AVERAGE         | NO     | TRUE               | TRUE               
  | DOUBLE       | SAD_E_CONVERGENCE        | NO     | 1e-05              | 1e-05              
  | DOUBLE       | SAD_D_CONVERGENCE        | NO     | 1e-05              | 1e-05              
  | INT          | SAD_MAXITER              | NO     | 50                 | 50                 
  | BOOL         | NIE                      | NO     | FALSE              | FALSE              
  | BOOL         | SAD_DIIS                 | NO     | TRUE               | TRUE               
  | INT          | SAD_MAX_DIIS             | NO     | 6                  | 6                  
  | INT          | SAD_MIN_DIIS             | NO     | 2                  | 2                  
  | INT          | SAD_PRINT                | NO     | 0                  | 0                  
  | STRING       | SAD_AUX_BASIS            | NO     | SAD-FIT            | SAD-FIT            
  | DOUBLE       | SAD_CHOLESKY_TOLERANCE   | NO     | 1e-07              | 1e-07              
  | BOOL         | SOLVATION                | YES    | TRUE               | FALSE              
  | BOOL         | BYPASS                   | NO     | FALSE              | FALSE              
  | STRING       | IAO_TYPE                 | NO     | STANDARD2013       | STANDARD2013       
  | BOOL         | USE_IAOS                 | NO     | FALSE              | FALSE              

	Initializing libdiis ...
	Initializing libmolint 1.1 ...
 CC-PVDZ primary basis set file will be read for the BR atom...
 CC-PVDZ primary basis set file will be read for the C atom...
 CC-PVDZ primary basis set file will be read for the H atom...
 Nmaxthread: 24 
 Nshell: 70 
 Lmax:  2 
 Npmax: 13 
 Nao: 158 
 Ndocc: 55 
 Nsocc:  0 
 NoccA: 55 
 NoccB: 55 
 Primary basis set info has been read.

 CC-PVDZ-JKFIT aux basis set file will be read for the BR atom...
 CC-PVDZ-JKFIT aux basis set file will be read for the C atom...
 CC-PVDZ-JKFIT aux basis set file will be read for the H atom...
 Nshell_aux: 274 
 Naux: 854 
 Aux basis set info has been read.

 orth_type: CANONICAL 
 Cpu time for S ints :       0.0600 s
 Wall time for S ints:       0.0628 s

 Using canonical orthogonalization. 
 Minimum eigenvalue in the overlap matrix is:   3.0130E-04 

 Cpu time for T ints :       0.4900 s
 Wall time for T ints:       0.1231 s
 Cpu time for V ints :       1.2800 s
 Wall time for V ints:       0.6926 s
 Cpu time for Metric ints :       1.6900 s
 Wall time for Metric ints:       0.5416 s
 3-Index Algorithm: AUTO 

 Calling fortran integrals: ringing... 
 Done with fintegrals.

 Cpu time for 3-index ints :      13.7600 s
 Wall time for 3-index ints:       6.0028 s
 Cpu time for df-factors :       1.0200 s
 Wall time for df-factors:       0.2857 s


 Puream (True=1, False=0) : 1
 Number of AO             : 158
 Number of MO             : 158
 Number of Aux Functions  : 854
 Charge                   : 0
 Multiplicity             : 1
 Alpha OCC                : 55
 Beta OCC                 : 55
 Nuclear Repulsion Energy : 750.46194246
 Energy Treshold          : 1.0e-08
 Density Treshold         : 1.0e-06
 Iteration Limit          : 50
 Guess                    : SAD
 Guess Mix                : false
 Diis                     : true
 Diis Damping             : false
 Diis Damp Parameter      : 0.02
 Diis Algorithm           : DISK
 Cutoff Treshold          : 1.0e-10
 Density Fitting          : true
 Reference                : RHF
 Die If Not Converged     : true
 Print Level              : 0
 ERI Algorithm            : INCORE
 SCF Algorithm            : ROOTHAAN




  ## SOLVATION Options ##

  | TYPE         | KEY                      | INPUT? | VALUE              | DEFAULT            
  |--------------|--------------------------|--------|--------------------|--------------------
  | INT          | NUM_Z_POINTS             | NO     | 90                 | 90                 
  | INT          | NUM_ANG_POINTS           | YES    | 100                | 100                
  | STRING       | SASA_TYPE                | YES    | NUMERIC            | NUMERIC            
  | STRING       | CHARGE_TYPE              | YES    | IAO_MULLIKEN       | IAO_MULLIKEN       
  | STRING       | CDS_TYPE                 | YES    | SMD                | SMD                
  | STRING       | SOLVENT                  | YES    | WATER              | WATER              
  | STRING       | SOLVENT_PARAMS           | YES    | MN21               | SM8                
  | STRING       | DIELECTRIC_PARAMS        | YES    | MN21               | MN21               
  | STRING       | COULOMB_RADII            | YES    | SMD                | SMD                
  | DOUBLE       | COVALENT_VW_CONST        | NO     | 0.76               | 0.76               
  | DOUBLE       | SOLVENT_RADIUS           | NO     | 0.4                | 0.4                
  | STRING       | RADIUS_TYPE              | YES    | SMD                | SMD                
  | DOUBLE       | GB_DIJ                   | NO     | 3.7                | 3.7                
  | DOUBLE       | GB_SIJ                   | NO     | 0.75               | 0.75               
  | DOUBLE       | GB_CIJ                   | NO     | 0.0                | 0.0                
  | DOUBLE       | F_PWSASA                 | NO     | 0.4535             | 0.4535             
  | DOUBLE       | SCALE_VDW                | NO     | 1.0                | 1.0                
  | DOUBLE       | SCALE_CR                 | NO     | 1.0                | 1.0                



 Sasa Type                  : NUMERIC 
 Charge Type                : IAO_MULLIKEN 
 CDS Type                   : SMD 
 Radius Type                : SMD 
 Solvent                    : WATER 
 Solvent Parameters         : MN21 
 Dielectric Parameters      : MN21 
 Coulomb Radii Parameters   : SMD 
 GB d_ij parameter          : 3.7000000000 
 GB S_ij parameter          : 0.7500000000 
 GB C_ij parameter          : 0.0000000000 
 Sclae_vdw parameter        : 1.0000000000 
 Number of z-points         : 90 
 Number of angular points   : 100 
 Number of SASA grid points : 17902 
 Solvent Dielectric Constant: 78.3553000000 

 VDW Radii:
	  1 BR :       1.8500  ang
	  2 BR :       1.8500  ang
	  3 C :       1.7000  ang
	  4 C :       1.7000  ang
	  5 C :       1.7000  ang
	  6 C :       1.7000  ang
	  7 C :       1.7000  ang
	  8 C :       1.7000  ang
	  9 H :       1.2000  ang
	 10 H :       1.2000  ang
	 11 H :       1.2000  ang
	 12 H :       1.2000  ang

	 Computing SASA... 

 Atomic SASA values:
	  1 BR :      44.6941  ang^2
	  2 BR :      44.6941  ang^2
	  3 C :       5.6093  ang^2
	  4 C :       5.6093  ang^2
	  5 C :      10.1165  ang^2
	  6 C :      10.1103  ang^2
	  7 C :      10.1041  ang^2
	  8 C :      10.1041  ang^2
	  9 H :      12.1298  ang^2
	 10 H :      12.1333  ang^2
	 11 H :      12.1298  ang^2
	 12 H :      12.1333  ang^2

	*Total SASA (angs^2): 189.5678808504 


 Coulomb Radii:
	  1 BR :       3.0600  ang
	  2 BR :       3.0600  ang
	  3 C :       1.8500  ang
	  4 C :       1.8500  ang
	  5 C :       1.8500  ang
	  6 C :       1.8500  ang
	  7 C :       1.8500  ang
	  8 C :       1.8500  ang
	  9 H :       1.2000  ang
	 10 H :       1.2000  ang
	 11 H :       1.2000  ang
	 12 H :       1.2000  ang
 Solvent Alpha                       : 1.1700000000 

 ## Effective Born Radius (bohr) ##
   0   6.1575248791 
   1   6.1575306645 
   2   5.3610862220 
   3   5.3610674634 
   4   5.1171137383 
   5   5.1170144495 
   6   5.1170131785 
   7   5.1171753290 
   8   3.8200555252 
   9   3.8192810641 
  10   3.8192318128 
  11   3.8198516933 

 Effective Born Radii:
	  1 BR :       3.2584  ang
	  2 BR :       3.2584  ang
	  3 C :       2.8370  ang
	  4 C :       2.8370  ang
	  5 C :       2.7079  ang
	  6 C :       2.7078  ang
	  7 C :       2.7078  ang
	  8 C :       2.7079  ang
	  9 H :       2.0215  ang
	 10 H :       2.0211  ang
	 11 H :       2.0211  ang
	 12 H :       2.0214  ang


 Coulomb Integrals:
	  1  1 :       0.1624  bohr^-1
	  1  2 :       0.0774  bohr^-1
	  1  3 :       0.1531  bohr^-1
	  1  4 :       0.1025  bohr^-1
	  1  5 :       0.1364  bohr^-1
	  1  6 :       0.1116  bohr^-1
	  1  7 :       0.1364  bohr^-1
	  1  8 :       0.1115  bohr^-1
	  1  9 :       0.1446  bohr^-1
	  1 10 :       0.1011  bohr^-1
	  1 11 :       0.1446  bohr^-1
	  1 12 :       0.1011  bohr^-1
	  2  1 :       0.0774  bohr^-1
	  2  2 :       0.1624  bohr^-1
	  2  3 :       0.1025  bohr^-1
	  2  4 :       0.1531  bohr^-1
	  2  5 :       0.1115  bohr^-1
	  2  6 :       0.1364  bohr^-1
	  2  7 :       0.1115  bohr^-1
	  2  8 :       0.1364  bohr^-1
	  2  9 :       0.1011  bohr^-1
	  2 10 :       0.1446  bohr^-1
	  2 11 :       0.1011  bohr^-1
	  2 12 :       0.1446  bohr^-1
	  3  1 :       0.1531  bohr^-1
	  3  2 :       0.1025  bohr^-1
	  3  3 :       0.1865  bohr^-1
	  3  4 :       0.1423  bohr^-1
	  3  5 :       0.1754  bohr^-1
	  3  6 :       0.1526  bohr^-1
	  3  7 :       0.1754  bohr^-1
	  3  8 :       0.1526  bohr^-1
	  3  9 :       0.1742  bohr^-1
	  3 10 :       0.1377  bohr^-1
	  3 11 :       0.1742  bohr^-1
	  3 12 :       0.1377  bohr^-1
	  4  1 :       0.1025  bohr^-1
	  4  2 :       0.1531  bohr^-1
	  4  3 :       0.1423  bohr^-1
	  4  4 :       0.1865  bohr^-1
	  4  5 :       0.1526  bohr^-1
	  4  6 :       0.1754  bohr^-1
	  4  7 :       0.1526  bohr^-1
	  4  8 :       0.1754  bohr^-1
	  4  9 :       0.1377  bohr^-1
	  4 10 :       0.1742  bohr^-1
	  4 11 :       0.1377  bohr^-1
	  4 12 :       0.1742  bohr^-1
	  5  1 :       0.1364  bohr^-1
	  5  2 :       0.1115  bohr^-1
	  5  3 :       0.1754  bohr^-1
	  5  4 :       0.1526  bohr^-1
	  5  5 :       0.1954  bohr^-1
	  5  6 :       0.1788  bohr^-1
	  5  7 :       0.1544  bohr^-1
	  5  8 :       0.1452  bohr^-1
	  5  9 :       0.2103  bohr^-1
	  5 10 :       0.1768  bohr^-1
	  5 11 :       0.1384  bohr^-1
	  5 12 :       0.1262  bohr^-1
	  6  1 :       0.1116  bohr^-1
	  6  2 :       0.1364  bohr^-1
	  6  3 :       0.1526  bohr^-1
	  6  4 :       0.1754  bohr^-1
	  6  5 :       0.1788  bohr^-1
	  6  6 :       0.1954  bohr^-1
	  6  7 :       0.1452  bohr^-1
	  6  8 :       0.1544  bohr^-1
	  6  9 :       0.1767  bohr^-1
	  6 10 :       0.2103  bohr^-1
	  6 11 :       0.1262  bohr^-1
	  6 12 :       0.1384  bohr^-1
	  7  1 :       0.1364  bohr^-1
	  7  2 :       0.1115  bohr^-1
	  7  3 :       0.1754  bohr^-1
	  7  4 :       0.1526  bohr^-1
	  7  5 :       0.1544  bohr^-1
	  7  6 :       0.1452  bohr^-1
	  7  7 :       0.1954  bohr^-1
	  7  8 :       0.1788  bohr^-1
	  7  9 :       0.1384  bohr^-1
	  7 10 :       0.1262  bohr^-1
	  7 11 :       0.2103  bohr^-1
	  7 12 :       0.1768  bohr^-1
	  8  1 :       0.1115  bohr^-1
	  8  2 :       0.1364  bohr^-1
	  8  3 :       0.1526  bohr^-1
	  8  4 :       0.1754  bohr^-1
	  8  5 :       0.1452  bohr^-1
	  8  6 :       0.1544  bohr^-1
	  8  7 :       0.1788  bohr^-1
	  8  8 :       0.1954  bohr^-1
	  8  9 :       0.1262  bohr^-1
	  8 10 :       0.1384  bohr^-1
	  8 11 :       0.1768  bohr^-1
	  8 12 :       0.2103  bohr^-1
	  9  1 :       0.1446  bohr^-1
	  9  2 :       0.1011  bohr^-1
	  9  3 :       0.1742  bohr^-1
	  9  4 :       0.1377  bohr^-1
	  9  5 :       0.2103  bohr^-1
	  9  6 :       0.1767  bohr^-1
	  9  7 :       0.1384  bohr^-1
	  9  8 :       0.1262  bohr^-1
	  9  9 :       0.2618  bohr^-1
	  9 10 :       0.1780  bohr^-1
	  9 11 :       0.1196  bohr^-1
	  9 12 :       0.1052  bohr^-1
	 10  1 :       0.1011  bohr^-1
	 10  2 :       0.1446  bohr^-1
	 10  3 :       0.1377  bohr^-1
	 10  4 :       0.1742  bohr^-1
	 10  5 :       0.1768  bohr^-1
	 10  6 :       0.2103  bohr^-1
	 10  7 :       0.1262  bohr^-1
	 10  8 :       0.1384  bohr^-1
	 10  9 :       0.1780  bohr^-1
	 10 10 :       0.2618  bohr^-1
	 10 11 :       0.1052  bohr^-1
	 10 12 :       0.1196  bohr^-1
	 11  1 :       0.1446  bohr^-1
	 11  2 :       0.1011  bohr^-1
	 11  3 :       0.1742  bohr^-1
	 11  4 :       0.1377  bohr^-1
	 11  5 :       0.1384  bohr^-1
	 11  6 :       0.1262  bohr^-1
	 11  7 :       0.2103  bohr^-1
	 11  8 :       0.1768  bohr^-1
	 11  9 :       0.1196  bohr^-1
	 11 10 :       0.1052  bohr^-1
	 11 11 :       0.2618  bohr^-1
	 11 12 :       0.1780  bohr^-1
	 12  1 :       0.1011  bohr^-1
	 12  2 :       0.1446  bohr^-1
	 12  3 :       0.1377  bohr^-1
	 12  4 :       0.1742  bohr^-1
	 12  5 :       0.1262  bohr^-1
	 12  6 :       0.1384  bohr^-1
	 12  7 :       0.1768  bohr^-1
	 12  8 :       0.2103  bohr^-1
	 12  9 :       0.1052  bohr^-1
	 12 10 :       0.1196  bohr^-1
	 12 11 :       0.1780  bohr^-1
	 12 12 :       0.2618  bohr^-1
    ===> SCF Iteration Started <===

     Iter. |                   Energy |       Delta E |          Drms |
    -------|--------------------------|---------------|---------------|
         1 |     -5369.64141826105060 |    -5.370e+03 |     1.215e-02 |
         2 |     -5372.73750704899521 |    -3.096e+00 |     2.889e-03 | DIIS
         3 |     -5372.94819837157956 |    -2.107e-01 |     7.649e-04 | DIIS
         4 |     -5372.97121431912910 |    -2.302e-02 |     5.364e-04 | DIIS
         5 |     -5372.97327027536903 |    -2.056e-03 |     1.868e-04 | DIIS
         6 |     -5372.97355489022721 |    -2.846e-04 |     4.487e-05 | DIIS
         7 |     -5372.97359061257248 |    -3.572e-05 |     1.868e-05 | DIIS
         8 |     -5372.97360014555488 |    -9.533e-06 |     4.374e-06 | DIIS
         9 |     -5372.97360498068974 |    -4.835e-06 |     1.511e-06 | DIIS
        10 |     -5372.97360577060226 |    -7.899e-07 |     2.130e-07 | DIIS
        11 |     -5372.97360587284584 |    -1.022e-07 |     7.404e-08 | DIIS
        12 |     -5372.97360588030824 |    -7.462e-09 |     2.845e-08 | DIIS


	-Alpha Occupied Orbital Energies (au):  
	 1: -490.1051121124 	 2: -490.0981369674 	 3: -65.2389098249 	 4: -65.2323169951 	 5: -58.5963395005 
	 6: -58.5949573968 	 7: -58.5949232599 	 8: -58.5896907941 	 9: -58.5883203468 	10: -58.5882902895 
	11: -11.3010069815 	12: -11.3002666207 	13: -11.2560464923 	14: -11.2559122670 	15: -11.2548347157 
	16: -11.2547133540 	17: -9.8710691017 	18: -9.8667897879 	19: -7.4837954877 	20: -7.4795494286 
	21: -7.4749385456 	22: -7.4748614908 	23: -7.4707685737 	24: -7.4706748280 	25: -3.0811077628 
	26: -3.0807661725 	27: -3.0765118111 	28: -3.0764198415 	29: -3.0762200182 	30: -3.0761247319 
	31: -3.0661433226 	32: -3.0661151703 	33: -3.0659554950 	34: -3.0659311220 	35: -1.1850074055 
	36: -1.0918790913 	37: -1.0369341638 	38: -1.0203178325 	39: -0.9454091649 	40: -0.8520976643 
	41: -0.8039524715 	42: -0.6792379143 	43: -0.6546637737 	44: -0.6397514005 	45: -0.6046206430 
	46: -0.5403849227 	47: -0.5356636640 	48: -0.5194610107 	49: -0.4785108507 	50: -0.4592003006 
	51: -0.4140633545 	52: -0.4077178198 	53: -0.4075183449 	54: -0.3512484325 	55: -0.3205807450 

	-Alpha Virtual Orbital Energies (au):  
	56: 0.1191593354 	57: 0.1212228203 	58: 0.1477820871 	59: 0.1826361669 	60: 0.2205917961 
	61: 0.2301512224 	62: 0.2434240680 	63: 0.2673949461 	64: 0.3298980263 	65: 0.3928708888 
	66: 0.4215221893 	67: 0.4309510189 	68: 0.4324421717 	69: 0.5470133841 	70: 0.5849211052 
	71: 0.5990741718 	72: 0.6092856870 	73: 0.6445399702 	74: 0.6589525943 	75: 0.6678875940 
	76: 0.6736180002 	77: 0.6888011787 	78: 0.6911507296 	79: 0.6911887786 	80: 0.6926995388 
	81: 0.6996068825 	82: 0.7136400341 	83: 0.7209112309 	84: 0.7216635718 	85: 0.7303358585 
	86: 0.7419559060 	87: 0.7674278274 	88: 0.7751764773 	89: 0.7827198191 	90: 0.7919371726 
	91: 0.8425394050 	92: 0.8581440147 	93: 0.8657030669 	94: 0.8735397486 	95: 0.8772415131 
	96: 0.8819473982 	97: 0.8874162153 	98: 0.8897430480 	99: 0.9719539551 	100: 0.9746064737 
	101: 1.0006038240 	102: 1.0746557726 	103: 1.0765098593 	104: 1.0809725403 	105: 1.1166308336 
	106: 1.1444942555 	107: 1.1594513956 	108: 1.1681967764 	109: 1.1784832384 	110: 1.2127072527 
	111: 1.2529575422 	112: 1.2637114350 	113: 1.2829853581 	114: 1.2858513066 	115: 1.3600230530 
	116: 1.3992617828 	117: 1.4170267185 	118: 1.4329003363 	119: 1.4427121318 	120: 1.4971587238 
	121: 1.5287602375 	122: 1.6175744417 	123: 1.7123833457 	124: 1.7303283674 	125: 1.7645371850 
	126: 1.7687733582 	127: 1.7923802865 	128: 1.8235786971 	129: 1.8762496804 	130: 1.8854424919 
	131: 1.9250992514 	132: 1.9478436959 	133: 1.9640026540 	134: 2.0273062758 	135: 2.0327102379 
	136: 2.0361029074 	137: 2.0574429453 	138: 2.0727289340 	139: 2.1364555433 	140: 2.1458344330 
	141: 2.1613665748 	142: 2.2061740157 	143: 2.2406358020 	144: 2.2962126322 	145: 2.3103302883 
	146: 2.3972477354 	147: 2.4330202545 	148: 2.4705728809 	149: 2.6176598911 	150: 2.6504395685 
	151: 2.7251635283 	152: 2.7747850165 	153: 2.9350947553 	154: 2.9401336199 	155: 2.9740924643 
	156: 2.9894611574 	157: 3.2482602663 	158: 3.6614983098 


	-Mulliken Population Analysis for SCF:
	 1: -0.0543223637 	 2: -0.0517147050 	 3: -0.2415742315 	 4: -0.2360683746 	 5: 0.0955686278 
	 6: 0.0911382546 	 7: 0.1000604797 	 8: 0.0957673574 	 9: 0.0502643401 	10: 0.0519894400 
	11: 0.0486396151 	12: 0.0502515602 

	-Lowdin Population Analysis for SCF:  
	 1: 0.0944499946 	 2: 0.0994492651 	 3: -0.1302308116 	 4: -0.1314486566 	 5: -0.0219303009 
	 6: -0.0229159806 	 7: -0.0198210214 	 8: -0.0208373492 	 9: 0.0384346885 	10: 0.0387713203 
	11: 0.0379038897 	12: 0.0381749621 

	-Electronic Dipole Moment: (e a0)  
	 X:  -0.03009   Y:  0.00398   Z:  0.00000   Total:  0.03035 

	-Electronic Dipole Moment: (D)  
	 X:  -0.07648   Y:  0.01011   Z:  0.00000   Total:  0.07715 

	-Total Dipole Moment: (e a0)  
	 X:  -0.02938   Y:  0.00402   Z:  0.00000   Total:  0.02965 

	-Total Dipole Moment: (D)  
	 X:  -0.07468   Y:  0.01022   Z:  0.00000   Total:  0.07537 



	Initializing Liboeprop (by U. Bozkaya) ...


	-Mulliken Population Analysis for SCF-IAO:
	 1: -0.1434171941 	 2: -0.1373962706 	 3: 0.0735260608 	 4: 0.0711637507 	 5: -0.1305328702 
	 6: -0.1312165844 	 7: -0.1275924908 	 8: -0.1283391922 	 9: 0.1641626592 	10: 0.1638109031 
	11: 0.1631548417 	12: 0.1627885508 

	-Lowdin Population Analysis for SCF-IAO:  
	 1: -0.1434171941 	 2: -0.1373962706 	 3: 0.0735260608 	 4: 0.0711637507 	 5: -0.1305328702 
	 6: -0.1312165844 	 7: -0.1275924908 	 8: -0.1283391922 	 9: 0.1641626592 	10: 0.1638109031 
	11: 0.1631548417 	12: 0.1627885508 

	Initializing Liblocal (by U. Bozkaya) ...
  ==> Pipek-Mezey Localizer <==

    Convergence =   1.000E-08
    Maxiter     =          50

    Iteration                   Metric       Residual
    PM    0   1.0085001594974092E+02              -
    PM    1   1.2909074166307889E+02   2.800270E-01
    PM    2   1.3532760348381765E+02   4.831378E-02
    PM    3   1.3556254712998930E+02   1.736110E-03
    PM    4   1.3556478878033249E+02   1.653591E-05
    PM    5   1.3556482114039153E+02   2.387055E-07
    PM    6   1.3556482743968499E+02   4.646702E-08
    PM    7   1.3556483366140790E+02   4.589482E-08
    PM    8   1.3556484038614451E+02   4.960532E-08
    PM    9   1.3556484466064103E+02   3.153101E-08
    PM   10   1.3556485129603493E+02   4.894627E-08
    PM   11   1.3556485604412049E+02   3.502446E-08
    PM   12   1.3556486115389134E+02   3.769244E-08
    PM   13   1.3556486547501780E+02   3.187497E-08
    PM   14   1.3556487209246441E+02   4.881388E-08
    PM   15   1.3556487624710908E+02   3.064691E-08
    PM   16   1.3556488058433524E+02   3.199373E-08
    PM   17   1.3556488499875525E+02   3.256315E-08
    PM   18   1.3556489164542111E+02   4.902941E-08
    PM   19   1.3556489734592117E+02   4.204997E-08
    PM   20   1.3556490217980325E+02   3.565733E-08
    PM   21   1.3556490816512220E+02   4.415095E-08
    PM   22   1.3556491261625430E+02   3.283396E-08
    PM   23   1.3556491695501151E+02   3.200502E-08
    PM   24   1.3556492297679384E+02   4.441992E-08
    PM   25   1.3556492845155665E+02   4.038480E-08
    PM   26   1.3556493339224505E+02   3.644518E-08
    PM   27   1.3556493920692066E+02   4.289218E-08
    PM   28   1.3556494458782305E+02   3.969243E-08
    PM   29   1.3556495066494782E+02   4.482814E-08
    PM   30   1.3556495599872505E+02   3.934481E-08
    PM   31   1.3556496041684977E+02   3.259046E-08
    PM   32   1.3556496599505854E+02   4.114787E-08
    PM   33   1.3556497169358326E+02   4.203538E-08
    PM   34   1.3556497555637935E+02   2.849406E-08
    PM   35   1.3556498062471036E+02   3.738673E-08
    PM   36   1.3556498633177421E+02   4.209836E-08
    PM   37   1.3556499182114732E+02   4.049256E-08
    PM   38   1.3556499535607884E+02   2.607555E-08
    PM   39   1.3556499881653565E+02   2.552618E-08
    PM   40   1.3556500421215262E+02   3.980096E-08
    PM   41   1.3556500833284673E+02   3.039644E-08
    PM   42   1.3556501173979706E+02   2.513149E-08
    PM   43   1.3556501510264260E+02   2.480615E-08
    PM   44   1.3556502034855180E+02   3.869663E-08
    PM   45   1.3556502551123037E+02   3.808267E-08
    PM   46   1.3556503019424221E+02   3.454440E-08
    PM   47   1.3556503564442485E+02   4.020346E-08
    PM   48   1.3556504089243089E+02   3.871209E-08
    PM   49   1.3556504443220567E+02   2.611127E-08
    PM   50   1.3556504832286015E+02   2.869954E-08

    PM Localizer failed.



	*Molecular contr. to CDS energy:       0.0000  kcal/mol
	*Total CDS energy:       1.2323  kcal/mol
	*SCF::Polarization Free Energy (au)      : -0.0021152505 
	*SCF::Polarization Free Energy (kcal/mol):      -1.3273 
	*SCF::CDS Free Energy (au)      : 0.0019638571 
	*SCF::CDS Free Energy (kcal/mol):       1.2323 
	*SCF::Total Solvation Free Energy (au)      : -0.0001513934 
	*SCF::Total Solvation Free Energy (kcal/mol):      -0.0950 
 CC-PVDZ primary basis set file will be read for the BR atom...
 CC-PVDZ primary basis set file will be read for the C atom...
 CC-PVDZ primary basis set file will be read for the H atom...
 Nmaxthread: 24 
 Nshell: 70 
 Lmax:  2 
 Npmax: 13 
 Nao: 158 
 Ndocc: 55 
 Nsocc:  0 
 NoccA: 55 
 NoccB: 55 
 Primary basis set info has been read.

 CC-PVDZ-JKFIT aux basis set file will be read for the BR atom...
 CC-PVDZ-JKFIT aux basis set file will be read for the C atom...
 CC-PVDZ-JKFIT aux basis set file will be read for the H atom...
 Nshell_aux: 274 
 Naux: 854 
 Aux basis set info has been read.


	*Total SCF Energy: -5372.97360588030824

 Cpu time for SCF :       1.8618 minutes
 Wall time for SCF:       0.8230 minutes


	MO spaces... 

	 FC   OCC   VIR   FV 
	----------------------
	 24   31   103    0


	Libtrans is initialized (by U. Bozkaya) ...

 ============================================================================== 
 ============================================================================== 
 ============================================================================== 

                       DF-MP2   
              Program Written by Ugur Bozkaya
              Latest Revision May 2, 2021

 ============================================================================== 
 ============================================================================== 
 ============================================================================== 

	For this residual convergence, default PCG convergence is:     1.00e-07
    Warning: "PCG_CONVERGENCE" option is changed to     1.00e-07


  ## DFOCC Options ##

  | TYPE         | KEY                      | INPUT? | VALUE              | DEFAULT            
  |--------------|--------------------------|--------|--------------------|--------------------
  | BOOL         | EOM                      | NO     | FALSE              | FALSE              
  | BOOL         | EOM_MP2                  | NO     | FALSE              | FALSE              
  | BOOL         | EOM_MP3                  | NO     | FALSE              | FALSE              
  | BOOL         | EOM_MP2_5                | NO     | FALSE              | FALSE              
  | BOOL         | EOM_LCCD                 | NO     | FALSE              | FALSE              
  | BOOL         | LOW_MEM_MP2              | NO     | FALSE              | FALSE              
  | BOOL         | LOW_MEM_MP3              | NO     | FALSE              | FALSE              
  | BOOL         | CD_PRESCREEN             | NO     | FALSE              | FALSE              
  | DOUBLE       | CIS_E_CONV               | NO     | 1e-06              | 1e-06              
  | DOUBLE       | CIS_R_CONV               | NO     | 1e-06              | 1e-06              
  | DOUBLE       | CIS_RES_PRECONDITION_TOL | NO     | 0.0001             | 0.0001             
  | DOUBLE       | DAVIDSON_TOLERANCE       | NO     | 1e-06              | 1e-06              
  | DOUBLE       | E3_SCALE                 | NO     | 0.25               | 0.25               
  | DOUBLE       | E_CONVERGENCE            | NO     | 1e-06              | 1e-06              
  | DOUBLE       | JK_MEMORY                | NO     | 1000000000.0       | 1000000000.0       
  | DOUBLE       | LEVEL_SHIFT              | NO     | 0.02               | 0.02               
  | DOUBLE       | MAX_MOGRAD_CONVERGENCE   | NO     | 0.001              | 0.001              
  | DOUBLE       | MO_STEP_MAX              | NO     | 0.5                | 0.5                
  | DOUBLE       | MP2_OS_SCALE             | NO     | 1.2                | 1.2                
  | DOUBLE       | MP2_SOS_SCALE            | NO     | 1.3                | 1.3                
  | DOUBLE       | MP2_SOS_SCALE2           | NO     | 1.2                | 1.2                
  | DOUBLE       | MP2_SS_SCALE             | NO     | 0.3333333333333333 | 0.3333333333333333 
  | DOUBLE       | OCC_PERCENTAGE           | NO     | 99.0               | 99.0               
  | DOUBLE       | OCC_TOLERANCE            | NO     | 1e-05              | 1e-05              
  | DOUBLE       | OO_SCALE                 | NO     | 0.01               | 0.01               
  | DOUBLE       | PCG_CONVERGENCE          | NO     | 1e-06              | 1e-06              
  | DOUBLE       | R_CONVERGENCE            | NO     | 1e-05              | 1e-05              
  | DOUBLE       | REG_PARAM                | NO     | 0.4                | 0.4                
  | DOUBLE       | KAPPA_REG_PARAM          | NO     | 1.1                | 1.1                
  | DOUBLE       | RMS_MOGRAD_CONVERGENCE   | NO     | 1e-06              | 1e-06              
  | DOUBLE       | SCG_TOLERANCE            | NO     | 1e-06              | 1e-06              
  | DOUBLE       | SCHMIDT_ADD_RES_TOL      | NO     | 0.001              | 0.001              
  | INT          | ACTIVE_NAT_ORBS          | NO     | 2                  | 2                  
  | INT          | CC_DIIS_MAX_VECS         | NO     | 6                  | 6                  
  | INT          | CC_DIIS_MIN_VECS         | NO     | 2                  | 2                  
  | INT          | CC_MAXITER               | NO     | 50                 | 50                 
  | INT          | CUTOFF                   | NO     | 8                  | 8                  
  | INT          | EXCITATION_RANGE         | NO     | 2                  | 2                  
  | INT          | FOLLOW_ROOT              | NO     | 1                  | 1                  
  | INT          | INTEGRAL_CUTOFF          | NO     | 9                  | 9                  
  | INT          | MAX_VECS                 | NO     | 50                 | 50                 
  | INT          | MO_DIIS_NUM_VECS         | NO     | 6                  | 6                  
  | INT          | MO_MAXITER               | NO     | 50                 | 50                 
  | INT          | NUM_ROOTS                | NO     | 4                  | 4                  
  | INT          | PCG_MAXITER              | NO     | 50                 | 50                 
  | INT          | PRINT_LEVEL              | NO     | 0                  | 0                  
  | INT          | VECS_PER_ROOT            | NO     | 1                  | 1                  
  | STRING       | CC_LAMBDA                | NO     | FALSE              | FALSE              
  | STRING       | CHOLESKY                 | NO     | FALSE              | FALSE              
  | STRING       | CIS_ALGORITHM            | NO     | MO_BASIS           | MO_BASIS           
  | STRING       | CIS_GUESS_COEFF          | NO     | MIX                | MIX                
  | STRING       | COMPUT_S2                | NO     | FALSE              | FALSE              
  | STRING       | DIAG_METHOD              | NO     | DAVIDSON           | DAVIDSON           
  | STRING       | DO_DIIS                  | NO     | TRUE               | TRUE               
  | STRING       | DO_LEVEL_SHIFT           | NO     | TRUE               | TRUE               
  | STRING       | DO_SCS                   | NO     | FALSE              | FALSE              
  | STRING       | DO_SOS                   | NO     | FALSE              | FALSE              
  | STRING       | EKT_IP                   | NO     | FALSE              | FALSE              
  | STRING       | FREEZE_CORE              | NO     | TRUE               | TRUE               
  | STRING       | HESS_TYPE                | NO     | HF                 | HF                 
  | STRING       | JK_TYPE                  | NO     | DIRECT             | DIRECT             
  | STRING       | LINEQ_SOLVER             | NO     | CDGESV             | CDGESV             
  | STRING       | MO_READ                  | NO     | FALSE              | FALSE              
  | STRING       | MO_WRITE                 | NO     | FALSE              | FALSE              
  | STRING       | MP2_AMP_TYPE             | NO     | DIRECT             | DIRECT             
  | STRING       | NAT_ORBS                 | NO     | FALSE              | FALSE              
  | STRING       | NBO                      | NO     | TRUE               | TRUE               
  | STRING       | OCC_ORBS_PRINT           | NO     | FALSE              | FALSE              
  | STRING       | OEPROP                   | NO     | FALSE              | FALSE              
  | STRING       | OPT_METHOD               | NO     | QNR                | QNR                
  | STRING       | ORB_RESP_SOLVER          | NO     | PCG                | PCG                
  | STRING       | ORTH_TYPE                | NO     | MGS                | MGS                
  | STRING       | PCG_BETA_TYPE            | NO     | FLETCHER_REEVES    | FLETCHER_REEVES    
  | STRING       | PPL_TYPE                 | NO     | AUTO               | AUTO               
  | STRING       | PRINT_CI_VECS            | NO     | FALSE              | FALSE              
  | STRING       | QCHF                     | NO     | FALSE              | FALSE              
  | STRING       | READ_SCF_3INDEX          | NO     | TRUE               | TRUE               
  | STRING       | REGULARIZATION           | NO     | FALSE              | FALSE              
  | STRING       | REG_TYPE                 | NO     | NORMAL             | NORMAL             
  | STRING       | SCS_TYPE                 | NO     | SCS                | SCS                
  | STRING       | SOS_TYPE                 | NO     | SOS                | SOS                
  | STRING       | TRIPLES_IABC_TYPE        | NO     | DISK               | DISK               
  | STRING       | UNIT_GUESS_TYPE          | NO     | GEN                | GEN                
  | STRING       | EKT_NEGATIVE_OCC         | NO     | ABS                | ABS                
  | BOOL         | SOLVATION                | YES    | TRUE               | FALSE              

	MO spaces... 

	 FC   OCC   VIR   FV 
	----------------------
	 24   31   103    0
 CC-PVDZ primary basis set file will be read for the BR atom...
 CC-PVDZ primary basis set file will be read for the C atom...
 CC-PVDZ primary basis set file will be read for the H atom...
 Nmaxthread: 24 
 Nshell: 70 
 Lmax:  2 
 Npmax: 13 
 Nao: 158 
 Ndocc: 55 
 Nsocc:  0 
 NoccA: 55 
 NoccB: 55 
 Primary basis set info has been read.

 CC-PVDZ-RI aux basis set file will be read for the BR atom...
 CC-PVDZ-RI aux basis set file will be read for the C atom...
 CC-PVDZ-RI aux basis set file will be read for the H atom...
 Nshell_aux: 192 
 Naux: 620 
 Aux basis set info has been read.

 Cpu time for Metric ints :       0.5000 s
 Wall time for Metric ints:       0.2692 s
 3-Index Algorithm: AUTO 

 Calling fortran integrals: ringing... 
 Done with fintegrals.

 Cpu time for 3-index ints :      12.1600 s
 Wall time for 3-index ints:       5.6779 s
 Cpu time for df-factors :       0.7200 s
 Wall time for df-factors:       0.2061 s
 CC-PVDZ primary basis set file will be read for the BR atom...
 CC-PVDZ primary basis set file will be read for the C atom...
 CC-PVDZ primary basis set file will be read for the H atom...
 Nmaxthread: 24 
 Nshell: 70 
 Lmax:  2 
 Npmax: 13 
 Nao: 158 
 Ndocc: 55 
 Nsocc:  0 
 NoccA: 55 
 NoccB: 55 
 Primary basis set info has been read.

 CC-PVDZ-JKFIT aux basis set file will be read for the BR atom...
 CC-PVDZ-JKFIT aux basis set file will be read for the C atom...
 CC-PVDZ-JKFIT aux basis set file will be read for the H atom...
 Nshell_aux: 274 
 Naux: 854 
 Aux basis set info has been read.

	Reading DF integrals from disk ...
 Cpu time for Metric ints :       1.7200 s
 Wall time for Metric ints:       0.6904 s
	Number of basis functions in the DF-HF basis: 854
	Number of basis functions in the DF-CC basis: 620

	Available memory                      :  30000.00 MB 
	Minimum required memory for amplitudes:    244.69 MB 
	Memory requirement for B-CC (Q|mu nu) :    123.82 MB 
	Memory requirement for B-CC (Q|ab)    :     52.62 MB 
	Memory requirement for DF-CC int trans:    204.54 MB 

	Computing DF-MP2 energy using SCF MOs (Canonical DF-MP2)... 
	======================================================================= 
	Nuclear Repulsion Energy (a.u.)    :   750.46195924763981
	DF-HF Energy (a.u.)                : -5372.97360588030824
	REF Energy (a.u.)                  : -5372.97360588030824
	DF-MP2 Correlation Energy (a.u.)   :    -1.04384527350199
	DF-MP2 Total Energy (a.u.)         : -5374.01745115380982
	======================================================================= 

	*Total MP2 Energy: -5374.01745115380982

	Computing unrelaxed response density matrices...
	Number of independent-pairs: 5665
	Computing the generalized Fock matrix (GFM)...
	Computing the orbital gradient...
	Forming effective orbital gradient...
	Solving orbital Z-vector equations...

	            PCG Solver 
	   ------------------------------ 
	Iter     RMS Z Vector        RMS Residual  
	----    ---------------    ---------------
	  1         1.31e-03         1.10e-03
	  2         6.94e-04         6.46e-04
	  3         2.60e-04         1.11e-04
	  4         6.08e-05         3.45e-05
	  5         1.33e-05         7.64e-06
	  6         3.67e-06         1.44e-06
	  7         5.86e-07         3.74e-07
	  8         1.94e-07         2.02e-07
	  9         1.31e-07         8.11e-08
	 10         6.71e-08         3.27e-08

	Computing the relaxed PDMs and GFM...
	Compute solv. is starting ...

	Initializing Liboeprop (by U. Bozkaya) ...


	-Mulliken Population Analysis for MP2-IAO:
	 1: 0.1539892268 	 2: 0.1609037471 	 3: 0.1639007721 	 4: 0.1616222447 	 5: -0.1492517001 
	 6: -0.1499601227 	 7: -0.1465675556 	 8: -0.1471713819 	 9: 0.0428225733 	10: 0.0423304939 
	11: 0.0416639065 	12: 0.0412428991 

	-Lowdin Population Analysis for MP2-IAO:  
	 1: 0.1539892268 	 2: 0.1609037471 	 3: 0.1639007721 	 4: 0.1616222447 	 5: -0.1492517001 
	 6: -0.1499601227 	 7: -0.1465675556 	 8: -0.1471713819 	 9: 0.0428225733 	10: 0.0423304939 
	11: 0.0416639065 	12: 0.0412428991 


  ## SOLVATION Options ##

  | TYPE         | KEY                      | INPUT? | VALUE              | DEFAULT            
  |--------------|--------------------------|--------|--------------------|--------------------
  | INT          | NUM_Z_POINTS             | NO     | 90                 | 90                 
  | INT          | NUM_ANG_POINTS           | YES    | 100                | 100                
  | STRING       | SASA_TYPE                | YES    | NUMERIC            | NUMERIC            
  | STRING       | CHARGE_TYPE              | YES    | IAO_MULLIKEN       | IAO_MULLIKEN       
  | STRING       | CDS_TYPE                 | YES    | SMD                | SMD                
  | STRING       | SOLVENT                  | YES    | WATER              | WATER              
  | STRING       | SOLVENT_PARAMS           | YES    | MN21               | SM8                
  | STRING       | DIELECTRIC_PARAMS        | YES    | MN21               | MN21               
  | STRING       | COULOMB_RADII            | YES    | SMD                | SMD                
  | DOUBLE       | COVALENT_VW_CONST        | NO     | 0.76               | 0.76               
  | DOUBLE       | SOLVENT_RADIUS           | NO     | 0.4                | 0.4                
  | STRING       | RADIUS_TYPE              | YES    | SMD                | SMD                
  | DOUBLE       | GB_DIJ                   | NO     | 3.7                | 3.7                
  | DOUBLE       | GB_SIJ                   | NO     | 0.75               | 0.75               
  | DOUBLE       | GB_CIJ                   | NO     | 0.0                | 0.0                
  | DOUBLE       | F_PWSASA                 | NO     | 0.4535             | 0.4535             
  | DOUBLE       | SCALE_VDW                | NO     | 1.0                | 1.0                
  | DOUBLE       | SCALE_CR                 | NO     | 1.0                | 1.0                



 Sasa Type                  : NUMERIC 
 Charge Type                : IAO_MULLIKEN 
 CDS Type                   : SMD 
 Radius Type                : SMD 
 Solvent                    : WATER 
 Solvent Parameters         : MN21 
 Dielectric Parameters      : MN21 
 Coulomb Radii Parameters   : SMD 
 GB d_ij parameter          : 3.7000000000 
 GB S_ij parameter          : 0.7500000000 
 GB C_ij parameter          : 0.0000000000 
 Sclae_vdw parameter        : 1.0000000000 
 Number of z-points         : 90 
 Number of angular points   : 100 
 Number of SASA grid points : 17902 
 Solvent Dielectric Constant: 78.3553000000 

 VDW Radii:
	  1 BR :       1.8500  ang
	  2 BR :       1.8500  ang
	  3 C :       1.7000  ang
	  4 C :       1.7000  ang
	  5 C :       1.7000  ang
	  6 C :       1.7000  ang
	  7 C :       1.7000  ang
	  8 C :       1.7000  ang
	  9 H :       1.2000  ang
	 10 H :       1.2000  ang
	 11 H :       1.2000  ang
	 12 H :       1.2000  ang

	 Computing SASA... 

 Atomic SASA values:
	  1 BR :      44.6941  ang^2
	  2 BR :      44.6941  ang^2
	  3 C :       5.6093  ang^2
	  4 C :       5.6093  ang^2
	  5 C :      10.1165  ang^2
	  6 C :      10.1103  ang^2
	  7 C :      10.1041  ang^2
	  8 C :      10.1041  ang^2
	  9 H :      12.1298  ang^2
	 10 H :      12.1333  ang^2
	 11 H :      12.1298  ang^2
	 12 H :      12.1333  ang^2

	*Total SASA (angs^2): 189.5678808504 


 Coulomb Radii:
	  1 BR :       3.0600  ang
	  2 BR :       3.0600  ang
	  3 C :       1.8500  ang
	  4 C :       1.8500  ang
	  5 C :       1.8500  ang
	  6 C :       1.8500  ang
	  7 C :       1.8500  ang
	  8 C :       1.8500  ang
	  9 H :       1.2000  ang
	 10 H :       1.2000  ang
	 11 H :       1.2000  ang
	 12 H :       1.2000  ang
 Solvent Alpha                       : 1.1700000000 

 ## Effective Born Radius (bohr) ##
   0   6.1575248791 
   1   6.1575306645 
   2   5.3610862220 
   3   5.3610674634 
   4   5.1171137383 
   5   5.1170144495 
   6   5.1170131785 
   7   5.1171753290 
   8   3.8200555252 
   9   3.8192810641 
  10   3.8192318128 
  11   3.8198516933 

 Effective Born Radii:
	  1 BR :       3.2584  ang
	  2 BR :       3.2584  ang
	  3 C :       2.8370  ang
	  4 C :       2.8370  ang
	  5 C :       2.7079  ang
	  6 C :       2.7078  ang
	  7 C :       2.7078  ang
	  8 C :       2.7079  ang
	  9 H :       2.0215  ang
	 10 H :       2.0211  ang
	 11 H :       2.0211  ang
	 12 H :       2.0214  ang


 Coulomb Integrals:
	  1  1 :       0.1624  bohr^-1
	  1  2 :       0.0774  bohr^-1
	  1  3 :       0.1531  bohr^-1
	  1  4 :       0.1025  bohr^-1
	  1  5 :       0.1364  bohr^-1
	  1  6 :       0.1116  bohr^-1
	  1  7 :       0.1364  bohr^-1
	  1  8 :       0.1115  bohr^-1
	  1  9 :       0.1446  bohr^-1
	  1 10 :       0.1011  bohr^-1
	  1 11 :       0.1446  bohr^-1
	  1 12 :       0.1011  bohr^-1
	  2  1 :       0.0774  bohr^-1
	  2  2 :       0.1624  bohr^-1
	  2  3 :       0.1025  bohr^-1
	  2  4 :       0.1531  bohr^-1
	  2  5 :       0.1115  bohr^-1
	  2  6 :       0.1364  bohr^-1
	  2  7 :       0.1115  bohr^-1
	  2  8 :       0.1364  bohr^-1
	  2  9 :       0.1011  bohr^-1
	  2 10 :       0.1446  bohr^-1
	  2 11 :       0.1011  bohr^-1
	  2 12 :       0.1446  bohr^-1
	  3  1 :       0.1531  bohr^-1
	  3  2 :       0.1025  bohr^-1
	  3  3 :       0.1865  bohr^-1
	  3  4 :       0.1423  bohr^-1
	  3  5 :       0.1754  bohr^-1
	  3  6 :       0.1526  bohr^-1
	  3  7 :       0.1754  bohr^-1
	  3  8 :       0.1526  bohr^-1
	  3  9 :       0.1742  bohr^-1
	  3 10 :       0.1377  bohr^-1
	  3 11 :       0.1742  bohr^-1
	  3 12 :       0.1377  bohr^-1
	  4  1 :       0.1025  bohr^-1
	  4  2 :       0.1531  bohr^-1
	  4  3 :       0.1423  bohr^-1
	  4  4 :       0.1865  bohr^-1
	  4  5 :       0.1526  bohr^-1
	  4  6 :       0.1754  bohr^-1
	  4  7 :       0.1526  bohr^-1
	  4  8 :       0.1754  bohr^-1
	  4  9 :       0.1377  bohr^-1
	  4 10 :       0.1742  bohr^-1
	  4 11 :       0.1377  bohr^-1
	  4 12 :       0.1742  bohr^-1
	  5  1 :       0.1364  bohr^-1
	  5  2 :       0.1115  bohr^-1
	  5  3 :       0.1754  bohr^-1
	  5  4 :       0.1526  bohr^-1
	  5  5 :       0.1954  bohr^-1
	  5  6 :       0.1788  bohr^-1
	  5  7 :       0.1544  bohr^-1
	  5  8 :       0.1452  bohr^-1
	  5  9 :       0.2103  bohr^-1
	  5 10 :       0.1768  bohr^-1
	  5 11 :       0.1384  bohr^-1
	  5 12 :       0.1262  bohr^-1
	  6  1 :       0.1116  bohr^-1
	  6  2 :       0.1364  bohr^-1
	  6  3 :       0.1526  bohr^-1
	  6  4 :       0.1754  bohr^-1
	  6  5 :       0.1788  bohr^-1
	  6  6 :       0.1954  bohr^-1
	  6  7 :       0.1452  bohr^-1
	  6  8 :       0.1544  bohr^-1
	  6  9 :       0.1767  bohr^-1
	  6 10 :       0.2103  bohr^-1
	  6 11 :       0.1262  bohr^-1
	  6 12 :       0.1384  bohr^-1
	  7  1 :       0.1364  bohr^-1
	  7  2 :       0.1115  bohr^-1
	  7  3 :       0.1754  bohr^-1
	  7  4 :       0.1526  bohr^-1
	  7  5 :       0.1544  bohr^-1
	  7  6 :       0.1452  bohr^-1
	  7  7 :       0.1954  bohr^-1
	  7  8 :       0.1788  bohr^-1
	  7  9 :       0.1384  bohr^-1
	  7 10 :       0.1262  bohr^-1
	  7 11 :       0.2103  bohr^-1
	  7 12 :       0.1768  bohr^-1
	  8  1 :       0.1115  bohr^-1
	  8  2 :       0.1364  bohr^-1
	  8  3 :       0.1526  bohr^-1
	  8  4 :       0.1754  bohr^-1
	  8  5 :       0.1452  bohr^-1
	  8  6 :       0.1544  bohr^-1
	  8  7 :       0.1788  bohr^-1
	  8  8 :       0.1954  bohr^-1
	  8  9 :       0.1262  bohr^-1
	  8 10 :       0.1384  bohr^-1
	  8 11 :       0.1768  bohr^-1
	  8 12 :       0.2103  bohr^-1
	  9  1 :       0.1446  bohr^-1
	  9  2 :       0.1011  bohr^-1
	  9  3 :       0.1742  bohr^-1
	  9  4 :       0.1377  bohr^-1
	  9  5 :       0.2103  bohr^-1
	  9  6 :       0.1767  bohr^-1
	  9  7 :       0.1384  bohr^-1
	  9  8 :       0.1262  bohr^-1
	  9  9 :       0.2618  bohr^-1
	  9 10 :       0.1780  bohr^-1
	  9 11 :       0.1196  bohr^-1
	  9 12 :       0.1052  bohr^-1
	 10  1 :       0.1011  bohr^-1
	 10  2 :       0.1446  bohr^-1
	 10  3 :       0.1377  bohr^-1
	 10  4 :       0.1742  bohr^-1
	 10  5 :       0.1768  bohr^-1
	 10  6 :       0.2103  bohr^-1
	 10  7 :       0.1262  bohr^-1
	 10  8 :       0.1384  bohr^-1
	 10  9 :       0.1780  bohr^-1
	 10 10 :       0.2618  bohr^-1
	 10 11 :       0.1052  bohr^-1
	 10 12 :       0.1196  bohr^-1
	 11  1 :       0.1446  bohr^-1
	 11  2 :       0.1011  bohr^-1
	 11  3 :       0.1742  bohr^-1
	 11  4 :       0.1377  bohr^-1
	 11  5 :       0.1384  bohr^-1
	 11  6 :       0.1262  bohr^-1
	 11  7 :       0.2103  bohr^-1
	 11  8 :       0.1768  bohr^-1
	 11  9 :       0.1196  bohr^-1
	 11 10 :       0.1052  bohr^-1
	 11 11 :       0.2618  bohr^-1
	 11 12 :       0.1780  bohr^-1
	 12  1 :       0.1011  bohr^-1
	 12  2 :       0.1446  bohr^-1
	 12  3 :       0.1377  bohr^-1
	 12  4 :       0.1742  bohr^-1
	 12  5 :       0.1262  bohr^-1
	 12  6 :       0.1384  bohr^-1
	 12  7 :       0.1768  bohr^-1
	 12  8 :       0.2103  bohr^-1
	 12  9 :       0.1052  bohr^-1
	 12 10 :       0.1196  bohr^-1
	 12 11 :       0.1780  bohr^-1
	 12 12 :       0.2618  bohr^-1


	*Molecular contr. to CDS energy:       0.0000  kcal/mol
	*Total CDS energy:       1.2323  kcal/mol
	*MP2::Polarization Free Energy (au)      : -0.0036651280 
	*MP2::Polarization Free Energy (kcal/mol):      -2.2999 
	*MP2::CDS Free Energy (au)      : 0.0019638571 
	*MP2::CDS Free Energy (kcal/mol):       1.2323 
	*MP2::Total Solvation Free Energy (au)      : -0.0017012710 
	*MP2::Total Solvation Free Energy (kcal/mol):      -1.0676 
	GB-MP2 Total Energy (a.u.)         : -5374.01915242476116

	*Total GB-MP2 Energy: -5374.01745115380982


 Cpu time for MacroQC :       2.9145 minutes
 Wall time for MacroQC:       1.2201 minutes


 ******************************************************************************************
	 MacroQC terminates normally:) 
 ****************************************************************************************** 

