 ==========================================================================================
 =========                __  ___                         ____  ______            =========
 ======                  /  |/  /___ _______________     / __ \/ ____/               ======
 ====                   / /|_/ / __ `/ ___/ ___/ __ \   / / / / /                      ====
 ===                   / /  / / /_/ / /__/ /  / /_/ /  / /_/ / /___                     ===
 ==                   /_/  /_/\__,_/\___/_/   \____/   \___\_\____/                      ==
 ===                                                                1.0.4                ===
 =====     An electronic structure theory software for large-scale applications       =====
 ======                                 See license.txt for license info             ======
 =========                                                                        =========
 ==========================================================================================
                                                                                           
                           * * * * * * * * * * * * * * * * * * * *                        
                           *            Developed by             *                        
                           *             U. Bozkaya              *                        
                           *                                     *                        
                           *       With contributions from:      *                        
                           *         B. Ermis, Y. Alagoz,        *                        
                           *         A. Unal, and A. K. Uyar     *                        
                           *         Git Version: deab493        *                        
                           *       Latest Revision: 2026-03-23   *                        
                           * * * * * * * * * * * * * * * * * * * *                        


 Run date: Wed Mar 25 11:40:37 2026
 
 Hostname: ub28 

 ## MacroQC input file ##
 ******************************************************************************************
$set_molecule
0 1
O       1.7551551750     0.6690147277     0.0000118269
C       0.4513697539     0.2717143108     0.0000058109
C       0.0311879308    -1.0576117570     0.0000080906
C      -0.4969249411     1.2981816466     0.0000014071
C      -1.3318336759    -1.3461650284     0.0000016717
C      -1.8476101788     0.9948095986    -0.0000042107
C      -2.2761761359    -0.3310987270    -0.0000058517
C       2.7671024767    -0.3235755881    -0.0000126132
H       0.7448636837    -1.8670234597     0.0000157266
H      -0.1496980334     2.3222146030     0.0000006603
H      -1.6497122553    -2.3807642692     0.0000023490
H      -2.5718587754     1.7989596129    -0.0000091414
H      -3.3315665951    -0.5659095371    -0.0000117825
H       2.7106828232    -0.9546319872    -0.8911758715
H       2.7107251412    -0.9546359924     0.8911507970
H       3.7126312326     0.2121464746    -0.0000331819
$end_molecule


$set_globals
   basis cc-pvdz
  method mp2
  reference rhf
  jobtype energy
  memory 30000
$end_globals


$set_scf
  e_convergence 1.0e-8
  d_convergence 1.0e-6
  guess sad
  solvation true
$end_scf


$set_solvation
  cds_type smd
  radius_type smd
  solvent_params mn21
  dielectric_params mn21 #sm8
  sasa_type numeric
  solvent water
  num_ang_points 100
  charge_type iao_mulliken #iao_lowdin, mulliken, lowdin
  coulomb_radii smd
$end_solvation

$set_dfocc
solvation true
$end_dfocc

 ******************************************************************************************


	-Geometry before Center-of-Mass shift (ang): 
	 Number     Atom               X                    Y                       Z  
	 ---------------------------------------------------------------------------------------
           1     O             1.7551551750          0.6690147277           0.0000118269  
           2     C             0.4513697539          0.2717143108           0.0000058109  
           3     C             0.0311879308         -1.0576117570           0.0000080906  
           4     C            -0.4969249411          1.2981816466           0.0000014071  
           5     C            -1.3318336759         -1.3461650284           0.0000016717  
           6     C            -1.8476101788          0.9948095986          -0.0000042107  
           7     C            -2.2761761359         -0.3310987270          -0.0000058517  
           8     C             2.7671024767         -0.3235755881          -0.0000126132  
           9     H             0.7448636837         -1.8670234597           0.0000157266  
          10     H            -0.1496980334          2.3222146030           0.0000006603  
          11     H            -1.6497122553         -2.3807642692           0.0000023490  
          12     H            -2.5718587754          1.7989596129          -0.0000091414  
          13     H            -3.3315665951         -0.5659095371          -0.0000117825  
          14     H             2.7106828232         -0.9546319872          -0.8911758715  
          15     H             2.7107251412         -0.9546359924           0.8911507970  
          16     H             3.7126312326          0.2121464746          -0.0000331819  



	-Geometry after Center-of-Mass shift (ang): 
	 Atom               X                    Y                       Z  
	 -------------------------------------------------------------------
     O           1.7752182410          0.6471046984           0.0000112725  
     C           0.4714328199          0.2498042815           0.0000052565  
     C           0.0512509968         -1.0795217863           0.0000075362  
     C          -0.4768618751          1.2762716173           0.0000008527  
     C          -1.3117706099         -1.3680750577           0.0000011173  
     C          -1.8275471128          0.9728995693          -0.0000047651  
     C          -2.2561130699         -0.3530087563          -0.0000064061  
     C           2.7871655427         -0.3454856174          -0.0000131676  
     H           0.7649267497         -1.8889334890           0.0000151722  
     H          -0.1296349674          2.3003045737           0.0000001059  
     H          -1.6296491893         -2.4026742985           0.0000017946  
     H          -2.5517957094          1.7770495836          -0.0000096958  
     H          -3.3115035291         -0.5878195664          -0.0000123369  
     H           2.7307458892         -0.9765420165          -0.8911764259  
     H           2.7307882072         -0.9765460217           0.8911502426  
     H           3.7326942986          0.1902364453          -0.0000337363  


	-Geometry after Center-of-Mass shift (bohr): 
	 Atom               X                    Y                       Z  
	 -------------------------------------------------------------------
     O           3.3546762885          1.2228506545           0.0000213019  
     C           0.8908789163          0.4720616770           0.0000099333  
     C           0.0968503477         -2.0400005225           0.0000142413  
     C          -0.9011383435          2.4118038184           0.0000016113  
     C          -2.4788871920         -2.5852871781           0.0000021114  
     C          -3.4535635245          1.8385137336          -0.0000090048  
     C          -4.2634358101         -0.6670898692          -0.0000121058  
     C           5.2669795421         -0.6528731971          -0.0000248832  
     H           1.4455020631         -3.5695669634           0.0000286713  
     H          -0.2449745846          4.3469456495           0.0000002001  
     H          -3.0795906483         -4.5403963928           0.0000033913  
     H          -4.8221950188          3.3581370244          -0.0000183224  
     H          -6.2578347334         -1.1108179916          -0.0000233134  
     H           5.1603618489         -1.8453969611          -1.6840793745  
     H           5.1604418183         -1.8454045299           1.6840298951  
     H           7.0537699345          0.3594947807          -0.0000637524  


    Rotational Constants: A =     0.16951  B =     0.05226  C =      0.04025 [cm^-1] 
    Rotor Type: ASYMMETRIC 

	-Nuclear Dipole Moment: (e a0)  
	 X:  2.19899   Y:  -2.40143   Z:  -0.00006   Total:  3.25614 

	-Nuclear Dipole Moment: (D)  
	 X:  5.58929   Y:  -6.10382   Z:  -0.00015   Total:  8.27628 


    Nuclear repulsion energy (V_NN)              : 346.321000821628 
   =====================================================
   Charge                : 0 
   Multiplicity          : 1 
   Number of Atoms       : 16 
   Number of Ghost Atoms : 0 
   Number of Electrons   : 58 
   Number of alpha occupied orbitals (NoccA)  : 29 
   Number of beta occupied orbitals (NoccB)   : 29 
   Number of singly occupied orbitals (Nsocc) : 0 
   Number of doubly occupied orbitals (Ndocc) : 29 
   =====================================================



  ## GLOBALS Options ##

  | TYPE         | KEY                      | INPUT? | VALUE              | DEFAULT            
  |--------------|--------------------------|--------|--------------------|--------------------
  | BOOL         | ERI_DISK                 | NO     | FALSE              | FALSE              
  | BOOL         | FREEZE_CORE              | NO     | TRUE               | TRUE               
  | BOOL         | MOL_FRAG                 | NO     | FALSE              | FALSE              
  | BOOL         | NOCOM                    | NO     | FALSE              | FALSE              
  | BOOL         | NOREORIENT               | NO     | TRUE               | TRUE               
  | BOOL         | PUREAM                   | NO     | TRUE               | TRUE               
  | BOOL         | ML                       | NO     | FALSE              | FALSE              
  | BOOL         | READ_PDB                 | NO     | FALSE              | FALSE              
  | BOOL         | TEST_MODE                | NO     | FALSE              | FALSE              
  | INT          | DERIVE_LEVEL             | NO     | 0                  | 0                  
  | INT          | FINDIF_POINTS            | NO     | 3                  | 3                  
  | INT          | MEMORY                   | YES    | 30000              | 2000               
  | INT          | NUM_THREADS              | NO     | 1                  | 1                  
  | INT          | NUM_FROZEN_DOCC          | NO     | 0                  | 0                  
  | INT          | NUM_FROZEN_VIR           | NO     | 0                  | 0                  
  | INT          | PRINT_LEVEL              | NO     | 0                  | 0                  
  | STRING       | AUX_BASIS_CORR           | NO     | CC-PVDZ-RI         | CC-PVDZ-RI         
  | STRING       | AUX_BASIS_SCF            | NO     | CC-PVDZ-JKFIT      | CC-PVDZ-JKFIT      
  | STRING       | BASIS                    | YES    | CC-PVDZ            | CC-PVDZ            
  | STRING       | BASIS2                   | NO     | MINAO              | MINAO              
  | STRING       | DERIVE_TYPE              | NO     | ANALYTIC           | ANALYTIC           
  | STRING       | FINDIF_METHOD            | NO     | GRAD               | GRAD               
  | STRING       | GEOM_UNITS               | NO     | ANG                | ANG                
  | STRING       | JOBTYPE                  | YES    | ENERGY             | ENERGY             
  | STRING       | METHOD                   | YES    | MP2                | SCF                
  | STRING       | REFERENCE                | YES    | RHF                | RHF                
  | STRING       | OUTFILE_MODE             | NO     | NEW                | NEW                
  | DOUBLE       | STEP_BOHR                | NO     | 0.05               | 0.05               
  | STR_ARRAY    | MOLECULE_GEOM_FROM       | NO     | [input]            | [input]            
  | DOUBLE_ARRAY | ELECTRIC_STRENGTH        | NO     | [0.001;0.001;0.001]| [0.001;0.001;0.001]
  | STRING       | ELECTRIC_FIELD           | NO     | NONE               | NONE               
  | STRING       | ALIGN_TWO_ATOMS          | NO     | NONE               | NONE               
  | INT_ARRAY    | TWO_ATOMS                | NO     | [0]                | [0]                



  ## INTS Options ##

  | TYPE         | KEY                      | INPUT? | VALUE              | DEFAULT            
  |--------------|--------------------------|--------|--------------------|--------------------
  | DOUBLE       | BOYS_CUTOFF              | NO     | 1e-15              | 1e-15              
  | DOUBLE       | BOYS_ZERO                | NO     | 1e-06              | 1e-06              
  | DOUBLE       | DELTA_X                  | NO     | 0.1                | 0.1                
  | DOUBLE       | INTEGRAL_CUTOFF          | NO     | 1e-10              | 1e-10              
  | DOUBLE       | X_MAX                    | NO     | 30.0               | 30.0               
  | INT          | BOYS_MAXITER             | NO     | 10000              | 10000              
  | INT          | MAX_AM                   | NO     | 7                  | 7                  
  | INT          | MAX_AM_AUX               | NO     | 7                  | 7                  
  | INT          | PRINT_LEVEL              | NO     | 0                  | 0                  
  | INT          | TAYLOR_ORDER             | NO     | 6                  | 6                  
  | STRING       | 3INDEX_ALGORITHM         | NO     | AUTO               | AUTO               
  | STRING       | BOYS_METHOD              | NO     | GHP                | GHP                
  | STRING       | ERI_ALGORITHM            | NO     | MD4                | MD4                


	Initializing Liboeprop (by U. Bozkaya) ...

	*=================================================================*
	*                  SCF                                            *
	*   Developed by U. Bozkaya & Y. Alagoz                           *
	*   Latest revision Feb 16, 2021                                  *
	*=================================================================*



  ## SCF Options ##

  | TYPE         | KEY                      | INPUT? | VALUE              | DEFAULT            
  |--------------|--------------------------|--------|--------------------|--------------------
  | BOOL         | DIIS_DAMP                | NO     | FALSE              | FALSE              
  | BOOL         | DIE_IF_NOT_CONVERGED     | NO     | TRUE               | TRUE               
  | BOOL         | DO_DF                    | NO     | TRUE               | TRUE               
  | BOOL         | DIIS                     | NO     | TRUE               | TRUE               
  | BOOL         | FOCK_DAMP                | NO     | FALSE              | FALSE              
  | BOOL         | GUESS_MIX                | NO     | FALSE              | FALSE              
  | BOOL         | GUESS_PREVIOUS           | NO     | FALSE              | FALSE              
  | BOOL         | LOCAL                    | NO     | FALSE              | FALSE              
  | BOOL         | RETRY                    | NO     | TRUE               | TRUE               
  | DOUBLE       | CUTOFF                   | NO     | 1e-10              | 1e-10              
  | DOUBLE       | D_CONVERGENCE            | YES    | 1e-06              | 1e-06              
  | DOUBLE       | DAMP_PARAM               | NO     | 0.02               | 0.02               
  | DOUBLE       | E_CONVERGENCE            | YES    | 1e-08              | 1e-08              
  | DOUBLE       | FOCK_DAMP_PERC           | NO     | 20.0               | 20.0               
  | DOUBLE       | MIN_OVERLAP_EIGVAL       | NO     | 1e-06              | 1e-06              
  | DOUBLE       | LOCAL_CONVERGENCE        | NO     | 1e-08              | 1e-08              
  | DOUBLE       | QC_GUESS_E_CONVERGENCE   | NO     | 0.0001             | 0.0001             
  | DOUBLE       | QC_GUESS_D_CONVERGENCE   | NO     | 0.005              | 0.005              
  | INT          | MAX_DIIS                 | NO     | 6                  | 6                  
  | INT          | MIN_DIIS                 | NO     | 2                  | 2                  
  | INT          | PRINT_LEVEL              | NO     | 0                  | 0                  
  | INT          | SCF_MAXITER              | NO     | 50                 | 50                 
  | INT          | LOCAL_MAXITER            | NO     | 50                 | 50                 
  | STRING       | DIIS_ALGORITHM           | NO     | DISK               | DISK               
  | STRING       | GUESS                    | YES    | SAD                | SAD                
  | BOOL         | MO_WRITE                 | NO     | FALSE              | FALSE              
  | BOOL         | FOCK_WRITE               | NO     | FALSE              | FALSE              
  | STRING       | ORTH_TYPE                | NO     | CANONICAL          | CANONICAL          
  | STRING       | ROHF_CANONIC_TYPE        | NO     | GUEST              | GUEST              
  | STRING       | ERI                      | NO     | INCORE             | INCORE             
  | STRING       | SCF_ALGORITHM            | NO     | ROOTHAAN           | ROOTHAAN           
  | STRING       | LOCAL_TYPE               | NO     | BOYS               | BOYS               
  | BOOL         | SAD_FRAC_OCC             | NO     | TRUE               | TRUE               
  | BOOL         | SAD_SPIN_AVERAGE         | NO     | TRUE               | TRUE               
  | DOUBLE       | SAD_E_CONVERGENCE        | NO     | 1e-05              | 1e-05              
  | DOUBLE       | SAD_D_CONVERGENCE        | NO     | 1e-05              | 1e-05              
  | INT          | SAD_MAXITER              | NO     | 50                 | 50                 
  | BOOL         | NIE                      | NO     | FALSE              | FALSE              
  | BOOL         | SAD_DIIS                 | NO     | TRUE               | TRUE               
  | INT          | SAD_MAX_DIIS             | NO     | 6                  | 6                  
  | INT          | SAD_MIN_DIIS             | NO     | 2                  | 2                  
  | INT          | SAD_PRINT                | NO     | 0                  | 0                  
  | STRING       | SAD_AUX_BASIS            | NO     | SAD-FIT            | SAD-FIT            
  | DOUBLE       | SAD_CHOLESKY_TOLERANCE   | NO     | 1e-07              | 1e-07              
  | BOOL         | SOLVATION                | YES    | TRUE               | FALSE              
  | BOOL         | BYPASS                   | NO     | FALSE              | FALSE              
  | STRING       | IAO_TYPE                 | NO     | STANDARD2013       | STANDARD2013       
  | BOOL         | USE_IAOS                 | NO     | FALSE              | FALSE              

	Initializing libdiis ...
	Initializing libmolint 1.1 ...
 CC-PVDZ primary basis set file will be read for the O atom...
 CC-PVDZ primary basis set file will be read for the C atom...
 CC-PVDZ primary basis set file will be read for the H atom...
 Nmaxthread: 24 
 Nshell: 72 
 Lmax:  2 
 Npmax:  8 
 Nao: 152 
 Ndocc: 29 
 Nsocc:  0 
 NoccA: 29 
 NoccB: 29 
 Primary basis set info has been read.

 CC-PVDZ-JKFIT aux basis set file will be read for the O atom...
 CC-PVDZ-JKFIT aux basis set file will be read for the C atom...
 CC-PVDZ-JKFIT aux basis set file will be read for the H atom...
 Nshell_aux: 264 
 Naux: 744 
 Aux basis set info has been read.

 orth_type: CANONICAL 
 Cpu time for S ints :       0.0800 s
 Wall time for S ints:       0.0746 s

 Using canonical orthogonalization. 
 Minimum eigenvalue in the overlap matrix is:   3.5844E-04 

 Cpu time for T ints :       0.2200 s
 Wall time for T ints:       0.0524 s
 Cpu time for V ints :       1.0300 s
 Wall time for V ints:       0.4780 s
 Cpu time for Metric ints :       1.6900 s
 Wall time for Metric ints:       0.5200 s
 3-Index Algorithm: AUTO 

 Calling fortran integrals: ringing... 
 Done with fintegrals.

 Cpu time for 3-index ints :       9.1800 s
 Wall time for 3-index ints:       4.1846 s
 Cpu time for df-factors :       1.8500 s
 Wall time for df-factors:       0.4914 s


 Puream (True=1, False=0) : 1
 Number of AO             : 152
 Number of MO             : 152
 Number of Aux Functions  : 744
 Charge                   : 0
 Multiplicity             : 1
 Alpha OCC                : 29
 Beta OCC                 : 29
 Nuclear Repulsion Energy : 346.32100082
 Energy Treshold          : 1.0e-08
 Density Treshold         : 1.0e-06
 Iteration Limit          : 50
 Guess                    : SAD
 Guess Mix                : false
 Diis                     : true
 Diis Damping             : false
 Diis Damp Parameter      : 0.02
 Diis Algorithm           : DISK
 Cutoff Treshold          : 1.0e-10
 Density Fitting          : true
 Reference                : RHF
 Die If Not Converged     : true
 Print Level              : 0
 ERI Algorithm            : INCORE
 SCF Algorithm            : ROOTHAAN




  ## SOLVATION Options ##

  | TYPE         | KEY                      | INPUT? | VALUE              | DEFAULT            
  |--------------|--------------------------|--------|--------------------|--------------------
  | INT          | NUM_Z_POINTS             | NO     | 90                 | 90                 
  | INT          | NUM_ANG_POINTS           | YES    | 100                | 100                
  | STRING       | SASA_TYPE                | YES    | NUMERIC            | NUMERIC            
  | STRING       | CHARGE_TYPE              | YES    | IAO_MULLIKEN       | IAO_MULLIKEN       
  | STRING       | CDS_TYPE                 | YES    | SMD                | SMD                
  | STRING       | SOLVENT                  | YES    | WATER              | WATER              
  | STRING       | SOLVENT_PARAMS           | YES    | MN21               | SM8                
  | STRING       | DIELECTRIC_PARAMS        | YES    | MN21               | MN21               
  | STRING       | COULOMB_RADII            | YES    | SMD                | SMD                
  | DOUBLE       | COVALENT_VW_CONST        | NO     | 0.76               | 0.76               
  | DOUBLE       | SOLVENT_RADIUS           | NO     | 0.4                | 0.4                
  | STRING       | RADIUS_TYPE              | YES    | SMD                | SMD                
  | DOUBLE       | GB_DIJ                   | NO     | 3.7                | 3.7                
  | DOUBLE       | GB_SIJ                   | NO     | 0.75               | 0.75               
  | DOUBLE       | GB_CIJ                   | NO     | 0.0                | 0.0                
  | DOUBLE       | F_PWSASA                 | NO     | 0.4535             | 0.4535             
  | DOUBLE       | SCALE_VDW                | NO     | 1.0                | 1.0                
  | DOUBLE       | SCALE_CR                 | NO     | 1.0                | 1.0                



 Sasa Type                  : NUMERIC 
 Charge Type                : IAO_MULLIKEN 
 CDS Type                   : SMD 
 Radius Type                : SMD 
 Solvent                    : WATER 
 Solvent Parameters         : MN21 
 Dielectric Parameters      : MN21 
 Coulomb Radii Parameters   : SMD 
 GB d_ij parameter          : 3.7000000000 
 GB S_ij parameter          : 0.7500000000 
 GB C_ij parameter          : 0.0000000000 
 Sclae_vdw parameter        : 1.0000000000 
 Number of z-points         : 90 
 Number of angular points   : 100 
 Number of SASA grid points : 17902 
 Solvent Dielectric Constant: 78.3553000000 

 VDW Radii:
	  1 O :       1.5200  ang
	  2 C :       1.7000  ang
	  3 C :       1.7000  ang
	  4 C :       1.7000  ang
	  5 C :       1.7000  ang
	  6 C :       1.7000  ang
	  7 C :       1.7000  ang
	  8 C :       1.7000  ang
	  9 H :       1.2000  ang
	 10 H :       1.2000  ang
	 11 H :       1.2000  ang
	 12 H :       1.2000  ang
	 13 H :       1.2000  ang
	 14 H :       1.2000  ang
	 15 H :       1.2000  ang
	 16 H :       1.2000  ang

	 Computing SASA... 

 Atomic SASA values:
	  1 O :      12.2553  ang^2
	  2 C :       6.2717  ang^2
	  3 C :       9.3271  ang^2
	  4 C :      10.3084  ang^2
	  5 C :      10.5003  ang^2
	  6 C :      10.5684  ang^2
	  7 C :      10.8594  ang^2
	  8 C :       9.6986  ang^2
	  9 H :       9.2869  ang^2
	 10 H :      12.3688  ang^2
	 11 H :      13.0318  ang^2
	 12 H :      13.0462  ang^2
	 13 H :      13.0534  ang^2
	 14 H :      11.3804  ang^2
	 15 H :      11.3804  ang^2
	 16 H :      12.9204  ang^2

	*Total SASA (angs^2): 176.2575837631 


 Coulomb Radii:
	  1 O :       1.5200  ang
	  2 C :       1.8500  ang
	  3 C :       1.8500  ang
	  4 C :       1.8500  ang
	  5 C :       1.8500  ang
	  6 C :       1.8500  ang
	  7 C :       1.8500  ang
	  8 C :       1.8500  ang
	  9 H :       1.2000  ang
	 10 H :       1.2000  ang
	 11 H :       1.2000  ang
	 12 H :       1.2000  ang
	 13 H :       1.2000  ang
	 14 H :       1.2000  ang
	 15 H :       1.2000  ang
	 16 H :       1.2000  ang
 Solvent Alpha                       : 1.1700000000 

 ## Effective Born Radius (bohr) ##
   0   4.1911163793 
   1   4.8163916657 
   2   4.7003849079 
   3   4.5205562557 
   4   4.4417148211 
   5   4.4184009306 
   6   4.4045299865 
   7   3.9835485556 
   8   3.5169345118 
   9   3.2619236303 
  10   3.2059175638 
  11   3.1938021542 
  12   3.1853349002 
  13   3.1965458951 
  14   3.1965320887 
  15   3.0025604818 

 Effective Born Radii:
	  1 O :       2.2178  ang
	  2 C :       2.5487  ang
	  3 C :       2.4873  ang
	  4 C :       2.3922  ang
	  5 C :       2.3505  ang
	  6 C :       2.3381  ang
	  7 C :       2.3308  ang
	  8 C :       2.1080  ang
	  9 H :       1.8611  ang
	 10 H :       1.7261  ang
	 11 H :       1.6965  ang
	 12 H :       1.6901  ang
	 13 H :       1.6856  ang
	 14 H :       1.6915  ang
	 15 H :       1.6915  ang
	 16 H :       1.5889  ang


 Coulomb Integrals:
	  1  1 :       0.2386  bohr^-1
	  1  2 :       0.1996  bohr^-1
	  1  3 :       0.1667  bohr^-1
	  1  4 :       0.1718  bohr^-1
	  1  5 :       0.1316  bohr^-1
	  1  6 :       0.1335  bohr^-1
	  1  7 :       0.1203  bohr^-1
	  1  8 :       0.2130  bohr^-1
	  1  9 :       0.1675  bohr^-1
	  1 10 :       0.1783  bohr^-1
	  1 11 :       0.1135  bohr^-1
	  1 12 :       0.1158  bohr^-1
	  1 13 :       0.1002  bohr^-1
	  1 14 :       0.1988  bohr^-1
	  1 15 :       0.1988  bohr^-1
	  1 16 :       0.2056  bohr^-1
	  2  1 :       0.1996  bohr^-1
	  2  2 :       0.2076  bohr^-1
	  2  3 :       0.1897  bohr^-1
	  2  4 :       0.1927  bohr^-1
	  2  5 :       0.1640  bohr^-1
	  2  6 :       0.1642  bohr^-1
	  2  7 :       0.1530  bohr^-1
	  2  8 :       0.1695  bohr^-1
	  2  9 :       0.1837  bohr^-1
	  2 10 :       0.1884  bohr^-1
	  2 11 :       0.1437  bohr^-1
	  2 12 :       0.1437  bohr^-1
	  2 13 :       0.1296  bohr^-1
	  2 14 :       0.1664  bohr^-1
	  2 15 :       0.1664  bohr^-1
	  2 16 :       0.1489  bohr^-1
	  3  1 :       0.1667  bohr^-1
	  3  2 :       0.1897  bohr^-1
	  3  3 :       0.2127  bohr^-1
	  3  4 :       0.1641  bohr^-1
	  3  5 :       0.1960  bohr^-1
	  3  6 :       0.1540  bohr^-1
	  3  7 :       0.1652  bohr^-1
	  3  8 :       0.1561  bohr^-1
	  3  9 :       0.2259  bohr^-1
	  3 10 :       0.1438  bohr^-1
	  3 11 :       0.1904  bohr^-1
	  3 12 :       0.1301  bohr^-1
	  3 13 :       0.1438  bohr^-1
	  3 14 :       0.1633  bohr^-1
	  3 15 :       0.1633  bohr^-1
	  3 16 :       0.1300  bohr^-1
	  4  1 :       0.1718  bohr^-1
	  4  2 :       0.1927  bohr^-1
	  4  3 :       0.1641  bohr^-1
	  4  4 :       0.2212  bohr^-1
	  4  5 :       0.1555  bohr^-1
	  4  6 :       0.1998  bohr^-1
	  4  7 :       0.1671  bohr^-1
	  4  8 :       0.1333  bohr^-1
	  4  9 :       0.1426  bohr^-1
	  4 10 :       0.2368  bohr^-1
	  4 11 :       0.1308  bohr^-1
	  4 12 :       0.1927  bohr^-1
	  4 13 :       0.1447  bohr^-1
	  4 14 :       0.1264  bohr^-1
	  4 15 :       0.1264  bohr^-1
	  4 16 :       0.1187  bohr^-1
	  5  1 :       0.1316  bohr^-1
	  5  2 :       0.1640  bohr^-1
	  5  3 :       0.1960  bohr^-1
	  5  4 :       0.1555  bohr^-1
	  5  5 :       0.2251  bohr^-1
	  5  6 :       0.1683  bohr^-1
	  5  7 :       0.2014  bohr^-1
	  5  8 :       0.1192  bohr^-1
	  5  9 :       0.1885  bohr^-1
	  5 10 :       0.1308  bohr^-1
	  5 11 :       0.2402  bohr^-1
	  5 12 :       0.1453  bohr^-1
	  5 13 :       0.1932  bohr^-1
	  5 14 :       0.1230  bohr^-1
	  5 15 :       0.1230  bohr^-1
	  5 16 :       0.0993  bohr^-1
	  6  1 :       0.1335  bohr^-1
	  6  2 :       0.1642  bohr^-1
	  6  3 :       0.1540  bohr^-1
	  6  4 :       0.1998  bohr^-1
	  6  5 :       0.1683  bohr^-1
	  6  6 :       0.2263  bohr^-1
	  6  7 :       0.2016  bohr^-1
	  6  8 :       0.1071  bohr^-1
	  6  9 :       0.1297  bohr^-1
	  6 10 :       0.1919  bohr^-1
	  6 11 :       0.1454  bohr^-1
	  6 12 :       0.2411  bohr^-1
	  6 13 :       0.1932  bohr^-1
	  6 14 :       0.1036  bohr^-1
	  6 15 :       0.1036  bohr^-1
	  6 16 :       0.0937  bohr^-1
	  7  1 :       0.1203  bohr^-1
	  7  2 :       0.1530  bohr^-1
	  7  3 :       0.1652  bohr^-1
	  7  4 :       0.1671  bohr^-1
	  7  5 :       0.2014  bohr^-1
	  7  6 :       0.2016  bohr^-1
	  7  7 :       0.2270  bohr^-1
	  7  8 :       0.1025  bohr^-1
	  7  9 :       0.1435  bohr^-1
	  7 10 :       0.1445  bohr^-1
	  7 11 :       0.1935  bohr^-1
	  7 12 :       0.1933  bohr^-1
	  7 13 :       0.2417  bohr^-1
	  7 14 :       0.1024  bohr^-1
	  7 15 :       0.1024  bohr^-1
	  7 16 :       0.0877  bohr^-1
	  8  1 :       0.2130  bohr^-1
	  8  2 :       0.1695  bohr^-1
	  8  3 :       0.1561  bohr^-1
	  8  4 :       0.1333  bohr^-1
	  8  5 :       0.1192  bohr^-1
	  8  6 :       0.1071  bohr^-1
	  8  7 :       0.1025  bohr^-1
	  8  8 :       0.2510  bohr^-1
	  8  9 :       0.1766  bohr^-1
	  8 10 :       0.1297  bohr^-1
	  8 11 :       0.1073  bohr^-1
	  8 12 :       0.0917  bohr^-1
	  8 13 :       0.0865  bohr^-1
	  8 14 :       0.2508  bohr^-1
	  8 15 :       0.2508  bohr^-1
	  8 16 :       0.2574  bohr^-1
	  9  1 :       0.1675  bohr^-1
	  9  2 :       0.1837  bohr^-1
	  9  3 :       0.2259  bohr^-1
	  9  4 :       0.1426  bohr^-1
	  9  5 :       0.1885  bohr^-1
	  9  6 :       0.1297  bohr^-1
	  9  7 :       0.1435  bohr^-1
	  9  8 :       0.1766  bohr^-1
	  9  9 :       0.2843  bohr^-1
	  9 10 :       0.1213  bohr^-1
	  9 11 :       0.1884  bohr^-1
	  9 12 :       0.1062  bohr^-1
	  9 13 :       0.1215  bohr^-1
	  9 14 :       0.1938  bohr^-1
	  9 15 :       0.1938  bohr^-1
	  9 16 :       0.1413  bohr^-1
	 10  1 :       0.1783  bohr^-1
	 10  2 :       0.1884  bohr^-1
	 10  3 :       0.1438  bohr^-1
	 10  4 :       0.2368  bohr^-1
	 10  5 :       0.1308  bohr^-1
	 10  6 :       0.1919  bohr^-1
	 10  7 :       0.1445  bohr^-1
	 10  8 :       0.1297  bohr^-1
	 10  9 :       0.1213  bohr^-1
	 10 10 :       0.3066  bohr^-1
	 10 11 :       0.1065  bohr^-1
	 10 12 :       0.1896  bohr^-1
	 10 13 :       0.1214  bohr^-1
	 10 14 :       0.1178  bohr^-1
	 10 15 :       0.1178  bohr^-1
	 10 16 :       0.1190  bohr^-1
	 11  1 :       0.1135  bohr^-1
	 11  2 :       0.1437  bohr^-1
	 11  3 :       0.1904  bohr^-1
	 11  4 :       0.1308  bohr^-1
	 11  5 :       0.2402  bohr^-1
	 11  6 :       0.1454  bohr^-1
	 11  7 :       0.1935  bohr^-1
	 11  8 :       0.1073  bohr^-1
	 11  9 :       0.1884  bohr^-1
	 11 10 :       0.1065  bohr^-1
	 11 11 :       0.3119  bohr^-1
	 11 12 :       0.1219  bohr^-1
	 11 13 :       0.1904  bohr^-1
	 11 14 :       0.1123  bohr^-1
	 11 15 :       0.1123  bohr^-1
	 11 16 :       0.0887  bohr^-1
	 12  1 :       0.1158  bohr^-1
	 12  2 :       0.1437  bohr^-1
	 12  3 :       0.1301  bohr^-1
	 12  4 :       0.1927  bohr^-1
	 12  5 :       0.1453  bohr^-1
	 12  6 :       0.2411  bohr^-1
	 12  7 :       0.1933  bohr^-1
	 12  8 :       0.0917  bohr^-1
	 12  9 :       0.1062  bohr^-1
	 12 10 :       0.1896  bohr^-1
	 12 11 :       0.1219  bohr^-1
	 12 12 :       0.3131  bohr^-1
	 12 13 :       0.1900  bohr^-1
	 12 14 :       0.0877  bohr^-1
	 12 15 :       0.0877  bohr^-1
	 12 16 :       0.0816  bohr^-1
	 13  1 :       0.1002  bohr^-1
	 13  2 :       0.1296  bohr^-1
	 13  3 :       0.1438  bohr^-1
	 13  4 :       0.1447  bohr^-1
	 13  5 :       0.1932  bohr^-1
	 13  6 :       0.1932  bohr^-1
	 13  7 :       0.2417  bohr^-1
	 13  8 :       0.0865  bohr^-1
	 13  9 :       0.1215  bohr^-1
	 13 10 :       0.1214  bohr^-1
	 13 11 :       0.1904  bohr^-1
	 13 12 :       0.1900  bohr^-1
	 13 13 :       0.3139  bohr^-1
	 13 14 :       0.0864  bohr^-1
	 13 15 :       0.0864  bohr^-1
	 13 16 :       0.0747  bohr^-1
	 14  1 :       0.1988  bohr^-1
	 14  2 :       0.1664  bohr^-1
	 14  3 :       0.1633  bohr^-1
	 14  4 :       0.1264  bohr^-1
	 14  5 :       0.1230  bohr^-1
	 14  6 :       0.1036  bohr^-1
	 14  7 :       0.1024  bohr^-1
	 14  8 :       0.2508  bohr^-1
	 14  9 :       0.1938  bohr^-1
	 14 10 :       0.1178  bohr^-1
	 14 11 :       0.1123  bohr^-1
	 14 12 :       0.0877  bohr^-1
	 14 13 :       0.0864  bohr^-1
	 14 14 :       0.3128  bohr^-1
	 14 15 :       0.2299  bohr^-1
	 14 16 :       0.2340  bohr^-1
	 15  1 :       0.1988  bohr^-1
	 15  2 :       0.1664  bohr^-1
	 15  3 :       0.1633  bohr^-1
	 15  4 :       0.1264  bohr^-1
	 15  5 :       0.1230  bohr^-1
	 15  6 :       0.1036  bohr^-1
	 15  7 :       0.1024  bohr^-1
	 15  8 :       0.2508  bohr^-1
	 15  9 :       0.1938  bohr^-1
	 15 10 :       0.1178  bohr^-1
	 15 11 :       0.1123  bohr^-1
	 15 12 :       0.0877  bohr^-1
	 15 13 :       0.0864  bohr^-1
	 15 14 :       0.2299  bohr^-1
	 15 15 :       0.3128  bohr^-1
	 15 16 :       0.2340  bohr^-1
	 16  1 :       0.2056  bohr^-1
	 16  2 :       0.1489  bohr^-1
	 16  3 :       0.1300  bohr^-1
	 16  4 :       0.1187  bohr^-1
	 16  5 :       0.0993  bohr^-1
	 16  6 :       0.0937  bohr^-1
	 16  7 :       0.0877  bohr^-1
	 16  8 :       0.2574  bohr^-1
	 16  9 :       0.1413  bohr^-1
	 16 10 :       0.1190  bohr^-1
	 16 11 :       0.0887  bohr^-1
	 16 12 :       0.0816  bohr^-1
	 16 13 :       0.0747  bohr^-1
	 16 14 :       0.2340  bohr^-1
	 16 15 :       0.2340  bohr^-1
	 16 16 :       0.3330  bohr^-1
    ===> SCF Iteration Started <===

     Iter. |                   Energy |       Delta E |          Drms |
    -------|--------------------------|---------------|---------------|
         1 |      -343.92854968117382 |    -3.439e+02 |     1.289e-02 |
         2 |      -344.46246230492801 |    -5.339e-01 |     2.836e-03 | DIIS
         3 |      -344.58933513684161 |    -1.269e-01 |     9.032e-04 | DIIS
         4 |      -344.60724185774183 |    -1.791e-02 |     4.480e-04 | DIIS
         5 |      -344.60899291151651 |    -1.751e-03 |     1.118e-04 | DIIS
         6 |      -344.60909363823970 |    -1.007e-04 |     2.105e-05 | DIIS
         7 |      -344.60911773803997 |    -2.410e-05 |     1.377e-05 | DIIS
         8 |      -344.60911600333571 |     1.735e-06 |     3.984e-06 | DIIS
         9 |      -344.60911599912100 |     4.215e-09 |     2.257e-06 | DIIS
        10 |      -344.60911565388705 |     3.452e-07 |     8.852e-07 | DIIS
        11 |      -344.60911551793953 |     1.359e-07 |     4.216e-07 | DIIS
        12 |      -344.60911551406508 |     3.874e-09 |     2.353e-07 | DIIS


	-Alpha Occupied Orbital Energies (au):  
	 1: -20.5552833806 	 2: -11.2735664279 	 3: -11.2635934578 	 4: -11.2141714743 	 5: -11.2118725681 
	 6: -11.2046017393 	 7: -11.2004931349 	 8: -11.1994390089 	 9: -1.3814153137 	10: -1.1200838386 
	11: -0.9950134856 	12: -0.9869998928 	13: -0.9145647320 	14: -0.8045112059 	15: -0.7793118150 
	16: -0.6922896152 	17: -0.6355291544 	18: -0.6325531967 	19: -0.6246916408 	20: -0.5908941788 
	21: -0.5604087242 	22: -0.5477127962 	23: -0.4969286730 	24: -0.4955881543 	25: -0.4825367111 
	26: -0.4507238872 	27: -0.4376352153 	28: -0.3102507244 	29: -0.2812685215 
	-Alpha Virtual Orbital Energies (au):  
	30: 0.1606664011 	31: 0.1802867056 	32: 0.1988166671 	33: 0.2138533049 	34: 0.2348434513 
	35: 0.2537825809 	36: 0.2661123062 	37: 0.2786855550 	38: 0.2794045360 	39: 0.3008813679 
	40: 0.3223845386 	41: 0.3876579693 	42: 0.4382833261 	43: 0.4632159472 	44: 0.4671411255 
	45: 0.5041079334 	46: 0.5231029239 	47: 0.5978951231 	48: 0.6279287955 	49: 0.6531836705 
	50: 0.6669750212 	51: 0.6838904550 	52: 0.7156960982 	53: 0.7168139093 	54: 0.7322862686 
	55: 0.7440790473 	56: 0.7493038494 	57: 0.7496469960 	58: 0.7562064271 	59: 0.7699305312 
	60: 0.8187383017 	61: 0.8200943089 	62: 0.8312834821 	63: 0.8593345646 	64: 0.8698752171 
	65: 0.8724817374 	66: 0.8910852782 	67: 0.9062290707 	68: 0.9314668874 	69: 0.9317032589 
	70: 0.9586069013 	71: 0.9713014387 	72: 1.0102213380 	73: 1.0563248566 	74: 1.0662463237 
	75: 1.1143515507 	76: 1.1351535229 	77: 1.1375682223 	78: 1.1648006577 	79: 1.1848514689 
	80: 1.1880087042 	81: 1.2154217269 	82: 1.2387953464 	83: 1.2476219218 	84: 1.2684069748 
	85: 1.3028374243 	86: 1.3158170833 	87: 1.3353071593 	88: 1.3586317324 	89: 1.3816259582 
	90: 1.4511829246 	91: 1.4897266865 	92: 1.5067349995 	93: 1.5517336252 	94: 1.5925834164 
	95: 1.6626094651 	96: 1.6649212224 	97: 1.7350472168 	98: 1.7490002096 	99: 1.7576558724 
	100: 1.7974176073 	101: 1.8262456256 	102: 1.8525524951 	103: 1.8587926434 	104: 1.8742555044 
	105: 1.9061749764 	106: 1.9176302943 	107: 1.9181358612 	108: 1.9322273844 	109: 1.9382495475 
	110: 1.9604033326 	111: 1.9690428256 	112: 1.9693971672 	113: 1.9898942447 	114: 2.0507200951 
	115: 2.0685416983 	116: 2.0775762747 	117: 2.0941294740 	118: 2.1534203163 	119: 2.1591172701 
	120: 2.1750852090 	121: 2.1764633030 	122: 2.1837328951 	123: 2.2022117691 	124: 2.2616841392 
	125: 2.2726660361 	126: 2.3143478220 	127: 2.3323533696 	128: 2.3566680047 	129: 2.3737685191 
	130: 2.4788678511 	131: 2.5023917499 	132: 2.5142108303 	133: 2.5514745865 	134: 2.6022974331 
	135: 2.7394268468 	136: 2.7490821003 	137: 2.7786297098 	138: 2.7953042838 	139: 2.8045825031 
	140: 2.8365351393 	141: 2.8442340494 	142: 2.9685114396 	143: 2.9901745824 	144: 3.0906829261 
	145: 3.1782055709 	146: 3.2533996076 	147: 3.2762109471 	148: 3.4172020182 	149: 3.4219933402 
	150: 3.6991168307 	151: 3.8172027049 	152: 4.0970391726 


	-Mulliken Population Analysis for SCF:
	 1: -0.4618822628 	 2: 0.2251931970 	 3: -0.0893449476 	 4: -0.0238098947 	 5: 0.0044399575 
	 6: 0.0053532780 	 7: -0.0503312026 	 8: 0.1556862006 	 9: 0.0164719833 	10: 0.0236278894 
	11: 0.0216007230 	12: 0.0261456825 	13: 0.0191295778 	14: 0.0350368865 	15: 0.0350368330 
	16: 0.0576460990 

	-Lowdin Population Analysis for SCF:  
	 1: -0.0079838685 	 2: 0.0009070039 	 3: -0.0777952523 	 4: -0.0475141431 	 5: -0.0079695698 
	 6: -0.0080351449 	 7: -0.0630879170 	 8: 0.0237959273 	 9: 0.0217068099 	10: 0.0278791581 
	11: 0.0279386819 	12: 0.0296556650 	13: 0.0247547709 	14: 0.0140100595 	15: 0.0140100396 
	16: 0.0277277795 

	-Electronic Dipole Moment: (e a0)  
	 X:  -1.92774   Y:  1.92029   Z:  0.00005   Total:  2.72097 

	-Electronic Dipole Moment: (D)  
	 X:  -4.89982   Y:  4.88090   Z:  0.00012   Total:  6.91603 

	-Total Dipole Moment: (e a0)  
	 X:  0.27126   Y:  -0.48114   Z:  -0.00001   Total:  0.55233 

	-Total Dipole Moment: (D)  
	 X:  0.68946   Y:  -1.22293   Z:  -0.00003   Total:  1.40389 



	Initializing Liboeprop (by U. Bozkaya) ...


	-Mulliken Population Analysis for SCF-IAO:
	 1: -0.4043698073 	 2: 0.2625200691 	 3: -0.2171638745 	 4: -0.1844563164 	 5: -0.1099241012 
	 6: -0.1142963675 	 7: -0.1819176356 	 8: -0.1312081611 	 9: 0.1328253327 	10: 0.1461691550 
	11: 0.1388868041 	12: 0.1421676345 	13: 0.1377646785 	14: 0.1174312800 	15: 0.1174313169 
	16: 0.1483650408 

	-Lowdin Population Analysis for SCF-IAO:  
	 1: -0.4043698073 	 2: 0.2625200691 	 3: -0.2171638745 	 4: -0.1844563164 	 5: -0.1099241012 
	 6: -0.1142963675 	 7: -0.1819176356 	 8: -0.1312081611 	 9: 0.1328253327 	10: 0.1461691550 
	11: 0.1388868041 	12: 0.1421676345 	13: 0.1377646785 	14: 0.1174312800 	15: 0.1174313169 
	16: 0.1483650408 

	Initializing Liblocal (by U. Bozkaya) ...
  ==> Pipek-Mezey Localizer <==

    Convergence =   1.000E-08
    Maxiter     =          50

    Iteration                   Metric       Residual
    PM    0   1.6511384199982590E+01              -
    PM    1   3.1020779017417635E+01   8.787510E-01
    PM    2   3.6007407988131597E+01   1.607512E-01
    PM    3   3.6166702648292592E+01   4.423941E-03
    PM    4   3.6170592789387776E+01   1.075614E-04
    PM    5   3.6171620044366463E+01   2.840028E-05
    PM    6   3.6171897130461680E+01   7.660318E-06
    PM    7   3.6172032619201879E+01   3.745691E-06
    PM    8   3.6172071405632536E+01   1.072277E-06
    PM    9   3.6172088074070395E+01   4.608096E-07
    PM   10   3.6172094605419105E+01   1.805632E-07
    PM   11   3.6172097086638189E+01   6.859484E-08
    PM   12   3.6172097826688848E+01   2.045916E-08
    PM   13   3.6172098223990687E+01   1.098365E-08
    PM   14   3.6172098380675152E+01   4.331639E-09

    PM Localizer converged.



	*Molecular contr. to CDS energy:       0.0000  kcal/mol
	*Total CDS energy:       4.0350  kcal/mol
	*SCF::Polarization Free Energy (au)      : -0.0069230273 
	*SCF::Polarization Free Energy (kcal/mol):      -4.3443 
	*SCF::CDS Free Energy (au)      : 0.0064302565 
	*SCF::CDS Free Energy (kcal/mol):       4.0350 
	*SCF::Total Solvation Free Energy (au)      : -0.0004927708 
	*SCF::Total Solvation Free Energy (kcal/mol):      -0.3092 
 CC-PVDZ primary basis set file will be read for the O atom...
 CC-PVDZ primary basis set file will be read for the C atom...
 CC-PVDZ primary basis set file will be read for the H atom...
 Nmaxthread: 24 
 Nshell: 72 
 Lmax:  2 
 Npmax:  8 
 Nao: 152 
 Ndocc: 29 
 Nsocc:  0 
 NoccA: 29 
 NoccB: 29 
 Primary basis set info has been read.

 CC-PVDZ-JKFIT aux basis set file will be read for the O atom...
 CC-PVDZ-JKFIT aux basis set file will be read for the C atom...
 CC-PVDZ-JKFIT aux basis set file will be read for the H atom...
 Nshell_aux: 264 
 Naux: 744 
 Aux basis set info has been read.


	*Total SCF Energy: -344.60911551406508

 Cpu time for SCF :       1.5860 minutes
 Wall time for SCF:       0.6561 minutes


	MO spaces... 

	 FC   OCC   VIR   FV 
	----------------------
	  8   21   123    0


	Libtrans is initialized (by U. Bozkaya) ...

 ============================================================================== 
 ============================================================================== 
 ============================================================================== 

                       DF-MP2   
              Program Written by Ugur Bozkaya
              Latest Revision May 2, 2021

 ============================================================================== 
 ============================================================================== 
 ============================================================================== 

	For this residual convergence, default PCG convergence is:     1.00e-07
    Warning: "PCG_CONVERGENCE" option is changed to     1.00e-07


  ## DFOCC Options ##

  | TYPE         | KEY                      | INPUT? | VALUE              | DEFAULT            
  |--------------|--------------------------|--------|--------------------|--------------------
  | BOOL         | EOM                      | NO     | FALSE              | FALSE              
  | BOOL         | EOM_MP2                  | NO     | FALSE              | FALSE              
  | BOOL         | EOM_MP3                  | NO     | FALSE              | FALSE              
  | BOOL         | EOM_MP2_5                | NO     | FALSE              | FALSE              
  | BOOL         | EOM_LCCD                 | NO     | FALSE              | FALSE              
  | BOOL         | LOW_MEM_MP2              | NO     | FALSE              | FALSE              
  | BOOL         | LOW_MEM_MP3              | NO     | FALSE              | FALSE              
  | BOOL         | CD_PRESCREEN             | NO     | FALSE              | FALSE              
  | DOUBLE       | CIS_E_CONV               | NO     | 1e-06              | 1e-06              
  | DOUBLE       | CIS_R_CONV               | NO     | 1e-06              | 1e-06              
  | DOUBLE       | CIS_RES_PRECONDITION_TOL | NO     | 0.0001             | 0.0001             
  | DOUBLE       | DAVIDSON_TOLERANCE       | NO     | 1e-06              | 1e-06              
  | DOUBLE       | E3_SCALE                 | NO     | 0.25               | 0.25               
  | DOUBLE       | E_CONVERGENCE            | NO     | 1e-06              | 1e-06              
  | DOUBLE       | JK_MEMORY                | NO     | 1000000000.0       | 1000000000.0       
  | DOUBLE       | LEVEL_SHIFT              | NO     | 0.02               | 0.02               
  | DOUBLE       | MAX_MOGRAD_CONVERGENCE   | NO     | 0.001              | 0.001              
  | DOUBLE       | MO_STEP_MAX              | NO     | 0.5                | 0.5                
  | DOUBLE       | MP2_OS_SCALE             | NO     | 1.2                | 1.2                
  | DOUBLE       | MP2_SOS_SCALE            | NO     | 1.3                | 1.3                
  | DOUBLE       | MP2_SOS_SCALE2           | NO     | 1.2                | 1.2                
  | DOUBLE       | MP2_SS_SCALE             | NO     | 0.3333333333333333 | 0.3333333333333333 
  | DOUBLE       | OCC_PERCENTAGE           | NO     | 99.0               | 99.0               
  | DOUBLE       | OCC_TOLERANCE            | NO     | 1e-05              | 1e-05              
  | DOUBLE       | OO_SCALE                 | NO     | 0.01               | 0.01               
  | DOUBLE       | PCG_CONVERGENCE          | NO     | 1e-06              | 1e-06              
  | DOUBLE       | R_CONVERGENCE            | NO     | 1e-05              | 1e-05              
  | DOUBLE       | REG_PARAM                | NO     | 0.4                | 0.4                
  | DOUBLE       | KAPPA_REG_PARAM          | NO     | 1.1                | 1.1                
  | DOUBLE       | RMS_MOGRAD_CONVERGENCE   | NO     | 1e-06              | 1e-06              
  | DOUBLE       | SCG_TOLERANCE            | NO     | 1e-06              | 1e-06              
  | DOUBLE       | SCHMIDT_ADD_RES_TOL      | NO     | 0.001              | 0.001              
  | INT          | ACTIVE_NAT_ORBS          | NO     | 2                  | 2                  
  | INT          | CC_DIIS_MAX_VECS         | NO     | 6                  | 6                  
  | INT          | CC_DIIS_MIN_VECS         | NO     | 2                  | 2                  
  | INT          | CC_MAXITER               | NO     | 50                 | 50                 
  | INT          | CUTOFF                   | NO     | 8                  | 8                  
  | INT          | EXCITATION_RANGE         | NO     | 2                  | 2                  
  | INT          | FOLLOW_ROOT              | NO     | 1                  | 1                  
  | INT          | INTEGRAL_CUTOFF          | NO     | 9                  | 9                  
  | INT          | MAX_VECS                 | NO     | 50                 | 50                 
  | INT          | MO_DIIS_NUM_VECS         | NO     | 6                  | 6                  
  | INT          | MO_MAXITER               | NO     | 50                 | 50                 
  | INT          | NUM_ROOTS                | NO     | 4                  | 4                  
  | INT          | PCG_MAXITER              | NO     | 50                 | 50                 
  | INT          | PRINT_LEVEL              | NO     | 0                  | 0                  
  | INT          | VECS_PER_ROOT            | NO     | 1                  | 1                  
  | STRING       | CC_LAMBDA                | NO     | FALSE              | FALSE              
  | STRING       | CHOLESKY                 | NO     | FALSE              | FALSE              
  | STRING       | CIS_ALGORITHM            | NO     | MO_BASIS           | MO_BASIS           
  | STRING       | CIS_GUESS_COEFF          | NO     | MIX                | MIX                
  | STRING       | COMPUT_S2                | NO     | FALSE              | FALSE              
  | STRING       | DIAG_METHOD              | NO     | DAVIDSON           | DAVIDSON           
  | STRING       | DO_DIIS                  | NO     | TRUE               | TRUE               
  | STRING       | DO_LEVEL_SHIFT           | NO     | TRUE               | TRUE               
  | STRING       | DO_SCS                   | NO     | FALSE              | FALSE              
  | STRING       | DO_SOS                   | NO     | FALSE              | FALSE              
  | STRING       | EKT_IP                   | NO     | FALSE              | FALSE              
  | STRING       | FREEZE_CORE              | NO     | TRUE               | TRUE               
  | STRING       | HESS_TYPE                | NO     | HF                 | HF                 
  | STRING       | JK_TYPE                  | NO     | DIRECT             | DIRECT             
  | STRING       | LINEQ_SOLVER             | NO     | CDGESV             | CDGESV             
  | STRING       | MO_READ                  | NO     | FALSE              | FALSE              
  | STRING       | MO_WRITE                 | NO     | FALSE              | FALSE              
  | STRING       | MP2_AMP_TYPE             | NO     | DIRECT             | DIRECT             
  | STRING       | NAT_ORBS                 | NO     | FALSE              | FALSE              
  | STRING       | NBO                      | NO     | TRUE               | TRUE               
  | STRING       | OCC_ORBS_PRINT           | NO     | FALSE              | FALSE              
  | STRING       | OEPROP                   | NO     | FALSE              | FALSE              
  | STRING       | OPT_METHOD               | NO     | QNR                | QNR                
  | STRING       | ORB_RESP_SOLVER          | NO     | PCG                | PCG                
  | STRING       | ORTH_TYPE                | NO     | MGS                | MGS                
  | STRING       | PCG_BETA_TYPE            | NO     | FLETCHER_REEVES    | FLETCHER_REEVES    
  | STRING       | PPL_TYPE                 | NO     | AUTO               | AUTO               
  | STRING       | PRINT_CI_VECS            | NO     | FALSE              | FALSE              
  | STRING       | QCHF                     | NO     | FALSE              | FALSE              
  | STRING       | READ_SCF_3INDEX          | NO     | TRUE               | TRUE               
  | STRING       | REGULARIZATION           | NO     | FALSE              | FALSE              
  | STRING       | REG_TYPE                 | NO     | NORMAL             | NORMAL             
  | STRING       | SCS_TYPE                 | NO     | SCS                | SCS                
  | STRING       | SOS_TYPE                 | NO     | SOS                | SOS                
  | STRING       | TRIPLES_IABC_TYPE        | NO     | DISK               | DISK               
  | STRING       | UNIT_GUESS_TYPE          | NO     | GEN                | GEN                
  | STRING       | EKT_NEGATIVE_OCC         | NO     | ABS                | ABS                
  | BOOL         | SOLVATION                | YES    | TRUE               | FALSE              

	MO spaces... 

	 FC   OCC   VIR   FV 
	----------------------
	  8   21   123    0
 CC-PVDZ primary basis set file will be read for the O atom...
 CC-PVDZ primary basis set file will be read for the C atom...
 CC-PVDZ primary basis set file will be read for the H atom...
 Nmaxthread: 24 
 Nshell: 72 
 Lmax:  2 
 Npmax:  8 
 Nao: 152 
 Ndocc: 29 
 Nsocc:  0 
 NoccA: 29 
 NoccB: 29 
 Primary basis set info has been read.

 CC-PVDZ-RI aux basis set file will be read for the O atom...
 CC-PVDZ-RI aux basis set file will be read for the C atom...
 CC-PVDZ-RI aux basis set file will be read for the H atom...
 Nshell_aux: 192 
 Naux: 560 
 Aux basis set info has been read.

 Cpu time for Metric ints :       0.5500 s
 Wall time for Metric ints:       0.2933 s
 3-Index Algorithm: AUTO 

 Calling fortran integrals: ringing... 
 Done with fintegrals.

 Cpu time for 3-index ints :       4.7700 s
 Wall time for 3-index ints:       1.3877 s
 Cpu time for df-factors :       1.0400 s
 Wall time for df-factors:       0.2696 s
 CC-PVDZ primary basis set file will be read for the O atom...
 CC-PVDZ primary basis set file will be read for the C atom...
 CC-PVDZ primary basis set file will be read for the H atom...
 Nmaxthread: 24 
 Nshell: 72 
 Lmax:  2 
 Npmax:  8 
 Nao: 152 
 Ndocc: 29 
 Nsocc:  0 
 NoccA: 29 
 NoccB: 29 
 Primary basis set info has been read.

 CC-PVDZ-JKFIT aux basis set file will be read for the O atom...
 CC-PVDZ-JKFIT aux basis set file will be read for the C atom...
 CC-PVDZ-JKFIT aux basis set file will be read for the H atom...
 Nshell_aux: 264 
 Naux: 744 
 Aux basis set info has been read.

	Reading DF integrals from disk ...
 Cpu time for Metric ints :       1.3100 s
 Wall time for Metric ints:       0.3939 s
	Number of basis functions in the DF-HF basis: 744
	Number of basis functions in the DF-CC basis: 560

	Available memory                      :  30000.00 MB 
	Minimum required memory for amplitudes:    160.13 MB 
	Memory requirement for B-CC (Q|mu nu) :    103.51 MB 
	Memory requirement for B-CC (Q|ab)    :     67.78 MB 
	Memory requirement for DF-CC int trans:    187.26 MB 

	Computing DF-MP2 energy using SCF MOs (Canonical DF-MP2)... 
	======================================================================= 
	Nuclear Repulsion Energy (a.u.)    :   346.32098761868821
	DF-HF Energy (a.u.)                :  -344.60911551406508
	REF Energy (a.u.)                  :  -344.60911551406508
	DF-MP2 Correlation Energy (a.u.)   :    -1.11436007401800
	DF-MP2 Total Energy (a.u.)         :  -345.72347558808309
	======================================================================= 

	*Total MP2 Energy: -345.72347558808309

	Computing unrelaxed response density matrices...
	Number of independent-pairs: 3567
	Computing the generalized Fock matrix (GFM)...
	Computing the orbital gradient...
	Forming effective orbital gradient...
	Solving orbital Z-vector equations...

	            PCG Solver 
	   ------------------------------ 
	Iter     RMS Z Vector        RMS Residual  
	----    ---------------    ---------------
	  1         1.36e-03         8.77e-04
	  2         6.67e-04         5.29e-04
	  3         2.60e-04         1.29e-04
	  4         9.84e-05         6.03e-05
	  5         3.54e-05         2.74e-05
	  6         2.11e-05         1.27e-05
	  7         5.47e-06         3.84e-06
	  8         1.51e-06         1.07e-06
	  9         4.46e-07         2.74e-07
	 10         1.02e-07         9.45e-08
	 11         4.28e-08         2.24e-08

	Computing the relaxed PDMs and GFM...
	Compute solv. is starting ...

	Initializing Liboeprop (by U. Bozkaya) ...


	-Mulliken Population Analysis for MP2-IAO:
	 1: -0.1168449860 	 2: 0.4335368366 	 3: -0.1372380339 	 4: -0.1136555058 	 5: -0.0435176376 
	 6: -0.0627732399 	 7: -0.1784614034 	 8: -0.0534336711 	 9: 0.0853662070 	10: 0.0812506717 
	11: 0.0652799274 	12: 0.0666665354 	13: 0.0581496982 	14: 0.0696602837 	15: 0.0696593716 
	16: 0.0875045380 

	-Lowdin Population Analysis for MP2-IAO:  
	 1: -0.1168449860 	 2: 0.4335368366 	 3: -0.1372380339 	 4: -0.1136555058 	 5: -0.0435176376 
	 6: -0.0627732399 	 7: -0.1784614034 	 8: -0.0534336711 	 9: 0.0853662070 	10: 0.0812506717 
	11: 0.0652799274 	12: 0.0666665354 	13: 0.0581496982 	14: 0.0696602837 	15: 0.0696593716 
	16: 0.0875045380 


  ## SOLVATION Options ##

  | TYPE         | KEY                      | INPUT? | VALUE              | DEFAULT            
  |--------------|--------------------------|--------|--------------------|--------------------
  | INT          | NUM_Z_POINTS             | NO     | 90                 | 90                 
  | INT          | NUM_ANG_POINTS           | YES    | 100                | 100                
  | STRING       | SASA_TYPE                | YES    | NUMERIC            | NUMERIC            
  | STRING       | CHARGE_TYPE              | YES    | IAO_MULLIKEN       | IAO_MULLIKEN       
  | STRING       | CDS_TYPE                 | YES    | SMD                | SMD                
  | STRING       | SOLVENT                  | YES    | WATER              | WATER              
  | STRING       | SOLVENT_PARAMS           | YES    | MN21               | SM8                
  | STRING       | DIELECTRIC_PARAMS        | YES    | MN21               | MN21               
  | STRING       | COULOMB_RADII            | YES    | SMD                | SMD                
  | DOUBLE       | COVALENT_VW_CONST        | NO     | 0.76               | 0.76               
  | DOUBLE       | SOLVENT_RADIUS           | NO     | 0.4                | 0.4                
  | STRING       | RADIUS_TYPE              | YES    | SMD                | SMD                
  | DOUBLE       | GB_DIJ                   | NO     | 3.7                | 3.7                
  | DOUBLE       | GB_SIJ                   | NO     | 0.75               | 0.75               
  | DOUBLE       | GB_CIJ                   | NO     | 0.0                | 0.0                
  | DOUBLE       | F_PWSASA                 | NO     | 0.4535             | 0.4535             
  | DOUBLE       | SCALE_VDW                | NO     | 1.0                | 1.0                
  | DOUBLE       | SCALE_CR                 | NO     | 1.0                | 1.0                



 Sasa Type                  : NUMERIC 
 Charge Type                : IAO_MULLIKEN 
 CDS Type                   : SMD 
 Radius Type                : SMD 
 Solvent                    : WATER 
 Solvent Parameters         : MN21 
 Dielectric Parameters      : MN21 
 Coulomb Radii Parameters   : SMD 
 GB d_ij parameter          : 3.7000000000 
 GB S_ij parameter          : 0.7500000000 
 GB C_ij parameter          : 0.0000000000 
 Sclae_vdw parameter        : 1.0000000000 
 Number of z-points         : 90 
 Number of angular points   : 100 
 Number of SASA grid points : 17902 
 Solvent Dielectric Constant: 78.3553000000 

 VDW Radii:
	  1 O :       1.5200  ang
	  2 C :       1.7000  ang
	  3 C :       1.7000  ang
	  4 C :       1.7000  ang
	  5 C :       1.7000  ang
	  6 C :       1.7000  ang
	  7 C :       1.7000  ang
	  8 C :       1.7000  ang
	  9 H :       1.2000  ang
	 10 H :       1.2000  ang
	 11 H :       1.2000  ang
	 12 H :       1.2000  ang
	 13 H :       1.2000  ang
	 14 H :       1.2000  ang
	 15 H :       1.2000  ang
	 16 H :       1.2000  ang

	 Computing SASA... 

 Atomic SASA values:
	  1 O :      12.2553  ang^2
	  2 C :       6.2717  ang^2
	  3 C :       9.3271  ang^2
	  4 C :      10.3084  ang^2
	  5 C :      10.5003  ang^2
	  6 C :      10.5684  ang^2
	  7 C :      10.8594  ang^2
	  8 C :       9.6986  ang^2
	  9 H :       9.2869  ang^2
	 10 H :      12.3688  ang^2
	 11 H :      13.0318  ang^2
	 12 H :      13.0462  ang^2
	 13 H :      13.0534  ang^2
	 14 H :      11.3804  ang^2
	 15 H :      11.3804  ang^2
	 16 H :      12.9204  ang^2

	*Total SASA (angs^2): 176.2575837631 


 Coulomb Radii:
	  1 O :       1.5200  ang
	  2 C :       1.8500  ang
	  3 C :       1.8500  ang
	  4 C :       1.8500  ang
	  5 C :       1.8500  ang
	  6 C :       1.8500  ang
	  7 C :       1.8500  ang
	  8 C :       1.8500  ang
	  9 H :       1.2000  ang
	 10 H :       1.2000  ang
	 11 H :       1.2000  ang
	 12 H :       1.2000  ang
	 13 H :       1.2000  ang
	 14 H :       1.2000  ang
	 15 H :       1.2000  ang
	 16 H :       1.2000  ang
 Solvent Alpha                       : 1.1700000000 

 ## Effective Born Radius (bohr) ##
   0   4.1911163793 
   1   4.8163916657 
   2   4.7003849079 
   3   4.5205562557 
   4   4.4417148211 
   5   4.4184009306 
   6   4.4045299865 
   7   3.9835485556 
   8   3.5169345118 
   9   3.2619236303 
  10   3.2059175638 
  11   3.1938021542 
  12   3.1853349002 
  13   3.1965458951 
  14   3.1965320887 
  15   3.0025604818 

 Effective Born Radii:
	  1 O :       2.2178  ang
	  2 C :       2.5487  ang
	  3 C :       2.4873  ang
	  4 C :       2.3922  ang
	  5 C :       2.3505  ang
	  6 C :       2.3381  ang
	  7 C :       2.3308  ang
	  8 C :       2.1080  ang
	  9 H :       1.8611  ang
	 10 H :       1.7261  ang
	 11 H :       1.6965  ang
	 12 H :       1.6901  ang
	 13 H :       1.6856  ang
	 14 H :       1.6915  ang
	 15 H :       1.6915  ang
	 16 H :       1.5889  ang


 Coulomb Integrals:
	  1  1 :       0.2386  bohr^-1
	  1  2 :       0.1996  bohr^-1
	  1  3 :       0.1667  bohr^-1
	  1  4 :       0.1718  bohr^-1
	  1  5 :       0.1316  bohr^-1
	  1  6 :       0.1335  bohr^-1
	  1  7 :       0.1203  bohr^-1
	  1  8 :       0.2130  bohr^-1
	  1  9 :       0.1675  bohr^-1
	  1 10 :       0.1783  bohr^-1
	  1 11 :       0.1135  bohr^-1
	  1 12 :       0.1158  bohr^-1
	  1 13 :       0.1002  bohr^-1
	  1 14 :       0.1988  bohr^-1
	  1 15 :       0.1988  bohr^-1
	  1 16 :       0.2056  bohr^-1
	  2  1 :       0.1996  bohr^-1
	  2  2 :       0.2076  bohr^-1
	  2  3 :       0.1897  bohr^-1
	  2  4 :       0.1927  bohr^-1
	  2  5 :       0.1640  bohr^-1
	  2  6 :       0.1642  bohr^-1
	  2  7 :       0.1530  bohr^-1
	  2  8 :       0.1695  bohr^-1
	  2  9 :       0.1837  bohr^-1
	  2 10 :       0.1884  bohr^-1
	  2 11 :       0.1437  bohr^-1
	  2 12 :       0.1437  bohr^-1
	  2 13 :       0.1296  bohr^-1
	  2 14 :       0.1664  bohr^-1
	  2 15 :       0.1664  bohr^-1
	  2 16 :       0.1489  bohr^-1
	  3  1 :       0.1667  bohr^-1
	  3  2 :       0.1897  bohr^-1
	  3  3 :       0.2127  bohr^-1
	  3  4 :       0.1641  bohr^-1
	  3  5 :       0.1960  bohr^-1
	  3  6 :       0.1540  bohr^-1
	  3  7 :       0.1652  bohr^-1
	  3  8 :       0.1561  bohr^-1
	  3  9 :       0.2259  bohr^-1
	  3 10 :       0.1438  bohr^-1
	  3 11 :       0.1904  bohr^-1
	  3 12 :       0.1301  bohr^-1
	  3 13 :       0.1438  bohr^-1
	  3 14 :       0.1633  bohr^-1
	  3 15 :       0.1633  bohr^-1
	  3 16 :       0.1300  bohr^-1
	  4  1 :       0.1718  bohr^-1
	  4  2 :       0.1927  bohr^-1
	  4  3 :       0.1641  bohr^-1
	  4  4 :       0.2212  bohr^-1
	  4  5 :       0.1555  bohr^-1
	  4  6 :       0.1998  bohr^-1
	  4  7 :       0.1671  bohr^-1
	  4  8 :       0.1333  bohr^-1
	  4  9 :       0.1426  bohr^-1
	  4 10 :       0.2368  bohr^-1
	  4 11 :       0.1308  bohr^-1
	  4 12 :       0.1927  bohr^-1
	  4 13 :       0.1447  bohr^-1
	  4 14 :       0.1264  bohr^-1
	  4 15 :       0.1264  bohr^-1
	  4 16 :       0.1187  bohr^-1
	  5  1 :       0.1316  bohr^-1
	  5  2 :       0.1640  bohr^-1
	  5  3 :       0.1960  bohr^-1
	  5  4 :       0.1555  bohr^-1
	  5  5 :       0.2251  bohr^-1
	  5  6 :       0.1683  bohr^-1
	  5  7 :       0.2014  bohr^-1
	  5  8 :       0.1192  bohr^-1
	  5  9 :       0.1885  bohr^-1
	  5 10 :       0.1308  bohr^-1
	  5 11 :       0.2402  bohr^-1
	  5 12 :       0.1453  bohr^-1
	  5 13 :       0.1932  bohr^-1
	  5 14 :       0.1230  bohr^-1
	  5 15 :       0.1230  bohr^-1
	  5 16 :       0.0993  bohr^-1
	  6  1 :       0.1335  bohr^-1
	  6  2 :       0.1642  bohr^-1
	  6  3 :       0.1540  bohr^-1
	  6  4 :       0.1998  bohr^-1
	  6  5 :       0.1683  bohr^-1
	  6  6 :       0.2263  bohr^-1
	  6  7 :       0.2016  bohr^-1
	  6  8 :       0.1071  bohr^-1
	  6  9 :       0.1297  bohr^-1
	  6 10 :       0.1919  bohr^-1
	  6 11 :       0.1454  bohr^-1
	  6 12 :       0.2411  bohr^-1
	  6 13 :       0.1932  bohr^-1
	  6 14 :       0.1036  bohr^-1
	  6 15 :       0.1036  bohr^-1
	  6 16 :       0.0937  bohr^-1
	  7  1 :       0.1203  bohr^-1
	  7  2 :       0.1530  bohr^-1
	  7  3 :       0.1652  bohr^-1
	  7  4 :       0.1671  bohr^-1
	  7  5 :       0.2014  bohr^-1
	  7  6 :       0.2016  bohr^-1
	  7  7 :       0.2270  bohr^-1
	  7  8 :       0.1025  bohr^-1
	  7  9 :       0.1435  bohr^-1
	  7 10 :       0.1445  bohr^-1
	  7 11 :       0.1935  bohr^-1
	  7 12 :       0.1933  bohr^-1
	  7 13 :       0.2417  bohr^-1
	  7 14 :       0.1024  bohr^-1
	  7 15 :       0.1024  bohr^-1
	  7 16 :       0.0877  bohr^-1
	  8  1 :       0.2130  bohr^-1
	  8  2 :       0.1695  bohr^-1
	  8  3 :       0.1561  bohr^-1
	  8  4 :       0.1333  bohr^-1
	  8  5 :       0.1192  bohr^-1
	  8  6 :       0.1071  bohr^-1
	  8  7 :       0.1025  bohr^-1
	  8  8 :       0.2510  bohr^-1
	  8  9 :       0.1766  bohr^-1
	  8 10 :       0.1297  bohr^-1
	  8 11 :       0.1073  bohr^-1
	  8 12 :       0.0917  bohr^-1
	  8 13 :       0.0865  bohr^-1
	  8 14 :       0.2508  bohr^-1
	  8 15 :       0.2508  bohr^-1
	  8 16 :       0.2574  bohr^-1
	  9  1 :       0.1675  bohr^-1
	  9  2 :       0.1837  bohr^-1
	  9  3 :       0.2259  bohr^-1
	  9  4 :       0.1426  bohr^-1
	  9  5 :       0.1885  bohr^-1
	  9  6 :       0.1297  bohr^-1
	  9  7 :       0.1435  bohr^-1
	  9  8 :       0.1766  bohr^-1
	  9  9 :       0.2843  bohr^-1
	  9 10 :       0.1213  bohr^-1
	  9 11 :       0.1884  bohr^-1
	  9 12 :       0.1062  bohr^-1
	  9 13 :       0.1215  bohr^-1
	  9 14 :       0.1938  bohr^-1
	  9 15 :       0.1938  bohr^-1
	  9 16 :       0.1413  bohr^-1
	 10  1 :       0.1783  bohr^-1
	 10  2 :       0.1884  bohr^-1
	 10  3 :       0.1438  bohr^-1
	 10  4 :       0.2368  bohr^-1
	 10  5 :       0.1308  bohr^-1
	 10  6 :       0.1919  bohr^-1
	 10  7 :       0.1445  bohr^-1
	 10  8 :       0.1297  bohr^-1
	 10  9 :       0.1213  bohr^-1
	 10 10 :       0.3066  bohr^-1
	 10 11 :       0.1065  bohr^-1
	 10 12 :       0.1896  bohr^-1
	 10 13 :       0.1214  bohr^-1
	 10 14 :       0.1178  bohr^-1
	 10 15 :       0.1178  bohr^-1
	 10 16 :       0.1190  bohr^-1
	 11  1 :       0.1135  bohr^-1
	 11  2 :       0.1437  bohr^-1
	 11  3 :       0.1904  bohr^-1
	 11  4 :       0.1308  bohr^-1
	 11  5 :       0.2402  bohr^-1
	 11  6 :       0.1454  bohr^-1
	 11  7 :       0.1935  bohr^-1
	 11  8 :       0.1073  bohr^-1
	 11  9 :       0.1884  bohr^-1
	 11 10 :       0.1065  bohr^-1
	 11 11 :       0.3119  bohr^-1
	 11 12 :       0.1219  bohr^-1
	 11 13 :       0.1904  bohr^-1
	 11 14 :       0.1123  bohr^-1
	 11 15 :       0.1123  bohr^-1
	 11 16 :       0.0887  bohr^-1
	 12  1 :       0.1158  bohr^-1
	 12  2 :       0.1437  bohr^-1
	 12  3 :       0.1301  bohr^-1
	 12  4 :       0.1927  bohr^-1
	 12  5 :       0.1453  bohr^-1
	 12  6 :       0.2411  bohr^-1
	 12  7 :       0.1933  bohr^-1
	 12  8 :       0.0917  bohr^-1
	 12  9 :       0.1062  bohr^-1
	 12 10 :       0.1896  bohr^-1
	 12 11 :       0.1219  bohr^-1
	 12 12 :       0.3131  bohr^-1
	 12 13 :       0.1900  bohr^-1
	 12 14 :       0.0877  bohr^-1
	 12 15 :       0.0877  bohr^-1
	 12 16 :       0.0816  bohr^-1
	 13  1 :       0.1002  bohr^-1
	 13  2 :       0.1296  bohr^-1
	 13  3 :       0.1438  bohr^-1
	 13  4 :       0.1447  bohr^-1
	 13  5 :       0.1932  bohr^-1
	 13  6 :       0.1932  bohr^-1
	 13  7 :       0.2417  bohr^-1
	 13  8 :       0.0865  bohr^-1
	 13  9 :       0.1215  bohr^-1
	 13 10 :       0.1214  bohr^-1
	 13 11 :       0.1904  bohr^-1
	 13 12 :       0.1900  bohr^-1
	 13 13 :       0.3139  bohr^-1
	 13 14 :       0.0864  bohr^-1
	 13 15 :       0.0864  bohr^-1
	 13 16 :       0.0747  bohr^-1
	 14  1 :       0.1988  bohr^-1
	 14  2 :       0.1664  bohr^-1
	 14  3 :       0.1633  bohr^-1
	 14  4 :       0.1264  bohr^-1
	 14  5 :       0.1230  bohr^-1
	 14  6 :       0.1036  bohr^-1
	 14  7 :       0.1024  bohr^-1
	 14  8 :       0.2508  bohr^-1
	 14  9 :       0.1938  bohr^-1
	 14 10 :       0.1178  bohr^-1
	 14 11 :       0.1123  bohr^-1
	 14 12 :       0.0877  bohr^-1
	 14 13 :       0.0864  bohr^-1
	 14 14 :       0.3128  bohr^-1
	 14 15 :       0.2299  bohr^-1
	 14 16 :       0.2340  bohr^-1
	 15  1 :       0.1988  bohr^-1
	 15  2 :       0.1664  bohr^-1
	 15  3 :       0.1633  bohr^-1
	 15  4 :       0.1264  bohr^-1
	 15  5 :       0.1230  bohr^-1
	 15  6 :       0.1036  bohr^-1
	 15  7 :       0.1024  bohr^-1
	 15  8 :       0.2508  bohr^-1
	 15  9 :       0.1938  bohr^-1
	 15 10 :       0.1178  bohr^-1
	 15 11 :       0.1123  bohr^-1
	 15 12 :       0.0877  bohr^-1
	 15 13 :       0.0864  bohr^-1
	 15 14 :       0.2299  bohr^-1
	 15 15 :       0.3128  bohr^-1
	 15 16 :       0.2340  bohr^-1
	 16  1 :       0.2056  bohr^-1
	 16  2 :       0.1489  bohr^-1
	 16  3 :       0.1300  bohr^-1
	 16  4 :       0.1187  bohr^-1
	 16  5 :       0.0993  bohr^-1
	 16  6 :       0.0937  bohr^-1
	 16  7 :       0.0877  bohr^-1
	 16  8 :       0.2574  bohr^-1
	 16  9 :       0.1413  bohr^-1
	 16 10 :       0.1190  bohr^-1
	 16 11 :       0.0887  bohr^-1
	 16 12 :       0.0816  bohr^-1
	 16 13 :       0.0747  bohr^-1
	 16 14 :       0.2340  bohr^-1
	 16 15 :       0.2340  bohr^-1
	 16 16 :       0.3330  bohr^-1


	*Molecular contr. to CDS energy:       0.0000  kcal/mol
	*Total CDS energy:       4.0350  kcal/mol
	*MP2::Polarization Free Energy (au)      : -0.0116184827 
	*MP2::Polarization Free Energy (kcal/mol):      -7.2907 
	*MP2::CDS Free Energy (au)      : 0.0064302565 
	*MP2::CDS Free Energy (kcal/mol):       4.0350 
	*MP2::Total Solvation Free Energy (au)      : -0.0051882262 
	*MP2::Total Solvation Free Energy (kcal/mol):      -3.2557 
	GB-MP2 Total Energy (a.u.)         :  -345.72866381433215

	*Total GB-MP2 Energy: -345.72347558808309


 Cpu time for MacroQC :       2.3878 minutes
 Wall time for MacroQC:       0.9387 minutes


 ******************************************************************************************
	 MacroQC terminates normally:) 
 ****************************************************************************************** 

