 ==========================================================================================
 =========                __  ___                         ____  ______            =========
 ======                  /  |/  /___ _______________     / __ \/ ____/               ======
 ====                   / /|_/ / __ `/ ___/ ___/ __ \   / / / / /                      ====
 ===                   / /  / / /_/ / /__/ /  / /_/ /  / /_/ / /___                     ===
 ==                   /_/  /_/\__,_/\___/_/   \____/   \___\_\____/                      ==
 ===                                                                1.0.4                ===
 =====     An electronic structure theory software for large-scale applications       =====
 ======                                 See license.txt for license info             ======
 =========                                                                        =========
 ==========================================================================================
                                                                                           
                           * * * * * * * * * * * * * * * * * * * *                        
                           *            Developed by             *                        
                           *             U. Bozkaya              *                        
                           *                                     *                        
                           *       With contributions from:      *                        
                           *         B. Ermis, Y. Alagoz,        *                        
                           *         A. Unal, and A. K. Uyar     *                        
                           *         Git Version: deab493        *                        
                           *       Latest Revision: 2026-03-23   *                        
                           * * * * * * * * * * * * * * * * * * * *                        


 Run date: Wed Mar 25 11:19:23 2026
 
 Hostname: ub28 

 ## MacroQC input file ##
 ******************************************************************************************
$set_molecule
0 1
C       0.7940415906    -0.3516432775    -0.0000005160
C      -0.0921845375     0.8634953343     0.0000011888
C      -0.7016016909    -0.5117459782    -0.0000008526
H       1.3304868024    -0.5899138160    -0.9075611885
H       1.3304780271    -0.5899211191     0.9075629162
H      -0.1549553845     1.4468821667     0.9076783255
H      -0.1549539549     1.4468718303    -0.9076824932
H      -1.1762993319    -0.8572763598    -0.9075123300
H      -1.1762883317    -0.8572791739     0.9075158489
$end_molecule


$set_globals
   basis cc-pvdz
  method mp2
  reference rhf
  jobtype energy
  memory 30000
$end_globals


$set_scf
  e_convergence 1.0e-8
  d_convergence 1.0e-6
  guess sad
  solvation true
$end_scf


$set_solvation
  cds_type smd
  radius_type smd
  solvent_params mn21
  dielectric_params mn21
  sasa_type numeric
  solvent water
  num_ang_points 100
  charge_type iao_mulliken
  coulomb_radii smd
$end_solvation

$set_dfocc
solvation true
$end_dfocc

 ******************************************************************************************


	-Geometry before Center-of-Mass shift (ang): 
	 Number     Atom               X                    Y                       Z  
	 ---------------------------------------------------------------------------------------
           1     C             0.7940415906         -0.3516432775          -0.0000005160  
           2     C            -0.0921845375          0.8634953343           0.0000011888  
           3     C            -0.7016016909         -0.5117459782          -0.0000008526  
           4     H             1.3304868024         -0.5899138160          -0.9075611885  
           5     H             1.3304780271         -0.5899211191           0.9075629162  
           6     H            -0.1549553845          1.4468821667           0.9076783255  
           7     H            -0.1549539549          1.4468718303          -0.9076824932  
           8     H            -1.1762993319         -0.8572763598          -0.9075123300  
           9     H            -1.1762883317         -0.8572791739           0.9075158489  



	-Geometry after Center-of-Mass shift (ang): 
	 Atom               X                    Y                       Z  
	 -------------------------------------------------------------------
     C           0.7940054362         -0.3516582962          -0.0000004905  
     C          -0.0922206919          0.8634803156           0.0000012143  
     C          -0.7016378453         -0.5117609969          -0.0000008271  
     H           1.3304506480         -0.5899288347          -0.9075611630  
     H           1.3304418727         -0.5899361378           0.9075629417  
     H          -0.1549915389          1.4468671480           0.9076783510  
     H          -0.1549901093          1.4468568116          -0.9076824677  
     H          -1.1763354863         -0.8572913785          -0.9075123045  
     H          -1.1763244861         -0.8572941926           0.9075158744  


	-Geometry after Center-of-Mass shift (bohr): 
	 Atom               X                    Y                       Z  
	 -------------------------------------------------------------------
     C           1.5004528165         -0.6645378696          -0.0000009270  
     C          -0.1742718509          1.6317413112           0.0000022946  
     C          -1.3259033669         -0.9670881259          -0.0000015631  
     H           2.5141873481         -1.1148039311          -1.7150420403  
     H           2.5141707652         -1.1148177320           1.7150454013  
     H          -0.2928915603          2.7341826496           1.7152634933  
     H          -0.2928888588          2.7341631167          -1.7152712729  
     H          -2.2229519008         -1.6200459151          -1.7149497111  
     H          -2.2229311135         -1.6200512330           1.7149564570  


    Rotational Constants: A =     0.67547  B =     0.67534  C =      0.42190 [cm^-1] 
    Rotor Type: SYMMETRIC 

	-Nuclear Dipole Moment: (e a0)  
	 X:  -0.00164   Y:  -0.00068   Z:  0.00000   Total:  0.00178 

	-Nuclear Dipole Moment: (D)  
	 X:  -0.00417   Y:  -0.00173   Z:  0.00000   Total:  0.00451 


    Nuclear repulsion energy (V_NN)              : 75.886024364862 
   =====================================================
   Charge                : 0 
   Multiplicity          : 1 
   Number of Atoms       : 9 
   Number of Ghost Atoms : 0 
   Number of Electrons   : 24 
   Number of alpha occupied orbitals (NoccA)  : 12 
   Number of beta occupied orbitals (NoccB)   : 12 
   Number of singly occupied orbitals (Nsocc) : 0 
   Number of doubly occupied orbitals (Ndocc) : 12 
   =====================================================



  ## GLOBALS Options ##

  | TYPE         | KEY                      | INPUT? | VALUE              | DEFAULT            
  |--------------|--------------------------|--------|--------------------|--------------------
  | BOOL         | ERI_DISK                 | NO     | FALSE              | FALSE              
  | BOOL         | FREEZE_CORE              | NO     | TRUE               | TRUE               
  | BOOL         | MOL_FRAG                 | NO     | FALSE              | FALSE              
  | BOOL         | NOCOM                    | NO     | FALSE              | FALSE              
  | BOOL         | NOREORIENT               | NO     | TRUE               | TRUE               
  | BOOL         | PUREAM                   | NO     | TRUE               | TRUE               
  | BOOL         | ML                       | NO     | FALSE              | FALSE              
  | BOOL         | READ_PDB                 | NO     | FALSE              | FALSE              
  | BOOL         | TEST_MODE                | NO     | FALSE              | FALSE              
  | INT          | DERIVE_LEVEL             | NO     | 0                  | 0                  
  | INT          | FINDIF_POINTS            | NO     | 3                  | 3                  
  | INT          | MEMORY                   | YES    | 30000              | 2000               
  | INT          | NUM_THREADS              | NO     | 1                  | 1                  
  | INT          | NUM_FROZEN_DOCC          | NO     | 0                  | 0                  
  | INT          | NUM_FROZEN_VIR           | NO     | 0                  | 0                  
  | INT          | PRINT_LEVEL              | NO     | 0                  | 0                  
  | STRING       | AUX_BASIS_CORR           | NO     | CC-PVDZ-RI         | CC-PVDZ-RI         
  | STRING       | AUX_BASIS_SCF            | NO     | CC-PVDZ-JKFIT      | CC-PVDZ-JKFIT      
  | STRING       | BASIS                    | YES    | CC-PVDZ            | CC-PVDZ            
  | STRING       | BASIS2                   | NO     | MINAO              | MINAO              
  | STRING       | DERIVE_TYPE              | NO     | ANALYTIC           | ANALYTIC           
  | STRING       | FINDIF_METHOD            | NO     | GRAD               | GRAD               
  | STRING       | GEOM_UNITS               | NO     | ANG                | ANG                
  | STRING       | JOBTYPE                  | YES    | ENERGY             | ENERGY             
  | STRING       | METHOD                   | YES    | MP2                | SCF                
  | STRING       | REFERENCE                | YES    | RHF                | RHF                
  | STRING       | OUTFILE_MODE             | NO     | NEW                | NEW                
  | DOUBLE       | STEP_BOHR                | NO     | 0.05               | 0.05               
  | STR_ARRAY    | MOLECULE_GEOM_FROM       | NO     | [input]            | [input]            
  | DOUBLE_ARRAY | ELECTRIC_STRENGTH        | NO     | [0.001;0.001;0.001]| [0.001;0.001;0.001]
  | STRING       | ELECTRIC_FIELD           | NO     | NONE               | NONE               
  | STRING       | ALIGN_TWO_ATOMS          | NO     | NONE               | NONE               
  | INT_ARRAY    | TWO_ATOMS                | NO     | [0]                | [0]                



  ## INTS Options ##

  | TYPE         | KEY                      | INPUT? | VALUE              | DEFAULT            
  |--------------|--------------------------|--------|--------------------|--------------------
  | DOUBLE       | BOYS_CUTOFF              | NO     | 1e-15              | 1e-15              
  | DOUBLE       | BOYS_ZERO                | NO     | 1e-06              | 1e-06              
  | DOUBLE       | DELTA_X                  | NO     | 0.1                | 0.1                
  | DOUBLE       | INTEGRAL_CUTOFF          | NO     | 1e-10              | 1e-10              
  | DOUBLE       | X_MAX                    | NO     | 30.0               | 30.0               
  | INT          | BOYS_MAXITER             | NO     | 10000              | 10000              
  | INT          | MAX_AM                   | NO     | 7                  | 7                  
  | INT          | MAX_AM_AUX               | NO     | 7                  | 7                  
  | INT          | PRINT_LEVEL              | NO     | 0                  | 0                  
  | INT          | TAYLOR_ORDER             | NO     | 6                  | 6                  
  | STRING       | 3INDEX_ALGORITHM         | NO     | AUTO               | AUTO               
  | STRING       | BOYS_METHOD              | NO     | GHP                | GHP                
  | STRING       | ERI_ALGORITHM            | NO     | MD4                | MD4                


	Initializing Liboeprop (by U. Bozkaya) ...

	*=================================================================*
	*                  SCF                                            *
	*   Developed by U. Bozkaya & Y. Alagoz                           *
	*   Latest revision Feb 16, 2021                                  *
	*=================================================================*



  ## SCF Options ##

  | TYPE         | KEY                      | INPUT? | VALUE              | DEFAULT            
  |--------------|--------------------------|--------|--------------------|--------------------
  | BOOL         | DIIS_DAMP                | NO     | FALSE              | FALSE              
  | BOOL         | DIE_IF_NOT_CONVERGED     | NO     | TRUE               | TRUE               
  | BOOL         | DO_DF                    | NO     | TRUE               | TRUE               
  | BOOL         | DIIS                     | NO     | TRUE               | TRUE               
  | BOOL         | FOCK_DAMP                | NO     | FALSE              | FALSE              
  | BOOL         | GUESS_MIX                | NO     | FALSE              | FALSE              
  | BOOL         | GUESS_PREVIOUS           | NO     | FALSE              | FALSE              
  | BOOL         | LOCAL                    | NO     | FALSE              | FALSE              
  | BOOL         | RETRY                    | NO     | TRUE               | TRUE               
  | DOUBLE       | CUTOFF                   | NO     | 1e-10              | 1e-10              
  | DOUBLE       | D_CONVERGENCE            | YES    | 1e-06              | 1e-06              
  | DOUBLE       | DAMP_PARAM               | NO     | 0.02               | 0.02               
  | DOUBLE       | E_CONVERGENCE            | YES    | 1e-08              | 1e-08              
  | DOUBLE       | FOCK_DAMP_PERC           | NO     | 20.0               | 20.0               
  | DOUBLE       | MIN_OVERLAP_EIGVAL       | NO     | 1e-06              | 1e-06              
  | DOUBLE       | LOCAL_CONVERGENCE        | NO     | 1e-08              | 1e-08              
  | DOUBLE       | QC_GUESS_E_CONVERGENCE   | NO     | 0.0001             | 0.0001             
  | DOUBLE       | QC_GUESS_D_CONVERGENCE   | NO     | 0.005              | 0.005              
  | INT          | MAX_DIIS                 | NO     | 6                  | 6                  
  | INT          | MIN_DIIS                 | NO     | 2                  | 2                  
  | INT          | PRINT_LEVEL              | NO     | 0                  | 0                  
  | INT          | SCF_MAXITER              | NO     | 50                 | 50                 
  | INT          | LOCAL_MAXITER            | NO     | 50                 | 50                 
  | STRING       | DIIS_ALGORITHM           | NO     | DISK               | DISK               
  | STRING       | GUESS                    | YES    | SAD                | SAD                
  | BOOL         | MO_WRITE                 | NO     | FALSE              | FALSE              
  | BOOL         | FOCK_WRITE               | NO     | FALSE              | FALSE              
  | STRING       | ORTH_TYPE                | NO     | CANONICAL          | CANONICAL          
  | STRING       | ROHF_CANONIC_TYPE        | NO     | GUEST              | GUEST              
  | STRING       | ERI                      | NO     | INCORE             | INCORE             
  | STRING       | SCF_ALGORITHM            | NO     | ROOTHAAN           | ROOTHAAN           
  | STRING       | LOCAL_TYPE               | NO     | BOYS               | BOYS               
  | BOOL         | SAD_FRAC_OCC             | NO     | TRUE               | TRUE               
  | BOOL         | SAD_SPIN_AVERAGE         | NO     | TRUE               | TRUE               
  | DOUBLE       | SAD_E_CONVERGENCE        | NO     | 1e-05              | 1e-05              
  | DOUBLE       | SAD_D_CONVERGENCE        | NO     | 1e-05              | 1e-05              
  | INT          | SAD_MAXITER              | NO     | 50                 | 50                 
  | BOOL         | NIE                      | NO     | FALSE              | FALSE              
  | BOOL         | SAD_DIIS                 | NO     | TRUE               | TRUE               
  | INT          | SAD_MAX_DIIS             | NO     | 6                  | 6                  
  | INT          | SAD_MIN_DIIS             | NO     | 2                  | 2                  
  | INT          | SAD_PRINT                | NO     | 0                  | 0                  
  | STRING       | SAD_AUX_BASIS            | NO     | SAD-FIT            | SAD-FIT            
  | DOUBLE       | SAD_CHOLESKY_TOLERANCE   | NO     | 1e-07              | 1e-07              
  | BOOL         | SOLVATION                | YES    | TRUE               | FALSE              
  | BOOL         | BYPASS                   | NO     | FALSE              | FALSE              
  | STRING       | IAO_TYPE                 | NO     | STANDARD2013       | STANDARD2013       
  | BOOL         | USE_IAOS                 | NO     | FALSE              | FALSE              

	Initializing libdiis ...
	Initializing libmolint 1.1 ...
 CC-PVDZ primary basis set file will be read for the C atom...
 CC-PVDZ primary basis set file will be read for the H atom...
 Nmaxthread: 24 
 Nshell: 36 
 Lmax:  2 
 Npmax:  8 
 Nao: 72 
 Ndocc: 12 
 Nsocc:  0 
 NoccA: 12 
 NoccB: 12 
 Primary basis set info has been read.

 CC-PVDZ-JKFIT aux basis set file will be read for the C atom...
 CC-PVDZ-JKFIT aux basis set file will be read for the H atom...
 Nshell_aux: 126 
 Naux: 348 
 Aux basis set info has been read.

 orth_type: CANONICAL 
 Cpu time for S ints :       0.0000 s
 Wall time for S ints:       0.0062 s

 Using canonical orthogonalization. 
 Minimum eigenvalue in the overlap matrix is:   5.7651E-03 

 Cpu time for T ints :       0.0500 s
 Wall time for T ints:       0.0112 s
 Cpu time for V ints :       0.3100 s
 Wall time for V ints:       0.0802 s
 Cpu time for Metric ints :       0.4700 s
 Wall time for Metric ints:       0.1155 s
 3-Index Algorithm: AUTO 

 Calling fortran integrals: ringing... 
 Done with fintegrals.

 Cpu time for 3-index ints :       1.2300 s
 Wall time for 3-index ints:       0.3307 s
 Cpu time for df-factors :       0.1000 s
 Wall time for df-factors:       0.0253 s


 Puream (True=1, False=0) : 1
 Number of AO             : 72
 Number of MO             : 72
 Number of Aux Functions  : 348
 Charge                   : 0
 Multiplicity             : 1
 Alpha OCC                : 12
 Beta OCC                 : 12
 Nuclear Repulsion Energy : 75.88602436
 Energy Treshold          : 1.0e-08
 Density Treshold         : 1.0e-06
 Iteration Limit          : 50
 Guess                    : SAD
 Guess Mix                : false
 Diis                     : true
 Diis Damping             : false
 Diis Damp Parameter      : 0.02
 Diis Algorithm           : DISK
 Cutoff Treshold          : 1.0e-10
 Density Fitting          : true
 Reference                : RHF
 Die If Not Converged     : true
 Print Level              : 0
 ERI Algorithm            : INCORE
 SCF Algorithm            : ROOTHAAN




  ## SOLVATION Options ##

  | TYPE         | KEY                      | INPUT? | VALUE              | DEFAULT            
  |--------------|--------------------------|--------|--------------------|--------------------
  | INT          | NUM_Z_POINTS             | NO     | 90                 | 90                 
  | INT          | NUM_ANG_POINTS           | YES    | 100                | 100                
  | STRING       | SASA_TYPE                | YES    | NUMERIC            | NUMERIC            
  | STRING       | CHARGE_TYPE              | YES    | IAO_MULLIKEN       | IAO_MULLIKEN       
  | STRING       | CDS_TYPE                 | YES    | SMD                | SMD                
  | STRING       | SOLVENT                  | YES    | WATER              | WATER              
  | STRING       | SOLVENT_PARAMS           | YES    | MN21               | SM8                
  | STRING       | DIELECTRIC_PARAMS        | YES    | MN21               | MN21               
  | STRING       | COULOMB_RADII            | YES    | SMD                | SMD                
  | DOUBLE       | COVALENT_VW_CONST        | NO     | 0.76               | 0.76               
  | DOUBLE       | SOLVENT_RADIUS           | NO     | 0.4                | 0.4                
  | STRING       | RADIUS_TYPE              | YES    | SMD                | SMD                
  | DOUBLE       | GB_DIJ                   | NO     | 3.7                | 3.7                
  | DOUBLE       | GB_SIJ                   | NO     | 0.75               | 0.75               
  | DOUBLE       | GB_CIJ                   | NO     | 0.0                | 0.0                
  | DOUBLE       | F_PWSASA                 | NO     | 0.4535             | 0.4535             
  | DOUBLE       | SCALE_VDW                | NO     | 1.0                | 1.0                
  | DOUBLE       | SCALE_CR                 | NO     | 1.0                | 1.0                



 Sasa Type                  : NUMERIC 
 Charge Type                : IAO_MULLIKEN 
 CDS Type                   : SMD 
 Radius Type                : SMD 
 Solvent                    : WATER 
 Solvent Parameters         : MN21 
 Dielectric Parameters      : MN21 
 Coulomb Radii Parameters   : SMD 
 GB d_ij parameter          : 3.7000000000 
 GB S_ij parameter          : 0.7500000000 
 GB C_ij parameter          : 0.0000000000 
 Sclae_vdw parameter        : 1.0000000000 
 Number of z-points         : 90 
 Number of angular points   : 100 
 Number of SASA grid points : 17902 
 Solvent Dielectric Constant: 78.3553000000 

 VDW Radii:
	  1 C :       1.7000  ang
	  2 C :       1.7000  ang
	  3 C :       1.7000  ang
	  4 H :       1.2000  ang
	  5 H :       1.2000  ang
	  6 H :       1.2000  ang
	  7 H :       1.2000  ang
	  8 H :       1.2000  ang
	  9 H :       1.2000  ang

	 Computing SASA... 

 Atomic SASA values:
	  1 C :      10.5591  ang^2
	  2 C :      10.5468  ang^2
	  3 C :      10.5096  ang^2
	  4 H :      12.8971  ang^2
	  5 H :      12.8971  ang^2
	  6 H :      12.8863  ang^2
	  7 H :      12.8863  ang^2
	  8 H :      12.8881  ang^2
	  9 H :      12.8881  ang^2

	*Total SASA (angs^2): 108.9584284763 


 Coulomb Radii:
	  1 C :       1.8500  ang
	  2 C :       1.8500  ang
	  3 C :       1.8500  ang
	  4 H :       1.2000  ang
	  5 H :       1.2000  ang
	  6 H :       1.2000  ang
	  7 H :       1.2000  ang
	  8 H :       1.2000  ang
	  9 H :       1.2000  ang
 Solvent Alpha                       : 1.1700000000 

 ## Effective Born Radius (bohr) ##
   0   3.9858650814 
   1   3.9858674623 
   2   3.9859001276 
   3   3.1674844525 
   4   3.1674872729 
   5   3.1675746283 
   6   3.1675800916 
   7   3.1674030296 
   8   3.1674062503 

 Effective Born Radii:
	  1 C :       2.1092  ang
	  2 C :       2.1092  ang
	  3 C :       2.1092  ang
	  4 H :       1.6762  ang
	  5 H :       1.6762  ang
	  6 H :       1.6762  ang
	  7 H :       1.6762  ang
	  8 H :       1.6761  ang
	  9 H :       1.6761  ang


 Coulomb Integrals:
	  1  1 :       0.2509  bohr^-1
	  1  2 :       0.2136  bohr^-1
	  1  3 :       0.2136  bohr^-1
	  1  4 :       0.2522  bohr^-1
	  1  5 :       0.2522  bohr^-1
	  1  6 :       0.1948  bohr^-1
	  1  7 :       0.1948  bohr^-1
	  1  8 :       0.1948  bohr^-1
	  1  9 :       0.1948  bohr^-1
	  2  1 :       0.2136  bohr^-1
	  2  2 :       0.2509  bohr^-1
	  2  3 :       0.2136  bohr^-1
	  2  4 :       0.1948  bohr^-1
	  2  5 :       0.1948  bohr^-1
	  2  6 :       0.2522  bohr^-1
	  2  7 :       0.2522  bohr^-1
	  2  8 :       0.1948  bohr^-1
	  2  9 :       0.1948  bohr^-1
	  3  1 :       0.2136  bohr^-1
	  3  2 :       0.2136  bohr^-1
	  3  3 :       0.2509  bohr^-1
	  3  4 :       0.1948  bohr^-1
	  3  5 :       0.1948  bohr^-1
	  3  6 :       0.1948  bohr^-1
	  3  7 :       0.1948  bohr^-1
	  3  8 :       0.2522  bohr^-1
	  3  9 :       0.2522  bohr^-1
	  4  1 :       0.2522  bohr^-1
	  4  2 :       0.1948  bohr^-1
	  4  3 :       0.1948  bohr^-1
	  4  4 :       0.3157  bohr^-1
	  4  5 :       0.2290  bohr^-1
	  4  6 :       0.1613  bohr^-1
	  4  7 :       0.1885  bohr^-1
	  4  8 :       0.1885  bohr^-1
	  4  9 :       0.1613  bohr^-1
	  5  1 :       0.2522  bohr^-1
	  5  2 :       0.1948  bohr^-1
	  5  3 :       0.1948  bohr^-1
	  5  4 :       0.2290  bohr^-1
	  5  5 :       0.3157  bohr^-1
	  5  6 :       0.1885  bohr^-1
	  5  7 :       0.1613  bohr^-1
	  5  8 :       0.1613  bohr^-1
	  5  9 :       0.1885  bohr^-1
	  6  1 :       0.1948  bohr^-1
	  6  2 :       0.2522  bohr^-1
	  6  3 :       0.1948  bohr^-1
	  6  4 :       0.1613  bohr^-1
	  6  5 :       0.1885  bohr^-1
	  6  6 :       0.3157  bohr^-1
	  6  7 :       0.2290  bohr^-1
	  6  8 :       0.1613  bohr^-1
	  6  9 :       0.1885  bohr^-1
	  7  1 :       0.1948  bohr^-1
	  7  2 :       0.2522  bohr^-1
	  7  3 :       0.1948  bohr^-1
	  7  4 :       0.1885  bohr^-1
	  7  5 :       0.1613  bohr^-1
	  7  6 :       0.2290  bohr^-1
	  7  7 :       0.3157  bohr^-1
	  7  8 :       0.1885  bohr^-1
	  7  9 :       0.1613  bohr^-1
	  8  1 :       0.1948  bohr^-1
	  8  2 :       0.1948  bohr^-1
	  8  3 :       0.2522  bohr^-1
	  8  4 :       0.1885  bohr^-1
	  8  5 :       0.1613  bohr^-1
	  8  6 :       0.1613  bohr^-1
	  8  7 :       0.1885  bohr^-1
	  8  8 :       0.3157  bohr^-1
	  8  9 :       0.2290  bohr^-1
	  9  1 :       0.1948  bohr^-1
	  9  2 :       0.1948  bohr^-1
	  9  3 :       0.2522  bohr^-1
	  9  4 :       0.1613  bohr^-1
	  9  5 :       0.1885  bohr^-1
	  9  6 :       0.1885  bohr^-1
	  9  7 :       0.1613  bohr^-1
	  9  8 :       0.2290  bohr^-1
	  9  9 :       0.3157  bohr^-1
    ===> SCF Iteration Started <===

     Iter. |                   Energy |       Delta E |          Drms |
    -------|--------------------------|---------------|---------------|
         1 |      -116.72570005846032 |    -1.167e+02 |     1.554e-02 |
         2 |      -116.98977090785931 |    -2.641e-01 |     4.394e-03 | DIIS
         3 |      -117.05442367064970 |    -6.465e-02 |     1.577e-03 | DIIS
         4 |      -117.06649500610808 |    -1.207e-02 |     5.043e-04 | DIIS
         5 |      -117.06715774237679 |    -6.627e-04 |     8.114e-05 | DIIS
         6 |      -117.06717077327411 |    -1.303e-05 |     3.206e-05 | DIIS
         7 |      -117.06717148854568 |    -7.153e-07 |     3.371e-06 | DIIS
         8 |      -117.06717150503783 |    -1.649e-08 |     1.215e-06 | DIIS
         9 |      -117.06717150384173 |     1.196e-09 |     6.722e-08 | DIIS


	-Alpha Occupied Orbital Energies (au):  
	 1: -11.2070287880 	 2: -11.2060532397 	 3: -11.2060262715 	 4: -1.1115204822 	 5: -0.7968261257 
	 6: -0.7967772619 	 7: -0.6451842037 	 8: -0.6055849872 	 9: -0.4895506293 	10: -0.4894884631 
	11: -0.3973136653 	12: -0.3970993220 
	-Alpha Virtual Orbital Energies (au):  
	13: 0.2041873486 	14: 0.2196649548 	15: 0.2493066343 	16: 0.2493514670 	17: 0.3133104684 
	18: 0.3133623791 	19: 0.3294380249 	20: 0.4150248933 	21: 0.4151170713 	22: 0.5514519861 
	23: 0.5823162769 	24: 0.6678057061 	25: 0.6678956186 	26: 0.7530274491 	27: 0.8321709372 
	28: 0.8322587213 	29: 0.8459507393 	30: 0.8465912509 	31: 0.8517958912 	32: 0.8788857249 
	33: 0.9197562167 	34: 0.9198105254 	35: 0.9365034697 	36: 0.9365513969 	37: 1.0131542768 
	38: 1.3873743535 	39: 1.4020055077 	40: 1.4020955291 	41: 1.4444716912 	42: 1.4447037995 
	43: 1.4496914250 	44: 1.7291116650 	45: 1.7293107250 	46: 1.7295156035 	47: 1.8398574756 
	48: 1.8399643696 	49: 1.8557529112 	50: 1.8560083358 	51: 1.8847525904 	52: 1.9932201975 
	53: 1.9974069814 	54: 2.0164652180 	55: 2.0167960841 	56: 2.0848919246 	57: 2.0851299032 
	58: 2.2339189157 	59: 2.2341105796 	60: 2.3910775321 	61: 2.4028602889 	62: 2.4262186952 
	63: 2.4263624898 	64: 2.6111045440 	65: 2.6113716742 	66: 2.6361854061 	67: 2.7218574412 
	68: 2.8037926316 	69: 2.9425275929 	70: 2.9432554298 	71: 3.1408563834 	72: 3.1414402022 



	-Mulliken Population Analysis for SCF:
	 1: -0.0873966810 	 2: -0.0873637079 	 3: -0.0877075310 	 4: 0.0437555550 	 5: 0.0437552057 
	 6: 0.0437493315 	 7: 0.0437490303 	 8: 0.0437294957 	 9: 0.0437293017 

	-Lowdin Population Analysis for SCF:  
	 1: -0.0389955545 	 2: -0.0389975078 	 3: -0.0390780144 	 4: 0.0195275302 	 5: 0.0195275414 
	 6: 0.0195151566 	 7: 0.0195153638 	 8: 0.0194926156 	 9: 0.0194928693 

	-Electronic Dipole Moment: (e a0)  
	 X:  0.00154   Y:  0.00075   Z:  -0.00000   Total:  0.00171 

	-Electronic Dipole Moment: (D)  
	 X:  0.00391   Y:  0.00191   Z:  -0.00000   Total:  0.00435 

	-Total Dipole Moment: (e a0)  
	 X:  -0.00010   Y:  0.00007   Z:  0.00000   Total:  0.00012 

	-Total Dipole Moment: (D)  
	 X:  -0.00025   Y:  0.00018   Z:  0.00001   Total:  0.00031 



	Initializing Liboeprop (by U. Bozkaya) ...


	-Mulliken Population Analysis for SCF-IAO:
	 1: -0.2635914202 	 2: -0.2636242807 	 3: -0.2636821783 	 4: 0.1318557608 	 5: 0.1318560051 
	 6: 0.1318517912 	 7: 0.1318515112 	 8: 0.1317963566 	 9: 0.1317961745 

	-Lowdin Population Analysis for SCF-IAO:  
	 1: -0.2635914202 	 2: -0.2636242807 	 3: -0.2636821783 	 4: 0.1318557608 	 5: 0.1318560051 
	 6: 0.1318517912 	 7: 0.1318515112 	 8: 0.1317963566 	 9: 0.1317961745 

	Initializing Liblocal (by U. Bozkaya) ...
  ==> Pipek-Mezey Localizer <==

    Convergence =   1.000E-08
    Maxiter     =          50

    Iteration                   Metric       Residual
    PM    0   7.3772071656313774E+00              -
    PM    1   1.3492817242781880E+01   8.289872E-01
    PM    2   1.5863743373982121E+01   1.757176E-01
    PM    3   1.5980695016734758E+01   7.372260E-03
    PM    4   1.5984650958650546E+01   2.475450E-04
    PM    5   1.5984743800426825E+01   5.808183E-06
    PM    6   1.5984745551363110E+01   1.095380E-07
    PM    7   1.5984745584526259E+01   2.074675E-09

    PM Localizer converged.



	*Molecular contr. to CDS energy:       0.0000  kcal/mol
	*Total CDS energy:       1.8077  kcal/mol
	*SCF::Polarization Free Energy (au)      : -0.0017018221 
	*SCF::Polarization Free Energy (kcal/mol):      -1.0679 
	*SCF::CDS Free Energy (au)      : 0.0028807669 
	*SCF::CDS Free Energy (kcal/mol):       1.8077 
	*SCF::Total Solvation Free Energy (au)      : 0.0011789447 
	*SCF::Total Solvation Free Energy (kcal/mol):       0.7398 
 CC-PVDZ primary basis set file will be read for the C atom...
 CC-PVDZ primary basis set file will be read for the H atom...
 Nmaxthread: 24 
 Nshell: 36 
 Lmax:  2 
 Npmax:  8 
 Nao: 72 
 Ndocc: 12 
 Nsocc:  0 
 NoccA: 12 
 NoccB: 12 
 Primary basis set info has been read.

 CC-PVDZ-JKFIT aux basis set file will be read for the C atom...
 CC-PVDZ-JKFIT aux basis set file will be read for the H atom...
 Nshell_aux: 126 
 Naux: 348 
 Aux basis set info has been read.


	*Total SCF Energy: -117.06717150384173

 Cpu time for SCF :       0.6698 minutes
 Wall time for SCF:       0.2060 minutes


	MO spaces... 

	 FC   OCC   VIR   FV 
	----------------------
	  3    9    60    0


	Libtrans is initialized (by U. Bozkaya) ...

 ============================================================================== 
 ============================================================================== 
 ============================================================================== 

                       DF-MP2   
              Program Written by Ugur Bozkaya
              Latest Revision May 2, 2021

 ============================================================================== 
 ============================================================================== 
 ============================================================================== 

	For this residual convergence, default PCG convergence is:     1.00e-07
    Warning: "PCG_CONVERGENCE" option is changed to     1.00e-07


  ## DFOCC Options ##

  | TYPE         | KEY                      | INPUT? | VALUE              | DEFAULT            
  |--------------|--------------------------|--------|--------------------|--------------------
  | BOOL         | EOM                      | NO     | FALSE              | FALSE              
  | BOOL         | EOM_MP2                  | NO     | FALSE              | FALSE              
  | BOOL         | EOM_MP3                  | NO     | FALSE              | FALSE              
  | BOOL         | EOM_MP2_5                | NO     | FALSE              | FALSE              
  | BOOL         | EOM_LCCD                 | NO     | FALSE              | FALSE              
  | BOOL         | LOW_MEM_MP2              | NO     | FALSE              | FALSE              
  | BOOL         | LOW_MEM_MP3              | NO     | FALSE              | FALSE              
  | BOOL         | CD_PRESCREEN             | NO     | FALSE              | FALSE              
  | DOUBLE       | CIS_E_CONV               | NO     | 1e-06              | 1e-06              
  | DOUBLE       | CIS_R_CONV               | NO     | 1e-06              | 1e-06              
  | DOUBLE       | CIS_RES_PRECONDITION_TOL | NO     | 0.0001             | 0.0001             
  | DOUBLE       | DAVIDSON_TOLERANCE       | NO     | 1e-06              | 1e-06              
  | DOUBLE       | E3_SCALE                 | NO     | 0.25               | 0.25               
  | DOUBLE       | E_CONVERGENCE            | NO     | 1e-06              | 1e-06              
  | DOUBLE       | JK_MEMORY                | NO     | 1000000000.0       | 1000000000.0       
  | DOUBLE       | LEVEL_SHIFT              | NO     | 0.02               | 0.02               
  | DOUBLE       | MAX_MOGRAD_CONVERGENCE   | NO     | 0.001              | 0.001              
  | DOUBLE       | MO_STEP_MAX              | NO     | 0.5                | 0.5                
  | DOUBLE       | MP2_OS_SCALE             | NO     | 1.2                | 1.2                
  | DOUBLE       | MP2_SOS_SCALE            | NO     | 1.3                | 1.3                
  | DOUBLE       | MP2_SOS_SCALE2           | NO     | 1.2                | 1.2                
  | DOUBLE       | MP2_SS_SCALE             | NO     | 0.3333333333333333 | 0.3333333333333333 
  | DOUBLE       | OCC_PERCENTAGE           | NO     | 99.0               | 99.0               
  | DOUBLE       | OCC_TOLERANCE            | NO     | 1e-05              | 1e-05              
  | DOUBLE       | OO_SCALE                 | NO     | 0.01               | 0.01               
  | DOUBLE       | PCG_CONVERGENCE          | NO     | 1e-06              | 1e-06              
  | DOUBLE       | R_CONVERGENCE            | NO     | 1e-05              | 1e-05              
  | DOUBLE       | REG_PARAM                | NO     | 0.4                | 0.4                
  | DOUBLE       | KAPPA_REG_PARAM          | NO     | 1.1                | 1.1                
  | DOUBLE       | RMS_MOGRAD_CONVERGENCE   | NO     | 1e-06              | 1e-06              
  | DOUBLE       | SCG_TOLERANCE            | NO     | 1e-06              | 1e-06              
  | DOUBLE       | SCHMIDT_ADD_RES_TOL      | NO     | 0.001              | 0.001              
  | INT          | ACTIVE_NAT_ORBS          | NO     | 2                  | 2                  
  | INT          | CC_DIIS_MAX_VECS         | NO     | 6                  | 6                  
  | INT          | CC_DIIS_MIN_VECS         | NO     | 2                  | 2                  
  | INT          | CC_MAXITER               | NO     | 50                 | 50                 
  | INT          | CUTOFF                   | NO     | 8                  | 8                  
  | INT          | EXCITATION_RANGE         | NO     | 2                  | 2                  
  | INT          | FOLLOW_ROOT              | NO     | 1                  | 1                  
  | INT          | INTEGRAL_CUTOFF          | NO     | 9                  | 9                  
  | INT          | MAX_VECS                 | NO     | 50                 | 50                 
  | INT          | MO_DIIS_NUM_VECS         | NO     | 6                  | 6                  
  | INT          | MO_MAXITER               | NO     | 50                 | 50                 
  | INT          | NUM_ROOTS                | NO     | 4                  | 4                  
  | INT          | PCG_MAXITER              | NO     | 50                 | 50                 
  | INT          | PRINT_LEVEL              | NO     | 0                  | 0                  
  | INT          | VECS_PER_ROOT            | NO     | 1                  | 1                  
  | STRING       | CC_LAMBDA                | NO     | FALSE              | FALSE              
  | STRING       | CHOLESKY                 | NO     | FALSE              | FALSE              
  | STRING       | CIS_ALGORITHM            | NO     | MO_BASIS           | MO_BASIS           
  | STRING       | CIS_GUESS_COEFF          | NO     | MIX                | MIX                
  | STRING       | COMPUT_S2                | NO     | FALSE              | FALSE              
  | STRING       | DIAG_METHOD              | NO     | DAVIDSON           | DAVIDSON           
  | STRING       | DO_DIIS                  | NO     | TRUE               | TRUE               
  | STRING       | DO_LEVEL_SHIFT           | NO     | TRUE               | TRUE               
  | STRING       | DO_SCS                   | NO     | FALSE              | FALSE              
  | STRING       | DO_SOS                   | NO     | FALSE              | FALSE              
  | STRING       | EKT_IP                   | NO     | FALSE              | FALSE              
  | STRING       | FREEZE_CORE              | NO     | TRUE               | TRUE               
  | STRING       | HESS_TYPE                | NO     | HF                 | HF                 
  | STRING       | JK_TYPE                  | NO     | DIRECT             | DIRECT             
  | STRING       | LINEQ_SOLVER             | NO     | CDGESV             | CDGESV             
  | STRING       | MO_READ                  | NO     | FALSE              | FALSE              
  | STRING       | MO_WRITE                 | NO     | FALSE              | FALSE              
  | STRING       | MP2_AMP_TYPE             | NO     | DIRECT             | DIRECT             
  | STRING       | NAT_ORBS                 | NO     | FALSE              | FALSE              
  | STRING       | NBO                      | NO     | TRUE               | TRUE               
  | STRING       | OCC_ORBS_PRINT           | NO     | FALSE              | FALSE              
  | STRING       | OEPROP                   | NO     | FALSE              | FALSE              
  | STRING       | OPT_METHOD               | NO     | QNR                | QNR                
  | STRING       | ORB_RESP_SOLVER          | NO     | PCG                | PCG                
  | STRING       | ORTH_TYPE                | NO     | MGS                | MGS                
  | STRING       | PCG_BETA_TYPE            | NO     | FLETCHER_REEVES    | FLETCHER_REEVES    
  | STRING       | PPL_TYPE                 | NO     | AUTO               | AUTO               
  | STRING       | PRINT_CI_VECS            | NO     | FALSE              | FALSE              
  | STRING       | QCHF                     | NO     | FALSE              | FALSE              
  | STRING       | READ_SCF_3INDEX          | NO     | TRUE               | TRUE               
  | STRING       | REGULARIZATION           | NO     | FALSE              | FALSE              
  | STRING       | REG_TYPE                 | NO     | NORMAL             | NORMAL             
  | STRING       | SCS_TYPE                 | NO     | SCS                | SCS                
  | STRING       | SOS_TYPE                 | NO     | SOS                | SOS                
  | STRING       | TRIPLES_IABC_TYPE        | NO     | DISK               | DISK               
  | STRING       | UNIT_GUESS_TYPE          | NO     | GEN                | GEN                
  | STRING       | EKT_NEGATIVE_OCC         | NO     | ABS                | ABS                
  | BOOL         | SOLVATION                | YES    | TRUE               | FALSE              

	MO spaces... 

	 FC   OCC   VIR   FV 
	----------------------
	  3    9    60    0
 CC-PVDZ primary basis set file will be read for the C atom...
 CC-PVDZ primary basis set file will be read for the H atom...
 Nmaxthread: 24 
 Nshell: 36 
 Lmax:  2 
 Npmax:  8 
 Nao: 72 
 Ndocc: 12 
 Nsocc:  0 
 NoccA: 12 
 NoccB: 12 
 Primary basis set info has been read.

 CC-PVDZ-RI aux basis set file will be read for the C atom...
 CC-PVDZ-RI aux basis set file will be read for the H atom...
 Nshell_aux: 90 
 Naux: 252 
 Aux basis set info has been read.

 Cpu time for Metric ints :       0.0700 s
 Wall time for Metric ints:       0.0395 s
 3-Index Algorithm: AUTO 

 Calling fortran integrals: ringing... 
 Done with fintegrals.

 Cpu time for 3-index ints :       0.5600 s
 Wall time for 3-index ints:       0.1404 s
 Cpu time for df-factors :       0.0200 s
 Wall time for df-factors:       0.0074 s
 CC-PVDZ primary basis set file will be read for the C atom...
 CC-PVDZ primary basis set file will be read for the H atom...
 Nmaxthread: 24 
 Nshell: 36 
 Lmax:  2 
 Npmax:  8 
 Nao: 72 
 Ndocc: 12 
 Nsocc:  0 
 NoccA: 12 
 NoccB: 12 
 Primary basis set info has been read.

 CC-PVDZ-JKFIT aux basis set file will be read for the C atom...
 CC-PVDZ-JKFIT aux basis set file will be read for the H atom...
 Nshell_aux: 126 
 Naux: 348 
 Aux basis set info has been read.

	Reading DF integrals from disk ...
 Cpu time for Metric ints :       0.2900 s
 Wall time for Metric ints:       0.0719 s
	Number of basis functions in the DF-HF basis: 348
	Number of basis functions in the DF-CC basis: 252

	Available memory                      :  30000.00 MB 
	Minimum required memory for amplitudes:      7.00 MB 
	Memory requirement for B-CC (Q|mu nu) :     10.45 MB 
	Memory requirement for B-CC (Q|ab)    :      7.26 MB 
	Memory requirement for DF-CC int trans:     19.16 MB 

	Computing DF-MP2 energy using SCF MOs (Canonical DF-MP2)... 
	======================================================================= 
	Nuclear Repulsion Energy (a.u.)    :    75.88602640866452
	DF-HF Energy (a.u.)                :  -117.06717150384173
	REF Energy (a.u.)                  :  -117.06717150384173
	DF-MP2 Correlation Energy (a.u.)   :    -0.42568576657082
	DF-MP2 Total Energy (a.u.)         :  -117.49285727041256
	======================================================================= 

	*Total MP2 Energy: -117.49285727041256

	Computing unrelaxed response density matrices...
	Number of independent-pairs: 720
	Computing the generalized Fock matrix (GFM)...
	Computing the orbital gradient...
	Forming effective orbital gradient...
	Solving orbital Z-vector equations...

	            PCG Solver 
	   ------------------------------ 
	Iter     RMS Z Vector        RMS Residual  
	----    ---------------    ---------------
	  1         1.37e-03         5.95e-04
	  2         3.39e-04         8.11e-05
	  3         4.43e-05         1.55e-05
	  4         5.35e-06         2.17e-06
	  5         7.97e-07         2.41e-07
	  6         9.41e-08         2.78e-08

	Computing the relaxed PDMs and GFM...
	Compute solv. is starting ...

	Initializing Liboeprop (by U. Bozkaya) ...


	-Mulliken Population Analysis for MP2-IAO:
	 1: -0.1527348238 	 2: -0.1527710366 	 3: -0.1527699450 	 4: 0.0978163291 	 5: 0.0978167501 
	 6: 0.0978212598 	 7: 0.0978212124 	 8: 0.0977494096 	 9: 0.0977492784 

	-Lowdin Population Analysis for MP2-IAO:  
	 1: -0.1527348238 	 2: -0.1527710366 	 3: -0.1527699450 	 4: 0.0978163291 	 5: 0.0978167501 
	 6: 0.0978212598 	 7: 0.0978212124 	 8: 0.0977494096 	 9: 0.0977492784 


  ## SOLVATION Options ##

  | TYPE         | KEY                      | INPUT? | VALUE              | DEFAULT            
  |--------------|--------------------------|--------|--------------------|--------------------
  | INT          | NUM_Z_POINTS             | NO     | 90                 | 90                 
  | INT          | NUM_ANG_POINTS           | YES    | 100                | 100                
  | STRING       | SASA_TYPE                | YES    | NUMERIC            | NUMERIC            
  | STRING       | CHARGE_TYPE              | YES    | IAO_MULLIKEN       | IAO_MULLIKEN       
  | STRING       | CDS_TYPE                 | YES    | SMD                | SMD                
  | STRING       | SOLVENT                  | YES    | WATER              | WATER              
  | STRING       | SOLVENT_PARAMS           | YES    | MN21               | SM8                
  | STRING       | DIELECTRIC_PARAMS        | YES    | MN21               | MN21               
  | STRING       | COULOMB_RADII            | YES    | SMD                | SMD                
  | DOUBLE       | COVALENT_VW_CONST        | NO     | 0.76               | 0.76               
  | DOUBLE       | SOLVENT_RADIUS           | NO     | 0.4                | 0.4                
  | STRING       | RADIUS_TYPE              | YES    | SMD                | SMD                
  | DOUBLE       | GB_DIJ                   | NO     | 3.7                | 3.7                
  | DOUBLE       | GB_SIJ                   | NO     | 0.75               | 0.75               
  | DOUBLE       | GB_CIJ                   | NO     | 0.0                | 0.0                
  | DOUBLE       | F_PWSASA                 | NO     | 0.4535             | 0.4535             
  | DOUBLE       | SCALE_VDW                | NO     | 1.0                | 1.0                
  | DOUBLE       | SCALE_CR                 | NO     | 1.0                | 1.0                



 Sasa Type                  : NUMERIC 
 Charge Type                : IAO_MULLIKEN 
 CDS Type                   : SMD 
 Radius Type                : SMD 
 Solvent                    : WATER 
 Solvent Parameters         : MN21 
 Dielectric Parameters      : MN21 
 Coulomb Radii Parameters   : SMD 
 GB d_ij parameter          : 3.7000000000 
 GB S_ij parameter          : 0.7500000000 
 GB C_ij parameter          : 0.0000000000 
 Sclae_vdw parameter        : 1.0000000000 
 Number of z-points         : 90 
 Number of angular points   : 100 
 Number of SASA grid points : 17902 
 Solvent Dielectric Constant: 78.3553000000 

 VDW Radii:
	  1 C :       1.7000  ang
	  2 C :       1.7000  ang
	  3 C :       1.7000  ang
	  4 H :       1.2000  ang
	  5 H :       1.2000  ang
	  6 H :       1.2000  ang
	  7 H :       1.2000  ang
	  8 H :       1.2000  ang
	  9 H :       1.2000  ang

	 Computing SASA... 

 Atomic SASA values:
	  1 C :      10.5591  ang^2
	  2 C :      10.5468  ang^2
	  3 C :      10.5096  ang^2
	  4 H :      12.8971  ang^2
	  5 H :      12.8971  ang^2
	  6 H :      12.8863  ang^2
	  7 H :      12.8863  ang^2
	  8 H :      12.8881  ang^2
	  9 H :      12.8881  ang^2

	*Total SASA (angs^2): 108.9584284763 


 Coulomb Radii:
	  1 C :       1.8500  ang
	  2 C :       1.8500  ang
	  3 C :       1.8500  ang
	  4 H :       1.2000  ang
	  5 H :       1.2000  ang
	  6 H :       1.2000  ang
	  7 H :       1.2000  ang
	  8 H :       1.2000  ang
	  9 H :       1.2000  ang
 Solvent Alpha                       : 1.1700000000 

 ## Effective Born Radius (bohr) ##
   0   3.9858650814 
   1   3.9858674623 
   2   3.9859001276 
   3   3.1674844525 
   4   3.1674872729 
   5   3.1675746283 
   6   3.1675800916 
   7   3.1674030296 
   8   3.1674062503 

 Effective Born Radii:
	  1 C :       2.1092  ang
	  2 C :       2.1092  ang
	  3 C :       2.1092  ang
	  4 H :       1.6762  ang
	  5 H :       1.6762  ang
	  6 H :       1.6762  ang
	  7 H :       1.6762  ang
	  8 H :       1.6761  ang
	  9 H :       1.6761  ang


 Coulomb Integrals:
	  1  1 :       0.2509  bohr^-1
	  1  2 :       0.2136  bohr^-1
	  1  3 :       0.2136  bohr^-1
	  1  4 :       0.2522  bohr^-1
	  1  5 :       0.2522  bohr^-1
	  1  6 :       0.1948  bohr^-1
	  1  7 :       0.1948  bohr^-1
	  1  8 :       0.1948  bohr^-1
	  1  9 :       0.1948  bohr^-1
	  2  1 :       0.2136  bohr^-1
	  2  2 :       0.2509  bohr^-1
	  2  3 :       0.2136  bohr^-1
	  2  4 :       0.1948  bohr^-1
	  2  5 :       0.1948  bohr^-1
	  2  6 :       0.2522  bohr^-1
	  2  7 :       0.2522  bohr^-1
	  2  8 :       0.1948  bohr^-1
	  2  9 :       0.1948  bohr^-1
	  3  1 :       0.2136  bohr^-1
	  3  2 :       0.2136  bohr^-1
	  3  3 :       0.2509  bohr^-1
	  3  4 :       0.1948  bohr^-1
	  3  5 :       0.1948  bohr^-1
	  3  6 :       0.1948  bohr^-1
	  3  7 :       0.1948  bohr^-1
	  3  8 :       0.2522  bohr^-1
	  3  9 :       0.2522  bohr^-1
	  4  1 :       0.2522  bohr^-1
	  4  2 :       0.1948  bohr^-1
	  4  3 :       0.1948  bohr^-1
	  4  4 :       0.3157  bohr^-1
	  4  5 :       0.2290  bohr^-1
	  4  6 :       0.1613  bohr^-1
	  4  7 :       0.1885  bohr^-1
	  4  8 :       0.1885  bohr^-1
	  4  9 :       0.1613  bohr^-1
	  5  1 :       0.2522  bohr^-1
	  5  2 :       0.1948  bohr^-1
	  5  3 :       0.1948  bohr^-1
	  5  4 :       0.2290  bohr^-1
	  5  5 :       0.3157  bohr^-1
	  5  6 :       0.1885  bohr^-1
	  5  7 :       0.1613  bohr^-1
	  5  8 :       0.1613  bohr^-1
	  5  9 :       0.1885  bohr^-1
	  6  1 :       0.1948  bohr^-1
	  6  2 :       0.2522  bohr^-1
	  6  3 :       0.1948  bohr^-1
	  6  4 :       0.1613  bohr^-1
	  6  5 :       0.1885  bohr^-1
	  6  6 :       0.3157  bohr^-1
	  6  7 :       0.2290  bohr^-1
	  6  8 :       0.1613  bohr^-1
	  6  9 :       0.1885  bohr^-1
	  7  1 :       0.1948  bohr^-1
	  7  2 :       0.2522  bohr^-1
	  7  3 :       0.1948  bohr^-1
	  7  4 :       0.1885  bohr^-1
	  7  5 :       0.1613  bohr^-1
	  7  6 :       0.2290  bohr^-1
	  7  7 :       0.3157  bohr^-1
	  7  8 :       0.1885  bohr^-1
	  7  9 :       0.1613  bohr^-1
	  8  1 :       0.1948  bohr^-1
	  8  2 :       0.1948  bohr^-1
	  8  3 :       0.2522  bohr^-1
	  8  4 :       0.1885  bohr^-1
	  8  5 :       0.1613  bohr^-1
	  8  6 :       0.1613  bohr^-1
	  8  7 :       0.1885  bohr^-1
	  8  8 :       0.3157  bohr^-1
	  8  9 :       0.2290  bohr^-1
	  9  1 :       0.1948  bohr^-1
	  9  2 :       0.1948  bohr^-1
	  9  3 :       0.2522  bohr^-1
	  9  4 :       0.1613  bohr^-1
	  9  5 :       0.1885  bohr^-1
	  9  6 :       0.1885  bohr^-1
	  9  7 :       0.1613  bohr^-1
	  9  8 :       0.2290  bohr^-1
	  9  9 :       0.3157  bohr^-1


	*Molecular contr. to CDS energy:       0.0000  kcal/mol
	*Total CDS energy:       1.8077  kcal/mol
	*MP2::Polarization Free Energy (au)      : -0.0018814435 
	*MP2::Polarization Free Energy (kcal/mol):      -1.1806 
	*MP2::CDS Free Energy (au)      : 0.0028807669 
	*MP2::CDS Free Energy (kcal/mol):       1.8077 
	*MP2::Total Solvation Free Energy (au)      : 0.0009993233 
	*MP2::Total Solvation Free Energy (kcal/mol):       0.6271 
	GB-MP2 Total Energy (a.u.)         :  -117.49185794709574

	*Total GB-MP2 Energy: -117.49285727041256


 Cpu time for MacroQC :       0.8162 minutes
 Wall time for MacroQC:       0.2557 minutes


 ******************************************************************************************
	 MacroQC terminates normally:) 
 ****************************************************************************************** 

