 ==========================================================================================
 =========                __  ___                         ____  ______            =========
 ======                  /  |/  /___ _______________     / __ \/ ____/               ======
 ====                   / /|_/ / __ `/ ___/ ___/ __ \   / / / / /                      ====
 ===                   / /  / / /_/ / /__/ /  / /_/ /  / /_/ / /___                     ===
 ==                   /_/  /_/\__,_/\___/_/   \____/   \___\_\____/                      ==
 ===                                                                1.0.4                ===
 =====     An electronic structure theory software for large-scale applications       =====
 ======                                 See license.txt for license info             ======
 =========                                                                        =========
 ==========================================================================================
                                                                                           
                           * * * * * * * * * * * * * * * * * * * *                        
                           *            Developed by             *                        
                           *             U. Bozkaya              *                        
                           *                                     *                        
                           *       With contributions from:      *                        
                           *         B. Ermis, Y. Alagoz,        *                        
                           *         A. Unal, and A. K. Uyar     *                        
                           *         Git Version: deab493        *                        
                           *       Latest Revision: 2026-03-23   *                        
                           * * * * * * * * * * * * * * * * * * * *                        


 Run date: Wed Mar 25 09:13:36 2026
 
 Hostname: ub8 

 ## MacroQC input file ##
 ******************************************************************************************
$set_molecule
0 1
O      -0.0000362030     1.4140457071    -0.0222475026
C       0.0000033511     0.0377723089     0.3697081504
C      -1.2685653227    -0.6668124989    -0.0987928907
C       1.2686095734    -0.6667395737    -0.0988039174
H       0.0000066650     0.0766797577     1.4613194022
H      -1.3141182854    -1.6907518623     0.2770278884
H      -2.1511630902    -0.1305183865     0.2483939505
H      -1.3031034385    -0.7117938374    -1.1912058421
H       1.3142357874    -1.6906685893     0.2770387623
H       2.1511767094    -0.1303790150     0.2483581640
H       1.3031302752    -0.7117373223    -1.1912156910
H      -0.0001606100     1.4514821810    -0.9844046674
$end_molecule


$set_globals
   basis cc-pvdz
  method mp2
  reference rhf
  jobtype energy
  memory 30000
$end_globals


$set_scf
  e_convergence 1.0e-8
  d_convergence 1.0e-6
  guess sad
  solvation true
$end_scf


$set_solvation
  cds_type smd
  radius_type smd
  solvent_params mn21
  dielectric_params mn21
  sasa_type numeric
  solvent water
  num_ang_points 100
  charge_type iao_mulliken
  coulomb_radii smd
$end_solvation

$set_dfocc
solvation true
$end_dfocc

 ******************************************************************************************


	-Geometry before Center-of-Mass shift (ang): 
	 Number     Atom               X                    Y                       Z  
	 ---------------------------------------------------------------------------------------
           1     O            -0.0000362030          1.4140457071          -0.0222475026  
           2     C             0.0000033511          0.0377723089           0.3697081504  
           3     C            -1.2685653227         -0.6668124989          -0.0987928907  
           4     C             1.2686095734         -0.6667395737          -0.0988039174  
           5     H             0.0000066650          0.0766797577           1.4613194022  
           6     H            -1.3141182854         -1.6907518623           0.2770278884  
           7     H            -2.1511630902         -0.1305183865           0.2483939505  
           8     H            -1.3031034385         -0.7117938374          -1.1912058421  
           9     H             1.3142357874         -1.6906685893           0.2770387623  
          10     H             2.1511767094         -0.1303790150           0.2483581640  
          11     H             1.3031302752         -0.7117373223          -1.1912156910  
          12     H            -0.0001606100          1.4514821810          -0.9844046674  



	-Geometry after Center-of-Mass shift (ang): 
	 Atom               X                    Y                       Z  
	 -------------------------------------------------------------------
     O          -0.0000361398          1.3557213890          -0.0363691860  
     C           0.0000034143         -0.0205520092           0.3555864670  
     C          -1.2685652595         -0.7251368170          -0.1129145741  
     C           1.2686096366         -0.7250638918          -0.1129256008  
     H           0.0000067282          0.0183554396           1.4471977188  
     H          -1.3141182222         -1.7490761804           0.2629062050  
     H          -2.1511630270         -0.1888427046           0.2342722671  
     H          -1.3031033753         -0.7701181555          -1.2053275255  
     H           1.3142358506         -1.7489929074           0.2629170789  
     H           2.1511767726         -0.1887033331           0.2342364806  
     H           1.3031303384         -0.7700616404          -1.2053373744  
     H          -0.0001605468          1.3931578629          -0.9985263508  


	-Geometry after Center-of-Mass shift (bohr): 
	 Atom               X                    Y                       Z  
	 -------------------------------------------------------------------
     O          -0.0000682943          2.5619421277          -0.0687278009  
     C           0.0000064522         -0.0388376687           0.6719610366  
     C          -2.3972409127         -1.3703099876          -0.2133776206  
     C           2.3973247734         -1.3701721789          -0.2133984580  
     H           0.0000127145          0.0346867538           2.7348073380  
     H          -2.4833235364         -3.3052749535           0.4968207242  
     H          -4.0651089722         -0.3568609924           0.4427104237  
     H          -2.4625084924         -1.4553123981          -2.2777389146  
     H           2.4835458220         -3.3051175903           0.4968412729  
     H           4.0651349477         -0.3565976185           0.4426427970  
     H           2.4625594454         -1.4552056000          -2.2777575263  
     H          -0.0003033894          2.6326868105          -1.8869413320  


    Rotational Constants: A =     0.28308  B =     0.26764  C =      0.15862 [cm^-1] 
    Rotor Type: ASYMMETRIC 

	-Nuclear Dipole Moment: (e a0)  
	 X:  0.00000   Y:  -3.74738   Z:  -0.90733   Total:  3.85566 

	-Nuclear Dipole Moment: (D)  
	 X:  0.00001   Y:  -9.52488   Z:  -2.30620   Total:  9.80010 


    Nuclear repulsion energy (V_NN)              : 134.537877467769 
   =====================================================
   Charge                : 0 
   Multiplicity          : 1 
   Number of Atoms       : 12 
   Number of Ghost Atoms : 0 
   Number of Electrons   : 34 
   Number of alpha occupied orbitals (NoccA)  : 17 
   Number of beta occupied orbitals (NoccB)   : 17 
   Number of singly occupied orbitals (Nsocc) : 0 
   Number of doubly occupied orbitals (Ndocc) : 17 
   =====================================================



  ## GLOBALS Options ##

  | TYPE         | KEY                      | INPUT? | VALUE              | DEFAULT            
  |--------------|--------------------------|--------|--------------------|--------------------
  | BOOL         | ERI_DISK                 | NO     | FALSE              | FALSE              
  | BOOL         | FREEZE_CORE              | NO     | TRUE               | TRUE               
  | BOOL         | MOL_FRAG                 | NO     | FALSE              | FALSE              
  | BOOL         | NOCOM                    | NO     | FALSE              | FALSE              
  | BOOL         | NOREORIENT               | NO     | TRUE               | TRUE               
  | BOOL         | PUREAM                   | NO     | TRUE               | TRUE               
  | BOOL         | ML                       | NO     | FALSE              | FALSE              
  | BOOL         | READ_PDB                 | NO     | FALSE              | FALSE              
  | BOOL         | TEST_MODE                | NO     | FALSE              | FALSE              
  | INT          | DERIVE_LEVEL             | NO     | 0                  | 0                  
  | INT          | FINDIF_POINTS            | NO     | 3                  | 3                  
  | INT          | MEMORY                   | YES    | 30000              | 2000               
  | INT          | NUM_THREADS              | NO     | 1                  | 1                  
  | INT          | NUM_FROZEN_DOCC          | NO     | 0                  | 0                  
  | INT          | NUM_FROZEN_VIR           | NO     | 0                  | 0                  
  | INT          | PRINT_LEVEL              | NO     | 0                  | 0                  
  | STRING       | AUX_BASIS_CORR           | NO     | CC-PVDZ-RI         | CC-PVDZ-RI         
  | STRING       | AUX_BASIS_SCF            | NO     | CC-PVDZ-JKFIT      | CC-PVDZ-JKFIT      
  | STRING       | BASIS                    | YES    | CC-PVDZ            | CC-PVDZ            
  | STRING       | BASIS2                   | NO     | MINAO              | MINAO              
  | STRING       | DERIVE_TYPE              | NO     | ANALYTIC           | ANALYTIC           
  | STRING       | FINDIF_METHOD            | NO     | GRAD               | GRAD               
  | STRING       | GEOM_UNITS               | NO     | ANG                | ANG                
  | STRING       | JOBTYPE                  | YES    | ENERGY             | ENERGY             
  | STRING       | METHOD                   | YES    | MP2                | SCF                
  | STRING       | REFERENCE                | YES    | RHF                | RHF                
  | STRING       | OUTFILE_MODE             | NO     | NEW                | NEW                
  | DOUBLE       | STEP_BOHR                | NO     | 0.05               | 0.05               
  | STR_ARRAY    | MOLECULE_GEOM_FROM       | NO     | [input]            | [input]            
  | DOUBLE_ARRAY | ELECTRIC_STRENGTH        | NO     | [0.001;0.001;0.001]| [0.001;0.001;0.001]
  | STRING       | ELECTRIC_FIELD           | NO     | NONE               | NONE               
  | STRING       | ALIGN_TWO_ATOMS          | NO     | NONE               | NONE               
  | INT_ARRAY    | TWO_ATOMS                | NO     | [0]                | [0]                



  ## INTS Options ##

  | TYPE         | KEY                      | INPUT? | VALUE              | DEFAULT            
  |--------------|--------------------------|--------|--------------------|--------------------
  | DOUBLE       | BOYS_CUTOFF              | NO     | 1e-15              | 1e-15              
  | DOUBLE       | BOYS_ZERO                | NO     | 1e-06              | 1e-06              
  | DOUBLE       | DELTA_X                  | NO     | 0.1                | 0.1                
  | DOUBLE       | INTEGRAL_CUTOFF          | NO     | 1e-10              | 1e-10              
  | DOUBLE       | X_MAX                    | NO     | 30.0               | 30.0               
  | INT          | BOYS_MAXITER             | NO     | 10000              | 10000              
  | INT          | MAX_AM                   | NO     | 7                  | 7                  
  | INT          | MAX_AM_AUX               | NO     | 7                  | 7                  
  | INT          | PRINT_LEVEL              | NO     | 0                  | 0                  
  | INT          | TAYLOR_ORDER             | NO     | 6                  | 6                  
  | STRING       | 3INDEX_ALGORITHM         | NO     | AUTO               | AUTO               
  | STRING       | BOYS_METHOD              | NO     | GHP                | GHP                
  | STRING       | ERI_ALGORITHM            | NO     | MD4                | MD4                


	Initializing Liboeprop (by U. Bozkaya) ...

	*=================================================================*
	*                  SCF                                            *
	*   Developed by U. Bozkaya & Y. Alagoz                           *
	*   Latest revision Feb 16, 2021                                  *
	*=================================================================*



  ## SCF Options ##

  | TYPE         | KEY                      | INPUT? | VALUE              | DEFAULT            
  |--------------|--------------------------|--------|--------------------|--------------------
  | BOOL         | DIIS_DAMP                | NO     | FALSE              | FALSE              
  | BOOL         | DIE_IF_NOT_CONVERGED     | NO     | TRUE               | TRUE               
  | BOOL         | DO_DF                    | NO     | TRUE               | TRUE               
  | BOOL         | DIIS                     | NO     | TRUE               | TRUE               
  | BOOL         | FOCK_DAMP                | NO     | FALSE              | FALSE              
  | BOOL         | GUESS_MIX                | NO     | FALSE              | FALSE              
  | BOOL         | GUESS_PREVIOUS           | NO     | FALSE              | FALSE              
  | BOOL         | LOCAL                    | NO     | FALSE              | FALSE              
  | BOOL         | RETRY                    | NO     | TRUE               | TRUE               
  | DOUBLE       | CUTOFF                   | NO     | 1e-10              | 1e-10              
  | DOUBLE       | D_CONVERGENCE            | YES    | 1e-06              | 1e-06              
  | DOUBLE       | DAMP_PARAM               | NO     | 0.02               | 0.02               
  | DOUBLE       | E_CONVERGENCE            | YES    | 1e-08              | 1e-08              
  | DOUBLE       | FOCK_DAMP_PERC           | NO     | 20.0               | 20.0               
  | DOUBLE       | MIN_OVERLAP_EIGVAL       | NO     | 1e-06              | 1e-06              
  | DOUBLE       | LOCAL_CONVERGENCE        | NO     | 1e-08              | 1e-08              
  | DOUBLE       | QC_GUESS_E_CONVERGENCE   | NO     | 0.0001             | 0.0001             
  | DOUBLE       | QC_GUESS_D_CONVERGENCE   | NO     | 0.005              | 0.005              
  | INT          | MAX_DIIS                 | NO     | 6                  | 6                  
  | INT          | MIN_DIIS                 | NO     | 2                  | 2                  
  | INT          | PRINT_LEVEL              | NO     | 0                  | 0                  
  | INT          | SCF_MAXITER              | NO     | 50                 | 50                 
  | INT          | LOCAL_MAXITER            | NO     | 50                 | 50                 
  | STRING       | DIIS_ALGORITHM           | NO     | DISK               | DISK               
  | STRING       | GUESS                    | YES    | SAD                | SAD                
  | BOOL         | MO_WRITE                 | NO     | FALSE              | FALSE              
  | BOOL         | FOCK_WRITE               | NO     | FALSE              | FALSE              
  | STRING       | ORTH_TYPE                | NO     | CANONICAL          | CANONICAL          
  | STRING       | ROHF_CANONIC_TYPE        | NO     | GUEST              | GUEST              
  | STRING       | ERI                      | NO     | INCORE             | INCORE             
  | STRING       | SCF_ALGORITHM            | NO     | ROOTHAAN           | ROOTHAAN           
  | STRING       | LOCAL_TYPE               | NO     | BOYS               | BOYS               
  | BOOL         | SAD_FRAC_OCC             | NO     | TRUE               | TRUE               
  | BOOL         | SAD_SPIN_AVERAGE         | NO     | TRUE               | TRUE               
  | DOUBLE       | SAD_E_CONVERGENCE        | NO     | 1e-05              | 1e-05              
  | DOUBLE       | SAD_D_CONVERGENCE        | NO     | 1e-05              | 1e-05              
  | INT          | SAD_MAXITER              | NO     | 50                 | 50                 
  | BOOL         | NIE                      | NO     | FALSE              | FALSE              
  | BOOL         | SAD_DIIS                 | NO     | TRUE               | TRUE               
  | INT          | SAD_MAX_DIIS             | NO     | 6                  | 6                  
  | INT          | SAD_MIN_DIIS             | NO     | 2                  | 2                  
  | INT          | SAD_PRINT                | NO     | 0                  | 0                  
  | STRING       | SAD_AUX_BASIS            | NO     | SAD-FIT            | SAD-FIT            
  | DOUBLE       | SAD_CHOLESKY_TOLERANCE   | NO     | 1e-07              | 1e-07              
  | BOOL         | SOLVATION                | YES    | TRUE               | FALSE              
  | BOOL         | BYPASS                   | NO     | FALSE              | FALSE              
  | STRING       | IAO_TYPE                 | NO     | STANDARD2013       | STANDARD2013       
  | BOOL         | USE_IAOS                 | NO     | FALSE              | FALSE              

	Initializing libdiis ...
	Initializing libmolint 1.1 ...
 CC-PVDZ primary basis set file will be read for the O atom...
 CC-PVDZ primary basis set file will be read for the C atom...
 CC-PVDZ primary basis set file will be read for the H atom...
 Nmaxthread: 32 
 Nshell: 48 
 Lmax:  2 
 Npmax:  8 
 Nao: 96 
 Ndocc: 17 
 Nsocc:  0 
 NoccA: 17 
 NoccB: 17 
 Primary basis set info has been read.

 CC-PVDZ-JKFIT aux basis set file will be read for the O atom...
 CC-PVDZ-JKFIT aux basis set file will be read for the C atom...
 CC-PVDZ-JKFIT aux basis set file will be read for the H atom...
 Nshell_aux: 168 
 Naux: 464 
 Aux basis set info has been read.

 orth_type: CANONICAL 
 Cpu time for S ints :       0.0200 s
 Wall time for S ints:       0.0195 s

 Using canonical orthogonalization. 
 Minimum eigenvalue in the overlap matrix is:   4.6565E-03 

 Cpu time for T ints :       0.0900 s
 Wall time for T ints:       0.0225 s
 Cpu time for V ints :       0.7600 s
 Wall time for V ints:       0.1895 s
 Cpu time for Metric ints :       0.6700 s
 Wall time for Metric ints:       0.1702 s
 3-Index Algorithm: AUTO 

 Calling fortran integrals: ringing... 
 Done with fintegrals.

 Cpu time for 3-index ints :       1.9500 s
 Wall time for 3-index ints:       0.6348 s
 Cpu time for df-factors :       0.1800 s
 Wall time for df-factors:       0.0474 s


 Puream (True=1, False=0) : 1
 Number of AO             : 96
 Number of MO             : 96
 Number of Aux Functions  : 464
 Charge                   : 0
 Multiplicity             : 1
 Alpha OCC                : 17
 Beta OCC                 : 17
 Nuclear Repulsion Energy : 134.53787747
 Energy Treshold          : 1.0e-08
 Density Treshold         : 1.0e-06
 Iteration Limit          : 50
 Guess                    : SAD
 Guess Mix                : false
 Diis                     : true
 Diis Damping             : false
 Diis Damp Parameter      : 0.02
 Diis Algorithm           : DISK
 Cutoff Treshold          : 1.0e-10
 Density Fitting          : true
 Reference                : RHF
 Die If Not Converged     : true
 Print Level              : 0
 ERI Algorithm            : INCORE
 SCF Algorithm            : ROOTHAAN




  ## SOLVATION Options ##

  | TYPE         | KEY                      | INPUT? | VALUE              | DEFAULT            
  |--------------|--------------------------|--------|--------------------|--------------------
  | INT          | NUM_Z_POINTS             | NO     | 90                 | 90                 
  | INT          | NUM_ANG_POINTS           | YES    | 100                | 100                
  | STRING       | SASA_TYPE                | YES    | NUMERIC            | NUMERIC            
  | STRING       | CHARGE_TYPE              | YES    | IAO_MULLIKEN       | IAO_MULLIKEN       
  | STRING       | CDS_TYPE                 | YES    | SMD                | SMD                
  | STRING       | SOLVENT                  | YES    | WATER              | WATER              
  | STRING       | SOLVENT_PARAMS           | YES    | MN21               | SM8                
  | STRING       | DIELECTRIC_PARAMS        | YES    | MN21               | MN21               
  | STRING       | COULOMB_RADII            | YES    | SMD                | SMD                
  | DOUBLE       | COVALENT_VW_CONST        | NO     | 0.76               | 0.76               
  | DOUBLE       | SOLVENT_RADIUS           | NO     | 0.4                | 0.4                
  | STRING       | RADIUS_TYPE              | YES    | SMD                | SMD                
  | DOUBLE       | GB_DIJ                   | NO     | 3.7                | 3.7                
  | DOUBLE       | GB_SIJ                   | NO     | 0.75               | 0.75               
  | DOUBLE       | GB_CIJ                   | NO     | 0.0                | 0.0                
  | DOUBLE       | F_PWSASA                 | NO     | 0.4535             | 0.4535             
  | DOUBLE       | SCALE_VDW                | NO     | 1.0                | 1.0                
  | DOUBLE       | SCALE_CR                 | NO     | 1.0                | 1.0                



 Sasa Type                  : NUMERIC 
 Charge Type                : IAO_MULLIKEN 
 CDS Type                   : SMD 
 Radius Type                : SMD 
 Solvent                    : WATER 
 Solvent Parameters         : MN21 
 Dielectric Parameters      : MN21 
 Coulomb Radii Parameters   : SMD 
 GB d_ij parameter          : 3.7000000000 
 GB S_ij parameter          : 0.7500000000 
 GB C_ij parameter          : 0.0000000000 
 Sclae_vdw parameter        : 1.0000000000 
 Number of z-points         : 90 
 Number of angular points   : 100 
 Number of SASA grid points : 17902 
 Solvent Dielectric Constant: 78.3553000000 

 VDW Radii:
	  1 O :       1.5200  ang
	  2 C :       1.7000  ang
	  3 C :       1.7000  ang
	  4 C :       1.7000  ang
	  5 H :       1.2000  ang
	  6 H :       1.2000  ang
	  7 H :       1.2000  ang
	  8 H :       1.2000  ang
	  9 H :       1.2000  ang
	 10 H :       1.2000  ang
	 11 H :       1.2000  ang
	 12 H :       1.2000  ang

	 Computing SASA... 

 Atomic SASA values:
	  1 O :      18.1293  ang^2
	  2 C :       1.5911  ang^2
	  3 C :       8.2715  ang^2
	  4 C :       8.2777  ang^2
	  5 H :      12.2735  ang^2
	  6 H :      12.2214  ang^2
	  7 H :      12.5556  ang^2
	  8 H :      11.5763  ang^2
	  9 H :      12.2214  ang^2
	 10 H :      12.5556  ang^2
	 11 H :      11.5763  ang^2
	 12 H :      11.8333  ang^2

	*Total SASA (angs^2): 133.0830160212 


 Coulomb Radii:
	  1 O :       1.5200  ang
	  2 C :       1.8500  ang
	  3 C :       1.8500  ang
	  4 C :       1.8500  ang
	  5 H :       1.2000  ang
	  6 H :       1.2000  ang
	  7 H :       1.2000  ang
	  8 H :       1.2000  ang
	  9 H :       1.2000  ang
	 10 H :       1.2000  ang
	 11 H :       1.2000  ang
	 12 H :       1.2000  ang
 Solvent Alpha                       : 1.1700000000 

 ## Effective Born Radius (bohr) ##
   0   3.6560738163 
   1   4.2624953027 
   2   4.0521088072 
   3   4.0521027311 
   4   3.4050254816 
   5   3.1843530378 
   6   3.1415604516 
   7   3.2303101185 
   8   3.1843493142 
   9   3.1415577061 
  10   3.2303031556 
  11   2.9964705904 

 Effective Born Radii:
	  1 O :       1.9347  ang
	  2 C :       2.2556  ang
	  3 C :       2.1443  ang
	  4 C :       2.1443  ang
	  5 H :       1.8019  ang
	  6 H :       1.6851  ang
	  7 H :       1.6624  ang
	  8 H :       1.7094  ang
	  9 H :       1.6851  ang
	 10 H :       1.6624  ang
	 11 H :       1.7094  ang
	 12 H :       1.5857  ang


 Coulomb Integrals:
	  1  1 :       0.2735  bohr^-1
	  1  2 :       0.2180  bohr^-1
	  1  3 :       0.1788  bohr^-1
	  1  4 :       0.1788  bohr^-1
	  1  5 :       0.2068  bohr^-1
	  1  6 :       0.1484  bohr^-1
	  1  7 :       0.1778  bohr^-1
	  1  8 :       0.1729  bohr^-1
	  1  9 :       0.1484  bohr^-1
	  1 10 :       0.1778  bohr^-1
	  1 11 :       0.1729  bohr^-1
	  1 12 :       0.2731  bohr^-1
	  2  1 :       0.2180  bohr^-1
	  2  2 :       0.2346  bohr^-1
	  2  3 :       0.2064  bohr^-1
	  2  4 :       0.2064  bohr^-1
	  2  5 :       0.2379  bohr^-1
	  2  6 :       0.1940  bohr^-1
	  2  7 :       0.1952  bohr^-1
	  2  8 :       0.1936  bohr^-1
	  2  9 :       0.1940  bohr^-1
	  2 10 :       0.1952  bohr^-1
	  2 11 :       0.1936  bohr^-1
	  2 12 :       0.2074  bohr^-1
	  3  1 :       0.1788  bohr^-1
	  3  2 :       0.2064  bohr^-1
	  3  3 :       0.2468  bohr^-1
	  3  4 :       0.1709  bohr^-1
	  3  5 :       0.1946  bohr^-1
	  3  6 :       0.2495  bohr^-1
	  3  7 :       0.2510  bohr^-1
	  3  8 :       0.2480  bohr^-1
	  3  9 :       0.1685  bohr^-1
	  3 10 :       0.1439  bohr^-1
	  3 11 :       0.1684  bohr^-1
	  3 12 :       0.1779  bohr^-1
	  4  1 :       0.1788  bohr^-1
	  4  2 :       0.2064  bohr^-1
	  4  3 :       0.1709  bohr^-1
	  4  4 :       0.2468  bohr^-1
	  4  5 :       0.1946  bohr^-1
	  4  6 :       0.1685  bohr^-1
	  4  7 :       0.1439  bohr^-1
	  4  8 :       0.1684  bohr^-1
	  4  9 :       0.2495  bohr^-1
	  4 10 :       0.2510  bohr^-1
	  4 11 :       0.2480  bohr^-1
	  4 12 :       0.1779  bohr^-1
	  5  1 :       0.2068  bohr^-1
	  5  2 :       0.2379  bohr^-1
	  5  3 :       0.1946  bohr^-1
	  5  4 :       0.1946  bohr^-1
	  5  5 :       0.2937  bohr^-1
	  5  6 :       0.1872  bohr^-1
	  5  7 :       0.1887  bohr^-1
	  5  8 :       0.1617  bohr^-1
	  5  9 :       0.1872  bohr^-1
	  5 10 :       0.1887  bohr^-1
	  5 11 :       0.1617  bohr^-1
	  5 12 :       0.1742  bohr^-1
	  6  1 :       0.1484  bohr^-1
	  6  2 :       0.1940  bohr^-1
	  6  3 :       0.2495  bohr^-1
	  6  4 :       0.1685  bohr^-1
	  6  5 :       0.1872  bohr^-1
	  6  6 :       0.3140  bohr^-1
	  6  7 :       0.2319  bohr^-1
	  6  8 :       0.2306  bohr^-1
	  6  9 :       0.1828  bohr^-1
	  6 10 :       0.1360  bohr^-1
	  6 11 :       0.1589  bohr^-1
	  6 12 :       0.1420  bohr^-1
	  7  1 :       0.1778  bohr^-1
	  7  2 :       0.1952  bohr^-1
	  7  3 :       0.2510  bohr^-1
	  7  4 :       0.1439  bohr^-1
	  7  5 :       0.1887  bohr^-1
	  7  6 :       0.2319  bohr^-1
	  7  7 :       0.3183  bohr^-1
	  7  8 :       0.2312  bohr^-1
	  7  9 :       0.1360  bohr^-1
	  7 10 :       0.1215  bohr^-1
	  7 11 :       0.1363  bohr^-1
	  7 12 :       0.1696  bohr^-1
	  8  1 :       0.1729  bohr^-1
	  8  2 :       0.1936  bohr^-1
	  8  3 :       0.2480  bohr^-1
	  8  4 :       0.1684  bohr^-1
	  8  5 :       0.1617  bohr^-1
	  8  6 :       0.2306  bohr^-1
	  8  7 :       0.2312  bohr^-1
	  8  8 :       0.3096  bohr^-1
	  8  9 :       0.1589  bohr^-1
	  8 10 :       0.1363  bohr^-1
	  8 11 :       0.1831  bohr^-1
	  8 12 :       0.1889  bohr^-1
	  9  1 :       0.1484  bohr^-1
	  9  2 :       0.1940  bohr^-1
	  9  3 :       0.1685  bohr^-1
	  9  4 :       0.2495  bohr^-1
	  9  5 :       0.1872  bohr^-1
	  9  6 :       0.1828  bohr^-1
	  9  7 :       0.1360  bohr^-1
	  9  8 :       0.1589  bohr^-1
	  9  9 :       0.3140  bohr^-1
	  9 10 :       0.2319  bohr^-1
	  9 11 :       0.2306  bohr^-1
	  9 12 :       0.1420  bohr^-1
	 10  1 :       0.1778  bohr^-1
	 10  2 :       0.1952  bohr^-1
	 10  3 :       0.1439  bohr^-1
	 10  4 :       0.2510  bohr^-1
	 10  5 :       0.1887  bohr^-1
	 10  6 :       0.1360  bohr^-1
	 10  7 :       0.1215  bohr^-1
	 10  8 :       0.1363  bohr^-1
	 10  9 :       0.2319  bohr^-1
	 10 10 :       0.3183  bohr^-1
	 10 11 :       0.2312  bohr^-1
	 10 12 :       0.1696  bohr^-1
	 11  1 :       0.1729  bohr^-1
	 11  2 :       0.1936  bohr^-1
	 11  3 :       0.1684  bohr^-1
	 11  4 :       0.2480  bohr^-1
	 11  5 :       0.1617  bohr^-1
	 11  6 :       0.1589  bohr^-1
	 11  7 :       0.1363  bohr^-1
	 11  8 :       0.1831  bohr^-1
	 11  9 :       0.2306  bohr^-1
	 11 10 :       0.2312  bohr^-1
	 11 11 :       0.3096  bohr^-1
	 11 12 :       0.1889  bohr^-1
	 12  1 :       0.2731  bohr^-1
	 12  2 :       0.2074  bohr^-1
	 12  3 :       0.1779  bohr^-1
	 12  4 :       0.1779  bohr^-1
	 12  5 :       0.1742  bohr^-1
	 12  6 :       0.1420  bohr^-1
	 12  7 :       0.1696  bohr^-1
	 12  8 :       0.1889  bohr^-1
	 12  9 :       0.1420  bohr^-1
	 12 10 :       0.1696  bohr^-1
	 12 11 :       0.1889  bohr^-1
	 12 12 :       0.3337  bohr^-1
    ===> SCF Iteration Started <===

     Iter. |                   Energy |       Delta E |          Drms |
    -------|--------------------------|---------------|---------------|
         1 |      -192.39088021674596 |    -1.924e+02 |     2.019e-02 |
         2 |      -192.99740317000456 |    -6.065e-01 |     4.838e-03 | DIIS
         3 |      -193.11333214899892 |    -1.159e-01 |     1.287e-03 | DIIS
         4 |      -193.13276869184003 |    -1.944e-02 |     4.471e-04 | DIIS
         5 |      -193.13412714263413 |    -1.358e-03 |     1.475e-04 | DIIS
         6 |      -193.13423925456280 |    -1.121e-04 |     2.333e-05 | DIIS
         7 |      -193.13424395640763 |    -4.702e-06 |     1.413e-05 | DIIS
         8 |      -193.13424313712940 |     8.193e-07 |     2.731e-06 | DIIS
         9 |      -193.13424321647065 |    -7.934e-08 |     1.698e-06 | DIIS
        10 |      -193.13424310524343 |     1.112e-07 |     3.967e-07 | DIIS
        11 |      -193.13424310628139 |    -1.038e-09 |     6.857e-08 | DIIS


	-Alpha Occupied Orbital Energies (au):  
	 1: -20.5221915021 	 2: -11.2554027078 	 3: -11.1977739288 	 4: -11.1975534071 	 5: -1.3256924256 
	 6: -1.0171358197 	 7: -0.9159450501 	 8: -0.7876201917 	 9: -0.6329458727 	10: -0.6109716392 
	11: -0.5730511574 	12: -0.5501565384 	13: -0.5183363130 	14: -0.4869553109 	15: -0.4836323737 
	16: -0.4415100441 	17: -0.4078332301 
	-Alpha Virtual Orbital Energies (au):  
	18: 0.1896794392 	19: 0.2248909755 	20: 0.2469683319 	21: 0.2575894771 	22: 0.2606136310 
	23: 0.2810506688 	24: 0.2982862915 	25: 0.3117173341 	26: 0.3825063725 	27: 0.4154665049 
	28: 0.4382729323 	29: 0.5702698596 	30: 0.6027493545 	31: 0.6600540116 	32: 0.6776492168 
	33: 0.7275642970 	34: 0.7896047921 	35: 0.7956014649 	36: 0.8164296783 	37: 0.8747142698 
	38: 0.8858213541 	39: 0.8930409299 	40: 0.8991792298 	41: 0.9055102133 	42: 0.9114793470 
	43: 0.9297422476 	44: 0.9530687507 	45: 0.9669320714 	46: 1.1175850031 	47: 1.1404157511 
	48: 1.1577157707 	49: 1.2664795466 	50: 1.3476099067 	51: 1.3632222086 	52: 1.3804307973 
	53: 1.4801107824 	54: 1.4924770544 	55: 1.5240635433 	56: 1.6478485145 	57: 1.6669556024 
	58: 1.6832151480 	59: 1.6945502475 	60: 1.7242078877 	61: 1.8253601304 	62: 1.8683277553 
	63: 1.8744411963 	64: 1.8801917499 	65: 1.9281361942 	66: 1.9468623765 	67: 1.9611863222 
	68: 1.9882724965 	69: 1.9895773792 	70: 2.0214219553 	71: 2.0753651353 	72: 2.0834904424 
	73: 2.1540299179 	74: 2.1975429775 	75: 2.2609484892 	76: 2.2881870800 	77: 2.3221505196 
	78: 2.3612775324 	79: 2.4262460159 	80: 2.4940925757 	81: 2.5082582243 	82: 2.5497872061 
	83: 2.5791507657 	84: 2.6743038421 	85: 2.7518090305 	86: 2.7700915233 	87: 2.7864628210 
	88: 2.8296609416 	89: 2.8871162655 	90: 2.9055378053 	91: 2.9970096175 	92: 3.3222659413 
	93: 3.4183268444 	94: 3.4443146361 	95: 3.6825370942 	96: 4.1160834701 


	-Mulliken Population Analysis for SCF:
	 1: -0.3871287715 	 2: 0.0830455913 	 3: -0.0135125836 	 4: -0.0237864662 	 5: 0.0254780220 
	 6: 0.0266920671 	 7: 0.0383923052 	 8: 0.0118842960 	 9: 0.0273274926 	10: 0.0413732016 
	11: 0.0157558397 	12: 0.1544790059 

	-Lowdin Population Analysis for SCF:  
	 1: -0.0736119988 	 2: -0.0008746220 	 3: -0.0535498255 	 4: -0.0569449509 	 5: 0.0193227792 
	 6: 0.0235859193 	 7: 0.0246290055 	 8: 0.0144845385 	 9: 0.0235635714 	10: 0.0256260688 
	11: 0.0158513152 	12: 0.0379181993 

	-Electronic Dipole Moment: (e a0)  
	 X:  -0.00014   Y:  3.19295   Z:  0.53704   Total:  3.23780 

	-Electronic Dipole Moment: (D)  
	 X:  -0.00037   Y:  8.11566   Z:  1.36501   Total:  8.22966 

	-Total Dipole Moment: (e a0)  
	 X:  -0.00014   Y:  -0.55443   Z:  -0.37029   Total:  0.66671 

	-Total Dipole Moment: (D)  
	 X:  -0.00036   Y:  -1.40922   Z:  -0.94119   Total:  1.69462 



	Initializing Liboeprop (by U. Bozkaya) ...


	-Mulliken Population Analysis for SCF-IAO:
	 1: -0.5875934971 	 2: 0.1673243762 	 3: -0.3730345716 	 4: -0.3787539910 	 5: 0.1198455292 
	 6: 0.1202559385 	 7: 0.1282409553 	 8: 0.1066574846 	 9: 0.1203390042 	10: 0.1299221813 
	11: 0.1088924779 	12: 0.3380115008 

	-Lowdin Population Analysis for SCF-IAO:  
	 1: -0.5875934971 	 2: 0.1673243762 	 3: -0.3730345716 	 4: -0.3787539910 	 5: 0.1198455292 
	 6: 0.1202559385 	 7: 0.1282409553 	 8: 0.1066574846 	 9: 0.1203390042 	10: 0.1299221813 
	11: 0.1088924779 	12: 0.3380115008 

	Initializing Liblocal (by U. Bozkaya) ...
  ==> Pipek-Mezey Localizer <==

    Convergence =   1.000E-08
    Maxiter     =          50

    Iteration                   Metric       Residual
    PM    0   1.0613065626137972E+01              -
    PM    1   1.9996386318060921E+01   8.841292E-01
    PM    2   2.1744524461129437E+01   8.742270E-02
    PM    3   2.1779017062518626E+01   1.586266E-03
    PM    4   2.1783804147569676E+01   2.198026E-04
    PM    5   2.1783932426079801E+01   5.888710E-06
    PM    6   2.1783934061672117E+01   7.508251E-08
    PM    7   2.1783934076961408E+01   7.018609E-10

    PM Localizer converged.



	*Molecular contr. to CDS energy:       0.0000  kcal/mol
	*Total CDS energy:       2.7067  kcal/mol
	*SCF::Polarization Free Energy (au)      : -0.0052381119 
	*SCF::Polarization Free Energy (kcal/mol):      -3.2870 
	*SCF::CDS Free Energy (au)      : 0.0043134170 
	*SCF::CDS Free Energy (kcal/mol):       2.7067 
	*SCF::Total Solvation Free Energy (au)      : -0.0009246950 
	*SCF::Total Solvation Free Energy (kcal/mol):      -0.5803 
 CC-PVDZ primary basis set file will be read for the O atom...
 CC-PVDZ primary basis set file will be read for the C atom...
 CC-PVDZ primary basis set file will be read for the H atom...
 Nmaxthread: 32 
 Nshell: 48 
 Lmax:  2 
 Npmax:  8 
 Nao: 96 
 Ndocc: 17 
 Nsocc:  0 
 NoccA: 17 
 NoccB: 17 
 Primary basis set info has been read.

 CC-PVDZ-JKFIT aux basis set file will be read for the O atom...
 CC-PVDZ-JKFIT aux basis set file will be read for the C atom...
 CC-PVDZ-JKFIT aux basis set file will be read for the H atom...
 Nshell_aux: 168 
 Naux: 464 
 Aux basis set info has been read.


	*Total SCF Energy: -193.13424310628139

 Cpu time for SCF :       0.9785 minutes
 Wall time for SCF:       0.3499 minutes


	MO spaces... 

	 FC   OCC   VIR   FV 
	----------------------
	  4   13    79    0


	Libtrans is initialized (by U. Bozkaya) ...

 ============================================================================== 
 ============================================================================== 
 ============================================================================== 

                       DF-MP2   
              Program Written by Ugur Bozkaya
              Latest Revision May 2, 2021

 ============================================================================== 
 ============================================================================== 
 ============================================================================== 

	For this residual convergence, default PCG convergence is:     1.00e-07
    Warning: "PCG_CONVERGENCE" option is changed to     1.00e-07


  ## DFOCC Options ##

  | TYPE         | KEY                      | INPUT? | VALUE              | DEFAULT            
  |--------------|--------------------------|--------|--------------------|--------------------
  | BOOL         | EOM                      | NO     | FALSE              | FALSE              
  | BOOL         | EOM_MP2                  | NO     | FALSE              | FALSE              
  | BOOL         | EOM_MP3                  | NO     | FALSE              | FALSE              
  | BOOL         | EOM_MP2_5                | NO     | FALSE              | FALSE              
  | BOOL         | EOM_LCCD                 | NO     | FALSE              | FALSE              
  | BOOL         | LOW_MEM_MP2              | NO     | FALSE              | FALSE              
  | BOOL         | LOW_MEM_MP3              | NO     | FALSE              | FALSE              
  | BOOL         | CD_PRESCREEN             | NO     | FALSE              | FALSE              
  | DOUBLE       | CIS_E_CONV               | NO     | 1e-06              | 1e-06              
  | DOUBLE       | CIS_R_CONV               | NO     | 1e-06              | 1e-06              
  | DOUBLE       | CIS_RES_PRECONDITION_TOL | NO     | 0.0001             | 0.0001             
  | DOUBLE       | DAVIDSON_TOLERANCE       | NO     | 1e-06              | 1e-06              
  | DOUBLE       | E3_SCALE                 | NO     | 0.25               | 0.25               
  | DOUBLE       | E_CONVERGENCE            | NO     | 1e-06              | 1e-06              
  | DOUBLE       | JK_MEMORY                | NO     | 1000000000.0       | 1000000000.0       
  | DOUBLE       | LEVEL_SHIFT              | NO     | 0.02               | 0.02               
  | DOUBLE       | MAX_MOGRAD_CONVERGENCE   | NO     | 0.001              | 0.001              
  | DOUBLE       | MO_STEP_MAX              | NO     | 0.5                | 0.5                
  | DOUBLE       | MP2_OS_SCALE             | NO     | 1.2                | 1.2                
  | DOUBLE       | MP2_SOS_SCALE            | NO     | 1.3                | 1.3                
  | DOUBLE       | MP2_SOS_SCALE2           | NO     | 1.2                | 1.2                
  | DOUBLE       | MP2_SS_SCALE             | NO     | 0.3333333333333333 | 0.3333333333333333 
  | DOUBLE       | OCC_PERCENTAGE           | NO     | 99.0               | 99.0               
  | DOUBLE       | OCC_TOLERANCE            | NO     | 1e-05              | 1e-05              
  | DOUBLE       | OO_SCALE                 | NO     | 0.01               | 0.01               
  | DOUBLE       | PCG_CONVERGENCE          | NO     | 1e-06              | 1e-06              
  | DOUBLE       | R_CONVERGENCE            | NO     | 1e-05              | 1e-05              
  | DOUBLE       | REG_PARAM                | NO     | 0.4                | 0.4                
  | DOUBLE       | KAPPA_REG_PARAM          | NO     | 1.1                | 1.1                
  | DOUBLE       | RMS_MOGRAD_CONVERGENCE   | NO     | 1e-06              | 1e-06              
  | DOUBLE       | SCG_TOLERANCE            | NO     | 1e-06              | 1e-06              
  | DOUBLE       | SCHMIDT_ADD_RES_TOL      | NO     | 0.001              | 0.001              
  | INT          | ACTIVE_NAT_ORBS          | NO     | 2                  | 2                  
  | INT          | CC_DIIS_MAX_VECS         | NO     | 6                  | 6                  
  | INT          | CC_DIIS_MIN_VECS         | NO     | 2                  | 2                  
  | INT          | CC_MAXITER               | NO     | 50                 | 50                 
  | INT          | CUTOFF                   | NO     | 8                  | 8                  
  | INT          | EXCITATION_RANGE         | NO     | 2                  | 2                  
  | INT          | FOLLOW_ROOT              | NO     | 1                  | 1                  
  | INT          | INTEGRAL_CUTOFF          | NO     | 9                  | 9                  
  | INT          | MAX_VECS                 | NO     | 50                 | 50                 
  | INT          | MO_DIIS_NUM_VECS         | NO     | 6                  | 6                  
  | INT          | MO_MAXITER               | NO     | 50                 | 50                 
  | INT          | NUM_ROOTS                | NO     | 4                  | 4                  
  | INT          | PCG_MAXITER              | NO     | 50                 | 50                 
  | INT          | PRINT_LEVEL              | NO     | 0                  | 0                  
  | INT          | VECS_PER_ROOT            | NO     | 1                  | 1                  
  | STRING       | CC_LAMBDA                | NO     | FALSE              | FALSE              
  | STRING       | CHOLESKY                 | NO     | FALSE              | FALSE              
  | STRING       | CIS_ALGORITHM            | NO     | MO_BASIS           | MO_BASIS           
  | STRING       | CIS_GUESS_COEFF          | NO     | MIX                | MIX                
  | STRING       | COMPUT_S2                | NO     | FALSE              | FALSE              
  | STRING       | DIAG_METHOD              | NO     | DAVIDSON           | DAVIDSON           
  | STRING       | DO_DIIS                  | NO     | TRUE               | TRUE               
  | STRING       | DO_LEVEL_SHIFT           | NO     | TRUE               | TRUE               
  | STRING       | DO_SCS                   | NO     | FALSE              | FALSE              
  | STRING       | DO_SOS                   | NO     | FALSE              | FALSE              
  | STRING       | EKT_IP                   | NO     | FALSE              | FALSE              
  | STRING       | FREEZE_CORE              | NO     | TRUE               | TRUE               
  | STRING       | HESS_TYPE                | NO     | HF                 | HF                 
  | STRING       | JK_TYPE                  | NO     | DIRECT             | DIRECT             
  | STRING       | LINEQ_SOLVER             | NO     | CDGESV             | CDGESV             
  | STRING       | MO_READ                  | NO     | FALSE              | FALSE              
  | STRING       | MO_WRITE                 | NO     | FALSE              | FALSE              
  | STRING       | MP2_AMP_TYPE             | NO     | DIRECT             | DIRECT             
  | STRING       | NAT_ORBS                 | NO     | FALSE              | FALSE              
  | STRING       | NBO                      | NO     | TRUE               | TRUE               
  | STRING       | OCC_ORBS_PRINT           | NO     | FALSE              | FALSE              
  | STRING       | OEPROP                   | NO     | FALSE              | FALSE              
  | STRING       | OPT_METHOD               | NO     | QNR                | QNR                
  | STRING       | ORB_RESP_SOLVER          | NO     | PCG                | PCG                
  | STRING       | ORTH_TYPE                | NO     | MGS                | MGS                
  | STRING       | PCG_BETA_TYPE            | NO     | FLETCHER_REEVES    | FLETCHER_REEVES    
  | STRING       | PPL_TYPE                 | NO     | AUTO               | AUTO               
  | STRING       | PRINT_CI_VECS            | NO     | FALSE              | FALSE              
  | STRING       | QCHF                     | NO     | FALSE              | FALSE              
  | STRING       | READ_SCF_3INDEX          | NO     | TRUE               | TRUE               
  | STRING       | REGULARIZATION           | NO     | FALSE              | FALSE              
  | STRING       | REG_TYPE                 | NO     | NORMAL             | NORMAL             
  | STRING       | SCS_TYPE                 | NO     | SCS                | SCS                
  | STRING       | SOS_TYPE                 | NO     | SOS                | SOS                
  | STRING       | TRIPLES_IABC_TYPE        | NO     | DISK               | DISK               
  | STRING       | UNIT_GUESS_TYPE          | NO     | GEN                | GEN                
  | STRING       | EKT_NEGATIVE_OCC         | NO     | ABS                | ABS                
  | BOOL         | SOLVATION                | YES    | TRUE               | FALSE              

	MO spaces... 

	 FC   OCC   VIR   FV 
	----------------------
	  4   13    79    0
 CC-PVDZ primary basis set file will be read for the O atom...
 CC-PVDZ primary basis set file will be read for the C atom...
 CC-PVDZ primary basis set file will be read for the H atom...
 Nmaxthread: 32 
 Nshell: 48 
 Lmax:  2 
 Npmax:  8 
 Nao: 96 
 Ndocc: 17 
 Nsocc:  0 
 NoccA: 17 
 NoccB: 17 
 Primary basis set info has been read.

 CC-PVDZ-RI aux basis set file will be read for the O atom...
 CC-PVDZ-RI aux basis set file will be read for the C atom...
 CC-PVDZ-RI aux basis set file will be read for the H atom...
 Nshell_aux: 120 
 Naux: 336 
 Aux basis set info has been read.

 Cpu time for Metric ints :       0.1300 s
 Wall time for Metric ints:       0.0769 s
 3-Index Algorithm: AUTO 

 Calling fortran integrals: ringing... 
 Done with fintegrals.

 Cpu time for 3-index ints :       1.3400 s
 Wall time for 3-index ints:       0.3429 s
 Cpu time for df-factors :       0.1000 s
 Wall time for df-factors:       0.0266 s
 CC-PVDZ primary basis set file will be read for the O atom...
 CC-PVDZ primary basis set file will be read for the C atom...
 CC-PVDZ primary basis set file will be read for the H atom...
 Nmaxthread: 32 
 Nshell: 48 
 Lmax:  2 
 Npmax:  8 
 Nao: 96 
 Ndocc: 17 
 Nsocc:  0 
 NoccA: 17 
 NoccB: 17 
 Primary basis set info has been read.

 CC-PVDZ-JKFIT aux basis set file will be read for the O atom...
 CC-PVDZ-JKFIT aux basis set file will be read for the C atom...
 CC-PVDZ-JKFIT aux basis set file will be read for the H atom...
 Nshell_aux: 168 
 Naux: 464 
 Aux basis set info has been read.

	Reading DF integrals from disk ...
 Cpu time for Metric ints :       0.7500 s
 Wall time for Metric ints:       0.1883 s
	Number of basis functions in the DF-HF basis: 464
	Number of basis functions in the DF-CC basis: 336

	Available memory                      :  30000.00 MB 
	Minimum required memory for amplitudes:     25.31 MB 
	Memory requirement for B-CC (Q|mu nu) :     24.77 MB 
	Memory requirement for B-CC (Q|ab)    :     16.78 MB 
	Memory requirement for DF-CC int trans:     45.16 MB 

	Computing DF-MP2 energy using SCF MOs (Canonical DF-MP2)... 
	======================================================================= 
	Nuclear Repulsion Energy (a.u.)    :   134.53786651793183
	DF-HF Energy (a.u.)                :  -193.13424310628139
	REF Energy (a.u.)                  :  -193.13424310628139
	DF-MP2 Correlation Energy (a.u.)   :    -0.62996220467211
	DF-MP2 Total Energy (a.u.)         :  -193.76420531095349
	======================================================================= 

	*Total MP2 Energy: -193.76420531095349

	Computing unrelaxed response density matrices...
	Number of independent-pairs: 1343
	Computing the generalized Fock matrix (GFM)...
	Computing the orbital gradient...
	Forming effective orbital gradient...
	Solving orbital Z-vector equations...

	            PCG Solver 
	   ------------------------------ 
	Iter     RMS Z Vector        RMS Residual  
	----    ---------------    ---------------
	  1         1.17e-03         6.74e-04
	  2         3.41e-04         2.77e-04
	  3         9.91e-05         5.37e-05
	  4         2.73e-05         1.82e-05
	  5         6.19e-06         4.21e-06
	  6         1.93e-06         7.90e-07
	  7         2.91e-07         1.88e-07
	  8         7.42e-08         3.80e-08

	Computing the relaxed PDMs and GFM...
	Compute solv. is starting ...

	Initializing Liboeprop (by U. Bozkaya) ...


	-Mulliken Population Analysis for MP2-IAO:
	 1: -0.3741275997 	 2: 0.2707067125 	 3: -0.2438635680 	 4: -0.2494622627 	 5: 0.0709282805 
	 6: 0.0721410691 	 7: 0.0815402487 	 8: 0.0695327071 	 9: 0.0721130437 	10: 0.0832705700 
	11: 0.0717655136 	12: 0.2644204187 

	-Lowdin Population Analysis for MP2-IAO:  
	 1: -0.3741275997 	 2: 0.2707067125 	 3: -0.2438635680 	 4: -0.2494622627 	 5: 0.0709282805 
	 6: 0.0721410691 	 7: 0.0815402487 	 8: 0.0695327071 	 9: 0.0721130437 	10: 0.0832705700 
	11: 0.0717655136 	12: 0.2644204187 


  ## SOLVATION Options ##

  | TYPE         | KEY                      | INPUT? | VALUE              | DEFAULT            
  |--------------|--------------------------|--------|--------------------|--------------------
  | INT          | NUM_Z_POINTS             | NO     | 90                 | 90                 
  | INT          | NUM_ANG_POINTS           | YES    | 100                | 100                
  | STRING       | SASA_TYPE                | YES    | NUMERIC            | NUMERIC            
  | STRING       | CHARGE_TYPE              | YES    | IAO_MULLIKEN       | IAO_MULLIKEN       
  | STRING       | CDS_TYPE                 | YES    | SMD                | SMD                
  | STRING       | SOLVENT                  | YES    | WATER              | WATER              
  | STRING       | SOLVENT_PARAMS           | YES    | MN21               | SM8                
  | STRING       | DIELECTRIC_PARAMS        | YES    | MN21               | MN21               
  | STRING       | COULOMB_RADII            | YES    | SMD                | SMD                
  | DOUBLE       | COVALENT_VW_CONST        | NO     | 0.76               | 0.76               
  | DOUBLE       | SOLVENT_RADIUS           | NO     | 0.4                | 0.4                
  | STRING       | RADIUS_TYPE              | YES    | SMD                | SMD                
  | DOUBLE       | GB_DIJ                   | NO     | 3.7                | 3.7                
  | DOUBLE       | GB_SIJ                   | NO     | 0.75               | 0.75               
  | DOUBLE       | GB_CIJ                   | NO     | 0.0                | 0.0                
  | DOUBLE       | F_PWSASA                 | NO     | 0.4535             | 0.4535             
  | DOUBLE       | SCALE_VDW                | NO     | 1.0                | 1.0                
  | DOUBLE       | SCALE_CR                 | NO     | 1.0                | 1.0                



 Sasa Type                  : NUMERIC 
 Charge Type                : IAO_MULLIKEN 
 CDS Type                   : SMD 
 Radius Type                : SMD 
 Solvent                    : WATER 
 Solvent Parameters         : MN21 
 Dielectric Parameters      : MN21 
 Coulomb Radii Parameters   : SMD 
 GB d_ij parameter          : 3.7000000000 
 GB S_ij parameter          : 0.7500000000 
 GB C_ij parameter          : 0.0000000000 
 Sclae_vdw parameter        : 1.0000000000 
 Number of z-points         : 90 
 Number of angular points   : 100 
 Number of SASA grid points : 17902 
 Solvent Dielectric Constant: 78.3553000000 

 VDW Radii:
	  1 O :       1.5200  ang
	  2 C :       1.7000  ang
	  3 C :       1.7000  ang
	  4 C :       1.7000  ang
	  5 H :       1.2000  ang
	  6 H :       1.2000  ang
	  7 H :       1.2000  ang
	  8 H :       1.2000  ang
	  9 H :       1.2000  ang
	 10 H :       1.2000  ang
	 11 H :       1.2000  ang
	 12 H :       1.2000  ang

	 Computing SASA... 

 Atomic SASA values:
	  1 O :      18.1293  ang^2
	  2 C :       1.5911  ang^2
	  3 C :       8.2715  ang^2
	  4 C :       8.2777  ang^2
	  5 H :      12.2735  ang^2
	  6 H :      12.2214  ang^2
	  7 H :      12.5556  ang^2
	  8 H :      11.5763  ang^2
	  9 H :      12.2214  ang^2
	 10 H :      12.5556  ang^2
	 11 H :      11.5763  ang^2
	 12 H :      11.8333  ang^2

	*Total SASA (angs^2): 133.0830160212 


 Coulomb Radii:
	  1 O :       1.5200  ang
	  2 C :       1.8500  ang
	  3 C :       1.8500  ang
	  4 C :       1.8500  ang
	  5 H :       1.2000  ang
	  6 H :       1.2000  ang
	  7 H :       1.2000  ang
	  8 H :       1.2000  ang
	  9 H :       1.2000  ang
	 10 H :       1.2000  ang
	 11 H :       1.2000  ang
	 12 H :       1.2000  ang
 Solvent Alpha                       : 1.1700000000 

 ## Effective Born Radius (bohr) ##
   0   3.6560738163 
   1   4.2624953027 
   2   4.0521088072 
   3   4.0521027311 
   4   3.4050254816 
   5   3.1843530378 
   6   3.1415604516 
   7   3.2303101185 
   8   3.1843493142 
   9   3.1415577061 
  10   3.2303031556 
  11   2.9964705904 

 Effective Born Radii:
	  1 O :       1.9347  ang
	  2 C :       2.2556  ang
	  3 C :       2.1443  ang
	  4 C :       2.1443  ang
	  5 H :       1.8019  ang
	  6 H :       1.6851  ang
	  7 H :       1.6624  ang
	  8 H :       1.7094  ang
	  9 H :       1.6851  ang
	 10 H :       1.6624  ang
	 11 H :       1.7094  ang
	 12 H :       1.5857  ang


 Coulomb Integrals:
	  1  1 :       0.2735  bohr^-1
	  1  2 :       0.2180  bohr^-1
	  1  3 :       0.1788  bohr^-1
	  1  4 :       0.1788  bohr^-1
	  1  5 :       0.2068  bohr^-1
	  1  6 :       0.1484  bohr^-1
	  1  7 :       0.1778  bohr^-1
	  1  8 :       0.1729  bohr^-1
	  1  9 :       0.1484  bohr^-1
	  1 10 :       0.1778  bohr^-1
	  1 11 :       0.1729  bohr^-1
	  1 12 :       0.2731  bohr^-1
	  2  1 :       0.2180  bohr^-1
	  2  2 :       0.2346  bohr^-1
	  2  3 :       0.2064  bohr^-1
	  2  4 :       0.2064  bohr^-1
	  2  5 :       0.2379  bohr^-1
	  2  6 :       0.1940  bohr^-1
	  2  7 :       0.1952  bohr^-1
	  2  8 :       0.1936  bohr^-1
	  2  9 :       0.1940  bohr^-1
	  2 10 :       0.1952  bohr^-1
	  2 11 :       0.1936  bohr^-1
	  2 12 :       0.2074  bohr^-1
	  3  1 :       0.1788  bohr^-1
	  3  2 :       0.2064  bohr^-1
	  3  3 :       0.2468  bohr^-1
	  3  4 :       0.1709  bohr^-1
	  3  5 :       0.1946  bohr^-1
	  3  6 :       0.2495  bohr^-1
	  3  7 :       0.2510  bohr^-1
	  3  8 :       0.2480  bohr^-1
	  3  9 :       0.1685  bohr^-1
	  3 10 :       0.1439  bohr^-1
	  3 11 :       0.1684  bohr^-1
	  3 12 :       0.1779  bohr^-1
	  4  1 :       0.1788  bohr^-1
	  4  2 :       0.2064  bohr^-1
	  4  3 :       0.1709  bohr^-1
	  4  4 :       0.2468  bohr^-1
	  4  5 :       0.1946  bohr^-1
	  4  6 :       0.1685  bohr^-1
	  4  7 :       0.1439  bohr^-1
	  4  8 :       0.1684  bohr^-1
	  4  9 :       0.2495  bohr^-1
	  4 10 :       0.2510  bohr^-1
	  4 11 :       0.2480  bohr^-1
	  4 12 :       0.1779  bohr^-1
	  5  1 :       0.2068  bohr^-1
	  5  2 :       0.2379  bohr^-1
	  5  3 :       0.1946  bohr^-1
	  5  4 :       0.1946  bohr^-1
	  5  5 :       0.2937  bohr^-1
	  5  6 :       0.1872  bohr^-1
	  5  7 :       0.1887  bohr^-1
	  5  8 :       0.1617  bohr^-1
	  5  9 :       0.1872  bohr^-1
	  5 10 :       0.1887  bohr^-1
	  5 11 :       0.1617  bohr^-1
	  5 12 :       0.1742  bohr^-1
	  6  1 :       0.1484  bohr^-1
	  6  2 :       0.1940  bohr^-1
	  6  3 :       0.2495  bohr^-1
	  6  4 :       0.1685  bohr^-1
	  6  5 :       0.1872  bohr^-1
	  6  6 :       0.3140  bohr^-1
	  6  7 :       0.2319  bohr^-1
	  6  8 :       0.2306  bohr^-1
	  6  9 :       0.1828  bohr^-1
	  6 10 :       0.1360  bohr^-1
	  6 11 :       0.1589  bohr^-1
	  6 12 :       0.1420  bohr^-1
	  7  1 :       0.1778  bohr^-1
	  7  2 :       0.1952  bohr^-1
	  7  3 :       0.2510  bohr^-1
	  7  4 :       0.1439  bohr^-1
	  7  5 :       0.1887  bohr^-1
	  7  6 :       0.2319  bohr^-1
	  7  7 :       0.3183  bohr^-1
	  7  8 :       0.2312  bohr^-1
	  7  9 :       0.1360  bohr^-1
	  7 10 :       0.1215  bohr^-1
	  7 11 :       0.1363  bohr^-1
	  7 12 :       0.1696  bohr^-1
	  8  1 :       0.1729  bohr^-1
	  8  2 :       0.1936  bohr^-1
	  8  3 :       0.2480  bohr^-1
	  8  4 :       0.1684  bohr^-1
	  8  5 :       0.1617  bohr^-1
	  8  6 :       0.2306  bohr^-1
	  8  7 :       0.2312  bohr^-1
	  8  8 :       0.3096  bohr^-1
	  8  9 :       0.1589  bohr^-1
	  8 10 :       0.1363  bohr^-1
	  8 11 :       0.1831  bohr^-1
	  8 12 :       0.1889  bohr^-1
	  9  1 :       0.1484  bohr^-1
	  9  2 :       0.1940  bohr^-1
	  9  3 :       0.1685  bohr^-1
	  9  4 :       0.2495  bohr^-1
	  9  5 :       0.1872  bohr^-1
	  9  6 :       0.1828  bohr^-1
	  9  7 :       0.1360  bohr^-1
	  9  8 :       0.1589  bohr^-1
	  9  9 :       0.3140  bohr^-1
	  9 10 :       0.2319  bohr^-1
	  9 11 :       0.2306  bohr^-1
	  9 12 :       0.1420  bohr^-1
	 10  1 :       0.1778  bohr^-1
	 10  2 :       0.1952  bohr^-1
	 10  3 :       0.1439  bohr^-1
	 10  4 :       0.2510  bohr^-1
	 10  5 :       0.1887  bohr^-1
	 10  6 :       0.1360  bohr^-1
	 10  7 :       0.1215  bohr^-1
	 10  8 :       0.1363  bohr^-1
	 10  9 :       0.2319  bohr^-1
	 10 10 :       0.3183  bohr^-1
	 10 11 :       0.2312  bohr^-1
	 10 12 :       0.1696  bohr^-1
	 11  1 :       0.1729  bohr^-1
	 11  2 :       0.1936  bohr^-1
	 11  3 :       0.1684  bohr^-1
	 11  4 :       0.2480  bohr^-1
	 11  5 :       0.1617  bohr^-1
	 11  6 :       0.1589  bohr^-1
	 11  7 :       0.1363  bohr^-1
	 11  8 :       0.1831  bohr^-1
	 11  9 :       0.2306  bohr^-1
	 11 10 :       0.2312  bohr^-1
	 11 11 :       0.3096  bohr^-1
	 11 12 :       0.1889  bohr^-1
	 12  1 :       0.2731  bohr^-1
	 12  2 :       0.2074  bohr^-1
	 12  3 :       0.1779  bohr^-1
	 12  4 :       0.1779  bohr^-1
	 12  5 :       0.1742  bohr^-1
	 12  6 :       0.1420  bohr^-1
	 12  7 :       0.1696  bohr^-1
	 12  8 :       0.1889  bohr^-1
	 12  9 :       0.1420  bohr^-1
	 12 10 :       0.1696  bohr^-1
	 12 11 :       0.1889  bohr^-1
	 12 12 :       0.3337  bohr^-1


	*Molecular contr. to CDS energy:       0.0000  kcal/mol
	*Total CDS energy:       2.7067  kcal/mol
	*MP2::Polarization Free Energy (au)      : -0.0053958066 
	*MP2::Polarization Free Energy (kcal/mol):      -3.3859 
	*MP2::CDS Free Energy (au)      : 0.0043134170 
	*MP2::CDS Free Energy (kcal/mol):       2.7067 
	*MP2::Total Solvation Free Energy (au)      : -0.0010823896 
	*MP2::Total Solvation Free Energy (kcal/mol):      -0.6792 
	GB-MP2 Total Energy (a.u.)         :  -193.76528770058621

	*Total GB-MP2 Energy: -193.76420531095349


 Cpu time for MacroQC :       1.2143 minutes
 Wall time for MacroQC:       0.4324 minutes


 ******************************************************************************************
	 MacroQC terminates normally:) 
 ****************************************************************************************** 

