 ==========================================================================================
 =========                __  ___                         ____  ______            =========
 ======                  /  |/  /___ _______________     / __ \/ ____/               ======
 ====                   / /|_/ / __ `/ ___/ ___/ __ \   / / / / /                      ====
 ===                   / /  / / /_/ / /__/ /  / /_/ /  / /_/ / /___                     ===
 ==                   /_/  /_/\__,_/\___/_/   \____/   \___\_\____/                      ==
 ===                                                                1.0.4                ===
 =====     An electronic structure theory software for large-scale applications       =====
 ======                                 See license.txt for license info             ======
 =========                                                                        =========
 ==========================================================================================
                                                                                           
                           * * * * * * * * * * * * * * * * * * * *                        
                           *            Developed by             *                        
                           *             U. Bozkaya              *                        
                           *                                     *                        
                           *       With contributions from:      *                        
                           *         B. Ermis, Y. Alagoz,        *                        
                           *         A. Unal, and A. K. Uyar     *                        
                           *         Git Version: deab493        *                        
                           *       Latest Revision: 2026-03-23   *                        
                           * * * * * * * * * * * * * * * * * * * *                        


 Run date: Wed Mar 25 09:36:07 2026
 
 Hostname: ub2 

 ## MacroQC input file ##
 ******************************************************************************************
$set_molecule
0 1
O      -0.5500823516    -0.7169491078    -0.0048554479
O       0.2939508142     1.3696131276    -0.0003748241
C       1.7962892499    -0.5200050604     0.0011378588
C       0.4621350755     0.1770416765    -0.0033302448
C      -1.8742020582    -0.1600587601     0.0031317173
H       1.8564310989    -1.2258942939    -0.8266859805
H       1.9102248228    -1.0902587589     0.9235862266
H       2.5895834141     0.2169202527    -0.0753215710
H      -2.0206752510     0.4669425035     0.8809399639
H      -2.5493977001    -1.0100847477     0.0239133459
H      -2.0424476887     0.4391957501    -0.8902257967
$end_molecule


$set_globals
   basis cc-pvdz
  method mp2
  reference rhf
  jobtype energy
  memory 30000
$end_globals


$set_scf
  e_convergence 1.0e-8
  d_convergence 1.0e-6
  guess sad
  solvation true
$end_scf


$set_solvation
  cds_type smd
  radius_type smd
  solvent_params mn21
  dielectric_params mn21
  sasa_type numeric
  solvent water
  num_ang_points 100
  charge_type iao_mulliken
  coulomb_radii smd
$end_solvation

$set_dfocc
solvation true
$end_dfocc

 ******************************************************************************************


	-Geometry before Center-of-Mass shift (ang): 
	 Number     Atom               X                    Y                       Z  
	 ---------------------------------------------------------------------------------------
           1     O            -0.5500823516         -0.7169491078          -0.0048554479  
           2     O             0.2939508142          1.3696131276          -0.0003748241  
           3     C             1.7962892499         -0.5200050604           0.0011378588  
           4     C             0.4621350755          0.1770416765          -0.0033302448  
           5     C            -1.8742020582         -0.1600587601           0.0031317173  
           6     H             1.8564310989         -1.2258942939          -0.8266859805  
           7     H             1.9102248228         -1.0902587589           0.9235862266  
           8     H             2.5895834141          0.2169202527          -0.0753215710  
           9     H            -2.0206752510          0.4669425035           0.8809399639  
          10     H            -2.5493977001         -1.0100847477           0.0239133459  
          11     H            -2.0424476887          0.4391957501          -0.8902257967  



	-Geometry after Center-of-Mass shift (ang): 
	 Atom               X                    Y                       Z  
	 -------------------------------------------------------------------
     O          -0.5535343983         -0.7464293245          -0.0043706041  
     O           0.2904987675          1.3401329109           0.0001100197  
     C           1.7928372032         -0.5494852771           0.0016227026  
     C           0.4586830288          0.1475614598          -0.0028454010  
     C          -1.8776541049         -0.1895389768           0.0036165611  
     H           1.8529790522         -1.2553745106          -0.8262011367  
     H           1.9067727761         -1.1197389756           0.9240710704  
     H           2.5861313674          0.1874400360          -0.0748367272  
     H          -2.0241272977          0.4374622868           0.8814248077  
     H          -2.5528497468         -1.0395649644           0.0243981897  
     H          -2.0458997354          0.4097155334          -0.8897409529  


	-Geometry after Center-of-Mass shift (bohr): 
	 Atom               X                    Y                       Z  
	 -------------------------------------------------------------------
     O          -1.0460284138         -1.4105469953          -0.0082592447  
     O           0.5489631103          2.5324841733           0.0002079072  
     C           3.3879713016         -1.0383766837           0.0030664636  
     C           0.8667853028          0.2788507457          -0.0053770286  
     C          -3.5482520166         -0.3581767562           0.0068343101  
     H           3.5016229248         -2.3723140099          -1.5612938728  
     H           3.6032783303         -2.1159999959           1.7462412436  
     H           4.8870800088          0.3542103330          -0.1414209185  
     H          -3.8250462357          0.8266839123           1.6656514868  
     H          -4.8241868609         -1.9644930723           0.0461058965  
     H          -3.8661901801          0.7742501475          -1.6813667235  


    Rotational Constants: A =     0.34193  B =     0.13852  C =      0.10234 [cm^-1] 
    Rotor Type: ASYMMETRIC 

	-Nuclear Dipole Moment: (e a0)  
	 X:  -0.26094   Y:  -2.22838   Z:  0.03665   Total:  2.24391 

	-Nuclear Dipole Moment: (D)  
	 X:  -0.66324   Y:  -5.66398   Z:  0.09315   Total:  5.70344 


    Nuclear repulsion energy (V_NN)              : 181.534456151236 
   =====================================================
   Charge                : 0 
   Multiplicity          : 1 
   Number of Atoms       : 11 
   Number of Ghost Atoms : 0 
   Number of Electrons   : 40 
   Number of alpha occupied orbitals (NoccA)  : 20 
   Number of beta occupied orbitals (NoccB)   : 20 
   Number of singly occupied orbitals (Nsocc) : 0 
   Number of doubly occupied orbitals (Ndocc) : 20 
   =====================================================



  ## GLOBALS Options ##

  | TYPE         | KEY                      | INPUT? | VALUE              | DEFAULT            
  |--------------|--------------------------|--------|--------------------|--------------------
  | BOOL         | ERI_DISK                 | NO     | FALSE              | FALSE              
  | BOOL         | FREEZE_CORE              | NO     | TRUE               | TRUE               
  | BOOL         | MOL_FRAG                 | NO     | FALSE              | FALSE              
  | BOOL         | NOCOM                    | NO     | FALSE              | FALSE              
  | BOOL         | NOREORIENT               | NO     | TRUE               | TRUE               
  | BOOL         | PUREAM                   | NO     | TRUE               | TRUE               
  | BOOL         | ML                       | NO     | FALSE              | FALSE              
  | BOOL         | READ_PDB                 | NO     | FALSE              | FALSE              
  | BOOL         | TEST_MODE                | NO     | FALSE              | FALSE              
  | INT          | DERIVE_LEVEL             | NO     | 0                  | 0                  
  | INT          | FINDIF_POINTS            | NO     | 3                  | 3                  
  | INT          | MEMORY                   | YES    | 30000              | 2000               
  | INT          | NUM_THREADS              | NO     | 1                  | 1                  
  | INT          | NUM_FROZEN_DOCC          | NO     | 0                  | 0                  
  | INT          | NUM_FROZEN_VIR           | NO     | 0                  | 0                  
  | INT          | PRINT_LEVEL              | NO     | 0                  | 0                  
  | STRING       | AUX_BASIS_CORR           | NO     | CC-PVDZ-RI         | CC-PVDZ-RI         
  | STRING       | AUX_BASIS_SCF            | NO     | CC-PVDZ-JKFIT      | CC-PVDZ-JKFIT      
  | STRING       | BASIS                    | YES    | CC-PVDZ            | CC-PVDZ            
  | STRING       | BASIS2                   | NO     | MINAO              | MINAO              
  | STRING       | DERIVE_TYPE              | NO     | ANALYTIC           | ANALYTIC           
  | STRING       | FINDIF_METHOD            | NO     | GRAD               | GRAD               
  | STRING       | GEOM_UNITS               | NO     | ANG                | ANG                
  | STRING       | JOBTYPE                  | YES    | ENERGY             | ENERGY             
  | STRING       | METHOD                   | YES    | MP2                | SCF                
  | STRING       | REFERENCE                | YES    | RHF                | RHF                
  | STRING       | OUTFILE_MODE             | NO     | NEW                | NEW                
  | DOUBLE       | STEP_BOHR                | NO     | 0.05               | 0.05               
  | STR_ARRAY    | MOLECULE_GEOM_FROM       | NO     | [input]            | [input]            
  | DOUBLE_ARRAY | ELECTRIC_STRENGTH        | NO     | [0.001;0.001;0.001]| [0.001;0.001;0.001]
  | STRING       | ELECTRIC_FIELD           | NO     | NONE               | NONE               
  | STRING       | ALIGN_TWO_ATOMS          | NO     | NONE               | NONE               
  | INT_ARRAY    | TWO_ATOMS                | NO     | [0]                | [0]                



  ## INTS Options ##

  | TYPE         | KEY                      | INPUT? | VALUE              | DEFAULT            
  |--------------|--------------------------|--------|--------------------|--------------------
  | DOUBLE       | BOYS_CUTOFF              | NO     | 1e-15              | 1e-15              
  | DOUBLE       | BOYS_ZERO                | NO     | 1e-06              | 1e-06              
  | DOUBLE       | DELTA_X                  | NO     | 0.1                | 0.1                
  | DOUBLE       | INTEGRAL_CUTOFF          | NO     | 1e-10              | 1e-10              
  | DOUBLE       | X_MAX                    | NO     | 30.0               | 30.0               
  | INT          | BOYS_MAXITER             | NO     | 10000              | 10000              
  | INT          | MAX_AM                   | NO     | 7                  | 7                  
  | INT          | MAX_AM_AUX               | NO     | 7                  | 7                  
  | INT          | PRINT_LEVEL              | NO     | 0                  | 0                  
  | INT          | TAYLOR_ORDER             | NO     | 6                  | 6                  
  | STRING       | 3INDEX_ALGORITHM         | NO     | AUTO               | AUTO               
  | STRING       | BOYS_METHOD              | NO     | GHP                | GHP                
  | STRING       | ERI_ALGORITHM            | NO     | MD4                | MD4                


	Initializing Liboeprop (by U. Bozkaya) ...

	*=================================================================*
	*                  SCF                                            *
	*   Developed by U. Bozkaya & Y. Alagoz                           *
	*   Latest revision Feb 16, 2021                                  *
	*=================================================================*



  ## SCF Options ##

  | TYPE         | KEY                      | INPUT? | VALUE              | DEFAULT            
  |--------------|--------------------------|--------|--------------------|--------------------
  | BOOL         | DIIS_DAMP                | NO     | FALSE              | FALSE              
  | BOOL         | DIE_IF_NOT_CONVERGED     | NO     | TRUE               | TRUE               
  | BOOL         | DO_DF                    | NO     | TRUE               | TRUE               
  | BOOL         | DIIS                     | NO     | TRUE               | TRUE               
  | BOOL         | FOCK_DAMP                | NO     | FALSE              | FALSE              
  | BOOL         | GUESS_MIX                | NO     | FALSE              | FALSE              
  | BOOL         | GUESS_PREVIOUS           | NO     | FALSE              | FALSE              
  | BOOL         | LOCAL                    | NO     | FALSE              | FALSE              
  | BOOL         | RETRY                    | NO     | TRUE               | TRUE               
  | DOUBLE       | CUTOFF                   | NO     | 1e-10              | 1e-10              
  | DOUBLE       | D_CONVERGENCE            | YES    | 1e-06              | 1e-06              
  | DOUBLE       | DAMP_PARAM               | NO     | 0.02               | 0.02               
  | DOUBLE       | E_CONVERGENCE            | YES    | 1e-08              | 1e-08              
  | DOUBLE       | FOCK_DAMP_PERC           | NO     | 20.0               | 20.0               
  | DOUBLE       | MIN_OVERLAP_EIGVAL       | NO     | 1e-06              | 1e-06              
  | DOUBLE       | LOCAL_CONVERGENCE        | NO     | 1e-08              | 1e-08              
  | DOUBLE       | QC_GUESS_E_CONVERGENCE   | NO     | 0.0001             | 0.0001             
  | DOUBLE       | QC_GUESS_D_CONVERGENCE   | NO     | 0.005              | 0.005              
  | INT          | MAX_DIIS                 | NO     | 6                  | 6                  
  | INT          | MIN_DIIS                 | NO     | 2                  | 2                  
  | INT          | PRINT_LEVEL              | NO     | 0                  | 0                  
  | INT          | SCF_MAXITER              | NO     | 50                 | 50                 
  | INT          | LOCAL_MAXITER            | NO     | 50                 | 50                 
  | STRING       | DIIS_ALGORITHM           | NO     | DISK               | DISK               
  | STRING       | GUESS                    | YES    | SAD                | SAD                
  | BOOL         | MO_WRITE                 | NO     | FALSE              | FALSE              
  | BOOL         | FOCK_WRITE               | NO     | FALSE              | FALSE              
  | STRING       | ORTH_TYPE                | NO     | CANONICAL          | CANONICAL          
  | STRING       | ROHF_CANONIC_TYPE        | NO     | GUEST              | GUEST              
  | STRING       | ERI                      | NO     | INCORE             | INCORE             
  | STRING       | SCF_ALGORITHM            | NO     | ROOTHAAN           | ROOTHAAN           
  | STRING       | LOCAL_TYPE               | NO     | BOYS               | BOYS               
  | BOOL         | SAD_FRAC_OCC             | NO     | TRUE               | TRUE               
  | BOOL         | SAD_SPIN_AVERAGE         | NO     | TRUE               | TRUE               
  | DOUBLE       | SAD_E_CONVERGENCE        | NO     | 1e-05              | 1e-05              
  | DOUBLE       | SAD_D_CONVERGENCE        | NO     | 1e-05              | 1e-05              
  | INT          | SAD_MAXITER              | NO     | 50                 | 50                 
  | BOOL         | NIE                      | NO     | FALSE              | FALSE              
  | BOOL         | SAD_DIIS                 | NO     | TRUE               | TRUE               
  | INT          | SAD_MAX_DIIS             | NO     | 6                  | 6                  
  | INT          | SAD_MIN_DIIS             | NO     | 2                  | 2                  
  | INT          | SAD_PRINT                | NO     | 0                  | 0                  
  | STRING       | SAD_AUX_BASIS            | NO     | SAD-FIT            | SAD-FIT            
  | DOUBLE       | SAD_CHOLESKY_TOLERANCE   | NO     | 1e-07              | 1e-07              
  | BOOL         | SOLVATION                | YES    | TRUE               | FALSE              
  | BOOL         | BYPASS                   | NO     | FALSE              | FALSE              
  | STRING       | IAO_TYPE                 | NO     | STANDARD2013       | STANDARD2013       
  | BOOL         | USE_IAOS                 | NO     | FALSE              | FALSE              

	Initializing libdiis ...
	Initializing libmolint 1.1 ...
 CC-PVDZ primary basis set file will be read for the O atom...
 CC-PVDZ primary basis set file will be read for the C atom...
 CC-PVDZ primary basis set file will be read for the H atom...
 Nmaxthread: 12 
 Nshell: 48 
 Lmax:  2 
 Npmax:  8 
 Nao: 100 
 Ndocc: 20 
 Nsocc:  0 
 NoccA: 20 
 NoccB: 20 
 Primary basis set info has been read.

 CC-PVDZ-JKFIT aux basis set file will be read for the O atom...
 CC-PVDZ-JKFIT aux basis set file will be read for the C atom...
 CC-PVDZ-JKFIT aux basis set file will be read for the H atom...
 Nshell_aux: 174 
 Naux: 488 
 Aux basis set info has been read.

 orth_type: CANONICAL 
 Cpu time for S ints :       0.0200 s
 Wall time for S ints:       0.0152 s

 Using canonical orthogonalization. 
 Minimum eigenvalue in the overlap matrix is:   4.2376E-03 

 Cpu time for T ints :       0.1400 s
 Wall time for T ints:       0.0323 s
 Cpu time for V ints :       0.8000 s
 Wall time for V ints:       0.2381 s
 Cpu time for Metric ints :       0.7100 s
 Wall time for Metric ints:       0.1809 s
 3-Index Algorithm: AUTO 

 Calling fortran integrals: ringing... 
 Done with fintegrals.

 Cpu time for 3-index ints :       2.5900 s
 Wall time for 3-index ints:       0.8703 s
 Cpu time for df-factors :       0.1700 s
 Wall time for df-factors:       0.0488 s


 Puream (True=1, False=0) : 1
 Number of AO             : 100
 Number of MO             : 100
 Number of Aux Functions  : 488
 Charge                   : 0
 Multiplicity             : 1
 Alpha OCC                : 20
 Beta OCC                 : 20
 Nuclear Repulsion Energy : 181.53445615
 Energy Treshold          : 1.0e-08
 Density Treshold         : 1.0e-06
 Iteration Limit          : 50
 Guess                    : SAD
 Guess Mix                : false
 Diis                     : true
 Diis Damping             : false
 Diis Damp Parameter      : 0.02
 Diis Algorithm           : DISK
 Cutoff Treshold          : 1.0e-10
 Density Fitting          : true
 Reference                : RHF
 Die If Not Converged     : true
 Print Level              : 0
 ERI Algorithm            : INCORE
 SCF Algorithm            : ROOTHAAN




  ## SOLVATION Options ##

  | TYPE         | KEY                      | INPUT? | VALUE              | DEFAULT            
  |--------------|--------------------------|--------|--------------------|--------------------
  | INT          | NUM_Z_POINTS             | NO     | 90                 | 90                 
  | INT          | NUM_ANG_POINTS           | YES    | 100                | 100                
  | STRING       | SASA_TYPE                | YES    | NUMERIC            | NUMERIC            
  | STRING       | CHARGE_TYPE              | YES    | IAO_MULLIKEN       | IAO_MULLIKEN       
  | STRING       | CDS_TYPE                 | YES    | SMD                | SMD                
  | STRING       | SOLVENT                  | YES    | WATER              | WATER              
  | STRING       | SOLVENT_PARAMS           | YES    | MN21               | SM8                
  | STRING       | DIELECTRIC_PARAMS        | YES    | MN21               | MN21               
  | STRING       | COULOMB_RADII            | YES    | SMD                | SMD                
  | DOUBLE       | COVALENT_VW_CONST        | NO     | 0.76               | 0.76               
  | DOUBLE       | SOLVENT_RADIUS           | NO     | 0.4                | 0.4                
  | STRING       | RADIUS_TYPE              | YES    | SMD                | SMD                
  | DOUBLE       | GB_DIJ                   | NO     | 3.7                | 3.7                
  | DOUBLE       | GB_SIJ                   | NO     | 0.75               | 0.75               
  | DOUBLE       | GB_CIJ                   | NO     | 0.0                | 0.0                
  | DOUBLE       | F_PWSASA                 | NO     | 0.4535             | 0.4535             
  | DOUBLE       | SCALE_VDW                | NO     | 1.0                | 1.0                
  | DOUBLE       | SCALE_CR                 | NO     | 1.0                | 1.0                



 Sasa Type                  : NUMERIC 
 Charge Type                : IAO_MULLIKEN 
 CDS Type                   : SMD 
 Radius Type                : SMD 
 Solvent                    : WATER 
 Solvent Parameters         : MN21 
 Dielectric Parameters      : MN21 
 Coulomb Radii Parameters   : SMD 
 GB d_ij parameter          : 3.7000000000 
 GB S_ij parameter          : 0.7500000000 
 GB C_ij parameter          : 0.0000000000 
 Sclae_vdw parameter        : 1.0000000000 
 Number of z-points         : 90 
 Number of angular points   : 100 
 Number of SASA grid points : 17902 
 Solvent Dielectric Constant: 78.3553000000 

 VDW Radii:
	  1 O :       1.5200  ang
	  2 O :       1.5200  ang
	  3 C :       1.7000  ang
	  4 C :       1.7000  ang
	  5 C :       1.7000  ang
	  6 H :       1.2000  ang
	  7 H :       1.2000  ang
	  8 H :       1.2000  ang
	  9 H :       1.2000  ang
	 10 H :       1.2000  ang
	 11 H :       1.2000  ang

	 Computing SASA... 

 Atomic SASA values:
	  1 O :      12.3407  ang^2
	  2 O :      22.5465  ang^2
	  3 C :       9.8936  ang^2
	  4 C :       7.4728  ang^2
	  5 C :      10.3610  ang^2
	  6 H :      12.5089  ang^2
	  7 H :      12.6581  ang^2
	  8 H :      12.4388  ang^2
	  9 H :      11.8171  ang^2
	 10 H :      12.9007  ang^2
	 11 H :      11.9824  ang^2

	*Total SASA (angs^2): 136.9205227955 


 Coulomb Radii:
	  1 O :       1.5200  ang
	  2 O :       1.5200  ang
	  3 C :       1.8500  ang
	  4 C :       1.8500  ang
	  5 C :       1.8500  ang
	  6 H :       1.2000  ang
	  7 H :       1.2000  ang
	  8 H :       1.2000  ang
	  9 H :       1.2000  ang
	 10 H :       1.2000  ang
	 11 H :       1.2000  ang
 Solvent Alpha                       : 1.1700000000 

 ## Effective Born Radius (bohr) ##
   0   3.9808523239 
   1   3.6268613459 
   2   3.8732794230 
   3   4.1680531818 
   4   3.8463797307 
   5   3.1038670402 
   6   3.0999798692 
   7   3.0908633305 
   8   3.0969533923 
   9   2.9731125448 
  10   3.0886731601 

 Effective Born Radii:
	  1 O :       2.1066  ang
	  2 O :       1.9193  ang
	  3 C :       2.0497  ang
	  4 C :       2.2056  ang
	  5 C :       2.0354  ang
	  6 H :       1.6425  ang
	  7 H :       1.6404  ang
	  8 H :       1.6356  ang
	  9 H :       1.6388  ang
	 10 H :       1.5733  ang
	 11 H :       1.6345  ang


 Coulomb Integrals:
	  1  1 :       0.2512  bohr^-1
	  1  2 :       0.1877  bohr^-1
	  1  3 :       0.1805  bohr^-1
	  1  4 :       0.2160  bohr^-1
	  1  5 :       0.2192  bohr^-1
	  1  6 :       0.1787  bohr^-1
	  1  7 :       0.1760  bohr^-1
	  1  8 :       0.1514  bohr^-1
	  1  9 :       0.2029  bohr^-1
	  1 10 :       0.2082  bohr^-1
	  1 11 :       0.2030  bohr^-1
	  2  1 :       0.1877  bohr^-1
	  2  2 :       0.2757  bohr^-1
	  2  3 :       0.1819  bohr^-1
	  2  4 :       0.2297  bohr^-1
	  2  5 :       0.1722  bohr^-1
	  2  6 :       0.1580  bohr^-1
	  2  7 :       0.1602  bohr^-1
	  2  8 :       0.1828  bohr^-1
	  2  9 :       0.1796  bohr^-1
	  2 10 :       0.1383  bohr^-1
	  2 11 :       0.1782  bohr^-1
	  3  1 :       0.1805  bohr^-1
	  3  2 :       0.1819  bohr^-1
	  3  3 :       0.2582  bohr^-1
	  3  4 :       0.2123  bohr^-1
	  3  5 :       0.1352  bohr^-1
	  3  6 :       0.2568  bohr^-1
	  3  7 :       0.2568  bohr^-1
	  3  8 :       0.2574  bohr^-1
	  3  9 :       0.1275  bohr^-1
	  3 10 :       0.1190  bohr^-1
	  3 11 :       0.1271  bohr^-1
	  4  1 :       0.2160  bohr^-1
	  4  2 :       0.2297  bohr^-1
	  4  3 :       0.2123  bohr^-1
	  4  4 :       0.2399  bohr^-1
	  4  5 :       0.1786  bohr^-1
	  4  6 :       0.1977  bohr^-1
	  4  7 :       0.1981  bohr^-1
	  4  8 :       0.1986  bohr^-1
	  4  9 :       0.1748  bohr^-1
	  4 10 :       0.1527  bohr^-1
	  4 11 :       0.1741  bohr^-1
	  5  1 :       0.2192  bohr^-1
	  5  2 :       0.1722  bohr^-1
	  5  3 :       0.1352  bohr^-1
	  5  4 :       0.1786  bohr^-1
	  5  5 :       0.2600  bohr^-1
	  5  6 :       0.1296  bohr^-1
	  5  7 :       0.1285  bohr^-1
	  5  8 :       0.1162  bohr^-1
	  5  9 :       0.2577  bohr^-1
	  5 10 :       0.2620  bohr^-1
	  5 11 :       0.2580  bohr^-1
	  6  1 :       0.1787  bohr^-1
	  6  2 :       0.1580  bohr^-1
	  6  3 :       0.2568  bohr^-1
	  6  4 :       0.1977  bohr^-1
	  6  5 :       0.1296  bohr^-1
	  6  6 :       0.3222  bohr^-1
	  6  7 :       0.2352  bohr^-1
	  6  8 :       0.2335  bohr^-1
	  6  9 :       0.1151  bohr^-1
	  6 10 :       0.1169  bohr^-1
	  6 11 :       0.1233  bohr^-1
	  7  1 :       0.1760  bohr^-1
	  7  2 :       0.1602  bohr^-1
	  7  3 :       0.2568  bohr^-1
	  7  4 :       0.1981  bohr^-1
	  7  5 :       0.1285  bohr^-1
	  7  6 :       0.2352  bohr^-1
	  7  7 :       0.3226  bohr^-1
	  7  8 :       0.2339  bohr^-1
	  7  9 :       0.1236  bohr^-1
	  7 10 :       0.1155  bohr^-1
	  7 11 :       0.1139  bohr^-1
	  8  1 :       0.1514  bohr^-1
	  8  2 :       0.1828  bohr^-1
	  8  3 :       0.2574  bohr^-1
	  8  4 :       0.1986  bohr^-1
	  8  5 :       0.1162  bohr^-1
	  8  6 :       0.2335  bohr^-1
	  8  7 :       0.2339  bohr^-1
	  8  8 :       0.3235  bohr^-1
	  8  9 :       0.1115  bohr^-1
	  8 10 :       0.0999  bohr^-1
	  8 11 :       0.1117  bohr^-1
	  9  1 :       0.2029  bohr^-1
	  9  2 :       0.1796  bohr^-1
	  9  3 :       0.1275  bohr^-1
	  9  4 :       0.1748  bohr^-1
	  9  5 :       0.2577  bohr^-1
	  9  6 :       0.1151  bohr^-1
	  9  7 :       0.1236  bohr^-1
	  9  8 :       0.1115  bohr^-1
	  9  9 :       0.3229  bohr^-1
	  9 10 :       0.2357  bohr^-1
	  9 11 :       0.2346  bohr^-1
	 10  1 :       0.2082  bohr^-1
	 10  2 :       0.1383  bohr^-1
	 10  3 :       0.1190  bohr^-1
	 10  4 :       0.1527  bohr^-1
	 10  5 :       0.2620  bohr^-1
	 10  6 :       0.1169  bohr^-1
	 10  7 :       0.1155  bohr^-1
	 10  8 :       0.0999  bohr^-1
	 10  9 :       0.2357  bohr^-1
	 10 10 :       0.3363  bohr^-1
	 10 11 :       0.2359  bohr^-1
	 11  1 :       0.2030  bohr^-1
	 11  2 :       0.1782  bohr^-1
	 11  3 :       0.1271  bohr^-1
	 11  4 :       0.1741  bohr^-1
	 11  5 :       0.2580  bohr^-1
	 11  6 :       0.1233  bohr^-1
	 11  7 :       0.1139  bohr^-1
	 11  8 :       0.1117  bohr^-1
	 11  9 :       0.2346  bohr^-1
	 11 10 :       0.2359  bohr^-1
	 11 11 :       0.3238  bohr^-1
    ===> SCF Iteration Started <===

     Iter. |                   Energy |       Delta E |          Drms |
    -------|--------------------------|---------------|---------------|
         1 |      -265.87028948858415 |    -2.659e+02 |     1.471e-02 |
         2 |      -266.71722953515535 |    -8.469e-01 |     2.403e-03 | DIIS
         3 |      -266.81468430729819 |    -9.745e-02 |     5.260e-04 | DIIS
         4 |      -266.85285698136494 |    -3.817e-02 |     2.957e-04 | DIIS
         5 |      -266.85529967716195 |    -2.443e-03 |     1.450e-04 | DIIS
         6 |      -266.85561415109021 |    -3.145e-04 |     3.326e-05 | DIIS
         7 |      -266.85564644741828 |    -3.230e-05 |     2.026e-05 | DIIS
         8 |      -266.85565290421857 |    -6.457e-06 |     9.111e-06 | DIIS
         9 |      -266.85565402412811 |    -1.120e-06 |     8.619e-06 | DIIS
        10 |      -266.85565361311808 |     4.110e-07 |     4.852e-07 | DIIS
        11 |      -266.85565365944791 |    -4.633e-08 |     1.454e-07 | DIIS
        12 |      -266.85565359737421 |     6.207e-08 |     8.992e-08 | DIIS
        13 |      -266.85565359458633 |     2.788e-09 |     2.146e-08 | DIIS


	-Alpha Occupied Orbital Energies (au):  
	 1: -20.5791263042 	 2: -20.5233388506 	 3: -11.3606982333 	 4: -11.2729864407 	 5: -11.2248446946 
	 6: -1.4371937295 	 7: -1.3363431704 	 8: -1.0121066521 	 9: -0.9278642819 	10: -0.7542490531 
	11: -0.6705663288 	12: -0.6517177244 	13: -0.6514089853 	14: -0.5709197066 	15: -0.5689663346 
	16: -0.5364509253 	17: -0.5042610905 	18: -0.4993576917 	19: -0.4360792383 	20: -0.4219660301 

	-Alpha Virtual Orbital Energies (au):  
	21: 0.2006290729 	22: 0.2040111247 	23: 0.2159727952 	24: 0.2638079746 	25: 0.2660004909 
	26: 0.2680379795 	27: 0.2979294220 	28: 0.3226178793 	29: 0.3908930016 	30: 0.4775380653 
	31: 0.5193112816 	32: 0.6181115955 	33: 0.6296485590 	34: 0.6377504468 	35: 0.6937141148 
	36: 0.6995203273 	37: 0.7357000212 	38: 0.7554002270 	39: 0.8368633550 	40: 0.8558145126 
	41: 0.8602862492 	42: 0.8612989991 	43: 0.8849296999 	44: 0.9127876941 	45: 0.9178930141 
	46: 0.9547093893 	47: 1.0080179351 	48: 1.0837973610 	49: 1.1166631279 	50: 1.1278394623 
	51: 1.2002535902 	52: 1.2561444599 	53: 1.3157631348 	54: 1.3585932063 	55: 1.3896913032 
	56: 1.4141684417 	57: 1.4356971555 	58: 1.4974886246 	59: 1.5565862221 	60: 1.6241491457 
	61: 1.6549231311 	62: 1.6642754678 	63: 1.6723574409 	64: 1.7699640813 	65: 1.8358501010 
	66: 1.8662101317 	67: 1.9004757275 	68: 1.9115437210 	69: 1.9250641163 	70: 1.9381010177 
	71: 1.9716019704 	72: 2.0085679762 	73: 2.0348414999 	74: 2.1071447036 	75: 2.1173539905 
	76: 2.1801100248 	77: 2.2570310472 	78: 2.3543465713 	79: 2.3683064678 	80: 2.3834684435 
	81: 2.4516685583 	82: 2.4715175128 	83: 2.5427861899 	84: 2.5874012570 	85: 2.7475643955 
	86: 2.7490225151 	87: 2.7668514894 	88: 2.7813558494 	89: 2.7940505480 	90: 2.8610194427 
	91: 2.9982617490 	92: 3.0842905066 	93: 3.2609035019 	94: 3.3005822322 	95: 3.3225521607 
	96: 3.5534303919 	97: 3.5702247748 	98: 3.7597279463 	99: 3.8719425025 	100: 3.9293159843 



	-Mulliken Population Analysis for SCF:
	 1: -0.4519190392 	 2: -0.3771869154 	 3: 0.0039985510 	 4: 0.3227646637 	 5: 0.1898357739 
	 6: 0.0633877111 	 7: 0.0651157579 	 8: 0.0609388024 	 9: 0.0405437144 	10: 0.0425578933 
	11: 0.0399630868 

	-Lowdin Population Analysis for SCF:  
	 1: -0.0186689732 	 2: -0.1182060116 	 3: -0.0496825586 	 4: -0.0451230203 	 5: 0.0485405419 
	 6: 0.0417415448 	 7: 0.0436003872 	 8: 0.0382408661 	 9: 0.0187986688 	10: 0.0219917703 
	11: 0.0187667846 

	-Electronic Dipole Moment: (e a0)  
	 X:  0.15707   Y:  1.47761   Z:  -0.02745   Total:  1.48619 

	-Electronic Dipole Moment: (D)  
	 X:  0.39924   Y:  3.75572   Z:  -0.06976   Total:  3.77753 

	-Total Dipole Moment: (e a0)  
	 X:  -0.10387   Y:  -0.75077   Z:  0.00920   Total:  0.75797 

	-Total Dipole Moment: (D)  
	 X:  -0.26400   Y:  -1.90826   Z:  0.02339   Total:  1.92657 



	Initializing Liboeprop (by U. Bozkaya) ...


	-Mulliken Population Analysis for SCF-IAO:
	 1: -0.4338240524 	 2: -0.5307747101 	 3: -0.4177502596 	 4: 0.6448258984 	 5: -0.1225488953 
	 6: 0.1516948317 	 7: 0.1524096969 	 8: 0.1515116445 	 9: 0.1326629469 	10: 0.1399890766 
	11: 0.1320236664 

	-Lowdin Population Analysis for SCF-IAO:  
	 1: -0.4338240524 	 2: -0.5307747101 	 3: -0.4177502596 	 4: 0.6448258984 	 5: -0.1225488953 
	 6: 0.1516948317 	 7: 0.1524096969 	 8: 0.1515116445 	 9: 0.1326629469 	10: 0.1399890766 
	11: 0.1320236664 

	Initializing Liblocal (by U. Bozkaya) ...
  ==> Pipek-Mezey Localizer <==

    Convergence =   1.000E-08
    Maxiter     =          50

    Iteration                   Metric       Residual
    PM    0   1.2457160422409610E+01              -
    PM    1   2.0853545564749282E+01   6.740208E-01
    PM    2   2.3953774479686768E+01   1.486668E-01
    PM    3   2.4309174570695209E+01   1.483691E-02
    PM    4   2.4312203556009976E+01   1.246026E-04
    PM    5   2.4312230639980726E+01   1.114007E-06
    PM    6   2.4312231182122947E+01   2.229916E-08
    PM    7   2.4312231202347956E+01   8.318862E-10

    PM Localizer converged.



	*Molecular contr. to CDS energy:       0.0000  kcal/mol
	*Total CDS energy:       4.6150  kcal/mol
	*SCF::Polarization Free Energy (au)      : -0.0096243429 
	*SCF::Polarization Free Energy (kcal/mol):      -6.0394 
	*SCF::CDS Free Energy (au)      : 0.0073544974 
	*SCF::CDS Free Energy (kcal/mol):       4.6150 
	*SCF::Total Solvation Free Energy (au)      : -0.0022698455 
	*SCF::Total Solvation Free Energy (kcal/mol):      -1.4243 
 CC-PVDZ primary basis set file will be read for the O atom...
 CC-PVDZ primary basis set file will be read for the C atom...
 CC-PVDZ primary basis set file will be read for the H atom...
 Nmaxthread: 12 
 Nshell: 48 
 Lmax:  2 
 Npmax:  8 
 Nao: 100 
 Ndocc: 20 
 Nsocc:  0 
 NoccA: 20 
 NoccB: 20 
 Primary basis set info has been read.

 CC-PVDZ-JKFIT aux basis set file will be read for the O atom...
 CC-PVDZ-JKFIT aux basis set file will be read for the C atom...
 CC-PVDZ-JKFIT aux basis set file will be read for the H atom...
 Nshell_aux: 174 
 Naux: 488 
 Aux basis set info has been read.


	*Total SCF Energy: -266.85565359458633

 Cpu time for SCF :       1.1945 minutes
 Wall time for SCF:       0.4171 minutes


	MO spaces... 

	 FC   OCC   VIR   FV 
	----------------------
	  5   15    80    0


	Libtrans is initialized (by U. Bozkaya) ...

 ============================================================================== 
 ============================================================================== 
 ============================================================================== 

                       DF-MP2   
              Program Written by Ugur Bozkaya
              Latest Revision May 2, 2021

 ============================================================================== 
 ============================================================================== 
 ============================================================================== 

	For this residual convergence, default PCG convergence is:     1.00e-07
    Warning: "PCG_CONVERGENCE" option is changed to     1.00e-07


  ## DFOCC Options ##

  | TYPE         | KEY                      | INPUT? | VALUE              | DEFAULT            
  |--------------|--------------------------|--------|--------------------|--------------------
  | BOOL         | EOM                      | NO     | FALSE              | FALSE              
  | BOOL         | EOM_MP2                  | NO     | FALSE              | FALSE              
  | BOOL         | EOM_MP3                  | NO     | FALSE              | FALSE              
  | BOOL         | EOM_MP2_5                | NO     | FALSE              | FALSE              
  | BOOL         | EOM_LCCD                 | NO     | FALSE              | FALSE              
  | BOOL         | LOW_MEM_MP2              | NO     | FALSE              | FALSE              
  | BOOL         | LOW_MEM_MP3              | NO     | FALSE              | FALSE              
  | BOOL         | CD_PRESCREEN             | NO     | FALSE              | FALSE              
  | DOUBLE       | CIS_E_CONV               | NO     | 1e-06              | 1e-06              
  | DOUBLE       | CIS_R_CONV               | NO     | 1e-06              | 1e-06              
  | DOUBLE       | CIS_RES_PRECONDITION_TOL | NO     | 0.0001             | 0.0001             
  | DOUBLE       | DAVIDSON_TOLERANCE       | NO     | 1e-06              | 1e-06              
  | DOUBLE       | E3_SCALE                 | NO     | 0.25               | 0.25               
  | DOUBLE       | E_CONVERGENCE            | NO     | 1e-06              | 1e-06              
  | DOUBLE       | JK_MEMORY                | NO     | 1000000000.0       | 1000000000.0       
  | DOUBLE       | LEVEL_SHIFT              | NO     | 0.02               | 0.02               
  | DOUBLE       | MAX_MOGRAD_CONVERGENCE   | NO     | 0.001              | 0.001              
  | DOUBLE       | MO_STEP_MAX              | NO     | 0.5                | 0.5                
  | DOUBLE       | MP2_OS_SCALE             | NO     | 1.2                | 1.2                
  | DOUBLE       | MP2_SOS_SCALE            | NO     | 1.3                | 1.3                
  | DOUBLE       | MP2_SOS_SCALE2           | NO     | 1.2                | 1.2                
  | DOUBLE       | MP2_SS_SCALE             | NO     | 0.3333333333333333 | 0.3333333333333333 
  | DOUBLE       | OCC_PERCENTAGE           | NO     | 99.0               | 99.0               
  | DOUBLE       | OCC_TOLERANCE            | NO     | 1e-05              | 1e-05              
  | DOUBLE       | OO_SCALE                 | NO     | 0.01               | 0.01               
  | DOUBLE       | PCG_CONVERGENCE          | NO     | 1e-06              | 1e-06              
  | DOUBLE       | R_CONVERGENCE            | NO     | 1e-05              | 1e-05              
  | DOUBLE       | REG_PARAM                | NO     | 0.4                | 0.4                
  | DOUBLE       | KAPPA_REG_PARAM          | NO     | 1.1                | 1.1                
  | DOUBLE       | RMS_MOGRAD_CONVERGENCE   | NO     | 1e-06              | 1e-06              
  | DOUBLE       | SCG_TOLERANCE            | NO     | 1e-06              | 1e-06              
  | DOUBLE       | SCHMIDT_ADD_RES_TOL      | NO     | 0.001              | 0.001              
  | INT          | ACTIVE_NAT_ORBS          | NO     | 2                  | 2                  
  | INT          | CC_DIIS_MAX_VECS         | NO     | 6                  | 6                  
  | INT          | CC_DIIS_MIN_VECS         | NO     | 2                  | 2                  
  | INT          | CC_MAXITER               | NO     | 50                 | 50                 
  | INT          | CUTOFF                   | NO     | 8                  | 8                  
  | INT          | EXCITATION_RANGE         | NO     | 2                  | 2                  
  | INT          | FOLLOW_ROOT              | NO     | 1                  | 1                  
  | INT          | INTEGRAL_CUTOFF          | NO     | 9                  | 9                  
  | INT          | MAX_VECS                 | NO     | 50                 | 50                 
  | INT          | MO_DIIS_NUM_VECS         | NO     | 6                  | 6                  
  | INT          | MO_MAXITER               | NO     | 50                 | 50                 
  | INT          | NUM_ROOTS                | NO     | 4                  | 4                  
  | INT          | PCG_MAXITER              | NO     | 50                 | 50                 
  | INT          | PRINT_LEVEL              | NO     | 0                  | 0                  
  | INT          | VECS_PER_ROOT            | NO     | 1                  | 1                  
  | STRING       | CC_LAMBDA                | NO     | FALSE              | FALSE              
  | STRING       | CHOLESKY                 | NO     | FALSE              | FALSE              
  | STRING       | CIS_ALGORITHM            | NO     | MO_BASIS           | MO_BASIS           
  | STRING       | CIS_GUESS_COEFF          | NO     | MIX                | MIX                
  | STRING       | COMPUT_S2                | NO     | FALSE              | FALSE              
  | STRING       | DIAG_METHOD              | NO     | DAVIDSON           | DAVIDSON           
  | STRING       | DO_DIIS                  | NO     | TRUE               | TRUE               
  | STRING       | DO_LEVEL_SHIFT           | NO     | TRUE               | TRUE               
  | STRING       | DO_SCS                   | NO     | FALSE              | FALSE              
  | STRING       | DO_SOS                   | NO     | FALSE              | FALSE              
  | STRING       | EKT_IP                   | NO     | FALSE              | FALSE              
  | STRING       | FREEZE_CORE              | NO     | TRUE               | TRUE               
  | STRING       | HESS_TYPE                | NO     | HF                 | HF                 
  | STRING       | JK_TYPE                  | NO     | DIRECT             | DIRECT             
  | STRING       | LINEQ_SOLVER             | NO     | CDGESV             | CDGESV             
  | STRING       | MO_READ                  | NO     | FALSE              | FALSE              
  | STRING       | MO_WRITE                 | NO     | FALSE              | FALSE              
  | STRING       | MP2_AMP_TYPE             | NO     | DIRECT             | DIRECT             
  | STRING       | NAT_ORBS                 | NO     | FALSE              | FALSE              
  | STRING       | NBO                      | NO     | TRUE               | TRUE               
  | STRING       | OCC_ORBS_PRINT           | NO     | FALSE              | FALSE              
  | STRING       | OEPROP                   | NO     | FALSE              | FALSE              
  | STRING       | OPT_METHOD               | NO     | QNR                | QNR                
  | STRING       | ORB_RESP_SOLVER          | NO     | PCG                | PCG                
  | STRING       | ORTH_TYPE                | NO     | MGS                | MGS                
  | STRING       | PCG_BETA_TYPE            | NO     | FLETCHER_REEVES    | FLETCHER_REEVES    
  | STRING       | PPL_TYPE                 | NO     | AUTO               | AUTO               
  | STRING       | PRINT_CI_VECS            | NO     | FALSE              | FALSE              
  | STRING       | QCHF                     | NO     | FALSE              | FALSE              
  | STRING       | READ_SCF_3INDEX          | NO     | TRUE               | TRUE               
  | STRING       | REGULARIZATION           | NO     | FALSE              | FALSE              
  | STRING       | REG_TYPE                 | NO     | NORMAL             | NORMAL             
  | STRING       | SCS_TYPE                 | NO     | SCS                | SCS                
  | STRING       | SOS_TYPE                 | NO     | SOS                | SOS                
  | STRING       | TRIPLES_IABC_TYPE        | NO     | DISK               | DISK               
  | STRING       | UNIT_GUESS_TYPE          | NO     | GEN                | GEN                
  | STRING       | EKT_NEGATIVE_OCC         | NO     | ABS                | ABS                
  | BOOL         | SOLVATION                | YES    | TRUE               | FALSE              

	MO spaces... 

	 FC   OCC   VIR   FV 
	----------------------
	  5   15    80    0
 CC-PVDZ primary basis set file will be read for the O atom...
 CC-PVDZ primary basis set file will be read for the C atom...
 CC-PVDZ primary basis set file will be read for the H atom...
 Nmaxthread: 12 
 Nshell: 48 
 Lmax:  2 
 Npmax:  8 
 Nao: 100 
 Ndocc: 20 
 Nsocc:  0 
 NoccA: 20 
 NoccB: 20 
 Primary basis set info has been read.

 CC-PVDZ-RI aux basis set file will be read for the O atom...
 CC-PVDZ-RI aux basis set file will be read for the C atom...
 CC-PVDZ-RI aux basis set file will be read for the H atom...
 Nshell_aux: 126 
 Naux: 364 
 Aux basis set info has been read.

 Cpu time for Metric ints :       0.1600 s
 Wall time for Metric ints:       0.0917 s
 3-Index Algorithm: AUTO 

 Calling fortran integrals: ringing... 
 Done with fintegrals.

 Cpu time for 3-index ints :       1.7400 s
 Wall time for 3-index ints:       0.4843 s
 Cpu time for df-factors :       0.1700 s
 Wall time for df-factors:       0.0463 s
 CC-PVDZ primary basis set file will be read for the O atom...
 CC-PVDZ primary basis set file will be read for the C atom...
 CC-PVDZ primary basis set file will be read for the H atom...
 Nmaxthread: 12 
 Nshell: 48 
 Lmax:  2 
 Npmax:  8 
 Nao: 100 
 Ndocc: 20 
 Nsocc:  0 
 NoccA: 20 
 NoccB: 20 
 Primary basis set info has been read.

 CC-PVDZ-JKFIT aux basis set file will be read for the O atom...
 CC-PVDZ-JKFIT aux basis set file will be read for the C atom...
 CC-PVDZ-JKFIT aux basis set file will be read for the H atom...
 Nshell_aux: 174 
 Naux: 488 
 Aux basis set info has been read.

	Reading DF integrals from disk ...
 Cpu time for Metric ints :       0.6800 s
 Wall time for Metric ints:       0.1709 s
	Number of basis functions in the DF-HF basis: 488
	Number of basis functions in the DF-CC basis: 364

	Available memory                      :  30000.00 MB 
	Minimum required memory for amplitudes:     34.56 MB 
	Memory requirement for B-CC (Q|mu nu) :     29.12 MB 
	Memory requirement for B-CC (Q|ab)    :     18.64 MB 
	Memory requirement for DF-CC int trans:     52.42 MB 

	Computing DF-MP2 energy using SCF MOs (Canonical DF-MP2)... 
	======================================================================= 
	Nuclear Repulsion Energy (a.u.)    :   181.53446955875913
	DF-HF Energy (a.u.)                :  -266.85565359458633
	REF Energy (a.u.)                  :  -266.85565359458633
	DF-MP2 Correlation Energy (a.u.)   :    -0.78224270860919
	DF-MP2 Total Energy (a.u.)         :  -267.63789630319553
	======================================================================= 

	*Total MP2 Energy: -267.63789630319553

	Computing unrelaxed response density matrices...
	Number of independent-pairs: 1600
	Computing the generalized Fock matrix (GFM)...
	Computing the orbital gradient...
	Forming effective orbital gradient...
	Solving orbital Z-vector equations...

	            PCG Solver 
	   ------------------------------ 
	Iter     RMS Z Vector        RMS Residual  
	----    ---------------    ---------------
	  1         1.21e-03         1.19e-03
	  2         7.53e-04         5.79e-04
	  3         2.06e-04         1.18e-04
	  4         6.84e-05         4.75e-05
	  5         1.35e-05         1.52e-05
	  6         9.82e-06         6.85e-06
	  7         2.52e-06         1.90e-06
	  8         9.48e-07         4.48e-07
	  9         1.87e-07         1.30e-07
	 10         4.20e-08         2.50e-08

	Computing the relaxed PDMs and GFM...
	Compute solv. is starting ...

	Initializing Liboeprop (by U. Bozkaya) ...


	-Mulliken Population Analysis for MP2-IAO:
	 1: -0.1675898778 	 2: -0.2883673143 	 3: -0.2999795747 	 4: 0.5225450593 	 5: -0.0506654944 
	 6: 0.0893687599 	 7: 0.0888049770 	 8: 0.0933762318 	 9: 0.0767607406 	10: 0.0798742801 
	11: 0.0757556128 

	-Lowdin Population Analysis for MP2-IAO:  
	 1: -0.1675898778 	 2: -0.2883673143 	 3: -0.2999795747 	 4: 0.5225450593 	 5: -0.0506654944 
	 6: 0.0893687599 	 7: 0.0888049770 	 8: 0.0933762318 	 9: 0.0767607406 	10: 0.0798742801 
	11: 0.0757556128 


  ## SOLVATION Options ##

  | TYPE         | KEY                      | INPUT? | VALUE              | DEFAULT            
  |--------------|--------------------------|--------|--------------------|--------------------
  | INT          | NUM_Z_POINTS             | NO     | 90                 | 90                 
  | INT          | NUM_ANG_POINTS           | YES    | 100                | 100                
  | STRING       | SASA_TYPE                | YES    | NUMERIC            | NUMERIC            
  | STRING       | CHARGE_TYPE              | YES    | IAO_MULLIKEN       | IAO_MULLIKEN       
  | STRING       | CDS_TYPE                 | YES    | SMD                | SMD                
  | STRING       | SOLVENT                  | YES    | WATER              | WATER              
  | STRING       | SOLVENT_PARAMS           | YES    | MN21               | SM8                
  | STRING       | DIELECTRIC_PARAMS        | YES    | MN21               | MN21               
  | STRING       | COULOMB_RADII            | YES    | SMD                | SMD                
  | DOUBLE       | COVALENT_VW_CONST        | NO     | 0.76               | 0.76               
  | DOUBLE       | SOLVENT_RADIUS           | NO     | 0.4                | 0.4                
  | STRING       | RADIUS_TYPE              | YES    | SMD                | SMD                
  | DOUBLE       | GB_DIJ                   | NO     | 3.7                | 3.7                
  | DOUBLE       | GB_SIJ                   | NO     | 0.75               | 0.75               
  | DOUBLE       | GB_CIJ                   | NO     | 0.0                | 0.0                
  | DOUBLE       | F_PWSASA                 | NO     | 0.4535             | 0.4535             
  | DOUBLE       | SCALE_VDW                | NO     | 1.0                | 1.0                
  | DOUBLE       | SCALE_CR                 | NO     | 1.0                | 1.0                



 Sasa Type                  : NUMERIC 
 Charge Type                : IAO_MULLIKEN 
 CDS Type                   : SMD 
 Radius Type                : SMD 
 Solvent                    : WATER 
 Solvent Parameters         : MN21 
 Dielectric Parameters      : MN21 
 Coulomb Radii Parameters   : SMD 
 GB d_ij parameter          : 3.7000000000 
 GB S_ij parameter          : 0.7500000000 
 GB C_ij parameter          : 0.0000000000 
 Sclae_vdw parameter        : 1.0000000000 
 Number of z-points         : 90 
 Number of angular points   : 100 
 Number of SASA grid points : 17902 
 Solvent Dielectric Constant: 78.3553000000 

 VDW Radii:
	  1 O :       1.5200  ang
	  2 O :       1.5200  ang
	  3 C :       1.7000  ang
	  4 C :       1.7000  ang
	  5 C :       1.7000  ang
	  6 H :       1.2000  ang
	  7 H :       1.2000  ang
	  8 H :       1.2000  ang
	  9 H :       1.2000  ang
	 10 H :       1.2000  ang
	 11 H :       1.2000  ang

	 Computing SASA... 

 Atomic SASA values:
	  1 O :      12.3407  ang^2
	  2 O :      22.5465  ang^2
	  3 C :       9.8936  ang^2
	  4 C :       7.4728  ang^2
	  5 C :      10.3610  ang^2
	  6 H :      12.5089  ang^2
	  7 H :      12.6581  ang^2
	  8 H :      12.4388  ang^2
	  9 H :      11.8171  ang^2
	 10 H :      12.9007  ang^2
	 11 H :      11.9824  ang^2

	*Total SASA (angs^2): 136.9205227955 


 Coulomb Radii:
	  1 O :       1.5200  ang
	  2 O :       1.5200  ang
	  3 C :       1.8500  ang
	  4 C :       1.8500  ang
	  5 C :       1.8500  ang
	  6 H :       1.2000  ang
	  7 H :       1.2000  ang
	  8 H :       1.2000  ang
	  9 H :       1.2000  ang
	 10 H :       1.2000  ang
	 11 H :       1.2000  ang
 Solvent Alpha                       : 1.1700000000 

 ## Effective Born Radius (bohr) ##
   0   3.9808523239 
   1   3.6268613459 
   2   3.8732794230 
   3   4.1680531818 
   4   3.8463797307 
   5   3.1038670402 
   6   3.0999798692 
   7   3.0908633305 
   8   3.0969533923 
   9   2.9731125448 
  10   3.0886731601 

 Effective Born Radii:
	  1 O :       2.1066  ang
	  2 O :       1.9193  ang
	  3 C :       2.0497  ang
	  4 C :       2.2056  ang
	  5 C :       2.0354  ang
	  6 H :       1.6425  ang
	  7 H :       1.6404  ang
	  8 H :       1.6356  ang
	  9 H :       1.6388  ang
	 10 H :       1.5733  ang
	 11 H :       1.6345  ang


 Coulomb Integrals:
	  1  1 :       0.2512  bohr^-1
	  1  2 :       0.1877  bohr^-1
	  1  3 :       0.1805  bohr^-1
	  1  4 :       0.2160  bohr^-1
	  1  5 :       0.2192  bohr^-1
	  1  6 :       0.1787  bohr^-1
	  1  7 :       0.1760  bohr^-1
	  1  8 :       0.1514  bohr^-1
	  1  9 :       0.2029  bohr^-1
	  1 10 :       0.2082  bohr^-1
	  1 11 :       0.2030  bohr^-1
	  2  1 :       0.1877  bohr^-1
	  2  2 :       0.2757  bohr^-1
	  2  3 :       0.1819  bohr^-1
	  2  4 :       0.2297  bohr^-1
	  2  5 :       0.1722  bohr^-1
	  2  6 :       0.1580  bohr^-1
	  2  7 :       0.1602  bohr^-1
	  2  8 :       0.1828  bohr^-1
	  2  9 :       0.1796  bohr^-1
	  2 10 :       0.1383  bohr^-1
	  2 11 :       0.1782  bohr^-1
	  3  1 :       0.1805  bohr^-1
	  3  2 :       0.1819  bohr^-1
	  3  3 :       0.2582  bohr^-1
	  3  4 :       0.2123  bohr^-1
	  3  5 :       0.1352  bohr^-1
	  3  6 :       0.2568  bohr^-1
	  3  7 :       0.2568  bohr^-1
	  3  8 :       0.2574  bohr^-1
	  3  9 :       0.1275  bohr^-1
	  3 10 :       0.1190  bohr^-1
	  3 11 :       0.1271  bohr^-1
	  4  1 :       0.2160  bohr^-1
	  4  2 :       0.2297  bohr^-1
	  4  3 :       0.2123  bohr^-1
	  4  4 :       0.2399  bohr^-1
	  4  5 :       0.1786  bohr^-1
	  4  6 :       0.1977  bohr^-1
	  4  7 :       0.1981  bohr^-1
	  4  8 :       0.1986  bohr^-1
	  4  9 :       0.1748  bohr^-1
	  4 10 :       0.1527  bohr^-1
	  4 11 :       0.1741  bohr^-1
	  5  1 :       0.2192  bohr^-1
	  5  2 :       0.1722  bohr^-1
	  5  3 :       0.1352  bohr^-1
	  5  4 :       0.1786  bohr^-1
	  5  5 :       0.2600  bohr^-1
	  5  6 :       0.1296  bohr^-1
	  5  7 :       0.1285  bohr^-1
	  5  8 :       0.1162  bohr^-1
	  5  9 :       0.2577  bohr^-1
	  5 10 :       0.2620  bohr^-1
	  5 11 :       0.2580  bohr^-1
	  6  1 :       0.1787  bohr^-1
	  6  2 :       0.1580  bohr^-1
	  6  3 :       0.2568  bohr^-1
	  6  4 :       0.1977  bohr^-1
	  6  5 :       0.1296  bohr^-1
	  6  6 :       0.3222  bohr^-1
	  6  7 :       0.2352  bohr^-1
	  6  8 :       0.2335  bohr^-1
	  6  9 :       0.1151  bohr^-1
	  6 10 :       0.1169  bohr^-1
	  6 11 :       0.1233  bohr^-1
	  7  1 :       0.1760  bohr^-1
	  7  2 :       0.1602  bohr^-1
	  7  3 :       0.2568  bohr^-1
	  7  4 :       0.1981  bohr^-1
	  7  5 :       0.1285  bohr^-1
	  7  6 :       0.2352  bohr^-1
	  7  7 :       0.3226  bohr^-1
	  7  8 :       0.2339  bohr^-1
	  7  9 :       0.1236  bohr^-1
	  7 10 :       0.1155  bohr^-1
	  7 11 :       0.1139  bohr^-1
	  8  1 :       0.1514  bohr^-1
	  8  2 :       0.1828  bohr^-1
	  8  3 :       0.2574  bohr^-1
	  8  4 :       0.1986  bohr^-1
	  8  5 :       0.1162  bohr^-1
	  8  6 :       0.2335  bohr^-1
	  8  7 :       0.2339  bohr^-1
	  8  8 :       0.3235  bohr^-1
	  8  9 :       0.1115  bohr^-1
	  8 10 :       0.0999  bohr^-1
	  8 11 :       0.1117  bohr^-1
	  9  1 :       0.2029  bohr^-1
	  9  2 :       0.1796  bohr^-1
	  9  3 :       0.1275  bohr^-1
	  9  4 :       0.1748  bohr^-1
	  9  5 :       0.2577  bohr^-1
	  9  6 :       0.1151  bohr^-1
	  9  7 :       0.1236  bohr^-1
	  9  8 :       0.1115  bohr^-1
	  9  9 :       0.3229  bohr^-1
	  9 10 :       0.2357  bohr^-1
	  9 11 :       0.2346  bohr^-1
	 10  1 :       0.2082  bohr^-1
	 10  2 :       0.1383  bohr^-1
	 10  3 :       0.1190  bohr^-1
	 10  4 :       0.1527  bohr^-1
	 10  5 :       0.2620  bohr^-1
	 10  6 :       0.1169  bohr^-1
	 10  7 :       0.1155  bohr^-1
	 10  8 :       0.0999  bohr^-1
	 10  9 :       0.2357  bohr^-1
	 10 10 :       0.3363  bohr^-1
	 10 11 :       0.2359  bohr^-1
	 11  1 :       0.2030  bohr^-1
	 11  2 :       0.1782  bohr^-1
	 11  3 :       0.1271  bohr^-1
	 11  4 :       0.1741  bohr^-1
	 11  5 :       0.2580  bohr^-1
	 11  6 :       0.1233  bohr^-1
	 11  7 :       0.1139  bohr^-1
	 11  8 :       0.1117  bohr^-1
	 11  9 :       0.2346  bohr^-1
	 11 10 :       0.2359  bohr^-1
	 11 11 :       0.3238  bohr^-1


	*Molecular contr. to CDS energy:       0.0000  kcal/mol
	*Total CDS energy:       4.6150  kcal/mol
	*MP2::Polarization Free Energy (au)      : -0.0067518521 
	*MP2::Polarization Free Energy (kcal/mol):      -4.2369 
	*MP2::CDS Free Energy (au)      : 0.0073544974 
	*MP2::CDS Free Energy (kcal/mol):       4.6150 
	*MP2::Total Solvation Free Energy (au)      : 0.0006026453 
	*MP2::Total Solvation Free Energy (kcal/mol):       0.3782 
	GB-MP2 Total Energy (a.u.)         :  -267.63729365789226

	*Total GB-MP2 Energy: -267.63789630319553


 Cpu time for MacroQC :       1.4832 minutes
 Wall time for MacroQC:       0.5183 minutes


 ******************************************************************************************
	 MacroQC terminates normally:) 
 ****************************************************************************************** 

