 ==========================================================================================
 =========                __  ___                         ____  ______            =========
 ======                  /  |/  /___ _______________     / __ \/ ____/               ======
 ====                   / /|_/ / __ `/ ___/ ___/ __ \   / / / / /                      ====
 ===                   / /  / / /_/ / /__/ /  / /_/ /  / /_/ / /___                     ===
 ==                   /_/  /_/\__,_/\___/_/   \____/   \___\_\____/                      ==
 ===                                                                1.0.4                ===
 =====     An electronic structure theory software for large-scale applications       =====
 ======                                 See license.txt for license info             ======
 =========                                                                        =========
 ==========================================================================================
                                                                                           
                           * * * * * * * * * * * * * * * * * * * *                        
                           *            Developed by             *                        
                           *             U. Bozkaya              *                        
                           *                                     *                        
                           *       With contributions from:      *                        
                           *         B. Ermis, Y. Alagoz,        *                        
                           *         A. Unal, and A. K. Uyar     *                        
                           *         Git Version: deab493        *                        
                           *       Latest Revision: 2026-03-23   *                        
                           * * * * * * * * * * * * * * * * * * * *                        


 Run date: Wed Mar 25 09:58:00 2026
 
 Hostname: ub31 

 ## MacroQC input file ##
 ******************************************************************************************
$set_molecule
0 1
O       2.4466458949     0.9598919549    -0.0015340996
C      -0.3151378114     0.1668968373     0.0032934007
C      -1.6891480151    -0.5033455038    -0.0010533987
C       0.8360667855    -0.8315980410    -0.0004143756
C      -2.8411339460     0.5005984378    -0.0005861658
C       2.2121089005    -0.2211582025     0.0003990243
H      -0.2219697597     0.8161342093     0.8769419290
H      -0.2201684401     0.8241784832    -0.8640402363
H      -1.7740076644    -1.1536006050    -0.8771618758
H      -1.7771794754    -1.1579729798     0.8714613554
H       0.7849668352    -1.4983822516    -0.8708714283
H       0.7864814926    -1.5056274876     0.8644426950
H      -3.8085058004    -0.0034137633    -0.0013505391
H      -2.8014208762     1.1453550686    -0.8806572644
H      -2.8018099615     1.1435424937     0.8807968945
H       3.0439110103    -0.9577099732     0.0028803573
$end_molecule


$set_globals
   basis cc-pvdz
  method mp2
  reference rhf
  jobtype energy
  memory 30000
$end_globals


$set_scf
  e_convergence 1.0e-8
  d_convergence 1.0e-6
  guess sad
  solvation true
$end_scf


$set_solvation
  cds_type smd
  radius_type smd
  solvent_params mn21
  dielectric_params mn21 #sm8
  sasa_type numeric
  solvent water
  num_ang_points 100
  charge_type iao_mulliken #iao_lowdin, mulliken, lowdin
  coulomb_radii smd
$end_solvation

$set_dfocc
solvation true
$end_dfocc

 ******************************************************************************************


	-Geometry before Center-of-Mass shift (ang): 
	 Number     Atom               X                    Y                       Z  
	 ---------------------------------------------------------------------------------------
           1     O             2.4466458949          0.9598919549          -0.0015340996  
           2     C            -0.3151378114          0.1668968373           0.0032934007  
           3     C            -1.6891480151         -0.5033455038          -0.0010533987  
           4     C             0.8360667855         -0.8315980410          -0.0004143756  
           5     C            -2.8411339460          0.5005984378          -0.0005861658  
           6     C             2.2121089005         -0.2211582025           0.0003990243  
           7     H            -0.2219697597          0.8161342093           0.8769419290  
           8     H            -0.2201684401          0.8241784832          -0.8640402363  
           9     H            -1.7740076644         -1.1536006050          -0.8771618758  
          10     H            -1.7771794754         -1.1579729798           0.8714613554  
          11     H             0.7849668352         -1.4983822516          -0.8708714283  
          12     H             0.7864814926         -1.5056274876           0.8644426950  
          13     H            -3.8085058004         -0.0034137633          -0.0013505391  
          14     H            -2.8014208762          1.1453550686          -0.8806572644  
          15     H            -2.8018099615          1.1435424937           0.8807968945  
          16     H             3.0439110103         -0.9577099732           0.0028803573  



	-Geometry after Center-of-Mass shift (ang): 
	 Atom               X                    Y                       Z  
	 -------------------------------------------------------------------
     O           2.3454705656          0.9328888099          -0.0015060423  
     C          -0.4163131407          0.1398936923           0.0033214580  
     C          -1.7903233444         -0.5303486488          -0.0010253414  
     C           0.7348914562         -0.8586011860          -0.0003863183  
     C          -2.9423092753          0.4735952928          -0.0005581085  
     C           2.1109335712         -0.2481613475           0.0004270816  
     H          -0.3231450890          0.7891310643           0.8769699863  
     H          -0.3213437694          0.7971753382          -0.8640121790  
     H          -1.8751829937         -1.1806037500          -0.8771338185  
     H          -1.8783548047         -1.1849761248           0.8714894127  
     H           0.6837915059         -1.5253853966          -0.8708433710  
     H           0.6853061633         -1.5326306326           0.8644707523  
     H          -3.9096811297         -0.0304169083          -0.0013224818  
     H          -2.9025962055          1.1183519236          -0.8806292071  
     H          -2.9029852908          1.1165393487           0.8808249518  
     H           2.9427356810         -0.9847131182           0.0029084146  


	-Geometry after Center-of-Mass shift (bohr): 
	 Atom               X                    Y                       Z  
	 -------------------------------------------------------------------
     O           4.4322970042          1.7629043562          -0.0028460075  
     C          -0.7867178184          0.2643607651           0.0062766459  
     C          -3.3832207970         -1.0022136972          -0.0019376145  
     C           1.3887435841         -1.6225210925          -0.0007300358  
     C          -5.5601587068          0.8949653977          -0.0010546723  
     C           3.9890863185         -0.4689569817           0.0008070672  
     H          -0.6106557171          1.4912415886           1.6572330943  
     H          -0.6072517164          1.5064430632          -1.6327463874  
     H          -3.5435822933         -2.2310177502          -1.6575426924  
     H          -3.5495761474         -2.2392803411           1.6468763112  
     H           1.2921786730         -2.8825606353          -1.6456554694  
     H           1.2950409606         -2.8962521471           1.6336129653  
     H          -7.3882265731         -0.0574796263          -0.0024991285  
     H          -5.4851118813          2.1133788475          -1.6641480196  
     H          -5.4858471459          2.1099535774           1.6645179233  
     H           5.5609644966         -1.8608381055           0.0054961070  


    Rotational Constants: A =     0.35078  B =     0.04843  C =      0.04392 [cm^-1] 
    Rotor Type: SYMMETRIC 

	-Nuclear Dipole Moment: (e a0)  
	 X:  -9.17730   Y:  -2.44937   Z:  0.00254   Total:  9.49854 

	-Nuclear Dipole Moment: (D)  
	 X:  -23.32636   Y:  -6.22568   Z:  0.00647   Total:  24.14287 


    Nuclear repulsion energy (V_NN)              : 230.858691429964 
   =====================================================
   Charge                : 0 
   Multiplicity          : 1 
   Number of Atoms       : 16 
   Number of Ghost Atoms : 0 
   Number of Electrons   : 48 
   Number of alpha occupied orbitals (NoccA)  : 24 
   Number of beta occupied orbitals (NoccB)   : 24 
   Number of singly occupied orbitals (Nsocc) : 0 
   Number of doubly occupied orbitals (Ndocc) : 24 
   =====================================================



  ## GLOBALS Options ##

  | TYPE         | KEY                      | INPUT? | VALUE              | DEFAULT            
  |--------------|--------------------------|--------|--------------------|--------------------
  | BOOL         | ERI_DISK                 | NO     | FALSE              | FALSE              
  | BOOL         | FREEZE_CORE              | NO     | TRUE               | TRUE               
  | BOOL         | MOL_FRAG                 | NO     | FALSE              | FALSE              
  | BOOL         | NOCOM                    | NO     | FALSE              | FALSE              
  | BOOL         | NOREORIENT               | NO     | TRUE               | TRUE               
  | BOOL         | PUREAM                   | NO     | TRUE               | TRUE               
  | BOOL         | ML                       | NO     | FALSE              | FALSE              
  | BOOL         | READ_PDB                 | NO     | FALSE              | FALSE              
  | BOOL         | TEST_MODE                | NO     | FALSE              | FALSE              
  | INT          | DERIVE_LEVEL             | NO     | 0                  | 0                  
  | INT          | FINDIF_POINTS            | NO     | 3                  | 3                  
  | INT          | MEMORY                   | YES    | 30000              | 2000               
  | INT          | NUM_THREADS              | NO     | 1                  | 1                  
  | INT          | NUM_FROZEN_DOCC          | NO     | 0                  | 0                  
  | INT          | NUM_FROZEN_VIR           | NO     | 0                  | 0                  
  | INT          | PRINT_LEVEL              | NO     | 0                  | 0                  
  | STRING       | AUX_BASIS_CORR           | NO     | CC-PVDZ-RI         | CC-PVDZ-RI         
  | STRING       | AUX_BASIS_SCF            | NO     | CC-PVDZ-JKFIT      | CC-PVDZ-JKFIT      
  | STRING       | BASIS                    | YES    | CC-PVDZ            | CC-PVDZ            
  | STRING       | BASIS2                   | NO     | MINAO              | MINAO              
  | STRING       | DERIVE_TYPE              | NO     | ANALYTIC           | ANALYTIC           
  | STRING       | FINDIF_METHOD            | NO     | GRAD               | GRAD               
  | STRING       | GEOM_UNITS               | NO     | ANG                | ANG                
  | STRING       | JOBTYPE                  | YES    | ENERGY             | ENERGY             
  | STRING       | METHOD                   | YES    | MP2                | SCF                
  | STRING       | REFERENCE                | YES    | RHF                | RHF                
  | STRING       | OUTFILE_MODE             | NO     | NEW                | NEW                
  | DOUBLE       | STEP_BOHR                | NO     | 0.05               | 0.05               
  | STR_ARRAY    | MOLECULE_GEOM_FROM       | NO     | [input]            | [input]            
  | DOUBLE_ARRAY | ELECTRIC_STRENGTH        | NO     | [0.001;0.001;0.001]| [0.001;0.001;0.001]
  | STRING       | ELECTRIC_FIELD           | NO     | NONE               | NONE               
  | STRING       | ALIGN_TWO_ATOMS          | NO     | NONE               | NONE               
  | INT_ARRAY    | TWO_ATOMS                | NO     | [0]                | [0]                



  ## INTS Options ##

  | TYPE         | KEY                      | INPUT? | VALUE              | DEFAULT            
  |--------------|--------------------------|--------|--------------------|--------------------
  | DOUBLE       | BOYS_CUTOFF              | NO     | 1e-15              | 1e-15              
  | DOUBLE       | BOYS_ZERO                | NO     | 1e-06              | 1e-06              
  | DOUBLE       | DELTA_X                  | NO     | 0.1                | 0.1                
  | DOUBLE       | INTEGRAL_CUTOFF          | NO     | 1e-10              | 1e-10              
  | DOUBLE       | X_MAX                    | NO     | 30.0               | 30.0               
  | INT          | BOYS_MAXITER             | NO     | 10000              | 10000              
  | INT          | MAX_AM                   | NO     | 7                  | 7                  
  | INT          | MAX_AM_AUX               | NO     | 7                  | 7                  
  | INT          | PRINT_LEVEL              | NO     | 0                  | 0                  
  | INT          | TAYLOR_ORDER             | NO     | 6                  | 6                  
  | STRING       | 3INDEX_ALGORITHM         | NO     | AUTO               | AUTO               
  | STRING       | BOYS_METHOD              | NO     | GHP                | GHP                
  | STRING       | ERI_ALGORITHM            | NO     | MD4                | MD4                


	Initializing Liboeprop (by U. Bozkaya) ...

	*=================================================================*
	*                  SCF                                            *
	*   Developed by U. Bozkaya & Y. Alagoz                           *
	*   Latest revision Feb 16, 2021                                  *
	*=================================================================*



  ## SCF Options ##

  | TYPE         | KEY                      | INPUT? | VALUE              | DEFAULT            
  |--------------|--------------------------|--------|--------------------|--------------------
  | BOOL         | DIIS_DAMP                | NO     | FALSE              | FALSE              
  | BOOL         | DIE_IF_NOT_CONVERGED     | NO     | TRUE               | TRUE               
  | BOOL         | DO_DF                    | NO     | TRUE               | TRUE               
  | BOOL         | DIIS                     | NO     | TRUE               | TRUE               
  | BOOL         | FOCK_DAMP                | NO     | FALSE              | FALSE              
  | BOOL         | GUESS_MIX                | NO     | FALSE              | FALSE              
  | BOOL         | GUESS_PREVIOUS           | NO     | FALSE              | FALSE              
  | BOOL         | LOCAL                    | NO     | FALSE              | FALSE              
  | BOOL         | RETRY                    | NO     | TRUE               | TRUE               
  | DOUBLE       | CUTOFF                   | NO     | 1e-10              | 1e-10              
  | DOUBLE       | D_CONVERGENCE            | YES    | 1e-06              | 1e-06              
  | DOUBLE       | DAMP_PARAM               | NO     | 0.02               | 0.02               
  | DOUBLE       | E_CONVERGENCE            | YES    | 1e-08              | 1e-08              
  | DOUBLE       | FOCK_DAMP_PERC           | NO     | 20.0               | 20.0               
  | DOUBLE       | MIN_OVERLAP_EIGVAL       | NO     | 1e-06              | 1e-06              
  | DOUBLE       | LOCAL_CONVERGENCE        | NO     | 1e-08              | 1e-08              
  | DOUBLE       | QC_GUESS_E_CONVERGENCE   | NO     | 0.0001             | 0.0001             
  | DOUBLE       | QC_GUESS_D_CONVERGENCE   | NO     | 0.005              | 0.005              
  | INT          | MAX_DIIS                 | NO     | 6                  | 6                  
  | INT          | MIN_DIIS                 | NO     | 2                  | 2                  
  | INT          | PRINT_LEVEL              | NO     | 0                  | 0                  
  | INT          | SCF_MAXITER              | NO     | 50                 | 50                 
  | INT          | LOCAL_MAXITER            | NO     | 50                 | 50                 
  | STRING       | DIIS_ALGORITHM           | NO     | DISK               | DISK               
  | STRING       | GUESS                    | YES    | SAD                | SAD                
  | BOOL         | MO_WRITE                 | NO     | FALSE              | FALSE              
  | BOOL         | FOCK_WRITE               | NO     | FALSE              | FALSE              
  | STRING       | ORTH_TYPE                | NO     | CANONICAL          | CANONICAL          
  | STRING       | ROHF_CANONIC_TYPE        | NO     | GUEST              | GUEST              
  | STRING       | ERI                      | NO     | INCORE             | INCORE             
  | STRING       | SCF_ALGORITHM            | NO     | ROOTHAAN           | ROOTHAAN           
  | STRING       | LOCAL_TYPE               | NO     | BOYS               | BOYS               
  | BOOL         | SAD_FRAC_OCC             | NO     | TRUE               | TRUE               
  | BOOL         | SAD_SPIN_AVERAGE         | NO     | TRUE               | TRUE               
  | DOUBLE       | SAD_E_CONVERGENCE        | NO     | 1e-05              | 1e-05              
  | DOUBLE       | SAD_D_CONVERGENCE        | NO     | 1e-05              | 1e-05              
  | INT          | SAD_MAXITER              | NO     | 50                 | 50                 
  | BOOL         | NIE                      | NO     | FALSE              | FALSE              
  | BOOL         | SAD_DIIS                 | NO     | TRUE               | TRUE               
  | INT          | SAD_MAX_DIIS             | NO     | 6                  | 6                  
  | INT          | SAD_MIN_DIIS             | NO     | 2                  | 2                  
  | INT          | SAD_PRINT                | NO     | 0                  | 0                  
  | STRING       | SAD_AUX_BASIS            | NO     | SAD-FIT            | SAD-FIT            
  | DOUBLE       | SAD_CHOLESKY_TOLERANCE   | NO     | 1e-07              | 1e-07              
  | BOOL         | SOLVATION                | YES    | TRUE               | FALSE              
  | BOOL         | BYPASS                   | NO     | FALSE              | FALSE              
  | STRING       | IAO_TYPE                 | NO     | STANDARD2013       | STANDARD2013       
  | BOOL         | USE_IAOS                 | NO     | FALSE              | FALSE              

	Initializing libdiis ...
	Initializing libmolint 1.1 ...
 CC-PVDZ primary basis set file will be read for the O atom...
 CC-PVDZ primary basis set file will be read for the C atom...
 CC-PVDZ primary basis set file will be read for the H atom...
 Nmaxthread: 24 
 Nshell: 66 
 Lmax:  2 
 Npmax:  8 
 Nao: 134 
 Ndocc: 24 
 Nsocc:  0 
 NoccA: 24 
 NoccB: 24 
 Primary basis set info has been read.

 CC-PVDZ-JKFIT aux basis set file will be read for the O atom...
 CC-PVDZ-JKFIT aux basis set file will be read for the C atom...
 CC-PVDZ-JKFIT aux basis set file will be read for the H atom...
 Nshell_aux: 234 
 Naux: 650 
 Aux basis set info has been read.

 orth_type: CANONICAL 
 Cpu time for S ints :       0.0300 s
 Wall time for S ints:       0.0308 s

 Using canonical orthogonalization. 
 Minimum eigenvalue in the overlap matrix is:   2.4683E-03 

 Cpu time for T ints :       0.2200 s
 Wall time for T ints:       0.0545 s
 Cpu time for V ints :       0.9600 s
 Wall time for V ints:       0.3721 s
 Cpu time for Metric ints :       1.3500 s
 Wall time for Metric ints:       0.3989 s
 3-Index Algorithm: AUTO 

 Calling fortran integrals: ringing... 
 Done with fintegrals.

 Cpu time for 3-index ints :       5.9200 s
 Wall time for 3-index ints:       2.2481 s
 Cpu time for df-factors :       0.5400 s
 Wall time for df-factors:       0.1530 s


 Puream (True=1, False=0) : 1
 Number of AO             : 134
 Number of MO             : 134
 Number of Aux Functions  : 650
 Charge                   : 0
 Multiplicity             : 1
 Alpha OCC                : 24
 Beta OCC                 : 24
 Nuclear Repulsion Energy : 230.85869143
 Energy Treshold          : 1.0e-08
 Density Treshold         : 1.0e-06
 Iteration Limit          : 50
 Guess                    : SAD
 Guess Mix                : false
 Diis                     : true
 Diis Damping             : false
 Diis Damp Parameter      : 0.02
 Diis Algorithm           : DISK
 Cutoff Treshold          : 1.0e-10
 Density Fitting          : true
 Reference                : RHF
 Die If Not Converged     : true
 Print Level              : 0
 ERI Algorithm            : INCORE
 SCF Algorithm            : ROOTHAAN




  ## SOLVATION Options ##

  | TYPE         | KEY                      | INPUT? | VALUE              | DEFAULT            
  |--------------|--------------------------|--------|--------------------|--------------------
  | INT          | NUM_Z_POINTS             | NO     | 90                 | 90                 
  | INT          | NUM_ANG_POINTS           | YES    | 100                | 100                
  | STRING       | SASA_TYPE                | YES    | NUMERIC            | NUMERIC            
  | STRING       | CHARGE_TYPE              | YES    | IAO_MULLIKEN       | IAO_MULLIKEN       
  | STRING       | CDS_TYPE                 | YES    | SMD                | SMD                
  | STRING       | SOLVENT                  | YES    | WATER              | WATER              
  | STRING       | SOLVENT_PARAMS           | YES    | MN21               | SM8                
  | STRING       | DIELECTRIC_PARAMS        | YES    | MN21               | MN21               
  | STRING       | COULOMB_RADII            | YES    | SMD                | SMD                
  | DOUBLE       | COVALENT_VW_CONST        | NO     | 0.76               | 0.76               
  | DOUBLE       | SOLVENT_RADIUS           | NO     | 0.4                | 0.4                
  | STRING       | RADIUS_TYPE              | YES    | SMD                | SMD                
  | DOUBLE       | GB_DIJ                   | NO     | 3.7                | 3.7                
  | DOUBLE       | GB_SIJ                   | NO     | 0.75               | 0.75               
  | DOUBLE       | GB_CIJ                   | NO     | 0.0                | 0.0                
  | DOUBLE       | F_PWSASA                 | NO     | 0.4535             | 0.4535             
  | DOUBLE       | SCALE_VDW                | NO     | 1.0                | 1.0                
  | DOUBLE       | SCALE_CR                 | NO     | 1.0                | 1.0                



 Sasa Type                  : NUMERIC 
 Charge Type                : IAO_MULLIKEN 
 CDS Type                   : SMD 
 Radius Type                : SMD 
 Solvent                    : WATER 
 Solvent Parameters         : MN21 
 Dielectric Parameters      : MN21 
 Coulomb Radii Parameters   : SMD 
 GB d_ij parameter          : 3.7000000000 
 GB S_ij parameter          : 0.7500000000 
 GB C_ij parameter          : 0.0000000000 
 Sclae_vdw parameter        : 1.0000000000 
 Number of z-points         : 90 
 Number of angular points   : 100 
 Number of SASA grid points : 17902 
 Solvent Dielectric Constant: 78.3553000000 

 VDW Radii:
	  1 O :       1.5200  ang
	  2 C :       1.7000  ang
	  3 C :       1.7000  ang
	  4 C :       1.7000  ang
	  5 C :       1.7000  ang
	  6 C :       1.7000  ang
	  7 H :       1.2000  ang
	  8 H :       1.2000  ang
	  9 H :       1.2000  ang
	 10 H :       1.2000  ang
	 11 H :       1.2000  ang
	 12 H :       1.2000  ang
	 13 H :       1.2000  ang
	 14 H :       1.2000  ang
	 15 H :       1.2000  ang
	 16 H :       1.2000  ang

	 Computing SASA... 

 Atomic SASA values:
	  1 O :      23.9205  ang^2
	  2 C :       2.3991  ang^2
	  3 C :       3.6435  ang^2
	  4 C :       3.5042  ang^2
	  5 C :       9.0949  ang^2
	  6 C :      11.9119  ang^2
	  7 H :      10.9689  ang^2
	  8 H :      10.9294  ang^2
	  9 H :      11.7578  ang^2
	 10 H :      11.7596  ang^2
	 11 H :      11.7739  ang^2
	 12 H :      11.7937  ang^2
	 13 H :      13.0031  ang^2
	 14 H :      12.1837  ang^2
	 15 H :      12.1747  ang^2
	 16 H :      13.3212  ang^2

	*Total SASA (angs^2): 174.1401209729 


 Coulomb Radii:
	  1 O :       1.5200  ang
	  2 C :       1.8500  ang
	  3 C :       1.8500  ang
	  4 C :       1.8500  ang
	  5 C :       1.8500  ang
	  6 C :       1.8500  ang
	  7 H :       1.2000  ang
	  8 H :       1.2000  ang
	  9 H :       1.2000  ang
	 10 H :       1.2000  ang
	 11 H :       1.2000  ang
	 12 H :       1.2000  ang
	 13 H :       1.2000  ang
	 14 H :       1.2000  ang
	 15 H :       1.2000  ang
	 16 H :       1.2000  ang
 Solvent Alpha                       : 1.1700000000 

 ## Effective Born Radius (bohr) ##
   0   3.5120989380 
   1   4.5406340154 
   2   4.3689894939 
   3   4.3483156572 
   4   4.0208466100 
   5   4.0621260453 
   6   3.6041387794 
   7   3.6059526805 
   8   3.4680813155 
   9   3.4674537586 
  10   3.4468151524 
  11   3.4454071645 
  12   3.1085928491 
  13   3.1966151850 
  14   3.1971911364 
  15   3.0241851739 

 Effective Born Radii:
	  1 O :       1.8585  ang
	  2 C :       2.4028  ang
	  3 C :       2.3120  ang
	  4 C :       2.3010  ang
	  5 C :       2.1277  ang
	  6 C :       2.1496  ang
	  7 H :       1.9072  ang
	  8 H :       1.9082  ang
	  9 H :       1.8352  ang
	 10 H :       1.8349  ang
	 11 H :       1.8240  ang
	 12 H :       1.8232  ang
	 13 H :       1.6450  ang
	 14 H :       1.6916  ang
	 15 H :       1.6919  ang
	 16 H :       1.6003  ang


 Coulomb Integrals:
	  1  1 :       0.2847  bohr^-1
	  1  2 :       0.1598  bohr^-1
	  1  3 :       0.1168  bohr^-1
	  1  4 :       0.1787  bohr^-1
	  1  5 :       0.0987  bohr^-1
	  1  6 :       0.2350  bohr^-1
	  1  7 :       0.1686  bohr^-1
	  1  8 :       0.1689  bohr^-1
	  1  9 :       0.1089  bohr^-1
	  1 10 :       0.1088  bohr^-1
	  1 11 :       0.1585  bohr^-1
	  1 12 :       0.1584  bohr^-1
	  1 13 :       0.0835  bohr^-1
	  1 14 :       0.0989  bohr^-1
	  1 15 :       0.0989  bohr^-1
	  1 16 :       0.2143  bohr^-1
	  2  1 :       0.1598  bohr^-1
	  2  2 :       0.2202  bohr^-1
	  2  3 :       0.1959  bohr^-1
	  2  4 :       0.1964  bohr^-1
	  2  5 :       0.1664  bohr^-1
	  2  6 :       0.1656  bohr^-1
	  2  7 :       0.2264  bohr^-1
	  2  8 :       0.2263  bohr^-1
	  2  9 :       0.1875  bohr^-1
	  2 10 :       0.1875  bohr^-1
	  2 11 :       0.1869  bohr^-1
	  2 12 :       0.1869  bohr^-1
	  2 13 :       0.1417  bohr^-1
	  2 14 :       0.1647  bohr^-1
	  2 15 :       0.1648  bohr^-1
	  2 16 :       0.1407  bohr^-1
	  3  1 :       0.1168  bohr^-1
	  3  2 :       0.1959  bohr^-1
	  3  3 :       0.2289  bohr^-1
	  3  4 :       0.1648  bohr^-1
	  3  5 :       0.2050  bohr^-1
	  3  6 :       0.1266  bohr^-1
	  3  7 :       0.1874  bohr^-1
	  3  8 :       0.1873  bohr^-1
	  3  9 :       0.2337  bohr^-1
	  3 10 :       0.2337  bohr^-1
	  3 11 :       0.1640  bohr^-1
	  3 12 :       0.1639  bohr^-1
	  3 13 :       0.1938  bohr^-1
	  3 14 :       0.1926  bohr^-1
	  3 15 :       0.1926  bohr^-1
	  3 16 :       0.1096  bohr^-1
	  4  1 :       0.1787  bohr^-1
	  4  2 :       0.1964  bohr^-1
	  4  3 :       0.1648  bohr^-1
	  4  4 :       0.2300  bohr^-1
	  4  5 :       0.1269  bohr^-1
	  4  6 :       0.2054  bohr^-1
	  4  7 :       0.1882  bohr^-1
	  4  8 :       0.1881  bohr^-1
	  4  9 :       0.1651  bohr^-1
	  4 10 :       0.1651  bohr^-1
	  4 11 :       0.2346  bohr^-1
	  4 12 :       0.2346  bohr^-1
	  4 13 :       0.1103  bohr^-1
	  4 14 :       0.1213  bohr^-1
	  4 15 :       0.1213  bohr^-1
	  4 16 :       0.1937  bohr^-1
	  5  1 :       0.0987  bohr^-1
	  5  2 :       0.1664  bohr^-1
	  5  3 :       0.2050  bohr^-1
	  5  4 :       0.1269  bohr^-1
	  5  5 :       0.2487  bohr^-1
	  5  6 :       0.1018  bohr^-1
	  5  7 :       0.1661  bohr^-1
	  5  8 :       0.1661  bohr^-1
	  5  9 :       0.1935  bohr^-1
	  5 10 :       0.1936  bohr^-1
	  5 11 :       0.1213  bohr^-1
	  5 12 :       0.1213  bohr^-1
	  5 13 :       0.2528  bohr^-1
	  5 14 :       0.2499  bohr^-1
	  5 15 :       0.2499  bohr^-1
	  5 16 :       0.0871  bohr^-1
	  6  1 :       0.2350  bohr^-1
	  6  2 :       0.1656  bohr^-1
	  6  3 :       0.1266  bohr^-1
	  6  4 :       0.2054  bohr^-1
	  6  5 :       0.1018  bohr^-1
	  6  6 :       0.2462  bohr^-1
	  6  7 :       0.1655  bohr^-1
	  6  8 :       0.1656  bohr^-1
	  6  9 :       0.1223  bohr^-1
	  6 10 :       0.1223  bohr^-1
	  6 11 :       0.1956  bohr^-1
	  6 12 :       0.1956  bohr^-1
	  6 13 :       0.0876  bohr^-1
	  6 14 :       0.0996  bohr^-1
	  6 15 :       0.0996  bohr^-1
	  6 16 :       0.2535  bohr^-1
	  7  1 :       0.1686  bohr^-1
	  7  2 :       0.2264  bohr^-1
	  7  3 :       0.1874  bohr^-1
	  7  4 :       0.1882  bohr^-1
	  7  5 :       0.1661  bohr^-1
	  7  6 :       0.1655  bohr^-1
	  7  7 :       0.2775  bohr^-1
	  7  8 :       0.2172  bohr^-1
	  7  9 :       0.1591  bohr^-1
	  7 10 :       0.1819  bohr^-1
	  7 11 :       0.1588  bohr^-1
	  7 12 :       0.1813  bohr^-1
	  7 13 :       0.1356  bohr^-1
	  7 14 :       0.1577  bohr^-1
	  7 15 :       0.1805  bohr^-1
	  7 16 :       0.1348  bohr^-1
	  8  1 :       0.1689  bohr^-1
	  8  2 :       0.2263  bohr^-1
	  8  3 :       0.1873  bohr^-1
	  8  4 :       0.1881  bohr^-1
	  8  5 :       0.1661  bohr^-1
	  8  6 :       0.1656  bohr^-1
	  8  7 :       0.2172  bohr^-1
	  8  8 :       0.2773  bohr^-1
	  8  9 :       0.1818  bohr^-1
	  8 10 :       0.1591  bohr^-1
	  8 11 :       0.1813  bohr^-1
	  8 12 :       0.1588  bohr^-1
	  8 13 :       0.1356  bohr^-1
	  8 14 :       0.1805  bohr^-1
	  8 15 :       0.1579  bohr^-1
	  8 16 :       0.1348  bohr^-1
	  9  1 :       0.1089  bohr^-1
	  9  2 :       0.1875  bohr^-1
	  9  3 :       0.2337  bohr^-1
	  9  4 :       0.1651  bohr^-1
	  9  5 :       0.1935  bohr^-1
	  9  6 :       0.1223  bohr^-1
	  9  7 :       0.1591  bohr^-1
	  9  8 :       0.1818  bohr^-1
	  9  9 :       0.2883  bohr^-1
	  9 10 :       0.2218  bohr^-1
	  9 11 :       0.1802  bohr^-1
	  9 12 :       0.1578  bohr^-1
	  9 13 :       0.1876  bohr^-1
	  9 14 :       0.1856  bohr^-1
	  9 15 :       0.1611  bohr^-1
	  9 16 :       0.1072  bohr^-1
	 10  1 :       0.1088  bohr^-1
	 10  2 :       0.1875  bohr^-1
	 10  3 :       0.2337  bohr^-1
	 10  4 :       0.1651  bohr^-1
	 10  5 :       0.1936  bohr^-1
	 10  6 :       0.1223  bohr^-1
	 10  7 :       0.1819  bohr^-1
	 10  8 :       0.1591  bohr^-1
	 10  9 :       0.2218  bohr^-1
	 10 10 :       0.2884  bohr^-1
	 10 11 :       0.1578  bohr^-1
	 10 12 :       0.1800  bohr^-1
	 10 13 :       0.1877  bohr^-1
	 10 14 :       0.1611  bohr^-1
	 10 15 :       0.1856  bohr^-1
	 10 16 :       0.1072  bohr^-1
	 11  1 :       0.1585  bohr^-1
	 11  2 :       0.1869  bohr^-1
	 11  3 :       0.1640  bohr^-1
	 11  4 :       0.2346  bohr^-1
	 11  5 :       0.1213  bohr^-1
	 11  6 :       0.1956  bohr^-1
	 11  7 :       0.1588  bohr^-1
	 11  8 :       0.1813  bohr^-1
	 11  9 :       0.1802  bohr^-1
	 11 10 :       0.1578  bohr^-1
	 11 11 :       0.2901  bohr^-1
	 11 12 :       0.2233  bohr^-1
	 11 13 :       0.1071  bohr^-1
	 11 14 :       0.1172  bohr^-1
	 11 15 :       0.1096  bohr^-1
	 11 16 :       0.1894  bohr^-1
	 12  1 :       0.1584  bohr^-1
	 12  2 :       0.1869  bohr^-1
	 12  3 :       0.1639  bohr^-1
	 12  4 :       0.2346  bohr^-1
	 12  5 :       0.1213  bohr^-1
	 12  6 :       0.1956  bohr^-1
	 12  7 :       0.1813  bohr^-1
	 12  8 :       0.1588  bohr^-1
	 12  9 :       0.1578  bohr^-1
	 12 10 :       0.1800  bohr^-1
	 12 11 :       0.2233  bohr^-1
	 12 12 :       0.2902  bohr^-1
	 12 13 :       0.1070  bohr^-1
	 12 14 :       0.1095  bohr^-1
	 12 15 :       0.1171  bohr^-1
	 12 16 :       0.1896  bohr^-1
	 13  1 :       0.0835  bohr^-1
	 13  2 :       0.1417  bohr^-1
	 13  3 :       0.1938  bohr^-1
	 13  4 :       0.1103  bohr^-1
	 13  5 :       0.2528  bohr^-1
	 13  6 :       0.0876  bohr^-1
	 13  7 :       0.1356  bohr^-1
	 13  8 :       0.1356  bohr^-1
	 13  9 :       0.1876  bohr^-1
	 13 10 :       0.1877  bohr^-1
	 13 11 :       0.1071  bohr^-1
	 13 12 :       0.1070  bohr^-1
	 13 13 :       0.3217  bohr^-1
	 13 14 :       0.2328  bohr^-1
	 13 15 :       0.2328  bohr^-1
	 13 16 :       0.0765  bohr^-1
	 14  1 :       0.0989  bohr^-1
	 14  2 :       0.1647  bohr^-1
	 14  3 :       0.1926  bohr^-1
	 14  4 :       0.1213  bohr^-1
	 14  5 :       0.2499  bohr^-1
	 14  6 :       0.0996  bohr^-1
	 14  7 :       0.1577  bohr^-1
	 14  8 :       0.1805  bohr^-1
	 14  9 :       0.1856  bohr^-1
	 14 10 :       0.1611  bohr^-1
	 14 11 :       0.1172  bohr^-1
	 14 12 :       0.1095  bohr^-1
	 14 13 :       0.2328  bohr^-1
	 14 14 :       0.3128  bohr^-1
	 14 15 :       0.2312  bohr^-1
	 14 16 :       0.0843  bohr^-1
	 15  1 :       0.0989  bohr^-1
	 15  2 :       0.1648  bohr^-1
	 15  3 :       0.1926  bohr^-1
	 15  4 :       0.1213  bohr^-1
	 15  5 :       0.2499  bohr^-1
	 15  6 :       0.0996  bohr^-1
	 15  7 :       0.1805  bohr^-1
	 15  8 :       0.1579  bohr^-1
	 15  9 :       0.1611  bohr^-1
	 15 10 :       0.1856  bohr^-1
	 15 11 :       0.1096  bohr^-1
	 15 12 :       0.1171  bohr^-1
	 15 13 :       0.2328  bohr^-1
	 15 14 :       0.2312  bohr^-1
	 15 15 :       0.3128  bohr^-1
	 15 16 :       0.0843  bohr^-1
	 16  1 :       0.2143  bohr^-1
	 16  2 :       0.1407  bohr^-1
	 16  3 :       0.1096  bohr^-1
	 16  4 :       0.1937  bohr^-1
	 16  5 :       0.0871  bohr^-1
	 16  6 :       0.2535  bohr^-1
	 16  7 :       0.1348  bohr^-1
	 16  8 :       0.1348  bohr^-1
	 16  9 :       0.1072  bohr^-1
	 16 10 :       0.1072  bohr^-1
	 16 11 :       0.1894  bohr^-1
	 16 12 :       0.1896  bohr^-1
	 16 13 :       0.0765  bohr^-1
	 16 14 :       0.0843  bohr^-1
	 16 15 :       0.0843  bohr^-1
	 16 16 :       0.3307  bohr^-1
    ===> SCF Iteration Started <===

     Iter. |                   Energy |       Delta E |          Drms |
    -------|--------------------------|---------------|---------------|
         1 |      -269.14203039602717 |    -2.691e+02 |     1.196e-02 |
         2 |      -269.85092329008319 |    -7.089e-01 |     5.081e-03 | DIIS
         3 |      -269.99230812765040 |    -1.414e-01 |     1.590e-03 | DIIS
         4 |      -270.03837469671589 |    -4.607e-02 |     3.195e-04 | DIIS
         5 |      -270.04187802041929 |    -3.503e-03 |     2.444e-04 | DIIS
         6 |      -270.04243534486659 |    -5.573e-04 |     7.862e-05 | DIIS
         7 |      -270.04247135914352 |    -3.601e-05 |     4.576e-05 | DIIS
         8 |      -270.04247979408524 |    -8.435e-06 |     2.191e-05 | DIIS
         9 |      -270.04248174864756 |    -1.955e-06 |     7.020e-06 | DIIS
        10 |      -270.04248220322279 |    -4.546e-07 |     1.023e-06 | DIIS
        11 |      -270.04248223962406 |    -3.640e-08 |     3.050e-07 | DIIS
        12 |      -270.04248224840239 |    -8.778e-09 |     1.127e-07 | DIIS


	-Alpha Occupied Orbital Energies (au):  
	 1: -20.5300274695 	 2: -11.3070086310 	 3: -11.2170575984 	 4: -11.2016642974 	 5: -11.2007160880 
	 6: -11.1937199848 	 7: -1.3672184818 	 8: -1.0618494489 	 9: -0.9884464545 	10: -0.8814568001 
	11: -0.7851300534 	12: -0.7408198168 	13: -0.6426024174 	14: -0.6264404242 	15: -0.5987031419 
	16: -0.5671827948 	17: -0.5566093024 	18: -0.5053166709 	19: -0.4966880229 	20: -0.4627558622 
	21: -0.4587627683 	22: -0.4491030873 	23: -0.4421545065 	24: -0.3850587615 
	-Alpha Virtual Orbital Energies (au):  
	25: 0.1839657671 	26: 0.1919861225 	27: 0.2075750135 	28: 0.2278281116 	29: 0.2369865063 
	30: 0.2445330855 	31: 0.2804907614 	32: 0.2906292127 	33: 0.2926218117 	34: 0.2999255430 
	35: 0.3222659373 	36: 0.3784318443 	37: 0.3881712885 	38: 0.4224560721 	39: 0.4682960629 
	40: 0.4926992889 	41: 0.5931658651 	42: 0.5976701289 	43: 0.6078496427 	44: 0.6477630773 
	45: 0.6511298669 	46: 0.6945606295 	47: 0.7264690335 	48: 0.7578937998 	49: 0.7843527236 
	50: 0.8528160151 	51: 0.8603252560 	52: 0.8702221310 	53: 0.8835599799 	54: 0.8963106181 
	55: 0.8975127850 	56: 0.9022284768 	57: 0.9069537181 	58: 0.9141181172 	59: 0.9224176888 
	60: 0.9304165893 	61: 0.9425410545 	62: 0.9642048692 	63: 0.9742625222 	64: 0.9884817799 
	65: 1.0339741201 	66: 1.0610539469 	67: 1.1095996878 	68: 1.1195201141 	69: 1.2362951602 
	70: 1.2477226661 	71: 1.2958621823 	72: 1.3665790184 	73: 1.3719113383 	74: 1.3794372661 
	75: 1.4464229937 	76: 1.4644800813 	77: 1.4685755584 	78: 1.5160078752 	79: 1.5903636052 
	80: 1.6312656543 	81: 1.6745218011 	82: 1.6945625415 	83: 1.7101360517 	84: 1.7434705223 
	85: 1.8189745756 	86: 1.8515152760 	87: 1.8648942884 	88: 1.8840035239 	89: 1.8993162050 
	90: 1.9095418250 	91: 1.9100405119 	92: 1.9212335699 	93: 1.9593079901 	94: 1.9732730603 
	95: 1.9739887004 	96: 1.9788241311 	97: 1.9862712547 	98: 2.0179630949 	99: 2.0283788337 
	100: 2.0510557642 	101: 2.0631202871 	102: 2.0682119122 	103: 2.0966851522 	104: 2.1085567470 
	105: 2.1849880921 	106: 2.2270748408 	107: 2.2394111884 	108: 2.2868593936 	109: 2.2965573968 
	110: 2.3849874980 	111: 2.3883234611 	112: 2.4587708085 	113: 2.5148367658 	114: 2.5243797393 
	115: 2.5422267088 	116: 2.5927899391 	117: 2.6174984467 	118: 2.6337738307 	119: 2.6735918971 
	120: 2.7445511409 	121: 2.7482397189 	122: 2.7724732122 	123: 2.8421500907 	124: 2.8639632702 
	125: 2.8712615000 	126: 2.9413314944 	127: 2.9982828455 	128: 3.0298414431 	129: 3.0665025641 
	130: 3.1143167887 	131: 3.1820468949 	132: 3.4770613171 	133: 3.7537261953 	134: 3.8681078340 



	-Mulliken Population Analysis for SCF:
	 1: -0.3175069014 	 2: -0.0541254516 	 3: -0.0968700541 	 4: -0.1205242995 	 5: -0.0190295352 
	 6: 0.2734407346 	 7: 0.0404799813 	 8: 0.0407276023 	 9: 0.0232874662 	10: 0.0233153395 
	11: 0.0501768092 	12: 0.0499105133 	13: 0.0292869424 	14: 0.0299344066 	15: 0.0298795402 
	16: 0.0176169064 

	-Lowdin Population Analysis for SCF:  
	 1: -0.0757832175 	 2: -0.0283470119 	 3: -0.0398453831 	 4: -0.0659045500 	 5: -0.0480952131 
	 6: 0.0411661601 	 7: 0.0247461164 	 8: 0.0248206665 	 9: 0.0167472192 	10: 0.0167607173 
	11: 0.0352979297 	12: 0.0350911372 	13: 0.0218372826 	14: 0.0206506638 	15: 0.0206436397 
	16: 0.0002138431 

	-Electronic Dipole Moment: (e a0)  
	 X:  8.72622   Y:  1.40328   Z:  -0.00150   Total:  8.83833 

	-Electronic Dipole Moment: (D)  
	 X:  22.17983   Y:  3.56679   Z:  -0.00380   Total:  22.46479 

	-Total Dipole Moment: (e a0)  
	 X:  -0.45108   Y:  -1.04609   Z:  0.00105   Total:  1.13920 

	-Total Dipole Moment: (D)  
	 X:  -1.14653   Y:  -2.65889   Z:  0.00266   Total:  2.89556 



	Initializing Liboeprop (by U. Bozkaya) ...


	-Mulliken Population Analysis for SCF-IAO:
	 1: -0.4564743349 	 2: -0.2102703632 	 3: -0.2021359118 	 4: -0.2676408507 	 5: -0.3548521109 
	 6: 0.3447812073 	 7: 0.1200852889 	 8: 0.1203399282 	 9: 0.1050209652 	10: 0.1050496871 
	11: 0.1281151432 	12: 0.1279320909 	13: 0.1202972376 	14: 0.1166157826 	15: 0.1166044646 
	16: 0.0867266413 

	-Lowdin Population Analysis for SCF-IAO:  
	 1: -0.4564743349 	 2: -0.2102703632 	 3: -0.2021359118 	 4: -0.2676408507 	 5: -0.3548521109 
	 6: 0.3447812073 	 7: 0.1200852889 	 8: 0.1203399282 	 9: 0.1050209652 	10: 0.1050496871 
	11: 0.1281151432 	12: 0.1279320909 	13: 0.1202972376 	14: 0.1166157826 	15: 0.1166044646 
	16: 0.0867266413 

	Initializing Liblocal (by U. Bozkaya) ...
  ==> Pipek-Mezey Localizer <==

    Convergence =   1.000E-08
    Maxiter     =          50

    Iteration                   Metric       Residual
    PM    0   1.4029632796448551E+01              -
    PM    1   2.5753176616146614E+01   8.356273E-01
    PM    2   3.0704309870837744E+01   1.922533E-01
    PM    3   3.0802379192330523E+01   3.193992E-03
    PM    4   3.0803170584564015E+01   2.569257E-05
    PM    5   3.0803177193593108E+01   2.145568E-07
    PM    6   3.0803177307134199E+01   3.686019E-09

    PM Localizer converged.



	*Molecular contr. to CDS energy:       0.0000  kcal/mol
	*Total CDS energy:       4.1553  kcal/mol
	*SCF::Polarization Free Energy (au)      : -0.0087282391 
	*SCF::Polarization Free Energy (kcal/mol):      -5.4771 
	*SCF::CDS Free Energy (au)      : 0.0066219658 
	*SCF::CDS Free Energy (kcal/mol):       4.1553 
	*SCF::Total Solvation Free Energy (au)      : -0.0021062733 
	*SCF::Total Solvation Free Energy (kcal/mol):      -1.3217 
 CC-PVDZ primary basis set file will be read for the O atom...
 CC-PVDZ primary basis set file will be read for the C atom...
 CC-PVDZ primary basis set file will be read for the H atom...
 Nmaxthread: 24 
 Nshell: 66 
 Lmax:  2 
 Npmax:  8 
 Nao: 134 
 Ndocc: 24 
 Nsocc:  0 
 NoccA: 24 
 NoccB: 24 
 Primary basis set info has been read.

 CC-PVDZ-JKFIT aux basis set file will be read for the O atom...
 CC-PVDZ-JKFIT aux basis set file will be read for the C atom...
 CC-PVDZ-JKFIT aux basis set file will be read for the H atom...
 Nshell_aux: 234 
 Naux: 650 
 Aux basis set info has been read.


	*Total SCF Energy: -270.04248224840239

 Cpu time for SCF :       1.4462 minutes
 Wall time for SCF:       0.6202 minutes


	MO spaces... 

	 FC   OCC   VIR   FV 
	----------------------
	  6   18   110    0


	Libtrans is initialized (by U. Bozkaya) ...

 ============================================================================== 
 ============================================================================== 
 ============================================================================== 

                       DF-MP2   
              Program Written by Ugur Bozkaya
              Latest Revision May 2, 2021

 ============================================================================== 
 ============================================================================== 
 ============================================================================== 

	For this residual convergence, default PCG convergence is:     1.00e-07
    Warning: "PCG_CONVERGENCE" option is changed to     1.00e-07


  ## DFOCC Options ##

  | TYPE         | KEY                      | INPUT? | VALUE              | DEFAULT            
  |--------------|--------------------------|--------|--------------------|--------------------
  | BOOL         | EOM                      | NO     | FALSE              | FALSE              
  | BOOL         | EOM_MP2                  | NO     | FALSE              | FALSE              
  | BOOL         | EOM_MP3                  | NO     | FALSE              | FALSE              
  | BOOL         | EOM_MP2_5                | NO     | FALSE              | FALSE              
  | BOOL         | EOM_LCCD                 | NO     | FALSE              | FALSE              
  | BOOL         | LOW_MEM_MP2              | NO     | FALSE              | FALSE              
  | BOOL         | LOW_MEM_MP3              | NO     | FALSE              | FALSE              
  | BOOL         | CD_PRESCREEN             | NO     | FALSE              | FALSE              
  | DOUBLE       | CIS_E_CONV               | NO     | 1e-06              | 1e-06              
  | DOUBLE       | CIS_R_CONV               | NO     | 1e-06              | 1e-06              
  | DOUBLE       | CIS_RES_PRECONDITION_TOL | NO     | 0.0001             | 0.0001             
  | DOUBLE       | DAVIDSON_TOLERANCE       | NO     | 1e-06              | 1e-06              
  | DOUBLE       | E3_SCALE                 | NO     | 0.25               | 0.25               
  | DOUBLE       | E_CONVERGENCE            | NO     | 1e-06              | 1e-06              
  | DOUBLE       | JK_MEMORY                | NO     | 1000000000.0       | 1000000000.0       
  | DOUBLE       | LEVEL_SHIFT              | NO     | 0.02               | 0.02               
  | DOUBLE       | MAX_MOGRAD_CONVERGENCE   | NO     | 0.001              | 0.001              
  | DOUBLE       | MO_STEP_MAX              | NO     | 0.5                | 0.5                
  | DOUBLE       | MP2_OS_SCALE             | NO     | 1.2                | 1.2                
  | DOUBLE       | MP2_SOS_SCALE            | NO     | 1.3                | 1.3                
  | DOUBLE       | MP2_SOS_SCALE2           | NO     | 1.2                | 1.2                
  | DOUBLE       | MP2_SS_SCALE             | NO     | 0.3333333333333333 | 0.3333333333333333 
  | DOUBLE       | OCC_PERCENTAGE           | NO     | 99.0               | 99.0               
  | DOUBLE       | OCC_TOLERANCE            | NO     | 1e-05              | 1e-05              
  | DOUBLE       | OO_SCALE                 | NO     | 0.01               | 0.01               
  | DOUBLE       | PCG_CONVERGENCE          | NO     | 1e-06              | 1e-06              
  | DOUBLE       | R_CONVERGENCE            | NO     | 1e-05              | 1e-05              
  | DOUBLE       | REG_PARAM                | NO     | 0.4                | 0.4                
  | DOUBLE       | KAPPA_REG_PARAM          | NO     | 1.1                | 1.1                
  | DOUBLE       | RMS_MOGRAD_CONVERGENCE   | NO     | 1e-06              | 1e-06              
  | DOUBLE       | SCG_TOLERANCE            | NO     | 1e-06              | 1e-06              
  | DOUBLE       | SCHMIDT_ADD_RES_TOL      | NO     | 0.001              | 0.001              
  | INT          | ACTIVE_NAT_ORBS          | NO     | 2                  | 2                  
  | INT          | CC_DIIS_MAX_VECS         | NO     | 6                  | 6                  
  | INT          | CC_DIIS_MIN_VECS         | NO     | 2                  | 2                  
  | INT          | CC_MAXITER               | NO     | 50                 | 50                 
  | INT          | CUTOFF                   | NO     | 8                  | 8                  
  | INT          | EXCITATION_RANGE         | NO     | 2                  | 2                  
  | INT          | FOLLOW_ROOT              | NO     | 1                  | 1                  
  | INT          | INTEGRAL_CUTOFF          | NO     | 9                  | 9                  
  | INT          | MAX_VECS                 | NO     | 50                 | 50                 
  | INT          | MO_DIIS_NUM_VECS         | NO     | 6                  | 6                  
  | INT          | MO_MAXITER               | NO     | 50                 | 50                 
  | INT          | NUM_ROOTS                | NO     | 4                  | 4                  
  | INT          | PCG_MAXITER              | NO     | 50                 | 50                 
  | INT          | PRINT_LEVEL              | NO     | 0                  | 0                  
  | INT          | VECS_PER_ROOT            | NO     | 1                  | 1                  
  | STRING       | CC_LAMBDA                | NO     | FALSE              | FALSE              
  | STRING       | CHOLESKY                 | NO     | FALSE              | FALSE              
  | STRING       | CIS_ALGORITHM            | NO     | MO_BASIS           | MO_BASIS           
  | STRING       | CIS_GUESS_COEFF          | NO     | MIX                | MIX                
  | STRING       | COMPUT_S2                | NO     | FALSE              | FALSE              
  | STRING       | DIAG_METHOD              | NO     | DAVIDSON           | DAVIDSON           
  | STRING       | DO_DIIS                  | NO     | TRUE               | TRUE               
  | STRING       | DO_LEVEL_SHIFT           | NO     | TRUE               | TRUE               
  | STRING       | DO_SCS                   | NO     | FALSE              | FALSE              
  | STRING       | DO_SOS                   | NO     | FALSE              | FALSE              
  | STRING       | EKT_IP                   | NO     | FALSE              | FALSE              
  | STRING       | FREEZE_CORE              | NO     | TRUE               | TRUE               
  | STRING       | HESS_TYPE                | NO     | HF                 | HF                 
  | STRING       | JK_TYPE                  | NO     | DIRECT             | DIRECT             
  | STRING       | LINEQ_SOLVER             | NO     | CDGESV             | CDGESV             
  | STRING       | MO_READ                  | NO     | FALSE              | FALSE              
  | STRING       | MO_WRITE                 | NO     | FALSE              | FALSE              
  | STRING       | MP2_AMP_TYPE             | NO     | DIRECT             | DIRECT             
  | STRING       | NAT_ORBS                 | NO     | FALSE              | FALSE              
  | STRING       | NBO                      | NO     | TRUE               | TRUE               
  | STRING       | OCC_ORBS_PRINT           | NO     | FALSE              | FALSE              
  | STRING       | OEPROP                   | NO     | FALSE              | FALSE              
  | STRING       | OPT_METHOD               | NO     | QNR                | QNR                
  | STRING       | ORB_RESP_SOLVER          | NO     | PCG                | PCG                
  | STRING       | ORTH_TYPE                | NO     | MGS                | MGS                
  | STRING       | PCG_BETA_TYPE            | NO     | FLETCHER_REEVES    | FLETCHER_REEVES    
  | STRING       | PPL_TYPE                 | NO     | AUTO               | AUTO               
  | STRING       | PRINT_CI_VECS            | NO     | FALSE              | FALSE              
  | STRING       | QCHF                     | NO     | FALSE              | FALSE              
  | STRING       | READ_SCF_3INDEX          | NO     | TRUE               | TRUE               
  | STRING       | REGULARIZATION           | NO     | FALSE              | FALSE              
  | STRING       | REG_TYPE                 | NO     | NORMAL             | NORMAL             
  | STRING       | SCS_TYPE                 | NO     | SCS                | SCS                
  | STRING       | SOS_TYPE                 | NO     | SOS                | SOS                
  | STRING       | TRIPLES_IABC_TYPE        | NO     | DISK               | DISK               
  | STRING       | UNIT_GUESS_TYPE          | NO     | GEN                | GEN                
  | STRING       | EKT_NEGATIVE_OCC         | NO     | ABS                | ABS                
  | BOOL         | SOLVATION                | YES    | TRUE               | FALSE              

	MO spaces... 

	 FC   OCC   VIR   FV 
	----------------------
	  6   18   110    0
 CC-PVDZ primary basis set file will be read for the O atom...
 CC-PVDZ primary basis set file will be read for the C atom...
 CC-PVDZ primary basis set file will be read for the H atom...
 Nmaxthread: 24 
 Nshell: 66 
 Lmax:  2 
 Npmax:  8 
 Nao: 134 
 Ndocc: 24 
 Nsocc:  0 
 NoccA: 24 
 NoccB: 24 
 Primary basis set info has been read.

 CC-PVDZ-RI aux basis set file will be read for the O atom...
 CC-PVDZ-RI aux basis set file will be read for the C atom...
 CC-PVDZ-RI aux basis set file will be read for the H atom...
 Nshell_aux: 168 
 Naux: 476 
 Aux basis set info has been read.

 Cpu time for Metric ints :       0.2600 s
 Wall time for Metric ints:       0.1452 s
 3-Index Algorithm: AUTO 

 Calling fortran integrals: ringing... 
 Done with fintegrals.

 Cpu time for 3-index ints :       3.2800 s
 Wall time for 3-index ints:       1.0497 s
 Cpu time for df-factors :       0.2500 s
 Wall time for df-factors:       0.0728 s
 CC-PVDZ primary basis set file will be read for the O atom...
 CC-PVDZ primary basis set file will be read for the C atom...
 CC-PVDZ primary basis set file will be read for the H atom...
 Nmaxthread: 24 
 Nshell: 66 
 Lmax:  2 
 Npmax:  8 
 Nao: 134 
 Ndocc: 24 
 Nsocc:  0 
 NoccA: 24 
 NoccB: 24 
 Primary basis set info has been read.

 CC-PVDZ-JKFIT aux basis set file will be read for the O atom...
 CC-PVDZ-JKFIT aux basis set file will be read for the C atom...
 CC-PVDZ-JKFIT aux basis set file will be read for the H atom...
 Nshell_aux: 234 
 Naux: 650 
 Aux basis set info has been read.

	Reading DF integrals from disk ...
 Cpu time for Metric ints :       1.0500 s
 Wall time for Metric ints:       0.3354 s
	Number of basis functions in the DF-HF basis: 650
	Number of basis functions in the DF-CC basis: 476

	Available memory                      :  30000.00 MB 
	Minimum required memory for amplitudes:     94.09 MB 
	Memory requirement for B-CC (Q|mu nu) :     68.38 MB 
	Memory requirement for B-CC (Q|ab)    :     46.08 MB 
	Memory requirement for DF-CC int trans:    124.51 MB 

	Computing DF-MP2 energy using SCF MOs (Canonical DF-MP2)... 
	======================================================================= 
	Nuclear Repulsion Energy (a.u.)    :   230.85869320467393
	DF-HF Energy (a.u.)                :  -270.04248224840239
	REF Energy (a.u.)                  :  -270.04248224840239
	DF-MP2 Correlation Energy (a.u.)   :    -0.89249479956071
	DF-MP2 Total Energy (a.u.)         :  -270.93497704796312
	======================================================================= 

	*Total MP2 Energy: -270.93497704796312

	Computing unrelaxed response density matrices...
	Number of independent-pairs: 2640
	Computing the generalized Fock matrix (GFM)...
	Computing the orbital gradient...
	Forming effective orbital gradient...
	Solving orbital Z-vector equations...

	            PCG Solver 
	   ------------------------------ 
	Iter     RMS Z Vector        RMS Residual  
	----    ---------------    ---------------
	  1         1.08e-03         9.10e-04
	  2         5.55e-04         5.80e-04
	  3         2.78e-04         1.44e-04
	  4         9.17e-05         5.69e-05
	  5         2.25e-05         1.26e-05
	  6         7.03e-06         2.83e-06
	  7         9.46e-07         7.87e-07
	  8         2.97e-07         1.45e-07
	  9         5.46e-08         3.70e-08

	Computing the relaxed PDMs and GFM...
	Compute solv. is starting ...

	Initializing Liboeprop (by U. Bozkaya) ...


	-Mulliken Population Analysis for MP2-IAO:
	 1: -0.1404849922 	 2: -0.0666544881 	 3: -0.0615288311 	 4: -0.1270166272 	 5: -0.2241487320 
	 6: 0.2524321552 	 7: 0.0773994612 	 8: 0.0776827791 	 9: 0.0646536328 	10: 0.0646322841 
	11: 0.0696047968 	12: 0.0694480567 	13: 0.0662702282 	14: 0.0770490666 	15: 0.0770652867 
	16: -0.0182324144 

	-Lowdin Population Analysis for MP2-IAO:  
	 1: -0.1404849922 	 2: -0.0666544881 	 3: -0.0615288311 	 4: -0.1270166272 	 5: -0.2241487320 
	 6: 0.2524321552 	 7: 0.0773994612 	 8: 0.0776827791 	 9: 0.0646536328 	10: 0.0646322841 
	11: 0.0696047968 	12: 0.0694480567 	13: 0.0662702282 	14: 0.0770490666 	15: 0.0770652867 
	16: -0.0182324144 


  ## SOLVATION Options ##

  | TYPE         | KEY                      | INPUT? | VALUE              | DEFAULT            
  |--------------|--------------------------|--------|--------------------|--------------------
  | INT          | NUM_Z_POINTS             | NO     | 90                 | 90                 
  | INT          | NUM_ANG_POINTS           | YES    | 100                | 100                
  | STRING       | SASA_TYPE                | YES    | NUMERIC            | NUMERIC            
  | STRING       | CHARGE_TYPE              | YES    | IAO_MULLIKEN       | IAO_MULLIKEN       
  | STRING       | CDS_TYPE                 | YES    | SMD                | SMD                
  | STRING       | SOLVENT                  | YES    | WATER              | WATER              
  | STRING       | SOLVENT_PARAMS           | YES    | MN21               | SM8                
  | STRING       | DIELECTRIC_PARAMS        | YES    | MN21               | MN21               
  | STRING       | COULOMB_RADII            | YES    | SMD                | SMD                
  | DOUBLE       | COVALENT_VW_CONST        | NO     | 0.76               | 0.76               
  | DOUBLE       | SOLVENT_RADIUS           | NO     | 0.4                | 0.4                
  | STRING       | RADIUS_TYPE              | YES    | SMD                | SMD                
  | DOUBLE       | GB_DIJ                   | NO     | 3.7                | 3.7                
  | DOUBLE       | GB_SIJ                   | NO     | 0.75               | 0.75               
  | DOUBLE       | GB_CIJ                   | NO     | 0.0                | 0.0                
  | DOUBLE       | F_PWSASA                 | NO     | 0.4535             | 0.4535             
  | DOUBLE       | SCALE_VDW                | NO     | 1.0                | 1.0                
  | DOUBLE       | SCALE_CR                 | NO     | 1.0                | 1.0                



 Sasa Type                  : NUMERIC 
 Charge Type                : IAO_MULLIKEN 
 CDS Type                   : SMD 
 Radius Type                : SMD 
 Solvent                    : WATER 
 Solvent Parameters         : MN21 
 Dielectric Parameters      : MN21 
 Coulomb Radii Parameters   : SMD 
 GB d_ij parameter          : 3.7000000000 
 GB S_ij parameter          : 0.7500000000 
 GB C_ij parameter          : 0.0000000000 
 Sclae_vdw parameter        : 1.0000000000 
 Number of z-points         : 90 
 Number of angular points   : 100 
 Number of SASA grid points : 17902 
 Solvent Dielectric Constant: 78.3553000000 

 VDW Radii:
	  1 O :       1.5200  ang
	  2 C :       1.7000  ang
	  3 C :       1.7000  ang
	  4 C :       1.7000  ang
	  5 C :       1.7000  ang
	  6 C :       1.7000  ang
	  7 H :       1.2000  ang
	  8 H :       1.2000  ang
	  9 H :       1.2000  ang
	 10 H :       1.2000  ang
	 11 H :       1.2000  ang
	 12 H :       1.2000  ang
	 13 H :       1.2000  ang
	 14 H :       1.2000  ang
	 15 H :       1.2000  ang
	 16 H :       1.2000  ang

	 Computing SASA... 

 Atomic SASA values:
	  1 O :      23.9205  ang^2
	  2 C :       2.3991  ang^2
	  3 C :       3.6435  ang^2
	  4 C :       3.5042  ang^2
	  5 C :       9.0949  ang^2
	  6 C :      11.9119  ang^2
	  7 H :      10.9689  ang^2
	  8 H :      10.9294  ang^2
	  9 H :      11.7578  ang^2
	 10 H :      11.7596  ang^2
	 11 H :      11.7739  ang^2
	 12 H :      11.7937  ang^2
	 13 H :      13.0031  ang^2
	 14 H :      12.1837  ang^2
	 15 H :      12.1747  ang^2
	 16 H :      13.3212  ang^2

	*Total SASA (angs^2): 174.1401209729 


 Coulomb Radii:
	  1 O :       1.5200  ang
	  2 C :       1.8500  ang
	  3 C :       1.8500  ang
	  4 C :       1.8500  ang
	  5 C :       1.8500  ang
	  6 C :       1.8500  ang
	  7 H :       1.2000  ang
	  8 H :       1.2000  ang
	  9 H :       1.2000  ang
	 10 H :       1.2000  ang
	 11 H :       1.2000  ang
	 12 H :       1.2000  ang
	 13 H :       1.2000  ang
	 14 H :       1.2000  ang
	 15 H :       1.2000  ang
	 16 H :       1.2000  ang
 Solvent Alpha                       : 1.1700000000 

 ## Effective Born Radius (bohr) ##
   0   3.5120989380 
   1   4.5406340154 
   2   4.3689894939 
   3   4.3483156572 
   4   4.0208466100 
   5   4.0621260453 
   6   3.6041387794 
   7   3.6059526805 
   8   3.4680813155 
   9   3.4674537586 
  10   3.4468151524 
  11   3.4454071645 
  12   3.1085928491 
  13   3.1966151850 
  14   3.1971911364 
  15   3.0241851739 

 Effective Born Radii:
	  1 O :       1.8585  ang
	  2 C :       2.4028  ang
	  3 C :       2.3120  ang
	  4 C :       2.3010  ang
	  5 C :       2.1277  ang
	  6 C :       2.1496  ang
	  7 H :       1.9072  ang
	  8 H :       1.9082  ang
	  9 H :       1.8352  ang
	 10 H :       1.8349  ang
	 11 H :       1.8240  ang
	 12 H :       1.8232  ang
	 13 H :       1.6450  ang
	 14 H :       1.6916  ang
	 15 H :       1.6919  ang
	 16 H :       1.6003  ang


 Coulomb Integrals:
	  1  1 :       0.2847  bohr^-1
	  1  2 :       0.1598  bohr^-1
	  1  3 :       0.1168  bohr^-1
	  1  4 :       0.1787  bohr^-1
	  1  5 :       0.0987  bohr^-1
	  1  6 :       0.2350  bohr^-1
	  1  7 :       0.1686  bohr^-1
	  1  8 :       0.1689  bohr^-1
	  1  9 :       0.1089  bohr^-1
	  1 10 :       0.1088  bohr^-1
	  1 11 :       0.1585  bohr^-1
	  1 12 :       0.1584  bohr^-1
	  1 13 :       0.0835  bohr^-1
	  1 14 :       0.0989  bohr^-1
	  1 15 :       0.0989  bohr^-1
	  1 16 :       0.2143  bohr^-1
	  2  1 :       0.1598  bohr^-1
	  2  2 :       0.2202  bohr^-1
	  2  3 :       0.1959  bohr^-1
	  2  4 :       0.1964  bohr^-1
	  2  5 :       0.1664  bohr^-1
	  2  6 :       0.1656  bohr^-1
	  2  7 :       0.2264  bohr^-1
	  2  8 :       0.2263  bohr^-1
	  2  9 :       0.1875  bohr^-1
	  2 10 :       0.1875  bohr^-1
	  2 11 :       0.1869  bohr^-1
	  2 12 :       0.1869  bohr^-1
	  2 13 :       0.1417  bohr^-1
	  2 14 :       0.1647  bohr^-1
	  2 15 :       0.1648  bohr^-1
	  2 16 :       0.1407  bohr^-1
	  3  1 :       0.1168  bohr^-1
	  3  2 :       0.1959  bohr^-1
	  3  3 :       0.2289  bohr^-1
	  3  4 :       0.1648  bohr^-1
	  3  5 :       0.2050  bohr^-1
	  3  6 :       0.1266  bohr^-1
	  3  7 :       0.1874  bohr^-1
	  3  8 :       0.1873  bohr^-1
	  3  9 :       0.2337  bohr^-1
	  3 10 :       0.2337  bohr^-1
	  3 11 :       0.1640  bohr^-1
	  3 12 :       0.1639  bohr^-1
	  3 13 :       0.1938  bohr^-1
	  3 14 :       0.1926  bohr^-1
	  3 15 :       0.1926  bohr^-1
	  3 16 :       0.1096  bohr^-1
	  4  1 :       0.1787  bohr^-1
	  4  2 :       0.1964  bohr^-1
	  4  3 :       0.1648  bohr^-1
	  4  4 :       0.2300  bohr^-1
	  4  5 :       0.1269  bohr^-1
	  4  6 :       0.2054  bohr^-1
	  4  7 :       0.1882  bohr^-1
	  4  8 :       0.1881  bohr^-1
	  4  9 :       0.1651  bohr^-1
	  4 10 :       0.1651  bohr^-1
	  4 11 :       0.2346  bohr^-1
	  4 12 :       0.2346  bohr^-1
	  4 13 :       0.1103  bohr^-1
	  4 14 :       0.1213  bohr^-1
	  4 15 :       0.1213  bohr^-1
	  4 16 :       0.1937  bohr^-1
	  5  1 :       0.0987  bohr^-1
	  5  2 :       0.1664  bohr^-1
	  5  3 :       0.2050  bohr^-1
	  5  4 :       0.1269  bohr^-1
	  5  5 :       0.2487  bohr^-1
	  5  6 :       0.1018  bohr^-1
	  5  7 :       0.1661  bohr^-1
	  5  8 :       0.1661  bohr^-1
	  5  9 :       0.1935  bohr^-1
	  5 10 :       0.1936  bohr^-1
	  5 11 :       0.1213  bohr^-1
	  5 12 :       0.1213  bohr^-1
	  5 13 :       0.2528  bohr^-1
	  5 14 :       0.2499  bohr^-1
	  5 15 :       0.2499  bohr^-1
	  5 16 :       0.0871  bohr^-1
	  6  1 :       0.2350  bohr^-1
	  6  2 :       0.1656  bohr^-1
	  6  3 :       0.1266  bohr^-1
	  6  4 :       0.2054  bohr^-1
	  6  5 :       0.1018  bohr^-1
	  6  6 :       0.2462  bohr^-1
	  6  7 :       0.1655  bohr^-1
	  6  8 :       0.1656  bohr^-1
	  6  9 :       0.1223  bohr^-1
	  6 10 :       0.1223  bohr^-1
	  6 11 :       0.1956  bohr^-1
	  6 12 :       0.1956  bohr^-1
	  6 13 :       0.0876  bohr^-1
	  6 14 :       0.0996  bohr^-1
	  6 15 :       0.0996  bohr^-1
	  6 16 :       0.2535  bohr^-1
	  7  1 :       0.1686  bohr^-1
	  7  2 :       0.2264  bohr^-1
	  7  3 :       0.1874  bohr^-1
	  7  4 :       0.1882  bohr^-1
	  7  5 :       0.1661  bohr^-1
	  7  6 :       0.1655  bohr^-1
	  7  7 :       0.2775  bohr^-1
	  7  8 :       0.2172  bohr^-1
	  7  9 :       0.1591  bohr^-1
	  7 10 :       0.1819  bohr^-1
	  7 11 :       0.1588  bohr^-1
	  7 12 :       0.1813  bohr^-1
	  7 13 :       0.1356  bohr^-1
	  7 14 :       0.1577  bohr^-1
	  7 15 :       0.1805  bohr^-1
	  7 16 :       0.1348  bohr^-1
	  8  1 :       0.1689  bohr^-1
	  8  2 :       0.2263  bohr^-1
	  8  3 :       0.1873  bohr^-1
	  8  4 :       0.1881  bohr^-1
	  8  5 :       0.1661  bohr^-1
	  8  6 :       0.1656  bohr^-1
	  8  7 :       0.2172  bohr^-1
	  8  8 :       0.2773  bohr^-1
	  8  9 :       0.1818  bohr^-1
	  8 10 :       0.1591  bohr^-1
	  8 11 :       0.1813  bohr^-1
	  8 12 :       0.1588  bohr^-1
	  8 13 :       0.1356  bohr^-1
	  8 14 :       0.1805  bohr^-1
	  8 15 :       0.1579  bohr^-1
	  8 16 :       0.1348  bohr^-1
	  9  1 :       0.1089  bohr^-1
	  9  2 :       0.1875  bohr^-1
	  9  3 :       0.2337  bohr^-1
	  9  4 :       0.1651  bohr^-1
	  9  5 :       0.1935  bohr^-1
	  9  6 :       0.1223  bohr^-1
	  9  7 :       0.1591  bohr^-1
	  9  8 :       0.1818  bohr^-1
	  9  9 :       0.2883  bohr^-1
	  9 10 :       0.2218  bohr^-1
	  9 11 :       0.1802  bohr^-1
	  9 12 :       0.1578  bohr^-1
	  9 13 :       0.1876  bohr^-1
	  9 14 :       0.1856  bohr^-1
	  9 15 :       0.1611  bohr^-1
	  9 16 :       0.1072  bohr^-1
	 10  1 :       0.1088  bohr^-1
	 10  2 :       0.1875  bohr^-1
	 10  3 :       0.2337  bohr^-1
	 10  4 :       0.1651  bohr^-1
	 10  5 :       0.1936  bohr^-1
	 10  6 :       0.1223  bohr^-1
	 10  7 :       0.1819  bohr^-1
	 10  8 :       0.1591  bohr^-1
	 10  9 :       0.2218  bohr^-1
	 10 10 :       0.2884  bohr^-1
	 10 11 :       0.1578  bohr^-1
	 10 12 :       0.1800  bohr^-1
	 10 13 :       0.1877  bohr^-1
	 10 14 :       0.1611  bohr^-1
	 10 15 :       0.1856  bohr^-1
	 10 16 :       0.1072  bohr^-1
	 11  1 :       0.1585  bohr^-1
	 11  2 :       0.1869  bohr^-1
	 11  3 :       0.1640  bohr^-1
	 11  4 :       0.2346  bohr^-1
	 11  5 :       0.1213  bohr^-1
	 11  6 :       0.1956  bohr^-1
	 11  7 :       0.1588  bohr^-1
	 11  8 :       0.1813  bohr^-1
	 11  9 :       0.1802  bohr^-1
	 11 10 :       0.1578  bohr^-1
	 11 11 :       0.2901  bohr^-1
	 11 12 :       0.2233  bohr^-1
	 11 13 :       0.1071  bohr^-1
	 11 14 :       0.1172  bohr^-1
	 11 15 :       0.1096  bohr^-1
	 11 16 :       0.1894  bohr^-1
	 12  1 :       0.1584  bohr^-1
	 12  2 :       0.1869  bohr^-1
	 12  3 :       0.1639  bohr^-1
	 12  4 :       0.2346  bohr^-1
	 12  5 :       0.1213  bohr^-1
	 12  6 :       0.1956  bohr^-1
	 12  7 :       0.1813  bohr^-1
	 12  8 :       0.1588  bohr^-1
	 12  9 :       0.1578  bohr^-1
	 12 10 :       0.1800  bohr^-1
	 12 11 :       0.2233  bohr^-1
	 12 12 :       0.2902  bohr^-1
	 12 13 :       0.1070  bohr^-1
	 12 14 :       0.1095  bohr^-1
	 12 15 :       0.1171  bohr^-1
	 12 16 :       0.1896  bohr^-1
	 13  1 :       0.0835  bohr^-1
	 13  2 :       0.1417  bohr^-1
	 13  3 :       0.1938  bohr^-1
	 13  4 :       0.1103  bohr^-1
	 13  5 :       0.2528  bohr^-1
	 13  6 :       0.0876  bohr^-1
	 13  7 :       0.1356  bohr^-1
	 13  8 :       0.1356  bohr^-1
	 13  9 :       0.1876  bohr^-1
	 13 10 :       0.1877  bohr^-1
	 13 11 :       0.1071  bohr^-1
	 13 12 :       0.1070  bohr^-1
	 13 13 :       0.3217  bohr^-1
	 13 14 :       0.2328  bohr^-1
	 13 15 :       0.2328  bohr^-1
	 13 16 :       0.0765  bohr^-1
	 14  1 :       0.0989  bohr^-1
	 14  2 :       0.1647  bohr^-1
	 14  3 :       0.1926  bohr^-1
	 14  4 :       0.1213  bohr^-1
	 14  5 :       0.2499  bohr^-1
	 14  6 :       0.0996  bohr^-1
	 14  7 :       0.1577  bohr^-1
	 14  8 :       0.1805  bohr^-1
	 14  9 :       0.1856  bohr^-1
	 14 10 :       0.1611  bohr^-1
	 14 11 :       0.1172  bohr^-1
	 14 12 :       0.1095  bohr^-1
	 14 13 :       0.2328  bohr^-1
	 14 14 :       0.3128  bohr^-1
	 14 15 :       0.2312  bohr^-1
	 14 16 :       0.0843  bohr^-1
	 15  1 :       0.0989  bohr^-1
	 15  2 :       0.1648  bohr^-1
	 15  3 :       0.1926  bohr^-1
	 15  4 :       0.1213  bohr^-1
	 15  5 :       0.2499  bohr^-1
	 15  6 :       0.0996  bohr^-1
	 15  7 :       0.1805  bohr^-1
	 15  8 :       0.1579  bohr^-1
	 15  9 :       0.1611  bohr^-1
	 15 10 :       0.1856  bohr^-1
	 15 11 :       0.1096  bohr^-1
	 15 12 :       0.1171  bohr^-1
	 15 13 :       0.2328  bohr^-1
	 15 14 :       0.2312  bohr^-1
	 15 15 :       0.3128  bohr^-1
	 15 16 :       0.0843  bohr^-1
	 16  1 :       0.2143  bohr^-1
	 16  2 :       0.1407  bohr^-1
	 16  3 :       0.1096  bohr^-1
	 16  4 :       0.1937  bohr^-1
	 16  5 :       0.0871  bohr^-1
	 16  6 :       0.2535  bohr^-1
	 16  7 :       0.1348  bohr^-1
	 16  8 :       0.1348  bohr^-1
	 16  9 :       0.1072  bohr^-1
	 16 10 :       0.1072  bohr^-1
	 16 11 :       0.1894  bohr^-1
	 16 12 :       0.1896  bohr^-1
	 16 13 :       0.0765  bohr^-1
	 16 14 :       0.0843  bohr^-1
	 16 15 :       0.0843  bohr^-1
	 16 16 :       0.3307  bohr^-1


	*Molecular contr. to CDS energy:       0.0000  kcal/mol
	*Total CDS energy:       4.1553  kcal/mol
	*MP2::Polarization Free Energy (au)      : -0.0065950910 
	*MP2::Polarization Free Energy (kcal/mol):      -4.1385 
	*MP2::CDS Free Energy (au)      : 0.0066219658 
	*MP2::CDS Free Energy (kcal/mol):       4.1553 
	*MP2::Total Solvation Free Energy (au)      : 0.0000268748 
	*MP2::Total Solvation Free Energy (kcal/mol):       0.0169 
	GB-MP2 Total Energy (a.u.)         :  -270.93495017317503

	*Total GB-MP2 Energy: -270.93497704796312


 Cpu time for MacroQC :       1.9455 minutes
 Wall time for MacroQC:       0.8039 minutes


 ******************************************************************************************
	 MacroQC terminates normally:) 
 ****************************************************************************************** 

