 ==========================================================================================
 =========                __  ___                         ____  ______            =========
 ======                  /  |/  /___ _______________     / __ \/ ____/               ======
 ====                   / /|_/ / __ `/ ___/ ___/ __ \   / / / / /                      ====
 ===                   / /  / / /_/ / /__/ /  / /_/ /  / /_/ / /___                     ===
 ==                   /_/  /_/\__,_/\___/_/   \____/   \___\_\____/                      ==
 ===                                                                1.0.4                ===
 =====     An electronic structure theory software for large-scale applications       =====
 ======                                 See license.txt for license info             ======
 =========                                                                        =========
 ==========================================================================================
                                                                                           
                           * * * * * * * * * * * * * * * * * * * *                        
                           *            Developed by             *                        
                           *             U. Bozkaya              *                        
                           *                                     *                        
                           *       With contributions from:      *                        
                           *         B. Ermis, Y. Alagoz,        *                        
                           *         A. Unal, and A. K. Uyar     *                        
                           *         Git Version: deab493        *                        
                           *       Latest Revision: 2026-03-23   *                        
                           * * * * * * * * * * * * * * * * * * * *                        


 Run date: Wed Mar 25 09:13:59 2026
 
 Hostname: ub3 

 ## MacroQC input file ##
 ******************************************************************************************
$set_molecule
0 1
C       0.9055943081    -0.5253776781     0.0008073697
C      -0.1208980094     0.6214970046     0.0004509950
C       2.3428867428    -0.0111829330    -0.0006825979
C      -1.5039640319     0.1605414906     0.0000400359
C      -2.6340750703    -0.2420818776    -0.0004634327
H       0.7302136061    -1.1558877047    -0.8729199378
H       0.7313611364    -1.1544878740     0.8757280421
H       0.0461892396     1.2570817974    -0.8743189744
H       0.0454835558     1.2575547620     0.8750674772
H       2.5460985889     0.5994830339     0.8815696711
H       3.0565489140    -0.8356657133    -0.0040142281
H       2.5424757624     0.6034920384    -0.8810005463
H      -3.6356344388    -0.5919463781    -0.0010257235
$end_molecule


$set_globals
   basis cc-pvdz
  method mp2
  reference rhf
  jobtype energy
  memory 30000                                                                                                                                                                                                                        
$end_globals


$set_scf
  e_convergence 1.0e-8
  d_convergence 1.0e-6
  guess sad
  solvation true
$end_scf


$set_solvation
  cds_type smd
  radius_type smd
  solvent_params mn21
  dielectric_params mn21 #sm8
  sasa_type numeric
  solvent water
  num_ang_points 100
  charge_type iao_mulliken #iao_lowdin, mulliken, lowdin
  coulomb_radii smd
$end_solvation

$set_dfocc
solvation true
$end_dfocc

 ******************************************************************************************


	-Geometry before Center-of-Mass shift (ang): 
	 Number     Atom               X                    Y                       Z  
	 ---------------------------------------------------------------------------------------
           1     C             0.9055943081         -0.5253776781           0.0008073697  
           2     C            -0.1208980094          0.6214970046           0.0004509950  
           3     C             2.3428867428         -0.0111829330          -0.0006825979  
           4     C            -1.5039640319          0.1605414906           0.0000400359  
           5     C            -2.6340750703         -0.2420818776          -0.0004634327  
           6     H             0.7302136061         -1.1558877047          -0.8729199378  
           7     H             0.7313611364         -1.1544878740           0.8757280421  
           8     H             0.0461892396          1.2570817974          -0.8743189744  
           9     H             0.0454835558          1.2575547620           0.8750674772  
          10     H             2.5460985889          0.5994830339           0.8815696711  
          11     H             3.0565489140         -0.8356657133          -0.0040142281  
          12     H             2.5424757624          0.6034920384          -0.8810005463  
          13     H            -3.6356344388         -0.5919463781          -0.0010257235  



	-Geometry after Center-of-Mass shift (ang): 
	 Atom               X                    Y                       Z  
	 -------------------------------------------------------------------
     C           0.9939731716         -0.5256747075           0.0007940428  
     C          -0.0325191459          0.6211999752           0.0004376681  
     C           2.4312656063         -0.0114799624          -0.0006959248  
     C          -1.4155851684          0.1602444612           0.0000267090  
     C          -2.5456962068         -0.2423789070          -0.0004767596  
     H           0.8185924696         -1.1561847341          -0.8729332647  
     H           0.8197399999         -1.1547849034           0.8757147152  
     H           0.1345681031          1.2567847680          -0.8743323013  
     H           0.1338624193          1.2572577326           0.8750541503  
     H           2.6344774524          0.5991860045           0.8815563442  
     H           3.1449277775         -0.8359627427          -0.0040275550  
     H           2.6308546259          0.6031950090          -0.8810138732  
     H          -3.5472555753         -0.5922434075          -0.0010390504  


	-Geometry after Center-of-Mass shift (bohr): 
	 Atom               X                    Y                       Z  
	 -------------------------------------------------------------------
     C           1.8783370704         -0.9933812283           0.0015005233  
     C          -0.0614522796          1.1738978222           0.0008270728  
     C           4.5944261342         -0.0216939850          -0.0013151074  
     C          -2.6750682755          0.3028181447           0.0000504726  
     C          -4.8106686295         -0.4580297529          -0.0009009452  
     H           1.5469155759         -2.1848724980          -1.6496047962  
     H           1.5490840939         -2.1822272013           1.6548609757  
     H           0.2542968601          2.3749790101          -1.6522485922  
     H           0.2529633110          2.3758727836           1.6536126889  
     H           4.9784408687          1.1322974466           1.6659000546  
     H           5.9430521838         -1.5797406349          -0.0076109760  
     H           4.9715947188          1.1398733672          -1.6648749332  
     H          -6.7033415343         -1.1191778399          -0.0019635208  


    Rotational Constants: A =     0.79268  B =     0.07417  C =      0.07046 [cm^-1] 
    Rotor Type: SYMMETRIC 

	-Nuclear Dipole Moment: (e a0)  
	 X:  6.34645   Y:  -0.02133   Z:  -0.00096   Total:  6.34649 

	-Nuclear Dipole Moment: (D)  
	 X:  16.13107   Y:  -0.05421   Z:  -0.00243   Total:  16.13116 


    Nuclear repulsion energy (V_NN)              : 153.980595351219 
   =====================================================
   Charge                : 0 
   Multiplicity          : 1 
   Number of Atoms       : 13 
   Number of Ghost Atoms : 0 
   Number of Electrons   : 38 
   Number of alpha occupied orbitals (NoccA)  : 19 
   Number of beta occupied orbitals (NoccB)   : 19 
   Number of singly occupied orbitals (Nsocc) : 0 
   Number of doubly occupied orbitals (Ndocc) : 19 
   =====================================================



  ## GLOBALS Options ##

  | TYPE         | KEY                      | INPUT? | VALUE              | DEFAULT            
  |--------------|--------------------------|--------|--------------------|--------------------
  | BOOL         | ERI_DISK                 | NO     | FALSE              | FALSE              
  | BOOL         | FREEZE_CORE              | NO     | TRUE               | TRUE               
  | BOOL         | MOL_FRAG                 | NO     | FALSE              | FALSE              
  | BOOL         | NOCOM                    | NO     | FALSE              | FALSE              
  | BOOL         | NOREORIENT               | NO     | TRUE               | TRUE               
  | BOOL         | PUREAM                   | NO     | TRUE               | TRUE               
  | BOOL         | ML                       | NO     | FALSE              | FALSE              
  | BOOL         | READ_PDB                 | NO     | FALSE              | FALSE              
  | BOOL         | TEST_MODE                | NO     | FALSE              | FALSE              
  | INT          | DERIVE_LEVEL             | NO     | 0                  | 0                  
  | INT          | FINDIF_POINTS            | NO     | 3                  | 3                  
  | INT          | MEMORY                   | YES    | 30000              | 2000               
  | INT          | NUM_THREADS              | NO     | 1                  | 1                  
  | INT          | NUM_FROZEN_DOCC          | NO     | 0                  | 0                  
  | INT          | NUM_FROZEN_VIR           | NO     | 0                  | 0                  
  | INT          | PRINT_LEVEL              | NO     | 0                  | 0                  
  | STRING       | AUX_BASIS_CORR           | NO     | CC-PVDZ-RI         | CC-PVDZ-RI         
  | STRING       | AUX_BASIS_SCF            | NO     | CC-PVDZ-JKFIT      | CC-PVDZ-JKFIT      
  | STRING       | BASIS                    | YES    | CC-PVDZ            | CC-PVDZ            
  | STRING       | BASIS2                   | NO     | MINAO              | MINAO              
  | STRING       | DERIVE_TYPE              | NO     | ANALYTIC           | ANALYTIC           
  | STRING       | FINDIF_METHOD            | NO     | GRAD               | GRAD               
  | STRING       | GEOM_UNITS               | NO     | ANG                | ANG                
  | STRING       | JOBTYPE                  | YES    | ENERGY             | ENERGY             
  | STRING       | METHOD                   | YES    | MP2                | SCF                
  | STRING       | REFERENCE                | YES    | RHF                | RHF                
  | STRING       | OUTFILE_MODE             | NO     | NEW                | NEW                
  | DOUBLE       | STEP_BOHR                | NO     | 0.05               | 0.05               
  | STR_ARRAY    | MOLECULE_GEOM_FROM       | NO     | [input]            | [input]            
  | DOUBLE_ARRAY | ELECTRIC_STRENGTH        | NO     | [0.001;0.001;0.001]| [0.001;0.001;0.001]
  | STRING       | ELECTRIC_FIELD           | NO     | NONE               | NONE               
  | STRING       | ALIGN_TWO_ATOMS          | NO     | NONE               | NONE               
  | INT_ARRAY    | TWO_ATOMS                | NO     | [0]                | [0]                



  ## INTS Options ##

  | TYPE         | KEY                      | INPUT? | VALUE              | DEFAULT            
  |--------------|--------------------------|--------|--------------------|--------------------
  | DOUBLE       | BOYS_CUTOFF              | NO     | 1e-15              | 1e-15              
  | DOUBLE       | BOYS_ZERO                | NO     | 1e-06              | 1e-06              
  | DOUBLE       | DELTA_X                  | NO     | 0.1                | 0.1                
  | DOUBLE       | INTEGRAL_CUTOFF          | NO     | 1e-10              | 1e-10              
  | DOUBLE       | X_MAX                    | NO     | 30.0               | 30.0               
  | INT          | BOYS_MAXITER             | NO     | 10000              | 10000              
  | INT          | MAX_AM                   | NO     | 7                  | 7                  
  | INT          | MAX_AM_AUX               | NO     | 7                  | 7                  
  | INT          | PRINT_LEVEL              | NO     | 0                  | 0                  
  | INT          | TAYLOR_ORDER             | NO     | 6                  | 6                  
  | STRING       | 3INDEX_ALGORITHM         | NO     | AUTO               | AUTO               
  | STRING       | BOYS_METHOD              | NO     | GHP                | GHP                
  | STRING       | ERI_ALGORITHM            | NO     | MD4                | MD4                


	Initializing Liboeprop (by U. Bozkaya) ...

	*=================================================================*
	*                  SCF                                            *
	*   Developed by U. Bozkaya & Y. Alagoz                           *
	*   Latest revision Feb 16, 2021                                  *
	*=================================================================*



  ## SCF Options ##

  | TYPE         | KEY                      | INPUT? | VALUE              | DEFAULT            
  |--------------|--------------------------|--------|--------------------|--------------------
  | BOOL         | DIIS_DAMP                | NO     | FALSE              | FALSE              
  | BOOL         | DIE_IF_NOT_CONVERGED     | NO     | TRUE               | TRUE               
  | BOOL         | DO_DF                    | NO     | TRUE               | TRUE               
  | BOOL         | DIIS                     | NO     | TRUE               | TRUE               
  | BOOL         | FOCK_DAMP                | NO     | FALSE              | FALSE              
  | BOOL         | GUESS_MIX                | NO     | FALSE              | FALSE              
  | BOOL         | GUESS_PREVIOUS           | NO     | FALSE              | FALSE              
  | BOOL         | LOCAL                    | NO     | FALSE              | FALSE              
  | BOOL         | RETRY                    | NO     | TRUE               | TRUE               
  | DOUBLE       | CUTOFF                   | NO     | 1e-10              | 1e-10              
  | DOUBLE       | D_CONVERGENCE            | YES    | 1e-06              | 1e-06              
  | DOUBLE       | DAMP_PARAM               | NO     | 0.02               | 0.02               
  | DOUBLE       | E_CONVERGENCE            | YES    | 1e-08              | 1e-08              
  | DOUBLE       | FOCK_DAMP_PERC           | NO     | 20.0               | 20.0               
  | DOUBLE       | MIN_OVERLAP_EIGVAL       | NO     | 1e-06              | 1e-06              
  | DOUBLE       | LOCAL_CONVERGENCE        | NO     | 1e-08              | 1e-08              
  | DOUBLE       | QC_GUESS_E_CONVERGENCE   | NO     | 0.0001             | 0.0001             
  | DOUBLE       | QC_GUESS_D_CONVERGENCE   | NO     | 0.005              | 0.005              
  | INT          | MAX_DIIS                 | NO     | 6                  | 6                  
  | INT          | MIN_DIIS                 | NO     | 2                  | 2                  
  | INT          | PRINT_LEVEL              | NO     | 0                  | 0                  
  | INT          | SCF_MAXITER              | NO     | 50                 | 50                 
  | INT          | LOCAL_MAXITER            | NO     | 50                 | 50                 
  | STRING       | DIIS_ALGORITHM           | NO     | DISK               | DISK               
  | STRING       | GUESS                    | YES    | SAD                | SAD                
  | BOOL         | MO_WRITE                 | NO     | FALSE              | FALSE              
  | BOOL         | FOCK_WRITE               | NO     | FALSE              | FALSE              
  | STRING       | ORTH_TYPE                | NO     | CANONICAL          | CANONICAL          
  | STRING       | ROHF_CANONIC_TYPE        | NO     | GUEST              | GUEST              
  | STRING       | ERI                      | NO     | INCORE             | INCORE             
  | STRING       | SCF_ALGORITHM            | NO     | ROOTHAAN           | ROOTHAAN           
  | STRING       | LOCAL_TYPE               | NO     | BOYS               | BOYS               
  | BOOL         | SAD_FRAC_OCC             | NO     | TRUE               | TRUE               
  | BOOL         | SAD_SPIN_AVERAGE         | NO     | TRUE               | TRUE               
  | DOUBLE       | SAD_E_CONVERGENCE        | NO     | 1e-05              | 1e-05              
  | DOUBLE       | SAD_D_CONVERGENCE        | NO     | 1e-05              | 1e-05              
  | INT          | SAD_MAXITER              | NO     | 50                 | 50                 
  | BOOL         | NIE                      | NO     | FALSE              | FALSE              
  | BOOL         | SAD_DIIS                 | NO     | TRUE               | TRUE               
  | INT          | SAD_MAX_DIIS             | NO     | 6                  | 6                  
  | INT          | SAD_MIN_DIIS             | NO     | 2                  | 2                  
  | INT          | SAD_PRINT                | NO     | 0                  | 0                  
  | STRING       | SAD_AUX_BASIS            | NO     | SAD-FIT            | SAD-FIT            
  | DOUBLE       | SAD_CHOLESKY_TOLERANCE   | NO     | 1e-07              | 1e-07              
  | BOOL         | SOLVATION                | YES    | TRUE               | FALSE              
  | BOOL         | BYPASS                   | NO     | FALSE              | FALSE              
  | STRING       | IAO_TYPE                 | NO     | STANDARD2013       | STANDARD2013       
  | BOOL         | USE_IAOS                 | NO     | FALSE              | FALSE              

	Initializing libdiis ...
	Initializing libmolint 1.1 ...
 CC-PVDZ primary basis set file will be read for the C atom...
 CC-PVDZ primary basis set file will be read for the H atom...
 Nmaxthread: 12 
 Nshell: 54 
 Lmax:  2 
 Npmax:  8 
 Nao: 110 
 Ndocc: 19 
 Nsocc:  0 
 NoccA: 19 
 NoccB: 19 
 Primary basis set info has been read.

 CC-PVDZ-JKFIT aux basis set file will be read for the C atom...
 CC-PVDZ-JKFIT aux basis set file will be read for the H atom...
 Nshell_aux: 192 
 Naux: 534 
 Aux basis set info has been read.

 orth_type: CANONICAL 
 Cpu time for S ints :       0.0200 s
 Wall time for S ints:       0.0245 s

 Using canonical orthogonalization. 
 Minimum eigenvalue in the overlap matrix is:   2.7192E-04 

 Cpu time for T ints :       0.1200 s
 Wall time for T ints:       0.0300 s
 Cpu time for V ints :       0.8600 s
 Wall time for V ints:       0.2968 s
 Cpu time for Metric ints :       0.8600 s
 Wall time for Metric ints:       0.2174 s
 3-Index Algorithm: AUTO 

 Calling fortran integrals: ringing... 
 Done with fintegrals.

 Cpu time for 3-index ints :       2.7500 s
 Wall time for 3-index ints:       0.8215 s
 Cpu time for df-factors :       0.2200 s
 Wall time for df-factors:       0.0627 s


 Puream (True=1, False=0) : 1
 Number of AO             : 110
 Number of MO             : 110
 Number of Aux Functions  : 534
 Charge                   : 0
 Multiplicity             : 1
 Alpha OCC                : 19
 Beta OCC                 : 19
 Nuclear Repulsion Energy : 153.98059535
 Energy Treshold          : 1.0e-08
 Density Treshold         : 1.0e-06
 Iteration Limit          : 50
 Guess                    : SAD
 Guess Mix                : false
 Diis                     : true
 Diis Damping             : false
 Diis Damp Parameter      : 0.02
 Diis Algorithm           : DISK
 Cutoff Treshold          : 1.0e-10
 Density Fitting          : true
 Reference                : RHF
 Die If Not Converged     : true
 Print Level              : 0
 ERI Algorithm            : INCORE
 SCF Algorithm            : ROOTHAAN




  ## SOLVATION Options ##

  | TYPE         | KEY                      | INPUT? | VALUE              | DEFAULT            
  |--------------|--------------------------|--------|--------------------|--------------------
  | INT          | NUM_Z_POINTS             | NO     | 90                 | 90                 
  | INT          | NUM_ANG_POINTS           | YES    | 100                | 100                
  | STRING       | SASA_TYPE                | YES    | NUMERIC            | NUMERIC            
  | STRING       | CHARGE_TYPE              | YES    | IAO_MULLIKEN       | IAO_MULLIKEN       
  | STRING       | CDS_TYPE                 | YES    | SMD                | SMD                
  | STRING       | SOLVENT                  | YES    | WATER              | WATER              
  | STRING       | SOLVENT_PARAMS           | YES    | MN21               | SM8                
  | STRING       | DIELECTRIC_PARAMS        | YES    | MN21               | MN21               
  | STRING       | COULOMB_RADII            | YES    | SMD                | SMD                
  | DOUBLE       | COVALENT_VW_CONST        | NO     | 0.76               | 0.76               
  | DOUBLE       | SOLVENT_RADIUS           | NO     | 0.4                | 0.4                
  | STRING       | RADIUS_TYPE              | YES    | SMD                | SMD                
  | DOUBLE       | GB_DIJ                   | NO     | 3.7                | 3.7                
  | DOUBLE       | GB_SIJ                   | NO     | 0.75               | 0.75               
  | DOUBLE       | GB_CIJ                   | NO     | 0.0                | 0.0                
  | DOUBLE       | F_PWSASA                 | NO     | 0.4535             | 0.4535             
  | DOUBLE       | SCALE_VDW                | NO     | 1.0                | 1.0                
  | DOUBLE       | SCALE_CR                 | NO     | 1.0                | 1.0                



 Sasa Type                  : NUMERIC 
 Charge Type                : IAO_MULLIKEN 
 CDS Type                   : SMD 
 Radius Type                : SMD 
 Solvent                    : WATER 
 Solvent Parameters         : MN21 
 Dielectric Parameters      : MN21 
 Coulomb Radii Parameters   : SMD 
 GB d_ij parameter          : 3.7000000000 
 GB S_ij parameter          : 0.7500000000 
 GB C_ij parameter          : 0.0000000000 
 Sclae_vdw parameter        : 1.0000000000 
 Number of z-points         : 90 
 Number of angular points   : 100 
 Number of SASA grid points : 17902 
 Solvent Dielectric Constant: 78.3553000000 

 VDW Radii:
	  1 C :       1.7000  ang
	  2 C :       1.7000  ang
	  3 C :       1.7000  ang
	  4 C :       1.7000  ang
	  5 C :       1.7000  ang
	  6 H :       1.2000  ang
	  7 H :       1.2000  ang
	  8 H :       1.2000  ang
	  9 H :       1.2000  ang
	 10 H :       1.2000  ang
	 11 H :       1.2000  ang
	 12 H :       1.2000  ang
	 13 H :       1.2000  ang

	 Computing SASA... 

 Atomic SASA values:
	  1 C :       3.7147  ang^2
	  2 C :       3.6404  ang^2
	  3 C :       9.0918  ang^2
	  4 C :      14.7475  ang^2
	  5 C :      26.3746  ang^2
	  6 H :      12.1351  ang^2
	  7 H :      12.1405  ang^2
	  8 H :      11.7021  ang^2
	  9 H :      11.7129  ang^2
	 10 H :      12.1333  ang^2
	 11 H :      12.9959  ang^2
	 12 H :      12.1100  ang^2
	 13 H :      12.6958  ang^2

	*Total SASA (angs^2): 155.1948104585 


 Coulomb Radii:
	  1 C :       1.8500  ang
	  2 C :       1.8500  ang
	  3 C :       1.8500  ang
	  4 C :       1.8500  ang
	  5 C :       1.8500  ang
	  6 H :       1.2000  ang
	  7 H :       1.2000  ang
	  8 H :       1.2000  ang
	  9 H :       1.2000  ang
	 10 H :       1.2000  ang
	 11 H :       1.2000  ang
	 12 H :       1.2000  ang
	 13 H :       1.2000  ang
 Solvent Alpha                       : 1.1700000000 

 ## Effective Born Radius (bohr) ##
   0   4.2939074421 
   1   4.2857723979 
   2   4.0074439950 
   3   4.1875904656 
   4   3.8487537933 
   5   3.4308805125 
   6   3.4304520810 
   7   3.4298253120 
   8   3.4290834093 
   9   3.1892143423 
  10   3.1042075967 
  11   3.1902034561 
  12   2.7803721138 

 Effective Born Radii:
	  1 C :       2.2722  ang
	  2 C :       2.2679  ang
	  3 C :       2.1206  ang
	  4 C :       2.2160  ang
	  5 C :       2.0367  ang
	  6 H :       1.8155  ang
	  7 H :       1.8153  ang
	  8 H :       1.8150  ang
	  9 H :       1.8146  ang
	 10 H :       1.6877  ang
	 11 H :       1.6427  ang
	 12 H :       1.6882  ang
	 13 H :       1.4713  ang


 Coulomb Integrals:
	  1  1 :       0.2329  bohr^-1
	  1  2 :       0.2012  bohr^-1
	  1  3 :       0.2066  bohr^-1
	  1  4 :       0.1684  bohr^-1
	  1  5 :       0.1374  bohr^-1
	  1  6 :       0.2365  bohr^-1
	  1  7 :       0.2365  bohr^-1
	  1  8 :       0.1905  bohr^-1
	  1  9 :       0.1905  bohr^-1
	  1 10 :       0.1935  bohr^-1
	  1 11 :       0.1949  bohr^-1
	  1 12 :       0.1935  bohr^-1
	  1 13 :       0.1148  bohr^-1
	  2  1 :       0.2012  bohr^-1
	  2  2 :       0.2333  bohr^-1
	  2  3 :       0.1689  bohr^-1
	  2  4 :       0.2059  bohr^-1
	  2  5 :       0.1664  bohr^-1
	  2  6 :       0.1909  bohr^-1
	  2  7 :       0.1909  bohr^-1
	  2  8 :       0.2366  bohr^-1
	  2  9 :       0.2366  bohr^-1
	  2 10 :       0.1667  bohr^-1
	  2 11 :       0.1427  bohr^-1
	  2 12 :       0.1668  bohr^-1
	  2 13 :       0.1370  bohr^-1
	  3  1 :       0.2066  bohr^-1
	  3  2 :       0.1689  bohr^-1
	  3  3 :       0.2495  bohr^-1
	  3  4 :       0.1290  bohr^-1
	  3  5 :       0.1043  bohr^-1
	  3  6 :       0.1939  bohr^-1
	  3  7 :       0.1939  bohr^-1
	  3  8 :       0.1682  bohr^-1
	  3  9 :       0.1682  bohr^-1
	  3 10 :       0.2505  bohr^-1
	  3 11 :       0.2533  bohr^-1
	  3 12 :       0.2504  bohr^-1
	  3 13 :       0.0879  bohr^-1
	  4  1 :       0.1684  bohr^-1
	  4  2 :       0.2059  bohr^-1
	  4  3 :       0.1290  bohr^-1
	  4  4 :       0.2388  bohr^-1
	  4  5 :       0.2240  bohr^-1
	  4  6 :       0.1680  bohr^-1
	  4  7 :       0.1680  bohr^-1
	  4  8 :       0.1949  bohr^-1
	  4  9 :       0.1950  bohr^-1
	  4 10 :       0.1232  bohr^-1
	  4 11 :       0.1115  bohr^-1
	  4 12 :       0.1233  bohr^-1
	  4 13 :       0.1966  bohr^-1
	  5  1 :       0.1374  bohr^-1
	  5  2 :       0.1664  bohr^-1
	  5  3 :       0.1043  bohr^-1
	  5  4 :       0.2240  bohr^-1
	  5  5 :       0.2598  bohr^-1
	  5  6 :       0.1397  bohr^-1
	  5  7 :       0.1396  bohr^-1
	  5  8 :       0.1531  bohr^-1
	  5  9 :       0.1531  bohr^-1
	  5 10 :       0.0988  bohr^-1
	  5 11 :       0.0922  bohr^-1
	  5 12 :       0.0988  bohr^-1
	  5 13 :       0.2703  bohr^-1
	  6  1 :       0.2365  bohr^-1
	  6  2 :       0.1909  bohr^-1
	  6  3 :       0.1939  bohr^-1
	  6  4 :       0.1680  bohr^-1
	  6  5 :       0.1397  bohr^-1
	  6  6 :       0.2915  bohr^-1
	  6  7 :       0.2232  bohr^-1
	  6  8 :       0.1842  bohr^-1
	  6  9 :       0.1604  bohr^-1
	  6 10 :       0.1611  bohr^-1
	  6 11 :       0.1876  bohr^-1
	  6 12 :       0.1856  bohr^-1
	  6 13 :       0.1169  bohr^-1
	  7  1 :       0.2365  bohr^-1
	  7  2 :       0.1909  bohr^-1
	  7  3 :       0.1939  bohr^-1
	  7  4 :       0.1680  bohr^-1
	  7  5 :       0.1396  bohr^-1
	  7  6 :       0.2232  bohr^-1
	  7  7 :       0.2915  bohr^-1
	  7  8 :       0.1604  bohr^-1
	  7  9 :       0.1842  bohr^-1
	  7 10 :       0.1857  bohr^-1
	  7 11 :       0.1874  bohr^-1
	  7 12 :       0.1611  bohr^-1
	  7 13 :       0.1169  bohr^-1
	  8  1 :       0.1905  bohr^-1
	  8  2 :       0.2366  bohr^-1
	  8  3 :       0.1682  bohr^-1
	  8  4 :       0.1949  bohr^-1
	  8  5 :       0.1531  bohr^-1
	  8  6 :       0.1842  bohr^-1
	  8  7 :       0.1604  bohr^-1
	  8  8 :       0.2916  bohr^-1
	  8  9 :       0.2232  bohr^-1
	  8 10 :       0.1591  bohr^-1
	  8 11 :       0.1365  bohr^-1
	  8 12 :       0.1830  bohr^-1
	  8 13 :       0.1241  bohr^-1
	  9  1 :       0.1905  bohr^-1
	  9  2 :       0.2366  bohr^-1
	  9  3 :       0.1682  bohr^-1
	  9  4 :       0.1950  bohr^-1
	  9  5 :       0.1531  bohr^-1
	  9  6 :       0.1604  bohr^-1
	  9  7 :       0.1842  bohr^-1
	  9  8 :       0.2232  bohr^-1
	  9  9 :       0.2916  bohr^-1
	  9 10 :       0.1828  bohr^-1
	  9 11 :       0.1364  bohr^-1
	  9 12 :       0.1592  bohr^-1
	  9 13 :       0.1241  bohr^-1
	 10  1 :       0.1935  bohr^-1
	 10  2 :       0.1667  bohr^-1
	 10  3 :       0.2505  bohr^-1
	 10  4 :       0.1232  bohr^-1
	 10  5 :       0.0988  bohr^-1
	 10  6 :       0.1611  bohr^-1
	 10  7 :       0.1857  bohr^-1
	 10  8 :       0.1591  bohr^-1
	 10  9 :       0.1828  bohr^-1
	 10 10 :       0.3136  bohr^-1
	 10 11 :       0.2331  bohr^-1
	 10 12 :       0.2314  bohr^-1
	 10 13 :       0.0832  bohr^-1
	 11  1 :       0.1949  bohr^-1
	 11  2 :       0.1427  bohr^-1
	 11  3 :       0.2533  bohr^-1
	 11  4 :       0.1115  bohr^-1
	 11  5 :       0.0922  bohr^-1
	 11  6 :       0.1876  bohr^-1
	 11  7 :       0.1874  bohr^-1
	 11  8 :       0.1365  bohr^-1
	 11  9 :       0.1364  bohr^-1
	 11 10 :       0.2331  bohr^-1
	 11 11 :       0.3221  bohr^-1
	 11 12 :       0.2331  bohr^-1
	 11 13 :       0.0790  bohr^-1
	 12  1 :       0.1935  bohr^-1
	 12  2 :       0.1668  bohr^-1
	 12  3 :       0.2504  bohr^-1
	 12  4 :       0.1233  bohr^-1
	 12  5 :       0.0988  bohr^-1
	 12  6 :       0.1856  bohr^-1
	 12  7 :       0.1611  bohr^-1
	 12  8 :       0.1830  bohr^-1
	 12  9 :       0.1592  bohr^-1
	 12 10 :       0.2314  bohr^-1
	 12 11 :       0.2331  bohr^-1
	 12 12 :       0.3135  bohr^-1
	 12 13 :       0.0833  bohr^-1
	 13  1 :       0.1148  bohr^-1
	 13  2 :       0.1370  bohr^-1
	 13  3 :       0.0879  bohr^-1
	 13  4 :       0.1966  bohr^-1
	 13  5 :       0.2703  bohr^-1
	 13  6 :       0.1169  bohr^-1
	 13  7 :       0.1169  bohr^-1
	 13  8 :       0.1241  bohr^-1
	 13  9 :       0.1241  bohr^-1
	 13 10 :       0.0832  bohr^-1
	 13 11 :       0.0790  bohr^-1
	 13 12 :       0.0833  bohr^-1
	 13 13 :       0.3597  bohr^-1
    ===> SCF Iteration Started <===

     Iter. |                   Energy |       Delta E |          Drms |
    -------|--------------------------|---------------|---------------|
         1 |      -192.97725683132288 |    -1.930e+02 |     1.333e-02 |
         2 |      -193.82690386087123 |    -8.496e-01 |     2.792e-03 | DIIS
         3 |      -193.93570475619711 |    -1.088e-01 |     1.169e-03 | DIIS
         4 |      -193.94802467476543 |    -1.232e-02 |     5.472e-04 | DIIS
         5 |      -193.94911817226503 |    -1.093e-03 |     1.052e-04 | DIIS
         6 |      -193.94919446716588 |    -7.629e-05 |     3.286e-05 | DIIS
         7 |      -193.94919869342428 |    -4.226e-06 |     9.032e-06 | DIIS
         8 |      -193.94919916877942 |    -4.754e-07 |     3.893e-06 | DIIS
         9 |      -193.94919926875806 |    -9.998e-08 |     1.733e-06 | DIIS
        10 |      -193.94919926687655 |     1.882e-09 |     4.452e-07 | DIIS


	-Alpha Occupied Orbital Energies (au):  
	 1: -11.2278443894 	 2: -11.2087575150 	 3: -11.2076377676 	 4: -11.2000147366 	 5: -11.1966684810 
	 6: -1.0653476097 	 7: -0.9926031256 	 8: -0.9152346106 	 9: -0.7976330832 	10: -0.6886272136 
	11: -0.6180655838 	12: -0.6116949490 	13: -0.5512912206 	14: -0.5314804095 	15: -0.4865980489 
	16: -0.4689006133 	17: -0.4578994549 	18: -0.3538645063 	19: -0.3531656423 
	-Alpha Virtual Orbital Energies (au):  
	20: 0.1910289440 	21: 0.2214276961 	22: 0.2259813129 	23: 0.2332681042 	24: 0.2423170720 
	25: 0.2488704112 	26: 0.2572917234 	27: 0.2877708192 	28: 0.3021648432 	29: 0.3188439880 
	30: 0.4033646313 	31: 0.4155027202 	32: 0.4476448854 	33: 0.5305032497 	34: 0.5981412707 
	35: 0.5984116537 	36: 0.6177526618 	37: 0.6341700943 	38: 0.6485401528 	39: 0.7206329438 
	40: 0.7298229796 	41: 0.7936429505 	42: 0.8448531906 	43: 0.8607689698 	44: 0.8650391227 
	45: 0.8727028712 	46: 0.8805517374 	47: 0.8900771239 	48: 0.9010211152 	49: 0.9057031521 
	50: 0.9136777138 	51: 0.9317516017 	52: 0.9458508520 	53: 0.9849591403 	54: 0.9866873727 
	55: 1.0530920420 	56: 1.1212082392 	57: 1.1336670415 	58: 1.1343042289 	59: 1.2568652165 
	60: 1.2688707419 	61: 1.3425560030 	62: 1.3866464166 	63: 1.4559747861 	64: 1.4563569519 
	65: 1.4588760146 	66: 1.5164490145 	67: 1.5251162281 	68: 1.5627274244 	69: 1.5909284233 
	70: 1.6583352323 	71: 1.6753196412 	72: 1.6905240869 	73: 1.6926998652 	74: 1.8229426789 
	75: 1.8546168782 	76: 1.8907112228 	77: 1.8961330046 	78: 1.8974072155 	79: 1.9245496236 
	80: 1.9539346249 	81: 1.9663008174 	82: 1.9741966048 	83: 1.9997051368 	84: 2.0271386656 
	85: 2.0304871982 	86: 2.0473723687 	87: 2.0983396658 	88: 2.1483307570 	89: 2.2109973854 
	90: 2.2409631853 	91: 2.2779541999 	92: 2.3125030186 	93: 2.3609376730 	94: 2.4103116678 
	95: 2.4341746610 	96: 2.5025127075 	97: 2.5419315208 	98: 2.5660589725 	99: 2.6202034155 
	100: 2.7244975962 	101: 2.7591086406 	102: 2.7669603799 	103: 2.8071744543 	104: 2.8138602901 
	105: 2.9101273619 	106: 2.9785987376 	107: 2.9858006555 	108: 3.0590878326 	109: 3.1016656964 
	110: 3.6002761765 


	-Mulliken Population Analysis for SCF:
	 1: -0.0898872761 	 2: 0.0112701710 	 3: -0.0305875063 	 4: 0.1623764675 	 5: -0.3768368380 
	 6: 0.0378870668 	 7: 0.0378719632 	 8: 0.0602837869 	 9: 0.0600054793 	10: 0.0282050191 
	11: 0.0352564731 	12: 0.0281259154 	13: 0.0360292781 

	-Lowdin Population Analysis for SCF:  
	 1: -0.0250916972 	 2: -0.0414456661 	 3: -0.0500132482 	 4: -0.0220237475 	 5: -0.0758872778 
	 6: 0.0231548851 	 7: 0.0231427990 	 8: 0.0398645521 	 9: 0.0397544359 	10: 0.0202606511 
	11: 0.0246142756 	12: 0.0202463834 	13: 0.0234236547 

	-Electronic Dipole Moment: (e a0)  
	 X:  -6.04092   Y:  0.04500   Z:  0.00062   Total:  6.04108 

	-Electronic Dipole Moment: (D)  
	 X:  -15.35447   Y:  0.11438   Z:  0.00157   Total:  15.35490 

	-Total Dipole Moment: (e a0)  
	 X:  0.30554   Y:  0.02367   Z:  -0.00034   Total:  0.30645 

	-Total Dipole Moment: (D)  
	 X:  0.77660   Y:  0.06016   Z:  -0.00087   Total:  0.77892 



	Initializing Liboeprop (by U. Bozkaya) ...


	-Mulliken Population Analysis for SCF-IAO:
	 1: -0.1950593085 	 2: -0.2258513266 	 3: -0.3579752258 	 4: -0.0252455139 	 5: -0.2592902131 
	 6: 0.1185642002 	 7: 0.1185740560 	 8: 0.1381058756 	 9: 0.1379028941 	10: 0.1155462380 
	11: 0.1246032852 	12: 0.1154948165 	13: 0.1947518073 

	-Lowdin Population Analysis for SCF-IAO:  
	 1: -0.1950593085 	 2: -0.2258513266 	 3: -0.3579752258 	 4: -0.0252455139 	 5: -0.2592902131 
	 6: 0.1185642002 	 7: 0.1185740560 	 8: 0.1381058756 	 9: 0.1379028941 	10: 0.1155462380 
	11: 0.1246032852 	12: 0.1154948165 	13: 0.1947518073 

	Initializing Liblocal (by U. Bozkaya) ...
  ==> Pipek-Mezey Localizer <==

    Convergence =   1.000E-08
    Maxiter     =          50

    Iteration                   Metric       Residual
    PM    0   1.3021138940765542E+01              -
    PM    1   2.1143224256225473E+01   6.237615E-01
    PM    2   2.4789236887232811E+01   1.724435E-01
    PM    3   2.4970956736138614E+01   7.330595E-03
    PM    4   2.4973579747290529E+01   1.050425E-04
    PM    5   2.4973609137568914E+01   1.176855E-06
    PM    6   2.4973609650834220E+01   2.055231E-08
    PM    7   2.4973609659372286E+01   3.418835E-10

    PM Localizer converged.



	*Molecular contr. to CDS energy:       0.0000  kcal/mol
	*Total CDS energy:       4.2780  kcal/mol
	*SCF::Polarization Free Energy (au)      : -0.0026566968 
	*SCF::Polarization Free Energy (kcal/mol):      -1.6671 
	*SCF::CDS Free Energy (au)      : 0.0068174290 
	*SCF::CDS Free Energy (kcal/mol):       4.2780 
	*SCF::Total Solvation Free Energy (au)      : 0.0041607321 
	*SCF::Total Solvation Free Energy (kcal/mol):       2.6109 
 CC-PVDZ primary basis set file will be read for the C atom...
 CC-PVDZ primary basis set file will be read for the H atom...
 Nmaxthread: 12 
 Nshell: 54 
 Lmax:  2 
 Npmax:  8 
 Nao: 110 
 Ndocc: 19 
 Nsocc:  0 
 NoccA: 19 
 NoccB: 19 
 Primary basis set info has been read.

 CC-PVDZ-JKFIT aux basis set file will be read for the C atom...
 CC-PVDZ-JKFIT aux basis set file will be read for the H atom...
 Nshell_aux: 192 
 Naux: 534 
 Aux basis set info has been read.


	*Total SCF Energy: -193.94919926687655

 Cpu time for SCF :       1.0138 minutes
 Wall time for SCF:       0.3781 minutes


	MO spaces... 

	 FC   OCC   VIR   FV 
	----------------------
	  5   14    91    0


	Libtrans is initialized (by U. Bozkaya) ...

 ============================================================================== 
 ============================================================================== 
 ============================================================================== 

                       DF-MP2   
              Program Written by Ugur Bozkaya
              Latest Revision May 2, 2021

 ============================================================================== 
 ============================================================================== 
 ============================================================================== 

	For this residual convergence, default PCG convergence is:     1.00e-07
    Warning: "PCG_CONVERGENCE" option is changed to     1.00e-07


  ## DFOCC Options ##

  | TYPE         | KEY                      | INPUT? | VALUE              | DEFAULT            
  |--------------|--------------------------|--------|--------------------|--------------------
  | BOOL         | EOM                      | NO     | FALSE              | FALSE              
  | BOOL         | EOM_MP2                  | NO     | FALSE              | FALSE              
  | BOOL         | EOM_MP3                  | NO     | FALSE              | FALSE              
  | BOOL         | EOM_MP2_5                | NO     | FALSE              | FALSE              
  | BOOL         | EOM_LCCD                 | NO     | FALSE              | FALSE              
  | BOOL         | LOW_MEM_MP2              | NO     | FALSE              | FALSE              
  | BOOL         | LOW_MEM_MP3              | NO     | FALSE              | FALSE              
  | BOOL         | CD_PRESCREEN             | NO     | FALSE              | FALSE              
  | DOUBLE       | CIS_E_CONV               | NO     | 1e-06              | 1e-06              
  | DOUBLE       | CIS_R_CONV               | NO     | 1e-06              | 1e-06              
  | DOUBLE       | CIS_RES_PRECONDITION_TOL | NO     | 0.0001             | 0.0001             
  | DOUBLE       | DAVIDSON_TOLERANCE       | NO     | 1e-06              | 1e-06              
  | DOUBLE       | E3_SCALE                 | NO     | 0.25               | 0.25               
  | DOUBLE       | E_CONVERGENCE            | NO     | 1e-06              | 1e-06              
  | DOUBLE       | JK_MEMORY                | NO     | 1000000000.0       | 1000000000.0       
  | DOUBLE       | LEVEL_SHIFT              | NO     | 0.02               | 0.02               
  | DOUBLE       | MAX_MOGRAD_CONVERGENCE   | NO     | 0.001              | 0.001              
  | DOUBLE       | MO_STEP_MAX              | NO     | 0.5                | 0.5                
  | DOUBLE       | MP2_OS_SCALE             | NO     | 1.2                | 1.2                
  | DOUBLE       | MP2_SOS_SCALE            | NO     | 1.3                | 1.3                
  | DOUBLE       | MP2_SOS_SCALE2           | NO     | 1.2                | 1.2                
  | DOUBLE       | MP2_SS_SCALE             | NO     | 0.3333333333333333 | 0.3333333333333333 
  | DOUBLE       | OCC_PERCENTAGE           | NO     | 99.0               | 99.0               
  | DOUBLE       | OCC_TOLERANCE            | NO     | 1e-05              | 1e-05              
  | DOUBLE       | OO_SCALE                 | NO     | 0.01               | 0.01               
  | DOUBLE       | PCG_CONVERGENCE          | NO     | 1e-06              | 1e-06              
  | DOUBLE       | R_CONVERGENCE            | NO     | 1e-05              | 1e-05              
  | DOUBLE       | REG_PARAM                | NO     | 0.4                | 0.4                
  | DOUBLE       | KAPPA_REG_PARAM          | NO     | 1.1                | 1.1                
  | DOUBLE       | RMS_MOGRAD_CONVERGENCE   | NO     | 1e-06              | 1e-06              
  | DOUBLE       | SCG_TOLERANCE            | NO     | 1e-06              | 1e-06              
  | DOUBLE       | SCHMIDT_ADD_RES_TOL      | NO     | 0.001              | 0.001              
  | INT          | ACTIVE_NAT_ORBS          | NO     | 2                  | 2                  
  | INT          | CC_DIIS_MAX_VECS         | NO     | 6                  | 6                  
  | INT          | CC_DIIS_MIN_VECS         | NO     | 2                  | 2                  
  | INT          | CC_MAXITER               | NO     | 50                 | 50                 
  | INT          | CUTOFF                   | NO     | 8                  | 8                  
  | INT          | EXCITATION_RANGE         | NO     | 2                  | 2                  
  | INT          | FOLLOW_ROOT              | NO     | 1                  | 1                  
  | INT          | INTEGRAL_CUTOFF          | NO     | 9                  | 9                  
  | INT          | MAX_VECS                 | NO     | 50                 | 50                 
  | INT          | MO_DIIS_NUM_VECS         | NO     | 6                  | 6                  
  | INT          | MO_MAXITER               | NO     | 50                 | 50                 
  | INT          | NUM_ROOTS                | NO     | 4                  | 4                  
  | INT          | PCG_MAXITER              | NO     | 50                 | 50                 
  | INT          | PRINT_LEVEL              | NO     | 0                  | 0                  
  | INT          | VECS_PER_ROOT            | NO     | 1                  | 1                  
  | STRING       | CC_LAMBDA                | NO     | FALSE              | FALSE              
  | STRING       | CHOLESKY                 | NO     | FALSE              | FALSE              
  | STRING       | CIS_ALGORITHM            | NO     | MO_BASIS           | MO_BASIS           
  | STRING       | CIS_GUESS_COEFF          | NO     | MIX                | MIX                
  | STRING       | COMPUT_S2                | NO     | FALSE              | FALSE              
  | STRING       | DIAG_METHOD              | NO     | DAVIDSON           | DAVIDSON           
  | STRING       | DO_DIIS                  | NO     | TRUE               | TRUE               
  | STRING       | DO_LEVEL_SHIFT           | NO     | TRUE               | TRUE               
  | STRING       | DO_SCS                   | NO     | FALSE              | FALSE              
  | STRING       | DO_SOS                   | NO     | FALSE              | FALSE              
  | STRING       | EKT_IP                   | NO     | FALSE              | FALSE              
  | STRING       | FREEZE_CORE              | NO     | TRUE               | TRUE               
  | STRING       | HESS_TYPE                | NO     | HF                 | HF                 
  | STRING       | JK_TYPE                  | NO     | DIRECT             | DIRECT             
  | STRING       | LINEQ_SOLVER             | NO     | CDGESV             | CDGESV             
  | STRING       | MO_READ                  | NO     | FALSE              | FALSE              
  | STRING       | MO_WRITE                 | NO     | FALSE              | FALSE              
  | STRING       | MP2_AMP_TYPE             | NO     | DIRECT             | DIRECT             
  | STRING       | NAT_ORBS                 | NO     | FALSE              | FALSE              
  | STRING       | NBO                      | NO     | TRUE               | TRUE               
  | STRING       | OCC_ORBS_PRINT           | NO     | FALSE              | FALSE              
  | STRING       | OEPROP                   | NO     | FALSE              | FALSE              
  | STRING       | OPT_METHOD               | NO     | QNR                | QNR                
  | STRING       | ORB_RESP_SOLVER          | NO     | PCG                | PCG                
  | STRING       | ORTH_TYPE                | NO     | MGS                | MGS                
  | STRING       | PCG_BETA_TYPE            | NO     | FLETCHER_REEVES    | FLETCHER_REEVES    
  | STRING       | PPL_TYPE                 | NO     | AUTO               | AUTO               
  | STRING       | PRINT_CI_VECS            | NO     | FALSE              | FALSE              
  | STRING       | QCHF                     | NO     | FALSE              | FALSE              
  | STRING       | READ_SCF_3INDEX          | NO     | TRUE               | TRUE               
  | STRING       | REGULARIZATION           | NO     | FALSE              | FALSE              
  | STRING       | REG_TYPE                 | NO     | NORMAL             | NORMAL             
  | STRING       | SCS_TYPE                 | NO     | SCS                | SCS                
  | STRING       | SOS_TYPE                 | NO     | SOS                | SOS                
  | STRING       | TRIPLES_IABC_TYPE        | NO     | DISK               | DISK               
  | STRING       | UNIT_GUESS_TYPE          | NO     | GEN                | GEN                
  | STRING       | EKT_NEGATIVE_OCC         | NO     | ABS                | ABS                
  | BOOL         | SOLVATION                | YES    | TRUE               | FALSE              

	MO spaces... 

	 FC   OCC   VIR   FV 
	----------------------
	  5   14    91    0
 CC-PVDZ primary basis set file will be read for the C atom...
 CC-PVDZ primary basis set file will be read for the H atom...
 Nmaxthread: 12 
 Nshell: 54 
 Lmax:  2 
 Npmax:  8 
 Nao: 110 
 Ndocc: 19 
 Nsocc:  0 
 NoccA: 19 
 NoccB: 19 
 Primary basis set info has been read.

 CC-PVDZ-RI aux basis set file will be read for the C atom...
 CC-PVDZ-RI aux basis set file will be read for the H atom...
 Nshell_aux: 138 
 Naux: 392 
 Aux basis set info has been read.

 Cpu time for Metric ints :       0.2100 s
 Wall time for Metric ints:       0.1078 s
 3-Index Algorithm: AUTO 

 Calling fortran integrals: ringing... 
 Done with fintegrals.

 Cpu time for 3-index ints :       2.2500 s
 Wall time for 3-index ints:       0.5901 s
 Cpu time for df-factors :       0.1800 s
 Wall time for df-factors:       0.0487 s
 CC-PVDZ primary basis set file will be read for the C atom...
 CC-PVDZ primary basis set file will be read for the H atom...
 Nmaxthread: 12 
 Nshell: 54 
 Lmax:  2 
 Npmax:  8 
 Nao: 110 
 Ndocc: 19 
 Nsocc:  0 
 NoccA: 19 
 NoccB: 19 
 Primary basis set info has been read.

 CC-PVDZ-JKFIT aux basis set file will be read for the C atom...
 CC-PVDZ-JKFIT aux basis set file will be read for the H atom...
 Nshell_aux: 192 
 Naux: 534 
 Aux basis set info has been read.

	Reading DF integrals from disk ...
 Cpu time for Metric ints :       1.0200 s
 Wall time for Metric ints:       0.3112 s
	Number of basis functions in the DF-HF basis: 534
	Number of basis functions in the DF-CC basis: 392

	Available memory                      :  30000.00 MB 
	Minimum required memory for amplitudes:     38.95 MB 
	Memory requirement for B-CC (Q|mu nu) :     37.95 MB 
	Memory requirement for B-CC (Q|ab)    :     25.97 MB 
	Memory requirement for DF-CC int trans:     69.34 MB 

	Computing DF-MP2 energy using SCF MOs (Canonical DF-MP2)... 
	======================================================================= 
	Nuclear Repulsion Energy (a.u.)    :   153.98058875632228
	DF-HF Energy (a.u.)                :  -193.94919926687655
	REF Energy (a.u.)                  :  -193.94919926687655
	DF-MP2 Correlation Energy (a.u.)   :    -0.68613604953718
	DF-MP2 Total Energy (a.u.)         :  -194.63533531641372
	======================================================================= 

	*Total MP2 Energy: -194.63533531641372

	Computing unrelaxed response density matrices...
	Number of independent-pairs: 1729
	Computing the generalized Fock matrix (GFM)...
	Computing the orbital gradient...
	Forming effective orbital gradient...
	Solving orbital Z-vector equations...

	            PCG Solver 
	   ------------------------------ 
	Iter     RMS Z Vector        RMS Residual  
	----    ---------------    ---------------
	  1         1.36e-03         9.00e-04
	  2         3.80e-04         3.59e-04
	  3         1.76e-04         7.37e-05
	  4         4.25e-05         3.75e-05
	  5         3.61e-05         1.62e-05
	  6         1.32e-05         3.98e-06
	  7         1.56e-06         1.21e-06
	  8         4.52e-07         2.70e-07
	  9         1.14e-07         7.67e-08
	 10         3.53e-08         1.84e-08

	Computing the relaxed PDMs and GFM...
	Compute solv. is starting ...

	Initializing Liboeprop (by U. Bozkaya) ...


	-Mulliken Population Analysis for MP2-IAO:
	 1: -0.0560551171 	 2: -0.1030671532 	 3: -0.2264339803 	 4: 0.2012498671 	 5: -0.3819485474 
	 6: 0.0858219153 	 7: 0.0858218807 	 8: 0.1036312664 	 9: 0.1033958711 	10: 0.0813930745 
	11: 0.0808980426 	12: 0.0813822384 	13: 0.1405390923 

	-Lowdin Population Analysis for MP2-IAO:  
	 1: -0.0560551171 	 2: -0.1030671532 	 3: -0.2264339803 	 4: 0.2012498671 	 5: -0.3819485474 
	 6: 0.0858219153 	 7: 0.0858218807 	 8: 0.1036312664 	 9: 0.1033958711 	10: 0.0813930745 
	11: 0.0808980426 	12: 0.0813822384 	13: 0.1405390923 


  ## SOLVATION Options ##

  | TYPE         | KEY                      | INPUT? | VALUE              | DEFAULT            
  |--------------|--------------------------|--------|--------------------|--------------------
  | INT          | NUM_Z_POINTS             | NO     | 90                 | 90                 
  | INT          | NUM_ANG_POINTS           | YES    | 100                | 100                
  | STRING       | SASA_TYPE                | YES    | NUMERIC            | NUMERIC            
  | STRING       | CHARGE_TYPE              | YES    | IAO_MULLIKEN       | IAO_MULLIKEN       
  | STRING       | CDS_TYPE                 | YES    | SMD                | SMD                
  | STRING       | SOLVENT                  | YES    | WATER              | WATER              
  | STRING       | SOLVENT_PARAMS           | YES    | MN21               | SM8                
  | STRING       | DIELECTRIC_PARAMS        | YES    | MN21               | MN21               
  | STRING       | COULOMB_RADII            | YES    | SMD                | SMD                
  | DOUBLE       | COVALENT_VW_CONST        | NO     | 0.76               | 0.76               
  | DOUBLE       | SOLVENT_RADIUS           | NO     | 0.4                | 0.4                
  | STRING       | RADIUS_TYPE              | YES    | SMD                | SMD                
  | DOUBLE       | GB_DIJ                   | NO     | 3.7                | 3.7                
  | DOUBLE       | GB_SIJ                   | NO     | 0.75               | 0.75               
  | DOUBLE       | GB_CIJ                   | NO     | 0.0                | 0.0                
  | DOUBLE       | F_PWSASA                 | NO     | 0.4535             | 0.4535             
  | DOUBLE       | SCALE_VDW                | NO     | 1.0                | 1.0                
  | DOUBLE       | SCALE_CR                 | NO     | 1.0                | 1.0                



 Sasa Type                  : NUMERIC 
 Charge Type                : IAO_MULLIKEN 
 CDS Type                   : SMD 
 Radius Type                : SMD 
 Solvent                    : WATER 
 Solvent Parameters         : MN21 
 Dielectric Parameters      : MN21 
 Coulomb Radii Parameters   : SMD 
 GB d_ij parameter          : 3.7000000000 
 GB S_ij parameter          : 0.7500000000 
 GB C_ij parameter          : 0.0000000000 
 Sclae_vdw parameter        : 1.0000000000 
 Number of z-points         : 90 
 Number of angular points   : 100 
 Number of SASA grid points : 17902 
 Solvent Dielectric Constant: 78.3553000000 

 VDW Radii:
	  1 C :       1.7000  ang
	  2 C :       1.7000  ang
	  3 C :       1.7000  ang
	  4 C :       1.7000  ang
	  5 C :       1.7000  ang
	  6 H :       1.2000  ang
	  7 H :       1.2000  ang
	  8 H :       1.2000  ang
	  9 H :       1.2000  ang
	 10 H :       1.2000  ang
	 11 H :       1.2000  ang
	 12 H :       1.2000  ang
	 13 H :       1.2000  ang

	 Computing SASA... 

 Atomic SASA values:
	  1 C :       3.7147  ang^2
	  2 C :       3.6404  ang^2
	  3 C :       9.0918  ang^2
	  4 C :      14.7475  ang^2
	  5 C :      26.3746  ang^2
	  6 H :      12.1351  ang^2
	  7 H :      12.1405  ang^2
	  8 H :      11.7021  ang^2
	  9 H :      11.7129  ang^2
	 10 H :      12.1333  ang^2
	 11 H :      12.9959  ang^2
	 12 H :      12.1100  ang^2
	 13 H :      12.6958  ang^2

	*Total SASA (angs^2): 155.1948104585 


 Coulomb Radii:
	  1 C :       1.8500  ang
	  2 C :       1.8500  ang
	  3 C :       1.8500  ang
	  4 C :       1.8500  ang
	  5 C :       1.8500  ang
	  6 H :       1.2000  ang
	  7 H :       1.2000  ang
	  8 H :       1.2000  ang
	  9 H :       1.2000  ang
	 10 H :       1.2000  ang
	 11 H :       1.2000  ang
	 12 H :       1.2000  ang
	 13 H :       1.2000  ang
 Solvent Alpha                       : 1.1700000000 

 ## Effective Born Radius (bohr) ##
   0   4.2939074421 
   1   4.2857723979 
   2   4.0074439950 
   3   4.1875904656 
   4   3.8487537933 
   5   3.4308805125 
   6   3.4304520810 
   7   3.4298253120 
   8   3.4290834093 
   9   3.1892143423 
  10   3.1042075967 
  11   3.1902034561 
  12   2.7803721138 

 Effective Born Radii:
	  1 C :       2.2722  ang
	  2 C :       2.2679  ang
	  3 C :       2.1206  ang
	  4 C :       2.2160  ang
	  5 C :       2.0367  ang
	  6 H :       1.8155  ang
	  7 H :       1.8153  ang
	  8 H :       1.8150  ang
	  9 H :       1.8146  ang
	 10 H :       1.6877  ang
	 11 H :       1.6427  ang
	 12 H :       1.6882  ang
	 13 H :       1.4713  ang


 Coulomb Integrals:
	  1  1 :       0.2329  bohr^-1
	  1  2 :       0.2012  bohr^-1
	  1  3 :       0.2066  bohr^-1
	  1  4 :       0.1684  bohr^-1
	  1  5 :       0.1374  bohr^-1
	  1  6 :       0.2365  bohr^-1
	  1  7 :       0.2365  bohr^-1
	  1  8 :       0.1905  bohr^-1
	  1  9 :       0.1905  bohr^-1
	  1 10 :       0.1935  bohr^-1
	  1 11 :       0.1949  bohr^-1
	  1 12 :       0.1935  bohr^-1
	  1 13 :       0.1148  bohr^-1
	  2  1 :       0.2012  bohr^-1
	  2  2 :       0.2333  bohr^-1
	  2  3 :       0.1689  bohr^-1
	  2  4 :       0.2059  bohr^-1
	  2  5 :       0.1664  bohr^-1
	  2  6 :       0.1909  bohr^-1
	  2  7 :       0.1909  bohr^-1
	  2  8 :       0.2366  bohr^-1
	  2  9 :       0.2366  bohr^-1
	  2 10 :       0.1667  bohr^-1
	  2 11 :       0.1427  bohr^-1
	  2 12 :       0.1668  bohr^-1
	  2 13 :       0.1370  bohr^-1
	  3  1 :       0.2066  bohr^-1
	  3  2 :       0.1689  bohr^-1
	  3  3 :       0.2495  bohr^-1
	  3  4 :       0.1290  bohr^-1
	  3  5 :       0.1043  bohr^-1
	  3  6 :       0.1939  bohr^-1
	  3  7 :       0.1939  bohr^-1
	  3  8 :       0.1682  bohr^-1
	  3  9 :       0.1682  bohr^-1
	  3 10 :       0.2505  bohr^-1
	  3 11 :       0.2533  bohr^-1
	  3 12 :       0.2504  bohr^-1
	  3 13 :       0.0879  bohr^-1
	  4  1 :       0.1684  bohr^-1
	  4  2 :       0.2059  bohr^-1
	  4  3 :       0.1290  bohr^-1
	  4  4 :       0.2388  bohr^-1
	  4  5 :       0.2240  bohr^-1
	  4  6 :       0.1680  bohr^-1
	  4  7 :       0.1680  bohr^-1
	  4  8 :       0.1949  bohr^-1
	  4  9 :       0.1950  bohr^-1
	  4 10 :       0.1232  bohr^-1
	  4 11 :       0.1115  bohr^-1
	  4 12 :       0.1233  bohr^-1
	  4 13 :       0.1966  bohr^-1
	  5  1 :       0.1374  bohr^-1
	  5  2 :       0.1664  bohr^-1
	  5  3 :       0.1043  bohr^-1
	  5  4 :       0.2240  bohr^-1
	  5  5 :       0.2598  bohr^-1
	  5  6 :       0.1397  bohr^-1
	  5  7 :       0.1396  bohr^-1
	  5  8 :       0.1531  bohr^-1
	  5  9 :       0.1531  bohr^-1
	  5 10 :       0.0988  bohr^-1
	  5 11 :       0.0922  bohr^-1
	  5 12 :       0.0988  bohr^-1
	  5 13 :       0.2703  bohr^-1
	  6  1 :       0.2365  bohr^-1
	  6  2 :       0.1909  bohr^-1
	  6  3 :       0.1939  bohr^-1
	  6  4 :       0.1680  bohr^-1
	  6  5 :       0.1397  bohr^-1
	  6  6 :       0.2915  bohr^-1
	  6  7 :       0.2232  bohr^-1
	  6  8 :       0.1842  bohr^-1
	  6  9 :       0.1604  bohr^-1
	  6 10 :       0.1611  bohr^-1
	  6 11 :       0.1876  bohr^-1
	  6 12 :       0.1856  bohr^-1
	  6 13 :       0.1169  bohr^-1
	  7  1 :       0.2365  bohr^-1
	  7  2 :       0.1909  bohr^-1
	  7  3 :       0.1939  bohr^-1
	  7  4 :       0.1680  bohr^-1
	  7  5 :       0.1396  bohr^-1
	  7  6 :       0.2232  bohr^-1
	  7  7 :       0.2915  bohr^-1
	  7  8 :       0.1604  bohr^-1
	  7  9 :       0.1842  bohr^-1
	  7 10 :       0.1857  bohr^-1
	  7 11 :       0.1874  bohr^-1
	  7 12 :       0.1611  bohr^-1
	  7 13 :       0.1169  bohr^-1
	  8  1 :       0.1905  bohr^-1
	  8  2 :       0.2366  bohr^-1
	  8  3 :       0.1682  bohr^-1
	  8  4 :       0.1949  bohr^-1
	  8  5 :       0.1531  bohr^-1
	  8  6 :       0.1842  bohr^-1
	  8  7 :       0.1604  bohr^-1
	  8  8 :       0.2916  bohr^-1
	  8  9 :       0.2232  bohr^-1
	  8 10 :       0.1591  bohr^-1
	  8 11 :       0.1365  bohr^-1
	  8 12 :       0.1830  bohr^-1
	  8 13 :       0.1241  bohr^-1
	  9  1 :       0.1905  bohr^-1
	  9  2 :       0.2366  bohr^-1
	  9  3 :       0.1682  bohr^-1
	  9  4 :       0.1950  bohr^-1
	  9  5 :       0.1531  bohr^-1
	  9  6 :       0.1604  bohr^-1
	  9  7 :       0.1842  bohr^-1
	  9  8 :       0.2232  bohr^-1
	  9  9 :       0.2916  bohr^-1
	  9 10 :       0.1828  bohr^-1
	  9 11 :       0.1364  bohr^-1
	  9 12 :       0.1592  bohr^-1
	  9 13 :       0.1241  bohr^-1
	 10  1 :       0.1935  bohr^-1
	 10  2 :       0.1667  bohr^-1
	 10  3 :       0.2505  bohr^-1
	 10  4 :       0.1232  bohr^-1
	 10  5 :       0.0988  bohr^-1
	 10  6 :       0.1611  bohr^-1
	 10  7 :       0.1857  bohr^-1
	 10  8 :       0.1591  bohr^-1
	 10  9 :       0.1828  bohr^-1
	 10 10 :       0.3136  bohr^-1
	 10 11 :       0.2331  bohr^-1
	 10 12 :       0.2314  bohr^-1
	 10 13 :       0.0832  bohr^-1
	 11  1 :       0.1949  bohr^-1
	 11  2 :       0.1427  bohr^-1
	 11  3 :       0.2533  bohr^-1
	 11  4 :       0.1115  bohr^-1
	 11  5 :       0.0922  bohr^-1
	 11  6 :       0.1876  bohr^-1
	 11  7 :       0.1874  bohr^-1
	 11  8 :       0.1365  bohr^-1
	 11  9 :       0.1364  bohr^-1
	 11 10 :       0.2331  bohr^-1
	 11 11 :       0.3221  bohr^-1
	 11 12 :       0.2331  bohr^-1
	 11 13 :       0.0790  bohr^-1
	 12  1 :       0.1935  bohr^-1
	 12  2 :       0.1668  bohr^-1
	 12  3 :       0.2504  bohr^-1
	 12  4 :       0.1233  bohr^-1
	 12  5 :       0.0988  bohr^-1
	 12  6 :       0.1856  bohr^-1
	 12  7 :       0.1611  bohr^-1
	 12  8 :       0.1830  bohr^-1
	 12  9 :       0.1592  bohr^-1
	 12 10 :       0.2314  bohr^-1
	 12 11 :       0.2331  bohr^-1
	 12 12 :       0.3135  bohr^-1
	 12 13 :       0.0833  bohr^-1
	 13  1 :       0.1148  bohr^-1
	 13  2 :       0.1370  bohr^-1
	 13  3 :       0.0879  bohr^-1
	 13  4 :       0.1966  bohr^-1
	 13  5 :       0.2703  bohr^-1
	 13  6 :       0.1169  bohr^-1
	 13  7 :       0.1169  bohr^-1
	 13  8 :       0.1241  bohr^-1
	 13  9 :       0.1241  bohr^-1
	 13 10 :       0.0832  bohr^-1
	 13 11 :       0.0790  bohr^-1
	 13 12 :       0.0833  bohr^-1
	 13 13 :       0.3597  bohr^-1


	*Molecular contr. to CDS energy:       0.0000  kcal/mol
	*Total CDS energy:       4.2780  kcal/mol
	*MP2::Polarization Free Energy (au)      : -0.0061791097 
	*MP2::Polarization Free Energy (kcal/mol):      -3.8774 
	*MP2::CDS Free Energy (au)      : 0.0068174290 
	*MP2::CDS Free Energy (kcal/mol):       4.2780 
	*MP2::Total Solvation Free Energy (au)      : 0.0006383192 
	*MP2::Total Solvation Free Energy (kcal/mol):       0.4006 
	GB-MP2 Total Energy (a.u.)         :  -194.63469699718044

	*Total GB-MP2 Energy: -194.63533531641372


 Cpu time for MacroQC :       1.3638 minutes
 Wall time for MacroQC:       0.5005 minutes


 ******************************************************************************************
	 MacroQC terminates normally:) 
 ****************************************************************************************** 

