 ==========================================================================================
 =========                __  ___                         ____  ______            =========
 ======                  /  |/  /___ _______________     / __ \/ ____/               ======
 ====                   / /|_/ / __ `/ ___/ ___/ __ \   / / / / /                      ====
 ===                   / /  / / /_/ / /__/ /  / /_/ /  / /_/ / /___                     ===
 ==                   /_/  /_/\__,_/\___/_/   \____/   \___\_\____/                      ==
 ===                                                                1.0.4                ===
 =====     An electronic structure theory software for large-scale applications       =====
 ======                                 See license.txt for license info             ======
 =========                                                                        =========
 ==========================================================================================
                                                                                           
                           * * * * * * * * * * * * * * * * * * * *                        
                           *            Developed by             *                        
                           *             U. Bozkaya              *                        
                           *                                     *                        
                           *       With contributions from:      *                        
                           *         B. Ermis, Y. Alagoz,        *                        
                           *         A. Unal, and A. K. Uyar     *                        
                           *         Git Version: deab493        *                        
                           *       Latest Revision: 2026-03-23   *                        
                           * * * * * * * * * * * * * * * * * * * *                        


 Run date: Wed Mar 25 09:07:58 2026
 
 Hostname: ub6 

 ## MacroQC input file ##
 ******************************************************************************************
$set_molecule
0 1
C       0.0000046948    -0.0000025139     0.0000124074
H       0.9322322954    -0.2949066640     0.4779764683
H      -0.8214672355    -0.1158961731     0.7044447270
H       0.0658426988     1.0404290714    -0.3125143574
H      -0.1766359273    -0.6296111510    -0.8699812826
$end_molecule


$set_globals
   basis cc-pvdz
  method mp2
  reference rhf
  jobtype energy
  memory 30000
$end_globals


$set_scf
  e_convergence 1.0e-8
  d_convergence 1.0e-6
  guess sad
  solvation true
$end_scf


$set_solvation
  cds_type smd
  radius_type smd
  solvent_params mn21
  dielectric_params mn21
  sasa_type numeric
  solvent water
  num_ang_points 100
  charge_type iao_mulliken
  coulomb_radii smd
$end_solvation

$set_dfocc
solvation true
$end_dfocc

 ******************************************************************************************


	-Geometry before Center-of-Mass shift (ang): 
	 Number     Atom               X                    Y                       Z  
	 ---------------------------------------------------------------------------------------
           1     C             0.0000046948         -0.0000025139           0.0000124074  
           2     H             0.9322322954         -0.2949066640           0.4779764683  
           3     H            -0.8214672355         -0.1158961731           0.7044447270  
           4     H             0.0658426988          1.0404290714          -0.3125143574  
           5     H            -0.1766359273         -0.6296111510          -0.8699812826  



	-Geometry after Center-of-Mass shift (ang): 
	 Atom               X                    Y                       Z  
	 -------------------------------------------------------------------
     C           0.0000029514         -0.0000015804           0.0000078001  
     H           0.9322305520         -0.2949057305           0.4779718610  
     H          -0.8214689789         -0.1158952396           0.7044401197  
     H           0.0658409554          1.0404300049          -0.3125189647  
     H          -0.1766376707         -0.6296102175          -0.8699858899  


	-Geometry after Center-of-Mass shift (bohr): 
	 Atom               X                    Y                       Z  
	 -------------------------------------------------------------------
     C           0.0000055774         -0.0000029865           0.0000147400  
     H           1.7616604291         -0.5572910634           0.9032359129  
     H          -1.5523513906         -0.2190102621           1.3311988980  
     H           0.1244213736          1.9661277620          -0.5905752524  
     H          -0.3337968210         -1.1897908768          -1.6440350650  


    Rotational Constants: A =     5.29572  B =     5.29556  C =      5.29544 [cm^-1] 
    Rotor Type: SPHERICAL 

	-Nuclear Dipole Moment: (e a0)  
	 X:  -0.00003   Y:  0.00002   Z:  -0.00009   Total:  0.00009 

	-Nuclear Dipole Moment: (D)  
	 X:  -0.00008   Y:  0.00004   Z:  -0.00022   Total:  0.00024 


    Nuclear repulsion energy (V_NN)              : 13.455872585094 
   =====================================================
   Charge                : 0 
   Multiplicity          : 1 
   Number of Atoms       : 5 
   Number of Ghost Atoms : 0 
   Number of Electrons   : 10 
   Number of alpha occupied orbitals (NoccA)  : 5 
   Number of beta occupied orbitals (NoccB)   : 5 
   Number of singly occupied orbitals (Nsocc) : 0 
   Number of doubly occupied orbitals (Ndocc) : 5 
   =====================================================



  ## GLOBALS Options ##

  | TYPE         | KEY                      | INPUT? | VALUE              | DEFAULT            
  |--------------|--------------------------|--------|--------------------|--------------------
  | BOOL         | ERI_DISK                 | NO     | FALSE              | FALSE              
  | BOOL         | FREEZE_CORE              | NO     | TRUE               | TRUE               
  | BOOL         | MOL_FRAG                 | NO     | FALSE              | FALSE              
  | BOOL         | NOCOM                    | NO     | FALSE              | FALSE              
  | BOOL         | NOREORIENT               | NO     | TRUE               | TRUE               
  | BOOL         | PUREAM                   | NO     | TRUE               | TRUE               
  | BOOL         | ML                       | NO     | FALSE              | FALSE              
  | BOOL         | READ_PDB                 | NO     | FALSE              | FALSE              
  | BOOL         | TEST_MODE                | NO     | FALSE              | FALSE              
  | INT          | DERIVE_LEVEL             | NO     | 0                  | 0                  
  | INT          | FINDIF_POINTS            | NO     | 3                  | 3                  
  | INT          | MEMORY                   | YES    | 30000              | 2000               
  | INT          | NUM_THREADS              | NO     | 1                  | 1                  
  | INT          | NUM_FROZEN_DOCC          | NO     | 0                  | 0                  
  | INT          | NUM_FROZEN_VIR           | NO     | 0                  | 0                  
  | INT          | PRINT_LEVEL              | NO     | 0                  | 0                  
  | STRING       | AUX_BASIS_CORR           | NO     | CC-PVDZ-RI         | CC-PVDZ-RI         
  | STRING       | AUX_BASIS_SCF            | NO     | CC-PVDZ-JKFIT      | CC-PVDZ-JKFIT      
  | STRING       | BASIS                    | YES    | CC-PVDZ            | CC-PVDZ            
  | STRING       | BASIS2                   | NO     | MINAO              | MINAO              
  | STRING       | DERIVE_TYPE              | NO     | ANALYTIC           | ANALYTIC           
  | STRING       | FINDIF_METHOD            | NO     | GRAD               | GRAD               
  | STRING       | GEOM_UNITS               | NO     | ANG                | ANG                
  | STRING       | JOBTYPE                  | YES    | ENERGY             | ENERGY             
  | STRING       | METHOD                   | YES    | MP2                | SCF                
  | STRING       | REFERENCE                | YES    | RHF                | RHF                
  | STRING       | OUTFILE_MODE             | NO     | NEW                | NEW                
  | DOUBLE       | STEP_BOHR                | NO     | 0.05               | 0.05               
  | STR_ARRAY    | MOLECULE_GEOM_FROM       | NO     | [input]            | [input]            
  | DOUBLE_ARRAY | ELECTRIC_STRENGTH        | NO     | [0.001;0.001;0.001]| [0.001;0.001;0.001]
  | STRING       | ELECTRIC_FIELD           | NO     | NONE               | NONE               
  | STRING       | ALIGN_TWO_ATOMS          | NO     | NONE               | NONE               
  | INT_ARRAY    | TWO_ATOMS                | NO     | [0]                | [0]                



  ## INTS Options ##

  | TYPE         | KEY                      | INPUT? | VALUE              | DEFAULT            
  |--------------|--------------------------|--------|--------------------|--------------------
  | DOUBLE       | BOYS_CUTOFF              | NO     | 1e-15              | 1e-15              
  | DOUBLE       | BOYS_ZERO                | NO     | 1e-06              | 1e-06              
  | DOUBLE       | DELTA_X                  | NO     | 0.1                | 0.1                
  | DOUBLE       | INTEGRAL_CUTOFF          | NO     | 1e-10              | 1e-10              
  | DOUBLE       | X_MAX                    | NO     | 30.0               | 30.0               
  | INT          | BOYS_MAXITER             | NO     | 10000              | 10000              
  | INT          | MAX_AM                   | NO     | 7                  | 7                  
  | INT          | MAX_AM_AUX               | NO     | 7                  | 7                  
  | INT          | PRINT_LEVEL              | NO     | 0                  | 0                  
  | INT          | TAYLOR_ORDER             | NO     | 6                  | 6                  
  | STRING       | 3INDEX_ALGORITHM         | NO     | AUTO               | AUTO               
  | STRING       | BOYS_METHOD              | NO     | GHP                | GHP                
  | STRING       | ERI_ALGORITHM            | NO     | MD4                | MD4                


	Initializing Liboeprop (by U. Bozkaya) ...

	*=================================================================*
	*                  SCF                                            *
	*   Developed by U. Bozkaya & Y. Alagoz                           *
	*   Latest revision Feb 16, 2021                                  *
	*=================================================================*



  ## SCF Options ##

  | TYPE         | KEY                      | INPUT? | VALUE              | DEFAULT            
  |--------------|--------------------------|--------|--------------------|--------------------
  | BOOL         | DIIS_DAMP                | NO     | FALSE              | FALSE              
  | BOOL         | DIE_IF_NOT_CONVERGED     | NO     | TRUE               | TRUE               
  | BOOL         | DO_DF                    | NO     | TRUE               | TRUE               
  | BOOL         | DIIS                     | NO     | TRUE               | TRUE               
  | BOOL         | FOCK_DAMP                | NO     | FALSE              | FALSE              
  | BOOL         | GUESS_MIX                | NO     | FALSE              | FALSE              
  | BOOL         | GUESS_PREVIOUS           | NO     | FALSE              | FALSE              
  | BOOL         | LOCAL                    | NO     | FALSE              | FALSE              
  | BOOL         | RETRY                    | NO     | TRUE               | TRUE               
  | DOUBLE       | CUTOFF                   | NO     | 1e-10              | 1e-10              
  | DOUBLE       | D_CONVERGENCE            | YES    | 1e-06              | 1e-06              
  | DOUBLE       | DAMP_PARAM               | NO     | 0.02               | 0.02               
  | DOUBLE       | E_CONVERGENCE            | YES    | 1e-08              | 1e-08              
  | DOUBLE       | FOCK_DAMP_PERC           | NO     | 20.0               | 20.0               
  | DOUBLE       | MIN_OVERLAP_EIGVAL       | NO     | 1e-06              | 1e-06              
  | DOUBLE       | LOCAL_CONVERGENCE        | NO     | 1e-08              | 1e-08              
  | DOUBLE       | QC_GUESS_E_CONVERGENCE   | NO     | 0.0001             | 0.0001             
  | DOUBLE       | QC_GUESS_D_CONVERGENCE   | NO     | 0.005              | 0.005              
  | INT          | MAX_DIIS                 | NO     | 6                  | 6                  
  | INT          | MIN_DIIS                 | NO     | 2                  | 2                  
  | INT          | PRINT_LEVEL              | NO     | 0                  | 0                  
  | INT          | SCF_MAXITER              | NO     | 50                 | 50                 
  | INT          | LOCAL_MAXITER            | NO     | 50                 | 50                 
  | STRING       | DIIS_ALGORITHM           | NO     | DISK               | DISK               
  | STRING       | GUESS                    | YES    | SAD                | SAD                
  | BOOL         | MO_WRITE                 | NO     | FALSE              | FALSE              
  | BOOL         | FOCK_WRITE               | NO     | FALSE              | FALSE              
  | STRING       | ORTH_TYPE                | NO     | CANONICAL          | CANONICAL          
  | STRING       | ROHF_CANONIC_TYPE        | NO     | GUEST              | GUEST              
  | STRING       | ERI                      | NO     | INCORE             | INCORE             
  | STRING       | SCF_ALGORITHM            | NO     | ROOTHAAN           | ROOTHAAN           
  | STRING       | LOCAL_TYPE               | NO     | BOYS               | BOYS               
  | BOOL         | SAD_FRAC_OCC             | NO     | TRUE               | TRUE               
  | BOOL         | SAD_SPIN_AVERAGE         | NO     | TRUE               | TRUE               
  | DOUBLE       | SAD_E_CONVERGENCE        | NO     | 1e-05              | 1e-05              
  | DOUBLE       | SAD_D_CONVERGENCE        | NO     | 1e-05              | 1e-05              
  | INT          | SAD_MAXITER              | NO     | 50                 | 50                 
  | BOOL         | NIE                      | NO     | FALSE              | FALSE              
  | BOOL         | SAD_DIIS                 | NO     | TRUE               | TRUE               
  | INT          | SAD_MAX_DIIS             | NO     | 6                  | 6                  
  | INT          | SAD_MIN_DIIS             | NO     | 2                  | 2                  
  | INT          | SAD_PRINT                | NO     | 0                  | 0                  
  | STRING       | SAD_AUX_BASIS            | NO     | SAD-FIT            | SAD-FIT            
  | DOUBLE       | SAD_CHOLESKY_TOLERANCE   | NO     | 1e-07              | 1e-07              
  | BOOL         | SOLVATION                | YES    | TRUE               | FALSE              
  | BOOL         | BYPASS                   | NO     | FALSE              | FALSE              
  | STRING       | IAO_TYPE                 | NO     | STANDARD2013       | STANDARD2013       
  | BOOL         | USE_IAOS                 | NO     | FALSE              | FALSE              

	Initializing libdiis ...
	Initializing libmolint 1.1 ...
 CC-PVDZ primary basis set file will be read for the C atom...
 CC-PVDZ primary basis set file will be read for the H atom...
 Nmaxthread: 8 
 Nshell: 18 
 Lmax:  2 
 Npmax:  8 
 Nao: 34 
 Ndocc:  5 
 Nsocc:  0 
 NoccA:  5 
 NoccB:  5 
 Primary basis set info has been read.

 CC-PVDZ-JKFIT aux basis set file will be read for the C atom...
 CC-PVDZ-JKFIT aux basis set file will be read for the H atom...
 Nshell_aux: 60 
 Naux: 162 
 Aux basis set info has been read.

 orth_type: CANONICAL 
 Cpu time for S ints :       0.0000 s
 Wall time for S ints:       0.0009 s

 Using canonical orthogonalization. 
 Minimum eigenvalue in the overlap matrix is:   2.3054E-02 

 Cpu time for T ints :       0.0100 s
 Wall time for T ints:       0.0016 s
 Cpu time for V ints :       0.0400 s
 Wall time for V ints:       0.0081 s
 Cpu time for Metric ints :       0.0700 s
 Wall time for Metric ints:       0.0189 s
 3-Index Algorithm: AUTO 

 Calling fortran integrals: ringing... 
 Done with fintegrals.

 Cpu time for 3-index ints :       0.0800 s
 Wall time for 3-index ints:       0.0210 s
 Cpu time for df-factors :       0.0100 s
 Wall time for df-factors:       0.0015 s


 Puream (True=1, False=0) : 1
 Number of AO             : 34
 Number of MO             : 34
 Number of Aux Functions  : 162
 Charge                   : 0
 Multiplicity             : 1
 Alpha OCC                : 5
 Beta OCC                 : 5
 Nuclear Repulsion Energy : 13.45587259
 Energy Treshold          : 1.0e-08
 Density Treshold         : 1.0e-06
 Iteration Limit          : 50
 Guess                    : SAD
 Guess Mix                : false
 Diis                     : true
 Diis Damping             : false
 Diis Damp Parameter      : 0.02
 Diis Algorithm           : DISK
 Cutoff Treshold          : 1.0e-10
 Density Fitting          : true
 Reference                : RHF
 Die If Not Converged     : true
 Print Level              : 0
 ERI Algorithm            : INCORE
 SCF Algorithm            : ROOTHAAN




  ## SOLVATION Options ##

  | TYPE         | KEY                      | INPUT? | VALUE              | DEFAULT            
  |--------------|--------------------------|--------|--------------------|--------------------
  | INT          | NUM_Z_POINTS             | NO     | 90                 | 90                 
  | INT          | NUM_ANG_POINTS           | YES    | 100                | 100                
  | STRING       | SASA_TYPE                | YES    | NUMERIC            | NUMERIC            
  | STRING       | CHARGE_TYPE              | YES    | IAO_MULLIKEN       | IAO_MULLIKEN       
  | STRING       | CDS_TYPE                 | YES    | SMD                | SMD                
  | STRING       | SOLVENT                  | YES    | WATER              | WATER              
  | STRING       | SOLVENT_PARAMS           | YES    | MN21               | SM8                
  | STRING       | DIELECTRIC_PARAMS        | YES    | MN21               | MN21               
  | STRING       | COULOMB_RADII            | YES    | SMD                | SMD                
  | DOUBLE       | COVALENT_VW_CONST        | NO     | 0.76               | 0.76               
  | DOUBLE       | SOLVENT_RADIUS           | NO     | 0.4                | 0.4                
  | STRING       | RADIUS_TYPE              | YES    | SMD                | SMD                
  | DOUBLE       | GB_DIJ                   | NO     | 3.7                | 3.7                
  | DOUBLE       | GB_SIJ                   | NO     | 0.75               | 0.75               
  | DOUBLE       | GB_CIJ                   | NO     | 0.0                | 0.0                
  | DOUBLE       | F_PWSASA                 | NO     | 0.4535             | 0.4535             
  | DOUBLE       | SCALE_VDW                | NO     | 1.0                | 1.0                
  | DOUBLE       | SCALE_CR                 | NO     | 1.0                | 1.0                



 Sasa Type                  : NUMERIC 
 Charge Type                : IAO_MULLIKEN 
 CDS Type                   : SMD 
 Radius Type                : SMD 
 Solvent                    : WATER 
 Solvent Parameters         : MN21 
 Dielectric Parameters      : MN21 
 Coulomb Radii Parameters   : SMD 
 GB d_ij parameter          : 3.7000000000 
 GB S_ij parameter          : 0.7500000000 
 GB C_ij parameter          : 0.0000000000 
 Sclae_vdw parameter        : 1.0000000000 
 Number of z-points         : 90 
 Number of angular points   : 100 
 Number of SASA grid points : 17902 
 Solvent Dielectric Constant: 78.3553000000 

 VDW Radii:
	  1 C :       1.7000  ang
	  2 H :       1.2000  ang
	  3 H :       1.2000  ang
	  4 H :       1.2000  ang
	  5 H :       1.2000  ang

	 Computing SASA... 

 Atomic SASA values:
	  1 C :      18.1434  ang^2
	  2 H :      12.9887  ang^2
	  3 H :      12.9941  ang^2
	  4 H :      12.9905  ang^2
	  5 H :      12.9959  ang^2

	*Total SASA (angs^2): 70.1126616379 


 Coulomb Radii:
	  1 C :       1.8500  ang
	  2 H :       1.2000  ang
	  3 H :       1.2000  ang
	  4 H :       1.2000  ang
	  5 H :       1.2000  ang
 Solvent Alpha                       : 1.1700000000 

 ## Effective Born Radius (bohr) ##
   0   3.5103085204 
   1   2.8472276614 
   2   2.8472298883 
   3   2.8472312174 
   4   2.8472347218 

 Effective Born Radii:
	  1 C :       1.8576  ang
	  2 H :       1.5067  ang
	  3 H :       1.5067  ang
	  4 H :       1.5067  ang
	  5 H :       1.5067  ang


 Coulomb Integrals:
	  1  1 :       0.2849  bohr^-1
	  1  2 :       0.2758  bohr^-1
	  1  3 :       0.2758  bohr^-1
	  1  4 :       0.2758  bohr^-1
	  1  5 :       0.2758  bohr^-1
	  2  1 :       0.2758  bohr^-1
	  2  2 :       0.3512  bohr^-1
	  2  3 :       0.2436  bohr^-1
	  2  4 :       0.2436  bohr^-1
	  2  5 :       0.2436  bohr^-1
	  3  1 :       0.2758  bohr^-1
	  3  2 :       0.2436  bohr^-1
	  3  3 :       0.3512  bohr^-1
	  3  4 :       0.2436  bohr^-1
	  3  5 :       0.2436  bohr^-1
	  4  1 :       0.2758  bohr^-1
	  4  2 :       0.2436  bohr^-1
	  4  3 :       0.2436  bohr^-1
	  4  4 :       0.3512  bohr^-1
	  4  5 :       0.2436  bohr^-1
	  5  1 :       0.2758  bohr^-1
	  5  2 :       0.2436  bohr^-1
	  5  3 :       0.2436  bohr^-1
	  5  4 :       0.2436  bohr^-1
	  5  5 :       0.3512  bohr^-1
    ===> SCF Iteration Started <===

     Iter. |                   Energy |       Delta E |          Drms |
    -------|--------------------------|---------------|---------------|
         1 |       -39.68769661166217 |    -3.969e+01 |     2.600e-02 |
         2 |       -40.14652051114924 |    -4.588e-01 |     3.697e-03 | DIIS
         3 |       -40.19219031208844 |    -4.567e-02 |     1.150e-03 | DIIS
         4 |       -40.19825646612592 |    -6.066e-03 |     1.280e-03 | DIIS
         5 |       -40.19869861217558 |    -4.421e-04 |     1.294e-04 | DIIS
         6 |       -40.19870064651226 |    -2.034e-06 |     1.675e-05 | DIIS
         7 |       -40.19870075271466 |    -1.062e-07 |     1.573e-06 | DIIS
         8 |       -40.19870075000271 |     2.712e-09 |     3.090e-07 | DIIS


	-Alpha Occupied Orbital Energies (au):  
	 1: -11.1999600190 	 2: -0.9272440249 	 3: -0.5275503960 	 4: -0.5275318699 	 5: -0.5275291337 

	-Alpha Virtual Orbital Energies (au):  
	 6: 0.2020821442 	 7: 0.2819241439 	 8: 0.2819245084 	 9: 0.2819249535 	10: 0.5907647486 
	11: 0.5907714565 	12: 0.5907822017 	13: 0.8960094625 	14: 0.8960116195 	15: 0.8960227302 
	16: 0.9417972310 	17: 1.1319663007 	18: 1.1319773076 	19: 1.2573341638 	20: 1.6875591827 
	21: 1.6875759363 	22: 1.6875825283 	23: 1.8954365091 	24: 1.8954476153 	25: 1.8954615005 
	26: 2.2131285183 	27: 2.2131904831 	28: 2.2132164879 	29: 2.5466273763 	30: 2.5466539527 
	31: 2.7544747642 	32: 2.7989729360 	33: 2.7989935372 	34: 2.7989940036 


	-Mulliken Population Analysis for SCF:
	 1: -0.1402003298 	 2: 0.0350538686 	 3: 0.0350515564 	 4: 0.0350485671 	 5: 0.0350463378 


	-Lowdin Population Analysis for SCF:  
	 1: -0.0988233641 	 2: 0.0247041929 	 3: 0.0247046629 	 4: 0.0247076517 	 5: 0.0247068565 


	-Electronic Dipole Moment: (e a0)  
	 X:  0.00003   Y:  -0.00002   Z:  0.00008   Total:  0.00009 

	-Electronic Dipole Moment: (D)  
	 X:  0.00007   Y:  -0.00005   Z:  0.00020   Total:  0.00022 

	-Total Dipole Moment: (e a0)  
	 X:  -0.00000   Y:  0.00000   Z:  -0.00001   Total:  0.00001 

	-Total Dipole Moment: (D)  
	 X:  -0.00001   Y:  0.00000   Z:  -0.00002   Total:  0.00002 



	Initializing Liboeprop (by U. Bozkaya) ...


	-Mulliken Population Analysis for SCF-IAO:
	 1: -0.5148512421 	 2: 0.1287253414 	 3: 0.1287240726 	 4: 0.1287183037 	 5: 0.1287185909 


	-Lowdin Population Analysis for SCF-IAO:  
	 1: -0.5148512421 	 2: 0.1287253414 	 3: 0.1287240726 	 4: 0.1287183037 	 5: 0.1287185909 


	Initializing Liblocal (by U. Bozkaya) ...
  ==> Pipek-Mezey Localizer <==

    Convergence =   1.000E-08
    Maxiter     =          50

    Iteration                   Metric       Residual
    PM    0   5.5308146456585128E+00              -
    PM    1   6.9428549119558971E+00   2.553042E-01
    PM    2   6.9692755151718595E+00   3.805438E-03
    PM    3   6.9693218300705206E+00   6.645583E-06
    PM    4   6.9693219525441332E+00   1.757325E-08
    PM    5   6.9693219531170199E+00   8.220120E-11

    PM Localizer converged.



	*Molecular contr. to CDS energy:       0.0000  kcal/mol
	*Total CDS energy:       2.7543  kcal/mol
	*SCF::Polarization Free Energy (au)      : -0.0004927495 
	*SCF::Polarization Free Energy (kcal/mol):      -0.3092 
	*SCF::CDS Free Energy (au)      : 0.0043892872 
	*SCF::CDS Free Energy (kcal/mol):       2.7543 
	*SCF::Total Solvation Free Energy (au)      : 0.0038965377 
	*SCF::Total Solvation Free Energy (kcal/mol):       2.4451 
 CC-PVDZ primary basis set file will be read for the C atom...
 CC-PVDZ primary basis set file will be read for the H atom...
 Nmaxthread: 8 
 Nshell: 18 
 Lmax:  2 
 Npmax:  8 
 Nao: 34 
 Ndocc:  5 
 Nsocc:  0 
 NoccA:  5 
 NoccB:  5 
 Primary basis set info has been read.

 CC-PVDZ-JKFIT aux basis set file will be read for the C atom...
 CC-PVDZ-JKFIT aux basis set file will be read for the H atom...
 Nshell_aux: 60 
 Naux: 162 
 Aux basis set info has been read.


	*Total SCF Energy: -40.19870075000271

 Cpu time for SCF :       0.3125 minutes
 Wall time for SCF:       0.0785 minutes


	MO spaces... 

	 FC   OCC   VIR   FV 
	----------------------
	  1    4    29    0


	Libtrans is initialized (by U. Bozkaya) ...

 ============================================================================== 
 ============================================================================== 
 ============================================================================== 

                       DF-MP2   
              Program Written by Ugur Bozkaya
              Latest Revision May 2, 2021

 ============================================================================== 
 ============================================================================== 
 ============================================================================== 

	For this residual convergence, default PCG convergence is:     1.00e-07
    Warning: "PCG_CONVERGENCE" option is changed to     1.00e-07


  ## DFOCC Options ##

  | TYPE         | KEY                      | INPUT? | VALUE              | DEFAULT            
  |--------------|--------------------------|--------|--------------------|--------------------
  | BOOL         | EOM                      | NO     | FALSE              | FALSE              
  | BOOL         | EOM_MP2                  | NO     | FALSE              | FALSE              
  | BOOL         | EOM_MP3                  | NO     | FALSE              | FALSE              
  | BOOL         | EOM_MP2_5                | NO     | FALSE              | FALSE              
  | BOOL         | EOM_LCCD                 | NO     | FALSE              | FALSE              
  | BOOL         | LOW_MEM_MP2              | NO     | FALSE              | FALSE              
  | BOOL         | LOW_MEM_MP3              | NO     | FALSE              | FALSE              
  | BOOL         | CD_PRESCREEN             | NO     | FALSE              | FALSE              
  | DOUBLE       | CIS_E_CONV               | NO     | 1e-06              | 1e-06              
  | DOUBLE       | CIS_R_CONV               | NO     | 1e-06              | 1e-06              
  | DOUBLE       | CIS_RES_PRECONDITION_TOL | NO     | 0.0001             | 0.0001             
  | DOUBLE       | DAVIDSON_TOLERANCE       | NO     | 1e-06              | 1e-06              
  | DOUBLE       | E3_SCALE                 | NO     | 0.25               | 0.25               
  | DOUBLE       | E_CONVERGENCE            | NO     | 1e-06              | 1e-06              
  | DOUBLE       | JK_MEMORY                | NO     | 1000000000.0       | 1000000000.0       
  | DOUBLE       | LEVEL_SHIFT              | NO     | 0.02               | 0.02               
  | DOUBLE       | MAX_MOGRAD_CONVERGENCE   | NO     | 0.001              | 0.001              
  | DOUBLE       | MO_STEP_MAX              | NO     | 0.5                | 0.5                
  | DOUBLE       | MP2_OS_SCALE             | NO     | 1.2                | 1.2                
  | DOUBLE       | MP2_SOS_SCALE            | NO     | 1.3                | 1.3                
  | DOUBLE       | MP2_SOS_SCALE2           | NO     | 1.2                | 1.2                
  | DOUBLE       | MP2_SS_SCALE             | NO     | 0.3333333333333333 | 0.3333333333333333 
  | DOUBLE       | OCC_PERCENTAGE           | NO     | 99.0               | 99.0               
  | DOUBLE       | OCC_TOLERANCE            | NO     | 1e-05              | 1e-05              
  | DOUBLE       | OO_SCALE                 | NO     | 0.01               | 0.01               
  | DOUBLE       | PCG_CONVERGENCE          | NO     | 1e-06              | 1e-06              
  | DOUBLE       | R_CONVERGENCE            | NO     | 1e-05              | 1e-05              
  | DOUBLE       | REG_PARAM                | NO     | 0.4                | 0.4                
  | DOUBLE       | KAPPA_REG_PARAM          | NO     | 1.1                | 1.1                
  | DOUBLE       | RMS_MOGRAD_CONVERGENCE   | NO     | 1e-06              | 1e-06              
  | DOUBLE       | SCG_TOLERANCE            | NO     | 1e-06              | 1e-06              
  | DOUBLE       | SCHMIDT_ADD_RES_TOL      | NO     | 0.001              | 0.001              
  | INT          | ACTIVE_NAT_ORBS          | NO     | 2                  | 2                  
  | INT          | CC_DIIS_MAX_VECS         | NO     | 6                  | 6                  
  | INT          | CC_DIIS_MIN_VECS         | NO     | 2                  | 2                  
  | INT          | CC_MAXITER               | NO     | 50                 | 50                 
  | INT          | CUTOFF                   | NO     | 8                  | 8                  
  | INT          | EXCITATION_RANGE         | NO     | 2                  | 2                  
  | INT          | FOLLOW_ROOT              | NO     | 1                  | 1                  
  | INT          | INTEGRAL_CUTOFF          | NO     | 9                  | 9                  
  | INT          | MAX_VECS                 | NO     | 50                 | 50                 
  | INT          | MO_DIIS_NUM_VECS         | NO     | 6                  | 6                  
  | INT          | MO_MAXITER               | NO     | 50                 | 50                 
  | INT          | NUM_ROOTS                | NO     | 4                  | 4                  
  | INT          | PCG_MAXITER              | NO     | 50                 | 50                 
  | INT          | PRINT_LEVEL              | NO     | 0                  | 0                  
  | INT          | VECS_PER_ROOT            | NO     | 1                  | 1                  
  | STRING       | CC_LAMBDA                | NO     | FALSE              | FALSE              
  | STRING       | CHOLESKY                 | NO     | FALSE              | FALSE              
  | STRING       | CIS_ALGORITHM            | NO     | MO_BASIS           | MO_BASIS           
  | STRING       | CIS_GUESS_COEFF          | NO     | MIX                | MIX                
  | STRING       | COMPUT_S2                | NO     | FALSE              | FALSE              
  | STRING       | DIAG_METHOD              | NO     | DAVIDSON           | DAVIDSON           
  | STRING       | DO_DIIS                  | NO     | TRUE               | TRUE               
  | STRING       | DO_LEVEL_SHIFT           | NO     | TRUE               | TRUE               
  | STRING       | DO_SCS                   | NO     | FALSE              | FALSE              
  | STRING       | DO_SOS                   | NO     | FALSE              | FALSE              
  | STRING       | EKT_IP                   | NO     | FALSE              | FALSE              
  | STRING       | FREEZE_CORE              | NO     | TRUE               | TRUE               
  | STRING       | HESS_TYPE                | NO     | HF                 | HF                 
  | STRING       | JK_TYPE                  | NO     | DIRECT             | DIRECT             
  | STRING       | LINEQ_SOLVER             | NO     | CDGESV             | CDGESV             
  | STRING       | MO_READ                  | NO     | FALSE              | FALSE              
  | STRING       | MO_WRITE                 | NO     | FALSE              | FALSE              
  | STRING       | MP2_AMP_TYPE             | NO     | DIRECT             | DIRECT             
  | STRING       | NAT_ORBS                 | NO     | FALSE              | FALSE              
  | STRING       | NBO                      | NO     | TRUE               | TRUE               
  | STRING       | OCC_ORBS_PRINT           | NO     | FALSE              | FALSE              
  | STRING       | OEPROP                   | NO     | FALSE              | FALSE              
  | STRING       | OPT_METHOD               | NO     | QNR                | QNR                
  | STRING       | ORB_RESP_SOLVER          | NO     | PCG                | PCG                
  | STRING       | ORTH_TYPE                | NO     | MGS                | MGS                
  | STRING       | PCG_BETA_TYPE            | NO     | FLETCHER_REEVES    | FLETCHER_REEVES    
  | STRING       | PPL_TYPE                 | NO     | AUTO               | AUTO               
  | STRING       | PRINT_CI_VECS            | NO     | FALSE              | FALSE              
  | STRING       | QCHF                     | NO     | FALSE              | FALSE              
  | STRING       | READ_SCF_3INDEX          | NO     | TRUE               | TRUE               
  | STRING       | REGULARIZATION           | NO     | FALSE              | FALSE              
  | STRING       | REG_TYPE                 | NO     | NORMAL             | NORMAL             
  | STRING       | SCS_TYPE                 | NO     | SCS                | SCS                
  | STRING       | SOS_TYPE                 | NO     | SOS                | SOS                
  | STRING       | TRIPLES_IABC_TYPE        | NO     | DISK               | DISK               
  | STRING       | UNIT_GUESS_TYPE          | NO     | GEN                | GEN                
  | STRING       | EKT_NEGATIVE_OCC         | NO     | ABS                | ABS                
  | BOOL         | SOLVATION                | YES    | TRUE               | FALSE              

	MO spaces... 

	 FC   OCC   VIR   FV 
	----------------------
	  1    4    29    0
 CC-PVDZ primary basis set file will be read for the C atom...
 CC-PVDZ primary basis set file will be read for the H atom...
 Nmaxthread: 8 
 Nshell: 18 
 Lmax:  2 
 Npmax:  8 
 Nao: 34 
 Ndocc:  5 
 Nsocc:  0 
 NoccA:  5 
 NoccB:  5 
 Primary basis set info has been read.

 CC-PVDZ-RI aux basis set file will be read for the C atom...
 CC-PVDZ-RI aux basis set file will be read for the H atom...
 Nshell_aux: 42 
 Naux: 112 
 Aux basis set info has been read.

 Cpu time for Metric ints :       0.0300 s
 Wall time for Metric ints:       0.0075 s
 3-Index Algorithm: AUTO 

 Calling fortran integrals: ringing... 
 Done with fintegrals.

 Cpu time for 3-index ints :       0.0500 s
 Wall time for 3-index ints:       0.0134 s
 Cpu time for df-factors :       0.0000 s
 Wall time for df-factors:       0.0004 s
 CC-PVDZ primary basis set file will be read for the C atom...
 CC-PVDZ primary basis set file will be read for the H atom...
 Nmaxthread: 8 
 Nshell: 18 
 Lmax:  2 
 Npmax:  8 
 Nao: 34 
 Ndocc:  5 
 Nsocc:  0 
 NoccA:  5 
 NoccB:  5 
 Primary basis set info has been read.

 CC-PVDZ-JKFIT aux basis set file will be read for the C atom...
 CC-PVDZ-JKFIT aux basis set file will be read for the H atom...
 Nshell_aux: 60 
 Naux: 162 
 Aux basis set info has been read.

	Reading DF integrals from disk ...
 Cpu time for Metric ints :       0.0600 s
 Wall time for Metric ints:       0.0156 s
	Number of basis functions in the DF-HF basis: 162
	Number of basis functions in the DF-CC basis: 112

	Available memory                      :  30000.00 MB 
	Minimum required memory for amplitudes:      0.32 MB 
	Memory requirement for B-CC (Q|mu nu) :      1.04 MB 
	Memory requirement for B-CC (Q|ab)    :      0.75 MB 
	Memory requirement for DF-CC int trans:      1.92 MB 

	Computing DF-MP2 energy using SCF MOs (Canonical DF-MP2)... 
	======================================================================= 
	Nuclear Repulsion Energy (a.u.)    :    13.45587518539167
	DF-HF Energy (a.u.)                :   -40.19870075000271
	REF Energy (a.u.)                  :   -40.19870075000271
	DF-MP2 Correlation Energy (a.u.)   :    -0.16189533783733
	DF-MP2 Total Energy (a.u.)         :   -40.36059608784004
	======================================================================= 

	*Total MP2 Energy: -40.36059608784004

	Computing unrelaxed response density matrices...
	Number of independent-pairs: 145
	Computing the generalized Fock matrix (GFM)...
	Computing the orbital gradient...
	Forming effective orbital gradient...
	Solving orbital Z-vector equations...

	            PCG Solver 
	   ------------------------------ 
	Iter     RMS Z Vector        RMS Residual  
	----    ---------------    ---------------
	  1         9.82e-04         4.16e-04
	  2         2.06e-04         3.07e-05
	  3         8.59e-06         2.25e-06
	  4         8.08e-07         1.88e-07
	  5         3.94e-08         2.24e-08

	Computing the relaxed PDMs and GFM...
	Compute solv. is starting ...

	Initializing Liboeprop (by U. Bozkaya) ...


	-Mulliken Population Analysis for MP2-IAO:
	 1: -0.3819608047 	 2: 0.1085918691 	 3: 0.1085904000 	 4: 0.1085835464 	 5: 0.1085841221 


	-Lowdin Population Analysis for MP2-IAO:  
	 1: -0.3819608047 	 2: 0.1085918691 	 3: 0.1085904000 	 4: 0.1085835464 	 5: 0.1085841221 



  ## SOLVATION Options ##

  | TYPE         | KEY                      | INPUT? | VALUE              | DEFAULT            
  |--------------|--------------------------|--------|--------------------|--------------------
  | INT          | NUM_Z_POINTS             | NO     | 90                 | 90                 
  | INT          | NUM_ANG_POINTS           | YES    | 100                | 100                
  | STRING       | SASA_TYPE                | YES    | NUMERIC            | NUMERIC            
  | STRING       | CHARGE_TYPE              | YES    | IAO_MULLIKEN       | IAO_MULLIKEN       
  | STRING       | CDS_TYPE                 | YES    | SMD                | SMD                
  | STRING       | SOLVENT                  | YES    | WATER              | WATER              
  | STRING       | SOLVENT_PARAMS           | YES    | MN21               | SM8                
  | STRING       | DIELECTRIC_PARAMS        | YES    | MN21               | MN21               
  | STRING       | COULOMB_RADII            | YES    | SMD                | SMD                
  | DOUBLE       | COVALENT_VW_CONST        | NO     | 0.76               | 0.76               
  | DOUBLE       | SOLVENT_RADIUS           | NO     | 0.4                | 0.4                
  | STRING       | RADIUS_TYPE              | YES    | SMD                | SMD                
  | DOUBLE       | GB_DIJ                   | NO     | 3.7                | 3.7                
  | DOUBLE       | GB_SIJ                   | NO     | 0.75               | 0.75               
  | DOUBLE       | GB_CIJ                   | NO     | 0.0                | 0.0                
  | DOUBLE       | F_PWSASA                 | NO     | 0.4535             | 0.4535             
  | DOUBLE       | SCALE_VDW                | NO     | 1.0                | 1.0                
  | DOUBLE       | SCALE_CR                 | NO     | 1.0                | 1.0                



 Sasa Type                  : NUMERIC 
 Charge Type                : IAO_MULLIKEN 
 CDS Type                   : SMD 
 Radius Type                : SMD 
 Solvent                    : WATER 
 Solvent Parameters         : MN21 
 Dielectric Parameters      : MN21 
 Coulomb Radii Parameters   : SMD 
 GB d_ij parameter          : 3.7000000000 
 GB S_ij parameter          : 0.7500000000 
 GB C_ij parameter          : 0.0000000000 
 Sclae_vdw parameter        : 1.0000000000 
 Number of z-points         : 90 
 Number of angular points   : 100 
 Number of SASA grid points : 17902 
 Solvent Dielectric Constant: 78.3553000000 

 VDW Radii:
	  1 C :       1.7000  ang
	  2 H :       1.2000  ang
	  3 H :       1.2000  ang
	  4 H :       1.2000  ang
	  5 H :       1.2000  ang

	 Computing SASA... 

 Atomic SASA values:
	  1 C :      18.1434  ang^2
	  2 H :      12.9887  ang^2
	  3 H :      12.9941  ang^2
	  4 H :      12.9905  ang^2
	  5 H :      12.9959  ang^2

	*Total SASA (angs^2): 70.1126616379 


 Coulomb Radii:
	  1 C :       1.8500  ang
	  2 H :       1.2000  ang
	  3 H :       1.2000  ang
	  4 H :       1.2000  ang
	  5 H :       1.2000  ang
 Solvent Alpha                       : 1.1700000000 

 ## Effective Born Radius (bohr) ##
   0   3.5103085204 
   1   2.8472276614 
   2   2.8472298883 
   3   2.8472312174 
   4   2.8472347218 

 Effective Born Radii:
	  1 C :       1.8576  ang
	  2 H :       1.5067  ang
	  3 H :       1.5067  ang
	  4 H :       1.5067  ang
	  5 H :       1.5067  ang


 Coulomb Integrals:
	  1  1 :       0.2849  bohr^-1
	  1  2 :       0.2758  bohr^-1
	  1  3 :       0.2758  bohr^-1
	  1  4 :       0.2758  bohr^-1
	  1  5 :       0.2758  bohr^-1
	  2  1 :       0.2758  bohr^-1
	  2  2 :       0.3512  bohr^-1
	  2  3 :       0.2436  bohr^-1
	  2  4 :       0.2436  bohr^-1
	  2  5 :       0.2436  bohr^-1
	  3  1 :       0.2758  bohr^-1
	  3  2 :       0.2436  bohr^-1
	  3  3 :       0.3512  bohr^-1
	  3  4 :       0.2436  bohr^-1
	  3  5 :       0.2436  bohr^-1
	  4  1 :       0.2758  bohr^-1
	  4  2 :       0.2436  bohr^-1
	  4  3 :       0.2436  bohr^-1
	  4  4 :       0.3512  bohr^-1
	  4  5 :       0.2436  bohr^-1
	  5  1 :       0.2758  bohr^-1
	  5  2 :       0.2436  bohr^-1
	  5  3 :       0.2436  bohr^-1
	  5  4 :       0.2436  bohr^-1
	  5  5 :       0.3512  bohr^-1


	*Molecular contr. to CDS energy:       0.0000  kcal/mol
	*Total CDS energy:       2.7543  kcal/mol
	*MP2::Polarization Free Energy (au)      : -0.0005333790 
	*MP2::Polarization Free Energy (kcal/mol):      -0.3347 
	*MP2::CDS Free Energy (au)      : 0.0043892872 
	*MP2::CDS Free Energy (kcal/mol):       2.7543 
	*MP2::Total Solvation Free Energy (au)      : 0.0038559082 
	*MP2::Total Solvation Free Energy (kcal/mol):       2.4196 
	GB-MP2 Total Energy (a.u.)         :   -40.35674017962265

	*Total GB-MP2 Energy: -40.36059608784004


 Cpu time for MacroQC :       0.3665 minutes
 Wall time for MacroQC:       0.0955 minutes


 ******************************************************************************************
	 MacroQC terminates normally:) 
 ****************************************************************************************** 

