
    ================================================================================
                         PARAMFIT: GB SOLVATION PARAMETER FITTING
    ================================================================================
      Authors          : Ugur Bozkaya and Betul Ermis
      Model            : Generalized Born / pairwise descreening
      CDS contribution : fixed from previously computed output data
      Revision         : April 2026
    ================================================================================

    =========================================================================================
                                      INPUT DATA SUMMARY
    =========================================================================================
    Reference file              : ref_cho.txt
    Calculation output files    : [index]_[name].out
    Number of data points       : 115
    Quantum chemistry method    : SCF
    Atomic charge model         : IAO_MULLIKEN
    Reference energy unit       : kcal/mol
    CDS free energy treatment   : read from output files and kept fixed

    Reference file format:
       [data index] [solvation free energy in kcal/mol]

    Output file requirements:
       - files must follow [index]_[name].out
       - indices must match reference-data ordering
       - coordinates, charges, and CDS energies must be present
    =========================================================================================


  ============================================================
                    PARAMETER OPTIMIZATION
  ============================================================

  Number of data points        :      115
  Solvent dielectric constant  :    78.355300
  QC method                    : SCF
  Charge type                  : IAO_MULLIKEN
  CDS treatment                : fixed from output files
  Parameter mode               : explicit
  Objective                    : MAE-MAX
  Optimize Sij                 : True
  Optimize d0                  : False
  Optimize dCH                 : False
  Use dNH                     : False
  Optimize dNH                : False
  Use CHO pair d              : True
  Optimize CHO pair d         : True
  Fit atoms                    : H, C, O
  Optimized Sij pairs          :
    S_H_H
    S_H_C
    S_H_O
    S_C_H
    S_C_C
    S_C_O
    S_O_H
    S_O_C
    S_O_O

  Initial Parameters
  ------------------
    rho_H  =     1.20000000 ang
    rho_C  =     1.85000000 ang
    rho_O  =     1.52000000 ang
    S_H _H  =     0.84000000
    S_H _C  =     1.00000000
    S_H _O  =     0.50000000
    S_C _H  =     0.76000000
    S_C _C  =     0.67000000
    S_C _O  =     0.67000000
    S_O _H  =     0.50000000
    S_O _C  =     1.00000000
    S_O _O  =     1.00000000
    dHH =     4.00000000
    dCC =     4.00000000
    dOO =     4.00000000
    dCH =     4.00000000
    dCO =     4.00000000
    dOH =     4.00000000


    =========================================================================================
                           INITIAL SOLVATION FREE ENERGY RESULTS
    =========================================================================================

    ----------------------------------------------------------------------------------------------------
    Index     Data         Ref. dGsolv         Pol. Energy       CDS        Calc. dGsolv       Error
               No          (kcal/mol)          (kcal/mol)    (kcal/mol)      (kcal/mol)      (kcal/mol)
    ----------------------------------------------------------------------------------------------------
    [  1]     105            -10.48               -9.90          4.86           -5.04            5.44
    [  2]      83             -9.51               -9.46          4.83           -4.63            4.88
    [  3]     104             -6.14               -5.00          3.69           -1.30            4.84
    [  4]      98             -6.62               -5.10          3.22           -1.88            4.74
    [  5]      93             -5.87               -5.05          3.64           -1.41            4.46
    [  6]      82             -5.49               -4.95          3.74           -1.21            4.28
    [  7]      64             -6.21               -6.87          4.81           -2.06            4.15
    [  8]      96             -6.16               -6.74          4.55           -2.19            3.97
    [  9]      39             -4.23               -4.32          3.92           -0.40            3.83
    [ 10]      11             -4.09               -4.31          4.00           -0.31            3.78
    [ 11]      43             -6.36               -6.86          4.27           -2.58            3.78
    [ 12]       7             -4.24               -4.45          3.71           -0.74            3.50
    [ 13]       8             -4.36               -4.59          3.43           -1.16            3.20
    [ 14]     100             -6.47               -7.27          3.99           -3.28            3.19
    [ 15]      37             -5.08               -5.15          3.24           -1.90            3.18
    [ 16]      16              2.85                1.57          4.32            5.90            3.05
    [ 17]      34             -6.70               -7.53          3.86           -3.67            3.03
    [ 18]      10              0.29               -1.25          4.54            3.28            2.99
    [ 19]     111             -4.51               -4.76          3.22           -1.55            2.96
    [ 20]      12             -4.47               -4.73          3.15           -1.58            2.89
    [ 21]      14              0.01               -1.41          4.28            2.86            2.85
    [ 22]      49             -5.49               -4.98          2.34           -2.64            2.85
    [ 23]      46              1.58                1.26          3.13            4.39            2.81
    [ 24]      61             -5.32               -5.87          3.31           -2.56            2.76
    [ 25]       4             -4.72               -4.90          2.88           -2.02            2.70
    [ 26]      67             -4.76               -4.78          2.71           -2.07            2.69
    [ 27]      84             -0.84               -2.03          3.63            1.60            2.44
    [ 28]       6             -0.16               -1.77          3.99            2.22            2.38
    [ 29]      15             -4.83               -5.05          2.60           -2.45            2.38
    [ 30]      63             -0.01               -1.90          4.26            2.36            2.37
    [ 31]     106             -0.81               -2.06          3.60            1.54            2.35
    [ 32]      94             -0.90               -2.13          3.50            1.38            2.28
    [ 33]      44              0.04               -2.23          4.53            2.30            2.26
    [ 34]      85             -2.39               -3.49          3.30           -0.19            2.20
    [ 35]      59             -0.80               -2.05          3.41            1.37            2.17
    [ 36]      18              2.88                1.12          3.92            5.04            2.16
    [ 37]     107              0.61               -1.20          3.93            2.73            2.12
    [ 38]       9              1.68               -0.17          3.96            3.79            2.11
    [ 39]     103             -0.31               -1.95          3.74            1.79            2.10
    [ 40]      56             -5.01               -5.43          2.38           -3.05            1.96
    [ 41]      32             -2.67               -5.75          4.98           -0.77            1.90
    [ 42]      50             -4.68               -5.81          2.99           -2.82            1.86
    [ 43]      89              2.89                0.84          3.91            4.75            1.86
    [ 44]      66             -8.58               -8.16          1.35           -6.82            1.76
    [ 45]      26             -2.88               -5.98          4.82           -1.16            1.72
    [ 46]      70              1.71                0.76          2.66            3.42            1.71
    [ 47]     110             -0.89               -2.30          3.12            0.82            1.71
    [ 48]      25              1.16               -0.69          3.53            2.84            1.68
    [ 49]     113            -11.68              -12.41          2.39          -10.01            1.67
    [ 50]      87              2.62                0.67          3.62            4.28            1.66
    [ 51]      23              2.52                0.63          3.53            4.17            1.65
    [ 52]      13              1.66               -0.35          3.65            3.30            1.64
    [ 53]      36             -4.58               -7.20          4.25           -2.95            1.63
    [ 54]      17              2.50                0.71          3.37            4.08            1.58
    [ 55]      31             -2.93               -5.80          4.43           -1.37            1.56
    [ 56]      20             -3.04               -6.09          4.55           -1.53            1.51
    [ 57]      28              1.34               -0.58          3.37            2.80            1.46
    [ 58]      79             -5.28               -7.21          3.37           -3.84            1.44
    [ 59]       5              1.38               -0.60          3.38            2.78            1.40
    [ 60]       3             -5.05               -8.84          2.48           -6.36           -1.31
    [ 61]      88              2.49                0.44          3.35            3.79            1.30
    [ 62]      92             -2.29               -5.93          4.92           -1.01            1.28
    [ 63]      47              1.23                0.42          2.08            2.50            1.27
    [ 64]      69             -5.11               -6.39          2.51           -3.88            1.23
    [ 65]      29             -2.89               -6.28          4.51           -1.77            1.12
    [ 66]      57              1.27               -0.82          3.20            2.38            1.11
    [ 67]      95             -3.03               -6.08          4.16           -1.93            1.10
    [ 68]      40             -4.02               -7.16          4.23           -2.93            1.09
    [ 69]      54             -1.92               -6.30          3.29           -3.01           -1.09
    [ 70]      42             -3.18               -5.98          3.86           -2.12            1.06
    [ 71]     101              1.27               -0.82          3.13            2.31            1.04
    [ 72]      27             -3.53               -6.46          3.95           -2.51            1.02
    [ 73]      21             -3.29               -6.50          4.23           -2.27            1.02
    [ 74]      90              2.33                0.24          3.06            3.30            0.97
    [ 75]      41             -0.87               -2.54          2.64            0.10            0.97
    [ 76]      22             -6.77               -9.19          3.39           -5.80            0.97
    [ 77]      62             -2.22               -5.31          4.04           -1.27            0.95
    [ 78]      35             -3.85               -6.49          3.58           -2.91            0.94
    [ 79]      72             -3.91               -8.38          5.39           -3.00            0.91
    [ 80]      77             -2.04               -7.29          6.15           -1.14            0.90
    [ 81]       2             -9.30              -11.03          2.59           -8.44            0.86
    [ 82]      24              2.32                0.23          2.94            3.17            0.85
    [ 83]      97             -2.45               -6.85          5.25           -1.60            0.85
    [ 84]     112             -2.21               -5.37          3.98           -1.39            0.82
    [ 85]      48              1.20                0.01          1.99            2.01            0.81
    [ 86]      86              2.08                0.05          2.77            2.83            0.75
    [ 87]      51              0.56               -0.94          2.22            1.28            0.72
    [ 88]      99             -3.44               -6.33          3.58           -2.76            0.68
    [ 89]      33             -3.50               -6.31          3.49           -2.82            0.68
    [ 90]      38             -2.45               -5.84          4.04           -1.80            0.65
    [ 91]      53             -1.76               -5.68          3.29           -2.39           -0.63
    [ 92]       1             -4.48               -9.35          4.30           -5.06           -0.58
    [ 93]     114             -6.31               -7.18          1.45           -5.74            0.57
    [ 94]      45             -2.55               -6.99          4.97           -2.02            0.53
    [ 95]      68              2.00               -0.25          2.75            2.50            0.50
    [ 96]      30             -3.41               -6.77          3.85           -2.92            0.49
    [ 97]      80             -2.93               -8.03          4.61           -3.42           -0.49
    [ 98]      75             -2.49               -7.59          5.57           -2.02            0.47
    [ 99]     115             -0.53               -5.10          4.11           -0.99           -0.46
    [100]     102             -2.86               -7.10          4.70           -2.40            0.46
    [101]      74             -2.78               -8.12          4.90           -3.22           -0.44
    [102]      65              2.33               -0.00          1.93            1.93           -0.40
    [103]      91              1.96               -0.16          2.50            2.34            0.38
    [104]      52              0.75               -0.69          1.81            1.12            0.37
    [105]     108             -3.47               -6.01          2.19           -3.83           -0.36
    [106]      19             -3.64               -6.95          3.65           -3.30            0.34
    [107]      81             -1.66               -5.49          3.53           -1.96           -0.30
    [108]      71             -3.32               -8.12          4.62           -3.50           -0.18
    [109]     109             -3.12               -5.21          2.27           -2.94            0.18
    [110]      55              1.83               -0.37          2.34            1.97            0.14
    [111]      73             -2.83               -7.73          5.03           -2.71            0.12
    [112]      78             -2.57               -7.65          5.18           -2.48            0.09
    [113]      58             -3.10               -7.59          4.57           -3.01            0.09
    [114]      76             -2.01               -5.65          3.65           -2.00            0.01
    [115]      60             -2.65               -7.49          4.83           -2.66           -0.01
    -----------------------------------------------------------------------------------------
    RMS Error =            2.093 kcal/mol
    MAE Error =            1.690 kcal/mol
    MAX Error =            5.439 kcal/mol
    =========================================================================================


    Initial        Tolerance  Value (kcal/mol)  
    ----------------------------------------------------------------------------------
    MAE Residual:         0.500            1.690    
    RMS Residual:         0.800            2.093    
    MAX Residual:         2.500            5.439    

  Starting Global Optimization
  ----------------------------
  Algorithm       : scipy.optimize.differential_evolution
  Scalar objective: MAE-MAX
  Max generations : 80
  Population size : 15 x n_parameters
  Random seed     : 1
  Final polish    : True

    DE generation 1      best MAE-MAX =     3.25494440 kcal/mol   convergence = 7.308152e-03
    DE generation 2      best MAE-MAX =     1.78764563 kcal/mol   convergence = 3.601487e-03
    DE generation 3      best MAE-MAX =     1.78764563 kcal/mol   convergence = 2.509823e-03
    DE generation 4      best MAE-MAX =     1.78764563 kcal/mol   convergence = 1.856953e-03
    DE generation 5      best MAE-MAX =     1.78764563 kcal/mol   convergence = 1.226279e-03
    DE generation 6      best MAE-MAX =     1.74389210 kcal/mol   convergence = 6.097108e-04
    DE generation 7      best MAE-MAX =     1.74389210 kcal/mol   convergence = 5.347298e-03
    DE generation 8      best MAE-MAX =     1.49483865 kcal/mol   convergence = 4.872339e-03
    DE generation 9      best MAE-MAX =     1.49483865 kcal/mol   convergence = 6.589422e-03
    DE generation 10     best MAE-MAX =     1.49483865 kcal/mol   convergence = 1.105859e-02
    DE generation 11     best MAE-MAX =     1.22695840 kcal/mol   convergence = 1.116466e-02
    DE generation 12     best MAE-MAX =     1.09856623 kcal/mol   convergence = 1.126974e-02
    DE generation 13     best MAE-MAX =     1.09856623 kcal/mol   convergence = 1.029855e-02
    DE generation 14     best MAE-MAX =     1.09856623 kcal/mol   convergence = 1.100503e-02
    DE generation 15     best MAE-MAX =     0.98045848 kcal/mol   convergence = 1.103050e-02
    DE generation 16     best MAE-MAX =     0.98045848 kcal/mol   convergence = 1.067352e-02
    DE generation 17     best MAE-MAX =     0.98045848 kcal/mol   convergence = 1.069262e-02
    DE generation 18     best MAE-MAX =     0.85760660 kcal/mol   convergence = 1.013502e-02
    DE generation 19     best MAE-MAX =     0.85760660 kcal/mol   convergence = 1.275198e-02
    DE generation 20     best MAE-MAX =     0.85760660 kcal/mol   convergence = 1.556362e-02
    DE generation 21     best MAE-MAX =     0.85760660 kcal/mol   convergence = 1.577209e-02
    DE generation 22     best MAE-MAX =     0.85760660 kcal/mol   convergence = 1.723390e-02
    DE generation 23     best MAE-MAX =     0.85760660 kcal/mol   convergence = 1.747687e-02
    DE generation 24     best MAE-MAX =     0.85760660 kcal/mol   convergence = 1.710739e-02
    DE generation 25     best MAE-MAX =     0.85760660 kcal/mol   convergence = 1.764873e-02
    DE generation 26     best MAE-MAX =     0.85760660 kcal/mol   convergence = 1.768450e-02
    DE generation 27     best MAE-MAX =     0.85760660 kcal/mol   convergence = 1.984496e-02
    DE generation 28     best MAE-MAX =     0.79205705 kcal/mol   convergence = 1.904295e-02
    DE generation 29     best MAE-MAX =     0.79205705 kcal/mol   convergence = 1.994548e-02
    DE generation 30     best MAE-MAX =     0.79205705 kcal/mol   convergence = 2.142235e-02
    DE generation 31     best MAE-MAX =     0.79205705 kcal/mol   convergence = 2.092371e-02
    DE generation 32     best MAE-MAX =     0.79205705 kcal/mol   convergence = 2.197430e-02
    DE generation 33     best MAE-MAX =     0.77316145 kcal/mol   convergence = 2.180962e-02
    DE generation 34     best MAE-MAX =     0.77316145 kcal/mol   convergence = 2.298372e-02
    DE generation 35     best MAE-MAX =     0.77092659 kcal/mol   convergence = 2.363806e-02
    DE generation 36     best MAE-MAX =     0.77092659 kcal/mol   convergence = 2.579640e-02
    DE generation 37     best MAE-MAX =     0.77092659 kcal/mol   convergence = 2.731157e-02
    DE generation 38     best MAE-MAX =     0.77092659 kcal/mol   convergence = 2.801595e-02
    DE generation 39     best MAE-MAX =     0.77092659 kcal/mol   convergence = 3.008675e-02
    DE generation 40     best MAE-MAX =     0.77092659 kcal/mol   convergence = 3.102787e-02
    DE generation 41     best MAE-MAX =     0.77010539 kcal/mol   convergence = 3.187161e-02
    DE generation 42     best MAE-MAX =     0.77010539 kcal/mol   convergence = 3.421948e-02
    DE generation 43     best MAE-MAX =     0.77010539 kcal/mol   convergence = 3.436634e-02
    DE generation 44     best MAE-MAX =     0.74107017 kcal/mol   convergence = 3.616927e-02
    DE generation 45     best MAE-MAX =     0.74107017 kcal/mol   convergence = 3.635636e-02
    DE generation 46     best MAE-MAX =     0.74107017 kcal/mol   convergence = 3.675514e-02
    DE generation 47     best MAE-MAX =     0.74107017 kcal/mol   convergence = 3.678309e-02
    DE generation 48     best MAE-MAX =     0.74107017 kcal/mol   convergence = 3.785268e-02
    DE generation 49     best MAE-MAX =     0.74107017 kcal/mol   convergence = 3.764193e-02
    DE generation 50     best MAE-MAX =     0.74107017 kcal/mol   convergence = 3.792445e-02
    DE generation 51     best MAE-MAX =     0.74107017 kcal/mol   convergence = 3.808919e-02
    DE generation 52     best MAE-MAX =     0.74107017 kcal/mol   convergence = 3.905336e-02
    DE generation 53     best MAE-MAX =     0.74107017 kcal/mol   convergence = 4.149552e-02
    DE generation 54     best MAE-MAX =     0.74107017 kcal/mol   convergence = 4.497313e-02
    DE generation 55     best MAE-MAX =     0.72442697 kcal/mol   convergence = 4.473461e-02
    DE generation 56     best MAE-MAX =     0.72442697 kcal/mol   convergence = 4.472655e-02
    DE generation 57     best MAE-MAX =     0.72442697 kcal/mol   convergence = 4.546117e-02
    DE generation 58     best MAE-MAX =     0.72442697 kcal/mol   convergence = 4.782291e-02
    DE generation 59     best MAE-MAX =     0.72442697 kcal/mol   convergence = 4.869545e-02
    DE generation 60     best MAE-MAX =     0.72442697 kcal/mol   convergence = 4.946159e-02
    DE generation 61     best MAE-MAX =     0.72442697 kcal/mol   convergence = 5.093496e-02
    DE generation 62     best MAE-MAX =     0.72442697 kcal/mol   convergence = 5.269976e-02
    DE generation 63     best MAE-MAX =     0.72442697 kcal/mol   convergence = 5.980065e-02
    DE generation 64     best MAE-MAX =     0.72442697 kcal/mol   convergence = 6.108539e-02
    DE generation 65     best MAE-MAX =     0.72442697 kcal/mol   convergence = 6.374680e-02
    DE generation 66     best MAE-MAX =     0.72442697 kcal/mol   convergence = 6.373784e-02
    DE generation 67     best MAE-MAX =     0.72442697 kcal/mol   convergence = 6.387256e-02
    DE generation 68     best MAE-MAX =     0.72442697 kcal/mol   convergence = 6.356687e-02
    DE generation 69     best MAE-MAX =     0.72442697 kcal/mol   convergence = 6.446618e-02
    DE generation 70     best MAE-MAX =     0.72442697 kcal/mol   convergence = 6.408308e-02
    DE generation 71     best MAE-MAX =     0.70638292 kcal/mol   convergence = 6.354339e-02
    DE generation 72     best MAE-MAX =     0.70638292 kcal/mol   convergence = 6.559418e-02
    DE generation 73     best MAE-MAX =     0.70638292 kcal/mol   convergence = 7.463517e-02
    DE generation 74     best MAE-MAX =     0.70638292 kcal/mol   convergence = 7.698121e-02
    DE generation 75     best MAE-MAX =     0.70638292 kcal/mol   convergence = 8.004941e-02
    DE generation 76     best MAE-MAX =     0.70638292 kcal/mol   convergence = 7.956262e-02
    DE generation 77     best MAE-MAX =     0.70638292 kcal/mol   convergence = 7.854771e-02
    DE generation 78     best MAE-MAX =     0.70638292 kcal/mol   convergence = 7.815115e-02
    DE generation 79     best MAE-MAX =     0.70638292 kcal/mol   convergence = 7.887022e-02
    DE generation 80     best MAE-MAX =     0.70638292 kcal/mol   convergence = 8.099612e-02

  Differential Evolution Finished
  Best MAE-MAX =     0.61914551 kcal/mol


  Final Parameters
  ----------------
    rho_H  =     0.94986056 ang
    rho_C  =     1.66698877 ang
    rho_O  =     1.49409553 ang
    S_H _H  =     1.00000000
    S_H _C  =     0.89555576
    S_H _O  =     0.88849569
    S_C _H  =     0.67472740
    S_C _C  =     0.77171523
    S_C _O  =     0.80224045
    S_O _H  =     0.50000000
    S_O _C  =     0.93469933
    S_O _O  =     1.00000000
    dHH =     4.03735678
    dCC =     4.01722066
    dOO =     4.75419635
    dCH =     5.00000000
    dCO =     3.00000000
    dOH =     5.00000000

  Final Statistics
  ----------------
    RMSE =     0.81944647 kcal/mol
    MAE  =     0.61909994 kcal/mol
    MAX  =     2.50675062 kcal/mol
    Target MAE =     0.5000 kcal/mol : FAIL
    Target RMS =     0.8000 kcal/mol : FAIL
    Target MAX =     2.5000 kcal/mol : FAIL
    Positive polarization energies = 0

  Bound Check
  -----------
    S_H _H  is at upper bound: 1.00000000
    S_O _H  is at lower bound: 0.50000000
    S_O _O  is at upper bound: 1.00000000
    dCH is at upper bound: 5.00000000
    dCO is at lower bound: 3.00000000
    dOH is at upper bound: 5.00000000

  Final Full Data Set Sorted by Absolute Error
  --------------------------------------------
    Rank   Index             Ref            PolE             CDS            Calc             Err
       1      66       -8.580000      -12.432651        1.345900      -11.086751       -2.506751
       2     113      -11.680000      -16.480631        2.394200      -14.086431       -2.406431
       3      61       -5.320000       -6.758835        3.312500       -3.446335        1.873665
       4     114       -6.310000       -9.628469        1.445800       -8.182669       -1.872669
       5     111       -4.510000       -6.194459        3.215300       -2.979159        1.530841
       6      40       -4.020000       -9.751665        4.230900       -5.520765       -1.500765
       7      96       -6.160000       -9.234728        4.545600       -4.689128        1.470872
       8     105      -10.480000      -13.889493        4.857400       -9.032093        1.447907
       9      64       -6.210000       -9.597681        4.814400       -4.783281        1.426719
      10      11       -4.090000       -6.670694        3.996900       -2.673794        1.416206
      11      43       -6.360000       -9.237569        4.272700       -4.964869        1.395131
      12      67       -4.760000       -6.084009        2.706700       -3.377309        1.382691
      13      41       -0.870000       -4.863689        2.640700       -2.222989       -1.352989
      14     104       -6.140000       -8.501154        3.692000       -4.809154        1.330846
      15      38       -2.450000       -7.802413        4.035000       -3.767413       -1.317413
      16      37       -5.080000       -7.027725        3.242900       -3.784825        1.295175
      17      49       -5.490000       -6.555325        2.338200       -4.217125        1.272875
      18      54       -1.920000       -6.475239        3.286000       -3.189239       -1.269239
      19       7       -4.240000       -6.697422        3.711300       -2.986122        1.253878
      20      46        1.580000       -0.351188        3.127900        2.776712        1.196712
      21      98       -6.620000       -8.646649        3.222500       -5.424149        1.195851
      22       8       -4.360000       -6.640894        3.428800       -3.212094        1.147906
      23     100       -6.470000       -9.414699        3.990400       -5.424299        1.045701
      24      93       -5.870000       -8.487971        3.636900       -4.851071        1.018929
      25      12       -4.470000       -6.628429        3.152500       -3.475929        0.994071
      26      34       -6.700000       -9.577678        3.857000       -5.720678        0.979322
      27      83       -9.510000      -13.363707        4.831600       -8.532107        0.977893
      28       4       -4.720000       -6.629651        2.875800       -3.753851        0.966149
      29      36       -4.580000       -9.797578        4.251500       -5.546078       -0.966078
      30      74       -2.780000       -8.610390        4.899400       -3.710990       -0.930990
      31      62       -2.220000       -7.154818        4.039100       -3.115718       -0.895718
      32      51        0.560000       -2.533820        2.217600       -0.316220       -0.876220
      33      15       -4.830000       -6.571343        2.596400       -3.974943        0.855057
      34      52        0.750000       -1.907173        1.807700       -0.099473       -0.849473
      35      85       -2.390000       -6.531744        3.296200       -3.235544       -0.845544
      36      14        0.010000       -3.454360        4.278000        0.823640        0.813640
      37      55        1.830000       -1.308934        2.339600        1.030666       -0.799334
      38      10        0.290000       -3.446648        4.535900        1.089252        0.799252
      39      91        1.960000       -1.332889        2.497200        1.164311       -0.795689
      40      82       -5.490000       -8.436570        3.736900       -4.699670        0.790330
      41      19       -3.640000       -8.068061        3.648000       -4.420061       -0.780061
      42      16        2.850000       -0.716028        4.323600        3.607572        0.757572
      43     112       -2.210000       -5.471912        3.981100       -1.490812        0.719188
      44      92       -2.290000       -7.923129        4.920000       -3.003129       -0.713129
      45      53       -1.760000       -5.764355        3.294800       -2.469555       -0.709555
      46      30       -3.410000       -7.972443        3.854200       -4.118243       -0.708243
      47      56       -5.010000       -6.709632        2.375500       -4.334132        0.675868
      48      50       -4.680000       -7.032470        2.985700       -4.046770        0.633230
      49      60       -2.650000       -8.106819        4.830200       -3.276619       -0.626619
      50      81       -1.660000       -5.785722        3.525600       -2.260122       -0.600122
      51     108       -3.470000       -6.246397        2.185600       -4.060797       -0.590797
      52       2       -9.300000      -12.479609        2.590800       -9.888809       -0.588809
      53     110       -0.890000       -4.578256        3.116300       -1.461956       -0.571956
      54      86        2.080000       -1.264181        2.774600        1.510419       -0.569581
      55      24        2.320000       -1.171800        2.944100        1.772300       -0.547700
      56      63       -0.010000       -3.736090        4.261200        0.525110        0.535110
      57      48        1.200000       -1.320916        1.993800        0.672884       -0.527116
      58      99       -3.440000       -7.542755        3.576700       -3.966055       -0.526055
      59       3       -5.050000       -8.046827        2.477500       -5.569327       -0.519327
      60      90        2.330000       -1.239558        3.062800        1.823242       -0.506758
      61      95       -3.030000       -7.663571        4.155300       -3.508271       -0.478271
      62       6       -0.160000       -3.709530        3.993400        0.283870        0.443870
      63     107        0.610000       -2.879801        3.931400        1.051599        0.441599
      64      80       -2.930000       -7.974834        4.612300       -3.362534       -0.432534
      65      79       -5.280000       -8.238506        3.367700       -4.870806        0.409194
      66      65        2.330000       -0.000000        1.925100        1.925100       -0.404900
      67      22       -6.770000       -9.766838        3.387600       -6.379238        0.390762
      68      21       -3.290000       -7.897579        4.230000       -3.667579       -0.377579
      69      70        1.710000       -0.588367        2.658100        2.069733        0.359733
      70     103       -0.310000       -3.697391        3.740200        0.042809        0.352809
      71       9        1.680000       -1.958540        3.957900        1.999360        0.319360
      72      88        2.490000       -1.173708        3.347700        2.173992       -0.316008
      73      42       -3.180000       -7.349282        3.861500       -3.487782       -0.307782
      74      72       -3.910000       -9.599694        5.385300       -4.214394       -0.304394
      75     101        1.270000       -2.159233        3.134100        0.974867       -0.295133
      76      33       -3.500000       -7.247801        3.493900       -3.753901       -0.253901
      77      18        2.880000       -0.820345        3.919600        3.099255        0.219255
      78      59       -0.800000       -4.432619        3.414800       -1.017819       -0.217819
      79      27       -3.530000       -7.694959        3.948600       -3.746359       -0.216359
      80      17        2.500000       -1.079903        3.373000        2.293097       -0.206903
      81      84       -0.840000       -4.268082        3.631200       -0.636882        0.203118
      82      78       -2.570000       -7.943054        5.177300       -2.765754       -0.195754
      83      25        1.160000       -2.186453        3.532900        1.346447        0.186447
      84       1       -4.480000       -8.594211        4.298300       -4.295911        0.184089
      85      71       -3.320000       -8.119080        4.615000       -3.504080       -0.184080
      86     115       -0.530000       -4.822961        4.110400       -0.712561       -0.182561
      87      77       -2.040000       -8.024136        6.149700       -1.874436        0.165564
      88      28        1.340000       -2.196958        3.374200        1.177242       -0.162758
      89      44        0.040000       -4.331829        4.533300        0.201471        0.161471
      90      29       -2.890000       -7.255199        4.513500       -2.741699        0.148301
      91      97       -2.450000       -7.568708        5.250800       -2.317908        0.132092
      92      20       -3.040000       -7.716716        4.551200       -3.165516       -0.125516
      93     102       -2.860000       -7.461314        4.704000       -2.757314        0.102686
      94      47        1.230000       -0.948668        2.078700        1.130032       -0.099968
      95     106       -0.810000       -4.315474        3.605000       -0.710474        0.099526
      96      76       -2.010000       -5.757135        3.654100       -2.103035       -0.093035
      97      89        2.890000       -1.095256        3.905600        2.810344       -0.079656
      98       5        1.380000       -2.073488        3.376700        1.303212       -0.076788
      99      68        2.000000       -0.830387        2.754300        1.923913       -0.076087
     100      35       -3.850000       -7.498715        3.582000       -3.916715       -0.066715
     101      26       -2.880000       -7.749071        4.820100       -2.928971       -0.048971
     102      23        2.520000       -1.048152        3.532000        2.483848       -0.036152
     103      13        1.660000       -1.951827        3.645200        1.693373        0.033373
     104      58       -3.100000       -7.703525        4.573200       -3.130325       -0.030325
     105      69       -5.110000       -7.594311        2.507500       -5.086811        0.023189
     106      75       -2.490000       -8.048152        5.574600       -2.473552        0.016448
     107      94       -0.900000       -4.420519        3.504500       -0.916019       -0.016019
     108      45       -2.550000       -7.532969        4.970100       -2.562869       -0.012869
     109      32       -2.670000       -7.637507        4.978800       -2.658707        0.011293
     110      57        1.270000       -1.934526        3.195900        1.261374       -0.008626
     111      73       -2.830000       -7.847967        5.026300       -2.821667        0.008333
     112      31       -2.930000       -7.354164        4.430900       -2.923264        0.006736
     113     109       -3.120000       -5.387368        2.267400       -3.119968        0.000032
     114      87        2.620000       -0.998429        3.618400        2.619971       -0.000029
     115      39       -4.230000       -8.153300        3.923300       -4.230000        0.000000

  Optimization Finished
  ---------------------
  Success : False
  Message : Maximum number of iterations has been exceeded.
  Nfev    : 28254
  Parameter file : paramfit_cho_explicit_s_pair_d_maemax.params.toml
